[1.256s] DEBUG:colcon:Command line arguments: ['/usr/bin/colcon', 'build', '--packages-select', 'media']
[1.256s] DEBUG:colcon:Parsed command line arguments: Namespace(allow_overriding=[], ament_cmake_args=None, base_paths=['.'], build_base='build', catkin_cmake_args=None, catkin_skip_building_tests=False, cmake_args=None, cmake_clean_cache=False, cmake_clean_first=False, cmake_force_configure=False, cmake_target=None, cmake_target_skip_unavailable=False, continue_on_error=False, event_handlers=None, executor='parallel', ignore_user_meta=False, install_base='install', log_base=None, log_level=None, main=<bound method BuildVerb.main of <colcon_core.verb.build.BuildVerb object at 0x7f8b93f6ce50>>, merge_install=False, metas=['./colcon.meta'], packages_above=None, packages_above_and_dependencies=None, packages_above_depth=None, packages_end=None, packages_ignore=None, packages_ignore_regex=None, packages_select=['media'], packages_select_build_failed=False, packages_select_by_dep=None, packages_select_regex=None, packages_select_test_failures=False, packages_skip=None, packages_skip_build_finished=False, packages_skip_by_dep=None, packages_skip_regex=None, packages_skip_test_passed=False, packages_skip_up_to=None, packages_start=None, packages_up_to=None, packages_up_to_regex=None, parallel_workers=16, paths=None, symlink_install=False, test_result_base=None, verb_extension=<colcon_core.verb.build.BuildVerb object at 0x7f8b93f6ce50>, verb_name='build', verb_parser=<colcon_defaults.argument_parser.defaults.DefaultArgumentsDecorator object at 0x7f8b93ecbe20>)
[1.313s] Level 1:colcon.colcon_core.package_discovery:discover_packages(colcon_meta) check parameters
[1.313s] Level 1:colcon.colcon_core.package_discovery:discover_packages(recursive) check parameters
[1.313s] Level 1:colcon.colcon_core.package_discovery:discover_packages(ignore) check parameters
[1.313s] Level 1:colcon.colcon_core.package_discovery:discover_packages(path) check parameters
[1.313s] Level 1:colcon.colcon_core.package_discovery:discover_packages(colcon_meta) discover
[1.313s] Level 1:colcon.colcon_core.package_discovery:discover_packages(recursive) discover
[1.313s] INFO:colcon.colcon_core.package_discovery:Crawling recursively for packages in '/home/weiwei/Desktop/project/ObsAvoidance'
[1.313s] Level 1:colcon.colcon_core.package_identification:_identify(.) by extensions ['ignore', 'ignore_ament_install']
[1.313s] Level 1:colcon.colcon_core.package_identification:_identify(.) by extension 'ignore'
[1.314s] Level 1:colcon.colcon_core.package_identification:_identify(.) by extension 'ignore_ament_install'
[1.314s] Level 1:colcon.colcon_core.package_identification:_identify(.) by extensions ['colcon_pkg']
[1.314s] Level 1:colcon.colcon_core.package_identification:_identify(.) by extension 'colcon_pkg'
[1.314s] Level 1:colcon.colcon_core.package_identification:_identify(.) by extensions ['colcon_meta']
[1.314s] Level 1:colcon.colcon_core.package_identification:_identify(.) by extension 'colcon_meta'
[1.314s] Level 1:colcon.colcon_core.package_identification:_identify(.) by extensions ['ros']
[1.314s] Level 1:colcon.colcon_core.package_identification:_identify(.) by extension 'ros'
[1.328s] Level 1:colcon.colcon_core.package_identification:_identify(.) by extensions ['cmake', 'python']
[1.328s] Level 1:colcon.colcon_core.package_identification:_identify(.) by extension 'cmake'
[1.328s] Level 1:colcon.colcon_core.package_identification:_identify(.) by extension 'python'
[1.328s] Level 1:colcon.colcon_core.package_identification:_identify(.) by extensions ['python_setup_py']
[1.328s] Level 1:colcon.colcon_core.package_identification:_identify(.) by extension 'python_setup_py'
[1.328s] Level 1:colcon.colcon_core.package_identification:_identify(build) by extensions ['ignore', 'ignore_ament_install']
[1.328s] Level 1:colcon.colcon_core.package_identification:_identify(build) by extension 'ignore'
[1.328s] Level 1:colcon.colcon_core.package_identification:_identify(build) ignored
[1.328s] Level 1:colcon.colcon_core.package_identification:_identify(install) by extensions ['ignore', 'ignore_ament_install']
[1.328s] Level 1:colcon.colcon_core.package_identification:_identify(install) by extension 'ignore'
[1.328s] Level 1:colcon.colcon_core.package_identification:_identify(install) ignored
[1.328s] Level 1:colcon.colcon_core.package_identification:_identify(log) by extensions ['ignore', 'ignore_ament_install']
[1.328s] Level 1:colcon.colcon_core.package_identification:_identify(log) by extension 'ignore'
[1.328s] Level 1:colcon.colcon_core.package_identification:_identify(log) ignored
[1.328s] Level 1:colcon.colcon_core.package_identification:_identify(src) by extensions ['ignore', 'ignore_ament_install']
[1.329s] Level 1:colcon.colcon_core.package_identification:_identify(src) by extension 'ignore'
[1.329s] Level 1:colcon.colcon_core.package_identification:_identify(src) by extension 'ignore_ament_install'
[1.329s] Level 1:colcon.colcon_core.package_identification:_identify(src) by extensions ['colcon_pkg']
[1.329s] Level 1:colcon.colcon_core.package_identification:_identify(src) by extension 'colcon_pkg'
[1.329s] Level 1:colcon.colcon_core.package_identification:_identify(src) by extensions ['colcon_meta']
[1.329s] Level 1:colcon.colcon_core.package_identification:_identify(src) by extension 'colcon_meta'
[1.329s] Level 1:colcon.colcon_core.package_identification:_identify(src) by extensions ['ros']
[1.329s] Level 1:colcon.colcon_core.package_identification:_identify(src) by extension 'ros'
[1.329s] Level 1:colcon.colcon_core.package_identification:_identify(src) by extensions ['cmake', 'python']
[1.329s] Level 1:colcon.colcon_core.package_identification:_identify(src) by extension 'cmake'
[1.329s] Level 1:colcon.colcon_core.package_identification:_identify(src) by extension 'python'
[1.329s] Level 1:colcon.colcon_core.package_identification:_identify(src) by extensions ['python_setup_py']
[1.329s] Level 1:colcon.colcon_core.package_identification:_identify(src) by extension 'python_setup_py'
[1.329s] Level 1:colcon.colcon_core.package_identification:_identify(src/interface) by extensions ['ignore', 'ignore_ament_install']
[1.329s] Level 1:colcon.colcon_core.package_identification:_identify(src/interface) by extension 'ignore'
[1.329s] Level 1:colcon.colcon_core.package_identification:_identify(src/interface) by extension 'ignore_ament_install'
[1.329s] Level 1:colcon.colcon_core.package_identification:_identify(src/interface) by extensions ['colcon_pkg']
[1.329s] Level 1:colcon.colcon_core.package_identification:_identify(src/interface) by extension 'colcon_pkg'
[1.329s] Level 1:colcon.colcon_core.package_identification:_identify(src/interface) by extensions ['colcon_meta']
[1.329s] Level 1:colcon.colcon_core.package_identification:_identify(src/interface) by extension 'colcon_meta'
[1.329s] Level 1:colcon.colcon_core.package_identification:_identify(src/interface) by extensions ['ros']
[1.329s] Level 1:colcon.colcon_core.package_identification:_identify(src/interface) by extension 'ros'
[1.331s] DEBUG:colcon.colcon_core.package_identification:Package 'src/interface' with type 'ros.ament_cmake' and name 'interface'
[1.331s] Level 1:colcon.colcon_core.package_identification:_identify(src/media) by extensions ['ignore', 'ignore_ament_install']
[1.331s] Level 1:colcon.colcon_core.package_identification:_identify(src/media) by extension 'ignore'
[1.331s] Level 1:colcon.colcon_core.package_identification:_identify(src/media) by extension 'ignore_ament_install'
[1.331s] Level 1:colcon.colcon_core.package_identification:_identify(src/media) by extensions ['colcon_pkg']
[1.331s] Level 1:colcon.colcon_core.package_identification:_identify(src/media) by extension 'colcon_pkg'
[1.331s] Level 1:colcon.colcon_core.package_identification:_identify(src/media) by extensions ['colcon_meta']
[1.331s] Level 1:colcon.colcon_core.package_identification:_identify(src/media) by extension 'colcon_meta'
[1.331s] Level 1:colcon.colcon_core.package_identification:_identify(src/media) by extensions ['ros']
[1.331s] Level 1:colcon.colcon_core.package_identification:_identify(src/media) by extension 'ros'
[1.332s] DEBUG:colcon.colcon_core.package_identification:Package 'src/media' with type 'ros.ament_cmake' and name 'media'
[1.332s] Level 1:colcon.colcon_core.package_identification:_identify(src/model) by extensions ['ignore', 'ignore_ament_install']
[1.332s] Level 1:colcon.colcon_core.package_identification:_identify(src/model) by extension 'ignore'
[1.332s] Level 1:colcon.colcon_core.package_identification:_identify(src/model) by extension 'ignore_ament_install'
[1.332s] Level 1:colcon.colcon_core.package_identification:_identify(src/model) by extensions ['colcon_pkg']
[1.332s] Level 1:colcon.colcon_core.package_identification:_identify(src/model) by extension 'colcon_pkg'
[1.332s] Level 1:colcon.colcon_core.package_identification:_identify(src/model) by extensions ['colcon_meta']
[1.332s] Level 1:colcon.colcon_core.package_identification:_identify(src/model) by extension 'colcon_meta'
[1.332s] Level 1:colcon.colcon_core.package_identification:_identify(src/model) by extensions ['ros']
[1.332s] Level 1:colcon.colcon_core.package_identification:_identify(src/model) by extension 'ros'
[1.332s] DEBUG:colcon.colcon_core.package_identification:Package 'src/model' with type 'ros.ament_cmake' and name 'model'
[1.332s] Level 1:colcon.colcon_core.package_identification:_identify(src/orbslam) by extensions ['ignore', 'ignore_ament_install']
[1.332s] Level 1:colcon.colcon_core.package_identification:_identify(src/orbslam) by extension 'ignore'
[1.332s] Level 1:colcon.colcon_core.package_identification:_identify(src/orbslam) by extension 'ignore_ament_install'
[1.333s] Level 1:colcon.colcon_core.package_identification:_identify(src/orbslam) by extensions ['colcon_pkg']
[1.333s] Level 1:colcon.colcon_core.package_identification:_identify(src/orbslam) by extension 'colcon_pkg'
[1.333s] Level 1:colcon.colcon_core.package_identification:_identify(src/orbslam) by extensions ['colcon_meta']
[1.333s] Level 1:colcon.colcon_core.package_identification:_identify(src/orbslam) by extension 'colcon_meta'
[1.333s] Level 1:colcon.colcon_core.package_identification:_identify(src/orbslam) by extensions ['ros']
[1.333s] Level 1:colcon.colcon_core.package_identification:_identify(src/orbslam) by extension 'ros'
[1.333s] DEBUG:colcon.colcon_core.package_identification:Package 'src/orbslam' with type 'ros.ament_cmake' and name 'orbslam'
[1.333s] Level 1:colcon.colcon_core.package_discovery:discover_packages(recursive) using defaults
[1.333s] Level 1:colcon.colcon_core.package_discovery:discover_packages(ignore) discover
[1.333s] Level 1:colcon.colcon_core.package_discovery:discover_packages(ignore) using defaults
[1.333s] Level 1:colcon.colcon_core.package_discovery:discover_packages(path) discover
[1.333s] Level 1:colcon.colcon_core.package_discovery:discover_packages(path) using defaults
[1.408s] INFO:colcon.colcon_core.package_selection:Skipping not selected package 'interface' in 'src/interface'
[1.408s] INFO:colcon.colcon_core.package_selection:Skipping not selected package 'model' in 'src/model'
[1.408s] INFO:colcon.colcon_core.package_selection:Skipping not selected package 'orbslam' in 'src/orbslam'
[1.452s] Level 1:colcon.colcon_core.package_discovery:discover_packages(prefix_path) check parameters
[1.452s] Level 1:colcon.colcon_core.package_discovery:discover_packages(prefix_path) discover
[1.475s] WARNING:colcon.colcon_ros.prefix_path.ament:The path '/home/weiwei/Desktop/project/ObsAvoidance/install/media' in the environment variable AMENT_PREFIX_PATH doesn't exist
[1.476s] WARNING:colcon.colcon_ros.prefix_path.catkin:The path '/home/weiwei/Desktop/project/ObsAvoidance/install/media' in the environment variable CMAKE_PREFIX_PATH doesn't exist
[1.498s] DEBUG:colcon.colcon_installed_package_information.package_discovery:Found 2 installed packages in /home/weiwei/Desktop/project/ObsAvoidance/install
[1.521s] DEBUG:colcon.colcon_installed_package_information.package_discovery:Found 378 installed packages in /opt/ros/foxy
[1.522s] Level 1:colcon.colcon_core.package_discovery:discover_packages(prefix_path) using defaults
[1.631s] Level 5:colcon.colcon_core.verb:set package 'media' build argument 'cmake_args' from command line to 'None'
[1.631s] Level 5:colcon.colcon_core.verb:set package 'media' build argument 'cmake_target' from command line to 'None'
[1.631s] Level 5:colcon.colcon_core.verb:set package 'media' build argument 'cmake_target_skip_unavailable' from command line to 'False'
[1.631s] Level 5:colcon.colcon_core.verb:set package 'media' build argument 'cmake_clean_cache' from command line to 'False'
[1.631s] Level 5:colcon.colcon_core.verb:set package 'media' build argument 'cmake_clean_first' from command line to 'False'
[1.631s] Level 5:colcon.colcon_core.verb:set package 'media' build argument 'cmake_force_configure' from command line to 'False'
[1.631s] Level 5:colcon.colcon_core.verb:set package 'media' build argument 'ament_cmake_args' from command line to 'None'
[1.631s] Level 5:colcon.colcon_core.verb:set package 'media' build argument 'catkin_cmake_args' from command line to 'None'
[1.631s] Level 5:colcon.colcon_core.verb:set package 'media' build argument 'catkin_skip_building_tests' from command line to 'False'
[1.631s] DEBUG:colcon.colcon_core.verb:Building package 'media' with the following arguments: {'ament_cmake_args': None, 'build_base': '/home/weiwei/Desktop/project/ObsAvoidance/build/media', 'catkin_cmake_args': None, 'catkin_skip_building_tests': False, 'cmake_args': None, 'cmake_clean_cache': False, 'cmake_clean_first': False, 'cmake_force_configure': False, 'cmake_target': None, 'cmake_target_skip_unavailable': False, 'install_base': '/home/weiwei/Desktop/project/ObsAvoidance/install/media', 'merge_install': False, 'path': '/home/weiwei/Desktop/project/ObsAvoidance/src/media', 'symlink_install': False, 'test_result_base': None}
[1.654s] INFO:colcon.colcon_core.executor:Executing jobs using 'parallel' executor
[1.676s] DEBUG:colcon.colcon_parallel_executor.executor.parallel:run_until_complete
[1.676s] INFO:colcon.colcon_ros.task.ament_cmake.build:Building ROS package in '/home/weiwei/Desktop/project/ObsAvoidance/src/media' with build type 'ament_cmake'
[1.676s] INFO:colcon.colcon_cmake.task.cmake.build:Building CMake package in '/home/weiwei/Desktop/project/ObsAvoidance/src/media'
[1.700s] INFO:colcon.colcon_core.plugin_system:Skipping extension 'colcon_core.shell.bat': Not used on non-Windows systems
[1.700s] INFO:colcon.colcon_core.shell:Skip shell extension 'powershell' for command environment: Not usable outside of PowerShell
[1.700s] DEBUG:colcon.colcon_core.shell:Skip shell extension 'dsv' for command environment
[1.774s] DEBUG:colcon.colcon_core.event_handler.log_command:Invoking command in '/home/weiwei/Desktop/project/ObsAvoidance/build/media': CMAKE_PREFIX_PATH=/home/weiwei/Desktop/project/ObsAvoidance/install/interface:/home/weiwei/Desktop/project/ObsAvoidance/install/orbslam:/home/weiwei/Desktop/project/ObsAvoidance/install/media:/opt/ros/foxy /usr/bin/cmake /home/weiwei/Desktop/project/ObsAvoidance/src/media -DCMAKE_INSTALL_PREFIX=/home/weiwei/Desktop/project/ObsAvoidance/install/media
[3.943s] DEBUG:colcon.colcon_core.event_handler.log_command:Invoked command in '/home/weiwei/Desktop/project/ObsAvoidance/build/media' returned '0': CMAKE_PREFIX_PATH=/home/weiwei/Desktop/project/ObsAvoidance/install/interface:/home/weiwei/Desktop/project/ObsAvoidance/install/orbslam:/home/weiwei/Desktop/project/ObsAvoidance/install/media:/opt/ros/foxy /usr/bin/cmake /home/weiwei/Desktop/project/ObsAvoidance/src/media -DCMAKE_INSTALL_PREFIX=/home/weiwei/Desktop/project/ObsAvoidance/install/media
[3.944s] DEBUG:colcon.colcon_core.event_handler.log_command:Invoking command in '/home/weiwei/Desktop/project/ObsAvoidance/build/media': CMAKE_PREFIX_PATH=/home/weiwei/Desktop/project/ObsAvoidance/install/interface:/home/weiwei/Desktop/project/ObsAvoidance/install/orbslam:/home/weiwei/Desktop/project/ObsAvoidance/install/media:/opt/ros/foxy /usr/bin/cmake --build /home/weiwei/Desktop/project/ObsAvoidance/build/media -- -j16 -l16
[16.940s] DEBUG:colcon.colcon_core.event_handler.log_command:Invoked command in '/home/weiwei/Desktop/project/ObsAvoidance/build/media' returned '0': CMAKE_PREFIX_PATH=/home/weiwei/Desktop/project/ObsAvoidance/install/interface:/home/weiwei/Desktop/project/ObsAvoidance/install/orbslam:/home/weiwei/Desktop/project/ObsAvoidance/install/media:/opt/ros/foxy /usr/bin/cmake --build /home/weiwei/Desktop/project/ObsAvoidance/build/media -- -j16 -l16
[16.963s] DEBUG:colcon.colcon_core.event_handler.log_command:Invoking command in '/home/weiwei/Desktop/project/ObsAvoidance/build/media': CMAKE_PREFIX_PATH=/home/weiwei/Desktop/project/ObsAvoidance/install/interface:/home/weiwei/Desktop/project/ObsAvoidance/install/orbslam:/home/weiwei/Desktop/project/ObsAvoidance/install/media:/opt/ros/foxy /usr/bin/cmake --install /home/weiwei/Desktop/project/ObsAvoidance/build/media
[16.971s] Level 1:colcon.colcon_core.environment:create_environment_scripts_only(media)
[16.971s] DEBUG:colcon.colcon_core.event_handler.log_command:Invoked command in '/home/weiwei/Desktop/project/ObsAvoidance/build/media' returned '0': CMAKE_PREFIX_PATH=/home/weiwei/Desktop/project/ObsAvoidance/install/interface:/home/weiwei/Desktop/project/ObsAvoidance/install/orbslam:/home/weiwei/Desktop/project/ObsAvoidance/install/media:/opt/ros/foxy /usr/bin/cmake --install /home/weiwei/Desktop/project/ObsAvoidance/build/media
[16.995s] Level 1:colcon.colcon_core.environment:checking '/home/weiwei/Desktop/project/ObsAvoidance/install/media' for CMake module files
[16.995s] Level 1:colcon.colcon_core.environment:checking '/home/weiwei/Desktop/project/ObsAvoidance/install/media' for CMake config files
[16.996s] Level 1:colcon.colcon_core.shell:create_environment_hook('media', 'cmake_prefix_path')
[17.018s] INFO:colcon.colcon_core.shell:Creating environment hook '/home/weiwei/Desktop/project/ObsAvoidance/install/media/share/media/hook/cmake_prefix_path.ps1'
[17.019s] INFO:colcon.colcon_core.shell:Creating environment descriptor '/home/weiwei/Desktop/project/ObsAvoidance/install/media/share/media/hook/cmake_prefix_path.dsv'
[17.019s] INFO:colcon.colcon_core.shell:Creating environment hook '/home/weiwei/Desktop/project/ObsAvoidance/install/media/share/media/hook/cmake_prefix_path.sh'
[17.020s] Level 1:colcon.colcon_core.environment:checking '/home/weiwei/Desktop/project/ObsAvoidance/install/media/lib'
[17.020s] Level 1:colcon.colcon_core.environment:checking '/home/weiwei/Desktop/project/ObsAvoidance/install/media/bin'
[17.020s] Level 1:colcon.colcon_core.environment:checking '/home/weiwei/Desktop/project/ObsAvoidance/install/media/lib/pkgconfig/media.pc'
[17.020s] Level 1:colcon.colcon_core.environment:checking '/home/weiwei/Desktop/project/ObsAvoidance/install/media/lib/python3.8/site-packages'
[17.020s] Level 1:colcon.colcon_core.environment:checking '/home/weiwei/Desktop/project/ObsAvoidance/install/media/bin'
[17.043s] INFO:colcon.colcon_core.shell:Creating package script '/home/weiwei/Desktop/project/ObsAvoidance/install/media/share/media/package.ps1'
[17.044s] INFO:colcon.colcon_core.shell:Creating package descriptor '/home/weiwei/Desktop/project/ObsAvoidance/install/media/share/media/package.dsv'
[17.044s] INFO:colcon.colcon_core.shell:Creating package script '/home/weiwei/Desktop/project/ObsAvoidance/install/media/share/media/package.sh'
[17.044s] INFO:colcon.colcon_core.shell:Creating package script '/home/weiwei/Desktop/project/ObsAvoidance/install/media/share/media/package.bash'
[17.045s] INFO:colcon.colcon_core.shell:Creating package script '/home/weiwei/Desktop/project/ObsAvoidance/install/media/share/media/package.zsh'
[17.045s] Level 1:colcon.colcon_core.environment:create_file_with_runtime_dependencies(/home/weiwei/Desktop/project/ObsAvoidance/install/media/share/colcon-core/packages/media)
[17.084s] Level 1:colcon.colcon_core.environment:create_environment_scripts_only(media)
[17.107s] Level 1:colcon.colcon_core.environment:checking '/home/weiwei/Desktop/project/ObsAvoidance/install/media' for CMake module files
[17.107s] Level 1:colcon.colcon_core.environment:checking '/home/weiwei/Desktop/project/ObsAvoidance/install/media' for CMake config files
[17.107s] Level 1:colcon.colcon_core.shell:create_environment_hook('media', 'cmake_prefix_path')
[17.130s] INFO:colcon.colcon_core.shell:Creating environment hook '/home/weiwei/Desktop/project/ObsAvoidance/install/media/share/media/hook/cmake_prefix_path.ps1'
[17.131s] INFO:colcon.colcon_core.shell:Creating environment descriptor '/home/weiwei/Desktop/project/ObsAvoidance/install/media/share/media/hook/cmake_prefix_path.dsv'
[17.131s] INFO:colcon.colcon_core.shell:Creating environment hook '/home/weiwei/Desktop/project/ObsAvoidance/install/media/share/media/hook/cmake_prefix_path.sh'
[17.131s] Level 1:colcon.colcon_core.environment:checking '/home/weiwei/Desktop/project/ObsAvoidance/install/media/lib'
[17.131s] Level 1:colcon.colcon_core.environment:checking '/home/weiwei/Desktop/project/ObsAvoidance/install/media/bin'
[17.131s] Level 1:colcon.colcon_core.environment:checking '/home/weiwei/Desktop/project/ObsAvoidance/install/media/lib/pkgconfig/media.pc'
[17.132s] Level 1:colcon.colcon_core.environment:checking '/home/weiwei/Desktop/project/ObsAvoidance/install/media/lib/python3.8/site-packages'
[17.132s] Level 1:colcon.colcon_core.environment:checking '/home/weiwei/Desktop/project/ObsAvoidance/install/media/bin'
[17.155s] INFO:colcon.colcon_core.shell:Creating package script '/home/weiwei/Desktop/project/ObsAvoidance/install/media/share/media/package.ps1'
[17.155s] INFO:colcon.colcon_core.shell:Creating package descriptor '/home/weiwei/Desktop/project/ObsAvoidance/install/media/share/media/package.dsv'
[17.155s] INFO:colcon.colcon_core.shell:Creating package script '/home/weiwei/Desktop/project/ObsAvoidance/install/media/share/media/package.sh'
[17.156s] INFO:colcon.colcon_core.shell:Creating package script '/home/weiwei/Desktop/project/ObsAvoidance/install/media/share/media/package.bash'
[17.156s] INFO:colcon.colcon_core.shell:Creating package script '/home/weiwei/Desktop/project/ObsAvoidance/install/media/share/media/package.zsh'
[17.156s] Level 1:colcon.colcon_core.environment:create_file_with_runtime_dependencies(/home/weiwei/Desktop/project/ObsAvoidance/install/media/share/colcon-core/packages/media)
[17.156s] DEBUG:colcon.colcon_parallel_executor.executor.parallel:closing loop
[17.157s] DEBUG:colcon.colcon_parallel_executor.executor.parallel:loop closed
[17.157s] DEBUG:colcon.colcon_parallel_executor.executor.parallel:run_until_complete finished with '0'
[17.157s] DEBUG:colcon.colcon_core.event_reactor:joining thread
[17.183s] INFO:colcon.colcon_core.plugin_system:Skipping extension 'colcon_notification.desktop_notification.terminal_notifier': Not used on non-Darwin systems
[17.183s] INFO:colcon.colcon_core.plugin_system:Skipping extension 'colcon_notification.desktop_notification.win32': Not used on non-Windows systems
[17.183s] INFO:colcon.colcon_notification.desktop_notification:Sending desktop notification using 'notify2'
[17.193s] DEBUG:colcon.colcon_core.event_reactor:joined thread
[17.216s] INFO:colcon.colcon_core.shell:Creating prefix script '/home/weiwei/Desktop/project/ObsAvoidance/install/local_setup.ps1'
[17.217s] INFO:colcon.colcon_core.shell:Creating prefix util module '/home/weiwei/Desktop/project/ObsAvoidance/install/_local_setup_util_ps1.py'
[17.217s] INFO:colcon.colcon_core.shell:Creating prefix chain script '/home/weiwei/Desktop/project/ObsAvoidance/install/setup.ps1'
[17.241s] INFO:colcon.colcon_core.shell:Creating prefix script '/home/weiwei/Desktop/project/ObsAvoidance/install/local_setup.sh'
[17.241s] INFO:colcon.colcon_core.shell:Creating prefix util module '/home/weiwei/Desktop/project/ObsAvoidance/install/_local_setup_util_sh.py'
[17.241s] INFO:colcon.colcon_core.shell:Creating prefix chain script '/home/weiwei/Desktop/project/ObsAvoidance/install/setup.sh'
[17.264s] INFO:colcon.colcon_core.shell:Creating prefix script '/home/weiwei/Desktop/project/ObsAvoidance/install/local_setup.bash'
[17.264s] INFO:colcon.colcon_core.shell:Creating prefix chain script '/home/weiwei/Desktop/project/ObsAvoidance/install/setup.bash'
[17.287s] INFO:colcon.colcon_core.shell:Creating prefix script '/home/weiwei/Desktop/project/ObsAvoidance/install/local_setup.zsh'
[17.288s] INFO:colcon.colcon_core.shell:Creating prefix chain script '/home/weiwei/Desktop/project/ObsAvoidance/install/setup.zsh'
