[0.271s] Invoking command in '/home/weiwei/Desktop/project/ObsAvoidance/build/path_follow': CMAKE_PREFIX_PATH=/home/weiwei/Desktop/project/ObsAvoidance/install/interface:/home/weiwei/Desktop/project/ObsAvoidance/install/path_follow:/opt/ros/foxy /usr/bin/cmake --build /home/weiwei/Desktop/project/ObsAvoidance/build/path_follow -- -j16 -l16
[0.309s] -- Found ament_cmake: 0.9.12 (/opt/ros/foxy/share/ament_cmake/cmake)
[0.326s] -- Using PYTHON_EXECUTABLE: /usr/bin/python3
[0.443s] -- Found rclcpp: 2.4.3 (/opt/ros/foxy/share/rclcpp/cmake)
[0.465s] -- Using all available rosidl_typesupport_c: rosidl_typesupport_fastrtps_c;rosidl_typesupport_introspection_c
[0.467s] -- Found rosidl_adapter: 1.3.1 (/opt/ros/foxy/share/rosidl_adapter/cmake)
[0.554s] -- Using all available rosidl_typesupport_cpp: rosidl_typesupport_fastrtps_cpp;rosidl_typesupport_introspection_cpp
[0.584s] -- Found rmw_implementation_cmake: 1.0.4 (/opt/ros/foxy/share/rmw_implementation_cmake/cmake)
[0.585s] -- Using RMW implementation 'rmw_fastrtps_cpp' as default
[0.674s] -- Found rclcpp_components: 2.4.3 (/opt/ros/foxy/share/rclcpp_components/cmake)
[0.709s] -- Found geometry_msgs: 2.0.5 (/opt/ros/foxy/share/geometry_msgs/cmake)
[0.732s] -- Found visualization_msgs: 2.0.5 (/opt/ros/foxy/share/visualization_msgs/cmake)
[0.776s] -- Found cv_bridge: 3.0.7 (/opt/ros/foxy/share/cv_bridge/cmake)
[0.914s] -- Found AMD headers in: /usr/include/suitesparse
[0.914s] -- Found AMD library: /usr/lib/x86_64-linux-gnu/libamd.so
[0.914s] -- Found CAMD headers in: /usr/include/suitesparse
[0.914s] -- Found CAMD library: /usr/lib/x86_64-linux-gnu/libcamd.so
[0.914s] -- Found CCOLAMD headers in: /usr/include/suitesparse
[0.914s] -- Found CCOLAMD library: /usr/lib/x86_64-linux-gnu/libccolamd.so
[0.914s] -- Found CHOLMOD headers in: /usr/include/suitesparse
[0.914s] -- Found CHOLMOD library: /usr/lib/x86_64-linux-gnu/libcholmod.so
[0.914s] -- Found COLAMD headers in: /usr/include/suitesparse
[0.914s] -- Found COLAMD library: /usr/lib/x86_64-linux-gnu/libcolamd.so
[0.914s] -- Found SPQR headers in: /usr/include/suitesparse
[0.914s] -- Found SPQR library: /usr/lib/x86_64-linux-gnu/libspqr.so
[0.914s] -- Found Config headers in: /usr/include/suitesparse
[0.914s] -- Found Config library: /usr/lib/x86_64-linux-gnu/libsuitesparseconfig.so
[0.915s] -- Found Intel Thread Building Blocks (TBB) library (2020.1 / 11101) include location: . Assuming SuiteSparseQR was compiled with TBB.
[0.915s] -- Adding librt to SuiteSparse_config libraries (required on Linux & Unix [not OSX] if SuiteSparse is compiled with timing).
[0.919s] -- Could NOT find METIS (missing: METIS_INCLUDE_DIR METIS_LIBRARY) 
[0.921s] -- Found required Ceres dependency: Eigen version 3.3.9 in /usr/local/share/eigen3/cmake
[0.922s] -- Found required Ceres dependency: glog
[0.923s] -- Found required Ceres dependency: gflags
[0.924s] -- Found Ceres version: 2.2.0 installed in: /usr/local with components: [EigenSparse, SparseLinearAlgebraLibrary, LAPACK, SuiteSparse, SchurSpecializations]
[0.925s] -- Found interface: 0.0.0 (/home/weiwei/Desktop/project/ObsAvoidance/install/interface/share/interface/cmake)
[0.993s] -- Found ament_lint_auto: 0.9.8 (/opt/ros/foxy/share/ament_lint_auto/cmake)
[1.039s] -- Added test 'copyright' to check source files copyright and LICENSE
[1.040s] -- Added test 'cppcheck' to perform static code analysis on C / C++ code
[1.040s] -- Configured cppcheck include dirs: 
[1.040s] -- Configured cppcheck exclude dirs and/or files: 
[1.040s] -- Added test 'cpplint' to check C / C++ code against the Google style
[1.040s] -- Configured cpplint exclude dirs and/or files: 
[1.040s] -- Added test 'lint_cmake' to check CMake code style
[1.041s] -- Added test 'uncrustify' to check C / C++ code style
[1.041s] -- Configured uncrustify additional arguments: 
[1.041s] -- Added test 'xmllint' to check XML markup files
[1.043s] -- Configuring done
[1.059s] -- Generating done
[1.060s] -- Build files have been written to: /home/weiwei/Desktop/project/ObsAvoidance/build/path_follow
[1.084s] [35m[1mScanning dependencies of target path_follow[0m
[1.140s] [ 25%] [32mBuilding CXX object CMakeFiles/path_follow.dir/src/main.cpp.o[0m
[1.140s] [ 50%] [32mBuilding CXX object CMakeFiles/path_follow.dir/src/path_follow.cpp.o[0m
[3.709s] In file included from [01m[K/home/weiwei/Desktop/project/ObsAvoidance/src/path_follow/src/path_follow.cpp:1[m[K:
[3.709s] [01m[K/home/weiwei/Desktop/project/ObsAvoidance/src/path_follow/src/path_follow.hpp:[m[K In constructor ‘[01m[KPathFollow::position_residual::position_residual(double, double, double, double, Eigen::Vector3d)[m[K’:
[3.709s] [01m[K/home/weiwei/Desktop/project/ObsAvoidance/src/path_follow/src/path_follow.hpp:112:25:[m[K [01;35m[Kwarning: [m[K‘[01m[KPathFollow::position_residual::position_[m[K’ will be initialized after [[01;35m[K-Wreorder[m[K]
[3.709s]   112 |   const Eigen::Vector3d [01;35m[Kposition_[m[K;
[3.709s]       |                         [01;35m[K^~~~~~~~~[m[K
[3.709s] [01m[K/home/weiwei/Desktop/project/ObsAvoidance/src/path_follow/src/path_follow.hpp:110:16:[m[K [01;35m[Kwarning: [m[K  ‘[01m[Kconst double PathFollow::position_residual::weight_position_[m[K’ [[01;35m[K-Wreorder[m[K]
[3.709s]   110 |   const double [01;35m[Kweight_position_[m[K;
[3.709s]       |                [01;35m[K^~~~~~~~~~~~~~~~[m[K
[3.709s] [01m[K/home/weiwei/Desktop/project/ObsAvoidance/src/path_follow/src/path_follow.hpp:92:3:[m[K [01;35m[Kwarning: [m[K  when initialized here [[01;35m[K-Wreorder[m[K]
[3.709s]    92 |   [01;35m[Kposition_residual[m[K(double weight_position,
[3.709s]       |   [01;35m[K^~~~~~~~~~~~~~~~~[m[K
[3.709s] [01m[K/home/weiwei/Desktop/project/ObsAvoidance/src/path_follow/src/path_follow.hpp:[m[K In constructor ‘[01m[KPathFollow::angle_residual::angle_residual(double, double, double, double, Eigen::Vector3d)[m[K’:
[3.709s] [01m[K/home/weiwei/Desktop/project/ObsAvoidance/src/path_follow/src/path_follow.hpp:135:25:[m[K [01;35m[Kwarning: [m[K‘[01m[KPathFollow::angle_residual::tangent_vector_[m[K’ will be initialized after [[01;35m[K-Wreorder[m[K]
[3.709s]   135 |   const Eigen::Vector3d [01;35m[Ktangent_vector_[m[K;
[3.709s]       |                         [01;35m[K^~~~~~~~~~~~~~~[m[K
[3.710s] [01m[K/home/weiwei/Desktop/project/ObsAvoidance/src/path_follow/src/path_follow.hpp:133:16:[m[K [01;35m[Kwarning: [m[K  ‘[01m[Kconst double PathFollow::angle_residual::weight_direction_[m[K’ [[01;35m[K-Wreorder[m[K]
[3.710s]   133 |   const double [01;35m[Kweight_direction_[m[K;
[3.710s]       |                [01;35m[K^~~~~~~~~~~~~~~~~[m[K
[3.710s] [01m[K/home/weiwei/Desktop/project/ObsAvoidance/src/path_follow/src/path_follow.hpp:116:3:[m[K [01;35m[Kwarning: [m[K  when initialized here [[01;35m[K-Wreorder[m[K]
[3.710s]   116 |   [01;35m[Kangle_residual[m[K(double weight_direction,
[3.710s]       |   [01;35m[K^~~~~~~~~~~~~~[m[K
[3.712s] In file included from [01m[K/home/weiwei/Desktop/project/ObsAvoidance/src/path_follow/src/main.cpp:1[m[K:
[3.712s] [01m[K/home/weiwei/Desktop/project/ObsAvoidance/src/path_follow/src/path_follow.hpp:[m[K In constructor ‘[01m[KPathFollow::position_residual::position_residual(double, double, double, double, Eigen::Vector3d)[m[K’:
[3.712s] [01m[K/home/weiwei/Desktop/project/ObsAvoidance/src/path_follow/src/path_follow.hpp:112:25:[m[K [01;35m[Kwarning: [m[K‘[01m[KPathFollow::position_residual::position_[m[K’ will be initialized after [[01;35m[K-Wreorder[m[K]
[3.712s]   112 |   const Eigen::Vector3d [01;35m[Kposition_[m[K;
[3.712s]       |                         [01;35m[K^~~~~~~~~[m[K
[3.712s] [01m[K/home/weiwei/Desktop/project/ObsAvoidance/src/path_follow/src/path_follow.hpp:110:16:[m[K [01;35m[Kwarning: [m[K  ‘[01m[Kconst double PathFollow::position_residual::weight_position_[m[K’ [[01;35m[K-Wreorder[m[K]
[3.712s]   110 |   const double [01;35m[Kweight_position_[m[K;
[3.712s]       |                [01;35m[K^~~~~~~~~~~~~~~~[m[K
[3.712s] [01m[K/home/weiwei/Desktop/project/ObsAvoidance/src/path_follow/src/path_follow.hpp:92:3:[m[K [01;35m[Kwarning: [m[K  when initialized here [[01;35m[K-Wreorder[m[K]
[3.712s]    92 |   [01;35m[Kposition_residual[m[K(double weight_position,
[3.712s]       |   [01;35m[K^~~~~~~~~~~~~~~~~[m[K
[3.712s] [01m[K/home/weiwei/Desktop/project/ObsAvoidance/src/path_follow/src/path_follow.hpp:[m[K In constructor ‘[01m[KPathFollow::angle_residual::angle_residual(double, double, double, double, Eigen::Vector3d)[m[K’:
[3.712s] [01m[K/home/weiwei/Desktop/project/ObsAvoidance/src/path_follow/src/path_follow.hpp:135:25:[m[K [01;35m[Kwarning: [m[K‘[01m[KPathFollow::angle_residual::tangent_vector_[m[K’ will be initialized after [[01;35m[K-Wreorder[m[K]
[3.713s]   135 |   const Eigen::Vector3d [01;35m[Ktangent_vector_[m[K;
[3.713s]       |                         [01;35m[K^~~~~~~~~~~~~~~[m[K
[3.713s] [01m[K/home/weiwei/Desktop/project/ObsAvoidance/src/path_follow/src/path_follow.hpp:133:16:[m[K [01;35m[Kwarning: [m[K  ‘[01m[Kconst double PathFollow::angle_residual::weight_direction_[m[K’ [[01;35m[K-Wreorder[m[K]
[3.713s]   133 |   const double [01;35m[Kweight_direction_[m[K;
[3.713s]       |                [01;35m[K^~~~~~~~~~~~~~~~~[m[K
[3.713s] [01m[K/home/weiwei/Desktop/project/ObsAvoidance/src/path_follow/src/path_follow.hpp:116:3:[m[K [01;35m[Kwarning: [m[K  when initialized here [[01;35m[K-Wreorder[m[K]
[3.713s]   116 |   [01;35m[Kangle_residual[m[K(double weight_direction,
[3.713s]       |   [01;35m[K^~~~~~~~~~~~~~[m[K
[3.724s] [01m[K/home/weiwei/Desktop/project/ObsAvoidance/src/path_follow/src/path_follow.hpp:[m[K In member function ‘[01m[KEigen::Matrix4d PathFollow::calFrame(const std::vector<Eigen::Matrix<double, 3, 1> >&)[m[K’:
[3.724s] [01m[K/home/weiwei/Desktop/project/ObsAvoidance/src/path_follow/src/path_follow.hpp:173:2:[m[K [01;35m[Kwarning: [m[Kno return statement in function returning non-void [[01;35m[K-Wreturn-type[m[K]
[3.724s]   173 |  [01;35m[K}[m[K
[3.724s]       |  [01;35m[K^[m[K
[3.727s] [01m[K/home/weiwei/Desktop/project/ObsAvoidance/src/path_follow/src/path_follow.hpp:[m[K In member function ‘[01m[KEigen::Matrix4d PathFollow::calFrame(const std::vector<Eigen::Matrix<double, 3, 1> >&)[m[K’:
[3.727s] [01m[K/home/weiwei/Desktop/project/ObsAvoidance/src/path_follow/src/path_follow.hpp:173:2:[m[K [01;35m[Kwarning: [m[Kno return statement in function returning non-void [[01;35m[K-Wreturn-type[m[K]
[3.727s]   173 |  [01;35m[K}[m[K
[3.727s]       |  [01;35m[K^[m[K
[3.846s] [01m[K/home/weiwei/Desktop/project/ObsAvoidance/src/path_follow/src/path_follow.cpp:[m[K In member function ‘[01m[Kvoid PathFollow::fitPathCallback(interface::srv::BaseJointMotorValue_Request_<std::allocator<void> >::SharedPtr, interface::srv::BaseJointMotorValue_Response_<std::allocator<void> >::SharedPtr)[m[K’:
[3.846s] [01m[K/home/weiwei/Desktop/project/ObsAvoidance/src/path_follow/src/path_follow.cpp:186:34:[m[K [01;35m[Kwarning: [m[Kcomparison of integer expressions of different signedness: ‘[01m[Kint[m[K’ and ‘[01m[Kstd::vector<Eigen::Matrix<double, 3, 1> >::size_type[m[K’ {aka ‘[01m[Klong unsigned int[m[K’} [[01;35m[K-Wsign-compare[m[K]
[3.846s]   186 |         if ([01;35m[Ktarget_path_point_id >= path_points.size()-1[m[K)
[3.846s]       |             [01;35m[K~~~~~~~~~~~~~~~~~~~~~^~~~~~~~~~~~~~~~~~~~~~~[m[K
[3.891s] [01m[K/home/weiwei/Desktop/project/ObsAvoidance/src/path_follow/src/path_follow.cpp:274:28:[m[K [01;35m[Kwarning: [m[Kcomparison of integer expressions of different signedness: ‘[01m[Kint[m[K’ and ‘[01m[Kstd::vector<Eigen::Matrix<double, 3, 1> >::size_type[m[K’ {aka ‘[01m[Klong unsigned int[m[K’} [[01;35m[K-Wsign-compare[m[K]
[3.891s]   274 |     if ([01;35m[Kend_closed_path_id >= path_points.size()-5[m[K)
[3.891s]       |         [01;35m[K~~~~~~~~~~~~~~~~~~~^~~~~~~~~~~~~~~~~~~~~~~[m[K
[3.897s] [01m[K/home/weiwei/Desktop/project/ObsAvoidance/src/path_follow/src/path_follow.cpp:177:12:[m[K [01;35m[Kwarning: [m[Kunused variable ‘[01m[Ktemp_theta[m[K’ [[01;35m[K-Wunused-variable[m[K]
[3.897s]   177 |     double [01;35m[Ktemp_theta[m[K = 1e-4, temp_alpha = 1e-4;
[3.897s]       |            [01;35m[K^~~~~~~~~~[m[K
[3.897s] [01m[K/home/weiwei/Desktop/project/ObsAvoidance/src/path_follow/src/path_follow.cpp:177:31:[m[K [01;35m[Kwarning: [m[Kunused variable ‘[01m[Ktemp_alpha[m[K’ [[01;35m[K-Wunused-variable[m[K]
[3.897s]   177 |     double temp_theta = 1e-4, [01;35m[Ktemp_alpha[m[K = 1e-4;
[3.897s]       |                               [01;35m[K^~~~~~~~~~[m[K
[3.897s] [01m[K/home/weiwei/Desktop/project/ObsAvoidance/src/path_follow/src/path_follow.cpp:143:96:[m[K [01;35m[Kwarning: [m[Kunused parameter ‘[01m[Krequest[m[K’ [[01;35m[K-Wunused-parameter[m[K]
[3.897s]   143 | void PathFollow::fitPathCallback([01;35m[Kconst interface::srv::BaseJointMotorValue::Request::SharedPtr request[m[K,
[3.897s]       |                                  [01;35m[K~~~~~~~~~~~~~~~~~~~~~~~~~~~~~~~~~~~~~~~~~~~~~~~~~~~~~~~~~~~~~~^~~~~~~[m[K
[3.898s] [01m[K/home/weiwei/Desktop/project/ObsAvoidance/src/path_follow/src/path_follow.cpp:[m[K In member function ‘[01m[Kvoid PathFollow::find_closed_path_point(const int&, const Vector3d&, int&)[m[K’:
[3.898s] [01m[K/home/weiwei/Desktop/project/ObsAvoidance/src/path_follow/src/path_follow.cpp:325:54:[m[K [01;35m[Kwarning: [m[Kcomparison of integer expressions of different signedness: ‘[01m[Kint[m[K’ and ‘[01m[Kstd::vector<Eigen::Matrix<double, 3, 1> >::size_type[m[K’ {aka ‘[01m[Klong unsigned int[m[K’} [[01;35m[K-Wsign-compare[m[K]
[3.898s]   325 |         }while(temp_dot_value>0 && [01;35m[Ktemp_path_point_id<path_points.size()-2[m[K);
[3.898s]       |                                    [01;35m[K~~~~~~~~~~~~~~~~~~^~~~~~~~~~~~~~~~~~~~~[m[K
[9.289s] [ 75%] [32m[1mLinking CXX executable path_follow[0m
[9.862s] [100%] Built target path_follow
[9.870s] Invoked command in '/home/weiwei/Desktop/project/ObsAvoidance/build/path_follow' returned '0': CMAKE_PREFIX_PATH=/home/weiwei/Desktop/project/ObsAvoidance/install/interface:/home/weiwei/Desktop/project/ObsAvoidance/install/path_follow:/opt/ros/foxy /usr/bin/cmake --build /home/weiwei/Desktop/project/ObsAvoidance/build/path_follow -- -j16 -l16
[9.895s] Invoking command in '/home/weiwei/Desktop/project/ObsAvoidance/build/path_follow': CMAKE_PREFIX_PATH=/home/weiwei/Desktop/project/ObsAvoidance/install/interface:/home/weiwei/Desktop/project/ObsAvoidance/install/path_follow:/opt/ros/foxy /usr/bin/cmake --install /home/weiwei/Desktop/project/ObsAvoidance/build/path_follow
[9.900s] -- Install configuration: ""
[9.900s] -- Installing: /home/weiwei/Desktop/project/ObsAvoidance/install/path_follow/lib/path_follow/path_follow
[9.905s] -- Set runtime path of "/home/weiwei/Desktop/project/ObsAvoidance/install/path_follow/lib/path_follow/path_follow" to ""
[9.905s] -- Up-to-date: /home/weiwei/Desktop/project/ObsAvoidance/install/path_follow/share/ament_index/resource_index/package_run_dependencies/path_follow
[9.905s] -- Installing: /home/weiwei/Desktop/project/ObsAvoidance/install/path_follow/share/ament_index/resource_index/parent_prefix_path/path_follow
[9.906s] -- Up-to-date: /home/weiwei/Desktop/project/ObsAvoidance/install/path_follow/share/path_follow/environment/ament_prefix_path.sh
[9.906s] -- Installing: /home/weiwei/Desktop/project/ObsAvoidance/install/path_follow/share/path_follow/environment/ament_prefix_path.dsv
[9.906s] -- Up-to-date: /home/weiwei/Desktop/project/ObsAvoidance/install/path_follow/share/path_follow/environment/path.sh
[9.906s] -- Installing: /home/weiwei/Desktop/project/ObsAvoidance/install/path_follow/share/path_follow/environment/path.dsv
[9.906s] -- Up-to-date: /home/weiwei/Desktop/project/ObsAvoidance/install/path_follow/share/path_follow/local_setup.bash
[9.906s] -- Up-to-date: /home/weiwei/Desktop/project/ObsAvoidance/install/path_follow/share/path_follow/local_setup.sh
[9.906s] -- Up-to-date: /home/weiwei/Desktop/project/ObsAvoidance/install/path_follow/share/path_follow/local_setup.zsh
[9.906s] -- Installing: /home/weiwei/Desktop/project/ObsAvoidance/install/path_follow/share/path_follow/local_setup.dsv
[9.906s] -- Installing: /home/weiwei/Desktop/project/ObsAvoidance/install/path_follow/share/path_follow/package.dsv
[9.906s] -- Up-to-date: /home/weiwei/Desktop/project/ObsAvoidance/install/path_follow/share/ament_index/resource_index/packages/path_follow
[9.906s] -- Up-to-date: /home/weiwei/Desktop/project/ObsAvoidance/install/path_follow/share/path_follow/cmake/path_followConfig.cmake
[9.906s] -- Up-to-date: /home/weiwei/Desktop/project/ObsAvoidance/install/path_follow/share/path_follow/cmake/path_followConfig-version.cmake
[9.906s] -- Up-to-date: /home/weiwei/Desktop/project/ObsAvoidance/install/path_follow/share/path_follow/package.xml
[9.907s] Invoked command in '/home/weiwei/Desktop/project/ObsAvoidance/build/path_follow' returned '0': CMAKE_PREFIX_PATH=/home/weiwei/Desktop/project/ObsAvoidance/install/interface:/home/weiwei/Desktop/project/ObsAvoidance/install/path_follow:/opt/ros/foxy /usr/bin/cmake --install /home/weiwei/Desktop/project/ObsAvoidance/build/path_follow
