[0.088s] Invoking command in '/home/weiwei/Desktop/project/ObsAvoidance/build/path_planner': AMENT_PREFIX_PATH=/home/weiwei/Desktop/project/ObsAvoidance/install/interface:${AMENT_PREFIX_PATH} CMAKE_PREFIX_PATH=/home/weiwei/Desktop/project/ObsAvoidance/install/interface:/opt/ros/foxy LD_LIBRARY_PATH=/home/weiwei/Desktop/project/ObsAvoidance/install/interface/lib:${LD_LIBRARY_PATH} PYTHONPATH=/home/weiwei/Desktop/project/ObsAvoidance/install/interface/lib/python3.8/site-packages:${PYTHONPATH} /usr/bin/cmake --build /home/weiwei/Desktop/project/ObsAvoidance/build/path_planner -- -j16 -l16
[0.110s] -- Found ament_cmake: 0.9.12 (/opt/ros/foxy/share/ament_cmake/cmake)
[0.125s] -- Using PYTHON_EXECUTABLE: /usr/bin/python3
[0.248s] -- Found rclcpp: 2.4.3 (/opt/ros/foxy/share/rclcpp/cmake)
[0.269s] -- Using all available rosidl_typesupport_c: rosidl_typesupport_fastrtps_c;rosidl_typesupport_introspection_c
[0.271s] -- Found rosidl_adapter: 1.3.1 (/opt/ros/foxy/share/rosidl_adapter/cmake)
[0.352s] -- Using all available rosidl_typesupport_cpp: rosidl_typesupport_fastrtps_cpp;rosidl_typesupport_introspection_cpp
[0.382s] -- Found rmw_implementation_cmake: 1.0.4 (/opt/ros/foxy/share/rmw_implementation_cmake/cmake)
[0.391s] -- Using RMW implementation 'rmw_fastrtps_cpp' as default
[0.473s] -- Found interface: 0.0.0 (/home/weiwei/Desktop/project/ObsAvoidance/install/interface/share/interface/cmake)
[0.624s] -- Found cv_bridge: 3.0.7 (/opt/ros/foxy/share/cv_bridge/cmake)
[0.641s] -- Found pcl_conversions: 2.2.1 (/opt/ros/foxy/share/pcl_conversions/cmake)
[0.789s] -- Found octomap_msgs: 2.0.0 (/opt/ros/foxy/share/octomap_msgs/cmake)
[0.847s] -- Eigen found (include: /usr/include/eigen3, version: 3.3.7)
[0.910s] -- The imported target "vtkParseOGLExt" references the file
[0.910s]    "/usr/bin/vtkParseOGLExt-7.1"
[0.910s] but this file does not exist.  Possible reasons include:
[0.910s] * The file was deleted, renamed, or moved to another location.
[0.910s] * An install or uninstall procedure did not complete successfully.
[0.910s] * The installation package was faulty and contained
[0.910s]    "/usr/lib/cmake/vtk-7.1/VTKTargets.cmake"
[0.910s] but not all the files it references.
[0.910s] 
[0.910s] -- The imported target "vtkRenderingPythonTkWidgets" references the file
[0.911s]    "/usr/lib/x86_64-linux-gnu/libvtkRenderingPythonTkWidgets.so"
[0.911s] but this file does not exist.  Possible reasons include:
[0.911s] * The file was deleted, renamed, or moved to another location.
[0.911s] * An install or uninstall procedure did not complete successfully.
[0.911s] * The installation package was faulty and contained
[0.911s]    "/usr/lib/cmake/vtk-7.1/VTKTargets.cmake"
[0.911s] but not all the files it references.
[0.911s] 
[0.911s] -- The imported target "vtk" references the file
[0.911s]    "/usr/bin/vtk"
[0.911s] but this file does not exist.  Possible reasons include:
[0.911s] * The file was deleted, renamed, or moved to another location.
[0.911s] * An install or uninstall procedure did not complete successfully.
[0.911s] * The installation package was faulty and contained
[0.911s]    "/usr/lib/cmake/vtk-7.1/VTKTargets.cmake"
[0.911s] but not all the files it references.
[0.911s] 
[0.911s] -- The imported target "pvtk" references the file
[0.912s]    "/usr/bin/pvtk"
[0.912s] but this file does not exist.  Possible reasons include:
[0.912s] * The file was deleted, renamed, or moved to another location.
[0.912s] * An install or uninstall procedure did not complete successfully.
[0.912s] * The installation package was faulty and contained
[0.912s]    "/usr/lib/cmake/vtk-7.1/VTKTargets.cmake"
[0.912s] but not all the files it references.
[0.912s] 
[0.926s] -- OpenNI found (include: /usr/include/ni, lib: /usr/lib/libOpenNI.so)
[0.931s] -- OpenNI2 found (include: /usr/include/openni2, lib: /usr/lib/libOpenNI2.so)
[0.931s] ** WARNING ** io features related to pcap will be disabled
[0.931s] ** WARNING ** io features related to png will be disabled
[0.941s] ** WARNING ** io features related to libusb-1.0 will be disabled
[0.946s] -- OpenNI found (include: /usr/include/ni, lib: /usr/lib/libOpenNI.so)
[0.951s] -- OpenNI2 found (include: /usr/include/openni2, lib: /usr/lib/libOpenNI2.so)
[0.961s] -- QHULL found (include: /usr/include, lib: optimized;/usr/lib/x86_64-linux-gnu/libqhull.so;debug;/usr/lib/x86_64-linux-gnu/libqhull.so)
[0.966s] -- OpenNI found (include: /usr/include/ni, lib: /usr/lib/libOpenNI.so)
[0.975s] -- looking for PCL_COMMON
[0.975s] -- looking for PCL_KDTREE
[0.976s] -- looking for PCL_OCTREE
[0.976s] -- looking for PCL_SEARCH
[0.977s] -- looking for PCL_SAMPLE_CONSENSUS
[0.977s] -- looking for PCL_FILTERS
[0.977s] -- looking for PCL_2D
[0.978s] -- looking for PCL_GEOMETRY
[0.978s] -- looking for PCL_IO
[0.979s] -- looking for PCL_FEATURES
[0.979s] -- looking for PCL_ML
[0.980s] -- looking for PCL_SEGMENTATION
[0.980s] -- looking for PCL_VISUALIZATION
[0.980s] -- looking for PCL_SURFACE
[0.981s] -- looking for PCL_REGISTRATION
[0.981s] -- looking for PCL_KEYPOINTS
[0.982s] -- looking for PCL_TRACKING
[0.982s] -- looking for PCL_RECOGNITION
[0.983s] -- looking for PCL_STEREO
[0.983s] -- looking for PCL_APPS
[0.984s] -- looking for PCL_IN_HAND_SCANNER
[0.985s] -- looking for PCL_POINT_CLOUD_EDITOR
[0.985s] -- looking for PCL_OUTOFCORE
[0.985s] -- looking for PCL_PEOPLE
[1.074s] -- Found AMD headers in: /usr/include/suitesparse
[1.074s] -- Found AMD library: /usr/lib/x86_64-linux-gnu/libamd.so
[1.074s] -- Found CAMD headers in: /usr/include/suitesparse
[1.074s] -- Found CAMD library: /usr/lib/x86_64-linux-gnu/libcamd.so
[1.075s] -- Found CCOLAMD headers in: /usr/include/suitesparse
[1.075s] -- Found CCOLAMD library: /usr/lib/x86_64-linux-gnu/libccolamd.so
[1.075s] -- Found CHOLMOD headers in: /usr/include/suitesparse
[1.075s] -- Found CHOLMOD library: /usr/lib/x86_64-linux-gnu/libcholmod.so
[1.075s] -- Found COLAMD headers in: /usr/include/suitesparse
[1.075s] -- Found COLAMD library: /usr/lib/x86_64-linux-gnu/libcolamd.so
[1.075s] -- Found SPQR headers in: /usr/include/suitesparse
[1.075s] -- Found SPQR library: /usr/lib/x86_64-linux-gnu/libspqr.so
[1.075s] -- Found Config headers in: /usr/include/suitesparse
[1.075s] -- Found Config library: /usr/lib/x86_64-linux-gnu/libsuitesparseconfig.so
[1.076s] -- Found Intel Thread Building Blocks (TBB) library (2020.1 / 11101) include location: . Assuming SuiteSparseQR was compiled with TBB.
[1.076s] -- Adding librt to SuiteSparse_config libraries (required on Linux & Unix [not OSX] if SuiteSparse is compiled with timing).
[1.079s] -- Could NOT find METIS (missing: METIS_INCLUDE_DIR METIS_LIBRARY) 
[1.081s] -- Found required Ceres dependency: Eigen version 3.3.9 in /usr/local/share/eigen3/cmake
[1.082s] -- Found required Ceres dependency: glog
[1.084s] -- Found required Ceres dependency: gflags
[1.084s] -- Found Ceres version: 2.2.0 installed in: /usr/local with components: [EigenSparse, SparseLinearAlgebraLibrary, LAPACK, SuiteSparse, SchurSpecializations]
[1.084s] -- Found ament_lint_auto: 0.9.8 (/opt/ros/foxy/share/ament_lint_auto/cmake)
[1.181s] -- Added test 'copyright' to check source files copyright and LICENSE
[1.182s] -- Added test 'cppcheck' to perform static code analysis on C / C++ code
[1.182s] -- Configured cppcheck include dirs: 
[1.182s] -- Configured cppcheck exclude dirs and/or files: 
[1.183s] -- Added test 'cpplint' to check C / C++ code against the Google style
[1.183s] -- Configured cpplint exclude dirs and/or files: 
[1.183s] -- Added test 'lint_cmake' to check CMake code style
[1.183s] -- Added test 'uncrustify' to check C / C++ code style
[1.183s] -- Configured uncrustify additional arguments: 
[1.184s] -- Added test 'xmllint' to check XML markup files
[1.186s] -- Configuring done
[1.222s] -- Generating done
[1.225s] -- Build files have been written to: /home/weiwei/Desktop/project/ObsAvoidance/build/path_planner
[1.253s] [35m[1mScanning dependencies of target path_planner[0m
[1.346s] [ 33%] [32mBuilding CXX object CMakeFiles/path_planner.dir/src/planner.cpp.o[0m
[1.346s] [ 66%] [32mBuilding CXX object CMakeFiles/path_planner.dir/src/main.cpp.o[0m
[5.034s] [100%] [32m[1mLinking CXX executable path_planner[0m
[5.211s] [100%] Built target path_planner
[5.220s] Invoked command in '/home/weiwei/Desktop/project/ObsAvoidance/build/path_planner' returned '0': AMENT_PREFIX_PATH=/home/weiwei/Desktop/project/ObsAvoidance/install/interface:${AMENT_PREFIX_PATH} CMAKE_PREFIX_PATH=/home/weiwei/Desktop/project/ObsAvoidance/install/interface:/opt/ros/foxy LD_LIBRARY_PATH=/home/weiwei/Desktop/project/ObsAvoidance/install/interface/lib:${LD_LIBRARY_PATH} PYTHONPATH=/home/weiwei/Desktop/project/ObsAvoidance/install/interface/lib/python3.8/site-packages:${PYTHONPATH} /usr/bin/cmake --build /home/weiwei/Desktop/project/ObsAvoidance/build/path_planner -- -j16 -l16
[5.240s] Invoking command in '/home/weiwei/Desktop/project/ObsAvoidance/build/path_planner': AMENT_PREFIX_PATH=/home/weiwei/Desktop/project/ObsAvoidance/install/interface:${AMENT_PREFIX_PATH} CMAKE_PREFIX_PATH=/home/weiwei/Desktop/project/ObsAvoidance/install/interface:/opt/ros/foxy LD_LIBRARY_PATH=/home/weiwei/Desktop/project/ObsAvoidance/install/interface/lib:${LD_LIBRARY_PATH} PYTHONPATH=/home/weiwei/Desktop/project/ObsAvoidance/install/interface/lib/python3.8/site-packages:${PYTHONPATH} /usr/bin/cmake --install /home/weiwei/Desktop/project/ObsAvoidance/build/path_planner
[5.247s] -- Install configuration: ""
[5.248s] -- Installing: /home/weiwei/Desktop/project/ObsAvoidance/install/path_planner/lib/path_planner/path_planner
[5.248s] -- Set runtime path of "/home/weiwei/Desktop/project/ObsAvoidance/install/path_planner/lib/path_planner/path_planner" to ""
[5.248s] -- Up-to-date: /home/weiwei/Desktop/project/ObsAvoidance/install/path_planner/share/ament_index/resource_index/package_run_dependencies/path_planner
[5.248s] -- Installing: /home/weiwei/Desktop/project/ObsAvoidance/install/path_planner/share/ament_index/resource_index/parent_prefix_path/path_planner
[5.248s] -- Installing: /home/weiwei/Desktop/project/ObsAvoidance/install/path_planner/share/path_planner/environment/ament_prefix_path.sh
[5.248s] -- Installing: /home/weiwei/Desktop/project/ObsAvoidance/install/path_planner/share/path_planner/environment/ament_prefix_path.dsv
[5.248s] -- Installing: /home/weiwei/Desktop/project/ObsAvoidance/install/path_planner/share/path_planner/environment/path.sh
[5.248s] -- Installing: /home/weiwei/Desktop/project/ObsAvoidance/install/path_planner/share/path_planner/environment/path.dsv
[5.248s] -- Up-to-date: /home/weiwei/Desktop/project/ObsAvoidance/install/path_planner/share/path_planner/local_setup.bash
[5.248s] -- Up-to-date: /home/weiwei/Desktop/project/ObsAvoidance/install/path_planner/share/path_planner/local_setup.sh
[5.248s] -- Up-to-date: /home/weiwei/Desktop/project/ObsAvoidance/install/path_planner/share/path_planner/local_setup.zsh
[5.249s] -- Installing: /home/weiwei/Desktop/project/ObsAvoidance/install/path_planner/share/path_planner/local_setup.dsv
[5.249s] -- Installing: /home/weiwei/Desktop/project/ObsAvoidance/install/path_planner/share/path_planner/package.dsv
[5.249s] -- Up-to-date: /home/weiwei/Desktop/project/ObsAvoidance/install/path_planner/share/ament_index/resource_index/packages/path_planner
[5.249s] -- Up-to-date: /home/weiwei/Desktop/project/ObsAvoidance/install/path_planner/share/path_planner/cmake/path_plannerConfig.cmake
[5.249s] -- Up-to-date: /home/weiwei/Desktop/project/ObsAvoidance/install/path_planner/share/path_planner/cmake/path_plannerConfig-version.cmake
[5.249s] -- Up-to-date: /home/weiwei/Desktop/project/ObsAvoidance/install/path_planner/share/path_planner/package.xml
[5.250s] Invoked command in '/home/weiwei/Desktop/project/ObsAvoidance/build/path_planner' returned '0': AMENT_PREFIX_PATH=/home/weiwei/Desktop/project/ObsAvoidance/install/interface:${AMENT_PREFIX_PATH} CMAKE_PREFIX_PATH=/home/weiwei/Desktop/project/ObsAvoidance/install/interface:/opt/ros/foxy LD_LIBRARY_PATH=/home/weiwei/Desktop/project/ObsAvoidance/install/interface/lib:${LD_LIBRARY_PATH} PYTHONPATH=/home/weiwei/Desktop/project/ObsAvoidance/install/interface/lib/python3.8/site-packages:${PYTHONPATH} /usr/bin/cmake --install /home/weiwei/Desktop/project/ObsAvoidance/build/path_planner
