[0.199s] Invoking command in '/home/weiwei/Desktop/project/ObsAvoidance/build/interface': CMAKE_PREFIX_PATH=/opt/ros/foxy /usr/bin/cmake --build /home/weiwei/Desktop/project/ObsAvoidance/build/interface -- -j16 -l16
[0.224s] -- Found ament_cmake: 0.9.12 (/opt/ros/foxy/share/ament_cmake/cmake)
[0.240s] -- Found PythonInterp: /usr/bin/python3 (found suitable version "3.8.10", minimum required is "3") 
[0.240s] -- Using PYTHON_EXECUTABLE: /usr/bin/python3
[0.359s] -- Found rclcpp: 2.4.3 (/opt/ros/foxy/share/rclcpp/cmake)
[0.388s] -- Using all available rosidl_typesupport_c: rosidl_typesupport_fastrtps_c;rosidl_typesupport_introspection_c
[0.391s] -- Found rosidl_adapter: 1.3.1 (/opt/ros/foxy/share/rosidl_adapter/cmake)
[0.484s] -- Using all available rosidl_typesupport_cpp: rosidl_typesupport_fastrtps_cpp;rosidl_typesupport_introspection_cpp
[0.521s] -- Found rmw_implementation_cmake: 1.0.4 (/opt/ros/foxy/share/rmw_implementation_cmake/cmake)
[0.522s] -- Using RMW implementation 'rmw_fastrtps_cpp' as default
[0.617s] -- Found sensor_msgs: 2.0.5 (/opt/ros/foxy/share/sensor_msgs/cmake)
[0.689s] -- Found rosidl_default_generators: 1.0.1 (/opt/ros/foxy/share/rosidl_default_generators/cmake)
[0.696s] -- Found ament_lint_auto: 0.9.8 (/opt/ros/foxy/share/ament_lint_auto/cmake)
[0.753s] -- Found PythonInterp: /usr/bin/python3 (found version "3.8.10") 
[0.856s] -- Found ament_cmake_ros: 0.9.2 (/opt/ros/foxy/share/ament_cmake_ros/cmake)
[1.061s] -- Using all available rosidl_typesupport_c: rosidl_typesupport_fastrtps_c;rosidl_typesupport_introspection_c
[1.154s] -- Using all available rosidl_typesupport_cpp: rosidl_typesupport_fastrtps_cpp;rosidl_typesupport_introspection_cpp
[1.171s] -- Found PythonInterp: /usr/bin/python3 (found suitable version "3.8.10", minimum required is "3.5") 
[1.171s] -- Found python_cmake_module: 0.8.1 (/opt/ros/foxy/share/python_cmake_module/cmake)
[1.187s] -- Using PYTHON_EXECUTABLE: /usr/bin/python3
[1.187s] -- Using PYTHON_INCLUDE_DIRS: /usr/include/python3.8
[1.187s] -- Using PYTHON_LIBRARIES: /usr/lib/x86_64-linux-gnu/libpython3.8.so
[1.231s] -- Added test 'copyright' to check source files copyright and LICENSE
[1.232s] -- Added test 'lint_cmake' to check CMake code style
[1.233s] -- Added test 'xmllint' to check XML markup files
[1.238s] -- Configuring done
[1.285s] -- Generating done
[1.287s] -- Build files have been written to: /home/weiwei/Desktop/project/ObsAvoidance/build/interface
[1.307s] [  1%] [34m[1mGenerating C code for ROS interfaces[0m
[1.314s] [  3%] [34m[1mGenerating C++ code for ROS interfaces[0m
[1.596s] [  3%] Built target interface__cpp
[1.603s] [  9%] [34m[1mGenerating C++ type support dispatch for ROS interfaces[0m
[1.604s] [  9%] [34m[1mGenerating C++ type support for eProsima Fast-RTPS[0m
[1.604s] [  9%] [34m[1mGenerating C++ introspection for ROS interfaces[0m
[1.606s] [35m[1mScanning dependencies of target interface__rosidl_generator_c[0m
[1.617s] [ 12%] [32mBuilding C object CMakeFiles/interface__rosidl_generator_c.dir/rosidl_generator_c/interface/msg/detail/slam__functions.c.o[0m
[1.617s] [ 12%] [32mBuilding C object CMakeFiles/interface__rosidl_generator_c.dir/rosidl_generator_c/interface/srv/detail/path_points__functions.c.o[0m
[1.618s] [ 14%] [32mBuilding C object CMakeFiles/interface__rosidl_generator_c.dir/rosidl_generator_c/interface/srv/detail/base_joint_motor_value__functions.c.o[0m
[1.618s] [ 16%] [32mBuilding C object CMakeFiles/interface__rosidl_generator_c.dir/rosidl_generator_c/interface/srv/detail/enable_follow__functions.c.o[0m
[1.684s] [ 18%] [32m[1mLinking C shared library libinterface__rosidl_generator_c.so[0m
[1.716s] [ 18%] Built target interface__rosidl_generator_c
[1.723s] [ 20%] [34m[1mGenerating C type support dispatch for ROS interfaces[0m
[1.724s] [ 21%] [34m[1mGenerating C introspection for ROS interfaces[0m
[1.806s] [35m[1mScanning dependencies of target interface__rosidl_typesupport_cpp[0m
[1.816s] [ 23%] [32mBuilding CXX object CMakeFiles/interface__rosidl_typesupport_cpp.dir/rosidl_typesupport_cpp/interface/msg/slam__type_support.cpp.o[0m
[1.818s] [ 27%] [32mBuilding CXX object CMakeFiles/interface__rosidl_typesupport_cpp.dir/rosidl_typesupport_cpp/interface/srv/enable_follow__type_support.cpp.o[0m
[1.818s] [ 27%] [32mBuilding CXX object CMakeFiles/interface__rosidl_typesupport_cpp.dir/rosidl_typesupport_cpp/interface/srv/base_joint_motor_value__type_support.cpp.o[0m
[1.818s] [ 29%] [32mBuilding CXX object CMakeFiles/interface__rosidl_typesupport_cpp.dir/rosidl_typesupport_cpp/interface/srv/path_points__type_support.cpp.o[0m
[1.841s] [35m[1mScanning dependencies of target interface__rosidl_typesupport_introspection_cpp[0m
[1.854s] [ 36%] [32mBuilding CXX object CMakeFiles/interface__rosidl_typesupport_introspection_cpp.dir/rosidl_typesupport_introspection_cpp/interface/srv/detail/enable_follow__type_support.cpp.o[0m
[1.854s] [ 36%] [32mBuilding CXX object CMakeFiles/interface__rosidl_typesupport_introspection_cpp.dir/rosidl_typesupport_introspection_cpp/interface/srv/detail/base_joint_motor_value__type_support.cpp.o[0m
[1.855s] [ 36%] [32mBuilding CXX object CMakeFiles/interface__rosidl_typesupport_introspection_cpp.dir/rosidl_typesupport_introspection_cpp/interface/msg/detail/slam__type_support.cpp.o[0m
[1.855s] [ 36%] [32mBuilding CXX object CMakeFiles/interface__rosidl_typesupport_introspection_cpp.dir/rosidl_typesupport_introspection_cpp/interface/srv/detail/path_points__type_support.cpp.o[0m
[1.911s] [35m[1mScanning dependencies of target interface__rosidl_typesupport_fastrtps_cpp[0m
[1.932s] [ 38%] [32mBuilding CXX object CMakeFiles/interface__rosidl_typesupport_fastrtps_cpp.dir/rosidl_typesupport_fastrtps_cpp/interface/msg/detail/dds_fastrtps/slam__type_support.cpp.o[0m
[1.932s] [ 40%] [32mBuilding CXX object CMakeFiles/interface__rosidl_typesupport_fastrtps_cpp.dir/rosidl_typesupport_fastrtps_cpp/interface/srv/detail/dds_fastrtps/path_points__type_support.cpp.o[0m
[1.939s] [ 41%] [32mBuilding CXX object CMakeFiles/interface__rosidl_typesupport_fastrtps_cpp.dir/rosidl_typesupport_fastrtps_cpp/interface/srv/detail/dds_fastrtps/base_joint_motor_value__type_support.cpp.o[0m
[1.948s] [ 43%] [32mBuilding CXX object CMakeFiles/interface__rosidl_typesupport_fastrtps_cpp.dir/rosidl_typesupport_fastrtps_cpp/interface/srv/detail/dds_fastrtps/enable_follow__type_support.cpp.o[0m
[1.975s] [35m[1mScanning dependencies of target interface__rosidl_typesupport_c[0m
[2.008s] [ 45%] [32mBuilding CXX object CMakeFiles/interface__rosidl_typesupport_c.dir/rosidl_typesupport_c/interface/srv/base_joint_motor_value__type_support.cpp.o[0m
[2.031s] [ 47%] [32mBuilding CXX object CMakeFiles/interface__rosidl_typesupport_c.dir/rosidl_typesupport_c/interface/msg/slam__type_support.cpp.o[0m
[2.066s] [ 49%] [32mBuilding CXX object CMakeFiles/interface__rosidl_typesupport_c.dir/rosidl_typesupport_c/interface/srv/path_points__type_support.cpp.o[0m
[2.093s] [ 50%] [32mBuilding CXX object CMakeFiles/interface__rosidl_typesupport_c.dir/rosidl_typesupport_c/interface/srv/enable_follow__type_support.cpp.o[0m
[2.128s] [ 52%] [32m[1mLinking CXX shared library libinterface__rosidl_typesupport_cpp.so[0m
[2.130s] [ 54%] [32m[1mLinking CXX shared library libinterface__rosidl_typesupport_c.so[0m
[2.131s] [35m[1mScanning dependencies of target interface__rosidl_typesupport_introspection_c[0m
[2.147s] [ 60%] [32mBuilding C object CMakeFiles/interface__rosidl_typesupport_introspection_c.dir/rosidl_typesupport_introspection_c/interface/srv/detail/base_joint_motor_value__type_support.c.o[0m
[2.147s] [ 60%] [32mBuilding C object CMakeFiles/interface__rosidl_typesupport_introspection_c.dir/rosidl_typesupport_introspection_c/interface/srv/detail/enable_follow__type_support.c.o[0m
[2.147s] [ 60%] [32mBuilding C object CMakeFiles/interface__rosidl_typesupport_introspection_c.dir/rosidl_typesupport_introspection_c/interface/msg/detail/slam__type_support.c.o[0m
[2.161s] [ 61%] [32mBuilding C object CMakeFiles/interface__rosidl_typesupport_introspection_c.dir/rosidl_typesupport_introspection_c/interface/srv/detail/path_points__type_support.c.o[0m
[2.176s] [ 61%] Built target interface__rosidl_typesupport_cpp
[2.179s] [ 61%] Built target interface__rosidl_typesupport_c
[2.199s] [ 63%] [32m[1mLinking C shared library libinterface__rosidl_typesupport_introspection_c.so[0m
[2.204s] [ 65%] [32m[1mLinking CXX shared library libinterface__rosidl_typesupport_introspection_cpp.so[0m
[2.222s] [ 65%] Built target interface__rosidl_typesupport_introspection_c
[2.255s] [ 65%] Built target interface__rosidl_typesupport_introspection_cpp
[2.382s] [ 67%] [32m[1mLinking CXX shared library libinterface__rosidl_typesupport_fastrtps_cpp.so[0m
[2.442s] [ 67%] Built target interface__rosidl_typesupport_fastrtps_cpp
[2.449s] [ 69%] [34m[1mGenerating C type support for eProsima Fast-RTPS[0m
[2.687s] [35m[1mScanning dependencies of target interface__rosidl_typesupport_fastrtps_c[0m
[2.701s] [ 76%] [32mBuilding CXX object CMakeFiles/interface__rosidl_typesupport_fastrtps_c.dir/rosidl_typesupport_fastrtps_c/interface/srv/detail/base_joint_motor_value__type_support_c.cpp.o[0m
[2.701s] [ 76%] [32mBuilding CXX object CMakeFiles/interface__rosidl_typesupport_fastrtps_c.dir/rosidl_typesupport_fastrtps_c/interface/msg/detail/slam__type_support_c.cpp.o[0m
[2.702s] [ 76%] [32mBuilding CXX object CMakeFiles/interface__rosidl_typesupport_fastrtps_c.dir/rosidl_typesupport_fastrtps_c/interface/srv/detail/enable_follow__type_support_c.cpp.o[0m
[2.702s] [ 76%] [32mBuilding CXX object CMakeFiles/interface__rosidl_typesupport_fastrtps_c.dir/rosidl_typesupport_fastrtps_c/interface/srv/detail/path_points__type_support_c.cpp.o[0m
[2.921s] [ 78%] [32m[1mLinking CXX shared library libinterface__rosidl_typesupport_fastrtps_c.so[0m
[2.978s] [ 78%] Built target interface__rosidl_typesupport_fastrtps_c
[2.992s] [ 78%] Built target interface
[3.005s] [ 80%] [34m[1mGenerating Python code for ROS interfaces[0m
[3.554s] [ 80%] Built target interface__py
[3.562s] [35m[1mScanning dependencies of target interface__python[0m
[3.575s] [ 83%] [32mBuilding C object CMakeFiles/interface__python.dir/rosidl_generator_py/interface/msg/_slam_s.c.o[0m
[3.576s] [ 85%] [32mBuilding C object CMakeFiles/interface__python.dir/rosidl_generator_py/interface/srv/_path_points_s.c.o[0m
[3.576s] [ 85%] [32mBuilding C object CMakeFiles/interface__python.dir/rosidl_generator_py/interface/srv/_base_joint_motor_value_s.c.o[0m
[3.576s] [ 87%] [32mBuilding C object CMakeFiles/interface__python.dir/rosidl_generator_py/interface/srv/_enable_follow_s.c.o[0m
[3.650s] [ 89%] [32m[1mLinking C shared library rosidl_generator_py/interface/libinterface__python.so[0m
[3.681s] [ 89%] Built target interface__python
[3.689s] [35m[1mScanning dependencies of target interface__rosidl_typesupport_c__pyext[0m
[3.689s] [35m[1mScanning dependencies of target interface__rosidl_typesupport_fastrtps_c__pyext[0m
[3.689s] [35m[1mScanning dependencies of target interface__rosidl_typesupport_introspection_c__pyext[0m
[3.700s] [ 92%] [32mBuilding C object CMakeFiles/interface__rosidl_typesupport_introspection_c__pyext.dir/rosidl_generator_py/interface/_interface_s.ep.rosidl_typesupport_introspection_c.c.o[0m
[3.700s] [ 92%] [32mBuilding C object CMakeFiles/interface__rosidl_typesupport_c__pyext.dir/rosidl_generator_py/interface/_interface_s.ep.rosidl_typesupport_c.c.o[0m
[3.700s] [ 94%] [32mBuilding C object CMakeFiles/interface__rosidl_typesupport_fastrtps_c__pyext.dir/rosidl_generator_py/interface/_interface_s.ep.rosidl_typesupport_fastrtps_c.c.o[0m
[3.768s] [ 96%] [32m[1mLinking C shared library rosidl_generator_py/interface/interface_s__rosidl_typesupport_c.cpython-38-x86_64-linux-gnu.so[0m
[3.769s] [ 98%] [32m[1mLinking C shared library rosidl_generator_py/interface/interface_s__rosidl_typesupport_introspection_c.cpython-38-x86_64-linux-gnu.so[0m
[3.772s] [100%] [32m[1mLinking CXX shared library rosidl_generator_py/interface/interface_s__rosidl_typesupport_fastrtps_c.cpython-38-x86_64-linux-gnu.so[0m
[3.796s] [100%] Built target interface__rosidl_typesupport_c__pyext
[3.796s] [100%] Built target interface__rosidl_typesupport_introspection_c__pyext
[3.820s] [100%] Built target interface__rosidl_typesupport_fastrtps_c__pyext
[3.828s] Invoked command in '/home/weiwei/Desktop/project/ObsAvoidance/build/interface' returned '0': CMAKE_PREFIX_PATH=/opt/ros/foxy /usr/bin/cmake --build /home/weiwei/Desktop/project/ObsAvoidance/build/interface -- -j16 -l16
[3.892s] Invoking command in '/home/weiwei/Desktop/project/ObsAvoidance/build/interface': CMAKE_PREFIX_PATH=/opt/ros/foxy /usr/bin/cmake --install /home/weiwei/Desktop/project/ObsAvoidance/build/interface
[3.897s] -- Install configuration: ""
[3.897s] -- Up-to-date: /home/weiwei/Desktop/project/ObsAvoidance/install/interface/share/ament_index/resource_index/rosidl_interfaces/interface
[3.897s] -- Up-to-date: /home/weiwei/Desktop/project/ObsAvoidance/install/interface/include/interface
[3.897s] -- Up-to-date: /home/weiwei/Desktop/project/ObsAvoidance/install/interface/include/interface/srv
[3.898s] -- Up-to-date: /home/weiwei/Desktop/project/ObsAvoidance/install/interface/include/interface/srv/detail
[3.898s] -- Installing: /home/weiwei/Desktop/project/ObsAvoidance/install/interface/include/interface/srv/detail/enable_follow__type_support.h
[3.898s] -- Installing: /home/weiwei/Desktop/project/ObsAvoidance/install/interface/include/interface/srv/detail/base_joint_motor_value__functions.h
[3.898s] -- Installing: /home/weiwei/Desktop/project/ObsAvoidance/install/interface/include/interface/srv/detail/enable_follow__functions.h
[3.898s] -- Installing: /home/weiwei/Desktop/project/ObsAvoidance/install/interface/include/interface/srv/detail/path_points__functions.c
[3.898s] -- Installing: /home/weiwei/Desktop/project/ObsAvoidance/install/interface/include/interface/srv/detail/base_joint_motor_value__type_support.h
[3.898s] -- Installing: /home/weiwei/Desktop/project/ObsAvoidance/install/interface/include/interface/srv/detail/base_joint_motor_value__functions.c
[3.898s] -- Installing: /home/weiwei/Desktop/project/ObsAvoidance/install/interface/include/interface/srv/detail/path_points__functions.h
[3.898s] -- Installing: /home/weiwei/Desktop/project/ObsAvoidance/install/interface/include/interface/srv/detail/path_points__type_support.h
[3.898s] -- Installing: /home/weiwei/Desktop/project/ObsAvoidance/install/interface/include/interface/srv/detail/enable_follow__functions.c
[3.898s] -- Installing: /home/weiwei/Desktop/project/ObsAvoidance/install/interface/include/interface/srv/detail/path_points__struct.h
[3.898s] -- Installing: /home/weiwei/Desktop/project/ObsAvoidance/install/interface/include/interface/srv/detail/base_joint_motor_value__struct.h
[3.898s] -- Installing: /home/weiwei/Desktop/project/ObsAvoidance/install/interface/include/interface/srv/detail/enable_follow__struct.h
[3.898s] -- Installing: /home/weiwei/Desktop/project/ObsAvoidance/install/interface/include/interface/srv/path_points.h
[3.898s] -- Installing: /home/weiwei/Desktop/project/ObsAvoidance/install/interface/include/interface/srv/enable_follow.h
[3.898s] -- Installing: /home/weiwei/Desktop/project/ObsAvoidance/install/interface/include/interface/srv/base_joint_motor_value.h
[3.898s] -- Up-to-date: /home/weiwei/Desktop/project/ObsAvoidance/install/interface/include/interface/msg
[3.898s] -- Up-to-date: /home/weiwei/Desktop/project/ObsAvoidance/install/interface/include/interface/msg/detail
[3.898s] -- Installing: /home/weiwei/Desktop/project/ObsAvoidance/install/interface/include/interface/msg/detail/slam__struct.h
[3.898s] -- Installing: /home/weiwei/Desktop/project/ObsAvoidance/install/interface/include/interface/msg/detail/slam__type_support.h
[3.898s] -- Installing: /home/weiwei/Desktop/project/ObsAvoidance/install/interface/include/interface/msg/detail/slam__functions.c
[3.899s] -- Installing: /home/weiwei/Desktop/project/ObsAvoidance/install/interface/include/interface/msg/detail/slam__functions.h
[3.899s] -- Installing: /home/weiwei/Desktop/project/ObsAvoidance/install/interface/include/interface/msg/slam.h
[3.899s] -- Up-to-date: /home/weiwei/Desktop/project/ObsAvoidance/install/interface/include/interface/msg/rosidl_generator_c__visibility_control.h
[3.899s] -- Up-to-date: /home/weiwei/Desktop/project/ObsAvoidance/install/interface/share/interface/environment/library_path.sh
[3.899s] -- Installing: /home/weiwei/Desktop/project/ObsAvoidance/install/interface/share/interface/environment/library_path.dsv
[3.899s] -- Installing: /home/weiwei/Desktop/project/ObsAvoidance/install/interface/lib/libinterface__rosidl_generator_c.so
[3.899s] -- Set runtime path of "/home/weiwei/Desktop/project/ObsAvoidance/install/interface/lib/libinterface__rosidl_generator_c.so" to ""
[3.899s] -- Up-to-date: /home/weiwei/Desktop/project/ObsAvoidance/install/interface/include/interface
[3.899s] -- Up-to-date: /home/weiwei/Desktop/project/ObsAvoidance/install/interface/include/interface/srv
[3.899s] -- Up-to-date: /home/weiwei/Desktop/project/ObsAvoidance/install/interface/include/interface/srv/detail
[3.899s] -- Installing: /home/weiwei/Desktop/project/ObsAvoidance/install/interface/include/interface/srv/detail/base_joint_motor_value__rosidl_typesupport_fastrtps_c.h
[3.899s] -- Installing: /home/weiwei/Desktop/project/ObsAvoidance/install/interface/include/interface/srv/detail/enable_follow__rosidl_typesupport_fastrtps_c.h
[3.899s] -- Installing: /home/weiwei/Desktop/project/ObsAvoidance/install/interface/include/interface/srv/detail/path_points__rosidl_typesupport_fastrtps_c.h
[3.899s] -- Up-to-date: /home/weiwei/Desktop/project/ObsAvoidance/install/interface/include/interface/msg
[3.899s] -- Up-to-date: /home/weiwei/Desktop/project/ObsAvoidance/install/interface/include/interface/msg/detail
[3.899s] -- Installing: /home/weiwei/Desktop/project/ObsAvoidance/install/interface/include/interface/msg/detail/slam__rosidl_typesupport_fastrtps_c.h
[3.899s] -- Up-to-date: /home/weiwei/Desktop/project/ObsAvoidance/install/interface/include/interface/msg/rosidl_typesupport_fastrtps_c__visibility_control.h
[3.900s] -- Installing: /home/weiwei/Desktop/project/ObsAvoidance/install/interface/lib/libinterface__rosidl_typesupport_fastrtps_c.so
[3.900s] -- Set runtime path of "/home/weiwei/Desktop/project/ObsAvoidance/install/interface/lib/libinterface__rosidl_typesupport_fastrtps_c.so" to ""
[3.900s] -- Up-to-date: /home/weiwei/Desktop/project/ObsAvoidance/install/interface/include/interface
[3.900s] -- Up-to-date: /home/weiwei/Desktop/project/ObsAvoidance/install/interface/include/interface/srv
[3.900s] -- Up-to-date: /home/weiwei/Desktop/project/ObsAvoidance/install/interface/include/interface/srv/detail
[3.900s] -- Installing: /home/weiwei/Desktop/project/ObsAvoidance/install/interface/include/interface/srv/detail/enable_follow__rosidl_typesupport_fastrtps_cpp.hpp
[3.900s] -- Installing: /home/weiwei/Desktop/project/ObsAvoidance/install/interface/include/interface/srv/detail/path_points__rosidl_typesupport_fastrtps_cpp.hpp
[3.900s] -- Up-to-date: /home/weiwei/Desktop/project/ObsAvoidance/install/interface/include/interface/srv/detail/dds_fastrtps
[3.900s] -- Installing: /home/weiwei/Desktop/project/ObsAvoidance/install/interface/include/interface/srv/detail/base_joint_motor_value__rosidl_typesupport_fastrtps_cpp.hpp
[3.900s] -- Up-to-date: /home/weiwei/Desktop/project/ObsAvoidance/install/interface/include/interface/msg
[3.900s] -- Up-to-date: /home/weiwei/Desktop/project/ObsAvoidance/install/interface/include/interface/msg/detail
[3.900s] -- Installing: /home/weiwei/Desktop/project/ObsAvoidance/install/interface/include/interface/msg/detail/slam__rosidl_typesupport_fastrtps_cpp.hpp
[3.900s] -- Up-to-date: /home/weiwei/Desktop/project/ObsAvoidance/install/interface/include/interface/msg/detail/dds_fastrtps
[3.900s] -- Up-to-date: /home/weiwei/Desktop/project/ObsAvoidance/install/interface/include/interface/msg/rosidl_typesupport_fastrtps_cpp__visibility_control.h
[3.900s] -- Installing: /home/weiwei/Desktop/project/ObsAvoidance/install/interface/lib/libinterface__rosidl_typesupport_fastrtps_cpp.so
[3.901s] -- Set runtime path of "/home/weiwei/Desktop/project/ObsAvoidance/install/interface/lib/libinterface__rosidl_typesupport_fastrtps_cpp.so" to ""
[3.901s] -- Up-to-date: /home/weiwei/Desktop/project/ObsAvoidance/install/interface/include/interface
[3.901s] -- Up-to-date: /home/weiwei/Desktop/project/ObsAvoidance/install/interface/include/interface/srv
[3.901s] -- Up-to-date: /home/weiwei/Desktop/project/ObsAvoidance/install/interface/include/interface/srv/detail
[3.901s] -- Installing: /home/weiwei/Desktop/project/ObsAvoidance/install/interface/include/interface/srv/detail/base_joint_motor_value__type_support.c
[3.901s] -- Installing: /home/weiwei/Desktop/project/ObsAvoidance/install/interface/include/interface/srv/detail/path_points__rosidl_typesupport_introspection_c.h
[3.901s] -- Installing: /home/weiwei/Desktop/project/ObsAvoidance/install/interface/include/interface/srv/detail/enable_follow__type_support.c
[3.901s] -- Installing: /home/weiwei/Desktop/project/ObsAvoidance/install/interface/include/interface/srv/detail/enable_follow__rosidl_typesupport_introspection_c.h
[3.901s] -- Installing: /home/weiwei/Desktop/project/ObsAvoidance/install/interface/include/interface/srv/detail/base_joint_motor_value__rosidl_typesupport_introspection_c.h
[3.901s] -- Installing: /home/weiwei/Desktop/project/ObsAvoidance/install/interface/include/interface/srv/detail/path_points__type_support.c
[3.901s] -- Up-to-date: /home/weiwei/Desktop/project/ObsAvoidance/install/interface/include/interface/msg
[3.901s] -- Up-to-date: /home/weiwei/Desktop/project/ObsAvoidance/install/interface/include/interface/msg/detail
[3.901s] -- Installing: /home/weiwei/Desktop/project/ObsAvoidance/install/interface/include/interface/msg/detail/slam__type_support.c
[3.901s] -- Installing: /home/weiwei/Desktop/project/ObsAvoidance/install/interface/include/interface/msg/detail/slam__rosidl_typesupport_introspection_c.h
[3.901s] -- Up-to-date: /home/weiwei/Desktop/project/ObsAvoidance/install/interface/include/interface/msg/rosidl_typesupport_introspection_c__visibility_control.h
[3.901s] -- Installing: /home/weiwei/Desktop/project/ObsAvoidance/install/interface/lib/libinterface__rosidl_typesupport_introspection_c.so
[3.902s] -- Set runtime path of "/home/weiwei/Desktop/project/ObsAvoidance/install/interface/lib/libinterface__rosidl_typesupport_introspection_c.so" to ""
[3.902s] -- Installing: /home/weiwei/Desktop/project/ObsAvoidance/install/interface/lib/libinterface__rosidl_typesupport_c.so
[3.902s] -- Set runtime path of "/home/weiwei/Desktop/project/ObsAvoidance/install/interface/lib/libinterface__rosidl_typesupport_c.so" to ""
[3.902s] -- Up-to-date: /home/weiwei/Desktop/project/ObsAvoidance/install/interface/include/interface
[3.902s] -- Up-to-date: /home/weiwei/Desktop/project/ObsAvoidance/install/interface/include/interface/srv
[3.902s] -- Up-to-date: /home/weiwei/Desktop/project/ObsAvoidance/install/interface/include/interface/srv/detail
[3.902s] -- Installing: /home/weiwei/Desktop/project/ObsAvoidance/install/interface/include/interface/srv/detail/enable_follow__traits.hpp
[3.902s] -- Installing: /home/weiwei/Desktop/project/ObsAvoidance/install/interface/include/interface/srv/detail/enable_follow__struct.hpp
[3.902s] -- Installing: /home/weiwei/Desktop/project/ObsAvoidance/install/interface/include/interface/srv/detail/base_joint_motor_value__traits.hpp
[3.902s] -- Installing: /home/weiwei/Desktop/project/ObsAvoidance/install/interface/include/interface/srv/detail/enable_follow__builder.hpp
[3.902s] -- Installing: /home/weiwei/Desktop/project/ObsAvoidance/install/interface/include/interface/srv/detail/path_points__builder.hpp
[3.902s] -- Installing: /home/weiwei/Desktop/project/ObsAvoidance/install/interface/include/interface/srv/detail/base_joint_motor_value__type_support.hpp
[3.902s] -- Installing: /home/weiwei/Desktop/project/ObsAvoidance/install/interface/include/interface/srv/detail/path_points__struct.hpp
[3.902s] -- Installing: /home/weiwei/Desktop/project/ObsAvoidance/install/interface/include/interface/srv/detail/path_points__type_support.hpp
[3.902s] -- Installing: /home/weiwei/Desktop/project/ObsAvoidance/install/interface/include/interface/srv/detail/enable_follow__type_support.hpp
[3.902s] -- Installing: /home/weiwei/Desktop/project/ObsAvoidance/install/interface/include/interface/srv/detail/path_points__traits.hpp
[3.903s] -- Installing: /home/weiwei/Desktop/project/ObsAvoidance/install/interface/include/interface/srv/detail/base_joint_motor_value__builder.hpp
[3.903s] -- Installing: /home/weiwei/Desktop/project/ObsAvoidance/install/interface/include/interface/srv/detail/base_joint_motor_value__struct.hpp
[3.903s] -- Installing: /home/weiwei/Desktop/project/ObsAvoidance/install/interface/include/interface/srv/base_joint_motor_value.hpp
[3.903s] -- Installing: /home/weiwei/Desktop/project/ObsAvoidance/install/interface/include/interface/srv/enable_follow.hpp
[3.903s] -- Installing: /home/weiwei/Desktop/project/ObsAvoidance/install/interface/include/interface/srv/path_points.hpp
[3.903s] -- Up-to-date: /home/weiwei/Desktop/project/ObsAvoidance/install/interface/include/interface/msg
[3.903s] -- Up-to-date: /home/weiwei/Desktop/project/ObsAvoidance/install/interface/include/interface/msg/detail
[3.903s] -- Installing: /home/weiwei/Desktop/project/ObsAvoidance/install/interface/include/interface/msg/detail/slam__traits.hpp
[3.903s] -- Installing: /home/weiwei/Desktop/project/ObsAvoidance/install/interface/include/interface/msg/detail/slam__type_support.hpp
[3.903s] -- Installing: /home/weiwei/Desktop/project/ObsAvoidance/install/interface/include/interface/msg/detail/slam__builder.hpp
[3.903s] -- Installing: /home/weiwei/Desktop/project/ObsAvoidance/install/interface/include/interface/msg/detail/slam__struct.hpp
[3.903s] -- Installing: /home/weiwei/Desktop/project/ObsAvoidance/install/interface/include/interface/msg/slam.hpp
[3.903s] -- Up-to-date: /home/weiwei/Desktop/project/ObsAvoidance/install/interface/include/interface/msg/rosidl_generator_cpp__visibility_control.hpp
[3.903s] -- Up-to-date: /home/weiwei/Desktop/project/ObsAvoidance/install/interface/include/interface
[3.903s] -- Up-to-date: /home/weiwei/Desktop/project/ObsAvoidance/install/interface/include/interface/srv
[3.903s] -- Up-to-date: /home/weiwei/Desktop/project/ObsAvoidance/install/interface/include/interface/srv/detail
[3.903s] -- Installing: /home/weiwei/Desktop/project/ObsAvoidance/install/interface/include/interface/srv/detail/enable_follow__type_support.cpp
[3.903s] -- Installing: /home/weiwei/Desktop/project/ObsAvoidance/install/interface/include/interface/srv/detail/enable_follow__rosidl_typesupport_introspection_cpp.hpp
[3.903s] -- Installing: /home/weiwei/Desktop/project/ObsAvoidance/install/interface/include/interface/srv/detail/path_points__rosidl_typesupport_introspection_cpp.hpp
[3.903s] -- Installing: /home/weiwei/Desktop/project/ObsAvoidance/install/interface/include/interface/srv/detail/base_joint_motor_value__type_support.cpp
[3.903s] -- Installing: /home/weiwei/Desktop/project/ObsAvoidance/install/interface/include/interface/srv/detail/base_joint_motor_value__rosidl_typesupport_introspection_cpp.hpp
[3.904s] -- Installing: /home/weiwei/Desktop/project/ObsAvoidance/install/interface/include/interface/srv/detail/path_points__type_support.cpp
[3.904s] -- Up-to-date: /home/weiwei/Desktop/project/ObsAvoidance/install/interface/include/interface/msg
[3.904s] -- Up-to-date: /home/weiwei/Desktop/project/ObsAvoidance/install/interface/include/interface/msg/detail
[3.904s] -- Installing: /home/weiwei/Desktop/project/ObsAvoidance/install/interface/include/interface/msg/detail/slam__type_support.cpp
[3.904s] -- Installing: /home/weiwei/Desktop/project/ObsAvoidance/install/interface/include/interface/msg/detail/slam__rosidl_typesupport_introspection_cpp.hpp
[3.904s] -- Installing: /home/weiwei/Desktop/project/ObsAvoidance/install/interface/lib/libinterface__rosidl_typesupport_introspection_cpp.so
[3.904s] -- Set runtime path of "/home/weiwei/Desktop/project/ObsAvoidance/install/interface/lib/libinterface__rosidl_typesupport_introspection_cpp.so" to ""
[3.904s] -- Installing: /home/weiwei/Desktop/project/ObsAvoidance/install/interface/lib/libinterface__rosidl_typesupport_cpp.so
[3.904s] -- Set runtime path of "/home/weiwei/Desktop/project/ObsAvoidance/install/interface/lib/libinterface__rosidl_typesupport_cpp.so" to ""
[3.904s] -- Up-to-date: /home/weiwei/Desktop/project/ObsAvoidance/install/interface/share/interface/environment/pythonpath.sh
[3.904s] -- Installing: /home/weiwei/Desktop/project/ObsAvoidance/install/interface/share/interface/environment/pythonpath.dsv
[3.904s] -- Installing: /home/weiwei/Desktop/project/ObsAvoidance/install/interface/lib/python3.8/site-packages/interface/__init__.py
[3.924s] Compiling '/home/weiwei/Desktop/project/ObsAvoidance/install/interface/lib/python3.8/site-packages/interface/__init__.py'...
[3.927s] -- Up-to-date: /home/weiwei/Desktop/project/ObsAvoidance/install/interface/lib/python3.8/site-packages/interface/msg
[3.927s] -- Installing: /home/weiwei/Desktop/project/ObsAvoidance/install/interface/lib/python3.8/site-packages/interface/msg/_slam.py
[3.928s] -- Installing: /home/weiwei/Desktop/project/ObsAvoidance/install/interface/lib/python3.8/site-packages/interface/msg/_slam_s.c
[3.928s] -- Installing: /home/weiwei/Desktop/project/ObsAvoidance/install/interface/lib/python3.8/site-packages/interface/msg/__init__.py
[3.928s] -- Up-to-date: /home/weiwei/Desktop/project/ObsAvoidance/install/interface/lib/python3.8/site-packages/interface/srv
[3.928s] -- Installing: /home/weiwei/Desktop/project/ObsAvoidance/install/interface/lib/python3.8/site-packages/interface/srv/_path_points_s.c
[3.928s] -- Installing: /home/weiwei/Desktop/project/ObsAvoidance/install/interface/lib/python3.8/site-packages/interface/srv/_enable_follow.py
[3.928s] -- Installing: /home/weiwei/Desktop/project/ObsAvoidance/install/interface/lib/python3.8/site-packages/interface/srv/_path_points.py
[3.928s] -- Installing: /home/weiwei/Desktop/project/ObsAvoidance/install/interface/lib/python3.8/site-packages/interface/srv/_enable_follow_s.c
[3.928s] -- Installing: /home/weiwei/Desktop/project/ObsAvoidance/install/interface/lib/python3.8/site-packages/interface/srv/_base_joint_motor_value.py
[3.928s] -- Installing: /home/weiwei/Desktop/project/ObsAvoidance/install/interface/lib/python3.8/site-packages/interface/srv/_base_joint_motor_value_s.c
[3.928s] -- Installing: /home/weiwei/Desktop/project/ObsAvoidance/install/interface/lib/python3.8/site-packages/interface/srv/__init__.py
[3.928s] -- Installing: /home/weiwei/Desktop/project/ObsAvoidance/install/interface/lib/python3.8/site-packages/interface/interface_s__rosidl_typesupport_fastrtps_c.cpython-38-x86_64-linux-gnu.so
[3.929s] -- Set runtime path of "/home/weiwei/Desktop/project/ObsAvoidance/install/interface/lib/python3.8/site-packages/interface/interface_s__rosidl_typesupport_fastrtps_c.cpython-38-x86_64-linux-gnu.so" to ""
[3.929s] -- Installing: /home/weiwei/Desktop/project/ObsAvoidance/install/interface/lib/python3.8/site-packages/interface/interface_s__rosidl_typesupport_introspection_c.cpython-38-x86_64-linux-gnu.so
[3.929s] -- Set runtime path of "/home/weiwei/Desktop/project/ObsAvoidance/install/interface/lib/python3.8/site-packages/interface/interface_s__rosidl_typesupport_introspection_c.cpython-38-x86_64-linux-gnu.so" to ""
[3.930s] -- Installing: /home/weiwei/Desktop/project/ObsAvoidance/install/interface/lib/python3.8/site-packages/interface/interface_s__rosidl_typesupport_c.cpython-38-x86_64-linux-gnu.so
[3.930s] -- Set runtime path of "/home/weiwei/Desktop/project/ObsAvoidance/install/interface/lib/python3.8/site-packages/interface/interface_s__rosidl_typesupport_c.cpython-38-x86_64-linux-gnu.so" to ""
[3.930s] -- Installing: /home/weiwei/Desktop/project/ObsAvoidance/install/interface/lib/libinterface__python.so
[3.931s] -- Set runtime path of "/home/weiwei/Desktop/project/ObsAvoidance/install/interface/lib/libinterface__python.so" to ""
[3.931s] -- Up-to-date: /home/weiwei/Desktop/project/ObsAvoidance/install/interface/share/interface/msg/Slam.idl
[3.931s] -- Up-to-date: /home/weiwei/Desktop/project/ObsAvoidance/install/interface/share/interface/srv/PathPoints.idl
[3.931s] -- Up-to-date: /home/weiwei/Desktop/project/ObsAvoidance/install/interface/share/interface/srv/BaseJointMotorValue.idl
[3.931s] -- Installing: /home/weiwei/Desktop/project/ObsAvoidance/install/interface/share/interface/srv/EnableFollow.idl
[3.931s] -- Up-to-date: /home/weiwei/Desktop/project/ObsAvoidance/install/interface/share/interface/msg/Slam.msg
[3.931s] -- Up-to-date: /home/weiwei/Desktop/project/ObsAvoidance/install/interface/share/interface/srv/PathPoints.srv
[3.931s] -- Up-to-date: /home/weiwei/Desktop/project/ObsAvoidance/install/interface/share/interface/srv/PathPoints_Request.msg
[3.931s] -- Up-to-date: /home/weiwei/Desktop/project/ObsAvoidance/install/interface/share/interface/srv/PathPoints_Response.msg
[3.931s] -- Up-to-date: /home/weiwei/Desktop/project/ObsAvoidance/install/interface/share/interface/srv/BaseJointMotorValue.srv
[3.931s] -- Up-to-date: /home/weiwei/Desktop/project/ObsAvoidance/install/interface/share/interface/srv/BaseJointMotorValue_Request.msg
[3.931s] -- Up-to-date: /home/weiwei/Desktop/project/ObsAvoidance/install/interface/share/interface/srv/BaseJointMotorValue_Response.msg
[3.931s] -- Installing: /home/weiwei/Desktop/project/ObsAvoidance/install/interface/share/interface/srv/EnableFollow.srv
[3.931s] -- Up-to-date: /home/weiwei/Desktop/project/ObsAvoidance/install/interface/share/interface/srv/EnableFollow_Request.msg
[3.931s] -- Installing: /home/weiwei/Desktop/project/ObsAvoidance/install/interface/share/interface/srv/EnableFollow_Response.msg
[3.931s] -- Up-to-date: /home/weiwei/Desktop/project/ObsAvoidance/install/interface/share/ament_index/resource_index/package_run_dependencies/interface
[3.931s] -- Up-to-date: /home/weiwei/Desktop/project/ObsAvoidance/install/interface/share/ament_index/resource_index/parent_prefix_path/interface
[3.932s] -- Up-to-date: /home/weiwei/Desktop/project/ObsAvoidance/install/interface/share/interface/environment/ament_prefix_path.sh
[3.932s] -- Installing: /home/weiwei/Desktop/project/ObsAvoidance/install/interface/share/interface/environment/ament_prefix_path.dsv
[3.932s] -- Up-to-date: /home/weiwei/Desktop/project/ObsAvoidance/install/interface/share/interface/environment/path.sh
[3.932s] -- Installing: /home/weiwei/Desktop/project/ObsAvoidance/install/interface/share/interface/environment/path.dsv
[3.932s] -- Up-to-date: /home/weiwei/Desktop/project/ObsAvoidance/install/interface/share/interface/local_setup.bash
[3.932s] -- Up-to-date: /home/weiwei/Desktop/project/ObsAvoidance/install/interface/share/interface/local_setup.sh
[3.932s] -- Up-to-date: /home/weiwei/Desktop/project/ObsAvoidance/install/interface/share/interface/local_setup.zsh
[3.932s] -- Installing: /home/weiwei/Desktop/project/ObsAvoidance/install/interface/share/interface/local_setup.dsv
[3.932s] -- Installing: /home/weiwei/Desktop/project/ObsAvoidance/install/interface/share/interface/package.dsv
[3.932s] -- Up-to-date: /home/weiwei/Desktop/project/ObsAvoidance/install/interface/share/ament_index/resource_index/packages/interface
[3.932s] -- Up-to-date: /home/weiwei/Desktop/project/ObsAvoidance/install/interface/share/interface/cmake/interface__rosidl_generator_cExport.cmake
[3.932s] -- Installing: /home/weiwei/Desktop/project/ObsAvoidance/install/interface/share/interface/cmake/interface__rosidl_generator_cExport-noconfig.cmake
[3.932s] -- Up-to-date: /home/weiwei/Desktop/project/ObsAvoidance/install/interface/share/interface/cmake/interface__rosidl_typesupport_introspection_cExport.cmake
[3.932s] -- Installing: /home/weiwei/Desktop/project/ObsAvoidance/install/interface/share/interface/cmake/interface__rosidl_typesupport_introspection_cExport-noconfig.cmake
[3.932s] -- Up-to-date: /home/weiwei/Desktop/project/ObsAvoidance/install/interface/share/interface/cmake/interface__rosidl_typesupport_cExport.cmake
[3.932s] -- Installing: /home/weiwei/Desktop/project/ObsAvoidance/install/interface/share/interface/cmake/interface__rosidl_typesupport_cExport-noconfig.cmake
[3.932s] -- Up-to-date: /home/weiwei/Desktop/project/ObsAvoidance/install/interface/share/interface/cmake/interface__rosidl_generator_cppExport.cmake
[3.932s] -- Up-to-date: /home/weiwei/Desktop/project/ObsAvoidance/install/interface/share/interface/cmake/interface__rosidl_typesupport_introspection_cppExport.cmake
[3.932s] -- Installing: /home/weiwei/Desktop/project/ObsAvoidance/install/interface/share/interface/cmake/interface__rosidl_typesupport_introspection_cppExport-noconfig.cmake
[3.933s] -- Up-to-date: /home/weiwei/Desktop/project/ObsAvoidance/install/interface/share/interface/cmake/interface__rosidl_typesupport_cppExport.cmake
[3.933s] -- Installing: /home/weiwei/Desktop/project/ObsAvoidance/install/interface/share/interface/cmake/interface__rosidl_typesupport_cppExport-noconfig.cmake
[3.933s] -- Up-to-date: /home/weiwei/Desktop/project/ObsAvoidance/install/interface/share/interface/cmake/rosidl_cmake-extras.cmake
[3.933s] -- Up-to-date: /home/weiwei/Desktop/project/ObsAvoidance/install/interface/share/interface/cmake/ament_cmake_export_dependencies-extras.cmake
[3.933s] -- Up-to-date: /home/weiwei/Desktop/project/ObsAvoidance/install/interface/share/interface/cmake/ament_cmake_export_libraries-extras.cmake
[3.933s] -- Up-to-date: /home/weiwei/Desktop/project/ObsAvoidance/install/interface/share/interface/cmake/ament_cmake_export_targets-extras.cmake
[3.933s] -- Up-to-date: /home/weiwei/Desktop/project/ObsAvoidance/install/interface/share/interface/cmake/ament_cmake_export_include_directories-extras.cmake
[3.933s] -- Up-to-date: /home/weiwei/Desktop/project/ObsAvoidance/install/interface/share/interface/cmake/rosidl_cmake_export_typesupport_libraries-extras.cmake
[3.933s] -- Up-to-date: /home/weiwei/Desktop/project/ObsAvoidance/install/interface/share/interface/cmake/rosidl_cmake_export_typesupport_targets-extras.cmake
[3.933s] -- Up-to-date: /home/weiwei/Desktop/project/ObsAvoidance/install/interface/share/interface/cmake/interfaceConfig.cmake
[3.933s] -- Up-to-date: /home/weiwei/Desktop/project/ObsAvoidance/install/interface/share/interface/cmake/interfaceConfig-version.cmake
[3.933s] -- Up-to-date: /home/weiwei/Desktop/project/ObsAvoidance/install/interface/share/interface/package.xml
[3.935s] Invoked command in '/home/weiwei/Desktop/project/ObsAvoidance/build/interface' returned '0': CMAKE_PREFIX_PATH=/opt/ros/foxy /usr/bin/cmake --install /home/weiwei/Desktop/project/ObsAvoidance/build/interface
