[0.084s] Invoking command in '/home/weiwei/Desktop/project/ObsAvoidance/build/media': AMENT_PREFIX_PATH=/home/weiwei/Desktop/project/ObsAvoidance/install/interface:${AMENT_PREFIX_PATH} CMAKE_PREFIX_PATH=/home/weiwei/Desktop/project/ObsAvoidance/install/interface:/opt/ros/foxy LD_LIBRARY_PATH=/home/weiwei/Desktop/project/ObsAvoidance/install/interface/lib:${LD_LIBRARY_PATH} PYTHONPATH=/home/weiwei/Desktop/project/ObsAvoidance/install/interface/lib/python3.8/site-packages:${PYTHONPATH} /usr/bin/cmake --build /home/weiwei/Desktop/project/ObsAvoidance/build/media -- -j16 -l16
[0.150s] -- Found ament_cmake: 0.9.12 (/opt/ros/foxy/share/ament_cmake/cmake)
[0.172s] -- Using PYTHON_EXECUTABLE: /usr/bin/python3
[0.298s] -- Found rclcpp: 2.4.3 (/opt/ros/foxy/share/rclcpp/cmake)
[0.330s] -- Using all available rosidl_typesupport_c: rosidl_typesupport_fastrtps_c;rosidl_typesupport_introspection_c
[0.333s] -- Found rosidl_adapter: 1.3.1 (/opt/ros/foxy/share/rosidl_adapter/cmake)
[0.430s] -- Using all available rosidl_typesupport_cpp: rosidl_typesupport_fastrtps_cpp;rosidl_typesupport_introspection_cpp
[0.469s] -- Found rmw_implementation_cmake: 1.0.4 (/opt/ros/foxy/share/rmw_implementation_cmake/cmake)
[0.470s] -- Using RMW implementation 'rmw_fastrtps_cpp' as default
[0.575s] -- Found interface: 0.0.0 (/home/weiwei/Desktop/project/ObsAvoidance/install/interface/share/interface/cmake)
[0.737s] -- Found cv_bridge: 3.0.7 (/opt/ros/foxy/share/cv_bridge/cmake)
[0.755s] -- Found message_filters: 3.2.7 (/opt/ros/foxy/share/message_filters/cmake)
[0.757s] -- Found pcl_conversions: 2.2.1 (/opt/ros/foxy/share/pcl_conversions/cmake)
[0.874s] -- Eigen found (include: /usr/include/eigen3, version: 3.3.7)
[0.936s] -- The imported target "vtkParseOGLExt" references the file
[0.936s]    "/usr/bin/vtkParseOGLExt-7.1"
[0.936s] but this file does not exist.  Possible reasons include:
[0.937s] * The file was deleted, renamed, or moved to another location.
[0.937s] * An install or uninstall procedure did not complete successfully.
[0.937s] * The installation package was faulty and contained
[0.937s]    "/usr/lib/cmake/vtk-7.1/VTKTargets.cmake"
[0.937s] but not all the files it references.
[0.937s] 
[0.937s] -- The imported target "vtkRenderingPythonTkWidgets" references the file
[0.937s]    "/usr/lib/x86_64-linux-gnu/libvtkRenderingPythonTkWidgets.so"
[0.937s] but this file does not exist.  Possible reasons include:
[0.937s] * The file was deleted, renamed, or moved to another location.
[0.937s] * An install or uninstall procedure did not complete successfully.
[0.937s] * The installation package was faulty and contained
[0.937s]    "/usr/lib/cmake/vtk-7.1/VTKTargets.cmake"
[0.937s] but not all the files it references.
[0.937s] 
[0.937s] -- The imported target "vtk" references the file
[0.938s]    "/usr/bin/vtk"
[0.938s] but this file does not exist.  Possible reasons include:
[0.938s] * The file was deleted, renamed, or moved to another location.
[0.938s] * An install or uninstall procedure did not complete successfully.
[0.938s] * The installation package was faulty and contained
[0.938s]    "/usr/lib/cmake/vtk-7.1/VTKTargets.cmake"
[0.938s] but not all the files it references.
[0.938s] 
[0.938s] -- The imported target "pvtk" references the file
[0.938s]    "/usr/bin/pvtk"
[0.938s] but this file does not exist.  Possible reasons include:
[0.938s] * The file was deleted, renamed, or moved to another location.
[0.938s] * An install or uninstall procedure did not complete successfully.
[0.938s] * The installation package was faulty and contained
[0.938s]    "/usr/lib/cmake/vtk-7.1/VTKTargets.cmake"
[0.938s] but not all the files it references.
[0.938s] 
[0.958s] -- OpenNI found (include: /usr/include/ni, lib: /usr/lib/libOpenNI.so)
[0.962s] -- OpenNI2 found (include: /usr/include/openni2, lib: /usr/lib/libOpenNI2.so)
[0.962s] ** WARNING ** io features related to pcap will be disabled
[0.962s] ** WARNING ** io features related to png will be disabled
[0.971s] ** WARNING ** io features related to libusb-1.0 will be disabled
[0.975s] -- OpenNI found (include: /usr/include/ni, lib: /usr/lib/libOpenNI.so)
[0.979s] -- OpenNI2 found (include: /usr/include/openni2, lib: /usr/lib/libOpenNI2.so)
[0.988s] -- QHULL found (include: /usr/include, lib: optimized;/usr/lib/x86_64-linux-gnu/libqhull.so;debug;/usr/lib/x86_64-linux-gnu/libqhull.so)
[0.993s] -- OpenNI found (include: /usr/include/ni, lib: /usr/lib/libOpenNI.so)
[1.001s] -- looking for PCL_COMMON
[1.002s] -- looking for PCL_KDTREE
[1.002s] -- looking for PCL_OCTREE
[1.002s] -- looking for PCL_SEARCH
[1.003s] -- looking for PCL_SAMPLE_CONSENSUS
[1.003s] -- looking for PCL_FILTERS
[1.004s] -- looking for PCL_2D
[1.004s] -- looking for PCL_GEOMETRY
[1.004s] -- looking for PCL_IO
[1.005s] -- looking for PCL_FEATURES
[1.005s] -- looking for PCL_ML
[1.005s] -- looking for PCL_SEGMENTATION
[1.006s] -- looking for PCL_VISUALIZATION
[1.006s] -- looking for PCL_SURFACE
[1.007s] -- looking for PCL_REGISTRATION
[1.007s] -- looking for PCL_KEYPOINTS
[1.008s] -- looking for PCL_TRACKING
[1.008s] -- looking for PCL_RECOGNITION
[1.008s] -- looking for PCL_STEREO
[1.009s] -- looking for PCL_APPS
[1.009s] -- looking for PCL_IN_HAND_SCANNER
[1.010s] -- looking for PCL_POINT_CLOUD_EDITOR
[1.010s] -- looking for PCL_OUTOFCORE
[1.011s] -- looking for PCL_PEOPLE
[1.084s] -- Found AMD headers in: /usr/include/suitesparse
[1.085s] -- Found AMD library: /usr/lib/x86_64-linux-gnu/libamd.so
[1.085s] -- Found CAMD headers in: /usr/include/suitesparse
[1.085s] -- Found CAMD library: /usr/lib/x86_64-linux-gnu/libcamd.so
[1.085s] -- Found CCOLAMD headers in: /usr/include/suitesparse
[1.085s] -- Found CCOLAMD library: /usr/lib/x86_64-linux-gnu/libccolamd.so
[1.085s] -- Found CHOLMOD headers in: /usr/include/suitesparse
[1.085s] -- Found CHOLMOD library: /usr/lib/x86_64-linux-gnu/libcholmod.so
[1.085s] -- Found COLAMD headers in: /usr/include/suitesparse
[1.085s] -- Found COLAMD library: /usr/lib/x86_64-linux-gnu/libcolamd.so
[1.085s] -- Found SPQR headers in: /usr/include/suitesparse
[1.085s] -- Found SPQR library: /usr/lib/x86_64-linux-gnu/libspqr.so
[1.085s] -- Found Config headers in: /usr/include/suitesparse
[1.085s] -- Found Config library: /usr/lib/x86_64-linux-gnu/libsuitesparseconfig.so
[1.086s] -- Found Intel Thread Building Blocks (TBB) library (2020.1 / 11101) include location: . Assuming SuiteSparseQR was compiled with TBB.
[1.086s] -- Adding librt to SuiteSparse_config libraries (required on Linux & Unix [not OSX] if SuiteSparse is compiled with timing).
[1.089s] -- Could NOT find METIS (missing: METIS_INCLUDE_DIR METIS_LIBRARY) 
[1.091s] -- Found required Ceres dependency: Eigen version 3.3.9 in /usr/local/share/eigen3/cmake
[1.092s] -- Found required Ceres dependency: glog
[1.094s] -- Found required Ceres dependency: gflags
[1.095s] -- Found Ceres version: 2.2.0 installed in: /usr/local with components: [EigenSparse, SparseLinearAlgebraLibrary, LAPACK, SuiteSparse, SchurSpecializations]
[1.095s] -- Found ament_lint_auto: 0.9.8 (/opt/ros/foxy/share/ament_lint_auto/cmake)
[1.180s] -- Added test 'copyright' to check source files copyright and LICENSE
[1.180s] -- Added test 'cppcheck' to perform static code analysis on C / C++ code
[1.181s] -- Configured cppcheck include dirs: 
[1.181s] -- Configured cppcheck exclude dirs and/or files: 
[1.181s] -- Added test 'cpplint' to check C / C++ code against the Google style
[1.181s] -- Configured cpplint exclude dirs and/or files: 
[1.182s] -- Added test 'lint_cmake' to check CMake code style
[1.182s] -- Added test 'uncrustify' to check C / C++ code style
[1.182s] -- Configured uncrustify additional arguments: 
[1.183s] -- Added test 'xmllint' to check XML markup files
[1.185s] -- Configuring done
[1.245s] -- Generating done
[1.246s] -- Build files have been written to: /home/weiwei/Desktop/project/ObsAvoidance/build/media
[1.273s] [35m[1mScanning dependencies of target media[0m
[1.321s] [ 66%] [32mBuilding CXX object CMakeFiles/media.dir/src/main.cpp.o[0m
[1.321s] [ 66%] [32mBuilding CXX object CMakeFiles/media.dir/src/media.cpp.o[0m
[6.011s] [01m[K/home/weiwei/Desktop/project/ObsAvoidance/src/media/src/media.cpp:[m[K In member function ‘[01m[Kvoid mediaNode::getScaleSlamToWorld(const ConstSharedPtr&, const ConstSharedPtr&)[m[K’:
[6.011s] [01m[K/home/weiwei/Desktop/project/ObsAvoidance/src/media/src/media.cpp:159:23:[m[K [01;35m[Kwarning: [m[Kcomparison of integer expressions of different signedness: ‘[01m[Kstd::vector<cv::Vec<float, 3> >::size_type[m[K’ {aka ‘[01m[Klong unsigned int[m[K’} and ‘[01m[Kint[m[K’ [[01;35m[K-Wsign-compare[m[K]
[6.011s]   159 |   if ([01;35m[Kcircles_.size() < circle_size_thresh[m[K)
[6.011s]       |       [01;35m[K~~~~~~~~~~~~~~~~^~~~~~~~~~~~~~~~~~~~[m[K
[6.011s] [01m[K/home/weiwei/Desktop/project/ObsAvoidance/src/media/src/media.cpp:161:17:[m[K [01;35m[Kwarning: [m[Kcomparison of integer expressions of different signedness: ‘[01m[Kint[m[K’ and ‘[01m[Kstd::vector<cv::Vec<float, 3> >::size_type[m[K’ {aka ‘[01m[Klong unsigned int[m[K’} [[01;35m[K-Wsign-compare[m[K]
[6.011s]   161 |   for (int i=0;[01;35m[Ki<circles_.size()[m[K;i++) {
[6.011s]       |                [01;35m[K~^~~~~~~~~~~~~~~~[m[K
[6.011s] [01m[K/home/weiwei/Desktop/project/ObsAvoidance/src/media/src/media.cpp:168:28:[m[K [01;35m[Kwarning: [m[Kcomparison of integer expressions of different signedness: ‘[01m[Kstd::vector<double, std::allocator<double> >::size_type[m[K’ {aka ‘[01m[Klong unsigned int[m[K’} and ‘[01m[Kint[m[K’ [[01;35m[K-Wsign-compare[m[K]
[6.011s]   168 |   if ([01;35m[KscaleFactList_.size()<scaleFactList_size_thresh[m[K)
[6.011s]       |       [01;35m[K~~~~~~~~~~~~~~~~~~~~~^~~~~~~~~~~~~~~~~~~~~~~~~~[m[K
[6.031s] [01m[K/home/weiwei/Desktop/project/ObsAvoidance/src/media/src/media.cpp:[m[K In member function ‘[01m[Kbool mediaNode::detectPoseCorrect(cv::Mat, interface::msg::Slam_<std::allocator<void> >::ConstSharedPtr, double&, cv::Vec3f)[m[K’:
[6.031s] [01m[K/home/weiwei/Desktop/project/ObsAvoidance/src/media/src/media.cpp:219:67:[m[K [01;35m[Kwarning: [m[Kcomparison of constant ‘[01m[K255[m[K’ with boolean expression is always true [[01;35m[K-Wbool-compare[m[K]
[6.031s]   219 |     if ([01;35m[Kimg_dilate.at<bool>((int)pixelPoint.x, (int)pixelPoint.y) != 255[m[K)
[6.031s]       |         [01;35m[K~~~~~~~~~~~~~~~~~~~~~~~~~~~~~~~~~~~~~~~~~~~~~~~~~~~~~~~~~~^~~~~~[m[K
[6.048s] [01m[K/home/weiwei/Desktop/project/ObsAvoidance/src/media/src/media.cpp:[m[K In member function ‘[01m[Kvoid mediaNode::ransacScaleFact()[m[K’:
[6.048s] [01m[K/home/weiwei/Desktop/project/ObsAvoidance/src/media/src/media.cpp:310:21:[m[K [01;35m[Kwarning: [m[Kcomparison of integer expressions of different signedness: ‘[01m[Kint[m[K’ and ‘[01m[Kstd::vector<double, std::allocator<double> >::size_type[m[K’ {aka ‘[01m[Klong unsigned int[m[K’} [[01;35m[K-Wsign-compare[m[K]
[6.048s]   310 |     for (int j = 0;[01;35m[Kj<scaleFactList_.size()[m[K;j++)
[6.048s]       |                    [01;35m[K~^~~~~~~~~~~~~~~~~~~~~~[m[K
[14.841s] [100%] [32m[1mLinking CXX executable media[0m
[16.288s] [100%] Built target media
[16.296s] Invoked command in '/home/weiwei/Desktop/project/ObsAvoidance/build/media' returned '0': AMENT_PREFIX_PATH=/home/weiwei/Desktop/project/ObsAvoidance/install/interface:${AMENT_PREFIX_PATH} CMAKE_PREFIX_PATH=/home/weiwei/Desktop/project/ObsAvoidance/install/interface:/opt/ros/foxy LD_LIBRARY_PATH=/home/weiwei/Desktop/project/ObsAvoidance/install/interface/lib:${LD_LIBRARY_PATH} PYTHONPATH=/home/weiwei/Desktop/project/ObsAvoidance/install/interface/lib/python3.8/site-packages:${PYTHONPATH} /usr/bin/cmake --build /home/weiwei/Desktop/project/ObsAvoidance/build/media -- -j16 -l16
[16.320s] Invoking command in '/home/weiwei/Desktop/project/ObsAvoidance/build/media': AMENT_PREFIX_PATH=/home/weiwei/Desktop/project/ObsAvoidance/install/interface:${AMENT_PREFIX_PATH} CMAKE_PREFIX_PATH=/home/weiwei/Desktop/project/ObsAvoidance/install/interface:/opt/ros/foxy LD_LIBRARY_PATH=/home/weiwei/Desktop/project/ObsAvoidance/install/interface/lib:${LD_LIBRARY_PATH} PYTHONPATH=/home/weiwei/Desktop/project/ObsAvoidance/install/interface/lib/python3.8/site-packages:${PYTHONPATH} /usr/bin/cmake --install /home/weiwei/Desktop/project/ObsAvoidance/build/media
[16.325s] -- Install configuration: ""
[16.325s] -- Installing: /home/weiwei/Desktop/project/ObsAvoidance/install/media/lib/media/media
[16.328s] -- Set runtime path of "/home/weiwei/Desktop/project/ObsAvoidance/install/media/lib/media/media" to ""
[16.328s] -- Up-to-date: /home/weiwei/Desktop/project/ObsAvoidance/install/media/share/ament_index/resource_index/package_run_dependencies/media
[16.328s] -- Installing: /home/weiwei/Desktop/project/ObsAvoidance/install/media/share/ament_index/resource_index/parent_prefix_path/media
[16.328s] -- Up-to-date: /home/weiwei/Desktop/project/ObsAvoidance/install/media/share/media/environment/ament_prefix_path.sh
[16.328s] -- Installing: /home/weiwei/Desktop/project/ObsAvoidance/install/media/share/media/environment/ament_prefix_path.dsv
[16.328s] -- Up-to-date: /home/weiwei/Desktop/project/ObsAvoidance/install/media/share/media/environment/path.sh
[16.328s] -- Installing: /home/weiwei/Desktop/project/ObsAvoidance/install/media/share/media/environment/path.dsv
[16.328s] -- Up-to-date: /home/weiwei/Desktop/project/ObsAvoidance/install/media/share/media/local_setup.bash
[16.328s] -- Up-to-date: /home/weiwei/Desktop/project/ObsAvoidance/install/media/share/media/local_setup.sh
[16.328s] -- Up-to-date: /home/weiwei/Desktop/project/ObsAvoidance/install/media/share/media/local_setup.zsh
[16.328s] -- Installing: /home/weiwei/Desktop/project/ObsAvoidance/install/media/share/media/local_setup.dsv
[16.328s] -- Installing: /home/weiwei/Desktop/project/ObsAvoidance/install/media/share/media/package.dsv
[16.328s] -- Up-to-date: /home/weiwei/Desktop/project/ObsAvoidance/install/media/share/ament_index/resource_index/packages/media
[16.328s] -- Up-to-date: /home/weiwei/Desktop/project/ObsAvoidance/install/media/share/media/cmake/mediaConfig.cmake
[16.328s] -- Up-to-date: /home/weiwei/Desktop/project/ObsAvoidance/install/media/share/media/cmake/mediaConfig-version.cmake
[16.329s] -- Up-to-date: /home/weiwei/Desktop/project/ObsAvoidance/install/media/share/media/package.xml
[16.330s] Invoked command in '/home/weiwei/Desktop/project/ObsAvoidance/build/media' returned '0': AMENT_PREFIX_PATH=/home/weiwei/Desktop/project/ObsAvoidance/install/interface:${AMENT_PREFIX_PATH} CMAKE_PREFIX_PATH=/home/weiwei/Desktop/project/ObsAvoidance/install/interface:/opt/ros/foxy LD_LIBRARY_PATH=/home/weiwei/Desktop/project/ObsAvoidance/install/interface/lib:${LD_LIBRARY_PATH} PYTHONPATH=/home/weiwei/Desktop/project/ObsAvoidance/install/interface/lib/python3.8/site-packages:${PYTHONPATH} /usr/bin/cmake --install /home/weiwei/Desktop/project/ObsAvoidance/build/media
