[0.096s] Invoking command in '/home/weiwei/Desktop/project/ObsAvoidance/build/media': CMAKE_PREFIX_PATH=/home/weiwei/Desktop/project/ObsAvoidance/install/interface:/home/weiwei/Desktop/project/ObsAvoidance/install/orbslam:/home/weiwei/Desktop/project/ObsAvoidance/install/media:/opt/ros/foxy /usr/bin/cmake --build /home/weiwei/Desktop/project/ObsAvoidance/build/media -- -j16 -l16
[0.131s] [35m[1mScanning dependencies of target media[0m
[0.176s] [ 33%] [32mBuilding CXX object CMakeFiles/media.dir/src/media.cpp.o[0m
[4.606s] [01m[K/home/weiwei/Desktop/project/ObsAvoidance/src/media/src/media.cpp:[m[K In member function ‘[01m[Kvoid mediaNode::getScaleSlamToWorld(const ConstSharedPtr&, const ConstSharedPtr&)[m[K’:
[4.606s] [01m[K/home/weiwei/Desktop/project/ObsAvoidance/src/media/src/media.cpp:159:23:[m[K [01;35m[Kwarning: [m[Kcomparison of integer expressions of different signedness: ‘[01m[Kstd::vector<cv::Vec<float, 3> >::size_type[m[K’ {aka ‘[01m[Klong unsigned int[m[K’} and ‘[01m[Kint[m[K’ [[01;35m[K-Wsign-compare[m[K]
[4.606s]   159 |   if ([01;35m[Kcircles_.size() < circle_size_thresh[m[K)
[4.606s]       |       [01;35m[K~~~~~~~~~~~~~~~~^~~~~~~~~~~~~~~~~~~~[m[K
[4.606s] [01m[K/home/weiwei/Desktop/project/ObsAvoidance/src/media/src/media.cpp:161:17:[m[K [01;35m[Kwarning: [m[Kcomparison of integer expressions of different signedness: ‘[01m[Kint[m[K’ and ‘[01m[Kstd::vector<cv::Vec<float, 3> >::size_type[m[K’ {aka ‘[01m[Klong unsigned int[m[K’} [[01;35m[K-Wsign-compare[m[K]
[4.606s]   161 |   for (int i=0;[01;35m[Ki<circles_.size()[m[K;i++) {
[4.606s]       |                [01;35m[K~^~~~~~~~~~~~~~~~[m[K
[4.607s] [01m[K/home/weiwei/Desktop/project/ObsAvoidance/src/media/src/media.cpp:167:28:[m[K [01;35m[Kwarning: [m[Kcomparison of integer expressions of different signedness: ‘[01m[Kstd::vector<double, std::allocator<double> >::size_type[m[K’ {aka ‘[01m[Klong unsigned int[m[K’} and ‘[01m[Kint[m[K’ [[01;35m[K-Wsign-compare[m[K]
[4.607s]   167 |   if ([01;35m[KscaleFactList_.size()<scaleFactList_size_thresh[m[K)
[4.607s]       |       [01;35m[K~~~~~~~~~~~~~~~~~~~~~^~~~~~~~~~~~~~~~~~~~~~~~~~[m[K
[4.625s] [01m[K/home/weiwei/Desktop/project/ObsAvoidance/src/media/src/media.cpp:[m[K In member function ‘[01m[Kbool mediaNode::detectPoseCorrect(cv::Mat, interface::msg::Slam_<std::allocator<void> >::ConstSharedPtr, double&, cv::Vec3f)[m[K’:
[4.625s] [01m[K/home/weiwei/Desktop/project/ObsAvoidance/src/media/src/media.cpp:218:67:[m[K [01;35m[Kwarning: [m[Kcomparison of constant ‘[01m[K255[m[K’ with boolean expression is always true [[01;35m[K-Wbool-compare[m[K]
[4.625s]   218 |     if ([01;35m[Kimg_dilate.at<bool>((int)pixelPoint.x, (int)pixelPoint.y) != 255[m[K)
[4.625s]       |         [01;35m[K~~~~~~~~~~~~~~~~~~~~~~~~~~~~~~~~~~~~~~~~~~~~~~~~~~~~~~~~~~^~~~~~[m[K
[4.640s] [01m[K/home/weiwei/Desktop/project/ObsAvoidance/src/media/src/media.cpp:[m[K In member function ‘[01m[Kvoid mediaNode::ransacScaleFact()[m[K’:
[4.640s] [01m[K/home/weiwei/Desktop/project/ObsAvoidance/src/media/src/media.cpp:309:21:[m[K [01;35m[Kwarning: [m[Kcomparison of integer expressions of different signedness: ‘[01m[Kint[m[K’ and ‘[01m[Kstd::vector<double, std::allocator<double> >::size_type[m[K’ {aka ‘[01m[Klong unsigned int[m[K’} [[01;35m[K-Wsign-compare[m[K]
[4.641s]   309 |     for (int j = 0;[01;35m[Kj<scaleFactList_.size()[m[K;j++)
[4.641s]       |                    [01;35m[K~^~~~~~~~~~~~~~~~~~~~~~[m[K
[13.343s] [ 66%] [32m[1mLinking CXX executable media[0m
[14.603s] [100%] Built target media
[14.613s] Invoked command in '/home/weiwei/Desktop/project/ObsAvoidance/build/media' returned '0': CMAKE_PREFIX_PATH=/home/weiwei/Desktop/project/ObsAvoidance/install/interface:/home/weiwei/Desktop/project/ObsAvoidance/install/orbslam:/home/weiwei/Desktop/project/ObsAvoidance/install/media:/opt/ros/foxy /usr/bin/cmake --build /home/weiwei/Desktop/project/ObsAvoidance/build/media -- -j16 -l16
[14.640s] Invoking command in '/home/weiwei/Desktop/project/ObsAvoidance/build/media': CMAKE_PREFIX_PATH=/home/weiwei/Desktop/project/ObsAvoidance/install/interface:/home/weiwei/Desktop/project/ObsAvoidance/install/orbslam:/home/weiwei/Desktop/project/ObsAvoidance/install/media:/opt/ros/foxy /usr/bin/cmake --install /home/weiwei/Desktop/project/ObsAvoidance/build/media
[14.645s] -- Install configuration: ""
[14.646s] -- Installing: /home/weiwei/Desktop/project/ObsAvoidance/install/media/lib/media/media
[14.648s] -- Set runtime path of "/home/weiwei/Desktop/project/ObsAvoidance/install/media/lib/media/media" to ""
[14.648s] -- Up-to-date: /home/weiwei/Desktop/project/ObsAvoidance/install/media/share/ament_index/resource_index/package_run_dependencies/media
[14.648s] -- Up-to-date: /home/weiwei/Desktop/project/ObsAvoidance/install/media/share/ament_index/resource_index/parent_prefix_path/media
[14.648s] -- Up-to-date: /home/weiwei/Desktop/project/ObsAvoidance/install/media/share/media/environment/ament_prefix_path.sh
[14.648s] -- Up-to-date: /home/weiwei/Desktop/project/ObsAvoidance/install/media/share/media/environment/ament_prefix_path.dsv
[14.649s] -- Up-to-date: /home/weiwei/Desktop/project/ObsAvoidance/install/media/share/media/environment/path.sh
[14.649s] -- Up-to-date: /home/weiwei/Desktop/project/ObsAvoidance/install/media/share/media/environment/path.dsv
[14.649s] -- Up-to-date: /home/weiwei/Desktop/project/ObsAvoidance/install/media/share/media/local_setup.bash
[14.649s] -- Up-to-date: /home/weiwei/Desktop/project/ObsAvoidance/install/media/share/media/local_setup.sh
[14.649s] -- Up-to-date: /home/weiwei/Desktop/project/ObsAvoidance/install/media/share/media/local_setup.zsh
[14.649s] -- Up-to-date: /home/weiwei/Desktop/project/ObsAvoidance/install/media/share/media/local_setup.dsv
[14.649s] -- Installing: /home/weiwei/Desktop/project/ObsAvoidance/install/media/share/media/package.dsv
[14.649s] -- Up-to-date: /home/weiwei/Desktop/project/ObsAvoidance/install/media/share/ament_index/resource_index/packages/media
[14.649s] -- Up-to-date: /home/weiwei/Desktop/project/ObsAvoidance/install/media/share/media/cmake/mediaConfig.cmake
[14.649s] -- Up-to-date: /home/weiwei/Desktop/project/ObsAvoidance/install/media/share/media/cmake/mediaConfig-version.cmake
[14.649s] -- Up-to-date: /home/weiwei/Desktop/project/ObsAvoidance/install/media/share/media/package.xml
[14.650s] Invoked command in '/home/weiwei/Desktop/project/ObsAvoidance/build/media' returned '0': CMAKE_PREFIX_PATH=/home/weiwei/Desktop/project/ObsAvoidance/install/interface:/home/weiwei/Desktop/project/ObsAvoidance/install/orbslam:/home/weiwei/Desktop/project/ObsAvoidance/install/media:/opt/ros/foxy /usr/bin/cmake --install /home/weiwei/Desktop/project/ObsAvoidance/build/media
