[1.299s] DEBUG:colcon:Command line arguments: ['/usr/bin/colcon', 'build']
[1.299s] DEBUG:colcon:Parsed command line arguments: Namespace(allow_overriding=[], ament_cmake_args=None, base_paths=['.'], build_base='build', catkin_cmake_args=None, catkin_skip_building_tests=False, cmake_args=None, cmake_clean_cache=False, cmake_clean_first=False, cmake_force_configure=False, cmake_target=None, cmake_target_skip_unavailable=False, continue_on_error=False, event_handlers=None, executor='parallel', ignore_user_meta=False, install_base='install', log_base=None, log_level=None, main=<bound method BuildVerb.main of <colcon_core.verb.build.BuildVerb object at 0x7f7df6d3e370>>, merge_install=False, metas=['./colcon.meta'], packages_above=None, packages_above_and_dependencies=None, packages_above_depth=None, packages_end=None, packages_ignore=None, packages_ignore_regex=None, packages_select=None, packages_select_build_failed=False, packages_select_by_dep=None, packages_select_regex=None, packages_select_test_failures=False, packages_skip=None, packages_skip_build_finished=False, packages_skip_by_dep=None, packages_skip_regex=None, packages_skip_test_passed=False, packages_skip_up_to=None, packages_start=None, packages_up_to=None, packages_up_to_regex=None, parallel_workers=16, paths=None, symlink_install=False, test_result_base=None, verb_extension=<colcon_core.verb.build.BuildVerb object at 0x7f7df6d3e370>, verb_name='build', verb_parser=<colcon_defaults.argument_parser.defaults.DefaultArgumentsDecorator object at 0x7f7df6d3ad90>)
[1.365s] Level 1:colcon.colcon_core.package_discovery:discover_packages(colcon_meta) check parameters
[1.365s] Level 1:colcon.colcon_core.package_discovery:discover_packages(recursive) check parameters
[1.365s] Level 1:colcon.colcon_core.package_discovery:discover_packages(ignore) check parameters
[1.365s] Level 1:colcon.colcon_core.package_discovery:discover_packages(path) check parameters
[1.365s] Level 1:colcon.colcon_core.package_discovery:discover_packages(colcon_meta) discover
[1.365s] Level 1:colcon.colcon_core.package_discovery:discover_packages(recursive) discover
[1.365s] INFO:colcon.colcon_core.package_discovery:Crawling recursively for packages in '/home/weiwei/Desktop/project/ObsAvoidance'
[1.365s] Level 1:colcon.colcon_core.package_identification:_identify(.) by extensions ['ignore', 'ignore_ament_install']
[1.365s] Level 1:colcon.colcon_core.package_identification:_identify(.) by extension 'ignore'
[1.365s] Level 1:colcon.colcon_core.package_identification:_identify(.) by extension 'ignore_ament_install'
[1.365s] Level 1:colcon.colcon_core.package_identification:_identify(.) by extensions ['colcon_pkg']
[1.365s] Level 1:colcon.colcon_core.package_identification:_identify(.) by extension 'colcon_pkg'
[1.365s] Level 1:colcon.colcon_core.package_identification:_identify(.) by extensions ['colcon_meta']
[1.365s] Level 1:colcon.colcon_core.package_identification:_identify(.) by extension 'colcon_meta'
[1.365s] Level 1:colcon.colcon_core.package_identification:_identify(.) by extensions ['ros']
[1.365s] Level 1:colcon.colcon_core.package_identification:_identify(.) by extension 'ros'
[1.372s] Level 1:colcon.colcon_core.package_identification:_identify(.) by extensions ['cmake', 'python']
[1.372s] Level 1:colcon.colcon_core.package_identification:_identify(.) by extension 'cmake'
[1.372s] Level 1:colcon.colcon_core.package_identification:_identify(.) by extension 'python'
[1.372s] Level 1:colcon.colcon_core.package_identification:_identify(.) by extensions ['python_setup_py']
[1.372s] Level 1:colcon.colcon_core.package_identification:_identify(.) by extension 'python_setup_py'
[1.372s] Level 1:colcon.colcon_core.package_identification:_identify(build) by extensions ['ignore', 'ignore_ament_install']
[1.372s] Level 1:colcon.colcon_core.package_identification:_identify(build) by extension 'ignore'
[1.372s] Level 1:colcon.colcon_core.package_identification:_identify(build) ignored
[1.372s] Level 1:colcon.colcon_core.package_identification:_identify(install) by extensions ['ignore', 'ignore_ament_install']
[1.372s] Level 1:colcon.colcon_core.package_identification:_identify(install) by extension 'ignore'
[1.372s] Level 1:colcon.colcon_core.package_identification:_identify(install) ignored
[1.372s] Level 1:colcon.colcon_core.package_identification:_identify(log) by extensions ['ignore', 'ignore_ament_install']
[1.372s] Level 1:colcon.colcon_core.package_identification:_identify(log) by extension 'ignore'
[1.372s] Level 1:colcon.colcon_core.package_identification:_identify(log) ignored
[1.372s] Level 1:colcon.colcon_core.package_identification:_identify(src) by extensions ['ignore', 'ignore_ament_install']
[1.372s] Level 1:colcon.colcon_core.package_identification:_identify(src) by extension 'ignore'
[1.372s] Level 1:colcon.colcon_core.package_identification:_identify(src) by extension 'ignore_ament_install'
[1.372s] Level 1:colcon.colcon_core.package_identification:_identify(src) by extensions ['colcon_pkg']
[1.372s] Level 1:colcon.colcon_core.package_identification:_identify(src) by extension 'colcon_pkg'
[1.373s] Level 1:colcon.colcon_core.package_identification:_identify(src) by extensions ['colcon_meta']
[1.373s] Level 1:colcon.colcon_core.package_identification:_identify(src) by extension 'colcon_meta'
[1.373s] Level 1:colcon.colcon_core.package_identification:_identify(src) by extensions ['ros']
[1.373s] Level 1:colcon.colcon_core.package_identification:_identify(src) by extension 'ros'
[1.373s] Level 1:colcon.colcon_core.package_identification:_identify(src) by extensions ['cmake', 'python']
[1.373s] Level 1:colcon.colcon_core.package_identification:_identify(src) by extension 'cmake'
[1.373s] Level 1:colcon.colcon_core.package_identification:_identify(src) by extension 'python'
[1.373s] Level 1:colcon.colcon_core.package_identification:_identify(src) by extensions ['python_setup_py']
[1.373s] Level 1:colcon.colcon_core.package_identification:_identify(src) by extension 'python_setup_py'
[1.373s] Level 1:colcon.colcon_core.package_identification:_identify(src/interface) by extensions ['ignore', 'ignore_ament_install']
[1.373s] Level 1:colcon.colcon_core.package_identification:_identify(src/interface) by extension 'ignore'
[1.373s] Level 1:colcon.colcon_core.package_identification:_identify(src/interface) by extension 'ignore_ament_install'
[1.373s] Level 1:colcon.colcon_core.package_identification:_identify(src/interface) by extensions ['colcon_pkg']
[1.373s] Level 1:colcon.colcon_core.package_identification:_identify(src/interface) by extension 'colcon_pkg'
[1.373s] Level 1:colcon.colcon_core.package_identification:_identify(src/interface) by extensions ['colcon_meta']
[1.373s] Level 1:colcon.colcon_core.package_identification:_identify(src/interface) by extension 'colcon_meta'
[1.373s] Level 1:colcon.colcon_core.package_identification:_identify(src/interface) by extensions ['ros']
[1.373s] Level 1:colcon.colcon_core.package_identification:_identify(src/interface) by extension 'ros'
[1.374s] DEBUG:colcon.colcon_core.package_identification:Package 'src/interface' with type 'ros.ament_cmake' and name 'interface'
[1.375s] Level 1:colcon.colcon_core.package_identification:_identify(src/media) by extensions ['ignore', 'ignore_ament_install']
[1.375s] Level 1:colcon.colcon_core.package_identification:_identify(src/media) by extension 'ignore'
[1.375s] Level 1:colcon.colcon_core.package_identification:_identify(src/media) by extension 'ignore_ament_install'
[1.375s] Level 1:colcon.colcon_core.package_identification:_identify(src/media) by extensions ['colcon_pkg']
[1.375s] Level 1:colcon.colcon_core.package_identification:_identify(src/media) by extension 'colcon_pkg'
[1.375s] Level 1:colcon.colcon_core.package_identification:_identify(src/media) by extensions ['colcon_meta']
[1.375s] Level 1:colcon.colcon_core.package_identification:_identify(src/media) by extension 'colcon_meta'
[1.375s] Level 1:colcon.colcon_core.package_identification:_identify(src/media) by extensions ['ros']
[1.375s] Level 1:colcon.colcon_core.package_identification:_identify(src/media) by extension 'ros'
[1.375s] DEBUG:colcon.colcon_core.package_identification:Package 'src/media' with type 'ros.ament_cmake' and name 'media'
[1.375s] Level 1:colcon.colcon_core.package_identification:_identify(src/model) by extensions ['ignore', 'ignore_ament_install']
[1.376s] Level 1:colcon.colcon_core.package_identification:_identify(src/model) by extension 'ignore'
[1.376s] Level 1:colcon.colcon_core.package_identification:_identify(src/model) by extension 'ignore_ament_install'
[1.376s] Level 1:colcon.colcon_core.package_identification:_identify(src/model) by extensions ['colcon_pkg']
[1.376s] Level 1:colcon.colcon_core.package_identification:_identify(src/model) by extension 'colcon_pkg'
[1.376s] Level 1:colcon.colcon_core.package_identification:_identify(src/model) by extensions ['colcon_meta']
[1.376s] Level 1:colcon.colcon_core.package_identification:_identify(src/model) by extension 'colcon_meta'
[1.376s] Level 1:colcon.colcon_core.package_identification:_identify(src/model) by extensions ['ros']
[1.376s] Level 1:colcon.colcon_core.package_identification:_identify(src/model) by extension 'ros'
[1.376s] DEBUG:colcon.colcon_core.package_identification:Package 'src/model' with type 'ros.ament_cmake' and name 'model'
[1.376s] Level 1:colcon.colcon_core.package_identification:_identify(src/orbslam) by extensions ['ignore', 'ignore_ament_install']
[1.376s] Level 1:colcon.colcon_core.package_identification:_identify(src/orbslam) by extension 'ignore'
[1.376s] Level 1:colcon.colcon_core.package_identification:_identify(src/orbslam) by extension 'ignore_ament_install'
[1.376s] Level 1:colcon.colcon_core.package_identification:_identify(src/orbslam) by extensions ['colcon_pkg']
[1.376s] Level 1:colcon.colcon_core.package_identification:_identify(src/orbslam) by extension 'colcon_pkg'
[1.376s] Level 1:colcon.colcon_core.package_identification:_identify(src/orbslam) by extensions ['colcon_meta']
[1.376s] Level 1:colcon.colcon_core.package_identification:_identify(src/orbslam) by extension 'colcon_meta'
[1.376s] Level 1:colcon.colcon_core.package_identification:_identify(src/orbslam) by extensions ['ros']
[1.376s] Level 1:colcon.colcon_core.package_identification:_identify(src/orbslam) by extension 'ros'
[1.377s] DEBUG:colcon.colcon_core.package_identification:Package 'src/orbslam' with type 'ros.ament_cmake' and name 'orbslam'
[1.377s] Level 1:colcon.colcon_core.package_discovery:discover_packages(recursive) using defaults
[1.377s] Level 1:colcon.colcon_core.package_discovery:discover_packages(ignore) discover
[1.377s] Level 1:colcon.colcon_core.package_discovery:discover_packages(ignore) using defaults
[1.377s] Level 1:colcon.colcon_core.package_discovery:discover_packages(path) discover
[1.377s] Level 1:colcon.colcon_core.package_discovery:discover_packages(path) using defaults
[1.500s] Level 1:colcon.colcon_core.package_discovery:discover_packages(prefix_path) check parameters
[1.500s] Level 1:colcon.colcon_core.package_discovery:discover_packages(prefix_path) discover
[1.545s] DEBUG:colcon.colcon_installed_package_information.package_discovery:Found 4 installed packages in /home/weiwei/Desktop/project/ObsAvoidance/install
[1.569s] DEBUG:colcon.colcon_installed_package_information.package_discovery:Found 378 installed packages in /opt/ros/foxy
[1.570s] Level 1:colcon.colcon_core.package_discovery:discover_packages(prefix_path) using defaults
[1.673s] Level 5:colcon.colcon_core.verb:set package 'interface' build argument 'cmake_args' from command line to 'None'
[1.673s] Level 5:colcon.colcon_core.verb:set package 'interface' build argument 'cmake_target' from command line to 'None'
[1.673s] Level 5:colcon.colcon_core.verb:set package 'interface' build argument 'cmake_target_skip_unavailable' from command line to 'False'
[1.673s] Level 5:colcon.colcon_core.verb:set package 'interface' build argument 'cmake_clean_cache' from command line to 'False'
[1.673s] Level 5:colcon.colcon_core.verb:set package 'interface' build argument 'cmake_clean_first' from command line to 'False'
[1.673s] Level 5:colcon.colcon_core.verb:set package 'interface' build argument 'cmake_force_configure' from command line to 'False'
[1.673s] Level 5:colcon.colcon_core.verb:set package 'interface' build argument 'ament_cmake_args' from command line to 'None'
[1.673s] Level 5:colcon.colcon_core.verb:set package 'interface' build argument 'catkin_cmake_args' from command line to 'None'
[1.673s] Level 5:colcon.colcon_core.verb:set package 'interface' build argument 'catkin_skip_building_tests' from command line to 'False'
[1.673s] DEBUG:colcon.colcon_core.verb:Building package 'interface' with the following arguments: {'ament_cmake_args': None, 'build_base': '/home/weiwei/Desktop/project/ObsAvoidance/build/interface', 'catkin_cmake_args': None, 'catkin_skip_building_tests': False, 'cmake_args': None, 'cmake_clean_cache': False, 'cmake_clean_first': False, 'cmake_force_configure': False, 'cmake_target': None, 'cmake_target_skip_unavailable': False, 'install_base': '/home/weiwei/Desktop/project/ObsAvoidance/install/interface', 'merge_install': False, 'path': '/home/weiwei/Desktop/project/ObsAvoidance/src/interface', 'symlink_install': False, 'test_result_base': None}
[1.696s] Level 5:colcon.colcon_core.verb:set package 'media' build argument 'cmake_args' from command line to 'None'
[1.696s] Level 5:colcon.colcon_core.verb:set package 'media' build argument 'cmake_target' from command line to 'None'
[1.696s] Level 5:colcon.colcon_core.verb:set package 'media' build argument 'cmake_target_skip_unavailable' from command line to 'False'
[1.696s] Level 5:colcon.colcon_core.verb:set package 'media' build argument 'cmake_clean_cache' from command line to 'False'
[1.696s] Level 5:colcon.colcon_core.verb:set package 'media' build argument 'cmake_clean_first' from command line to 'False'
[1.696s] Level 5:colcon.colcon_core.verb:set package 'media' build argument 'cmake_force_configure' from command line to 'False'
[1.696s] Level 5:colcon.colcon_core.verb:set package 'media' build argument 'ament_cmake_args' from command line to 'None'
[1.696s] Level 5:colcon.colcon_core.verb:set package 'media' build argument 'catkin_cmake_args' from command line to 'None'
[1.696s] Level 5:colcon.colcon_core.verb:set package 'media' build argument 'catkin_skip_building_tests' from command line to 'False'
[1.696s] DEBUG:colcon.colcon_core.verb:Building package 'media' with the following arguments: {'ament_cmake_args': None, 'build_base': '/home/weiwei/Desktop/project/ObsAvoidance/build/media', 'catkin_cmake_args': None, 'catkin_skip_building_tests': False, 'cmake_args': None, 'cmake_clean_cache': False, 'cmake_clean_first': False, 'cmake_force_configure': False, 'cmake_target': None, 'cmake_target_skip_unavailable': False, 'install_base': '/home/weiwei/Desktop/project/ObsAvoidance/install/media', 'merge_install': False, 'path': '/home/weiwei/Desktop/project/ObsAvoidance/src/media', 'symlink_install': False, 'test_result_base': None}
[1.719s] Level 5:colcon.colcon_core.verb:set package 'model' build argument 'cmake_args' from command line to 'None'
[1.720s] Level 5:colcon.colcon_core.verb:set package 'model' build argument 'cmake_target' from command line to 'None'
[1.720s] Level 5:colcon.colcon_core.verb:set package 'model' build argument 'cmake_target_skip_unavailable' from command line to 'False'
[1.720s] Level 5:colcon.colcon_core.verb:set package 'model' build argument 'cmake_clean_cache' from command line to 'False'
[1.720s] Level 5:colcon.colcon_core.verb:set package 'model' build argument 'cmake_clean_first' from command line to 'False'
[1.720s] Level 5:colcon.colcon_core.verb:set package 'model' build argument 'cmake_force_configure' from command line to 'False'
[1.720s] Level 5:colcon.colcon_core.verb:set package 'model' build argument 'ament_cmake_args' from command line to 'None'
[1.720s] Level 5:colcon.colcon_core.verb:set package 'model' build argument 'catkin_cmake_args' from command line to 'None'
[1.720s] Level 5:colcon.colcon_core.verb:set package 'model' build argument 'catkin_skip_building_tests' from command line to 'False'
[1.720s] DEBUG:colcon.colcon_core.verb:Building package 'model' with the following arguments: {'ament_cmake_args': None, 'build_base': '/home/weiwei/Desktop/project/ObsAvoidance/build/model', 'catkin_cmake_args': None, 'catkin_skip_building_tests': False, 'cmake_args': None, 'cmake_clean_cache': False, 'cmake_clean_first': False, 'cmake_force_configure': False, 'cmake_target': None, 'cmake_target_skip_unavailable': False, 'install_base': '/home/weiwei/Desktop/project/ObsAvoidance/install/model', 'merge_install': False, 'path': '/home/weiwei/Desktop/project/ObsAvoidance/src/model', 'symlink_install': False, 'test_result_base': None}
[1.743s] Level 5:colcon.colcon_core.verb:set package 'orbslam' build argument 'cmake_args' from command line to 'None'
[1.743s] Level 5:colcon.colcon_core.verb:set package 'orbslam' build argument 'cmake_target' from command line to 'None'
[1.744s] Level 5:colcon.colcon_core.verb:set package 'orbslam' build argument 'cmake_target_skip_unavailable' from command line to 'False'
[1.744s] Level 5:colcon.colcon_core.verb:set package 'orbslam' build argument 'cmake_clean_cache' from command line to 'False'
[1.744s] Level 5:colcon.colcon_core.verb:set package 'orbslam' build argument 'cmake_clean_first' from command line to 'False'
[1.744s] Level 5:colcon.colcon_core.verb:set package 'orbslam' build argument 'cmake_force_configure' from command line to 'False'
[1.744s] Level 5:colcon.colcon_core.verb:set package 'orbslam' build argument 'ament_cmake_args' from command line to 'None'
[1.744s] Level 5:colcon.colcon_core.verb:set package 'orbslam' build argument 'catkin_cmake_args' from command line to 'None'
[1.744s] Level 5:colcon.colcon_core.verb:set package 'orbslam' build argument 'catkin_skip_building_tests' from command line to 'False'
[1.744s] DEBUG:colcon.colcon_core.verb:Building package 'orbslam' with the following arguments: {'ament_cmake_args': None, 'build_base': '/home/weiwei/Desktop/project/ObsAvoidance/build/orbslam', 'catkin_cmake_args': None, 'catkin_skip_building_tests': False, 'cmake_args': None, 'cmake_clean_cache': False, 'cmake_clean_first': False, 'cmake_force_configure': False, 'cmake_target': None, 'cmake_target_skip_unavailable': False, 'install_base': '/home/weiwei/Desktop/project/ObsAvoidance/install/orbslam', 'merge_install': False, 'path': '/home/weiwei/Desktop/project/ObsAvoidance/src/orbslam', 'symlink_install': False, 'test_result_base': None}
[1.767s] INFO:colcon.colcon_core.executor:Executing jobs using 'parallel' executor
[1.790s] DEBUG:colcon.colcon_parallel_executor.executor.parallel:run_until_complete
[1.790s] INFO:colcon.colcon_ros.task.ament_cmake.build:Building ROS package in '/home/weiwei/Desktop/project/ObsAvoidance/src/interface' with build type 'ament_cmake'
[1.790s] INFO:colcon.colcon_cmake.task.cmake.build:Building CMake package in '/home/weiwei/Desktop/project/ObsAvoidance/src/interface'
[1.815s] INFO:colcon.colcon_core.plugin_system:Skipping extension 'colcon_core.shell.bat': Not used on non-Windows systems
[1.815s] INFO:colcon.colcon_core.shell:Skip shell extension 'powershell' for command environment: Not usable outside of PowerShell
[1.815s] DEBUG:colcon.colcon_core.shell:Skip shell extension 'dsv' for command environment
[1.901s] DEBUG:colcon.colcon_core.event_handler.log_command:Invoking command in '/home/weiwei/Desktop/project/ObsAvoidance/build/interface': CMAKE_PREFIX_PATH=${CMAKE_PREFIX_PATH}:/opt/ros/foxy /usr/bin/cmake --build /home/weiwei/Desktop/project/ObsAvoidance/build/interface -- -j16 -l16
[2.054s] DEBUG:colcon.colcon_core.event_handler.log_command:Invoked command in '/home/weiwei/Desktop/project/ObsAvoidance/build/interface' returned '0': CMAKE_PREFIX_PATH=${CMAKE_PREFIX_PATH}:/opt/ros/foxy /usr/bin/cmake --build /home/weiwei/Desktop/project/ObsAvoidance/build/interface -- -j16 -l16
[2.092s] DEBUG:colcon.colcon_core.event_handler.log_command:Invoking command in '/home/weiwei/Desktop/project/ObsAvoidance/build/interface': CMAKE_PREFIX_PATH=${CMAKE_PREFIX_PATH}:/opt/ros/foxy /usr/bin/cmake --install /home/weiwei/Desktop/project/ObsAvoidance/build/interface
[2.127s] Level 1:colcon.colcon_core.environment:create_environment_scripts_only(interface)
[2.128s] DEBUG:colcon.colcon_core.event_handler.log_command:Invoked command in '/home/weiwei/Desktop/project/ObsAvoidance/build/interface' returned '0': CMAKE_PREFIX_PATH=${CMAKE_PREFIX_PATH}:/opt/ros/foxy /usr/bin/cmake --install /home/weiwei/Desktop/project/ObsAvoidance/build/interface
[2.152s] Level 1:colcon.colcon_core.environment:checking '/home/weiwei/Desktop/project/ObsAvoidance/install/interface' for CMake module files
[2.153s] Level 1:colcon.colcon_core.environment:checking '/home/weiwei/Desktop/project/ObsAvoidance/install/interface' for CMake config files
[2.153s] Level 1:colcon.colcon_core.shell:create_environment_hook('interface', 'cmake_prefix_path')
[2.176s] INFO:colcon.colcon_core.shell:Creating environment hook '/home/weiwei/Desktop/project/ObsAvoidance/install/interface/share/interface/hook/cmake_prefix_path.ps1'
[2.177s] INFO:colcon.colcon_core.shell:Creating environment descriptor '/home/weiwei/Desktop/project/ObsAvoidance/install/interface/share/interface/hook/cmake_prefix_path.dsv'
[2.177s] INFO:colcon.colcon_core.shell:Creating environment hook '/home/weiwei/Desktop/project/ObsAvoidance/install/interface/share/interface/hook/cmake_prefix_path.sh'
[2.178s] Level 1:colcon.colcon_core.environment:checking '/home/weiwei/Desktop/project/ObsAvoidance/install/interface/lib'
[2.178s] Level 1:colcon.colcon_core.shell:create_environment_hook('interface', 'ld_library_path_lib')
[2.204s] INFO:colcon.colcon_core.shell:Creating environment hook '/home/weiwei/Desktop/project/ObsAvoidance/install/interface/share/interface/hook/ld_library_path_lib.ps1'
[2.205s] INFO:colcon.colcon_core.shell:Creating environment descriptor '/home/weiwei/Desktop/project/ObsAvoidance/install/interface/share/interface/hook/ld_library_path_lib.dsv'
[2.205s] INFO:colcon.colcon_core.shell:Creating environment hook '/home/weiwei/Desktop/project/ObsAvoidance/install/interface/share/interface/hook/ld_library_path_lib.sh'
[2.206s] Level 1:colcon.colcon_core.environment:checking '/home/weiwei/Desktop/project/ObsAvoidance/install/interface/bin'
[2.206s] Level 1:colcon.colcon_core.environment:checking '/home/weiwei/Desktop/project/ObsAvoidance/install/interface/lib/pkgconfig/interface.pc'
[2.206s] Level 1:colcon.colcon_core.environment:checking '/home/weiwei/Desktop/project/ObsAvoidance/install/interface/lib/python3.8/site-packages'
[2.206s] Level 1:colcon.colcon_core.shell:create_environment_hook('interface', 'pythonpath')
[2.240s] INFO:colcon.colcon_core.shell:Creating environment hook '/home/weiwei/Desktop/project/ObsAvoidance/install/interface/share/interface/hook/pythonpath.ps1'
[2.241s] INFO:colcon.colcon_core.shell:Creating environment descriptor '/home/weiwei/Desktop/project/ObsAvoidance/install/interface/share/interface/hook/pythonpath.dsv'
[2.241s] INFO:colcon.colcon_core.shell:Creating environment hook '/home/weiwei/Desktop/project/ObsAvoidance/install/interface/share/interface/hook/pythonpath.sh'
[2.242s] Level 1:colcon.colcon_core.environment:checking '/home/weiwei/Desktop/project/ObsAvoidance/install/interface/bin'
[2.270s] INFO:colcon.colcon_core.shell:Creating package script '/home/weiwei/Desktop/project/ObsAvoidance/install/interface/share/interface/package.ps1'
[2.270s] INFO:colcon.colcon_core.shell:Creating package descriptor '/home/weiwei/Desktop/project/ObsAvoidance/install/interface/share/interface/package.dsv'
[2.271s] INFO:colcon.colcon_core.shell:Creating package script '/home/weiwei/Desktop/project/ObsAvoidance/install/interface/share/interface/package.sh'
[2.271s] INFO:colcon.colcon_core.shell:Creating package script '/home/weiwei/Desktop/project/ObsAvoidance/install/interface/share/interface/package.bash'
[2.272s] INFO:colcon.colcon_core.shell:Creating package script '/home/weiwei/Desktop/project/ObsAvoidance/install/interface/share/interface/package.zsh'
[2.272s] Level 1:colcon.colcon_core.environment:create_file_with_runtime_dependencies(/home/weiwei/Desktop/project/ObsAvoidance/install/interface/share/colcon-core/packages/interface)
[2.329s] Level 1:colcon.colcon_core.environment:create_environment_scripts_only(interface)
[2.352s] Level 1:colcon.colcon_core.environment:checking '/home/weiwei/Desktop/project/ObsAvoidance/install/interface' for CMake module files
[2.352s] Level 1:colcon.colcon_core.environment:checking '/home/weiwei/Desktop/project/ObsAvoidance/install/interface' for CMake config files
[2.353s] Level 1:colcon.colcon_core.shell:create_environment_hook('interface', 'cmake_prefix_path')
[2.376s] INFO:colcon.colcon_core.shell:Creating environment hook '/home/weiwei/Desktop/project/ObsAvoidance/install/interface/share/interface/hook/cmake_prefix_path.ps1'
[2.376s] INFO:colcon.colcon_core.shell:Creating environment descriptor '/home/weiwei/Desktop/project/ObsAvoidance/install/interface/share/interface/hook/cmake_prefix_path.dsv'
[2.377s] INFO:colcon.colcon_core.shell:Creating environment hook '/home/weiwei/Desktop/project/ObsAvoidance/install/interface/share/interface/hook/cmake_prefix_path.sh'
[2.377s] Level 1:colcon.colcon_core.environment:checking '/home/weiwei/Desktop/project/ObsAvoidance/install/interface/lib'
[2.377s] Level 1:colcon.colcon_core.shell:create_environment_hook('interface', 'ld_library_path_lib')
[2.401s] INFO:colcon.colcon_core.shell:Creating environment hook '/home/weiwei/Desktop/project/ObsAvoidance/install/interface/share/interface/hook/ld_library_path_lib.ps1'
[2.401s] INFO:colcon.colcon_core.shell:Creating environment descriptor '/home/weiwei/Desktop/project/ObsAvoidance/install/interface/share/interface/hook/ld_library_path_lib.dsv'
[2.401s] INFO:colcon.colcon_core.shell:Creating environment hook '/home/weiwei/Desktop/project/ObsAvoidance/install/interface/share/interface/hook/ld_library_path_lib.sh'
[2.402s] Level 1:colcon.colcon_core.environment:checking '/home/weiwei/Desktop/project/ObsAvoidance/install/interface/bin'
[2.402s] Level 1:colcon.colcon_core.environment:checking '/home/weiwei/Desktop/project/ObsAvoidance/install/interface/lib/pkgconfig/interface.pc'
[2.402s] Level 1:colcon.colcon_core.environment:checking '/home/weiwei/Desktop/project/ObsAvoidance/install/interface/lib/python3.8/site-packages'
[2.402s] Level 1:colcon.colcon_core.shell:create_environment_hook('interface', 'pythonpath')
[2.425s] INFO:colcon.colcon_core.shell:Creating environment hook '/home/weiwei/Desktop/project/ObsAvoidance/install/interface/share/interface/hook/pythonpath.ps1'
[2.425s] INFO:colcon.colcon_core.shell:Creating environment descriptor '/home/weiwei/Desktop/project/ObsAvoidance/install/interface/share/interface/hook/pythonpath.dsv'
[2.425s] INFO:colcon.colcon_core.shell:Creating environment hook '/home/weiwei/Desktop/project/ObsAvoidance/install/interface/share/interface/hook/pythonpath.sh'
[2.426s] Level 1:colcon.colcon_core.environment:checking '/home/weiwei/Desktop/project/ObsAvoidance/install/interface/bin'
[2.449s] INFO:colcon.colcon_core.shell:Creating package script '/home/weiwei/Desktop/project/ObsAvoidance/install/interface/share/interface/package.ps1'
[2.449s] INFO:colcon.colcon_core.shell:Creating package descriptor '/home/weiwei/Desktop/project/ObsAvoidance/install/interface/share/interface/package.dsv'
[2.450s] INFO:colcon.colcon_core.shell:Creating package script '/home/weiwei/Desktop/project/ObsAvoidance/install/interface/share/interface/package.sh'
[2.450s] INFO:colcon.colcon_core.shell:Creating package script '/home/weiwei/Desktop/project/ObsAvoidance/install/interface/share/interface/package.bash'
[2.450s] INFO:colcon.colcon_core.shell:Creating package script '/home/weiwei/Desktop/project/ObsAvoidance/install/interface/share/interface/package.zsh'
[2.450s] Level 1:colcon.colcon_core.environment:create_file_with_runtime_dependencies(/home/weiwei/Desktop/project/ObsAvoidance/install/interface/share/colcon-core/packages/interface)
[2.451s] INFO:colcon.colcon_ros.task.ament_cmake.build:Building ROS package in '/home/weiwei/Desktop/project/ObsAvoidance/src/media' with build type 'ament_cmake'
[2.451s] INFO:colcon.colcon_cmake.task.cmake.build:Building CMake package in '/home/weiwei/Desktop/project/ObsAvoidance/src/media'
[2.475s] INFO:colcon.colcon_core.shell:Skip shell extension 'powershell' for command environment: Not usable outside of PowerShell
[2.475s] DEBUG:colcon.colcon_core.shell:Skip shell extension 'dsv' for command environment
[2.558s] INFO:colcon.colcon_ros.task.ament_cmake.build:Building ROS package in '/home/weiwei/Desktop/project/ObsAvoidance/src/model' with build type 'ament_cmake'
[2.559s] INFO:colcon.colcon_cmake.task.cmake.build:Building CMake package in '/home/weiwei/Desktop/project/ObsAvoidance/src/model'
[2.582s] INFO:colcon.colcon_core.shell:Skip shell extension 'powershell' for command environment: Not usable outside of PowerShell
[2.583s] DEBUG:colcon.colcon_core.shell:Skip shell extension 'dsv' for command environment
[2.654s] INFO:colcon.colcon_ros.task.ament_cmake.build:Building ROS package in '/home/weiwei/Desktop/project/ObsAvoidance/src/orbslam' with build type 'ament_cmake'
[2.655s] INFO:colcon.colcon_cmake.task.cmake.build:Building CMake package in '/home/weiwei/Desktop/project/ObsAvoidance/src/orbslam'
[2.679s] INFO:colcon.colcon_core.shell:Skip shell extension 'powershell' for command environment: Not usable outside of PowerShell
[2.679s] DEBUG:colcon.colcon_core.shell:Skip shell extension 'dsv' for command environment
[2.756s] DEBUG:colcon.colcon_core.event_handler.log_command:Invoking command in '/home/weiwei/Desktop/project/ObsAvoidance/build/media': CMAKE_PREFIX_PATH=/home/weiwei/Desktop/project/ObsAvoidance/install/interface:/home/weiwei/Desktop/project/ObsAvoidance/install/orbslam:/home/weiwei/Desktop/project/ObsAvoidance/install/model:/home/weiwei/Desktop/project/ObsAvoidance/install/media:/opt/ros/foxy /usr/bin/cmake --build /home/weiwei/Desktop/project/ObsAvoidance/build/media -- -j16 -l16
[2.758s] DEBUG:colcon.colcon_core.event_handler.log_command:Invoking command in '/home/weiwei/Desktop/project/ObsAvoidance/build/model': CMAKE_PREFIX_PATH=/home/weiwei/Desktop/project/ObsAvoidance/install/interface:/home/weiwei/Desktop/project/ObsAvoidance/install/orbslam:/home/weiwei/Desktop/project/ObsAvoidance/install/model:/home/weiwei/Desktop/project/ObsAvoidance/install/media:/opt/ros/foxy /usr/bin/cmake --build /home/weiwei/Desktop/project/ObsAvoidance/build/model -- -j16 -l16
[2.763s] DEBUG:colcon.colcon_core.event_handler.log_command:Invoking command in '/home/weiwei/Desktop/project/ObsAvoidance/build/orbslam': CMAKE_PREFIX_PATH=/home/weiwei/Desktop/project/ObsAvoidance/install/interface:/home/weiwei/Desktop/project/ObsAvoidance/install/orbslam:/home/weiwei/Desktop/project/ObsAvoidance/install/model:/home/weiwei/Desktop/project/ObsAvoidance/install/media:/opt/ros/foxy /usr/bin/cmake --build /home/weiwei/Desktop/project/ObsAvoidance/build/orbslam -- -j16 -l16
[2.822s] DEBUG:colcon.colcon_core.event_handler.log_command:Invoked command in '/home/weiwei/Desktop/project/ObsAvoidance/build/media' returned '0': CMAKE_PREFIX_PATH=/home/weiwei/Desktop/project/ObsAvoidance/install/interface:/home/weiwei/Desktop/project/ObsAvoidance/install/orbslam:/home/weiwei/Desktop/project/ObsAvoidance/install/model:/home/weiwei/Desktop/project/ObsAvoidance/install/media:/opt/ros/foxy /usr/bin/cmake --build /home/weiwei/Desktop/project/ObsAvoidance/build/media -- -j16 -l16
[2.827s] DEBUG:colcon.colcon_core.event_handler.log_command:Invoked command in '/home/weiwei/Desktop/project/ObsAvoidance/build/orbslam' returned '0': CMAKE_PREFIX_PATH=/home/weiwei/Desktop/project/ObsAvoidance/install/interface:/home/weiwei/Desktop/project/ObsAvoidance/install/orbslam:/home/weiwei/Desktop/project/ObsAvoidance/install/model:/home/weiwei/Desktop/project/ObsAvoidance/install/media:/opt/ros/foxy /usr/bin/cmake --build /home/weiwei/Desktop/project/ObsAvoidance/build/orbslam -- -j16 -l16
[2.831s] DEBUG:colcon.colcon_core.event_handler.log_command:Invoked command in '/home/weiwei/Desktop/project/ObsAvoidance/build/model' returned '0': CMAKE_PREFIX_PATH=/home/weiwei/Desktop/project/ObsAvoidance/install/interface:/home/weiwei/Desktop/project/ObsAvoidance/install/orbslam:/home/weiwei/Desktop/project/ObsAvoidance/install/model:/home/weiwei/Desktop/project/ObsAvoidance/install/media:/opt/ros/foxy /usr/bin/cmake --build /home/weiwei/Desktop/project/ObsAvoidance/build/model -- -j16 -l16
[2.844s] DEBUG:colcon.colcon_core.event_handler.log_command:Invoking command in '/home/weiwei/Desktop/project/ObsAvoidance/build/media': CMAKE_PREFIX_PATH=/home/weiwei/Desktop/project/ObsAvoidance/install/interface:/home/weiwei/Desktop/project/ObsAvoidance/install/orbslam:/home/weiwei/Desktop/project/ObsAvoidance/install/model:/home/weiwei/Desktop/project/ObsAvoidance/install/media:/opt/ros/foxy /usr/bin/cmake --install /home/weiwei/Desktop/project/ObsAvoidance/build/media
[2.847s] DEBUG:colcon.colcon_core.event_handler.log_command:Invoking command in '/home/weiwei/Desktop/project/ObsAvoidance/build/orbslam': CMAKE_PREFIX_PATH=/home/weiwei/Desktop/project/ObsAvoidance/install/interface:/home/weiwei/Desktop/project/ObsAvoidance/install/orbslam:/home/weiwei/Desktop/project/ObsAvoidance/install/model:/home/weiwei/Desktop/project/ObsAvoidance/install/media:/opt/ros/foxy /usr/bin/cmake --install /home/weiwei/Desktop/project/ObsAvoidance/build/orbslam
[2.851s] DEBUG:colcon.colcon_core.event_handler.log_command:Invoking command in '/home/weiwei/Desktop/project/ObsAvoidance/build/model': CMAKE_PREFIX_PATH=/home/weiwei/Desktop/project/ObsAvoidance/install/interface:/home/weiwei/Desktop/project/ObsAvoidance/install/orbslam:/home/weiwei/Desktop/project/ObsAvoidance/install/model:/home/weiwei/Desktop/project/ObsAvoidance/install/media:/opt/ros/foxy /usr/bin/cmake --install /home/weiwei/Desktop/project/ObsAvoidance/build/model
[2.852s] Level 1:colcon.colcon_core.environment:create_environment_scripts_only(media)
[2.853s] DEBUG:colcon.colcon_core.event_handler.log_command:Invoked command in '/home/weiwei/Desktop/project/ObsAvoidance/build/media' returned '0': CMAKE_PREFIX_PATH=/home/weiwei/Desktop/project/ObsAvoidance/install/interface:/home/weiwei/Desktop/project/ObsAvoidance/install/orbslam:/home/weiwei/Desktop/project/ObsAvoidance/install/model:/home/weiwei/Desktop/project/ObsAvoidance/install/media:/opt/ros/foxy /usr/bin/cmake --install /home/weiwei/Desktop/project/ObsAvoidance/build/media
[2.880s] Level 1:colcon.colcon_core.environment:checking '/home/weiwei/Desktop/project/ObsAvoidance/install/media' for CMake module files
[2.881s] Level 1:colcon.colcon_core.environment:checking '/home/weiwei/Desktop/project/ObsAvoidance/install/media' for CMake config files
[2.881s] Level 1:colcon.colcon_core.shell:create_environment_hook('media', 'cmake_prefix_path')
[2.904s] INFO:colcon.colcon_core.shell:Creating environment hook '/home/weiwei/Desktop/project/ObsAvoidance/install/media/share/media/hook/cmake_prefix_path.ps1'
[2.905s] INFO:colcon.colcon_core.shell:Creating environment descriptor '/home/weiwei/Desktop/project/ObsAvoidance/install/media/share/media/hook/cmake_prefix_path.dsv'
[2.905s] INFO:colcon.colcon_core.shell:Creating environment hook '/home/weiwei/Desktop/project/ObsAvoidance/install/media/share/media/hook/cmake_prefix_path.sh'
[2.905s] Level 1:colcon.colcon_core.environment:checking '/home/weiwei/Desktop/project/ObsAvoidance/install/media/lib'
[2.906s] Level 1:colcon.colcon_core.environment:checking '/home/weiwei/Desktop/project/ObsAvoidance/install/media/bin'
[2.906s] Level 1:colcon.colcon_core.environment:checking '/home/weiwei/Desktop/project/ObsAvoidance/install/media/lib/pkgconfig/media.pc'
[2.906s] Level 1:colcon.colcon_core.environment:checking '/home/weiwei/Desktop/project/ObsAvoidance/install/media/lib/python3.8/site-packages'
[2.906s] Level 1:colcon.colcon_core.environment:checking '/home/weiwei/Desktop/project/ObsAvoidance/install/media/bin'
[2.930s] INFO:colcon.colcon_core.shell:Creating package script '/home/weiwei/Desktop/project/ObsAvoidance/install/media/share/media/package.ps1'
[2.930s] INFO:colcon.colcon_core.shell:Creating package descriptor '/home/weiwei/Desktop/project/ObsAvoidance/install/media/share/media/package.dsv'
[2.931s] INFO:colcon.colcon_core.shell:Creating package script '/home/weiwei/Desktop/project/ObsAvoidance/install/media/share/media/package.sh'
[2.931s] INFO:colcon.colcon_core.shell:Creating package script '/home/weiwei/Desktop/project/ObsAvoidance/install/media/share/media/package.bash'
[2.931s] INFO:colcon.colcon_core.shell:Creating package script '/home/weiwei/Desktop/project/ObsAvoidance/install/media/share/media/package.zsh'
[2.931s] Level 1:colcon.colcon_core.environment:create_file_with_runtime_dependencies(/home/weiwei/Desktop/project/ObsAvoidance/install/media/share/colcon-core/packages/media)
[2.935s] Level 1:colcon.colcon_core.environment:create_environment_scripts_only(orbslam)
[2.936s] DEBUG:colcon.colcon_core.event_handler.log_command:Invoked command in '/home/weiwei/Desktop/project/ObsAvoidance/build/orbslam' returned '0': CMAKE_PREFIX_PATH=/home/weiwei/Desktop/project/ObsAvoidance/install/interface:/home/weiwei/Desktop/project/ObsAvoidance/install/orbslam:/home/weiwei/Desktop/project/ObsAvoidance/install/model:/home/weiwei/Desktop/project/ObsAvoidance/install/media:/opt/ros/foxy /usr/bin/cmake --install /home/weiwei/Desktop/project/ObsAvoidance/build/orbslam
[2.959s] Level 1:colcon.colcon_core.environment:checking '/home/weiwei/Desktop/project/ObsAvoidance/install/orbslam' for CMake module files
[2.960s] Level 1:colcon.colcon_core.environment:checking '/home/weiwei/Desktop/project/ObsAvoidance/install/orbslam' for CMake config files
[2.960s] Level 1:colcon.colcon_core.shell:create_environment_hook('orbslam', 'cmake_prefix_path')
[2.983s] INFO:colcon.colcon_core.shell:Creating environment hook '/home/weiwei/Desktop/project/ObsAvoidance/install/orbslam/share/orbslam/hook/cmake_prefix_path.ps1'
[2.983s] INFO:colcon.colcon_core.shell:Creating environment descriptor '/home/weiwei/Desktop/project/ObsAvoidance/install/orbslam/share/orbslam/hook/cmake_prefix_path.dsv'
[2.984s] INFO:colcon.colcon_core.shell:Creating environment hook '/home/weiwei/Desktop/project/ObsAvoidance/install/orbslam/share/orbslam/hook/cmake_prefix_path.sh'
[2.984s] Level 1:colcon.colcon_core.environment:checking '/home/weiwei/Desktop/project/ObsAvoidance/install/orbslam/lib'
[2.984s] Level 1:colcon.colcon_core.environment:checking '/home/weiwei/Desktop/project/ObsAvoidance/install/orbslam/bin'
[2.984s] Level 1:colcon.colcon_core.environment:checking '/home/weiwei/Desktop/project/ObsAvoidance/install/orbslam/lib/pkgconfig/orbslam.pc'
[2.984s] Level 1:colcon.colcon_core.environment:checking '/home/weiwei/Desktop/project/ObsAvoidance/install/orbslam/lib/python3.8/site-packages'
[2.985s] Level 1:colcon.colcon_core.environment:checking '/home/weiwei/Desktop/project/ObsAvoidance/install/orbslam/bin'
[3.007s] INFO:colcon.colcon_core.shell:Creating package script '/home/weiwei/Desktop/project/ObsAvoidance/install/orbslam/share/orbslam/package.ps1'
[3.008s] INFO:colcon.colcon_core.shell:Creating package descriptor '/home/weiwei/Desktop/project/ObsAvoidance/install/orbslam/share/orbslam/package.dsv'
[3.008s] INFO:colcon.colcon_core.shell:Creating package script '/home/weiwei/Desktop/project/ObsAvoidance/install/orbslam/share/orbslam/package.sh'
[3.008s] INFO:colcon.colcon_core.shell:Creating package script '/home/weiwei/Desktop/project/ObsAvoidance/install/orbslam/share/orbslam/package.bash'
[3.009s] INFO:colcon.colcon_core.shell:Creating package script '/home/weiwei/Desktop/project/ObsAvoidance/install/orbslam/share/orbslam/package.zsh'
[3.009s] Level 1:colcon.colcon_core.environment:create_file_with_runtime_dependencies(/home/weiwei/Desktop/project/ObsAvoidance/install/orbslam/share/colcon-core/packages/orbslam)
[3.011s] Level 1:colcon.colcon_core.environment:create_environment_scripts_only(model)
[3.012s] DEBUG:colcon.colcon_core.event_handler.log_command:Invoked command in '/home/weiwei/Desktop/project/ObsAvoidance/build/model' returned '0': CMAKE_PREFIX_PATH=/home/weiwei/Desktop/project/ObsAvoidance/install/interface:/home/weiwei/Desktop/project/ObsAvoidance/install/orbslam:/home/weiwei/Desktop/project/ObsAvoidance/install/model:/home/weiwei/Desktop/project/ObsAvoidance/install/media:/opt/ros/foxy /usr/bin/cmake --install /home/weiwei/Desktop/project/ObsAvoidance/build/model
[3.038s] Level 1:colcon.colcon_core.environment:checking '/home/weiwei/Desktop/project/ObsAvoidance/install/model' for CMake module files
[3.038s] Level 1:colcon.colcon_core.environment:checking '/home/weiwei/Desktop/project/ObsAvoidance/install/model' for CMake config files
[3.038s] Level 1:colcon.colcon_core.shell:create_environment_hook('model', 'cmake_prefix_path')
[3.062s] INFO:colcon.colcon_core.shell:Creating environment hook '/home/weiwei/Desktop/project/ObsAvoidance/install/model/share/model/hook/cmake_prefix_path.ps1'
[3.062s] INFO:colcon.colcon_core.shell:Creating environment descriptor '/home/weiwei/Desktop/project/ObsAvoidance/install/model/share/model/hook/cmake_prefix_path.dsv'
[3.063s] INFO:colcon.colcon_core.shell:Creating environment hook '/home/weiwei/Desktop/project/ObsAvoidance/install/model/share/model/hook/cmake_prefix_path.sh'
[3.063s] Level 1:colcon.colcon_core.environment:checking '/home/weiwei/Desktop/project/ObsAvoidance/install/model/lib'
[3.063s] Level 1:colcon.colcon_core.environment:checking '/home/weiwei/Desktop/project/ObsAvoidance/install/model/bin'
[3.063s] Level 1:colcon.colcon_core.environment:checking '/home/weiwei/Desktop/project/ObsAvoidance/install/model/lib/pkgconfig/model.pc'
[3.063s] Level 1:colcon.colcon_core.environment:checking '/home/weiwei/Desktop/project/ObsAvoidance/install/model/lib/python3.8/site-packages'
[3.063s] Level 1:colcon.colcon_core.environment:checking '/home/weiwei/Desktop/project/ObsAvoidance/install/model/bin'
[3.088s] INFO:colcon.colcon_core.shell:Creating package script '/home/weiwei/Desktop/project/ObsAvoidance/install/model/share/model/package.ps1'
[3.088s] INFO:colcon.colcon_core.shell:Creating package descriptor '/home/weiwei/Desktop/project/ObsAvoidance/install/model/share/model/package.dsv'
[3.088s] INFO:colcon.colcon_core.shell:Creating package script '/home/weiwei/Desktop/project/ObsAvoidance/install/model/share/model/package.sh'
[3.089s] INFO:colcon.colcon_core.shell:Creating package script '/home/weiwei/Desktop/project/ObsAvoidance/install/model/share/model/package.bash'
[3.089s] INFO:colcon.colcon_core.shell:Creating package script '/home/weiwei/Desktop/project/ObsAvoidance/install/model/share/model/package.zsh'
[3.089s] Level 1:colcon.colcon_core.environment:create_file_with_runtime_dependencies(/home/weiwei/Desktop/project/ObsAvoidance/install/model/share/colcon-core/packages/model)
[3.118s] Level 1:colcon.colcon_core.environment:create_environment_scripts_only(media)
[3.142s] Level 1:colcon.colcon_core.environment:checking '/home/weiwei/Desktop/project/ObsAvoidance/install/media' for CMake module files
[3.143s] Level 1:colcon.colcon_core.environment:checking '/home/weiwei/Desktop/project/ObsAvoidance/install/media' for CMake config files
[3.143s] Level 1:colcon.colcon_core.shell:create_environment_hook('media', 'cmake_prefix_path')
[3.167s] INFO:colcon.colcon_core.shell:Creating environment hook '/home/weiwei/Desktop/project/ObsAvoidance/install/media/share/media/hook/cmake_prefix_path.ps1'
[3.167s] INFO:colcon.colcon_core.shell:Creating environment descriptor '/home/weiwei/Desktop/project/ObsAvoidance/install/media/share/media/hook/cmake_prefix_path.dsv'
[3.167s] INFO:colcon.colcon_core.shell:Creating environment hook '/home/weiwei/Desktop/project/ObsAvoidance/install/media/share/media/hook/cmake_prefix_path.sh'
[3.168s] Level 1:colcon.colcon_core.environment:checking '/home/weiwei/Desktop/project/ObsAvoidance/install/media/lib'
[3.168s] Level 1:colcon.colcon_core.environment:checking '/home/weiwei/Desktop/project/ObsAvoidance/install/media/bin'
[3.168s] Level 1:colcon.colcon_core.environment:checking '/home/weiwei/Desktop/project/ObsAvoidance/install/media/lib/pkgconfig/media.pc'
[3.168s] Level 1:colcon.colcon_core.environment:checking '/home/weiwei/Desktop/project/ObsAvoidance/install/media/lib/python3.8/site-packages'
[3.168s] Level 1:colcon.colcon_core.environment:checking '/home/weiwei/Desktop/project/ObsAvoidance/install/media/bin'
[3.192s] INFO:colcon.colcon_core.shell:Creating package script '/home/weiwei/Desktop/project/ObsAvoidance/install/media/share/media/package.ps1'
[3.192s] INFO:colcon.colcon_core.shell:Creating package descriptor '/home/weiwei/Desktop/project/ObsAvoidance/install/media/share/media/package.dsv'
[3.193s] INFO:colcon.colcon_core.shell:Creating package script '/home/weiwei/Desktop/project/ObsAvoidance/install/media/share/media/package.sh'
[3.193s] INFO:colcon.colcon_core.shell:Creating package script '/home/weiwei/Desktop/project/ObsAvoidance/install/media/share/media/package.bash'
[3.193s] INFO:colcon.colcon_core.shell:Creating package script '/home/weiwei/Desktop/project/ObsAvoidance/install/media/share/media/package.zsh'
[3.193s] Level 1:colcon.colcon_core.environment:create_file_with_runtime_dependencies(/home/weiwei/Desktop/project/ObsAvoidance/install/media/share/colcon-core/packages/media)
[3.230s] Level 1:colcon.colcon_core.environment:create_environment_scripts_only(orbslam)
[3.254s] Level 1:colcon.colcon_core.environment:checking '/home/weiwei/Desktop/project/ObsAvoidance/install/orbslam' for CMake module files
[3.254s] Level 1:colcon.colcon_core.environment:checking '/home/weiwei/Desktop/project/ObsAvoidance/install/orbslam' for CMake config files
[3.254s] Level 1:colcon.colcon_core.shell:create_environment_hook('orbslam', 'cmake_prefix_path')
[3.278s] INFO:colcon.colcon_core.shell:Creating environment hook '/home/weiwei/Desktop/project/ObsAvoidance/install/orbslam/share/orbslam/hook/cmake_prefix_path.ps1'
[3.278s] INFO:colcon.colcon_core.shell:Creating environment descriptor '/home/weiwei/Desktop/project/ObsAvoidance/install/orbslam/share/orbslam/hook/cmake_prefix_path.dsv'
[3.278s] INFO:colcon.colcon_core.shell:Creating environment hook '/home/weiwei/Desktop/project/ObsAvoidance/install/orbslam/share/orbslam/hook/cmake_prefix_path.sh'
[3.279s] Level 1:colcon.colcon_core.environment:checking '/home/weiwei/Desktop/project/ObsAvoidance/install/orbslam/lib'
[3.279s] Level 1:colcon.colcon_core.environment:checking '/home/weiwei/Desktop/project/ObsAvoidance/install/orbslam/bin'
[3.279s] Level 1:colcon.colcon_core.environment:checking '/home/weiwei/Desktop/project/ObsAvoidance/install/orbslam/lib/pkgconfig/orbslam.pc'
[3.279s] Level 1:colcon.colcon_core.environment:checking '/home/weiwei/Desktop/project/ObsAvoidance/install/orbslam/lib/python3.8/site-packages'
[3.279s] Level 1:colcon.colcon_core.environment:checking '/home/weiwei/Desktop/project/ObsAvoidance/install/orbslam/bin'
[3.303s] INFO:colcon.colcon_core.shell:Creating package script '/home/weiwei/Desktop/project/ObsAvoidance/install/orbslam/share/orbslam/package.ps1'
[3.303s] INFO:colcon.colcon_core.shell:Creating package descriptor '/home/weiwei/Desktop/project/ObsAvoidance/install/orbslam/share/orbslam/package.dsv'
[3.303s] INFO:colcon.colcon_core.shell:Creating package script '/home/weiwei/Desktop/project/ObsAvoidance/install/orbslam/share/orbslam/package.sh'
[3.304s] INFO:colcon.colcon_core.shell:Creating package script '/home/weiwei/Desktop/project/ObsAvoidance/install/orbslam/share/orbslam/package.bash'
[3.304s] INFO:colcon.colcon_core.shell:Creating package script '/home/weiwei/Desktop/project/ObsAvoidance/install/orbslam/share/orbslam/package.zsh'
[3.304s] Level 1:colcon.colcon_core.environment:create_file_with_runtime_dependencies(/home/weiwei/Desktop/project/ObsAvoidance/install/orbslam/share/colcon-core/packages/orbslam)
[3.328s] Level 1:colcon.colcon_core.environment:create_environment_scripts_only(model)
[3.351s] Level 1:colcon.colcon_core.environment:checking '/home/weiwei/Desktop/project/ObsAvoidance/install/model' for CMake module files
[3.351s] Level 1:colcon.colcon_core.environment:checking '/home/weiwei/Desktop/project/ObsAvoidance/install/model' for CMake config files
[3.351s] Level 1:colcon.colcon_core.shell:create_environment_hook('model', 'cmake_prefix_path')
[3.374s] INFO:colcon.colcon_core.shell:Creating environment hook '/home/weiwei/Desktop/project/ObsAvoidance/install/model/share/model/hook/cmake_prefix_path.ps1'
[3.375s] INFO:colcon.colcon_core.shell:Creating environment descriptor '/home/weiwei/Desktop/project/ObsAvoidance/install/model/share/model/hook/cmake_prefix_path.dsv'
[3.375s] INFO:colcon.colcon_core.shell:Creating environment hook '/home/weiwei/Desktop/project/ObsAvoidance/install/model/share/model/hook/cmake_prefix_path.sh'
[3.375s] Level 1:colcon.colcon_core.environment:checking '/home/weiwei/Desktop/project/ObsAvoidance/install/model/lib'
[3.375s] Level 1:colcon.colcon_core.environment:checking '/home/weiwei/Desktop/project/ObsAvoidance/install/model/bin'
[3.375s] Level 1:colcon.colcon_core.environment:checking '/home/weiwei/Desktop/project/ObsAvoidance/install/model/lib/pkgconfig/model.pc'
[3.375s] Level 1:colcon.colcon_core.environment:checking '/home/weiwei/Desktop/project/ObsAvoidance/install/model/lib/python3.8/site-packages'
[3.376s] Level 1:colcon.colcon_core.environment:checking '/home/weiwei/Desktop/project/ObsAvoidance/install/model/bin'
[3.398s] INFO:colcon.colcon_core.shell:Creating package script '/home/weiwei/Desktop/project/ObsAvoidance/install/model/share/model/package.ps1'
[3.398s] INFO:colcon.colcon_core.shell:Creating package descriptor '/home/weiwei/Desktop/project/ObsAvoidance/install/model/share/model/package.dsv'
[3.399s] INFO:colcon.colcon_core.shell:Creating package script '/home/weiwei/Desktop/project/ObsAvoidance/install/model/share/model/package.sh'
[3.399s] INFO:colcon.colcon_core.shell:Creating package script '/home/weiwei/Desktop/project/ObsAvoidance/install/model/share/model/package.bash'
[3.399s] INFO:colcon.colcon_core.shell:Creating package script '/home/weiwei/Desktop/project/ObsAvoidance/install/model/share/model/package.zsh'
[3.399s] Level 1:colcon.colcon_core.environment:create_file_with_runtime_dependencies(/home/weiwei/Desktop/project/ObsAvoidance/install/model/share/colcon-core/packages/model)
[3.399s] DEBUG:colcon.colcon_parallel_executor.executor.parallel:closing loop
[3.400s] DEBUG:colcon.colcon_parallel_executor.executor.parallel:loop closed
[3.400s] DEBUG:colcon.colcon_parallel_executor.executor.parallel:run_until_complete finished with '0'
[3.400s] DEBUG:colcon.colcon_core.event_reactor:joining thread
[3.427s] INFO:colcon.colcon_core.plugin_system:Skipping extension 'colcon_notification.desktop_notification.terminal_notifier': Not used on non-Darwin systems
[3.428s] INFO:colcon.colcon_core.plugin_system:Skipping extension 'colcon_notification.desktop_notification.win32': Not used on non-Windows systems
[3.428s] INFO:colcon.colcon_notification.desktop_notification:Sending desktop notification using 'notify2'
[3.437s] DEBUG:colcon.colcon_core.event_reactor:joined thread
[3.462s] INFO:colcon.colcon_core.shell:Creating prefix script '/home/weiwei/Desktop/project/ObsAvoidance/install/local_setup.ps1'
[3.463s] INFO:colcon.colcon_core.shell:Creating prefix util module '/home/weiwei/Desktop/project/ObsAvoidance/install/_local_setup_util_ps1.py'
[3.464s] INFO:colcon.colcon_core.shell:Creating prefix chain script '/home/weiwei/Desktop/project/ObsAvoidance/install/setup.ps1'
[3.491s] INFO:colcon.colcon_core.shell:Creating prefix script '/home/weiwei/Desktop/project/ObsAvoidance/install/local_setup.sh'
[3.491s] INFO:colcon.colcon_core.shell:Creating prefix util module '/home/weiwei/Desktop/project/ObsAvoidance/install/_local_setup_util_sh.py'
[3.491s] INFO:colcon.colcon_core.shell:Creating prefix chain script '/home/weiwei/Desktop/project/ObsAvoidance/install/setup.sh'
[3.515s] INFO:colcon.colcon_core.shell:Creating prefix script '/home/weiwei/Desktop/project/ObsAvoidance/install/local_setup.bash'
[3.515s] INFO:colcon.colcon_core.shell:Creating prefix chain script '/home/weiwei/Desktop/project/ObsAvoidance/install/setup.bash'
[3.538s] INFO:colcon.colcon_core.shell:Creating prefix script '/home/weiwei/Desktop/project/ObsAvoidance/install/local_setup.zsh'
[3.539s] INFO:colcon.colcon_core.shell:Creating prefix chain script '/home/weiwei/Desktop/project/ObsAvoidance/install/setup.zsh'
