[0.017s] Invoking command in '/home/weiwei/Desktop/project/ObsAvoidance/build/model3': AMENT_PREFIX_PATH=/home/weiwei/Desktop/project/ObsAvoidance/install/interface:${AMENT_PREFIX_PATH} CMAKE_PREFIX_PATH=/home/weiwei/Desktop/project/ObsAvoidance/install/interface:/opt/ros/foxy LD_LIBRARY_PATH=/home/weiwei/Desktop/project/ObsAvoidance/install/interface/lib:${LD_LIBRARY_PATH} PYTHONPATH=/home/weiwei/Desktop/project/ObsAvoidance/install/interface/lib/python3.8/site-packages:${PYTHONPATH} /usr/bin/cmake /home/weiwei/Desktop/project/ObsAvoidance/src/model3 -DCMAKE_INSTALL_PREFIX=/home/weiwei/Desktop/project/ObsAvoidance/install/model3
[0.049s] -- The C compiler identification is GNU 9.4.0
[0.082s] -- The CXX compiler identification is GNU 9.4.0
[0.085s] -- Check for working C compiler: /usr/bin/cc
[0.128s] -- Check for working C compiler: /usr/bin/cc -- works
[0.128s] -- Detecting C compiler ABI info
[0.171s] -- Detecting C compiler ABI info - done
[0.177s] -- Detecting C compile features
[0.178s] -- Detecting C compile features - done
[0.179s] -- Check for working CXX compiler: /usr/bin/c++
[0.229s] -- Check for working CXX compiler: /usr/bin/c++ -- works
[0.230s] -- Detecting CXX compiler ABI info
[0.280s] -- Detecting CXX compiler ABI info - done
[0.294s] -- Detecting CXX compile features
[0.295s] -- Detecting CXX compile features - done
[0.297s] -- Found ament_cmake: 0.9.12 (/opt/ros/foxy/share/ament_cmake/cmake)
[0.318s] -- Found PythonInterp: /usr/bin/python3 (found suitable version "3.8.10", minimum required is "3") 
[0.318s] -- Using PYTHON_EXECUTABLE: /usr/bin/python3
[0.442s] -- Found rclcpp: 2.4.3 (/opt/ros/foxy/share/rclcpp/cmake)
[0.473s] -- Using all available rosidl_typesupport_c: rosidl_typesupport_fastrtps_c;rosidl_typesupport_introspection_c
[0.477s] -- Found rosidl_adapter: 1.3.1 (/opt/ros/foxy/share/rosidl_adapter/cmake)
[0.531s] -- Found OpenSSL: /usr/lib/x86_64-linux-gnu/libcrypto.so (found version "1.1.1f")  
[0.551s] -- Found FastRTPS: /opt/ros/foxy/include  
[0.604s] -- Using all available rosidl_typesupport_cpp: rosidl_typesupport_fastrtps_cpp;rosidl_typesupport_introspection_cpp
[0.641s] -- Found rmw_implementation_cmake: 1.0.4 (/opt/ros/foxy/share/rmw_implementation_cmake/cmake)
[0.641s] -- Using RMW implementation 'rmw_fastrtps_cpp' as default
[0.642s] -- Looking for pthread.h
[0.691s] -- Looking for pthread.h - found
[0.691s] -- Performing Test CMAKE_HAVE_LIBC_PTHREAD
[0.740s] -- Performing Test CMAKE_HAVE_LIBC_PTHREAD - Failed
[0.740s] -- Looking for pthread_create in pthreads
[0.779s] -- Looking for pthread_create in pthreads - not found
[0.779s] -- Looking for pthread_create in pthread
[0.823s] -- Looking for pthread_create in pthread - found
[0.824s] -- Found Threads: TRUE  
[0.921s] -- Found interface: 0.0.0 (/home/weiwei/Desktop/project/ObsAvoidance/install/interface/share/interface/cmake)
[1.081s] -- Found cv_bridge: 3.0.7 (/opt/ros/foxy/share/cv_bridge/cmake)
[1.099s] -- Found pcl_conversions: 2.2.1 (/opt/ros/foxy/share/pcl_conversions/cmake)
[1.211s] -- Found octomap_msgs: 2.0.0 (/opt/ros/foxy/share/octomap_msgs/cmake)
[1.265s] -- Checking for module 'eigen3'
[1.275s] --   Found eigen3, version 3.3.9
[1.300s] -- Found Eigen: /usr/include/eigen3 (Required is at least version "3.1") 
[1.300s] -- Eigen found (include: /usr/include/eigen3, version: 3.3.7)
[1.331s] -- Found Boost: /usr/include (found suitable version "1.71.0", minimum required is "1.55.0") found components: system filesystem date_time iostreams regex 
[1.343s] -- Checking for module 'flann'
[1.355s] --   Found flann, version 1.9.1
[1.382s] -- Found FLANN: /usr/lib/x86_64-linux-gnu/libflann_cpp.so  
[1.419s] -- The imported target "vtkParseOGLExt" references the file
[1.419s]    "/usr/bin/vtkParseOGLExt-7.1"
[1.419s] but this file does not exist.  Possible reasons include:
[1.419s] * The file was deleted, renamed, or moved to another location.
[1.419s] * An install or uninstall procedure did not complete successfully.
[1.419s] * The installation package was faulty and contained
[1.420s]    "/usr/lib/cmake/vtk-7.1/VTKTargets.cmake"
[1.420s] but not all the files it references.
[1.420s] 
[1.420s] -- The imported target "vtkRenderingPythonTkWidgets" references the file
[1.420s]    "/usr/lib/x86_64-linux-gnu/libvtkRenderingPythonTkWidgets.so"
[1.420s] but this file does not exist.  Possible reasons include:
[1.420s] * The file was deleted, renamed, or moved to another location.
[1.420s] * An install or uninstall procedure did not complete successfully.
[1.420s] * The installation package was faulty and contained
[1.420s]    "/usr/lib/cmake/vtk-7.1/VTKTargets.cmake"
[1.420s] but not all the files it references.
[1.420s] 
[1.420s] -- The imported target "vtk" references the file
[1.421s]    "/usr/bin/vtk"
[1.421s] but this file does not exist.  Possible reasons include:
[1.421s] * The file was deleted, renamed, or moved to another location.
[1.421s] * An install or uninstall procedure did not complete successfully.
[1.421s] * The installation package was faulty and contained
[1.421s]    "/usr/lib/cmake/vtk-7.1/VTKTargets.cmake"
[1.421s] but not all the files it references.
[1.421s] 
[1.421s] -- The imported target "pvtk" references the file
[1.421s]    "/usr/bin/pvtk"
[1.421s] but this file does not exist.  Possible reasons include:
[1.421s] * The file was deleted, renamed, or moved to another location.
[1.421s] * An install or uninstall procedure did not complete successfully.
[1.421s] * The installation package was faulty and contained
[1.421s]    "/usr/lib/cmake/vtk-7.1/VTKTargets.cmake"
[1.421s] but not all the files it references.
[1.422s] 
[1.438s] -- Checking for module 'libusb-1.0'
[1.448s] --   Found libusb-1.0, version 1.0.23
[1.475s] -- Found USB_10: /usr/lib/x86_64-linux-gnu/libusb-1.0.so  
[1.516s] -- Found OpenNI: /usr/lib/libOpenNI.so  
[1.516s] -- OpenNI found (include: /usr/include/ni, lib: /usr/lib/libOpenNI.so)
[1.559s] -- Found OpenNI2: /usr/lib/libOpenNI2.so  
[1.559s] -- OpenNI2 found (include: /usr/include/openni2, lib: /usr/lib/libOpenNI2.so)
[1.559s] ** WARNING ** io features related to pcap will be disabled
[1.559s] ** WARNING ** io features related to png will be disabled
[1.569s] -- Found libusb-1.0: /usr/include  
[1.569s] ** WARNING ** io features related to libusb-1.0 will be disabled
[1.574s] -- OpenNI found (include: /usr/include/ni, lib: /usr/lib/libOpenNI.so)
[1.578s] -- OpenNI2 found (include: /usr/include/openni2, lib: /usr/lib/libOpenNI2.so)
[1.598s] -- Found Qhull: optimized;/usr/lib/x86_64-linux-gnu/libqhull.so;debug;/usr/lib/x86_64-linux-gnu/libqhull.so  
[1.598s] -- QHULL found (include: /usr/include, lib: optimized;/usr/lib/x86_64-linux-gnu/libqhull.so;debug;/usr/lib/x86_64-linux-gnu/libqhull.so)
[1.603s] -- OpenNI found (include: /usr/include/ni, lib: /usr/lib/libOpenNI.so)
[1.611s] -- looking for PCL_COMMON
[1.612s] -- Found PCL_COMMON: /usr/lib/x86_64-linux-gnu/libpcl_common.so  
[1.612s] -- looking for PCL_KDTREE
[1.613s] -- Found PCL_KDTREE: /usr/lib/x86_64-linux-gnu/libpcl_kdtree.so  
[1.613s] -- looking for PCL_OCTREE
[1.614s] -- Found PCL_OCTREE: /usr/lib/x86_64-linux-gnu/libpcl_octree.so  
[1.614s] -- looking for PCL_SEARCH
[1.615s] -- Found PCL_SEARCH: /usr/lib/x86_64-linux-gnu/libpcl_search.so  
[1.615s] -- looking for PCL_SAMPLE_CONSENSUS
[1.615s] -- Found PCL_SAMPLE_CONSENSUS: /usr/lib/x86_64-linux-gnu/libpcl_sample_consensus.so  
[1.616s] -- looking for PCL_FILTERS
[1.616s] -- Found PCL_FILTERS: /usr/lib/x86_64-linux-gnu/libpcl_filters.so  
[1.616s] -- looking for PCL_2D
[1.617s] -- Found PCL_2D: /usr/include/pcl-1.10  
[1.617s] -- looking for PCL_GEOMETRY
[1.617s] -- Found PCL_GEOMETRY: /usr/include/pcl-1.10  
[1.617s] -- looking for PCL_IO
[1.618s] -- Found PCL_IO: /usr/lib/x86_64-linux-gnu/libpcl_io.so  
[1.618s] -- looking for PCL_FEATURES
[1.619s] -- Found PCL_FEATURES: /usr/lib/x86_64-linux-gnu/libpcl_features.so  
[1.619s] -- looking for PCL_ML
[1.620s] -- Found PCL_ML: /usr/lib/x86_64-linux-gnu/libpcl_ml.so  
[1.620s] -- looking for PCL_SEGMENTATION
[1.621s] -- Found PCL_SEGMENTATION: /usr/lib/x86_64-linux-gnu/libpcl_segmentation.so  
[1.621s] -- looking for PCL_VISUALIZATION
[1.621s] -- Found PCL_VISUALIZATION: /usr/lib/x86_64-linux-gnu/libpcl_visualization.so  
[1.622s] -- looking for PCL_SURFACE
[1.622s] -- Found PCL_SURFACE: /usr/lib/x86_64-linux-gnu/libpcl_surface.so  
[1.623s] -- looking for PCL_REGISTRATION
[1.623s] -- Found PCL_REGISTRATION: /usr/lib/x86_64-linux-gnu/libpcl_registration.so  
[1.624s] -- looking for PCL_KEYPOINTS
[1.624s] -- Found PCL_KEYPOINTS: /usr/lib/x86_64-linux-gnu/libpcl_keypoints.so  
[1.625s] -- looking for PCL_TRACKING
[1.625s] -- Found PCL_TRACKING: /usr/lib/x86_64-linux-gnu/libpcl_tracking.so  
[1.625s] -- looking for PCL_RECOGNITION
[1.626s] -- Found PCL_RECOGNITION: /usr/lib/x86_64-linux-gnu/libpcl_recognition.so  
[1.627s] -- looking for PCL_STEREO
[1.627s] -- Found PCL_STEREO: /usr/lib/x86_64-linux-gnu/libpcl_stereo.so  
[1.627s] -- looking for PCL_APPS
[1.628s] -- Found PCL_APPS: /usr/lib/x86_64-linux-gnu/libpcl_apps.so  
[1.629s] -- looking for PCL_IN_HAND_SCANNER
[1.629s] -- Found PCL_IN_HAND_SCANNER: /usr/include/pcl-1.10  
[1.629s] -- looking for PCL_POINT_CLOUD_EDITOR
[1.629s] -- Found PCL_POINT_CLOUD_EDITOR: /usr/include/pcl-1.10  
[1.629s] -- looking for PCL_OUTOFCORE
[1.630s] -- Found PCL_OUTOFCORE: /usr/lib/x86_64-linux-gnu/libpcl_outofcore.so  
[1.630s] -- looking for PCL_PEOPLE
[1.631s] -- Found PCL_PEOPLE: /usr/lib/x86_64-linux-gnu/libpcl_people.so  
[1.632s] -- Found PCL: pcl_common;pcl_kdtree;pcl_octree;pcl_search;pcl_sample_consensus;pcl_filters;pcl_io;pcl_features;pcl_ml;pcl_segmentation;pcl_visualization;pcl_surface;pcl_registration;pcl_keypoints;pcl_tracking;pcl_recognition;pcl_stereo;pcl_apps;pcl_outofcore;pcl_people;/usr/lib/x86_64-linux-gnu/libboost_system.so;/usr/lib/x86_64-linux-gnu/libboost_filesystem.so;/usr/lib/x86_64-linux-gnu/libboost_date_time.so;/usr/lib/x86_64-linux-gnu/libboost_iostreams.so;/usr/lib/x86_64-linux-gnu/libboost_regex.so;optimized;/usr/lib/x86_64-linux-gnu/libqhull.so;debug;/usr/lib/x86_64-linux-gnu/libqhull.so;/usr/lib/libOpenNI.so;/usr/lib/libOpenNI2.so;vtkChartsCore;vtkCommonColor;vtkCommonCore;vtksys;vtkCommonDataModel;vtkCommonMath;vtkCommonMisc;vtkCommonSystem;vtkCommonTransforms;vtkCommonExecutionModel;vtkFiltersGeneral;vtkCommonComputationalGeometry;vtkFiltersCore;vtkInfovisCore;vtkFiltersExtraction;vtkFiltersStatistics;vtkImagingFourier;vtkImagingCore;vtkalglib;vtkRenderingContext2D;vtkRenderingCore;vtkFiltersGeometry;vtkFiltersSources;vtkRenderingFreeType;/usr/lib/x86_64-linux-gnu/libfreetype.so;/usr/lib/x86_64-linux-gnu/libz.so;vtkFiltersModeling;vtkImagingSources;vtkInteractionStyle;vtkInteractionWidgets;vtkFiltersHybrid;vtkImagingColor;vtkImagingGeneral;vtkImagingHybrid;vtkIOImage;vtkDICOMParser;vtkmetaio;/usr/lib/x86_64-linux-gnu/libjpeg.so;/usr/lib/x86_64-linux-gnu/libpng.so;/usr/lib/x86_64-linux-gnu/libtiff.so;vtkRenderingAnnotation;vtkRenderingVolume;vtkIOXML;vtkIOCore;vtkIOXMLParser;/usr/lib/x86_64-linux-gnu/libexpat.so;vtkIOGeometry;vtkIOLegacy;vtkIOPLY;vtkRenderingLOD;vtkViewsContext2D;vtkViewsCore;vtkRenderingContextOpenGL2;vtkRenderingOpenGL2;FLANN::FLANN  
[1.635s] -- Found OpenCV: /usr (found version "4.2.0") 
[1.803s] -- Found BLAS: /usr/lib/x86_64-linux-gnu/libblas.so  
[1.923s] -- Found AMD headers in: /usr/include/suitesparse
[1.925s] -- Found AMD library: /usr/lib/x86_64-linux-gnu/libamd.so
[1.925s] -- Found CAMD headers in: /usr/include/suitesparse
[1.926s] -- Found CAMD library: /usr/lib/x86_64-linux-gnu/libcamd.so
[1.926s] -- Found CCOLAMD headers in: /usr/include/suitesparse
[1.927s] -- Found CCOLAMD library: /usr/lib/x86_64-linux-gnu/libccolamd.so
[1.927s] -- Found CHOLMOD headers in: /usr/include/suitesparse
[1.928s] -- Found CHOLMOD library: /usr/lib/x86_64-linux-gnu/libcholmod.so
[1.928s] -- Found COLAMD headers in: /usr/include/suitesparse
[1.929s] -- Found COLAMD library: /usr/lib/x86_64-linux-gnu/libcolamd.so
[1.929s] -- Found SPQR headers in: /usr/include/suitesparse
[1.929s] -- Found SPQR library: /usr/lib/x86_64-linux-gnu/libspqr.so
[1.930s] -- Found Config headers in: /usr/include/suitesparse
[1.930s] -- Found Config library: /usr/lib/x86_64-linux-gnu/libsuitesparseconfig.so
[1.932s] -- Found Intel Thread Building Blocks (TBB) library (2020.1 / 11101) include location: . Assuming SuiteSparseQR was compiled with TBB.
[1.932s] -- Looking for shm_open in rt
[1.981s] -- Looking for shm_open in rt - found
[1.981s] -- Adding librt to SuiteSparse_config libraries (required on Linux & Unix [not OSX] if SuiteSparse is compiled with timing).
[1.985s] -- Could NOT find METIS (missing: METIS_INCLUDE_DIR METIS_LIBRARY) 
[1.986s] -- Found SuiteSparse: /usr/include/suitesparse (found suitable version "5.7.1", minimum required is "5.7.1") found components: AMD CAMD CCOLAMD CHOLMOD COLAMD SPQR Config 
[1.988s] -- Found required Ceres dependency: Eigen version 3.3.9 in /usr/local/share/eigen3/cmake
[1.990s] -- Found required Ceres dependency: glog
[1.993s] -- Found required Ceres dependency: gflags
[1.994s] -- Found Ceres version: 2.2.0 installed in: /usr/local with components: [EigenSparse, SparseLinearAlgebraLibrary, LAPACK, SuiteSparse, SchurSpecializations]
[1.995s] -- Found ament_lint_auto: 0.9.8 (/opt/ros/foxy/share/ament_lint_auto/cmake)
[2.084s] -- Added test 'copyright' to check source files copyright and LICENSE
[2.085s] -- Added test 'cppcheck' to perform static code analysis on C / C++ code
[2.085s] -- Configured cppcheck include dirs: 
[2.085s] -- Configured cppcheck exclude dirs and/or files: 
[2.086s] -- Added test 'cpplint' to check C / C++ code against the Google style
[2.086s] -- Configured cpplint exclude dirs and/or files: 
[2.086s] -- Added test 'lint_cmake' to check CMake code style
[2.087s] -- Added test 'uncrustify' to check C / C++ code style
[2.087s] -- Configured uncrustify additional arguments: 
[2.087s] -- Added test 'xmllint' to check XML markup files
[2.089s] -- Configuring done
[2.143s] -- Generating done
[2.144s] -- Build files have been written to: /home/weiwei/Desktop/project/ObsAvoidance/build/model3
[2.156s] Invoked command in '/home/weiwei/Desktop/project/ObsAvoidance/build/model3' returned '0': AMENT_PREFIX_PATH=/home/weiwei/Desktop/project/ObsAvoidance/install/interface:${AMENT_PREFIX_PATH} CMAKE_PREFIX_PATH=/home/weiwei/Desktop/project/ObsAvoidance/install/interface:/opt/ros/foxy LD_LIBRARY_PATH=/home/weiwei/Desktop/project/ObsAvoidance/install/interface/lib:${LD_LIBRARY_PATH} PYTHONPATH=/home/weiwei/Desktop/project/ObsAvoidance/install/interface/lib/python3.8/site-packages:${PYTHONPATH} /usr/bin/cmake /home/weiwei/Desktop/project/ObsAvoidance/src/model3 -DCMAKE_INSTALL_PREFIX=/home/weiwei/Desktop/project/ObsAvoidance/install/model3
[2.158s] Invoking command in '/home/weiwei/Desktop/project/ObsAvoidance/build/model3': AMENT_PREFIX_PATH=/home/weiwei/Desktop/project/ObsAvoidance/install/interface:${AMENT_PREFIX_PATH} CMAKE_PREFIX_PATH=/home/weiwei/Desktop/project/ObsAvoidance/install/interface:/opt/ros/foxy LD_LIBRARY_PATH=/home/weiwei/Desktop/project/ObsAvoidance/install/interface/lib:${LD_LIBRARY_PATH} PYTHONPATH=/home/weiwei/Desktop/project/ObsAvoidance/install/interface/lib/python3.8/site-packages:${PYTHONPATH} /usr/bin/cmake --build /home/weiwei/Desktop/project/ObsAvoidance/build/model3 -- -j16 -l16
[2.187s] [35m[1mScanning dependencies of target model3[0m
[2.280s] [ 50%] [32mBuilding CXX object CMakeFiles/model3.dir/src/main.cpp.o[0m
[7.918s] [01m[K/home/weiwei/Desktop/project/ObsAvoidance/src/model3/src/main.cpp:[m[K In member function ‘[01m[Kvoid ModelNode::getBlueContour()[m[K’:
[7.918s] [01m[K/home/weiwei/Desktop/project/ObsAvoidance/src/model3/src/main.cpp:356:75:[m[K [01;35m[Kwarning: [m[Kthe address of ‘[01m[Kint close(int)[m[K’ will never be NULL [[01;35m[K-Waddress[m[K]
[7.918s]   356 |                 double length = cv::arcLength(temp_contours_blue[i], close[01;35m[K)[m[K;
[7.918s]       |                                                                           [01;35m[K^[m[K
[7.928s] [01m[K/home/weiwei/Desktop/project/ObsAvoidance/src/model3/src/main.cpp:[m[K In member function ‘[01m[Kvoid ModelNode::invProjAndSel()[m[K’:
[7.929s] [01m[K/home/weiwei/Desktop/project/ObsAvoidance/src/model3/src/main.cpp:505:23:[m[K [01;35m[Kwarning: [m[Kcomparison of integer expressions of different signedness: ‘[01m[Kint[m[K’ and ‘[01m[Kstd::vector<int>::size_type[m[K’ {aka ‘[01m[Klong unsigned int[m[K’} [[01;35m[K-Wsign-compare[m[K]
[7.929s]   505 |         for(int i=0; [01;35m[Ki<indexPointCloudBlue.size()[m[K;i++)
[7.929s]       |                      [01;35m[K~^~~~~~~~~~~~~~~~~~~~~~~~~~~[m[K
[7.929s] [01m[K/home/weiwei/Desktop/project/ObsAvoidance/src/model3/src/main.cpp:509:23:[m[K [01;35m[Kwarning: [m[Kcomparison of integer expressions of different signedness: ‘[01m[Kint[m[K’ and ‘[01m[Kstd::vector<int>::size_type[m[K’ {aka ‘[01m[Klong unsigned int[m[K’} [[01;35m[K-Wsign-compare[m[K]
[7.929s]   509 |         for(int i=0; [01;35m[Ki<indexPointCloudGreen.size()[m[K;i++)
[7.929s]       |                      [01;35m[K~^~~~~~~~~~~~~~~~~~~~~~~~~~~~[m[K
[7.929s] [01m[K/home/weiwei/Desktop/project/ObsAvoidance/src/model3/src/main.cpp:513:23:[m[K [01;35m[Kwarning: [m[Kcomparison of integer expressions of different signedness: ‘[01m[Kint[m[K’ and ‘[01m[Kstd::vector<int>::size_type[m[K’ {aka ‘[01m[Klong unsigned int[m[K’} [[01;35m[K-Wsign-compare[m[K]
[7.929s]   513 |         for(int i=0; [01;35m[Ki<indexPointCloudRed.size()[m[K;i++)
[7.929s]       |                      [01;35m[K~^~~~~~~~~~~~~~~~~~~~~~~~~~[m[K
[7.957s] [01m[K/home/weiwei/Desktop/project/ObsAvoidance/src/model3/src/main.cpp:[m[K In member function ‘[01m[Kvoid ModelNode::updateObstacle(std::vector<pcl::PointCloud<pcl::PointXYZ> >&, pcl::PointCloud<pcl::PointXYZ>&)[m[K’:
[7.957s] [01m[K/home/weiwei/Desktop/project/ObsAvoidance/src/model3/src/main.cpp:635:33:[m[K [01;35m[Kwarning: [m[Kcomparison of integer expressions of different signedness: ‘[01m[Kstd::vector<pcl::PointCloud<pcl::PointXYZ> >::size_type[m[K’ {aka ‘[01m[Klong unsigned int[m[K’} and ‘[01m[Kint[m[K’ [[01;35m[K-Wsign-compare[m[K]
[7.957s]   635 |         if ([01;35m[KobstacleList.size() > maxLengthPointCloudList[m[K) {
[7.958s]       |             [01;35m[K~~~~~~~~~~~~~~~~~~~~^~~~~~~~~~~~~~~~~~~~~~~~~[m[K
[7.959s] [01m[K/home/weiwei/Desktop/project/ObsAvoidance/src/model3/src/main.cpp:[m[K In member function ‘[01m[Kvoid ModelNode::optimizeParam(int, std::vector<Eigen::Matrix<double, 4, 1> >&, Eigen::Vector3d&, bool&, int)[m[K’:
[7.959s] [01m[K/home/weiwei/Desktop/project/ObsAvoidance/src/model3/src/main.cpp:664:30:[m[K [01;35m[Kwarning: [m[Kcomparison of integer expressions of different signedness: ‘[01m[Kstd::vector<Eigen::Matrix<double, 4, 1> >::size_type[m[K’ {aka ‘[01m[Klong unsigned int[m[K’} and ‘[01m[Kint[m[K’ [[01;35m[K-Wsign-compare[m[K]
[7.959s]   664 |         if ([01;35m[KparamList.size() == threshToOpt[m[K) {
[7.959s]       |             [01;35m[K~~~~~~~~~~~~~~~~~^~~~~~~~~~~~~~[m[K
[7.966s] [01m[K/home/weiwei/Desktop/project/ObsAvoidance/src/model3/src/main.cpp:689:30:[m[K [01;35m[Kwarning: [m[Kcomparison of integer expressions of different signedness: ‘[01m[Kint[m[K’ and ‘[01m[Kstd::vector<Eigen::Matrix<double, 4, 1> >::size_type[m[K’ {aka ‘[01m[Klong unsigned int[m[K’} [[01;35m[K-Wsign-compare[m[K]
[7.966s]   689 |                 for(int n=0;[01;35m[Kn<paramList.size()[m[K;n++) {
[7.966s]       |                             [01;35m[K~^~~~~~~~~~~~~~~~~[m[K
[7.968s] [01m[K/home/weiwei/Desktop/project/ObsAvoidance/src/model3/src/main.cpp:[m[K In member function ‘[01m[Kvoid ModelNode::octoTreeCurPub()[m[K’:
[7.968s] [01m[K/home/weiwei/Desktop/project/ObsAvoidance/src/model3/src/main.cpp:712:23:[m[K [01;35m[Kwarning: [m[Kcomparison of integer expressions of different signedness: ‘[01m[Kint[m[K’ and ‘[01m[Kstd::vector<pcl::PointCloud<pcl::PointXYZ> >::size_type[m[K’ {aka ‘[01m[Klong unsigned int[m[K’} [[01;35m[K-Wsign-compare[m[K]
[7.968s]   712 |         for (int i=0;[01;35m[Ki<obstacleBlueList.size()[m[K;i++) {
[7.968s]       |                      [01;35m[K~^~~~~~~~~~~~~~~~~~~~~~~~[m[K
[7.968s] [01m[K/home/weiwei/Desktop/project/ObsAvoidance/src/model3/src/main.cpp:716:23:[m[K [01;35m[Kwarning: [m[Kcomparison of integer expressions of different signedness: ‘[01m[Kint[m[K’ and ‘[01m[Kstd::vector<pcl::PointCloud<pcl::PointXYZ> >::size_type[m[K’ {aka ‘[01m[Klong unsigned int[m[K’} [[01;35m[K-Wsign-compare[m[K]
[7.968s]   716 |         for (int i=0;[01;35m[Ki<obstacleGreenList.size()[m[K;i++) {
[7.968s]       |                      [01;35m[K~^~~~~~~~~~~~~~~~~~~~~~~~~[m[K
[7.968s] [01m[K/home/weiwei/Desktop/project/ObsAvoidance/src/model3/src/main.cpp:720:23:[m[K [01;35m[Kwarning: [m[Kcomparison of integer expressions of different signedness: ‘[01m[Kint[m[K’ and ‘[01m[Kstd::vector<pcl::PointCloud<pcl::PointXYZ> >::size_type[m[K’ {aka ‘[01m[Klong unsigned int[m[K’} [[01;35m[K-Wsign-compare[m[K]
[7.968s]   720 |         for (int i=0;[01;35m[Ki<obstacleRedList.size()[m[K;i++) {
[7.968s]       |                      [01;35m[K~^~~~~~~~~~~~~~~~~~~~~~~[m[K
[7.975s] [01m[K/home/weiwei/Desktop/project/ObsAvoidance/src/model3/src/main.cpp:[m[K In member function ‘[01m[Kvoid ModelNode::Model()[m[K’:
[7.975s] [01m[K/home/weiwei/Desktop/project/ObsAvoidance/src/model3/src/main.cpp:760:46:[m[K [01;35m[Kwarning: [m[Kcomparison of integer expressions of different signedness: ‘[01m[Kstd::size_t[m[K’ {aka ‘[01m[Klong unsigned int[m[K’} and ‘[01m[Kint[m[K’ [[01;35m[K-Wsign-compare[m[K]
[7.975s]   760 |         if ([01;35m[KpointCloudInCamFrame_blue.size() > minNumBlueKeyPoint[m[K) {
[7.975s]       |             [01;35m[K~~~~~~~~~~~~~~~~~~~~~~~~~~~~~~~~~^~~~~~~~~~~~~~~~~~~~[m[K
[7.975s] [01m[K/home/weiwei/Desktop/project/ObsAvoidance/src/model3/src/main.cpp:767:46:[m[K [01;35m[Kwarning: [m[Kcomparison of integer expressions of different signedness: ‘[01m[Kstd::size_t[m[K’ {aka ‘[01m[Klong unsigned int[m[K’} and ‘[01m[Kint[m[K’ [[01;35m[K-Wsign-compare[m[K]
[7.975s]   767 |         if([01;35m[KpointCloudInCamFrame_green.size() > minNumGreenKeyPoint[m[K){
[7.975s]       |            [01;35m[K~~~~~~~~~~~~~~~~~~~~~~~~~~~~~~~~~~^~~~~~~~~~~~~~~~~~~~~[m[K
[7.975s] [01m[K/home/weiwei/Desktop/project/ObsAvoidance/src/model3/src/main.cpp:773:45:[m[K [01;35m[Kwarning: [m[Kcomparison of integer expressions of different signedness: ‘[01m[Kstd::size_t[m[K’ {aka ‘[01m[Klong unsigned int[m[K’} and ‘[01m[Kint[m[K’ [[01;35m[K-Wsign-compare[m[K]
[7.975s]   773 |         if ([01;35m[KpointCloudInCamFrame_red.size() > minNumRedKeyPoint[m[K){
[7.975s]       |             [01;35m[K~~~~~~~~~~~~~~~~~~~~~~~~~~~~~~~~^~~~~~~~~~~~~~~~~~~[m[K
[14.648s] [100%] [32m[1mLinking CXX executable model3[0m
[16.188s] [100%] Built target model3
[16.196s] Invoked command in '/home/weiwei/Desktop/project/ObsAvoidance/build/model3' returned '0': AMENT_PREFIX_PATH=/home/weiwei/Desktop/project/ObsAvoidance/install/interface:${AMENT_PREFIX_PATH} CMAKE_PREFIX_PATH=/home/weiwei/Desktop/project/ObsAvoidance/install/interface:/opt/ros/foxy LD_LIBRARY_PATH=/home/weiwei/Desktop/project/ObsAvoidance/install/interface/lib:${LD_LIBRARY_PATH} PYTHONPATH=/home/weiwei/Desktop/project/ObsAvoidance/install/interface/lib/python3.8/site-packages:${PYTHONPATH} /usr/bin/cmake --build /home/weiwei/Desktop/project/ObsAvoidance/build/model3 -- -j16 -l16
[16.211s] Invoking command in '/home/weiwei/Desktop/project/ObsAvoidance/build/model3': AMENT_PREFIX_PATH=/home/weiwei/Desktop/project/ObsAvoidance/install/interface:${AMENT_PREFIX_PATH} CMAKE_PREFIX_PATH=/home/weiwei/Desktop/project/ObsAvoidance/install/interface:/opt/ros/foxy LD_LIBRARY_PATH=/home/weiwei/Desktop/project/ObsAvoidance/install/interface/lib:${LD_LIBRARY_PATH} PYTHONPATH=/home/weiwei/Desktop/project/ObsAvoidance/install/interface/lib/python3.8/site-packages:${PYTHONPATH} /usr/bin/cmake --install /home/weiwei/Desktop/project/ObsAvoidance/build/model3
[16.216s] -- Install configuration: ""
[16.216s] -- Installing: /home/weiwei/Desktop/project/ObsAvoidance/install/model3/lib/model3/model3
[16.220s] -- Set runtime path of "/home/weiwei/Desktop/project/ObsAvoidance/install/model3/lib/model3/model3" to ""
[16.220s] -- Installing: /home/weiwei/Desktop/project/ObsAvoidance/install/model3/share/ament_index/resource_index/package_run_dependencies/model3
[16.220s] -- Installing: /home/weiwei/Desktop/project/ObsAvoidance/install/model3/share/ament_index/resource_index/parent_prefix_path/model3
[16.220s] -- Installing: /home/weiwei/Desktop/project/ObsAvoidance/install/model3/share/model3/environment/ament_prefix_path.sh
[16.220s] -- Installing: /home/weiwei/Desktop/project/ObsAvoidance/install/model3/share/model3/environment/ament_prefix_path.dsv
[16.220s] -- Installing: /home/weiwei/Desktop/project/ObsAvoidance/install/model3/share/model3/environment/path.sh
[16.220s] -- Installing: /home/weiwei/Desktop/project/ObsAvoidance/install/model3/share/model3/environment/path.dsv
[16.221s] -- Installing: /home/weiwei/Desktop/project/ObsAvoidance/install/model3/share/model3/local_setup.bash
[16.221s] -- Installing: /home/weiwei/Desktop/project/ObsAvoidance/install/model3/share/model3/local_setup.sh
[16.221s] -- Installing: /home/weiwei/Desktop/project/ObsAvoidance/install/model3/share/model3/local_setup.zsh
[16.221s] -- Installing: /home/weiwei/Desktop/project/ObsAvoidance/install/model3/share/model3/local_setup.dsv
[16.221s] -- Installing: /home/weiwei/Desktop/project/ObsAvoidance/install/model3/share/model3/package.dsv
[16.221s] -- Installing: /home/weiwei/Desktop/project/ObsAvoidance/install/model3/share/ament_index/resource_index/packages/model3
[16.221s] -- Installing: /home/weiwei/Desktop/project/ObsAvoidance/install/model3/share/model3/cmake/model3Config.cmake
[16.221s] -- Installing: /home/weiwei/Desktop/project/ObsAvoidance/install/model3/share/model3/cmake/model3Config-version.cmake
[16.222s] -- Installing: /home/weiwei/Desktop/project/ObsAvoidance/install/model3/share/model3/package.xml
[16.224s] Invoked command in '/home/weiwei/Desktop/project/ObsAvoidance/build/model3' returned '0': AMENT_PREFIX_PATH=/home/weiwei/Desktop/project/ObsAvoidance/install/interface:${AMENT_PREFIX_PATH} CMAKE_PREFIX_PATH=/home/weiwei/Desktop/project/ObsAvoidance/install/interface:/opt/ros/foxy LD_LIBRARY_PATH=/home/weiwei/Desktop/project/ObsAvoidance/install/interface/lib:${LD_LIBRARY_PATH} PYTHONPATH=/home/weiwei/Desktop/project/ObsAvoidance/install/interface/lib/python3.8/site-packages:${PYTHONPATH} /usr/bin/cmake --install /home/weiwei/Desktop/project/ObsAvoidance/build/model3
