[35m[1mScanning dependencies of target path_planner[0m
[ 33%] [32mBuilding CXX object CMakeFiles/path_planner.dir/src/main.cpp.o[0m
[01m[K/home/weiwei/Desktop/project/ObsAvoidance/src/path_planner/src/main.cpp:[m[K In function ‘[01m[Kint main(int, char**)[m[K’:
[01m[K/home/weiwei/Desktop/project/ObsAvoidance/src/path_planner/src/main.cpp:3:14:[m[K [01;35m[Kwarning: [m[Kunused parameter ‘[01m[Kargc[m[K’ [[01;35m[K-Wunused-parameter[m[K]
    3 | int main([01;35m[Kint argc[m[K, char** argv)
      |          [01;35m[K~~~~^~~~[m[K
[01m[K/home/weiwei/Desktop/project/ObsAvoidance/src/path_planner/src/main.cpp:3:27:[m[K [01;35m[Kwarning: [m[Kunused parameter ‘[01m[Kargv[m[K’ [[01;35m[K-Wunused-parameter[m[K]
    3 | int main(int argc, [01;35m[Kchar** argv[m[K)
      |                    [01;35m[K~~~~~~~^~~~[m[K
[ 66%] [32m[1mLinking CXX executable path_planner[0m
[100%] Built target path_planner
-- Install configuration: ""
-- Installing: /home/weiwei/Desktop/project/ObsAvoidance/install/path_planner/lib/path_planner/path_planner
-- Set runtime path of "/home/weiwei/Desktop/project/ObsAvoidance/install/path_planner/lib/path_planner/path_planner" to ""
-- Up-to-date: /home/weiwei/Desktop/project/ObsAvoidance/install/path_planner/share/ament_index/resource_index/package_run_dependencies/path_planner
-- Up-to-date: /home/weiwei/Desktop/project/ObsAvoidance/install/path_planner/share/ament_index/resource_index/parent_prefix_path/path_planner
-- Up-to-date: /home/weiwei/Desktop/project/ObsAvoidance/install/path_planner/share/path_planner/environment/ament_prefix_path.sh
-- Installing: /home/weiwei/Desktop/project/ObsAvoidance/install/path_planner/share/path_planner/environment/ament_prefix_path.dsv
-- Up-to-date: /home/weiwei/Desktop/project/ObsAvoidance/install/path_planner/share/path_planner/environment/path.sh
-- Installing: /home/weiwei/Desktop/project/ObsAvoidance/install/path_planner/share/path_planner/environment/path.dsv
-- Up-to-date: /home/weiwei/Desktop/project/ObsAvoidance/install/path_planner/share/path_planner/local_setup.bash
-- Up-to-date: /home/weiwei/Desktop/project/ObsAvoidance/install/path_planner/share/path_planner/local_setup.sh
-- Up-to-date: /home/weiwei/Desktop/project/ObsAvoidance/install/path_planner/share/path_planner/local_setup.zsh
-- Installing: /home/weiwei/Desktop/project/ObsAvoidance/install/path_planner/share/path_planner/local_setup.dsv
-- Installing: /home/weiwei/Desktop/project/ObsAvoidance/install/path_planner/share/path_planner/package.dsv
-- Up-to-date: /home/weiwei/Desktop/project/ObsAvoidance/install/path_planner/share/ament_index/resource_index/packages/path_planner
-- Up-to-date: /home/weiwei/Desktop/project/ObsAvoidance/install/path_planner/share/path_planner/cmake/path_plannerConfig.cmake
-- Up-to-date: /home/weiwei/Desktop/project/ObsAvoidance/install/path_planner/share/path_planner/cmake/path_plannerConfig-version.cmake
-- Up-to-date: /home/weiwei/Desktop/project/ObsAvoidance/install/path_planner/share/path_planner/package.xml
