[0.103s] Invoking command in '/home/weiwei/Desktop/project/ObsAvoidance/build/model': CMAKE_PREFIX_PATH=/home/weiwei/Desktop/project/ObsAvoidance/install/interface:/home/weiwei/Desktop/project/ObsAvoidance/install/orbslam:/home/weiwei/Desktop/project/ObsAvoidance/install/model:/home/weiwei/Desktop/project/ObsAvoidance/install/media:/opt/ros/foxy /usr/bin/cmake --build /home/weiwei/Desktop/project/ObsAvoidance/build/model -- -j16 -l16
[0.144s] [35m[1mScanning dependencies of target model[0m
[0.199s] [ 50%] [32mBuilding CXX object CMakeFiles/model.dir/src/main.cpp.o[0m
[6.275s] [01m[K/home/weiwei/Desktop/project/ObsAvoidance/src/model/src/main.cpp:[m[K In member function ‘[01m[Kvoid ModelNode::getBlueContour()[m[K’:
[6.275s] [01m[K/home/weiwei/Desktop/project/ObsAvoidance/src/model/src/main.cpp:364:75:[m[K [01;35m[Kwarning: [m[Kthe address of ‘[01m[Kint close(int)[m[K’ will never be NULL [[01;35m[K-Waddress[m[K]
[6.275s]   364 | le length = cv::arcLength(temp_contours_blue[i], close[01;35m[K)[m[K;
[6.275s]       |                                                       [01;35m[K^[m[K
[6.275s] 
[6.287s] [01m[K/home/weiwei/Desktop/project/ObsAvoidance/src/model/src/main.cpp:[m[K In member function ‘[01m[Kvoid ModelNode::invProjAndSel()[m[K’:
[6.287s] [01m[K/home/weiwei/Desktop/project/ObsAvoidance/src/model/src/main.cpp:513:23:[m[K [01;35m[Kwarning: [m[Kcomparison of integer expressions of different signedness: ‘[01m[Kint[m[K’ and ‘[01m[Kstd::vector<int>::size_type[m[K’ {aka ‘[01m[Klong unsigned int[m[K’} [[01;35m[K-Wsign-compare[m[K]
[6.287s]   513 |         for(int i=0; [01;35m[Ki<indexPointCloudBlue.size()[m[K;i++)
[6.287s]       |                      [01;35m[K~^~~~~~~~~~~~~~~~~~~~~~~~~~~[m[K
[6.287s] [01m[K/home/weiwei/Desktop/project/ObsAvoidance/src/model/src/main.cpp:517:23:[m[K [01;35m[Kwarning: [m[Kcomparison of integer expressions of different signedness: ‘[01m[Kint[m[K’ and ‘[01m[Kstd::vector<int>::size_type[m[K’ {aka ‘[01m[Klong unsigned int[m[K’} [[01;35m[K-Wsign-compare[m[K]
[6.287s]   517 |         for(int i=0; [01;35m[Ki<indexPointCloudGreen.size()[m[K;i++)
[6.287s]       |                      [01;35m[K~^~~~~~~~~~~~~~~~~~~~~~~~~~~~[m[K
[6.287s] [01m[K/home/weiwei/Desktop/project/ObsAvoidance/src/model/src/main.cpp:521:23:[m[K [01;35m[Kwarning: [m[Kcomparison of integer expressions of different signedness: ‘[01m[Kint[m[K’ and ‘[01m[Kstd::vector<int>::size_type[m[K’ {aka ‘[01m[Klong unsigned int[m[K’} [[01;35m[K-Wsign-compare[m[K]
[6.287s]   521 |         for(int i=0; [01;35m[Ki<indexPointCloudRed.size()[m[K;i++)
[6.287s]       |                      [01;35m[K~^~~~~~~~~~~~~~~~~~~~~~~~~~[m[K
[6.320s] [01m[K/home/weiwei/Desktop/project/ObsAvoidance/src/model/src/main.cpp:[m[K In member function ‘[01m[Kvoid ModelNode::updateObstacle(std::vector<pcl::PointCloud<pcl::PointXYZ> >&, pcl::PointCloud<pcl::PointXYZ>&)[m[K’:
[6.320s] [01m[K/home/weiwei/Desktop/project/ObsAvoidance/src/model/src/main.cpp:643:33:[m[K [01;35m[Kwarning: [m[Kcomparison of integer expressions of different signedness: ‘[01m[Kstd::vector<pcl::PointCloud<pcl::PointXYZ> >::size_type[m[K’ {aka ‘[01m[Klong unsigned int[m[K’} and ‘[01m[Kint[m[K’ [[01;35m[K-Wsign-compare[m[K]
[6.320s]   643 |         if ([01;35m[KobstacleList.size() > maxLengthPointCloudList[m[K) {
[6.320s]       |             [01;35m[K~~~~~~~~~~~~~~~~~~~~^~~~~~~~~~~~~~~~~~~~~~~~~[m[K
[6.322s] [01m[K/home/weiwei/Desktop/project/ObsAvoidance/src/model/src/main.cpp:[m[K In member function ‘[01m[Kvoid ModelNode::optimizeParam(int, std::vector<Eigen::Matrix<double, 4, 1> >&, Eigen::Vector3d&, bool&, int)[m[K’:
[6.322s] [01m[K/home/weiwei/Desktop/project/ObsAvoidance/src/model/src/main.cpp:672:30:[m[K [01;35m[Kwarning: [m[Kcomparison of integer expressions of different signedness: ‘[01m[Kstd::vector<Eigen::Matrix<double, 4, 1> >::size_type[m[K’ {aka ‘[01m[Klong unsigned int[m[K’} and ‘[01m[Kint[m[K’ [[01;35m[K-Wsign-compare[m[K]
[6.322s]   672 |         if ([01;35m[KparamList.size() == threshToOpt[m[K) {
[6.322s]       |             [01;35m[K~~~~~~~~~~~~~~~~~^~~~~~~~~~~~~~[m[K
[6.331s] [01m[K/home/weiwei/Desktop/project/ObsAvoidance/src/model/src/main.cpp:697:30:[m[K [01;35m[Kwarning: [m[Kcomparison of integer expressions of different signedness: ‘[01m[Kint[m[K’ and ‘[01m[Kstd::vector<Eigen::Matrix<double, 4, 1> >::size_type[m[K’ {aka ‘[01m[Klong unsigned int[m[K’} [[01;35m[K-Wsign-compare[m[K]
[6.331s]   697 |                 for(int n=0;[01;35m[Kn<paramList.size()[m[K;n++) {
[6.331s]       |                             [01;35m[K~^~~~~~~~~~~~~~~~~[m[K
[6.334s] [01m[K/home/weiwei/Desktop/project/ObsAvoidance/src/model/src/main.cpp:[m[K In member function ‘[01m[Kvoid ModelNode::octoTreeCurPub()[m[K’:
[6.334s] [01m[K/home/weiwei/Desktop/project/ObsAvoidance/src/model/src/main.cpp:725:23:[m[K [01;35m[Kwarning: [m[Kcomparison of integer expressions of different signedness: ‘[01m[Kint[m[K’ and ‘[01m[Kstd::vector<pcl::PointCloud<pcl::PointXYZ> >::size_type[m[K’ {aka ‘[01m[Klong unsigned int[m[K’} [[01;35m[K-Wsign-compare[m[K]
[6.335s]   725 |         for (int i=0;[01;35m[Ki<obstacleBlueList.size()[m[K;i++) {
[6.335s]       |                      [01;35m[K~^~~~~~~~~~~~~~~~~~~~~~~~[m[K
[6.335s] [01m[K/home/weiwei/Desktop/project/ObsAvoidance/src/model/src/main.cpp:729:23:[m[K [01;35m[Kwarning: [m[Kcomparison of integer expressions of different signedness: ‘[01m[Kint[m[K’ and ‘[01m[Kstd::vector<pcl::PointCloud<pcl::PointXYZ> >::size_type[m[K’ {aka ‘[01m[Klong unsigned int[m[K’} [[01;35m[K-Wsign-compare[m[K]
[6.335s]   729 |         for (int i=0;[01;35m[Ki<obstacleGreenList.size()[m[K;i++) {
[6.335s]       |                      [01;35m[K~^~~~~~~~~~~~~~~~~~~~~~~~~[m[K
[6.335s] [01m[K/home/weiwei/Desktop/project/ObsAvoidance/src/model/src/main.cpp:733:23:[m[K [01;35m[Kwarning: [m[Kcomparison of integer expressions of different signedness: ‘[01m[Kint[m[K’ and ‘[01m[Kstd::vector<pcl::PointCloud<pcl::PointXYZ> >::size_type[m[K’ {aka ‘[01m[Klong unsigned int[m[K’} [[01;35m[K-Wsign-compare[m[K]
[6.335s]   733 |         for (int i=0;[01;35m[Ki<obstacleRedList.size()[m[K;i++) {
[6.336s]       |                      [01;35m[K~^~~~~~~~~~~~~~~~~~~~~~~[m[K
[6.343s] [01m[K/home/weiwei/Desktop/project/ObsAvoidance/src/model/src/main.cpp:[m[K In member function ‘[01m[Kvoid ModelNode::Model()[m[K’:
[6.344s] [01m[K/home/weiwei/Desktop/project/ObsAvoidance/src/model/src/main.cpp:773:46:[m[K [01;35m[Kwarning: [m[Kcomparison of integer expressions of different signedness: ‘[01m[Kstd::size_t[m[K’ {aka ‘[01m[Klong unsigned int[m[K’} and ‘[01m[Kint[m[K’ [[01;35m[K-Wsign-compare[m[K]
[6.344s]   773 |         if ([01;35m[KpointCloudInCamFrame_blue.size() > minNumBlueKeyPoint[m[K) {
[6.344s]       |             [01;35m[K~~~~~~~~~~~~~~~~~~~~~~~~~~~~~~~~~^~~~~~~~~~~~~~~~~~~~[m[K
[6.344s] [01m[K/home/weiwei/Desktop/project/ObsAvoidance/src/model/src/main.cpp:780:46:[m[K [01;35m[Kwarning: [m[Kcomparison of integer expressions of different signedness: ‘[01m[Kstd::size_t[m[K’ {aka ‘[01m[Klong unsigned int[m[K’} and ‘[01m[Kint[m[K’ [[01;35m[K-Wsign-compare[m[K]
[6.344s]   780 |         if([01;35m[KpointCloudInCamFrame_green.size() > minNumGreenKeyPoint[m[K){
[6.344s]       |            [01;35m[K~~~~~~~~~~~~~~~~~~~~~~~~~~~~~~~~~~^~~~~~~~~~~~~~~~~~~~~[m[K
[6.344s] [01m[K/home/weiwei/Desktop/project/ObsAvoidance/src/model/src/main.cpp:786:45:[m[K [01;35m[Kwarning: [m[Kcomparison of integer expressions of different signedness: ‘[01m[Kstd::size_t[m[K’ {aka ‘[01m[Klong unsigned int[m[K’} and ‘[01m[Kint[m[K’ [[01;35m[K-Wsign-compare[m[K]
[6.344s]   786 |         if ([01;35m[KpointCloudInCamFrame_red.size() > minNumRedKeyPoint[m[K){
[6.344s]       |             [01;35m[K~~~~~~~~~~~~~~~~~~~~~~~~~~~~~~~~^~~~~~~~~~~~~~~~~~~[m[K
[16.432s] [100%] [32m[1mLinking CXX executable model[0m
[18.219s] [100%] Built target model
[18.228s] Invoked command in '/home/weiwei/Desktop/project/ObsAvoidance/build/model' returned '0': CMAKE_PREFIX_PATH=/home/weiwei/Desktop/project/ObsAvoidance/install/interface:/home/weiwei/Desktop/project/ObsAvoidance/install/orbslam:/home/weiwei/Desktop/project/ObsAvoidance/install/model:/home/weiwei/Desktop/project/ObsAvoidance/install/media:/opt/ros/foxy /usr/bin/cmake --build /home/weiwei/Desktop/project/ObsAvoidance/build/model -- -j16 -l16
[18.252s] Invoking command in '/home/weiwei/Desktop/project/ObsAvoidance/build/model': CMAKE_PREFIX_PATH=/home/weiwei/Desktop/project/ObsAvoidance/install/interface:/home/weiwei/Desktop/project/ObsAvoidance/install/orbslam:/home/weiwei/Desktop/project/ObsAvoidance/install/model:/home/weiwei/Desktop/project/ObsAvoidance/install/media:/opt/ros/foxy /usr/bin/cmake --install /home/weiwei/Desktop/project/ObsAvoidance/build/model
[18.258s] -- Install configuration: ""
[18.258s] -- Installing: /home/weiwei/Desktop/project/ObsAvoidance/install/model/lib/model/model
[18.266s] -- Set runtime path of "/home/weiwei/Desktop/project/ObsAvoidance/install/model/lib/model/model" to ""
[18.266s] -- Up-to-date: /home/weiwei/Desktop/project/ObsAvoidance/install/model/share/ament_index/resource_index/package_run_dependencies/model
[18.266s] -- Up-to-date: /home/weiwei/Desktop/project/ObsAvoidance/install/model/share/ament_index/resource_index/parent_prefix_path/model
[18.266s] -- Up-to-date: /home/weiwei/Desktop/project/ObsAvoidance/install/model/share/model/environment/ament_prefix_path.sh
[18.266s] -- Up-to-date: /home/weiwei/Desktop/project/ObsAvoidance/install/model/share/model/environment/ament_prefix_path.dsv
[18.266s] -- Up-to-date: /home/weiwei/Desktop/project/ObsAvoidance/install/model/share/model/environment/path.sh
[18.266s] -- Up-to-date: /home/weiwei/Desktop/project/ObsAvoidance/install/model/share/model/environment/path.dsv
[18.266s] -- Up-to-date: /home/weiwei/Desktop/project/ObsAvoidance/install/model/share/model/local_setup.bash
[18.266s] -- Up-to-date: /home/weiwei/Desktop/project/ObsAvoidance/install/model/share/model/local_setup.sh
[18.266s] -- Up-to-date: /home/weiwei/Desktop/project/ObsAvoidance/install/model/share/model/local_setup.zsh
[18.266s] -- Up-to-date: /home/weiwei/Desktop/project/ObsAvoidance/install/model/share/model/local_setup.dsv
[18.266s] -- Installing: /home/weiwei/Desktop/project/ObsAvoidance/install/model/share/model/package.dsv
[18.267s] -- Up-to-date: /home/weiwei/Desktop/project/ObsAvoidance/install/model/share/ament_index/resource_index/packages/model
[18.267s] -- Up-to-date: /home/weiwei/Desktop/project/ObsAvoidance/install/model/share/model/cmake/modelConfig.cmake
[18.267s] -- Up-to-date: /home/weiwei/Desktop/project/ObsAvoidance/install/model/share/model/cmake/modelConfig-version.cmake
[18.267s] -- Up-to-date: /home/weiwei/Desktop/project/ObsAvoidance/install/model/share/model/package.xml
[18.268s] Invoked command in '/home/weiwei/Desktop/project/ObsAvoidance/build/model' returned '0': CMAKE_PREFIX_PATH=/home/weiwei/Desktop/project/ObsAvoidance/install/interface:/home/weiwei/Desktop/project/ObsAvoidance/install/orbslam:/home/weiwei/Desktop/project/ObsAvoidance/install/model:/home/weiwei/Desktop/project/ObsAvoidance/install/media:/opt/ros/foxy /usr/bin/cmake --install /home/weiwei/Desktop/project/ObsAvoidance/build/model
