[0.109s] Invoking command in '/home/weiwei/Desktop/project/ObsAvoidance/build/model': CMAKE_PREFIX_PATH=/home/weiwei/Desktop/project/ObsAvoidance/install/interface:/home/weiwei/Desktop/project/ObsAvoidance/install/orbslam:/home/weiwei/Desktop/project/ObsAvoidance/install/model:/home/weiwei/Desktop/project/ObsAvoidance/install/media:/opt/ros/foxy /usr/bin/cmake --build /home/weiwei/Desktop/project/ObsAvoidance/build/model -- -j16 -l16
[0.208s] [35m[1mScanning dependencies of target model[0m
[0.273s] [ 66%] [32mBuilding CXX object CMakeFiles/model.dir/src/main.cpp.o[0m
[0.273s] [ 66%] [32mBuilding CXX object CMakeFiles/model.dir/src/model.cpp.o[0m
[6.826s] [01m[K/home/weiwei/Desktop/project/ObsAvoidance/src/model/src/model.cpp:[m[K In member function ‘[01m[Kbool ModelNode::selectCircle(cv::Vec3f&, std::vector<cv::Vec<float, 3> >, cv::Mat&)[m[K’:
[6.826s] [01m[K/home/weiwei/Desktop/project/ObsAvoidance/src/model/src/model.cpp:241:21:[m[K [01;35m[Kwarning: [m[Kcomparison of integer expressions of different signedness: ‘[01m[Kint[m[K’ and ‘[01m[Kstd::vector<cv::Vec<float, 3> >::size_type[m[K’ {aka ‘[01m[Klong unsigned int[m[K’} [[01;35m[K-Wsign-compare[m[K]
[6.826s]   241 |     for (int i = 0;[01;35m[Ki<temp_circles.size()[m[K;i++)
[6.826s]       |                    [01;35m[K~^~~~~~~~~~~~~~~~~~~~[m[K
[6.826s] [01m[K/home/weiwei/Desktop/project/ObsAvoidance/src/model/src/model.cpp:254:45:[m[K [01;35m[Kwarning: [m[Kcomparison of constant ‘[01m[K255[m[K’ with boolean expression is always false [[01;35m[K-Wbool-compare[m[K]
[6.826s]   254 |             if ([01;35m[Kmask.at<bool>(pointInCircle)==255[m[K||mask.at<bool>(pointOutCircle)!=255)
[6.826s]       |                 [01;35m[K~~~~~~~~~~~~~~~~~~~~~~~~~~~~^~~~~[m[K
[6.826s] [01m[K/home/weiwei/Desktop/project/ObsAvoidance/src/model/src/model.cpp:254:81:[m[K [01;35m[Kwarning: [m[Kcomparison of constant ‘[01m[K255[m[K’ with boolean expression is always true [[01;35m[K-Wbool-compare[m[K]
[6.826s]   254 |             if (mask.at<bool>(pointInCircle)==255||[01;35m[Kmask.at<bool>(pointOutCircle)!=255[m[K)
[6.826s]       |                                                    [01;35m[K~~~~~~~~~~~~~~~~~~~~~~~~~~~~~^~~~~[m[K
[6.830s] [01m[K/home/weiwei/Desktop/project/ObsAvoidance/src/model/src/model.cpp:[m[K In member function ‘[01m[Kbool ModelNode::selectLine(cv::Mat, std::vector<cv::Vec<int, 4> >, cv::Vec4i&, cv::Vec3f)[m[K’:
[6.830s] [01m[K/home/weiwei/Desktop/project/ObsAvoidance/src/model/src/model.cpp:288:19:[m[K [01;35m[Kwarning: [m[Kcomparison of integer expressions of different signedness: ‘[01m[Kint[m[K’ and ‘[01m[Kstd::vector<cv::Vec<int, 4> >::size_type[m[K’ {aka ‘[01m[Klong unsigned int[m[K’} [[01;35m[K-Wsign-compare[m[K]
[6.830s]   288 |     for (int i=0;[01;35m[Ki<tempLines.size()[m[K;i++)
[6.830s]       |                  [01;35m[K~^~~~~~~~~~~~~~~~~[m[K
[6.831s] [01m[K/home/weiwei/Desktop/project/ObsAvoidance/src/model/src/model.cpp:313:42:[m[K [01;35m[Kwarning: [m[Kcomparison of constant ‘[01m[K255[m[K’ with boolean expression is always false [[01;35m[K-Wbool-compare[m[K]
[6.832s]   313 |         if ([01;35m[Kimg_erode.at<bool>(endPoint1)==255[m[K || img_erode.at<bool>(endPoint2)==255 || img_erode.at<bool>(midPoint)==255)
[6.832s]       |             [01;35m[K~~~~~~~~~~~~~~~~~~~~~~~~~~~~~^~~~~[m[K
[6.832s] [01m[K/home/weiwei/Desktop/project/ObsAvoidance/src/model/src/model.cpp:313:80:[m[K [01;35m[Kwarning: [m[Kcomparison of constant ‘[01m[K255[m[K’ with boolean expression is always false [[01;35m[K-Wbool-compare[m[K]
[6.832s]   313 |         if (img_erode.at<bool>(endPoint1)==255 || [01;35m[Kimg_erode.at<bool>(endPoint2)==255[m[K || img_erode.at<bool>(midPoint)==255)
[6.832s]       |                                                   [01;35m[K~~~~~~~~~~~~~~~~~~~~~~~~~~~~~^~~~~[m[K
[6.832s] [01m[K/home/weiwei/Desktop/project/ObsAvoidance/src/model/src/model.cpp:313:117:[m[K [01;35m[Kwarning: [m[Kcomparison of constant ‘[01m[K255[m[K’ with boolean expression is always false [[01;35m[K-Wbool-compare[m[K]
[6.832s]   313 |         if (img_erode.at<bool>(endPoint1)==255 || img_erode.at<bool>(endPoint2)==255 || [01;35m[Kimg_erode.at<bool>(midPoint)==255[m[K)
[6.832s]       |                                                                                         [01;35m[K~~~~~~~~~~~~~~~~~~~~~~~~~~~~^~~~~[m[K
[6.832s] [01m[K/home/weiwei/Desktop/project/ObsAvoidance/src/model/src/model.cpp:317:44:[m[K [01;35m[Kwarning: [m[Kcomparison of constant ‘[01m[K255[m[K’ with boolean expression is always true [[01;35m[K-Wbool-compare[m[K]
[6.832s]   317 |         if ([01;35m[Kimg_erode.at<bool>(flag_point1)!=255[m[K || img_erode.at<bool>(flag_point2)!=255)
[6.832s]       |             [01;35m[K~~~~~~~~~~~~~~~~~~~~~~~~~~~~~~~^~~~~[m[K
[6.832s] [01m[K/home/weiwei/Desktop/project/ObsAvoidance/src/model/src/model.cpp:317:84:[m[K [01;35m[Kwarning: [m[Kcomparison of constant ‘[01m[K255[m[K’ with boolean expression is always true [[01;35m[K-Wbool-compare[m[K]
[6.832s]   317 |         if (img_erode.at<bool>(flag_point1)!=255 || [01;35m[Kimg_erode.at<bool>(flag_point2)!=255[m[K)
[6.832s]       |                                                     [01;35m[K~~~~~~~~~~~~~~~~~~~~~~~~~~~~~~~^~~~~[m[K
[6.931s] [01m[K/home/weiwei/Desktop/project/ObsAvoidance/src/model/src/model.cpp:[m[K In member function ‘[01m[Kvoid ModelNode::ransacModelParam()[m[K’:
[6.931s] [01m[K/home/weiwei/Desktop/project/ObsAvoidance/src/model/src/model.cpp:466:22:[m[K [01;35m[Kwarning: [m[Kcomparison of integer expressions of different signedness: ‘[01m[Kint[m[K’ and ‘[01m[Kstd::vector<Eigen::Matrix<double, 3, 1> >::size_type[m[K’ {aka ‘[01m[Klong unsigned int[m[K’} [[01;35m[K-Wsign-compare[m[K]
[6.931s]   466 |         for(int n=0;[01;35m[Kn<global_vecs_direction.size()[m[K;n++) {
[6.931s]       |                     [01;35m[K~^~~~~~~~~~~~~~~~~~~~~~~~~~~~~[m[K
[7.026s] [01m[K/home/weiwei/Desktop/project/ObsAvoidance/src/model/src/model.cpp:[m[K In member function ‘[01m[Kbool ModelNode::Model()[m[K’:
[7.026s] [01m[K/home/weiwei/Desktop/project/ObsAvoidance/src/model/src/model.cpp:680:20:[m[K [01;35m[Kwarning: [m[Kcomparison of integer expressions of different signedness: ‘[01m[Kint[m[K’ and ‘[01m[Kstd::vector<cv::Vec<float, 3> >::size_type[m[K’ {aka ‘[01m[Klong unsigned int[m[K’} [[01;35m[K-Wsign-compare[m[K]
[7.026s]   680 |     for (int i =0;[01;35m[Ki<temp_circles.size()[m[K;i++)
[7.026s]       |                   [01;35m[K~^~~~~~~~~~~~~~~~~~~~[m[K
[7.027s] [01m[K/home/weiwei/Desktop/project/ObsAvoidance/src/model/src/model.cpp:727:38:[m[K [01;35m[Kwarning: [m[Kcomparison of integer expressions of different signedness: ‘[01m[Kstd::vector<Eigen::Matrix<double, 3, 1> >::size_type[m[K’ {aka ‘[01m[Klong unsigned int[m[K’} and ‘[01m[Kint[m[K’ [[01;35m[K-Wsign-compare[m[K]
[7.027s]   727 |     if ([01;35m[Kglobal_centrePostions.size() < modelThresh[m[K)
[7.027s]       |         [01;35m[K~~~~~~~~~~~~~~~~~~~~~~~~~~~~~^~~~~~~~~~~~~[m[K
[7.027s] [01m[K/home/weiwei/Desktop/project/ObsAvoidance/src/model/src/model.cpp:733:19:[m[K [01;35m[Kwarning: [m[Kcomparison of integer expressions of different signedness: ‘[01m[Kint[m[K’ and ‘[01m[Kstd::vector<Eigen::Matrix<double, 3, 1> >::size_type[m[K’ {aka ‘[01m[Klong unsigned int[m[K’} [[01;35m[K-Wsign-compare[m[K]
[7.027s]   733 |     for (int i=0;[01;35m[Ki<global_centrePostions.size()[m[K;i++)
[7.027s]       |                  [01;35m[K~^~~~~~~~~~~~~~~~~~~~~~~~~~~~~[m[K
[7.037s] [01m[K/home/weiwei/Desktop/project/ObsAvoidance/src/model/src/model.cpp:[m[K At global scope:
[7.037s] [01m[K/home/weiwei/Desktop/project/ObsAvoidance/src/model/src/model.cpp:767:17:[m[K [01;31m[Kerror: [m[Kno declaration matches ‘[01m[KEigen::Vector3d ModelNode::indexToCoor(int)[m[K’
[7.037s]   767 | Eigen::Vector3d [01;31m[KModelNode[m[K::indexToCoor(const int index)
[7.037s]       |                 [01;31m[K^~~~~~~~~[m[K
[7.037s] [01m[K/home/weiwei/Desktop/project/ObsAvoidance/src/model/src/model.cpp:767:17:[m[K [01;36m[Knote: [m[Kno functions named ‘[01m[KEigen::Vector3d ModelNode::indexToCoor(int)[m[K’
[7.037s] In file included from [01m[K/home/weiwei/Desktop/project/ObsAvoidance/src/model/src/model.cpp:1[m[K:
[7.038s] [01m[K/home/weiwei/Desktop/project/ObsAvoidance/src/model/src/model.hpp:27:7:[m[K [01;36m[Knote: [m[K‘[01m[Kclass ModelNode[m[K’ defined here
[7.038s]    27 | class [01;36m[KModelNode[m[K : public rclcpp::Node
[7.038s]       |       [01;36m[K^~~~~~~~~[m[K
[7.077s] [01m[K/home/weiwei/Desktop/project/ObsAvoidance/src/model/src/model.cpp:[m[K In member function ‘[01m[Kbool ModelNode::detectPoseCorrect(Eigen::Vector4d&, cv::Mat, cv::Mat&)[m[K’:
[7.077s] [01m[K/home/weiwei/Desktop/project/ObsAvoidance/src/model/src/model.cpp:889:38:[m[K [01;35m[Kwarning: [m[Kcomparison of integer expressions of different signedness: ‘[01m[Kstd::vector<pcl::PointXYZ, Eigen::aligned_allocator<pcl::PointXYZ> >::size_type[m[K’ {aka ‘[01m[Klong unsigned int[m[K’} and ‘[01m[Kint[m[K’ [[01;35m[K-Wsign-compare[m[K]
[7.077s]   889 |     if ([01;35m[KfinalPointCloud.points.size()<mapPointNumThresh[m[K) {
[7.077s]       |         [01;35m[K~~~~~~~~~~~~~~~~~~~~~~~~~~~~~^~~~~~~~~~~~~~~~~~[m[K
[13.333s] make[2]: *** [CMakeFiles/model.dir/build.make:76：CMakeFiles/model.dir/src/model.cpp.o] 错误 1
[13.333s] make[1]: *** [CMakeFiles/Makefile2:105：CMakeFiles/model.dir/all] 错误 2
[13.333s] make: *** [Makefile:141：all] 错误 2
[13.338s] Invoked command in '/home/weiwei/Desktop/project/ObsAvoidance/build/model' returned '2': CMAKE_PREFIX_PATH=/home/weiwei/Desktop/project/ObsAvoidance/install/interface:/home/weiwei/Desktop/project/ObsAvoidance/install/orbslam:/home/weiwei/Desktop/project/ObsAvoidance/install/model:/home/weiwei/Desktop/project/ObsAvoidance/install/media:/opt/ros/foxy /usr/bin/cmake --build /home/weiwei/Desktop/project/ObsAvoidance/build/model -- -j16 -l16
