[0.459s] Invoking command in '/home/weiwei/Desktop/project/ObsAvoidance/build/media': AMENT_PREFIX_PATH=/home/weiwei/Desktop/project/ObsAvoidance/install/interface:${AMENT_PREFIX_PATH} CMAKE_PREFIX_PATH=/home/weiwei/Desktop/project/ObsAvoidance/install/interface:/opt/ros/foxy:${CMAKE_PREFIX_PATH} LD_LIBRARY_PATH=/home/weiwei/Desktop/project/ObsAvoidance/install/interface/lib:${LD_LIBRARY_PATH} PYTHONPATH=/home/weiwei/Desktop/project/ObsAvoidance/install/interface/lib/python3.8/site-packages:${PYTHONPATH} /usr/bin/cmake --build /home/weiwei/Desktop/project/ObsAvoidance/build/media -- -j16 -l16
[0.545s] [100%] Built target media
[0.556s] Invoked command in '/home/weiwei/Desktop/project/ObsAvoidance/build/media' returned '0': AMENT_PREFIX_PATH=/home/weiwei/Desktop/project/ObsAvoidance/install/interface:${AMENT_PREFIX_PATH} CMAKE_PREFIX_PATH=/home/weiwei/Desktop/project/ObsAvoidance/install/interface:/opt/ros/foxy:${CMAKE_PREFIX_PATH} LD_LIBRARY_PATH=/home/weiwei/Desktop/project/ObsAvoidance/install/interface/lib:${LD_LIBRARY_PATH} PYTHONPATH=/home/weiwei/Desktop/project/ObsAvoidance/install/interface/lib/python3.8/site-packages:${PYTHONPATH} /usr/bin/cmake --build /home/weiwei/Desktop/project/ObsAvoidance/build/media -- -j16 -l16
[0.574s] Invoking command in '/home/weiwei/Desktop/project/ObsAvoidance/build/media': AMENT_PREFIX_PATH=/home/weiwei/Desktop/project/ObsAvoidance/install/interface:${AMENT_PREFIX_PATH} CMAKE_PREFIX_PATH=/home/weiwei/Desktop/project/ObsAvoidance/install/interface:/opt/ros/foxy:${CMAKE_PREFIX_PATH} LD_LIBRARY_PATH=/home/weiwei/Desktop/project/ObsAvoidance/install/interface/lib:${LD_LIBRARY_PATH} PYTHONPATH=/home/weiwei/Desktop/project/ObsAvoidance/install/interface/lib/python3.8/site-packages:${PYTHONPATH} /usr/bin/cmake --install /home/weiwei/Desktop/project/ObsAvoidance/build/media
[0.581s] -- Install configuration: ""
[0.581s] -- Up-to-date: /home/weiwei/Desktop/project/ObsAvoidance/install/media/lib/media/media
[0.582s] -- Up-to-date: /home/weiwei/Desktop/project/ObsAvoidance/install/media/share/ament_index/resource_index/package_run_dependencies/media
[0.582s] -- Up-to-date: /home/weiwei/Desktop/project/ObsAvoidance/install/media/share/ament_index/resource_index/parent_prefix_path/media
[0.582s] -- Up-to-date: /home/weiwei/Desktop/project/ObsAvoidance/install/media/share/media/environment/ament_prefix_path.sh
[0.582s] -- Up-to-date: /home/weiwei/Desktop/project/ObsAvoidance/install/media/share/media/environment/ament_prefix_path.dsv
[0.582s] -- Up-to-date: /home/weiwei/Desktop/project/ObsAvoidance/install/media/share/media/environment/path.sh
[0.582s] -- Up-to-date: /home/weiwei/Desktop/project/ObsAvoidance/install/media/share/media/environment/path.dsv
[0.582s] -- Up-to-date: /home/weiwei/Desktop/project/ObsAvoidance/install/media/share/media/local_setup.bash
[0.582s] -- Up-to-date: /home/weiwei/Desktop/project/ObsAvoidance/install/media/share/media/local_setup.sh
[0.582s] -- Up-to-date: /home/weiwei/Desktop/project/ObsAvoidance/install/media/share/media/local_setup.zsh
[0.582s] -- Up-to-date: /home/weiwei/Desktop/project/ObsAvoidance/install/media/share/media/local_setup.dsv
[0.582s] -- Installing: /home/weiwei/Desktop/project/ObsAvoidance/install/media/share/media/package.dsv
[0.582s] -- Up-to-date: /home/weiwei/Desktop/project/ObsAvoidance/install/media/share/ament_index/resource_index/packages/media
[0.582s] -- Up-to-date: /home/weiwei/Desktop/project/ObsAvoidance/install/media/share/media/cmake/mediaConfig.cmake
[0.582s] -- Up-to-date: /home/weiwei/Desktop/project/ObsAvoidance/install/media/share/media/cmake/mediaConfig-version.cmake
[0.582s] -- Up-to-date: /home/weiwei/Desktop/project/ObsAvoidance/install/media/share/media/package.xml
[0.682s] Invoked command in '/home/weiwei/Desktop/project/ObsAvoidance/build/media' returned '0': AMENT_PREFIX_PATH=/home/weiwei/Desktop/project/ObsAvoidance/install/interface:${AMENT_PREFIX_PATH} CMAKE_PREFIX_PATH=/home/weiwei/Desktop/project/ObsAvoidance/install/interface:/opt/ros/foxy:${CMAKE_PREFIX_PATH} LD_LIBRARY_PATH=/home/weiwei/Desktop/project/ObsAvoidance/install/interface/lib:${LD_LIBRARY_PATH} PYTHONPATH=/home/weiwei/Desktop/project/ObsAvoidance/install/interface/lib/python3.8/site-packages:${PYTHONPATH} /usr/bin/cmake --install /home/weiwei/Desktop/project/ObsAvoidance/build/media
