[0.099s] Invoking command in '/home/weiwei/Desktop/project/ObsAvoidance/build/path_planner': CMAKE_PREFIX_PATH=/home/weiwei/Desktop/project/ObsAvoidance/install/interface:/home/weiwei/Desktop/project/ObsAvoidance/install/path_planner:/home/weiwei/Desktop/project/ObsAvoidance/install/orbslam:/home/weiwei/Desktop/project/ObsAvoidance/install/model:/home/weiwei/Desktop/project/ObsAvoidance/install/media:/opt/ros/foxy /usr/bin/cmake --build /home/weiwei/Desktop/project/ObsAvoidance/build/path_planner -- -j16 -l16
[0.117s] -- Found ament_cmake: 0.9.12 (/opt/ros/foxy/share/ament_cmake/cmake)
[0.134s] -- Using PYTHON_EXECUTABLE: /usr/bin/python3
[0.239s] -- Found rclcpp: 2.4.3 (/opt/ros/foxy/share/rclcpp/cmake)
[0.259s] -- Using all available rosidl_typesupport_c: rosidl_typesupport_fastrtps_c;rosidl_typesupport_introspection_c
[0.261s] -- Found rosidl_adapter: 1.3.1 (/opt/ros/foxy/share/rosidl_adapter/cmake)
[0.341s] -- Using all available rosidl_typesupport_cpp: rosidl_typesupport_fastrtps_cpp;rosidl_typesupport_introspection_cpp
[0.370s] -- Found rmw_implementation_cmake: 1.0.4 (/opt/ros/foxy/share/rmw_implementation_cmake/cmake)
[0.371s] -- Using RMW implementation 'rmw_fastrtps_cpp' as default
[0.457s] -- Found interface: 0.0.0 (/home/weiwei/Desktop/project/ObsAvoidance/install/interface/share/interface/cmake)
[0.608s] -- Found cv_bridge: 3.0.7 (/opt/ros/foxy/share/cv_bridge/cmake)
[0.625s] -- Found pcl_conversions: 2.2.1 (/opt/ros/foxy/share/pcl_conversions/cmake)
[0.730s] -- Found octomap_msgs: 2.0.0 (/opt/ros/foxy/share/octomap_msgs/cmake)
[0.857s] -- Found AMD headers in: /usr/include/suitesparse
[0.857s] -- Found AMD library: /usr/lib/x86_64-linux-gnu/libamd.so
[0.857s] -- Found CAMD headers in: /usr/include/suitesparse
[0.857s] -- Found CAMD library: /usr/lib/x86_64-linux-gnu/libcamd.so
[0.858s] -- Found CCOLAMD headers in: /usr/include/suitesparse
[0.858s] -- Found CCOLAMD library: /usr/lib/x86_64-linux-gnu/libccolamd.so
[0.858s] -- Found CHOLMOD headers in: /usr/include/suitesparse
[0.858s] -- Found CHOLMOD library: /usr/lib/x86_64-linux-gnu/libcholmod.so
[0.858s] -- Found COLAMD headers in: /usr/include/suitesparse
[0.858s] -- Found COLAMD library: /usr/lib/x86_64-linux-gnu/libcolamd.so
[0.858s] -- Found SPQR headers in: /usr/include/suitesparse
[0.858s] -- Found SPQR library: /usr/lib/x86_64-linux-gnu/libspqr.so
[0.858s] -- Found Config headers in: /usr/include/suitesparse
[0.858s] -- Found Config library: /usr/lib/x86_64-linux-gnu/libsuitesparseconfig.so
[0.859s] -- Found Intel Thread Building Blocks (TBB) library (2020.1 / 11101) include location: . Assuming SuiteSparseQR was compiled with TBB.
[0.859s] -- Adding librt to SuiteSparse_config libraries (required on Linux & Unix [not OSX] if SuiteSparse is compiled with timing).
[0.861s] -- Could NOT find METIS (missing: METIS_INCLUDE_DIR METIS_LIBRARY) 
[0.863s] -- Found required Ceres dependency: Eigen version 3.3.9 in /usr/local/share/eigen3/cmake
[0.864s] -- Found required Ceres dependency: glog
[0.865s] -- Found required Ceres dependency: gflags
[0.866s] -- Found Ceres version: 2.2.0 installed in: /usr/local with components: [EigenSparse, SparseLinearAlgebraLibrary, LAPACK, SuiteSparse, SchurSpecializations]
[0.866s] -- Found ament_lint_auto: 0.9.8 (/opt/ros/foxy/share/ament_lint_auto/cmake)
[0.904s] CMake Error at /opt/ros/foxy/share/ament_cmake_target_dependencies/cmake/ament_target_dependencies.cmake:77 (message):
[0.904s]   ament_target_dependencies() the passed package name 'PCL' was not found
[0.904s]   before
[0.904s] Call Stack (most recent call first):
[0.904s]   CMakeLists.txt:48 (ament_target_dependencies)
[0.904s] 
[0.904s] 
[0.905s] -- Configuring incomplete, errors occurred!
[0.905s] See also "/home/weiwei/Desktop/project/ObsAvoidance/build/path_planner/CMakeFiles/CMakeOutput.log".
[0.905s] See also "/home/weiwei/Desktop/project/ObsAvoidance/build/path_planner/CMakeFiles/CMakeError.log".
[0.910s] make: *** [Makefile:296：cmake_check_build_system] 错误 1
[0.912s] Invoked command in '/home/weiwei/Desktop/project/ObsAvoidance/build/path_planner' returned '2': CMAKE_PREFIX_PATH=/home/weiwei/Desktop/project/ObsAvoidance/install/interface:/home/weiwei/Desktop/project/ObsAvoidance/install/path_planner:/home/weiwei/Desktop/project/ObsAvoidance/install/orbslam:/home/weiwei/Desktop/project/ObsAvoidance/install/model:/home/weiwei/Desktop/project/ObsAvoidance/install/media:/opt/ros/foxy /usr/bin/cmake --build /home/weiwei/Desktop/project/ObsAvoidance/build/path_planner -- -j16 -l16
