** WARNING ** io features related to pcap will be disabled
** WARNING ** io features related to png will be disabled
** WARNING ** io features related to libusb-1.0 will be disabled
[01m[K/home/weiwei/Desktop/project/ObsAvoidance/src/model/src/model.cpp:[m[K In member function ‘[01m[Kbool ModelNode::selectCircle(cv::Vec3f&, std::vector<cv::Vec<float, 3> >, cv::Mat&)[m[K’:
[01m[K/home/weiwei/Desktop/project/ObsAvoidance/src/model/src/model.cpp:286:21:[m[K [01;35m[Kwarning: [m[Kcomparison of integer expressions of different signedness: ‘[01m[Kint[m[K’ and ‘[01m[Kstd::vector<cv::Vec<float, 3> >::size_type[m[K’ {aka ‘[01m[Klong unsigned int[m[K’} [[01;35m[K-Wsign-compare[m[K]
  286 |     for (int i = 0;[01;35m[Ki<temp_circles.size()[m[K;i++)
      |                    [01;35m[K~^~~~~~~~~~~~~~~~~~~~[m[K
[01m[K/home/weiwei/Desktop/project/ObsAvoidance/src/model/src/model.cpp:299:45:[m[K [01;35m[Kwarning: [m[Kcomparison of constant ‘[01m[K255[m[K’ with boolean expression is always false [[01;35m[K-Wbool-compare[m[K]
  299 |             if ([01;35m[Kmask.at<bool>(pointInCircle)==255[m[K||mask.at<bool>(pointOutCircle)!=255)
      |                 [01;35m[K~~~~~~~~~~~~~~~~~~~~~~~~~~~~^~~~~[m[K
[01m[K/home/weiwei/Desktop/project/ObsAvoidance/src/model/src/model.cpp:299:81:[m[K [01;35m[Kwarning: [m[Kcomparison of constant ‘[01m[K255[m[K’ with boolean expression is always true [[01;35m[K-Wbool-compare[m[K]
  299 |             if (mask.at<bool>(pointInCircle)==255||[01;35m[Kmask.at<bool>(pointOutCircle)!=255[m[K)
      |                                                    [01;35m[K~~~~~~~~~~~~~~~~~~~~~~~~~~~~~^~~~~[m[K
[01m[K/home/weiwei/Desktop/project/ObsAvoidance/src/model/src/model.cpp:[m[K In member function ‘[01m[Kbool ModelNode::selectLine(cv::Mat, std::vector<cv::Vec<int, 4> >, cv::Vec4i&, cv::Vec3f)[m[K’:
[01m[K/home/weiwei/Desktop/project/ObsAvoidance/src/model/src/model.cpp:333:19:[m[K [01;35m[Kwarning: [m[Kcomparison of integer expressions of different signedness: ‘[01m[Kint[m[K’ and ‘[01m[Kstd::vector<cv::Vec<int, 4> >::size_type[m[K’ {aka ‘[01m[Klong unsigned int[m[K’} [[01;35m[K-Wsign-compare[m[K]
  333 |     for (int i=0;[01;35m[Ki<tempLines.size()[m[K;i++)
      |                  [01;35m[K~^~~~~~~~~~~~~~~~~[m[K
[01m[K/home/weiwei/Desktop/project/ObsAvoidance/src/model/src/model.cpp:356:36:[m[K [01;31m[Kerror: [m[K‘[01m[Kimg_copy[m[K’ was not declared in this scope
  356 |         cv::imshow("img_endPoint", [01;31m[Kimg_copy[m[K);
      |                                    [01;31m[K^~~~~~~~[m[K
[01m[K/home/weiwei/Desktop/project/ObsAvoidance/src/model/src/model.cpp:358:42:[m[K [01;35m[Kwarning: [m[Kcomparison of constant ‘[01m[K255[m[K’ with boolean expression is always false [[01;35m[K-Wbool-compare[m[K]
  358 |         if ([01;35m[Kimg_erode.at<bool>(endPoint1)==255[m[K || img_erode.at<bool>(endPoint2)==255 || img_erode.at<bool>(midPoint)==255)
      |             [01;35m[K~~~~~~~~~~~~~~~~~~~~~~~~~~~~~^~~~~[m[K
[01m[K/home/weiwei/Desktop/project/ObsAvoidance/src/model/src/model.cpp:358:80:[m[K [01;35m[Kwarning: [m[Kcomparison of constant ‘[01m[K255[m[K’ with boolean expression is always false [[01;35m[K-Wbool-compare[m[K]
  358 |         if (img_erode.at<bool>(endPoint1)==255 || [01;35m[Kimg_erode.at<bool>(endPoint2)==255[m[K || img_erode.at<bool>(midPoint)==255)
      |                                                   [01;35m[K~~~~~~~~~~~~~~~~~~~~~~~~~~~~~^~~~~[m[K
[01m[K/home/weiwei/Desktop/project/ObsAvoidance/src/model/src/model.cpp:358:117:[m[K [01;35m[Kwarning: [m[Kcomparison of constant ‘[01m[K255[m[K’ with boolean expression is always false [[01;35m[K-Wbool-compare[m[K]
  358 |         if (img_erode.at<bool>(endPoint1)==255 || img_erode.at<bool>(endPoint2)==255 || [01;35m[Kimg_erode.at<bool>(midPoint)==255[m[K)
      |                                                                                         [01;35m[K~~~~~~~~~~~~~~~~~~~~~~~~~~~~^~~~~[m[K
[01m[K/home/weiwei/Desktop/project/ObsAvoidance/src/model/src/model.cpp:362:44:[m[K [01;35m[Kwarning: [m[Kcomparison of constant ‘[01m[K255[m[K’ with boolean expression is always true [[01;35m[K-Wbool-compare[m[K]
  362 |         if ([01;35m[Kimg_erode.at<bool>(flag_point1)!=255[m[K || img_erode.at<bool>(flag_point2)!=255)
      |             [01;35m[K~~~~~~~~~~~~~~~~~~~~~~~~~~~~~~~^~~~~[m[K
[01m[K/home/weiwei/Desktop/project/ObsAvoidance/src/model/src/model.cpp:362:84:[m[K [01;35m[Kwarning: [m[Kcomparison of constant ‘[01m[K255[m[K’ with boolean expression is always true [[01;35m[K-Wbool-compare[m[K]
  362 |         if (img_erode.at<bool>(flag_point1)!=255 || [01;35m[Kimg_erode.at<bool>(flag_point2)!=255[m[K)
      |                                                     [01;35m[K~~~~~~~~~~~~~~~~~~~~~~~~~~~~~~~^~~~~[m[K
[01m[K/home/weiwei/Desktop/project/ObsAvoidance/src/model/src/model.cpp:368:17:[m[K [01;31m[Kerror: [m[Kexpected ‘[01m[K;[m[K’ before ‘[01m[Kreturn[m[K’
  368 |         cv::line
      |                 [01;31m[K^[m[K
      |                 [32m[K;[m[K
  369 |         [32m[Kreturn[m[K true;
      |         [32m[K~~~~~~[m[K   
[01m[K/home/weiwei/Desktop/project/ObsAvoidance/src/model/src/model.cpp:368:13:[m[K [01;35m[Kwarning: [m[Kstatement is a reference, not call, to function ‘[01m[Kcv::line[m[K’ [[01;35m[K-Waddress[m[K]
  368 |         [01;35m[Kcv::line[m[K
      |         [01;35m[K~~~~^~~~[m[K
[01m[K/home/weiwei/Desktop/project/ObsAvoidance/src/model/src/model.cpp:368:13:[m[K [01;35m[Kwarning: [m[Kstatement has no effect [[01;35m[K-Wunused-value[m[K]
[01m[K/home/weiwei/Desktop/project/ObsAvoidance/src/model/src/model.cpp:[m[K In member function ‘[01m[Kvoid ModelNode::ransacModelParam()[m[K’:
[01m[K/home/weiwei/Desktop/project/ObsAvoidance/src/model/src/model.cpp:510:22:[m[K [01;35m[Kwarning: [m[Kcomparison of integer expressions of different signedness: ‘[01m[Kint[m[K’ and ‘[01m[Kstd::vector<Eigen::Matrix<double, 3, 1> >::size_type[m[K’ {aka ‘[01m[Klong unsigned int[m[K’} [[01;35m[K-Wsign-compare[m[K]
  510 |         for(int n=0;[01;35m[Kn<global_vecs_direction.size()[m[K;n++) {
      |                     [01;35m[K~^~~~~~~~~~~~~~~~~~~~~~~~~~~~~[m[K
[01m[K/home/weiwei/Desktop/project/ObsAvoidance/src/model/src/model.cpp:[m[K In member function ‘[01m[Kbool ModelNode::Model()[m[K’:
[01m[K/home/weiwei/Desktop/project/ObsAvoidance/src/model/src/model.cpp:812:38:[m[K [01;35m[Kwarning: [m[Kcomparison of integer expressions of different signedness: ‘[01m[Kstd::vector<Eigen::Matrix<double, 3, 1> >::size_type[m[K’ {aka ‘[01m[Klong unsigned int[m[K’} and ‘[01m[Kint[m[K’ [[01;35m[K-Wsign-compare[m[K]
  812 |     if ([01;35m[Kglobal_centrePostions.size() < modelThresh[m[K)
      |         [01;35m[K~~~~~~~~~~~~~~~~~~~~~~~~~~~~~^~~~~~~~~~~~~[m[K
[01m[K/home/weiwei/Desktop/project/ObsAvoidance/src/model/src/model.cpp:[m[K In member function ‘[01m[Kbool ModelNode::detectPoseCorrect(Eigen::Vector4d&, cv::Mat, cv::Mat&)[m[K’:
[01m[K/home/weiwei/Desktop/project/ObsAvoidance/src/model/src/model.cpp:995:38:[m[K [01;35m[Kwarning: [m[Kcomparison of integer expressions of different signedness: ‘[01m[Kstd::vector<pcl::PointXYZ, Eigen::aligned_allocator<pcl::PointXYZ> >::size_type[m[K’ {aka ‘[01m[Klong unsigned int[m[K’} and ‘[01m[Kint[m[K’ [[01;35m[K-Wsign-compare[m[K]
  995 |     if ([01;35m[KfinalPointCloud.points.size()<mapPointNumThresh[m[K) {
      |         [01;35m[K~~~~~~~~~~~~~~~~~~~~~~~~~~~~~^~~~~~~~~~~~~~~~~~[m[K
make[2]: *** [CMakeFiles/model.dir/build.make:76：CMakeFiles/model.dir/src/model.cpp.o] 错误 1
make[1]: *** [CMakeFiles/Makefile2:105：CMakeFiles/model.dir/all] 错误 2
make: *** [Makefile:141：all] 错误 2
