[0.098s] Invoking command in '/home/weiwei/Desktop/project/ObsAvoidance/build/model': CMAKE_PREFIX_PATH=/home/weiwei/Desktop/project/ObsAvoidance/install/interface:/home/weiwei/Desktop/project/ObsAvoidance/install/orbslam:/home/weiwei/Desktop/project/ObsAvoidance/install/model:/home/weiwei/Desktop/project/ObsAvoidance/install/media:/opt/ros/foxy /usr/bin/cmake --build /home/weiwei/Desktop/project/ObsAvoidance/build/model -- -j16 -l16
[0.130s] -- Found ament_cmake: 0.9.12 (/opt/ros/foxy/share/ament_cmake/cmake)
[0.145s] -- Using PYTHON_EXECUTABLE: /usr/bin/python3
[0.264s] -- Found rclcpp: 2.4.3 (/opt/ros/foxy/share/rclcpp/cmake)
[0.294s] -- Using all available rosidl_typesupport_c: rosidl_typesupport_fastrtps_c;rosidl_typesupport_introspection_c
[0.297s] -- Found rosidl_adapter: 1.3.1 (/opt/ros/foxy/share/rosidl_adapter/cmake)
[0.390s] -- Using all available rosidl_typesupport_cpp: rosidl_typesupport_fastrtps_cpp;rosidl_typesupport_introspection_cpp
[0.426s] -- Found rmw_implementation_cmake: 1.0.4 (/opt/ros/foxy/share/rmw_implementation_cmake/cmake)
[0.427s] -- Using RMW implementation 'rmw_fastrtps_cpp' as default
[0.520s] -- Found interface: 0.0.0 (/home/weiwei/Desktop/project/ObsAvoidance/install/interface/share/interface/cmake)
[0.668s] -- Found cv_bridge: 3.0.7 (/opt/ros/foxy/share/cv_bridge/cmake)
[0.684s] -- Found pcl_conversions: 2.2.1 (/opt/ros/foxy/share/pcl_conversions/cmake)
[0.788s] -- Found octomap_msgs: 2.0.0 (/opt/ros/foxy/share/octomap_msgs/cmake)
[0.838s] -- Eigen found (include: /usr/include/eigen3, version: 3.3.7)
[0.892s] -- The imported target "vtkParseOGLExt" references the file
[0.892s]    "/usr/bin/vtkParseOGLExt-7.1"
[0.892s] but this file does not exist.  Possible reasons include:
[0.892s] * The file was deleted, renamed, or moved to another location.
[0.892s] * An install or uninstall procedure did not complete successfully.
[0.892s] * The installation package was faulty and contained
[0.892s]    "/usr/lib/cmake/vtk-7.1/VTKTargets.cmake"
[0.892s] but not all the files it references.
[0.892s] 
[0.892s] -- The imported target "vtkRenderingPythonTkWidgets" references the file
[0.892s]    "/usr/lib/x86_64-linux-gnu/libvtkRenderingPythonTkWidgets.so"
[0.893s] but this file does not exist.  Possible reasons include:
[0.893s] * The file was deleted, renamed, or moved to another location.
[0.893s] * An install or uninstall procedure did not complete successfully.
[0.893s] * The installation package was faulty and contained
[0.893s]    "/usr/lib/cmake/vtk-7.1/VTKTargets.cmake"
[0.893s] but not all the files it references.
[0.893s] 
[0.893s] -- The imported target "vtk" references the file
[0.893s]    "/usr/bin/vtk"
[0.893s] but this file does not exist.  Possible reasons include:
[0.893s] * The file was deleted, renamed, or moved to another location.
[0.893s] * An install or uninstall procedure did not complete successfully.
[0.893s] * The installation package was faulty and contained
[0.893s]    "/usr/lib/cmake/vtk-7.1/VTKTargets.cmake"
[0.893s] but not all the files it references.
[0.893s] 
[0.894s] -- The imported target "pvtk" references the file
[0.894s]    "/usr/bin/pvtk"
[0.894s] but this file does not exist.  Possible reasons include:
[0.894s] * The file was deleted, renamed, or moved to another location.
[0.894s] * An install or uninstall procedure did not complete successfully.
[0.894s] * The installation package was faulty and contained
[0.894s]    "/usr/lib/cmake/vtk-7.1/VTKTargets.cmake"
[0.894s] but not all the files it references.
[0.894s] 
[0.912s] -- OpenNI found (include: /usr/include/ni, lib: /usr/lib/libOpenNI.so)
[0.916s] -- OpenNI2 found (include: /usr/include/openni2, lib: /usr/lib/libOpenNI2.so)
[0.916s] ** WARNING ** io features related to pcap will be disabled
[0.917s] ** WARNING ** io features related to png will be disabled
[0.924s] ** WARNING ** io features related to libusb-1.0 will be disabled
[0.928s] -- OpenNI found (include: /usr/include/ni, lib: /usr/lib/libOpenNI.so)
[0.932s] -- OpenNI2 found (include: /usr/include/openni2, lib: /usr/lib/libOpenNI2.so)
[0.940s] -- QHULL found (include: /usr/include, lib: optimized;/usr/lib/x86_64-linux-gnu/libqhull.so;debug;/usr/lib/x86_64-linux-gnu/libqhull.so)
[0.943s] -- OpenNI found (include: /usr/include/ni, lib: /usr/lib/libOpenNI.so)
[0.951s] -- looking for PCL_COMMON
[0.951s] -- looking for PCL_KDTREE
[0.951s] -- looking for PCL_OCTREE
[0.952s] -- looking for PCL_SEARCH
[0.952s] -- looking for PCL_SAMPLE_CONSENSUS
[0.952s] -- looking for PCL_FILTERS
[0.953s] -- looking for PCL_2D
[0.953s] -- looking for PCL_GEOMETRY
[0.954s] -- looking for PCL_IO
[0.954s] -- looking for PCL_FEATURES
[0.954s] -- looking for PCL_ML
[0.955s] -- looking for PCL_SEGMENTATION
[0.955s] -- looking for PCL_VISUALIZATION
[0.956s] -- looking for PCL_SURFACE
[0.956s] -- looking for PCL_REGISTRATION
[0.956s] -- looking for PCL_KEYPOINTS
[0.957s] -- looking for PCL_TRACKING
[0.957s] -- looking for PCL_RECOGNITION
[0.958s] -- looking for PCL_STEREO
[0.958s] -- looking for PCL_APPS
[0.959s] -- looking for PCL_IN_HAND_SCANNER
[0.959s] -- looking for PCL_POINT_CLOUD_EDITOR
[0.959s] -- looking for PCL_OUTOFCORE
[0.960s] -- looking for PCL_PEOPLE
[1.033s] -- Found AMD headers in: /usr/include/suitesparse
[1.033s] -- Found AMD library: /usr/lib/x86_64-linux-gnu/libamd.so
[1.033s] -- Found CAMD headers in: /usr/include/suitesparse
[1.033s] -- Found CAMD library: /usr/lib/x86_64-linux-gnu/libcamd.so
[1.033s] -- Found CCOLAMD headers in: /usr/include/suitesparse
[1.033s] -- Found CCOLAMD library: /usr/lib/x86_64-linux-gnu/libccolamd.so
[1.033s] -- Found CHOLMOD headers in: /usr/include/suitesparse
[1.033s] -- Found CHOLMOD library: /usr/lib/x86_64-linux-gnu/libcholmod.so
[1.033s] -- Found COLAMD headers in: /usr/include/suitesparse
[1.033s] -- Found COLAMD library: /usr/lib/x86_64-linux-gnu/libcolamd.so
[1.033s] -- Found SPQR headers in: /usr/include/suitesparse
[1.034s] -- Found SPQR library: /usr/lib/x86_64-linux-gnu/libspqr.so
[1.034s] -- Found Config headers in: /usr/include/suitesparse
[1.034s] -- Found Config library: /usr/lib/x86_64-linux-gnu/libsuitesparseconfig.so
[1.034s] -- Found Intel Thread Building Blocks (TBB) library (2020.1 / 11101) include location: . Assuming SuiteSparseQR was compiled with TBB.
[1.034s] -- Adding librt to SuiteSparse_config libraries (required on Linux & Unix [not OSX] if SuiteSparse is compiled with timing).
[1.038s] -- Could NOT find METIS (missing: METIS_INCLUDE_DIR METIS_LIBRARY) 
[1.040s] -- Found required Ceres dependency: Eigen version 3.3.9 in /usr/local/share/eigen3/cmake
[1.041s] -- Found required Ceres dependency: glog
[1.042s] -- Found required Ceres dependency: gflags
[1.043s] -- Found Ceres version: 2.2.0 installed in: /usr/local with components: [EigenSparse, SparseLinearAlgebraLibrary, LAPACK, SuiteSparse, SchurSpecializations]
[1.043s] -- Found ament_lint_auto: 0.9.8 (/opt/ros/foxy/share/ament_lint_auto/cmake)
[1.121s] -- Added test 'copyright' to check source files copyright and LICENSE
[1.121s] -- Added test 'cppcheck' to perform static code analysis on C / C++ code
[1.122s] -- Configured cppcheck include dirs: 
[1.122s] -- Configured cppcheck exclude dirs and/or files: 
[1.122s] -- Added test 'cpplint' to check C / C++ code against the Google style
[1.122s] -- Configured cpplint exclude dirs and/or files: 
[1.123s] -- Added test 'lint_cmake' to check CMake code style
[1.123s] -- Added test 'uncrustify' to check C / C++ code style
[1.123s] -- Configured uncrustify additional arguments: 
[1.124s] -- Added test 'xmllint' to check XML markup files
[1.126s] -- Configuring done
[1.184s] -- Generating done
[1.185s] -- Build files have been written to: /home/weiwei/Desktop/project/ObsAvoidance/build/model
[1.210s] [35m[1mScanning dependencies of target model[0m
[1.265s] [ 33%] [32mBuilding CXX object CMakeFiles/model.dir/src/main.cpp.o[0m
[1.265s] [ 66%] [32mBuilding CXX object CMakeFiles/model.dir/src/model.cpp.o[0m
[6.764s] [01m[K/home/weiwei/Desktop/project/ObsAvoidance/src/model/src/model.cpp:[m[K In member function ‘[01m[Kbool ModelNode::selectCircle(cv::Vec3f&, std::vector<cv::Vec<float, 3> >, cv::Mat&)[m[K’:
[6.764s] [01m[K/home/weiwei/Desktop/project/ObsAvoidance/src/model/src/model.cpp:286:21:[m[K [01;35m[Kwarning: [m[Kcomparison of integer expressions of different signedness: ‘[01m[Kint[m[K’ and ‘[01m[Kstd::vector<cv::Vec<float, 3> >::size_type[m[K’ {aka ‘[01m[Klong unsigned int[m[K’} [[01;35m[K-Wsign-compare[m[K]
[6.764s]   286 |     for (int i = 0;[01;35m[Ki<temp_circles.size()[m[K;i++)
[6.764s]       |                    [01;35m[K~^~~~~~~~~~~~~~~~~~~~[m[K
[6.765s] [01m[K/home/weiwei/Desktop/project/ObsAvoidance/src/model/src/model.cpp:299:45:[m[K [01;35m[Kwarning: [m[Kcomparison of constant ‘[01m[K255[m[K’ with boolean expression is always false [[01;35m[K-Wbool-compare[m[K]
[6.765s]   299 |             if ([01;35m[Kmask.at<bool>(pointInCircle)==255[m[K||mask.at<bool>(pointOutCircle)!=255)
[6.765s]       |                 [01;35m[K~~~~~~~~~~~~~~~~~~~~~~~~~~~~^~~~~[m[K
[6.765s] [01m[K/home/weiwei/Desktop/project/ObsAvoidance/src/model/src/model.cpp:299:81:[m[K [01;35m[Kwarning: [m[Kcomparison of constant ‘[01m[K255[m[K’ with boolean expression is always true [[01;35m[K-Wbool-compare[m[K]
[6.765s]   299 |             if (mask.at<bool>(pointInCircle)==255||[01;35m[Kmask.at<bool>(pointOutCircle)!=255[m[K)
[6.765s]       |                                                    [01;35m[K~~~~~~~~~~~~~~~~~~~~~~~~~~~~~^~~~~[m[K
[6.768s] [01m[K/home/weiwei/Desktop/project/ObsAvoidance/src/model/src/model.cpp:[m[K In member function ‘[01m[Kbool ModelNode::selectLine(cv::Mat, std::vector<cv::Vec<int, 4> >, cv::Vec4i&, cv::Vec3f)[m[K’:
[6.768s] [01m[K/home/weiwei/Desktop/project/ObsAvoidance/src/model/src/model.cpp:333:19:[m[K [01;35m[Kwarning: [m[Kcomparison of integer expressions of different signedness: ‘[01m[Kint[m[K’ and ‘[01m[Kstd::vector<cv::Vec<int, 4> >::size_type[m[K’ {aka ‘[01m[Klong unsigned int[m[K’} [[01;35m[K-Wsign-compare[m[K]
[6.768s]   333 |     for (int i=0;[01;35m[Ki<tempLines.size()[m[K;i++)
[6.768s]       |                  [01;35m[K~^~~~~~~~~~~~~~~~~[m[K
[6.774s] [01m[K/home/weiwei/Desktop/project/ObsAvoidance/src/model/src/model.cpp:356:36:[m[K [01;31m[Kerror: [m[K‘[01m[Kimg_copy[m[K’ was not declared in this scope
[6.774s]   356 |         cv::imshow("img_endPoint", [01;31m[Kimg_copy[m[K);
[6.774s]       |                                    [01;31m[K^~~~~~~~[m[K
[6.774s] [01m[K/home/weiwei/Desktop/project/ObsAvoidance/src/model/src/model.cpp:358:42:[m[K [01;35m[Kwarning: [m[Kcomparison of constant ‘[01m[K255[m[K’ with boolean expression is always false [[01;35m[K-Wbool-compare[m[K]
[6.774s]   358 |         if ([01;35m[Kimg_erode.at<bool>(endPoint1)==255[m[K || img_erode.at<bool>(endPoint2)==255 || img_erode.at<bool>(midPoint)==255)
[6.774s]       |             [01;35m[K~~~~~~~~~~~~~~~~~~~~~~~~~~~~~^~~~~[m[K
[6.774s] [01m[K/home/weiwei/Desktop/project/ObsAvoidance/src/model/src/model.cpp:358:80:[m[K [01;35m[Kwarning: [m[Kcomparison of constant ‘[01m[K255[m[K’ with boolean expression is always false [[01;35m[K-Wbool-compare[m[K]
[6.774s]   358 |         if (img_erode.at<bool>(endPoint1)==255 || [01;35m[Kimg_erode.at<bool>(endPoint2)==255[m[K || img_erode.at<bool>(midPoint)==255)
[6.774s]       |                                                   [01;35m[K~~~~~~~~~~~~~~~~~~~~~~~~~~~~~^~~~~[m[K
[6.774s] [01m[K/home/weiwei/Desktop/project/ObsAvoidance/src/model/src/model.cpp:358:117:[m[K [01;35m[Kwarning: [m[Kcomparison of constant ‘[01m[K255[m[K’ with boolean expression is always false [[01;35m[K-Wbool-compare[m[K]
[6.774s]   358 |         if (img_erode.at<bool>(endPoint1)==255 || img_erode.at<bool>(endPoint2)==255 || [01;35m[Kimg_erode.at<bool>(midPoint)==255[m[K)
[6.774s]       |                                                                                         [01;35m[K~~~~~~~~~~~~~~~~~~~~~~~~~~~~^~~~~[m[K
[6.774s] [01m[K/home/weiwei/Desktop/project/ObsAvoidance/src/model/src/model.cpp:362:44:[m[K [01;35m[Kwarning: [m[Kcomparison of constant ‘[01m[K255[m[K’ with boolean expression is always true [[01;35m[K-Wbool-compare[m[K]
[6.774s]   362 |         if ([01;35m[Kimg_erode.at<bool>(flag_point1)!=255[m[K || img_erode.at<bool>(flag_point2)!=255)
[6.774s]       |             [01;35m[K~~~~~~~~~~~~~~~~~~~~~~~~~~~~~~~^~~~~[m[K
[6.774s] [01m[K/home/weiwei/Desktop/project/ObsAvoidance/src/model/src/model.cpp:362:84:[m[K [01;35m[Kwarning: [m[Kcomparison of constant ‘[01m[K255[m[K’ with boolean expression is always true [[01;35m[K-Wbool-compare[m[K]
[6.774s]   362 |         if (img_erode.at<bool>(flag_point1)!=255 || [01;35m[Kimg_erode.at<bool>(flag_point2)!=255[m[K)
[6.774s]       |                                                     [01;35m[K~~~~~~~~~~~~~~~~~~~~~~~~~~~~~~~^~~~~[m[K
[6.774s] [01m[K/home/weiwei/Desktop/project/ObsAvoidance/src/model/src/model.cpp:368:17:[m[K [01;31m[Kerror: [m[Kexpected ‘[01m[K;[m[K’ before ‘[01m[Kreturn[m[K’
[6.774s]   368 |         cv::line
[6.775s]       |                 [01;31m[K^[m[K
[6.775s]       |                 [32m[K;[m[K
[6.775s]   369 |         [32m[Kreturn[m[K true;
[6.775s]       |         [32m[K~~~~~~[m[K   
[6.775s] [01m[K/home/weiwei/Desktop/project/ObsAvoidance/src/model/src/model.cpp:368:13:[m[K [01;35m[Kwarning: [m[Kstatement is a reference, not call, to function ‘[01m[Kcv::line[m[K’ [[01;35m[K-Waddress[m[K]
[6.775s]   368 |         [01;35m[Kcv::line[m[K
[6.775s]       |         [01;35m[K~~~~^~~~[m[K
[6.775s] [01m[K/home/weiwei/Desktop/project/ObsAvoidance/src/model/src/model.cpp:368:13:[m[K [01;35m[Kwarning: [m[Kstatement has no effect [[01;35m[K-Wunused-value[m[K]
[6.849s] [01m[K/home/weiwei/Desktop/project/ObsAvoidance/src/model/src/model.cpp:[m[K In member function ‘[01m[Kvoid ModelNode::ransacModelParam()[m[K’:
[6.849s] [01m[K/home/weiwei/Desktop/project/ObsAvoidance/src/model/src/model.cpp:510:22:[m[K [01;35m[Kwarning: [m[Kcomparison of integer expressions of different signedness: ‘[01m[Kint[m[K’ and ‘[01m[Kstd::vector<Eigen::Matrix<double, 3, 1> >::size_type[m[K’ {aka ‘[01m[Klong unsigned int[m[K’} [[01;35m[K-Wsign-compare[m[K]
[6.849s]   510 |         for(int n=0;[01;35m[Kn<global_vecs_direction.size()[m[K;n++) {
[6.849s]       |                     [01;35m[K~^~~~~~~~~~~~~~~~~~~~~~~~~~~~~[m[K
[6.946s] [01m[K/home/weiwei/Desktop/project/ObsAvoidance/src/model/src/model.cpp:[m[K In member function ‘[01m[Kbool ModelNode::Model()[m[K’:
[6.946s] [01m[K/home/weiwei/Desktop/project/ObsAvoidance/src/model/src/model.cpp:812:38:[m[K [01;35m[Kwarning: [m[Kcomparison of integer expressions of different signedness: ‘[01m[Kstd::vector<Eigen::Matrix<double, 3, 1> >::size_type[m[K’ {aka ‘[01m[Klong unsigned int[m[K’} and ‘[01m[Kint[m[K’ [[01;35m[K-Wsign-compare[m[K]
[6.946s]   812 |     if ([01;35m[Kglobal_centrePostions.size() < modelThresh[m[K)
[6.946s]       |         [01;35m[K~~~~~~~~~~~~~~~~~~~~~~~~~~~~~^~~~~~~~~~~~~[m[K
[6.962s] [01m[K/home/weiwei/Desktop/project/ObsAvoidance/src/model/src/model.cpp:[m[K In member function ‘[01m[Kbool ModelNode::detectPoseCorrect(Eigen::Vector4d&, cv::Mat, cv::Mat&)[m[K’:
[6.962s] [01m[K/home/weiwei/Desktop/project/ObsAvoidance/src/model/src/model.cpp:995:38:[m[K [01;35m[Kwarning: [m[Kcomparison of integer expressions of different signedness: ‘[01m[Kstd::vector<pcl::PointXYZ, Eigen::aligned_allocator<pcl::PointXYZ> >::size_type[m[K’ {aka ‘[01m[Klong unsigned int[m[K’} and ‘[01m[Kint[m[K’ [[01;35m[K-Wsign-compare[m[K]
[6.962s]   995 |     if ([01;35m[KfinalPointCloud.points.size()<mapPointNumThresh[m[K) {
[6.962s]       |         [01;35m[K~~~~~~~~~~~~~~~~~~~~~~~~~~~~~^~~~~~~~~~~~~~~~~~[m[K
[12.673s] make[2]: *** [CMakeFiles/model.dir/build.make:76：CMakeFiles/model.dir/src/model.cpp.o] 错误 1
[12.674s] make[1]: *** [CMakeFiles/Makefile2:105：CMakeFiles/model.dir/all] 错误 2
[12.674s] make: *** [Makefile:141：all] 错误 2
[12.676s] Invoked command in '/home/weiwei/Desktop/project/ObsAvoidance/build/model' returned '2': CMAKE_PREFIX_PATH=/home/weiwei/Desktop/project/ObsAvoidance/install/interface:/home/weiwei/Desktop/project/ObsAvoidance/install/orbslam:/home/weiwei/Desktop/project/ObsAvoidance/install/model:/home/weiwei/Desktop/project/ObsAvoidance/install/media:/opt/ros/foxy /usr/bin/cmake --build /home/weiwei/Desktop/project/ObsAvoidance/build/model -- -j16 -l16
