[0.107s] Invoking command in '/home/weiwei/Desktop/project/ObsAvoidance/build/interface': CMAKE_PREFIX_PATH=${CMAKE_PREFIX_PATH}:/opt/ros/foxy /usr/bin/cmake --build /home/weiwei/Desktop/project/ObsAvoidance/build/interface -- -j16 -l16
[0.135s] -- Found ament_cmake: 0.9.12 (/opt/ros/foxy/share/ament_cmake/cmake)
[0.151s] -- Found PythonInterp: /usr/bin/python3 (found suitable version "3.8.10", minimum required is "3") 
[0.151s] -- Using PYTHON_EXECUTABLE: /usr/bin/python3
[0.271s] -- Found rclcpp: 2.4.3 (/opt/ros/foxy/share/rclcpp/cmake)
[0.301s] -- Using all available rosidl_typesupport_c: rosidl_typesupport_fastrtps_c;rosidl_typesupport_introspection_c
[0.304s] -- Found rosidl_adapter: 1.3.1 (/opt/ros/foxy/share/rosidl_adapter/cmake)
[0.399s] -- Using all available rosidl_typesupport_cpp: rosidl_typesupport_fastrtps_cpp;rosidl_typesupport_introspection_cpp
[0.437s] -- Found rmw_implementation_cmake: 1.0.4 (/opt/ros/foxy/share/rmw_implementation_cmake/cmake)
[0.438s] -- Using RMW implementation 'rmw_fastrtps_cpp' as default
[0.537s] -- Found sensor_msgs: 2.0.5 (/opt/ros/foxy/share/sensor_msgs/cmake)
[0.610s] -- Found rosidl_default_generators: 1.0.1 (/opt/ros/foxy/share/rosidl_default_generators/cmake)
[0.618s] -- Found ament_lint_auto: 0.9.8 (/opt/ros/foxy/share/ament_lint_auto/cmake)
[0.677s] -- Found PythonInterp: /usr/bin/python3 (found version "3.8.10") 
[0.779s] -- Found ament_cmake_ros: 0.9.2 (/opt/ros/foxy/share/ament_cmake_ros/cmake)
[0.984s] -- Using all available rosidl_typesupport_c: rosidl_typesupport_fastrtps_c;rosidl_typesupport_introspection_c
[1.084s] -- Using all available rosidl_typesupport_cpp: rosidl_typesupport_fastrtps_cpp;rosidl_typesupport_introspection_cpp
[1.101s] -- Found PythonInterp: /usr/bin/python3 (found suitable version "3.8.10", minimum required is "3.5") 
[1.102s] -- Found python_cmake_module: 0.8.1 (/opt/ros/foxy/share/python_cmake_module/cmake)
[1.119s] -- Using PYTHON_EXECUTABLE: /usr/bin/python3
[1.119s] -- Using PYTHON_INCLUDE_DIRS: /usr/include/python3.8
[1.119s] -- Using PYTHON_LIBRARIES: /usr/lib/x86_64-linux-gnu/libpython3.8.so
[1.167s] -- Added test 'copyright' to check source files copyright and LICENSE
[1.168s] -- Added test 'lint_cmake' to check CMake code style
[1.169s] -- Added test 'xmllint' to check XML markup files
[1.174s] -- Configuring done
[1.219s] -- Generating done
[1.221s] -- Build files have been written to: /home/weiwei/Desktop/project/ObsAvoidance/build/interface
[1.247s] [  3%] Built target interface__cpp
[1.249s] [ 12%] Built target interface__rosidl_generator_c
[1.264s] [ 22%] Built target interface__rosidl_typesupport_introspection_cpp
[1.264s] [ 32%] Built target interface__rosidl_typesupport_cpp
[1.264s] [ 41%] Built target interface__rosidl_typesupport_c
[1.265s] [ 51%] Built target interface__rosidl_typesupport_introspection_c
[1.266s] [ 61%] Built target interface__rosidl_typesupport_fastrtps_cpp
[1.285s] [ 70%] Built target interface__rosidl_typesupport_fastrtps_c
[1.298s] [ 70%] Built target interface
[1.313s] [ 74%] Built target interface__py
[1.332s] [ 80%] Built target interface__python
[1.351s] [100%] Built target interface__rosidl_typesupport_fastrtps_c__pyext
[1.351s] [100%] Built target interface__rosidl_typesupport_c__pyext
[1.351s] [100%] Built target interface__rosidl_typesupport_introspection_c__pyext
[1.359s] Invoked command in '/home/weiwei/Desktop/project/ObsAvoidance/build/interface' returned '0': CMAKE_PREFIX_PATH=${CMAKE_PREFIX_PATH}:/opt/ros/foxy /usr/bin/cmake --build /home/weiwei/Desktop/project/ObsAvoidance/build/interface -- -j16 -l16
[1.395s] Invoking command in '/home/weiwei/Desktop/project/ObsAvoidance/build/interface': CMAKE_PREFIX_PATH=${CMAKE_PREFIX_PATH}:/opt/ros/foxy /usr/bin/cmake --install /home/weiwei/Desktop/project/ObsAvoidance/build/interface
[1.401s] -- Install configuration: ""
[1.401s] -- Up-to-date: /home/weiwei/Desktop/project/ObsAvoidance/install/interface/share/ament_index/resource_index/rosidl_interfaces/interface
[1.401s] -- Up-to-date: /home/weiwei/Desktop/project/ObsAvoidance/install/interface/include/interface
[1.401s] -- Up-to-date: /home/weiwei/Desktop/project/ObsAvoidance/install/interface/include/interface/msg
[1.401s] -- Up-to-date: /home/weiwei/Desktop/project/ObsAvoidance/install/interface/include/interface/msg/detail
[1.401s] -- Up-to-date: /home/weiwei/Desktop/project/ObsAvoidance/install/interface/include/interface/msg/detail/slam__struct.h
[1.401s] -- Up-to-date: /home/weiwei/Desktop/project/ObsAvoidance/install/interface/include/interface/msg/detail/slam__type_support.h
[1.401s] -- Up-to-date: /home/weiwei/Desktop/project/ObsAvoidance/install/interface/include/interface/msg/detail/slam__functions.c
[1.401s] -- Up-to-date: /home/weiwei/Desktop/project/ObsAvoidance/install/interface/include/interface/msg/detail/slam__functions.h
[1.401s] -- Up-to-date: /home/weiwei/Desktop/project/ObsAvoidance/install/interface/include/interface/msg/slam.h
[1.401s] -- Up-to-date: /home/weiwei/Desktop/project/ObsAvoidance/install/interface/include/interface/msg/rosidl_generator_c__visibility_control.h
[1.401s] -- Up-to-date: /home/weiwei/Desktop/project/ObsAvoidance/install/interface/share/interface/environment/library_path.sh
[1.401s] -- Installing: /home/weiwei/Desktop/project/ObsAvoidance/install/interface/share/interface/environment/library_path.dsv
[1.401s] -- Up-to-date: /home/weiwei/Desktop/project/ObsAvoidance/install/interface/lib/libinterface__rosidl_generator_c.so
[1.401s] -- Up-to-date: /home/weiwei/Desktop/project/ObsAvoidance/install/interface/include/interface
[1.401s] -- Up-to-date: /home/weiwei/Desktop/project/ObsAvoidance/install/interface/include/interface/msg
[1.401s] -- Up-to-date: /home/weiwei/Desktop/project/ObsAvoidance/install/interface/include/interface/msg/detail
[1.401s] -- Up-to-date: /home/weiwei/Desktop/project/ObsAvoidance/install/interface/include/interface/msg/detail/slam__rosidl_typesupport_fastrtps_c.h
[1.401s] -- Up-to-date: /home/weiwei/Desktop/project/ObsAvoidance/install/interface/include/interface/msg/rosidl_typesupport_fastrtps_c__visibility_control.h
[1.402s] -- Up-to-date: /home/weiwei/Desktop/project/ObsAvoidance/install/interface/lib/libinterface__rosidl_typesupport_fastrtps_c.so
[1.402s] -- Up-to-date: /home/weiwei/Desktop/project/ObsAvoidance/install/interface/include/interface
[1.402s] -- Up-to-date: /home/weiwei/Desktop/project/ObsAvoidance/install/interface/include/interface/msg
[1.402s] -- Up-to-date: /home/weiwei/Desktop/project/ObsAvoidance/install/interface/include/interface/msg/detail
[1.402s] -- Up-to-date: /home/weiwei/Desktop/project/ObsAvoidance/install/interface/include/interface/msg/detail/slam__rosidl_typesupport_fastrtps_cpp.hpp
[1.402s] -- Up-to-date: /home/weiwei/Desktop/project/ObsAvoidance/install/interface/include/interface/msg/detail/dds_fastrtps
[1.402s] -- Up-to-date: /home/weiwei/Desktop/project/ObsAvoidance/install/interface/include/interface/msg/rosidl_typesupport_fastrtps_cpp__visibility_control.h
[1.402s] -- Up-to-date: /home/weiwei/Desktop/project/ObsAvoidance/install/interface/lib/libinterface__rosidl_typesupport_fastrtps_cpp.so
[1.402s] -- Up-to-date: /home/weiwei/Desktop/project/ObsAvoidance/install/interface/include/interface
[1.402s] -- Up-to-date: /home/weiwei/Desktop/project/ObsAvoidance/install/interface/include/interface/msg
[1.402s] -- Up-to-date: /home/weiwei/Desktop/project/ObsAvoidance/install/interface/include/interface/msg/detail
[1.402s] -- Up-to-date: /home/weiwei/Desktop/project/ObsAvoidance/install/interface/include/interface/msg/detail/slam__type_support.c
[1.402s] -- Up-to-date: /home/weiwei/Desktop/project/ObsAvoidance/install/interface/include/interface/msg/detail/slam__rosidl_typesupport_introspection_c.h
[1.402s] -- Up-to-date: /home/weiwei/Desktop/project/ObsAvoidance/install/interface/include/interface/msg/rosidl_typesupport_introspection_c__visibility_control.h
[1.402s] -- Up-to-date: /home/weiwei/Desktop/project/ObsAvoidance/install/interface/lib/libinterface__rosidl_typesupport_introspection_c.so
[1.402s] -- Up-to-date: /home/weiwei/Desktop/project/ObsAvoidance/install/interface/lib/libinterface__rosidl_typesupport_c.so
[1.402s] -- Up-to-date: /home/weiwei/Desktop/project/ObsAvoidance/install/interface/include/interface
[1.402s] -- Up-to-date: /home/weiwei/Desktop/project/ObsAvoidance/install/interface/include/interface/msg
[1.402s] -- Up-to-date: /home/weiwei/Desktop/project/ObsAvoidance/install/interface/include/interface/msg/detail
[1.402s] -- Up-to-date: /home/weiwei/Desktop/project/ObsAvoidance/install/interface/include/interface/msg/detail/slam__traits.hpp
[1.402s] -- Up-to-date: /home/weiwei/Desktop/project/ObsAvoidance/install/interface/include/interface/msg/detail/slam__type_support.hpp
[1.402s] -- Up-to-date: /home/weiwei/Desktop/project/ObsAvoidance/install/interface/include/interface/msg/detail/slam__builder.hpp
[1.403s] -- Up-to-date: /home/weiwei/Desktop/project/ObsAvoidance/install/interface/include/interface/msg/detail/slam__struct.hpp
[1.403s] -- Up-to-date: /home/weiwei/Desktop/project/ObsAvoidance/install/interface/include/interface/msg/slam.hpp
[1.403s] -- Up-to-date: /home/weiwei/Desktop/project/ObsAvoidance/install/interface/include/interface/msg/rosidl_generator_cpp__visibility_control.hpp
[1.403s] -- Up-to-date: /home/weiwei/Desktop/project/ObsAvoidance/install/interface/include/interface
[1.403s] -- Up-to-date: /home/weiwei/Desktop/project/ObsAvoidance/install/interface/include/interface/msg
[1.403s] -- Up-to-date: /home/weiwei/Desktop/project/ObsAvoidance/install/interface/include/interface/msg/detail
[1.403s] -- Up-to-date: /home/weiwei/Desktop/project/ObsAvoidance/install/interface/include/interface/msg/detail/slam__type_support.cpp
[1.403s] -- Up-to-date: /home/weiwei/Desktop/project/ObsAvoidance/install/interface/include/interface/msg/detail/slam__rosidl_typesupport_introspection_cpp.hpp
[1.403s] -- Up-to-date: /home/weiwei/Desktop/project/ObsAvoidance/install/interface/lib/libinterface__rosidl_typesupport_introspection_cpp.so
[1.403s] -- Up-to-date: /home/weiwei/Desktop/project/ObsAvoidance/install/interface/lib/libinterface__rosidl_typesupport_cpp.so
[1.403s] -- Up-to-date: /home/weiwei/Desktop/project/ObsAvoidance/install/interface/share/interface/environment/pythonpath.sh
[1.403s] -- Installing: /home/weiwei/Desktop/project/ObsAvoidance/install/interface/share/interface/environment/pythonpath.dsv
[1.403s] -- Installing: /home/weiwei/Desktop/project/ObsAvoidance/install/interface/lib/python3.8/site-packages/interface/__init__.py
[1.423s] Compiling '/home/weiwei/Desktop/project/ObsAvoidance/install/interface/lib/python3.8/site-packages/interface/__init__.py'...
[1.425s] -- Up-to-date: /home/weiwei/Desktop/project/ObsAvoidance/install/interface/lib/python3.8/site-packages/interface/msg
[1.425s] -- Up-to-date: /home/weiwei/Desktop/project/ObsAvoidance/install/interface/lib/python3.8/site-packages/interface/msg/_slam.py
[1.425s] -- Up-to-date: /home/weiwei/Desktop/project/ObsAvoidance/install/interface/lib/python3.8/site-packages/interface/msg/_slam_s.c
[1.425s] -- Up-to-date: /home/weiwei/Desktop/project/ObsAvoidance/install/interface/lib/python3.8/site-packages/interface/msg/__init__.py
[1.425s] -- Up-to-date: /home/weiwei/Desktop/project/ObsAvoidance/install/interface/lib/python3.8/site-packages/interface/interface_s__rosidl_typesupport_fastrtps_c.cpython-38-x86_64-linux-gnu.so
[1.426s] -- Up-to-date: /home/weiwei/Desktop/project/ObsAvoidance/install/interface/lib/python3.8/site-packages/interface/interface_s__rosidl_typesupport_introspection_c.cpython-38-x86_64-linux-gnu.so
[1.426s] -- Up-to-date: /home/weiwei/Desktop/project/ObsAvoidance/install/interface/lib/python3.8/site-packages/interface/interface_s__rosidl_typesupport_c.cpython-38-x86_64-linux-gnu.so
[1.426s] -- Up-to-date: /home/weiwei/Desktop/project/ObsAvoidance/install/interface/lib/libinterface__python.so
[1.427s] -- Up-to-date: /home/weiwei/Desktop/project/ObsAvoidance/install/interface/share/interface/msg/Slam.idl
[1.427s] -- Up-to-date: /home/weiwei/Desktop/project/ObsAvoidance/install/interface/share/interface/msg/Slam.msg
[1.427s] -- Up-to-date: /home/weiwei/Desktop/project/ObsAvoidance/install/interface/share/ament_index/resource_index/package_run_dependencies/interface
[1.427s] -- Up-to-date: /home/weiwei/Desktop/project/ObsAvoidance/install/interface/share/ament_index/resource_index/parent_prefix_path/interface
[1.427s] -- Up-to-date: /home/weiwei/Desktop/project/ObsAvoidance/install/interface/share/interface/environment/ament_prefix_path.sh
[1.427s] -- Installing: /home/weiwei/Desktop/project/ObsAvoidance/install/interface/share/interface/environment/ament_prefix_path.dsv
[1.427s] -- Up-to-date: /home/weiwei/Desktop/project/ObsAvoidance/install/interface/share/interface/environment/path.sh
[1.427s] -- Installing: /home/weiwei/Desktop/project/ObsAvoidance/install/interface/share/interface/environment/path.dsv
[1.427s] -- Up-to-date: /home/weiwei/Desktop/project/ObsAvoidance/install/interface/share/interface/local_setup.bash
[1.427s] -- Up-to-date: /home/weiwei/Desktop/project/ObsAvoidance/install/interface/share/interface/local_setup.sh
[1.427s] -- Up-to-date: /home/weiwei/Desktop/project/ObsAvoidance/install/interface/share/interface/local_setup.zsh
[1.427s] -- Installing: /home/weiwei/Desktop/project/ObsAvoidance/install/interface/share/interface/local_setup.dsv
[1.427s] -- Installing: /home/weiwei/Desktop/project/ObsAvoidance/install/interface/share/interface/package.dsv
[1.427s] -- Up-to-date: /home/weiwei/Desktop/project/ObsAvoidance/install/interface/share/ament_index/resource_index/packages/interface
[1.428s] -- Up-to-date: /home/weiwei/Desktop/project/ObsAvoidance/install/interface/share/interface/cmake/interface__rosidl_generator_cExport.cmake
[1.428s] -- Installing: /home/weiwei/Desktop/project/ObsAvoidance/install/interface/share/interface/cmake/interface__rosidl_generator_cExport-noconfig.cmake
[1.428s] -- Up-to-date: /home/weiwei/Desktop/project/ObsAvoidance/install/interface/share/interface/cmake/interface__rosidl_typesupport_introspection_cExport.cmake
[1.428s] -- Installing: /home/weiwei/Desktop/project/ObsAvoidance/install/interface/share/interface/cmake/interface__rosidl_typesupport_introspection_cExport-noconfig.cmake
[1.428s] -- Up-to-date: /home/weiwei/Desktop/project/ObsAvoidance/install/interface/share/interface/cmake/interface__rosidl_typesupport_cExport.cmake
[1.428s] -- Installing: /home/weiwei/Desktop/project/ObsAvoidance/install/interface/share/interface/cmake/interface__rosidl_typesupport_cExport-noconfig.cmake
[1.428s] -- Up-to-date: /home/weiwei/Desktop/project/ObsAvoidance/install/interface/share/interface/cmake/interface__rosidl_generator_cppExport.cmake
[1.428s] -- Up-to-date: /home/weiwei/Desktop/project/ObsAvoidance/install/interface/share/interface/cmake/interface__rosidl_typesupport_introspection_cppExport.cmake
[1.428s] -- Installing: /home/weiwei/Desktop/project/ObsAvoidance/install/interface/share/interface/cmake/interface__rosidl_typesupport_introspection_cppExport-noconfig.cmake
[1.428s] -- Up-to-date: /home/weiwei/Desktop/project/ObsAvoidance/install/interface/share/interface/cmake/interface__rosidl_typesupport_cppExport.cmake
[1.428s] -- Installing: /home/weiwei/Desktop/project/ObsAvoidance/install/interface/share/interface/cmake/interface__rosidl_typesupport_cppExport-noconfig.cmake
[1.429s] -- Up-to-date: /home/weiwei/Desktop/project/ObsAvoidance/install/interface/share/interface/cmake/rosidl_cmake-extras.cmake
[1.429s] -- Up-to-date: /home/weiwei/Desktop/project/ObsAvoidance/install/interface/share/interface/cmake/ament_cmake_export_dependencies-extras.cmake
[1.429s] -- Up-to-date: /home/weiwei/Desktop/project/ObsAvoidance/install/interface/share/interface/cmake/ament_cmake_export_libraries-extras.cmake
[1.429s] -- Up-to-date: /home/weiwei/Desktop/project/ObsAvoidance/install/interface/share/interface/cmake/ament_cmake_export_targets-extras.cmake
[1.429s] -- Up-to-date: /home/weiwei/Desktop/project/ObsAvoidance/install/interface/share/interface/cmake/ament_cmake_export_include_directories-extras.cmake
[1.429s] -- Up-to-date: /home/weiwei/Desktop/project/ObsAvoidance/install/interface/share/interface/cmake/rosidl_cmake_export_typesupport_libraries-extras.cmake
[1.429s] -- Up-to-date: /home/weiwei/Desktop/project/ObsAvoidance/install/interface/share/interface/cmake/rosidl_cmake_export_typesupport_targets-extras.cmake
[1.429s] -- Up-to-date: /home/weiwei/Desktop/project/ObsAvoidance/install/interface/share/interface/cmake/interfaceConfig.cmake
[1.429s] -- Up-to-date: /home/weiwei/Desktop/project/ObsAvoidance/install/interface/share/interface/cmake/interfaceConfig-version.cmake
[1.429s] -- Up-to-date: /home/weiwei/Desktop/project/ObsAvoidance/install/interface/share/interface/package.xml
[1.431s] Invoked command in '/home/weiwei/Desktop/project/ObsAvoidance/build/interface' returned '0': CMAKE_PREFIX_PATH=${CMAKE_PREFIX_PATH}:/opt/ros/foxy /usr/bin/cmake --install /home/weiwei/Desktop/project/ObsAvoidance/build/interface
