[0.102s] Invoking command in '/home/weiwei/Desktop/project/ObsAvoidance/build/orbslam': CMAKE_PREFIX_PATH=/home/weiwei/Desktop/project/ObsAvoidance/install/interface:/home/weiwei/Desktop/project/ObsAvoidance/install/orbslam:/home/weiwei/Desktop/project/ObsAvoidance/install/model:/home/weiwei/Desktop/project/ObsAvoidance/install/media:/opt/ros/foxy /usr/bin/cmake --build /home/weiwei/Desktop/project/ObsAvoidance/build/orbslam -- -j16 -l16
[0.118s] -- Found ament_cmake: 0.9.12 (/opt/ros/foxy/share/ament_cmake/cmake)
[0.132s] -- Using PYTHON_EXECUTABLE: /usr/bin/python3
[0.256s] -- Found rclcpp: 2.4.3 (/opt/ros/foxy/share/rclcpp/cmake)
[0.277s] -- Using all available rosidl_typesupport_c: rosidl_typesupport_fastrtps_c;rosidl_typesupport_introspection_c
[0.279s] -- Found rosidl_adapter: 1.3.1 (/opt/ros/foxy/share/rosidl_adapter/cmake)
[0.360s] -- Using all available rosidl_typesupport_cpp: rosidl_typesupport_fastrtps_cpp;rosidl_typesupport_introspection_cpp
[0.390s] -- Found rmw_implementation_cmake: 1.0.4 (/opt/ros/foxy/share/rmw_implementation_cmake/cmake)
[0.391s] -- Using RMW implementation 'rmw_fastrtps_cpp' as default
[0.481s] -- Found sensor_msgs: 2.0.5 (/opt/ros/foxy/share/sensor_msgs/cmake)
[0.552s] -- Found interface: 0.0.0 (/home/weiwei/Desktop/project/ObsAvoidance/install/interface/share/interface/cmake)
[0.621s] -- Found cv_bridge: 3.0.7 (/opt/ros/foxy/share/cv_bridge/cmake)
[0.647s] -- Found pcl_conversions: 2.2.1 (/opt/ros/foxy/share/pcl_conversions/cmake)
[0.752s] -- Found ament_lint_auto: 0.9.8 (/opt/ros/foxy/share/ament_lint_auto/cmake)
[0.831s] -- Added test 'copyright' to check source files copyright and LICENSE
[0.832s] -- Added test 'cppcheck' to perform static code analysis on C / C++ code
[0.832s] -- Configured cppcheck include dirs: 
[0.832s] -- Configured cppcheck exclude dirs and/or files: 
[0.832s] -- Added test 'cpplint' to check C / C++ code against the Google style
[0.832s] -- Configured cpplint exclude dirs and/or files: 
[0.833s] -- Added test 'flake8' to check Python code syntax and style conventions
[0.833s] -- Added test 'lint_cmake' to check CMake code style
[0.833s] -- Added test 'pep257' to check Python code against some of the style conventions in PEP 257
[0.833s] -- Added test 'uncrustify' to check C / C++ code style
[0.833s] -- Configured uncrustify additional arguments: 
[0.834s] -- Added test 'xmllint' to check XML markup files
[0.836s] -- Configuring done
[0.861s] -- Generating done
[0.862s] -- Build files have been written to: /home/weiwei/Desktop/project/ObsAvoidance/build/orbslam
[0.912s] [100%] Built target orbslam
[0.919s] Invoked command in '/home/weiwei/Desktop/project/ObsAvoidance/build/orbslam' returned '0': CMAKE_PREFIX_PATH=/home/weiwei/Desktop/project/ObsAvoidance/install/interface:/home/weiwei/Desktop/project/ObsAvoidance/install/orbslam:/home/weiwei/Desktop/project/ObsAvoidance/install/model:/home/weiwei/Desktop/project/ObsAvoidance/install/media:/opt/ros/foxy /usr/bin/cmake --build /home/weiwei/Desktop/project/ObsAvoidance/build/orbslam -- -j16 -l16
[0.937s] Invoking command in '/home/weiwei/Desktop/project/ObsAvoidance/build/orbslam': CMAKE_PREFIX_PATH=/home/weiwei/Desktop/project/ObsAvoidance/install/interface:/home/weiwei/Desktop/project/ObsAvoidance/install/orbslam:/home/weiwei/Desktop/project/ObsAvoidance/install/model:/home/weiwei/Desktop/project/ObsAvoidance/install/media:/opt/ros/foxy /usr/bin/cmake --install /home/weiwei/Desktop/project/ObsAvoidance/build/orbslam
[0.945s] -- Install configuration: ""
[0.945s] -- Up-to-date: /home/weiwei/Desktop/project/ObsAvoidance/install/orbslam/lib/orbslam/orbslam
[0.945s] -- Up-to-date: /home/weiwei/Desktop/project/ObsAvoidance/install/orbslam/share/orbslam/launch
[0.945s] -- Up-to-date: /home/weiwei/Desktop/project/ObsAvoidance/install/orbslam/share/orbslam/launch/slam.launch.py
[0.945s] -- Up-to-date: /home/weiwei/Desktop/project/ObsAvoidance/install/orbslam/share/ament_index/resource_index/package_run_dependencies/orbslam
[0.946s] -- Up-to-date: /home/weiwei/Desktop/project/ObsAvoidance/install/orbslam/share/ament_index/resource_index/parent_prefix_path/orbslam
[0.946s] -- Up-to-date: /home/weiwei/Desktop/project/ObsAvoidance/install/orbslam/share/orbslam/environment/ament_prefix_path.sh
[0.946s] -- Installing: /home/weiwei/Desktop/project/ObsAvoidance/install/orbslam/share/orbslam/environment/ament_prefix_path.dsv
[0.946s] -- Up-to-date: /home/weiwei/Desktop/project/ObsAvoidance/install/orbslam/share/orbslam/environment/path.sh
[0.946s] -- Installing: /home/weiwei/Desktop/project/ObsAvoidance/install/orbslam/share/orbslam/environment/path.dsv
[0.946s] -- Up-to-date: /home/weiwei/Desktop/project/ObsAvoidance/install/orbslam/share/orbslam/local_setup.bash
[0.946s] -- Up-to-date: /home/weiwei/Desktop/project/ObsAvoidance/install/orbslam/share/orbslam/local_setup.sh
[0.946s] -- Up-to-date: /home/weiwei/Desktop/project/ObsAvoidance/install/orbslam/share/orbslam/local_setup.zsh
[0.946s] -- Installing: /home/weiwei/Desktop/project/ObsAvoidance/install/orbslam/share/orbslam/local_setup.dsv
[0.946s] -- Installing: /home/weiwei/Desktop/project/ObsAvoidance/install/orbslam/share/orbslam/package.dsv
[0.947s] -- Up-to-date: /home/weiwei/Desktop/project/ObsAvoidance/install/orbslam/share/ament_index/resource_index/packages/orbslam
[0.947s] -- Up-to-date: /home/weiwei/Desktop/project/ObsAvoidance/install/orbslam/share/orbslam/cmake/orbslamConfig.cmake
[0.947s] -- Up-to-date: /home/weiwei/Desktop/project/ObsAvoidance/install/orbslam/share/orbslam/cmake/orbslamConfig-version.cmake
[0.947s] -- Up-to-date: /home/weiwei/Desktop/project/ObsAvoidance/install/orbslam/share/orbslam/package.xml
[0.949s] Invoked command in '/home/weiwei/Desktop/project/ObsAvoidance/build/orbslam' returned '0': CMAKE_PREFIX_PATH=/home/weiwei/Desktop/project/ObsAvoidance/install/interface:/home/weiwei/Desktop/project/ObsAvoidance/install/orbslam:/home/weiwei/Desktop/project/ObsAvoidance/install/model:/home/weiwei/Desktop/project/ObsAvoidance/install/media:/opt/ros/foxy /usr/bin/cmake --install /home/weiwei/Desktop/project/ObsAvoidance/build/orbslam
