[0.104s] Invoking command in '/home/weiwei/Desktop/project/ObsAvoidance/build/orbslam': CMAKE_PREFIX_PATH=/home/weiwei/Desktop/project/ObsAvoidance/install/interface:/home/weiwei/Desktop/project/ObsAvoidance/install/orbslam:/home/weiwei/Desktop/project/ObsAvoidance/install/model:/home/weiwei/Desktop/project/ObsAvoidance/install/media:/opt/ros/foxy /usr/bin/cmake --build /home/weiwei/Desktop/project/ObsAvoidance/build/orbslam -- -j16 -l16
[0.154s] [100%] Built target orbslam
[0.161s] Invoked command in '/home/weiwei/Desktop/project/ObsAvoidance/build/orbslam' returned '0': CMAKE_PREFIX_PATH=/home/weiwei/Desktop/project/ObsAvoidance/install/interface:/home/weiwei/Desktop/project/ObsAvoidance/install/orbslam:/home/weiwei/Desktop/project/ObsAvoidance/install/model:/home/weiwei/Desktop/project/ObsAvoidance/install/media:/opt/ros/foxy /usr/bin/cmake --build /home/weiwei/Desktop/project/ObsAvoidance/build/orbslam -- -j16 -l16
[0.179s] Invoking command in '/home/weiwei/Desktop/project/ObsAvoidance/build/orbslam': CMAKE_PREFIX_PATH=/home/weiwei/Desktop/project/ObsAvoidance/install/interface:/home/weiwei/Desktop/project/ObsAvoidance/install/orbslam:/home/weiwei/Desktop/project/ObsAvoidance/install/model:/home/weiwei/Desktop/project/ObsAvoidance/install/media:/opt/ros/foxy /usr/bin/cmake --install /home/weiwei/Desktop/project/ObsAvoidance/build/orbslam
[0.185s] -- Install configuration: ""
[0.185s] -- Up-to-date: /home/weiwei/Desktop/project/ObsAvoidance/install/orbslam/lib/orbslam/orbslam
[0.185s] -- Up-to-date: /home/weiwei/Desktop/project/ObsAvoidance/install/orbslam/share/orbslam/launch
[0.185s] -- Up-to-date: /home/weiwei/Desktop/project/ObsAvoidance/install/orbslam/share/orbslam/launch/slam.launch.py
[0.185s] -- Up-to-date: /home/weiwei/Desktop/project/ObsAvoidance/install/orbslam/share/ament_index/resource_index/package_run_dependencies/orbslam
[0.185s] -- Up-to-date: /home/weiwei/Desktop/project/ObsAvoidance/install/orbslam/share/ament_index/resource_index/parent_prefix_path/orbslam
[0.185s] -- Up-to-date: /home/weiwei/Desktop/project/ObsAvoidance/install/orbslam/share/orbslam/environment/ament_prefix_path.sh
[0.185s] -- Up-to-date: /home/weiwei/Desktop/project/ObsAvoidance/install/orbslam/share/orbslam/environment/ament_prefix_path.dsv
[0.185s] -- Up-to-date: /home/weiwei/Desktop/project/ObsAvoidance/install/orbslam/share/orbslam/environment/path.sh
[0.185s] -- Up-to-date: /home/weiwei/Desktop/project/ObsAvoidance/install/orbslam/share/orbslam/environment/path.dsv
[0.185s] -- Up-to-date: /home/weiwei/Desktop/project/ObsAvoidance/install/orbslam/share/orbslam/local_setup.bash
[0.185s] -- Up-to-date: /home/weiwei/Desktop/project/ObsAvoidance/install/orbslam/share/orbslam/local_setup.sh
[0.185s] -- Up-to-date: /home/weiwei/Desktop/project/ObsAvoidance/install/orbslam/share/orbslam/local_setup.zsh
[0.186s] -- Up-to-date: /home/weiwei/Desktop/project/ObsAvoidance/install/orbslam/share/orbslam/local_setup.dsv
[0.186s] -- Installing: /home/weiwei/Desktop/project/ObsAvoidance/install/orbslam/share/orbslam/package.dsv
[0.186s] -- Up-to-date: /home/weiwei/Desktop/project/ObsAvoidance/install/orbslam/share/ament_index/resource_index/packages/orbslam
[0.186s] -- Up-to-date: /home/weiwei/Desktop/project/ObsAvoidance/install/orbslam/share/orbslam/cmake/orbslamConfig.cmake
[0.186s] -- Up-to-date: /home/weiwei/Desktop/project/ObsAvoidance/install/orbslam/share/orbslam/cmake/orbslamConfig-version.cmake
[0.186s] -- Up-to-date: /home/weiwei/Desktop/project/ObsAvoidance/install/orbslam/share/orbslam/package.xml
[0.187s] Invoked command in '/home/weiwei/Desktop/project/ObsAvoidance/build/orbslam' returned '0': CMAKE_PREFIX_PATH=/home/weiwei/Desktop/project/ObsAvoidance/install/interface:/home/weiwei/Desktop/project/ObsAvoidance/install/orbslam:/home/weiwei/Desktop/project/ObsAvoidance/install/model:/home/weiwei/Desktop/project/ObsAvoidance/install/media:/opt/ros/foxy /usr/bin/cmake --install /home/weiwei/Desktop/project/ObsAvoidance/build/orbslam
