[0.206s] Invoking command in '/home/weiwei/Desktop/project/ObsAvoidance/build/model': CMAKE_PREFIX_PATH=/home/weiwei/Desktop/project/ObsAvoidance/install/interface:/home/weiwei/Desktop/project/ObsAvoidance/install/orbslam:/home/weiwei/Desktop/project/ObsAvoidance/install/model:/home/weiwei/Desktop/project/ObsAvoidance/install/media:/opt/ros/foxy /usr/bin/cmake /home/weiwei/Desktop/project/ObsAvoidance/src/model -DCMAKE_INSTALL_PREFIX=/home/weiwei/Desktop/project/ObsAvoidance/install/model
[0.243s] -- The C compiler identification is GNU 9.4.0
[0.284s] -- The CXX compiler identification is GNU 9.4.0
[0.286s] -- Check for working C compiler: /usr/bin/cc
[0.337s] -- Check for working C compiler: /usr/bin/cc -- works
[0.337s] -- Detecting C compiler ABI info
[0.384s] -- Detecting C compiler ABI info - done
[0.392s] -- Detecting C compile features
[0.392s] -- Detecting C compile features - done
[0.394s] -- Check for working CXX compiler: /usr/bin/c++
[0.447s] -- Check for working CXX compiler: /usr/bin/c++ -- works
[0.447s] -- Detecting CXX compiler ABI info
[0.500s] -- Detecting CXX compiler ABI info - done
[0.508s] -- Detecting CXX compile features
[0.508s] -- Detecting CXX compile features - done
[0.509s] -- Found ament_cmake: 0.9.12 (/opt/ros/foxy/share/ament_cmake/cmake)
[0.527s] -- Found PythonInterp: /usr/bin/python3 (found suitable version "3.8.10", minimum required is "3") 
[0.527s] -- Using PYTHON_EXECUTABLE: /usr/bin/python3
[0.655s] -- Found rclcpp: 2.4.3 (/opt/ros/foxy/share/rclcpp/cmake)
[0.688s] -- Using all available rosidl_typesupport_c: rosidl_typesupport_fastrtps_c;rosidl_typesupport_introspection_c
[0.693s] -- Found rosidl_adapter: 1.3.1 (/opt/ros/foxy/share/rosidl_adapter/cmake)
[0.752s] -- Found OpenSSL: /usr/lib/x86_64-linux-gnu/libcrypto.so (found version "1.1.1f")  
[0.778s] -- Found FastRTPS: /opt/ros/foxy/include  
[0.837s] -- Using all available rosidl_typesupport_cpp: rosidl_typesupport_fastrtps_cpp;rosidl_typesupport_introspection_cpp
[0.876s] -- Found rmw_implementation_cmake: 1.0.4 (/opt/ros/foxy/share/rmw_implementation_cmake/cmake)
[0.877s] -- Using RMW implementation 'rmw_fastrtps_cpp' as default
[0.878s] -- Looking for pthread.h
[0.926s] -- Looking for pthread.h - found
[0.926s] -- Performing Test CMAKE_HAVE_LIBC_PTHREAD
[0.974s] -- Performing Test CMAKE_HAVE_LIBC_PTHREAD - Failed
[0.974s] -- Looking for pthread_create in pthreads
[1.013s] -- Looking for pthread_create in pthreads - not found
[1.013s] -- Looking for pthread_create in pthread
[1.060s] -- Looking for pthread_create in pthread - found
[1.061s] -- Found Threads: TRUE  
[1.161s] -- Found interface: 0.0.0 (/home/weiwei/Desktop/project/ObsAvoidance/install/interface/share/interface/cmake)
[1.321s] -- Found cv_bridge: 3.0.7 (/opt/ros/foxy/share/cv_bridge/cmake)
[1.340s] -- Found pcl_conversions: 2.2.1 (/opt/ros/foxy/share/pcl_conversions/cmake)
[1.453s] -- Found octomap_msgs: 2.0.0 (/opt/ros/foxy/share/octomap_msgs/cmake)
[1.506s] -- Checking for module 'eigen3'
[1.518s] --   Found eigen3, version 3.3.9
[1.544s] -- Found Eigen: /usr/include/eigen3 (Required is at least version "3.1") 
[1.544s] -- Eigen found (include: /usr/include/eigen3, version: 3.3.7)
[1.576s] -- Found Boost: /usr/include (found suitable version "1.71.0", minimum required is "1.55.0") found components: system filesystem date_time iostreams regex 
[1.588s] -- Checking for module 'flann'
[1.602s] --   Found flann, version 1.9.1
[1.633s] -- Found FLANN: /usr/lib/x86_64-linux-gnu/libflann_cpp.so  
[1.668s] -- The imported target "vtkParseOGLExt" references the file
[1.668s]    "/usr/bin/vtkParseOGLExt-7.1"
[1.668s] but this file does not exist.  Possible reasons include:
[1.668s] * The file was deleted, renamed, or moved to another location.
[1.668s] * An install or uninstall procedure did not complete successfully.
[1.668s] * The installation package was faulty and contained
[1.668s]    "/usr/lib/cmake/vtk-7.1/VTKTargets.cmake"
[1.668s] but not all the files it references.
[1.668s] 
[1.669s] -- The imported target "vtkRenderingPythonTkWidgets" references the file
[1.669s]    "/usr/lib/x86_64-linux-gnu/libvtkRenderingPythonTkWidgets.so"
[1.669s] but this file does not exist.  Possible reasons include:
[1.669s] * The file was deleted, renamed, or moved to another location.
[1.669s] * An install or uninstall procedure did not complete successfully.
[1.669s] * The installation package was faulty and contained
[1.669s]    "/usr/lib/cmake/vtk-7.1/VTKTargets.cmake"
[1.669s] but not all the files it references.
[1.669s] 
[1.669s] -- The imported target "vtk" references the file
[1.669s]    "/usr/bin/vtk"
[1.669s] but this file does not exist.  Possible reasons include:
[1.669s] * The file was deleted, renamed, or moved to another location.
[1.669s] * An install or uninstall procedure did not complete successfully.
[1.669s] * The installation package was faulty and contained
[1.669s]    "/usr/lib/cmake/vtk-7.1/VTKTargets.cmake"
[1.669s] but not all the files it references.
[1.669s] 
[1.670s] -- The imported target "pvtk" references the file
[1.670s]    "/usr/bin/pvtk"
[1.670s] but this file does not exist.  Possible reasons include:
[1.670s] * The file was deleted, renamed, or moved to another location.
[1.670s] * An install or uninstall procedure did not complete successfully.
[1.670s] * The installation package was faulty and contained
[1.670s]    "/usr/lib/cmake/vtk-7.1/VTKTargets.cmake"
[1.670s] but not all the files it references.
[1.670s] 
[1.682s] -- Checking for module 'libusb-1.0'
[1.694s] --   Found libusb-1.0, version 1.0.23
[1.726s] -- Found USB_10: /usr/lib/x86_64-linux-gnu/libusb-1.0.so  
[1.770s] -- Found OpenNI: /usr/lib/libOpenNI.so  
[1.770s] -- OpenNI found (include: /usr/include/ni, lib: /usr/lib/libOpenNI.so)
[1.822s] -- Found OpenNI2: /usr/lib/libOpenNI2.so  
[1.822s] -- OpenNI2 found (include: /usr/include/openni2, lib: /usr/lib/libOpenNI2.so)
[1.822s] ** WARNING ** io features related to pcap will be disabled
[1.822s] ** WARNING ** io features related to png will be disabled
[1.831s] -- Found libusb-1.0: /usr/include  
[1.831s] ** WARNING ** io features related to libusb-1.0 will be disabled
[1.836s] -- OpenNI found (include: /usr/include/ni, lib: /usr/lib/libOpenNI.so)
[1.841s] -- OpenNI2 found (include: /usr/include/openni2, lib: /usr/lib/libOpenNI2.so)
[1.862s] -- Found Qhull: optimized;/usr/lib/x86_64-linux-gnu/libqhull.so;debug;/usr/lib/x86_64-linux-gnu/libqhull.so  
[1.862s] -- QHULL found (include: /usr/include, lib: optimized;/usr/lib/x86_64-linux-gnu/libqhull.so;debug;/usr/lib/x86_64-linux-gnu/libqhull.so)
[1.866s] -- OpenNI found (include: /usr/include/ni, lib: /usr/lib/libOpenNI.so)
[1.875s] -- looking for PCL_COMMON
[1.876s] -- Found PCL_COMMON: /usr/lib/x86_64-linux-gnu/libpcl_common.so  
[1.876s] -- looking for PCL_KDTREE
[1.877s] -- Found PCL_KDTREE: /usr/lib/x86_64-linux-gnu/libpcl_kdtree.so  
[1.877s] -- looking for PCL_OCTREE
[1.877s] -- Found PCL_OCTREE: /usr/lib/x86_64-linux-gnu/libpcl_octree.so  
[1.878s] -- looking for PCL_SEARCH
[1.878s] -- Found PCL_SEARCH: /usr/lib/x86_64-linux-gnu/libpcl_search.so  
[1.879s] -- looking for PCL_SAMPLE_CONSENSUS
[1.879s] -- Found PCL_SAMPLE_CONSENSUS: /usr/lib/x86_64-linux-gnu/libpcl_sample_consensus.so  
[1.880s] -- looking for PCL_FILTERS
[1.880s] -- Found PCL_FILTERS: /usr/lib/x86_64-linux-gnu/libpcl_filters.so  
[1.881s] -- looking for PCL_2D
[1.881s] -- Found PCL_2D: /usr/include/pcl-1.10  
[1.881s] -- looking for PCL_GEOMETRY
[1.881s] -- Found PCL_GEOMETRY: /usr/include/pcl-1.10  
[1.881s] -- looking for PCL_IO
[1.882s] -- Found PCL_IO: /usr/lib/x86_64-linux-gnu/libpcl_io.so  
[1.882s] -- looking for PCL_FEATURES
[1.883s] -- Found PCL_FEATURES: /usr/lib/x86_64-linux-gnu/libpcl_features.so  
[1.883s] -- looking for PCL_ML
[1.884s] -- Found PCL_ML: /usr/lib/x86_64-linux-gnu/libpcl_ml.so  
[1.884s] -- looking for PCL_SEGMENTATION
[1.885s] -- Found PCL_SEGMENTATION: /usr/lib/x86_64-linux-gnu/libpcl_segmentation.so  
[1.885s] -- looking for PCL_VISUALIZATION
[1.886s] -- Found PCL_VISUALIZATION: /usr/lib/x86_64-linux-gnu/libpcl_visualization.so  
[1.886s] -- looking for PCL_SURFACE
[1.887s] -- Found PCL_SURFACE: /usr/lib/x86_64-linux-gnu/libpcl_surface.so  
[1.887s] -- looking for PCL_REGISTRATION
[1.888s] -- Found PCL_REGISTRATION: /usr/lib/x86_64-linux-gnu/libpcl_registration.so  
[1.888s] -- looking for PCL_KEYPOINTS
[1.889s] -- Found PCL_KEYPOINTS: /usr/lib/x86_64-linux-gnu/libpcl_keypoints.so  
[1.889s] -- looking for PCL_TRACKING
[1.890s] -- Found PCL_TRACKING: /usr/lib/x86_64-linux-gnu/libpcl_tracking.so  
[1.890s] -- looking for PCL_RECOGNITION
[1.891s] -- Found PCL_RECOGNITION: /usr/lib/x86_64-linux-gnu/libpcl_recognition.so  
[1.892s] -- looking for PCL_STEREO
[1.892s] -- Found PCL_STEREO: /usr/lib/x86_64-linux-gnu/libpcl_stereo.so  
[1.893s] -- looking for PCL_APPS
[1.893s] -- Found PCL_APPS: /usr/lib/x86_64-linux-gnu/libpcl_apps.so  
[1.894s] -- looking for PCL_IN_HAND_SCANNER
[1.894s] -- Found PCL_IN_HAND_SCANNER: /usr/include/pcl-1.10  
[1.894s] -- looking for PCL_POINT_CLOUD_EDITOR
[1.895s] -- Found PCL_POINT_CLOUD_EDITOR: /usr/include/pcl-1.10  
[1.895s] -- looking for PCL_OUTOFCORE
[1.896s] -- Found PCL_OUTOFCORE: /usr/lib/x86_64-linux-gnu/libpcl_outofcore.so  
[1.896s] -- looking for PCL_PEOPLE
[1.897s] -- Found PCL_PEOPLE: /usr/lib/x86_64-linux-gnu/libpcl_people.so  
[1.898s] -- Found PCL: pcl_common;pcl_kdtree;pcl_octree;pcl_search;pcl_sample_consensus;pcl_filters;pcl_io;pcl_features;pcl_ml;pcl_segmentation;pcl_visualization;pcl_surface;pcl_registration;pcl_keypoints;pcl_tracking;pcl_recognition;pcl_stereo;pcl_apps;pcl_outofcore;pcl_people;/usr/lib/x86_64-linux-gnu/libboost_system.so;/usr/lib/x86_64-linux-gnu/libboost_filesystem.so;/usr/lib/x86_64-linux-gnu/libboost_date_time.so;/usr/lib/x86_64-linux-gnu/libboost_iostreams.so;/usr/lib/x86_64-linux-gnu/libboost_regex.so;optimized;/usr/lib/x86_64-linux-gnu/libqhull.so;debug;/usr/lib/x86_64-linux-gnu/libqhull.so;/usr/lib/libOpenNI.so;/usr/lib/libOpenNI2.so;vtkChartsCore;vtkCommonColor;vtkCommonCore;vtksys;vtkCommonDataModel;vtkCommonMath;vtkCommonMisc;vtkCommonSystem;vtkCommonTransforms;vtkCommonExecutionModel;vtkFiltersGeneral;vtkCommonComputationalGeometry;vtkFiltersCore;vtkInfovisCore;vtkFiltersExtraction;vtkFiltersStatistics;vtkImagingFourier;vtkImagingCore;vtkalglib;vtkRenderingContext2D;vtkRenderingCore;vtkFiltersGeometry;vtkFiltersSources;vtkRenderingFreeType;/usr/lib/x86_64-linux-gnu/libfreetype.so;/usr/lib/x86_64-linux-gnu/libz.so;vtkFiltersModeling;vtkImagingSources;vtkInteractionStyle;vtkInteractionWidgets;vtkFiltersHybrid;vtkImagingColor;vtkImagingGeneral;vtkImagingHybrid;vtkIOImage;vtkDICOMParser;vtkmetaio;/usr/lib/x86_64-linux-gnu/libjpeg.so;/usr/lib/x86_64-linux-gnu/libpng.so;/usr/lib/x86_64-linux-gnu/libtiff.so;vtkRenderingAnnotation;vtkRenderingVolume;vtkIOXML;vtkIOCore;vtkIOXMLParser;/usr/lib/x86_64-linux-gnu/libexpat.so;vtkIOGeometry;vtkIOLegacy;vtkIOPLY;vtkRenderingLOD;vtkViewsContext2D;vtkViewsCore;vtkRenderingContextOpenGL2;vtkRenderingOpenGL2;FLANN::FLANN  
[1.902s] -- Found OpenCV: /usr (found version "4.2.0") 
[2.102s] -- Found BLAS: /usr/lib/x86_64-linux-gnu/libblas.so  
[2.216s] -- Found AMD headers in: /usr/include/suitesparse
[2.217s] -- Found AMD library: /usr/lib/x86_64-linux-gnu/libamd.so
[2.218s] -- Found CAMD headers in: /usr/include/suitesparse
[2.219s] -- Found CAMD library: /usr/lib/x86_64-linux-gnu/libcamd.so
[2.219s] -- Found CCOLAMD headers in: /usr/include/suitesparse
[2.220s] -- Found CCOLAMD library: /usr/lib/x86_64-linux-gnu/libccolamd.so
[2.221s] -- Found CHOLMOD headers in: /usr/include/suitesparse
[2.222s] -- Found CHOLMOD library: /usr/lib/x86_64-linux-gnu/libcholmod.so
[2.222s] -- Found COLAMD headers in: /usr/include/suitesparse
[2.223s] -- Found COLAMD library: /usr/lib/x86_64-linux-gnu/libcolamd.so
[2.224s] -- Found SPQR headers in: /usr/include/suitesparse
[2.225s] -- Found SPQR library: /usr/lib/x86_64-linux-gnu/libspqr.so
[2.225s] -- Found Config headers in: /usr/include/suitesparse
[2.225s] -- Found Config library: /usr/lib/x86_64-linux-gnu/libsuitesparseconfig.so
[2.227s] -- Found Intel Thread Building Blocks (TBB) library (2020.1 / 11101) include location: . Assuming SuiteSparseQR was compiled with TBB.
[2.227s] -- Looking for shm_open in rt
[2.274s] -- Looking for shm_open in rt - found
[2.274s] -- Adding librt to SuiteSparse_config libraries (required on Linux & Unix [not OSX] if SuiteSparse is compiled with timing).
[2.278s] -- Could NOT find METIS (missing: METIS_INCLUDE_DIR METIS_LIBRARY) 
[2.279s] -- Found SuiteSparse: /usr/include/suitesparse (found suitable version "5.7.1", minimum required is "5.7.1") found components: AMD CAMD CCOLAMD CHOLMOD COLAMD SPQR Config 
[2.281s] -- Found required Ceres dependency: Eigen version 3.3.9 in /usr/local/share/eigen3/cmake
[2.282s] -- Found required Ceres dependency: glog
[2.285s] -- Found required Ceres dependency: gflags
[2.286s] -- Found Ceres version: 2.2.0 installed in: /usr/local with components: [EigenSparse, SparseLinearAlgebraLibrary, LAPACK, SuiteSparse, SchurSpecializations]
[2.287s] -- Found ament_lint_auto: 0.9.8 (/opt/ros/foxy/share/ament_lint_auto/cmake)
[2.374s] -- Added test 'copyright' to check source files copyright and LICENSE
[2.374s] -- Added test 'cppcheck' to perform static code analysis on C / C++ code
[2.375s] -- Configured cppcheck include dirs: 
[2.375s] -- Configured cppcheck exclude dirs and/or files: 
[2.375s] -- Added test 'cpplint' to check C / C++ code against the Google style
[2.375s] -- Configured cpplint exclude dirs and/or files: 
[2.376s] -- Added test 'lint_cmake' to check CMake code style
[2.376s] -- Added test 'uncrustify' to check C / C++ code style
[2.376s] -- Configured uncrustify additional arguments: 
[2.377s] -- Added test 'xmllint' to check XML markup files
[2.379s] -- Configuring done
[2.424s] -- Generating done
[2.425s] -- Build files have been written to: /home/weiwei/Desktop/project/ObsAvoidance/build/model
[2.436s] Invoked command in '/home/weiwei/Desktop/project/ObsAvoidance/build/model' returned '0': CMAKE_PREFIX_PATH=/home/weiwei/Desktop/project/ObsAvoidance/install/interface:/home/weiwei/Desktop/project/ObsAvoidance/install/orbslam:/home/weiwei/Desktop/project/ObsAvoidance/install/model:/home/weiwei/Desktop/project/ObsAvoidance/install/media:/opt/ros/foxy /usr/bin/cmake /home/weiwei/Desktop/project/ObsAvoidance/src/model -DCMAKE_INSTALL_PREFIX=/home/weiwei/Desktop/project/ObsAvoidance/install/model
[2.439s] Invoking command in '/home/weiwei/Desktop/project/ObsAvoidance/build/model': CMAKE_PREFIX_PATH=/home/weiwei/Desktop/project/ObsAvoidance/install/interface:/home/weiwei/Desktop/project/ObsAvoidance/install/orbslam:/home/weiwei/Desktop/project/ObsAvoidance/install/model:/home/weiwei/Desktop/project/ObsAvoidance/install/media:/opt/ros/foxy /usr/bin/cmake --build /home/weiwei/Desktop/project/ObsAvoidance/build/model -- -j16 -l16
[2.470s] [35m[1mScanning dependencies of target model[0m
[2.549s] [ 50%] [32mBuilding CXX object CMakeFiles/model.dir/src/main.cpp.o[0m
[8.146s] [01m[K/home/weiwei/Desktop/project/ObsAvoidance/src/model/src/main.cpp:[m[K In member function ‘[01m[Kvoid ModelNode::getBlueContour()[m[K’:
[8.146s] [01m[K/home/weiwei/Desktop/project/ObsAvoidance/src/model/src/main.cpp:364:75:[m[K [01;35m[Kwarning: [m[Kthe address of ‘[01m[Kint close(int)[m[K’ will never be NULL [[01;35m[K-Waddress[m[K]
[8.146s]   364 |                 double length = cv::arcLength(temp_contours_blue[i], close[01;35m[K)[m[K;
[8.146s]       |                                                                           [01;35m[K^[m[K
[8.157s] [01m[K/home/weiwei/Desktop/project/ObsAvoidance/src/model/src/main.cpp:[m[K In member function ‘[01m[Kvoid ModelNode::invProjAndSel()[m[K’:
[8.157s] [01m[K/home/weiwei/Desktop/project/ObsAvoidance/src/model/src/main.cpp:513:23:[m[K [01;35m[Kwarning: [m[Kcomparison of integer expressions of different signedness: ‘[01m[Kint[m[K’ and ‘[01m[Kstd::vector<int>::size_type[m[K’ {aka ‘[01m[Klong unsigned int[m[K’} [[01;35m[K-Wsign-compare[m[K]
[8.157s]   513 |         for(int i=0; [01;35m[Ki<indexPointCloudBlue.size()[m[K;i++)
[8.157s]       |                      [01;35m[K~^~~~~~~~~~~~~~~~~~~~~~~~~~~[m[K
[8.158s] [01m[K/home/weiwei/Desktop/project/ObsAvoidance/src/model/src/main.cpp:517:23:[m[K [01;35m[Kwarning: [m[Kcomparison of integer expressions of different signedness: ‘[01m[Kint[m[K’ and ‘[01m[Kstd::vector<int>::size_type[m[K’ {aka ‘[01m[Klong unsigned int[m[K’} [[01;35m[K-Wsign-compare[m[K]
[8.158s]   517 |         for(int i=0; [01;35m[Ki<indexPointCloudGreen.size()[m[K;i++)
[8.158s]       |                      [01;35m[K~^~~~~~~~~~~~~~~~~~~~~~~~~~~~[m[K
[8.158s] [01m[K/home/weiwei/Desktop/project/ObsAvoidance/src/model/src/main.cpp:521:23:[m[K [01;35m[Kwarning: [m[Kcomparison of integer expressions of different signedness: ‘[01m[Kint[m[K’ and ‘[01m[Kstd::vector<int>::size_type[m[K’ {aka ‘[01m[Klong unsigned int[m[K’} [[01;35m[K-Wsign-compare[m[K]
[8.158s]   521 |         for(int i=0; [01;35m[Ki<indexPointCloudRed.size()[m[K;i++)
[8.158s]       |                      [01;35m[K~^~~~~~~~~~~~~~~~~~~~~~~~~~[m[K
[8.187s] [01m[K/home/weiwei/Desktop/project/ObsAvoidance/src/model/src/main.cpp:[m[K In member function ‘[01m[Kvoid ModelNode::updateObstacle(std::vector<pcl::PointCloud<pcl::PointXYZ> >&, pcl::PointCloud<pcl::PointXYZ>&)[m[K’:
[8.187s] [01m[K/home/weiwei/Desktop/project/ObsAvoidance/src/model/src/main.cpp:643:33:[m[K [01;35m[Kwarning: [m[Kcomparison of integer expressions of different signedness: ‘[01m[Kstd::vector<pcl::PointCloud<pcl::PointXYZ> >::size_type[m[K’ {aka ‘[01m[Klong unsigned int[m[K’} and ‘[01m[Kint[m[K’ [[01;35m[K-Wsign-compare[m[K]
[8.187s]   643 |         if ([01;35m[KobstacleList.size() > maxLengthPointCloudList[m[K) {
[8.187s]       |             [01;35m[K~~~~~~~~~~~~~~~~~~~~^~~~~~~~~~~~~~~~~~~~~~~~~[m[K
[8.188s] [01m[K/home/weiwei/Desktop/project/ObsAvoidance/src/model/src/main.cpp:[m[K In member function ‘[01m[Kvoid ModelNode::optimizeParam(int, std::vector<Eigen::Matrix<double, 4, 1> >&, Eigen::Vector3d&, bool&, int)[m[K’:
[8.188s] [01m[K/home/weiwei/Desktop/project/ObsAvoidance/src/model/src/main.cpp:672:30:[m[K [01;35m[Kwarning: [m[Kcomparison of integer expressions of different signedness: ‘[01m[Kstd::vector<Eigen::Matrix<double, 4, 1> >::size_type[m[K’ {aka ‘[01m[Klong unsigned int[m[K’} and ‘[01m[Kint[m[K’ [[01;35m[K-Wsign-compare[m[K]
[8.189s]   672 |         if ([01;35m[KparamList.size() == threshToOpt[m[K) {
[8.189s]       |             [01;35m[K~~~~~~~~~~~~~~~~~^~~~~~~~~~~~~~[m[K
[8.196s] [01m[K/home/weiwei/Desktop/project/ObsAvoidance/src/model/src/main.cpp:697:30:[m[K [01;35m[Kwarning: [m[Kcomparison of integer expressions of different signedness: ‘[01m[Kint[m[K’ and ‘[01m[Kstd::vector<Eigen::Matrix<double, 4, 1> >::size_type[m[K’ {aka ‘[01m[Klong unsigned int[m[K’} [[01;35m[K-Wsign-compare[m[K]
[8.196s]   697 |                 for(int n=0;[01;35m[Kn<paramList.size()[m[K;n++) {
[8.197s]       |                             [01;35m[K~^~~~~~~~~~~~~~~~~[m[K
[8.198s] [01m[K/home/weiwei/Desktop/project/ObsAvoidance/src/model/src/main.cpp:[m[K In member function ‘[01m[Kvoid ModelNode::octoTreeCurPub()[m[K’:
[8.198s] [01m[K/home/weiwei/Desktop/project/ObsAvoidance/src/model/src/main.cpp:720:23:[m[K [01;35m[Kwarning: [m[Kcomparison of integer expressions of different signedness: ‘[01m[Kint[m[K’ and ‘[01m[Kstd::vector<pcl::PointCloud<pcl::PointXYZ> >::size_type[m[K’ {aka ‘[01m[Klong unsigned int[m[K’} [[01;35m[K-Wsign-compare[m[K]
[8.199s]   720 |         for (int i=0;[01;35m[Ki<obstacleBlueList.size()[m[K;i++) {
[8.199s]       |                      [01;35m[K~^~~~~~~~~~~~~~~~~~~~~~~~[m[K
[8.199s] [01m[K/home/weiwei/Desktop/project/ObsAvoidance/src/model/src/main.cpp:724:23:[m[K [01;35m[Kwarning: [m[Kcomparison of integer expressions of different signedness: ‘[01m[Kint[m[K’ and ‘[01m[Kstd::vector<pcl::PointCloud<pcl::PointXYZ> >::size_type[m[K’ {aka ‘[01m[Klong unsigned int[m[K’} [[01;35m[K-Wsign-compare[m[K]
[8.199s]   724 |         for (int i=0;[01;35m[Ki<obstacleGreenList.size()[m[K;i++) {
[8.199s]       |                      [01;35m[K~^~~~~~~~~~~~~~~~~~~~~~~~~[m[K
[8.199s] [01m[K/home/weiwei/Desktop/project/ObsAvoidance/src/model/src/main.cpp:728:23:[m[K [01;35m[Kwarning: [m[Kcomparison of integer expressions of different signedness: ‘[01m[Kint[m[K’ and ‘[01m[Kstd::vector<pcl::PointCloud<pcl::PointXYZ> >::size_type[m[K’ {aka ‘[01m[Klong unsigned int[m[K’} [[01;35m[K-Wsign-compare[m[K]
[8.199s]   728 |         for (int i=0;[01;35m[Ki<obstacleRedList.size()[m[K;i++) {
[8.199s]       |                      [01;35m[K~^~~~~~~~~~~~~~~~~~~~~~~[m[K
[8.206s] [01m[K/home/weiwei/Desktop/project/ObsAvoidance/src/model/src/main.cpp:[m[K In member function ‘[01m[Kvoid ModelNode::Model()[m[K’:
[8.207s] [01m[K/home/weiwei/Desktop/project/ObsAvoidance/src/model/src/main.cpp:768:46:[m[K [01;35m[Kwarning: [m[Kcomparison of integer expressions of different signedness: ‘[01m[Kstd::size_t[m[K’ {aka ‘[01m[Klong unsigned int[m[K’} and ‘[01m[Kint[m[K’ [[01;35m[K-Wsign-compare[m[K]
[8.207s]   768 |         if ([01;35m[KpointCloudInCamFrame_blue.size() > minNumBlueKeyPoint[m[K) {
[8.207s]       |             [01;35m[K~~~~~~~~~~~~~~~~~~~~~~~~~~~~~~~~~^~~~~~~~~~~~~~~~~~~~[m[K
[8.207s] [01m[K/home/weiwei/Desktop/project/ObsAvoidance/src/model/src/main.cpp:775:46:[m[K [01;35m[Kwarning: [m[Kcomparison of integer expressions of different signedness: ‘[01m[Kstd::size_t[m[K’ {aka ‘[01m[Klong unsigned int[m[K’} and ‘[01m[Kint[m[K’ [[01;35m[K-Wsign-compare[m[K]
[8.207s]   775 |         if([01;35m[KpointCloudInCamFrame_green.size() > minNumGreenKeyPoint[m[K){
[8.207s]       |            [01;35m[K~~~~~~~~~~~~~~~~~~~~~~~~~~~~~~~~~~^~~~~~~~~~~~~~~~~~~~~[m[K
[8.207s] [01m[K/home/weiwei/Desktop/project/ObsAvoidance/src/model/src/main.cpp:781:45:[m[K [01;35m[Kwarning: [m[Kcomparison of integer expressions of different signedness: ‘[01m[Kstd::size_t[m[K’ {aka ‘[01m[Klong unsigned int[m[K’} and ‘[01m[Kint[m[K’ [[01;35m[K-Wsign-compare[m[K]
[8.207s]   781 |         if ([01;35m[KpointCloudInCamFrame_red.size() > minNumRedKeyPoint[m[K){
[8.207s]       |             [01;35m[K~~~~~~~~~~~~~~~~~~~~~~~~~~~~~~~~^~~~~~~~~~~~~~~~~~~[m[K
[18.139s] [100%] [32m[1mLinking CXX executable model[0m
[19.920s] [100%] Built target model
[19.928s] Invoked command in '/home/weiwei/Desktop/project/ObsAvoidance/build/model' returned '0': CMAKE_PREFIX_PATH=/home/weiwei/Desktop/project/ObsAvoidance/install/interface:/home/weiwei/Desktop/project/ObsAvoidance/install/orbslam:/home/weiwei/Desktop/project/ObsAvoidance/install/model:/home/weiwei/Desktop/project/ObsAvoidance/install/media:/opt/ros/foxy /usr/bin/cmake --build /home/weiwei/Desktop/project/ObsAvoidance/build/model -- -j16 -l16
[19.946s] Invoking command in '/home/weiwei/Desktop/project/ObsAvoidance/build/model': CMAKE_PREFIX_PATH=/home/weiwei/Desktop/project/ObsAvoidance/install/interface:/home/weiwei/Desktop/project/ObsAvoidance/install/orbslam:/home/weiwei/Desktop/project/ObsAvoidance/install/model:/home/weiwei/Desktop/project/ObsAvoidance/install/media:/opt/ros/foxy /usr/bin/cmake --install /home/weiwei/Desktop/project/ObsAvoidance/build/model
[19.952s] -- Install configuration: ""
[19.952s] -- Installing: /home/weiwei/Desktop/project/ObsAvoidance/install/model/lib/model/model
[19.958s] -- Set runtime path of "/home/weiwei/Desktop/project/ObsAvoidance/install/model/lib/model/model" to ""
[19.958s] -- Installing: /home/weiwei/Desktop/project/ObsAvoidance/install/model/share/ament_index/resource_index/package_run_dependencies/model
[19.959s] -- Installing: /home/weiwei/Desktop/project/ObsAvoidance/install/model/share/ament_index/resource_index/parent_prefix_path/model
[19.959s] -- Installing: /home/weiwei/Desktop/project/ObsAvoidance/install/model/share/model/environment/ament_prefix_path.sh
[19.959s] -- Installing: /home/weiwei/Desktop/project/ObsAvoidance/install/model/share/model/environment/ament_prefix_path.dsv
[19.959s] -- Installing: /home/weiwei/Desktop/project/ObsAvoidance/install/model/share/model/environment/path.sh
[19.959s] -- Installing: /home/weiwei/Desktop/project/ObsAvoidance/install/model/share/model/environment/path.dsv
[19.959s] -- Installing: /home/weiwei/Desktop/project/ObsAvoidance/install/model/share/model/local_setup.bash
[19.959s] -- Installing: /home/weiwei/Desktop/project/ObsAvoidance/install/model/share/model/local_setup.sh
[19.959s] -- Installing: /home/weiwei/Desktop/project/ObsAvoidance/install/model/share/model/local_setup.zsh
[19.959s] -- Installing: /home/weiwei/Desktop/project/ObsAvoidance/install/model/share/model/local_setup.dsv
[19.959s] -- Installing: /home/weiwei/Desktop/project/ObsAvoidance/install/model/share/model/package.dsv
[19.959s] -- Installing: /home/weiwei/Desktop/project/ObsAvoidance/install/model/share/ament_index/resource_index/packages/model
[19.959s] -- Installing: /home/weiwei/Desktop/project/ObsAvoidance/install/model/share/model/cmake/modelConfig.cmake
[19.959s] -- Installing: /home/weiwei/Desktop/project/ObsAvoidance/install/model/share/model/cmake/modelConfig-version.cmake
[19.959s] -- Installing: /home/weiwei/Desktop/project/ObsAvoidance/install/model/share/model/package.xml
[19.961s] Invoked command in '/home/weiwei/Desktop/project/ObsAvoidance/build/model' returned '0': CMAKE_PREFIX_PATH=/home/weiwei/Desktop/project/ObsAvoidance/install/interface:/home/weiwei/Desktop/project/ObsAvoidance/install/orbslam:/home/weiwei/Desktop/project/ObsAvoidance/install/model:/home/weiwei/Desktop/project/ObsAvoidance/install/media:/opt/ros/foxy /usr/bin/cmake --install /home/weiwei/Desktop/project/ObsAvoidance/build/model
