Performing C SOURCE FILE Test CMAKE_HAVE_LIBC_PTHREAD failed with the following output:
Change Dir: /home/weiwei/Desktop/project/ObsAvoidance/build/model3/CMakeFiles/CMakeTmp

Run Build Command(s):/usr/bin/make cmTC_64a68/fast && /usr/bin/make -f CMakeFiles/cmTC_64a68.dir/build.make CMakeFiles/cmTC_64a68.dir/build
make[1]: 进入目录“/home/weiwei/Desktop/project/ObsAvoidance/build/model3/CMakeFiles/CMakeTmp”
Building C object CMakeFiles/cmTC_64a68.dir/src.c.o
/usr/bin/cc   -DCMAKE_HAVE_LIBC_PTHREAD   -o CMakeFiles/cmTC_64a68.dir/src.c.o   -c /home/weiwei/Desktop/project/ObsAvoidance/build/model3/CMakeFiles/CMakeTmp/src.c
Linking C executable cmTC_64a68
/usr/bin/cmake -E cmake_link_script CMakeFiles/cmTC_64a68.dir/link.txt --verbose=1
/usr/bin/cc  -DCMAKE_HAVE_LIBC_PTHREAD    CMakeFiles/cmTC_64a68.dir/src.c.o  -o cmTC_64a68 
/usr/bin/ld: CMakeFiles/cmTC_64a68.dir/src.c.o: in function `main':
src.c:(.text+0x46): undefined reference to `pthread_create'
/usr/bin/ld: src.c:(.text+0x52): undefined reference to `pthread_detach'
/usr/bin/ld: src.c:(.text+0x63): undefined reference to `pthread_join'
collect2: error: ld returned 1 exit status
make[1]: *** [CMakeFiles/cmTC_64a68.dir/build.make:87：cmTC_64a68] 错误 1
make[1]: 离开目录“/home/weiwei/Desktop/project/ObsAvoidance/build/model3/CMakeFiles/CMakeTmp”
make: *** [Makefile:121：cmTC_64a68/fast] 错误 2


Source file was:
#include <pthread.h>

void* test_func(void* data)
{
  return data;
}

int main(void)
{
  pthread_t thread;
  pthread_create(&thread, NULL, test_func, NULL);
  pthread_detach(thread);
  pthread_join(thread, NULL);
  pthread_atfork(NULL, NULL, NULL);
  pthread_exit(NULL);

  return 0;
}

Determining if the function pthread_create exists in the pthreads failed with the following output:
Change Dir: /home/weiwei/Desktop/project/ObsAvoidance/build/model3/CMakeFiles/CMakeTmp

Run Build Command(s):/usr/bin/make cmTC_cc888/fast && /usr/bin/make -f CMakeFiles/cmTC_cc888.dir/build.make CMakeFiles/cmTC_cc888.dir/build
make[1]: 进入目录“/home/weiwei/Desktop/project/ObsAvoidance/build/model3/CMakeFiles/CMakeTmp”
Building C object CMakeFiles/cmTC_cc888.dir/CheckFunctionExists.c.o
/usr/bin/cc   -DCHECK_FUNCTION_EXISTS=pthread_create   -o CMakeFiles/cmTC_cc888.dir/CheckFunctionExists.c.o   -c /usr/share/cmake-3.16/Modules/CheckFunctionExists.c
Linking C executable cmTC_cc888
/usr/bin/cmake -E cmake_link_script CMakeFiles/cmTC_cc888.dir/link.txt --verbose=1
/usr/bin/cc  -DCHECK_FUNCTION_EXISTS=pthread_create    CMakeFiles/cmTC_cc888.dir/CheckFunctionExists.c.o  -o cmTC_cc888  -lpthreads 
/usr/bin/ld: 找不到 -lpthreads
collect2: error: ld returned 1 exit status
make[1]: *** [CMakeFiles/cmTC_cc888.dir/build.make:87：cmTC_cc888] 错误 1
make[1]: 离开目录“/home/weiwei/Desktop/project/ObsAvoidance/build/model3/CMakeFiles/CMakeTmp”
make: *** [Makefile:121：cmTC_cc888/fast] 错误 2



Determining if the function sgemm_ exists failed with the following output:
Change Dir: /home/weiwei/Desktop/project/ObsAvoidance/build/model3/CMakeFiles/CMakeTmp

Run Build Command(s):/usr/bin/make cmTC_07611/fast && /usr/bin/make -f CMakeFiles/cmTC_07611.dir/build.make CMakeFiles/cmTC_07611.dir/build
make[1]: 进入目录“/home/weiwei/Desktop/project/ObsAvoidance/build/model3/CMakeFiles/CMakeTmp”
Building C object CMakeFiles/cmTC_07611.dir/CheckFunctionExists.c.o
/usr/bin/cc   -DCHECK_FUNCTION_EXISTS=sgemm_   -o CMakeFiles/cmTC_07611.dir/CheckFunctionExists.c.o   -c /usr/share/cmake-3.16/Modules/CheckFunctionExists.c
Linking C executable cmTC_07611
/usr/bin/cmake -E cmake_link_script CMakeFiles/cmTC_07611.dir/link.txt --verbose=1
/usr/bin/cc   -DCHECK_FUNCTION_EXISTS=sgemm_     CMakeFiles/cmTC_07611.dir/CheckFunctionExists.c.o  -o cmTC_07611 
/usr/bin/ld: CMakeFiles/cmTC_07611.dir/CheckFunctionExists.c.o: in function `main':
CheckFunctionExists.c:(.text+0x14): undefined reference to `sgemm_'
collect2: error: ld returned 1 exit status
make[1]: *** [CMakeFiles/cmTC_07611.dir/build.make:87：cmTC_07611] 错误 1
make[1]: 离开目录“/home/weiwei/Desktop/project/ObsAvoidance/build/model3/CMakeFiles/CMakeTmp”
make: *** [Makefile:121：cmTC_07611/fast] 错误 2



Determining if the function cheev_ exists failed with the following output:
Change Dir: /home/weiwei/Desktop/project/ObsAvoidance/build/model3/CMakeFiles/CMakeTmp

Run Build Command(s):/usr/bin/make cmTC_ab92f/fast && /usr/bin/make -f CMakeFiles/cmTC_ab92f.dir/build.make CMakeFiles/cmTC_ab92f.dir/build
make[1]: 进入目录“/home/weiwei/Desktop/project/ObsAvoidance/build/model3/CMakeFiles/CMakeTmp”
Building C object CMakeFiles/cmTC_ab92f.dir/CheckFunctionExists.c.o
/usr/bin/cc   -DCHECK_FUNCTION_EXISTS=cheev_   -o CMakeFiles/cmTC_ab92f.dir/CheckFunctionExists.c.o   -c /usr/share/cmake-3.16/Modules/CheckFunctionExists.c
Linking C executable cmTC_ab92f
/usr/bin/cmake -E cmake_link_script CMakeFiles/cmTC_ab92f.dir/link.txt --verbose=1
/usr/bin/cc   -DCHECK_FUNCTION_EXISTS=cheev_     CMakeFiles/cmTC_ab92f.dir/CheckFunctionExists.c.o  -o cmTC_ab92f  /usr/lib/x86_64-linux-gnu/libblas.so 
/usr/bin/ld: CMakeFiles/cmTC_ab92f.dir/CheckFunctionExists.c.o: in function `main':
CheckFunctionExists.c:(.text+0x14): undefined reference to `cheev_'
collect2: error: ld returned 1 exit status
make[1]: *** [CMakeFiles/cmTC_ab92f.dir/build.make:88：cmTC_ab92f] 错误 1
make[1]: 离开目录“/home/weiwei/Desktop/project/ObsAvoidance/build/model3/CMakeFiles/CMakeTmp”
make: *** [Makefile:121：cmTC_ab92f/fast] 错误 2



