[0.191s] Invoking command in '/home/weiwei/Desktop/project/ObsAvoidance/build/model': CMAKE_PREFIX_PATH=/home/weiwei/Desktop/project/ObsAvoidance/install/interface:/home/weiwei/Desktop/project/ObsAvoidance/install/orbslam:/home/weiwei/Desktop/project/ObsAvoidance/install/model:/home/weiwei/Desktop/project/ObsAvoidance/install/media:/opt/ros/foxy /usr/bin/cmake --build /home/weiwei/Desktop/project/ObsAvoidance/build/model -- -j16 -l16
[0.207s] -- Found ament_cmake: 0.9.12 (/opt/ros/foxy/share/ament_cmake/cmake)
[0.221s] -- Using PYTHON_EXECUTABLE: /usr/bin/python3
[0.331s] -- Found rclcpp: 2.4.3 (/opt/ros/foxy/share/rclcpp/cmake)
[0.354s] -- Using all available rosidl_typesupport_c: rosidl_typesupport_fastrtps_c;rosidl_typesupport_introspection_c
[0.356s] -- Found rosidl_adapter: 1.3.1 (/opt/ros/foxy/share/rosidl_adapter/cmake)
[0.453s] -- Using all available rosidl_typesupport_cpp: rosidl_typesupport_fastrtps_cpp;rosidl_typesupport_introspection_cpp
[0.483s] -- Found rmw_implementation_cmake: 1.0.4 (/opt/ros/foxy/share/rmw_implementation_cmake/cmake)
[0.484s] -- Using RMW implementation 'rmw_fastrtps_cpp' as default
[0.573s] -- Found interface: 0.0.0 (/home/weiwei/Desktop/project/ObsAvoidance/install/interface/share/interface/cmake)
[0.724s] -- Found cv_bridge: 3.0.7 (/opt/ros/foxy/share/cv_bridge/cmake)
[0.741s] -- Found pcl_conversions: 2.2.1 (/opt/ros/foxy/share/pcl_conversions/cmake)
[0.851s] -- Found octomap_msgs: 2.0.0 (/opt/ros/foxy/share/octomap_msgs/cmake)
[0.901s] -- Eigen found (include: /usr/include/eigen3, version: 3.3.7)
[0.962s] -- The imported target "vtkParseOGLExt" references the file
[0.962s]    "/usr/bin/vtkParseOGLExt-7.1"
[0.962s] but this file does not exist.  Possible reasons include:
[0.962s] * The file was deleted, renamed, or moved to another location.
[0.962s] * An install or uninstall procedure did not complete successfully.
[0.962s] * The installation package was faulty and contained
[0.962s]    "/usr/lib/cmake/vtk-7.1/VTKTargets.cmake"
[0.962s] but not all the files it references.
[0.962s] 
[0.963s] -- The imported target "vtkRenderingPythonTkWidgets" references the file
[0.963s]    "/usr/lib/x86_64-linux-gnu/libvtkRenderingPythonTkWidgets.so"
[0.963s] but this file does not exist.  Possible reasons include:
[0.963s] * The file was deleted, renamed, or moved to another location.
[0.963s] * An install or uninstall procedure did not complete successfully.
[0.963s] * The installation package was faulty and contained
[0.963s]    "/usr/lib/cmake/vtk-7.1/VTKTargets.cmake"
[0.963s] but not all the files it references.
[0.963s] 
[0.963s] -- The imported target "vtk" references the file
[0.963s]    "/usr/bin/vtk"
[0.963s] but this file does not exist.  Possible reasons include:
[0.963s] * The file was deleted, renamed, or moved to another location.
[0.963s] * An install or uninstall procedure did not complete successfully.
[0.963s] * The installation package was faulty and contained
[0.963s]    "/usr/lib/cmake/vtk-7.1/VTKTargets.cmake"
[0.963s] but not all the files it references.
[0.964s] 
[0.964s] -- The imported target "pvtk" references the file
[0.964s]    "/usr/bin/pvtk"
[0.964s] but this file does not exist.  Possible reasons include:
[0.964s] * The file was deleted, renamed, or moved to another location.
[0.964s] * An install or uninstall procedure did not complete successfully.
[0.964s] * The installation package was faulty and contained
[0.964s]    "/usr/lib/cmake/vtk-7.1/VTKTargets.cmake"
[0.964s] but not all the files it references.
[0.964s] 
[0.977s] -- OpenNI found (include: /usr/include/ni, lib: /usr/lib/libOpenNI.so)
[0.981s] -- OpenNI2 found (include: /usr/include/openni2, lib: /usr/lib/libOpenNI2.so)
[0.981s] ** WARNING ** io features related to pcap will be disabled
[0.981s] ** WARNING ** io features related to png will be disabled
[0.990s] ** WARNING ** io features related to libusb-1.0 will be disabled
[0.995s] -- OpenNI found (include: /usr/include/ni, lib: /usr/lib/libOpenNI.so)
[1.000s] -- OpenNI2 found (include: /usr/include/openni2, lib: /usr/lib/libOpenNI2.so)
[1.009s] -- QHULL found (include: /usr/include, lib: optimized;/usr/lib/x86_64-linux-gnu/libqhull.so;debug;/usr/lib/x86_64-linux-gnu/libqhull.so)
[1.014s] -- OpenNI found (include: /usr/include/ni, lib: /usr/lib/libOpenNI.so)
[1.021s] -- looking for PCL_COMMON
[1.022s] -- looking for PCL_KDTREE
[1.022s] -- looking for PCL_OCTREE
[1.022s] -- looking for PCL_SEARCH
[1.023s] -- looking for PCL_SAMPLE_CONSENSUS
[1.023s] -- looking for PCL_FILTERS
[1.024s] -- looking for PCL_2D
[1.024s] -- looking for PCL_GEOMETRY
[1.024s] -- looking for PCL_IO
[1.025s] -- looking for PCL_FEATURES
[1.025s] -- looking for PCL_ML
[1.026s] -- looking for PCL_SEGMENTATION
[1.026s] -- looking for PCL_VISUALIZATION
[1.026s] -- looking for PCL_SURFACE
[1.027s] -- looking for PCL_REGISTRATION
[1.027s] -- looking for PCL_KEYPOINTS
[1.028s] -- looking for PCL_TRACKING
[1.028s] -- looking for PCL_RECOGNITION
[1.029s] -- looking for PCL_STEREO
[1.031s] -- looking for PCL_APPS
[1.032s] -- looking for PCL_IN_HAND_SCANNER
[1.032s] -- looking for PCL_POINT_CLOUD_EDITOR
[1.032s] -- looking for PCL_OUTOFCORE
[1.032s] -- looking for PCL_PEOPLE
[1.170s] -- Found AMD headers in: /usr/include/suitesparse
[1.170s] -- Found AMD library: /usr/lib/x86_64-linux-gnu/libamd.so
[1.170s] -- Found CAMD headers in: /usr/include/suitesparse
[1.170s] -- Found CAMD library: /usr/lib/x86_64-linux-gnu/libcamd.so
[1.170s] -- Found CCOLAMD headers in: /usr/include/suitesparse
[1.170s] -- Found CCOLAMD library: /usr/lib/x86_64-linux-gnu/libccolamd.so
[1.170s] -- Found CHOLMOD headers in: /usr/include/suitesparse
[1.170s] -- Found CHOLMOD library: /usr/lib/x86_64-linux-gnu/libcholmod.so
[1.170s] -- Found COLAMD headers in: /usr/include/suitesparse
[1.170s] -- Found COLAMD library: /usr/lib/x86_64-linux-gnu/libcolamd.so
[1.171s] -- Found SPQR headers in: /usr/include/suitesparse
[1.171s] -- Found SPQR library: /usr/lib/x86_64-linux-gnu/libspqr.so
[1.171s] -- Found Config headers in: /usr/include/suitesparse
[1.171s] -- Found Config library: /usr/lib/x86_64-linux-gnu/libsuitesparseconfig.so
[1.172s] -- Found Intel Thread Building Blocks (TBB) library (2020.1 / 11101) include location: . Assuming SuiteSparseQR was compiled with TBB.
[1.172s] -- Adding librt to SuiteSparse_config libraries (required on Linux & Unix [not OSX] if SuiteSparse is compiled with timing).
[1.177s] -- Could NOT find METIS (missing: METIS_INCLUDE_DIR METIS_LIBRARY) 
[1.181s] -- Found required Ceres dependency: Eigen version 3.3.9 in /usr/local/share/eigen3/cmake
[1.182s] -- Found required Ceres dependency: glog
[1.184s] -- Found required Ceres dependency: gflags
[1.184s] -- Found Ceres version: 2.2.0 installed in: /usr/local with components: [EigenSparse, SparseLinearAlgebraLibrary, LAPACK, SuiteSparse, SchurSpecializations]
[1.184s] -- Found ament_lint_auto: 0.9.8 (/opt/ros/foxy/share/ament_lint_auto/cmake)
[1.276s] -- Added test 'copyright' to check source files copyright and LICENSE
[1.277s] -- Added test 'cppcheck' to perform static code analysis on C / C++ code
[1.277s] -- Configured cppcheck include dirs: 
[1.278s] -- Configured cppcheck exclude dirs and/or files: 
[1.278s] -- Added test 'cpplint' to check C / C++ code against the Google style
[1.278s] -- Configured cpplint exclude dirs and/or files: 
[1.278s] -- Added test 'lint_cmake' to check CMake code style
[1.278s] -- Added test 'uncrustify' to check C / C++ code style
[1.278s] -- Configured uncrustify additional arguments: 
[1.278s] -- Added test 'xmllint' to check XML markup files
[1.280s] -- Configuring done
[1.324s] -- Generating done
[1.325s] -- Build files have been written to: /home/weiwei/Desktop/project/ObsAvoidance/build/model
[1.383s] [100%] Built target model
[1.390s] Invoked command in '/home/weiwei/Desktop/project/ObsAvoidance/build/model' returned '0': CMAKE_PREFIX_PATH=/home/weiwei/Desktop/project/ObsAvoidance/install/interface:/home/weiwei/Desktop/project/ObsAvoidance/install/orbslam:/home/weiwei/Desktop/project/ObsAvoidance/install/model:/home/weiwei/Desktop/project/ObsAvoidance/install/media:/opt/ros/foxy /usr/bin/cmake --build /home/weiwei/Desktop/project/ObsAvoidance/build/model -- -j16 -l16
[1.410s] Invoking command in '/home/weiwei/Desktop/project/ObsAvoidance/build/model': CMAKE_PREFIX_PATH=/home/weiwei/Desktop/project/ObsAvoidance/install/interface:/home/weiwei/Desktop/project/ObsAvoidance/install/orbslam:/home/weiwei/Desktop/project/ObsAvoidance/install/model:/home/weiwei/Desktop/project/ObsAvoidance/install/media:/opt/ros/foxy /usr/bin/cmake --install /home/weiwei/Desktop/project/ObsAvoidance/build/model
[1.416s] -- Install configuration: ""
[1.416s] -- Up-to-date: /home/weiwei/Desktop/project/ObsAvoidance/install/model/lib/model/model
[1.416s] -- Up-to-date: /home/weiwei/Desktop/project/ObsAvoidance/install/model/share/ament_index/resource_index/package_run_dependencies/model
[1.416s] -- Up-to-date: /home/weiwei/Desktop/project/ObsAvoidance/install/model/share/ament_index/resource_index/parent_prefix_path/model
[1.416s] -- Up-to-date: /home/weiwei/Desktop/project/ObsAvoidance/install/model/share/model/environment/ament_prefix_path.sh
[1.416s] -- Installing: /home/weiwei/Desktop/project/ObsAvoidance/install/model/share/model/environment/ament_prefix_path.dsv
[1.416s] -- Up-to-date: /home/weiwei/Desktop/project/ObsAvoidance/install/model/share/model/environment/path.sh
[1.416s] -- Installing: /home/weiwei/Desktop/project/ObsAvoidance/install/model/share/model/environment/path.dsv
[1.416s] -- Up-to-date: /home/weiwei/Desktop/project/ObsAvoidance/install/model/share/model/local_setup.bash
[1.416s] -- Up-to-date: /home/weiwei/Desktop/project/ObsAvoidance/install/model/share/model/local_setup.sh
[1.417s] -- Up-to-date: /home/weiwei/Desktop/project/ObsAvoidance/install/model/share/model/local_setup.zsh
[1.417s] -- Installing: /home/weiwei/Desktop/project/ObsAvoidance/install/model/share/model/local_setup.dsv
[1.417s] -- Installing: /home/weiwei/Desktop/project/ObsAvoidance/install/model/share/model/package.dsv
[1.417s] -- Up-to-date: /home/weiwei/Desktop/project/ObsAvoidance/install/model/share/ament_index/resource_index/packages/model
[1.417s] -- Up-to-date: /home/weiwei/Desktop/project/ObsAvoidance/install/model/share/model/cmake/modelConfig.cmake
[1.417s] -- Up-to-date: /home/weiwei/Desktop/project/ObsAvoidance/install/model/share/model/cmake/modelConfig-version.cmake
[1.417s] -- Up-to-date: /home/weiwei/Desktop/project/ObsAvoidance/install/model/share/model/package.xml
[1.418s] Invoked command in '/home/weiwei/Desktop/project/ObsAvoidance/build/model' returned '0': CMAKE_PREFIX_PATH=/home/weiwei/Desktop/project/ObsAvoidance/install/interface:/home/weiwei/Desktop/project/ObsAvoidance/install/orbslam:/home/weiwei/Desktop/project/ObsAvoidance/install/model:/home/weiwei/Desktop/project/ObsAvoidance/install/media:/opt/ros/foxy /usr/bin/cmake --install /home/weiwei/Desktop/project/ObsAvoidance/build/model
