[0.096s] Invoking command in '/home/weiwei/Desktop/project/ObsAvoidance/build/media': CMAKE_PREFIX_PATH=/home/weiwei/Desktop/project/ObsAvoidance/install/interface:/home/weiwei/Desktop/project/ObsAvoidance/install/orbslam:/home/weiwei/Desktop/project/ObsAvoidance/install/model:/home/weiwei/Desktop/project/ObsAvoidance/install/media:/opt/ros/foxy /usr/bin/cmake --build /home/weiwei/Desktop/project/ObsAvoidance/build/media -- -j16 -l16
[0.131s] [35m[1mScanning dependencies of target media[0m
[0.171s] [ 33%] [32mBuilding CXX object CMakeFiles/media.dir/src/media.cpp.o[0m
[4.151s] [01m[K/home/weiwei/Desktop/project/ObsAvoidance/src/media/src/media.cpp:[m[K In member function ‘[01m[Kvoid mediaNode::getScaleSlamToWorld(const ConstSharedPtr&, const ConstSharedPtr&)[m[K’:
[4.151s] [01m[K/home/weiwei/Desktop/project/ObsAvoidance/src/media/src/media.cpp:192:23:[m[K [01;35m[Kwarning: [m[Kcomparison of integer expressions of different signedness: ‘[01m[Kstd::vector<cv::Vec<float, 3> >::size_type[m[K’ {aka ‘[01m[Klong unsigned int[m[K’} and ‘[01m[Kint[m[K’ [[01;35m[K-Wsign-compare[m[K]
[4.151s]   192 |   if ([01;35m[Kcircles_.size() < circle_size_thresh[m[K)
[4.151s]       |       [01;35m[K~~~~~~~~~~~~~~~~^~~~~~~~~~~~~~~~~~~~[m[K
[4.152s] [01m[K/home/weiwei/Desktop/project/ObsAvoidance/src/media/src/media.cpp:195:17:[m[K [01;35m[Kwarning: [m[Kcomparison of integer expressions of different signedness: ‘[01m[Kint[m[K’ and ‘[01m[Kstd::vector<cv::Vec<float, 3> >::size_type[m[K’ {aka ‘[01m[Klong unsigned int[m[K’} [[01;35m[K-Wsign-compare[m[K]
[4.152s]   195 |   for (int i=0;[01;35m[Ki<circles_.size()[m[K;i++) {
[4.152s]       |                [01;35m[K~^~~~~~~~~~~~~~~~[m[K
[4.152s] [01m[K/home/weiwei/Desktop/project/ObsAvoidance/src/media/src/media.cpp:203:28:[m[K [01;35m[Kwarning: [m[Kcomparison of integer expressions of different signedness: ‘[01m[Kstd::vector<double, std::allocator<double> >::size_type[m[K’ {aka ‘[01m[Klong unsigned int[m[K’} and ‘[01m[Kint[m[K’ [[01;35m[K-Wsign-compare[m[K]
[4.152s]   203 |   if ([01;35m[KscaleFactList_.size()<scaleFactList_size_thresh[m[K)
[4.152s]       |       [01;35m[K~~~~~~~~~~~~~~~~~~~~~^~~~~~~~~~~~~~~~~~~~~~~~~~[m[K
[4.161s] [01m[K/home/weiwei/Desktop/project/ObsAvoidance/src/media/src/media.cpp:[m[K In member function ‘[01m[Kbool mediaNode::detectPoseCorrect(cv::Mat, interface::msg::Slam_<std::allocator<void> >::ConstSharedPtr, double&, cv::Vec3f)[m[K’:
[4.161s] [01m[K/home/weiwei/Desktop/project/ObsAvoidance/src/media/src/media.cpp:255:67:[m[K [01;35m[Kwarning: [m[Kcomparison of constant ‘[01m[K255[m[K’ with boolean expression is always true [[01;35m[K-Wbool-compare[m[K]
[4.161s]   255 |     if ([01;35m[Kimg_dilate.at<bool>((int)pixelPoint.x, (int)pixelPoint.y) != 255[m[K)
[4.161s]       |         [01;35m[K~~~~~~~~~~~~~~~~~~~~~~~~~~~~~~~~~~~~~~~~~~~~~~~~~~~~~~~~~~^~~~~~[m[K
[4.172s] [01m[K/home/weiwei/Desktop/project/ObsAvoidance/src/media/src/media.cpp:[m[K In member function ‘[01m[Kvoid mediaNode::ransacScaleFact()[m[K’:
[4.172s] [01m[K/home/weiwei/Desktop/project/ObsAvoidance/src/media/src/media.cpp:337:17:[m[K [01;35m[Kwarning: [m[Kcomparison of integer expressions of different signedness: ‘[01m[Kint[m[K’ and ‘[01m[Kstd::vector<double, std::allocator<double> >::size_type[m[K’ {aka ‘[01m[Klong unsigned int[m[K’} [[01;35m[K-Wsign-compare[m[K]
[4.172s]   337 |   for (int i=0;[01;35m[Ki<scaleFactList_.size()[m[K;i++)
[4.173s]       |                [01;35m[K~^~~~~~~~~~~~~~~~~~~~~~[m[K
[4.173s] [01m[K/home/weiwei/Desktop/project/ObsAvoidance/src/media/src/media.cpp:356:21:[m[K [01;35m[Kwarning: [m[Kcomparison of integer expressions of different signedness: ‘[01m[Kint[m[K’ and ‘[01m[Kstd::vector<double, std::allocator<double> >::size_type[m[K’ {aka ‘[01m[Klong unsigned int[m[K’} [[01;35m[K-Wsign-compare[m[K]
[4.173s]   356 |     for (int j = 0;[01;35m[Kj<scaleFactList_.size()[m[K;j++)
[4.173s]       |                    [01;35m[K~^~~~~~~~~~~~~~~~~~~~~~[m[K
[11.754s] [ 66%] [32m[1mLinking CXX executable media[0m
[12.952s] [100%] Built target media
[12.962s] Invoked command in '/home/weiwei/Desktop/project/ObsAvoidance/build/media' returned '0': CMAKE_PREFIX_PATH=/home/weiwei/Desktop/project/ObsAvoidance/install/interface:/home/weiwei/Desktop/project/ObsAvoidance/install/orbslam:/home/weiwei/Desktop/project/ObsAvoidance/install/model:/home/weiwei/Desktop/project/ObsAvoidance/install/media:/opt/ros/foxy /usr/bin/cmake --build /home/weiwei/Desktop/project/ObsAvoidance/build/media -- -j16 -l16
[12.983s] Invoking command in '/home/weiwei/Desktop/project/ObsAvoidance/build/media': CMAKE_PREFIX_PATH=/home/weiwei/Desktop/project/ObsAvoidance/install/interface:/home/weiwei/Desktop/project/ObsAvoidance/install/orbslam:/home/weiwei/Desktop/project/ObsAvoidance/install/model:/home/weiwei/Desktop/project/ObsAvoidance/install/media:/opt/ros/foxy /usr/bin/cmake --install /home/weiwei/Desktop/project/ObsAvoidance/build/media
[12.987s] -- Install configuration: ""
[12.988s] -- Installing: /home/weiwei/Desktop/project/ObsAvoidance/install/media/lib/media/media
[12.990s] -- Set runtime path of "/home/weiwei/Desktop/project/ObsAvoidance/install/media/lib/media/media" to ""
[12.990s] -- Up-to-date: /home/weiwei/Desktop/project/ObsAvoidance/install/media/share/ament_index/resource_index/package_run_dependencies/media
[12.990s] -- Up-to-date: /home/weiwei/Desktop/project/ObsAvoidance/install/media/share/ament_index/resource_index/parent_prefix_path/media
[12.990s] -- Installing: /home/weiwei/Desktop/project/ObsAvoidance/install/media/share/media/environment/ament_prefix_path.sh
[12.990s] -- Installing: /home/weiwei/Desktop/project/ObsAvoidance/install/media/share/media/environment/ament_prefix_path.dsv
[12.991s] -- Installing: /home/weiwei/Desktop/project/ObsAvoidance/install/media/share/media/environment/path.sh
[12.991s] -- Installing: /home/weiwei/Desktop/project/ObsAvoidance/install/media/share/media/environment/path.dsv
[12.991s] -- Up-to-date: /home/weiwei/Desktop/project/ObsAvoidance/install/media/share/media/local_setup.bash
[12.991s] -- Up-to-date: /home/weiwei/Desktop/project/ObsAvoidance/install/media/share/media/local_setup.sh
[12.991s] -- Up-to-date: /home/weiwei/Desktop/project/ObsAvoidance/install/media/share/media/local_setup.zsh
[12.991s] -- Installing: /home/weiwei/Desktop/project/ObsAvoidance/install/media/share/media/local_setup.dsv
[12.991s] -- Installing: /home/weiwei/Desktop/project/ObsAvoidance/install/media/share/media/package.dsv
[12.991s] -- Up-to-date: /home/weiwei/Desktop/project/ObsAvoidance/install/media/share/ament_index/resource_index/packages/media
[12.991s] -- Up-to-date: /home/weiwei/Desktop/project/ObsAvoidance/install/media/share/media/cmake/mediaConfig.cmake
[12.991s] -- Up-to-date: /home/weiwei/Desktop/project/ObsAvoidance/install/media/share/media/cmake/mediaConfig-version.cmake
[12.991s] -- Up-to-date: /home/weiwei/Desktop/project/ObsAvoidance/install/media/share/media/package.xml
[12.992s] Invoked command in '/home/weiwei/Desktop/project/ObsAvoidance/build/media' returned '0': CMAKE_PREFIX_PATH=/home/weiwei/Desktop/project/ObsAvoidance/install/interface:/home/weiwei/Desktop/project/ObsAvoidance/install/orbslam:/home/weiwei/Desktop/project/ObsAvoidance/install/model:/home/weiwei/Desktop/project/ObsAvoidance/install/media:/opt/ros/foxy /usr/bin/cmake --install /home/weiwei/Desktop/project/ObsAvoidance/build/media
