[01m[K/home/weiwei/Desktop/project/ObsAvoidance/src/model/src/model.cpp:[m[K In member function ‘[01m[Kvoid ModelNode::mapPoint_callback(const ConstSharedPtr&, const ConstSharedPtr&, const ConstSharedPtr&)[m[K’:
[01m[K/home/weiwei/Desktop/project/ObsAvoidance/src/model/src/model.cpp:13:5:[m[K [01;35m[Kwarning: [m[Kthis ‘[01m[Kif[m[K’ clause does not guard... [[01;35m[K-Wmisleading-indentation[m[K]
   13 |     [01;35m[Kif[m[K (flag_pubModel)
      |     [01;35m[K^~[m[K
[01m[K/home/weiwei/Desktop/project/ObsAvoidance/src/model/src/model.cpp:15:9:[m[K [01;36m[Knote: [m[K...this statement, but the latter is misleadingly indented as if it were guarded by the ‘[01m[Kif[m[K’
   15 |         [01;36m[Kreturn[m[K;
      |         [01;36m[K^~~~~~[m[K
[01m[K/home/weiwei/Desktop/project/ObsAvoidance/src/model/src/model.cpp:[m[K In member function ‘[01m[Kbool ModelNode::selectCircle(cv::Vec3f&, std::vector<cv::Vec<float, 3> >, cv::Mat&)[m[K’:
[01m[K/home/weiwei/Desktop/project/ObsAvoidance/src/model/src/model.cpp:217:21:[m[K [01;35m[Kwarning: [m[Kcomparison of integer expressions of different signedness: ‘[01m[Kint[m[K’ and ‘[01m[Kstd::vector<cv::Vec<float, 3> >::size_type[m[K’ {aka ‘[01m[Klong unsigned int[m[K’} [[01;35m[K-Wsign-compare[m[K]
  217 |     for (int i = 0;[01;35m[Ki<temp_circles.size()[m[K;i++)
      |                    [01;35m[K~^~~~~~~~~~~~~~~~~~~~[m[K
[01m[K/home/weiwei/Desktop/project/ObsAvoidance/src/model/src/model.cpp:230:45:[m[K [01;35m[Kwarning: [m[Kcomparison of constant ‘[01m[K255[m[K’ with boolean expression is always false [[01;35m[K-Wbool-compare[m[K]
  230 |             if ([01;35m[Kmask.at<bool>(pointInCircle)==255[m[K||mask.at<bool>(pointOutCircle)!=255)
      |                 [01;35m[K~~~~~~~~~~~~~~~~~~~~~~~~~~~~^~~~~[m[K
[01m[K/home/weiwei/Desktop/project/ObsAvoidance/src/model/src/model.cpp:230:81:[m[K [01;35m[Kwarning: [m[Kcomparison of constant ‘[01m[K255[m[K’ with boolean expression is always true [[01;35m[K-Wbool-compare[m[K]
  230 | >(pointInCircle)==255||[01;35m[Kmask.at<bool>(pointOutCircle)!=255[m[K)
      |                        [01;35m[K~~~~~~~~~~~~~~~~~~~~~~~~~~~~~^~~~~[m[K

[01m[K/home/weiwei/Desktop/project/ObsAvoidance/src/model/src/model.cpp:[m[K In member function ‘[01m[Kbool ModelNode::selectLine(cv::Mat, std::vector<cv::Vec<int, 4> >, cv::Vec4i&, cv::Vec3f)[m[K’:
[01m[K/home/weiwei/Desktop/project/ObsAvoidance/src/model/src/model.cpp:264:19:[m[K [01;35m[Kwarning: [m[Kcomparison of integer expressions of different signedness: ‘[01m[Kint[m[K’ and ‘[01m[Kstd::vector<cv::Vec<int, 4> >::size_type[m[K’ {aka ‘[01m[Klong unsigned int[m[K’} [[01;35m[K-Wsign-compare[m[K]
  264 |     for (int i=0;[01;35m[Ki<tempLines.size()[m[K;i++)
      |                  [01;35m[K~^~~~~~~~~~~~~~~~~[m[K
[01m[K/home/weiwei/Desktop/project/ObsAvoidance/src/model/src/model.cpp:289:42:[m[K [01;35m[Kwarning: [m[Kcomparison of constant ‘[01m[K255[m[K’ with boolean expression is always false [[01;35m[K-Wbool-compare[m[K]
  289 |         if ([01;35m[Kimg_erode.at<bool>(endPoint1)==255[m[K || img_erode.at<bool>(endPoint2)==255 || img_erode.at<bool>(midPoint)==255)
      |             [01;35m[K~~~~~~~~~~~~~~~~~~~~~~~~~~~~~^~~~~[m[K
[01m[K/home/weiwei/Desktop/project/ObsAvoidance/src/model/src/model.cpp:289:80:[m[K [01;35m[Kwarning: [m[Kcomparison of constant ‘[01m[K255[m[K’ with boolean expression is always false [[01;35m[K-Wbool-compare[m[K]
  289 | ol>(endPoint1)==255 || [01;35m[Kimg_erode.at<bool>(endPoint2)==255[m[K || img_erode.at<bool>(midPoint)==255)
      |                        [01;35m[K~~~~~~~~~~~~~~~~~~~~~~~~~~~~~^~~~~[m[K

[01m[K/home/weiwei/Desktop/project/ObsAvoidance/src/model/src/model.cpp:289:117:[m[K [01;35m[Kwarning: [m[Kcomparison of constant ‘[01m[K255[m[K’ with boolean expression is always false [[01;35m[K-Wbool-compare[m[K]
  289 | ool>(endPoint2)==255 || [01;35m[Kimg_erode.at<bool>(midPoint)==255[m[K)
      |                         [01;35m[K~~~~~~~~~~~~~~~~~~~~~~~~~~~~^~~~~[m[K

[01m[K/home/weiwei/Desktop/project/ObsAvoidance/src/model/src/model.cpp:293:44:[m[K [01;35m[Kwarning: [m[Kcomparison of constant ‘[01m[K255[m[K’ with boolean expression is always true [[01;35m[K-Wbool-compare[m[K]
  293 |         if ([01;35m[Kimg_erode.at<bool>(flag_point1)!=255[m[K || img_erode.at<bool>(flag_point2)!=255)
      |             [01;35m[K~~~~~~~~~~~~~~~~~~~~~~~~~~~~~~~^~~~~[m[K
[01m[K/home/weiwei/Desktop/project/ObsAvoidance/src/model/src/model.cpp:293:84:[m[K [01;35m[Kwarning: [m[Kcomparison of constant ‘[01m[K255[m[K’ with boolean expression is always true [[01;35m[K-Wbool-compare[m[K]
  293 | flag_point1)!=255 || [01;35m[Kimg_erode.at<bool>(flag_point2)!=255[m[K)
      |                      [01;35m[K~~~~~~~~~~~~~~~~~~~~~~~~~~~~~~~^~~~~[m[K

[01m[K/home/weiwei/Desktop/project/ObsAvoidance/src/model/src/model.cpp:[m[K In member function ‘[01m[Kbool ModelNode::Model()[m[K’:
[01m[K/home/weiwei/Desktop/project/ObsAvoidance/src/model/src/model.cpp:355:20:[m[K [01;35m[Kwarning: [m[Kcomparison of integer expressions of different signedness: ‘[01m[Kint[m[K’ and ‘[01m[Kstd::vector<cv::Vec<float, 3> >::size_type[m[K’ {aka ‘[01m[Klong unsigned int[m[K’} [[01;35m[K-Wsign-compare[m[K]
  355 |     for (int i =0;[01;35m[Ki<temp_circles.size()[m[K;i++)
      |                   [01;35m[K~^~~~~~~~~~~~~~~~~~~~[m[K
[01m[K/home/weiwei/Desktop/project/ObsAvoidance/src/model/src/model.cpp:402:38:[m[K [01;35m[Kwarning: [m[Kcomparison of integer expressions of different signedness: ‘[01m[Kstd::vector<Eigen::Matrix<double, 3, 1> >::size_type[m[K’ {aka ‘[01m[Klong unsigned int[m[K’} and ‘[01m[Kint[m[K’ [[01;35m[K-Wsign-compare[m[K]
  402 |     if ([01;35m[Kglobal_centrePostions.size() < modelThresh[m[K)
      |         [01;35m[K~~~~~~~~~~~~~~~~~~~~~~~~~~~~~^~~~~~~~~~~~~[m[K
[01m[K/home/weiwei/Desktop/project/ObsAvoidance/src/model/src/model.cpp:408:19:[m[K [01;35m[Kwarning: [m[Kcomparison of integer expressions of different signedness: ‘[01m[Kint[m[K’ and ‘[01m[Kstd::vector<Eigen::Matrix<double, 3, 1> >::size_type[m[K’ {aka ‘[01m[Klong unsigned int[m[K’} [[01;35m[K-Wsign-compare[m[K]
  408 |     for (int i=0;[01;35m[Ki<global_centrePostions.size()[m[K;i++)
      |                  [01;35m[K~^~~~~~~~~~~~~~~~~~~~~~~~~~~~~[m[K
[01m[K/home/weiwei/Desktop/project/ObsAvoidance/src/model/src/model.cpp:[m[K In member function ‘[01m[Kvoid ModelNode::ransacModelParam()[m[K’:
[01m[K/home/weiwei/Desktop/project/ObsAvoidance/src/model/src/model.cpp:485:22:[m[K [01;35m[Kwarning: [m[Kcomparison of integer expressions of different signedness: ‘[01m[Kint[m[K’ and ‘[01m[Kstd::vector<Eigen::Matrix<double, 3, 1> >::size_type[m[K’ {aka ‘[01m[Klong unsigned int[m[K’} [[01;35m[K-Wsign-compare[m[K]
  485 |         for(int n=0;[01;35m[Kn<global_vecs_direction.size()[m[K;n++) {
      |                     [01;35m[K~^~~~~~~~~~~~~~~~~~~~~~~~~~~~~[m[K
