[0.087s] Invoking command in '/home/weiwei/Desktop/project/ObsAvoidance/build/model': AMENT_PREFIX_PATH=/home/weiwei/Desktop/project/ObsAvoidance/install/interface:${AMENT_PREFIX_PATH} CMAKE_PREFIX_PATH=/home/weiwei/Desktop/project/ObsAvoidance/install/interface:/opt/ros/foxy LD_LIBRARY_PATH=/home/weiwei/Desktop/project/ObsAvoidance/install/interface/lib:${LD_LIBRARY_PATH} PYTHONPATH=/home/weiwei/Desktop/project/ObsAvoidance/install/interface/lib/python3.8/site-packages:${PYTHONPATH} /usr/bin/cmake --build /home/weiwei/Desktop/project/ObsAvoidance/build/model -- -j16 -l16
[0.127s] [35m[1mScanning dependencies of target model[0m
[0.183s] [ 33%] [32mBuilding CXX object CMakeFiles/model.dir/src/model.cpp.o[0m
[6.511s] [01m[K/home/weiwei/Desktop/project/ObsAvoidance/src/model/src/model.cpp:[m[K In member function ‘[01m[Kbool ModelNode::selectCircle(cv::Vec3f&, std::vector<cv::Vec<float, 3> >, cv::Mat&)[m[K’:
[6.511s] [01m[K/home/weiwei/Desktop/project/ObsAvoidance/src/model/src/model.cpp:319:21:[m[K [01;35m[Kwarning: [m[Kcomparison of integer expressions of different signedness: ‘[01m[Kint[m[K’ and ‘[01m[Kstd::vector<cv::Vec<float, 3> >::size_type[m[K’ {aka ‘[01m[Klong unsigned int[m[K’} [[01;35m[K-Wsign-compare[m[K]
[6.511s]   319 |     for (int i = 0;[01;35m[Ki<temp_circles.size()[m[K;i++)
[6.511s]       |                    [01;35m[K~^~~~~~~~~~~~~~~~~~~~[m[K
[6.511s] [01m[K/home/weiwei/Desktop/project/ObsAvoidance/src/model/src/model.cpp:332:45:[m[K [01;35m[Kwarning: [m[Kcomparison of constant ‘[01m[K255[m[K’ with boolean expression is always false [[01;35m[K-Wbool-compare[m[K]
[6.511s]   332 |             if ([01;35m[Kmask.at<bool>(pointInCircle)==255[m[K||mask.at<bool>(pointOutCircle)!=255)
[6.511s]       |                 [01;35m[K~~~~~~~~~~~~~~~~~~~~~~~~~~~~^~~~~[m[K
[6.511s] [01m[K/home/weiwei/Desktop/project/ObsAvoidance/src/model/src/model.cpp:332:81:[m[K [01;35m[Kwarning: [m[Kcomparison of constant ‘[01m[K255[m[K’ with boolean expression is always true [[01;35m[K-Wbool-compare[m[K]
[6.511s]   332 |             if (mask.at<bool>(pointInCircle)==255||[01;35m[Kmask.at<bool>(pointOutCircle)!=255[m[K)
[6.511s]       |                                                    [01;35m[K~~~~~~~~~~~~~~~~~~~~~~~~~~~~~^~~~~[m[K
[6.515s] [01m[K/home/weiwei/Desktop/project/ObsAvoidance/src/model/src/model.cpp:[m[K In member function ‘[01m[Kbool ModelNode::selectLine(cv::Mat, std::vector<cv::Vec<int, 4> >, cv::Vec4i&, cv::Vec3f)[m[K’:
[6.516s] [01m[K/home/weiwei/Desktop/project/ObsAvoidance/src/model/src/model.cpp:366:19:[m[K [01;35m[Kwarning: [m[Kcomparison of integer expressions of different signedness: ‘[01m[Kint[m[K’ and ‘[01m[Kstd::vector<cv::Vec<int, 4> >::size_type[m[K’ {aka ‘[01m[Klong unsigned int[m[K’} [[01;35m[K-Wsign-compare[m[K]
[6.516s]   366 |     for (int i=0;[01;35m[Ki<tempLines.size()[m[K;i++)
[6.516s]       |                  [01;35m[K~^~~~~~~~~~~~~~~~~[m[K
[6.516s] [01m[K/home/weiwei/Desktop/project/ObsAvoidance/src/model/src/model.cpp:390:42:[m[K [01;35m[Kwarning: [m[Kcomparison of constant ‘[01m[K255[m[K’ with boolean expression is always false [[01;35m[K-Wbool-compare[m[K]
[6.516s]   390 |         if ([01;35m[Kimg_erode.at<bool>(endPoint1)==255[m[K || img_erode.at<bool>(endPoint2)==255 || img_erode.at<bool>(midPoint)==255)
[6.516s]       |             [01;35m[K~~~~~~~~~~~~~~~~~~~~~~~~~~~~~^~~~~[m[K
[6.516s] [01m[K/home/weiwei/Desktop/project/ObsAvoidance/src/model/src/model.cpp:390:80:[m[K [01;35m[Kwarning: [m[Kcomparison of constant ‘[01m[K255[m[K’ with boolean expression is always false [[01;35m[K-Wbool-compare[m[K]
[6.516s]   390 |         if (img_erode.at<bool>(endPoint1)==255 || [01;35m[Kimg_erode.at<bool>(endPoint2)==255[m[K || img_erode.at<bool>(midPoint)==255)
[6.517s]       |                                                   [01;35m[K~~~~~~~~~~~~~~~~~~~~~~~~~~~~~^~~~~[m[K
[6.517s] [01m[K/home/weiwei/Desktop/project/ObsAvoidance/src/model/src/model.cpp:390:117:[m[K [01;35m[Kwarning: [m[Kcomparison of constant ‘[01m[K255[m[K’ with boolean expression is always false [[01;35m[K-Wbool-compare[m[K]
[6.517s]   390 |         if (img_erode.at<bool>(endPoint1)==255 || img_erode.at<bool>(endPoint2)==255 || [01;35m[Kimg_erode.at<bool>(midPoint)==255[m[K)
[6.517s]       |                                                                                         [01;35m[K~~~~~~~~~~~~~~~~~~~~~~~~~~~~^~~~~[m[K
[6.517s] [01m[K/home/weiwei/Desktop/project/ObsAvoidance/src/model/src/model.cpp:394:44:[m[K [01;35m[Kwarning: [m[Kcomparison of constant ‘[01m[K255[m[K’ with boolean expression is always true [[01;35m[K-Wbool-compare[m[K]
[6.517s]   394 |         if ([01;35m[Kimg_erode.at<bool>(flag_point1)!=255[m[K || img_erode.at<bool>(flag_point2)!=255)
[6.517s]       |             [01;35m[K~~~~~~~~~~~~~~~~~~~~~~~~~~~~~~~^~~~~[m[K
[6.517s] [01m[K/home/weiwei/Desktop/project/ObsAvoidance/src/model/src/model.cpp:394:84:[m[K [01;35m[Kwarning: [m[Kcomparison of constant ‘[01m[K255[m[K’ with boolean expression is always true [[01;35m[K-Wbool-compare[m[K]
[6.517s]   394 |         if (img_erode.at<bool>(flag_point1)!=255 || [01;35m[Kimg_erode.at<bool>(flag_point2)!=255[m[K)
[6.517s]       |                                                     [01;35m[K~~~~~~~~~~~~~~~~~~~~~~~~~~~~~~~^~~~~[m[K
[6.609s] [01m[K/home/weiwei/Desktop/project/ObsAvoidance/src/model/src/model.cpp:[m[K In member function ‘[01m[Kvoid ModelNode::ransacModelParam()[m[K’:
[6.609s] [01m[K/home/weiwei/Desktop/project/ObsAvoidance/src/model/src/model.cpp:541:22:[m[K [01;35m[Kwarning: [m[Kcomparison of integer expressions of different signedness: ‘[01m[Kint[m[K’ and ‘[01m[Kstd::vector<Eigen::Matrix<double, 3, 1> >::size_type[m[K’ {aka ‘[01m[Klong unsigned int[m[K’} [[01;35m[K-Wsign-compare[m[K]
[6.609s]   541 |         for(int n=0;[01;35m[Kn<global_vecs_direction.size()[m[K;n++) {
[6.609s]       |                     [01;35m[K~^~~~~~~~~~~~~~~~~~~~~~~~~~~~~[m[K
[6.719s] [01m[K/home/weiwei/Desktop/project/ObsAvoidance/src/model/src/model.cpp:[m[K In member function ‘[01m[Kbool ModelNode::Model()[m[K’:
[6.719s] [01m[K/home/weiwei/Desktop/project/ObsAvoidance/src/model/src/model.cpp:843:38:[m[K [01;35m[Kwarning: [m[Kcomparison of integer expressions of different signedness: ‘[01m[Kstd::vector<Eigen::Matrix<double, 3, 1> >::size_type[m[K’ {aka ‘[01m[Klong unsigned int[m[K’} and ‘[01m[Kint[m[K’ [[01;35m[K-Wsign-compare[m[K]
[6.719s]   843 |     if ([01;35m[Kglobal_centrePostions.size() < modelThresh[m[K)
[6.719s]       |         [01;35m[K~~~~~~~~~~~~~~~~~~~~~~~~~~~~~^~~~~~~~~~~~~[m[K
[6.745s] [01m[K/home/weiwei/Desktop/project/ObsAvoidance/src/model/src/model.cpp:[m[K In member function ‘[01m[Kbool ModelNode::detectPoseCorrect(Eigen::Vector4d&, cv::Mat, cv::Mat&)[m[K’:
[6.745s] [01m[K/home/weiwei/Desktop/project/ObsAvoidance/src/model/src/model.cpp:1041:38:[m[K [01;35m[Kwarning: [m[Kcomparison of integer expressions of different signedness: ‘[01m[Kstd::vector<pcl::PointXYZ, Eigen::aligned_allocator<pcl::PointXYZ> >::size_type[m[K’ {aka ‘[01m[Klong unsigned int[m[K’} and ‘[01m[Kint[m[K’ [[01;35m[K-Wsign-compare[m[K]
[6.745s]  1041 |     if ([01;35m[KfinalPointCloud.points.size()<mapPointNumThresh[m[K) {
[6.745s]       |         [01;35m[K~~~~~~~~~~~~~~~~~~~~~~~~~~~~~^~~~~~~~~~~~~~~~~~[m[K
[19.541s] [ 66%] [32m[1mLinking CXX executable model[0m
[21.852s] [100%] Built target model
[21.861s] Invoked command in '/home/weiwei/Desktop/project/ObsAvoidance/build/model' returned '0': AMENT_PREFIX_PATH=/home/weiwei/Desktop/project/ObsAvoidance/install/interface:${AMENT_PREFIX_PATH} CMAKE_PREFIX_PATH=/home/weiwei/Desktop/project/ObsAvoidance/install/interface:/opt/ros/foxy LD_LIBRARY_PATH=/home/weiwei/Desktop/project/ObsAvoidance/install/interface/lib:${LD_LIBRARY_PATH} PYTHONPATH=/home/weiwei/Desktop/project/ObsAvoidance/install/interface/lib/python3.8/site-packages:${PYTHONPATH} /usr/bin/cmake --build /home/weiwei/Desktop/project/ObsAvoidance/build/model -- -j16 -l16
[21.887s] Invoking command in '/home/weiwei/Desktop/project/ObsAvoidance/build/model': AMENT_PREFIX_PATH=/home/weiwei/Desktop/project/ObsAvoidance/install/interface:${AMENT_PREFIX_PATH} CMAKE_PREFIX_PATH=/home/weiwei/Desktop/project/ObsAvoidance/install/interface:/opt/ros/foxy LD_LIBRARY_PATH=/home/weiwei/Desktop/project/ObsAvoidance/install/interface/lib:${LD_LIBRARY_PATH} PYTHONPATH=/home/weiwei/Desktop/project/ObsAvoidance/install/interface/lib/python3.8/site-packages:${PYTHONPATH} /usr/bin/cmake --install /home/weiwei/Desktop/project/ObsAvoidance/build/model
[21.893s] -- Install configuration: ""
[21.893s] -- Installing: /home/weiwei/Desktop/project/ObsAvoidance/install/model/lib/model/model
[21.901s] -- Set runtime path of "/home/weiwei/Desktop/project/ObsAvoidance/install/model/lib/model/model" to ""
[21.901s] -- Up-to-date: /home/weiwei/Desktop/project/ObsAvoidance/install/model/share/ament_index/resource_index/package_run_dependencies/model
[21.901s] -- Up-to-date: /home/weiwei/Desktop/project/ObsAvoidance/install/model/share/ament_index/resource_index/parent_prefix_path/model
[21.901s] -- Up-to-date: /home/weiwei/Desktop/project/ObsAvoidance/install/model/share/model/environment/ament_prefix_path.sh
[21.901s] -- Up-to-date: /home/weiwei/Desktop/project/ObsAvoidance/install/model/share/model/environment/ament_prefix_path.dsv
[21.901s] -- Up-to-date: /home/weiwei/Desktop/project/ObsAvoidance/install/model/share/model/environment/path.sh
[21.901s] -- Up-to-date: /home/weiwei/Desktop/project/ObsAvoidance/install/model/share/model/environment/path.dsv
[21.901s] -- Up-to-date: /home/weiwei/Desktop/project/ObsAvoidance/install/model/share/model/local_setup.bash
[21.901s] -- Up-to-date: /home/weiwei/Desktop/project/ObsAvoidance/install/model/share/model/local_setup.sh
[21.901s] -- Up-to-date: /home/weiwei/Desktop/project/ObsAvoidance/install/model/share/model/local_setup.zsh
[21.901s] -- Up-to-date: /home/weiwei/Desktop/project/ObsAvoidance/install/model/share/model/local_setup.dsv
[21.901s] -- Installing: /home/weiwei/Desktop/project/ObsAvoidance/install/model/share/model/package.dsv
[21.901s] -- Up-to-date: /home/weiwei/Desktop/project/ObsAvoidance/install/model/share/ament_index/resource_index/packages/model
[21.901s] -- Up-to-date: /home/weiwei/Desktop/project/ObsAvoidance/install/model/share/model/cmake/modelConfig.cmake
[21.901s] -- Up-to-date: /home/weiwei/Desktop/project/ObsAvoidance/install/model/share/model/cmake/modelConfig-version.cmake
[21.901s] -- Up-to-date: /home/weiwei/Desktop/project/ObsAvoidance/install/model/share/model/package.xml
[21.903s] Invoked command in '/home/weiwei/Desktop/project/ObsAvoidance/build/model' returned '0': AMENT_PREFIX_PATH=/home/weiwei/Desktop/project/ObsAvoidance/install/interface:${AMENT_PREFIX_PATH} CMAKE_PREFIX_PATH=/home/weiwei/Desktop/project/ObsAvoidance/install/interface:/opt/ros/foxy LD_LIBRARY_PATH=/home/weiwei/Desktop/project/ObsAvoidance/install/interface/lib:${LD_LIBRARY_PATH} PYTHONPATH=/home/weiwei/Desktop/project/ObsAvoidance/install/interface/lib/python3.8/site-packages:${PYTHONPATH} /usr/bin/cmake --install /home/weiwei/Desktop/project/ObsAvoidance/build/model
