[0.104s] Invoking command in '/home/weiwei/Desktop/project/ObsAvoidance/build/model': CMAKE_PREFIX_PATH=/home/weiwei/Desktop/project/ObsAvoidance/install/interface:/home/weiwei/Desktop/project/ObsAvoidance/install/orbslam:/home/weiwei/Desktop/project/ObsAvoidance/install/model:/home/weiwei/Desktop/project/ObsAvoidance/install/media:/opt/ros/foxy /usr/bin/cmake --build /home/weiwei/Desktop/project/ObsAvoidance/build/model -- -j16 -l16
[0.140s] [35m[1mScanning dependencies of target model[0m
[0.193s] [ 33%] [32mBuilding CXX object CMakeFiles/model.dir/src/model.cpp.o[0m
[5.352s] [01m[K/home/weiwei/Desktop/project/ObsAvoidance/src/model/src/model.cpp:[m[K In member function ‘[01m[Kbool ModelNode::selectCircle(cv::Vec3f&, std::vector<cv::Vec<float, 3> >, cv::Mat&)[m[K’:
[5.352s] [01m[K/home/weiwei/Desktop/project/ObsAvoidance/src/model/src/model.cpp:204:21:[m[K [01;35m[Kwarning: [m[Kcomparison of integer expressions of different signedness: ‘[01m[Kint[m[K’ and ‘[01m[Kstd::vector<cv::Vec<float, 3> >::size_type[m[K’ {aka ‘[01m[Klong unsigned int[m[K’} [[01;35m[K-Wsign-compare[m[K]
[5.352s]   204 |     for (int i = 0;[01;35m[Ki<temp_circles.size()[m[K;i++)
[5.353s]       |                    [01;35m[K~^~~~~~~~~~~~~~~~~~~~[m[K
[5.353s] [01m[K/home/weiwei/Desktop/project/ObsAvoidance/src/model/src/model.cpp:217:45:[m[K [01;35m[Kwarning: [m[Kcomparison of constant ‘[01m[K255[m[K’ with boolean expression is always false [[01;35m[K-Wbool-compare[m[K]
[5.353s]   217 |             if ([01;35m[Kmask.at<bool>(pointInCircle)==255[m[K||mask.at<bool>(pointOutCircle)!=255)
[5.353s]       |                 [01;35m[K~~~~~~~~~~~~~~~~~~~~~~~~~~~~^~~~~[m[K
[5.353s] [01m[K/home/weiwei/Desktop/project/ObsAvoidance/src/model/src/model.cpp:217:81:[m[K [01;35m[Kwarning: [m[Kcomparison of constant ‘[01m[K255[m[K’ with boolean expression is always true [[01;35m[K-Wbool-compare[m[K]
[5.353s]   217 | >(pointInCircle)==255||[01;35m[Kmask.at<bool>(pointOutCircle)!=255[m[K)
[5.353s]       |                        [01;35m[K~~~~~~~~~~~~~~~~~~~~~~~~~~~~~^~~~~[m[K
[5.353s] 
[5.355s] [01m[K/home/weiwei/Desktop/project/ObsAvoidance/src/model/src/model.cpp:[m[K In member function ‘[01m[Kbool ModelNode::selectLine(cv::Mat, std::vector<cv::Vec<int, 4> >, cv::Vec4i&, cv::Vec3f)[m[K’:
[5.355s] [01m[K/home/weiwei/Desktop/project/ObsAvoidance/src/model/src/model.cpp:246:19:[m[K [01;35m[Kwarning: [m[Kcomparison of integer expressions of different signedness: ‘[01m[Kint[m[K’ and ‘[01m[Kstd::vector<cv::Vec<int, 4> >::size_type[m[K’ {aka ‘[01m[Klong unsigned int[m[K’} [[01;35m[K-Wsign-compare[m[K]
[5.355s]   246 |     for (int i=0;[01;35m[Ki<tempLines.size()[m[K;i++)
[5.355s]       |                  [01;35m[K~^~~~~~~~~~~~~~~~~[m[K
[5.356s] [01m[K/home/weiwei/Desktop/project/ObsAvoidance/src/model/src/model.cpp:271:42:[m[K [01;35m[Kwarning: [m[Kcomparison of constant ‘[01m[K255[m[K’ with boolean expression is always false [[01;35m[K-Wbool-compare[m[K]
[5.356s]   271 |         if ([01;35m[Kimg_erode.at<bool>(endPoint1)==255[m[K || img_erode.at<bool>(endPoint2)==255 || img_erode.at<bool>(midPoint)==255)
[5.356s]       |             [01;35m[K~~~~~~~~~~~~~~~~~~~~~~~~~~~~~^~~~~[m[K
[5.356s] [01m[K/home/weiwei/Desktop/project/ObsAvoidance/src/model/src/model.cpp:271:80:[m[K [01;35m[Kwarning: [m[Kcomparison of constant ‘[01m[K255[m[K’ with boolean expression is always false [[01;35m[K-Wbool-compare[m[K]
[5.356s]   271 | ol>(endPoint1)==255 || [01;35m[Kimg_erode.at<bool>(endPoint2)==255[m[K || img_erode.at<bool>(midPoint)==255)
[5.356s]       |                        [01;35m[K~~~~~~~~~~~~~~~~~~~~~~~~~~~~~^~~~~[m[K
[5.356s] 
[5.356s] [01m[K/home/weiwei/Desktop/project/ObsAvoidance/src/model/src/model.cpp:271:117:[m[K [01;35m[Kwarning: [m[Kcomparison of constant ‘[01m[K255[m[K’ with boolean expression is always false [[01;35m[K-Wbool-compare[m[K]
[5.356s]   271 | ool>(endPoint2)==255 || [01;35m[Kimg_erode.at<bool>(midPoint)==255[m[K)
[5.356s]       |                         [01;35m[K~~~~~~~~~~~~~~~~~~~~~~~~~~~~^~~~~[m[K
[5.356s] 
[5.356s] [01m[K/home/weiwei/Desktop/project/ObsAvoidance/src/model/src/model.cpp:275:44:[m[K [01;35m[Kwarning: [m[Kcomparison of constant ‘[01m[K255[m[K’ with boolean expression is always true [[01;35m[K-Wbool-compare[m[K]
[5.356s]   275 |         if ([01;35m[Kimg_erode.at<bool>(flag_point1)!=255[m[K || img_erode.at<bool>(flag_point2)!=255)
[5.356s]       |             [01;35m[K~~~~~~~~~~~~~~~~~~~~~~~~~~~~~~~^~~~~[m[K
[5.357s] [01m[K/home/weiwei/Desktop/project/ObsAvoidance/src/model/src/model.cpp:275:84:[m[K [01;35m[Kwarning: [m[Kcomparison of constant ‘[01m[K255[m[K’ with boolean expression is always true [[01;35m[K-Wbool-compare[m[K]
[5.357s]   275 | flag_point1)!=255 || [01;35m[Kimg_erode.at<bool>(flag_point2)!=255[m[K)
[5.357s]       |                      [01;35m[K~~~~~~~~~~~~~~~~~~~~~~~~~~~~~~~^~~~~[m[K
[5.357s] 
[5.412s] [01m[K/home/weiwei/Desktop/project/ObsAvoidance/src/model/src/model.cpp:[m[K In member function ‘[01m[Kbool ModelNode::Model()[m[K’:
[5.412s] [01m[K/home/weiwei/Desktop/project/ObsAvoidance/src/model/src/model.cpp:328:20:[m[K [01;35m[Kwarning: [m[Kcomparison of integer expressions of different signedness: ‘[01m[Kint[m[K’ and ‘[01m[Kstd::vector<cv::Vec<float, 3> >::size_type[m[K’ {aka ‘[01m[Klong unsigned int[m[K’} [[01;35m[K-Wsign-compare[m[K]
[5.412s]   328 |     for (int i =0;[01;35m[Ki<temp_circles.size()[m[K;i++)
[5.412s]       |                   [01;35m[K~^~~~~~~~~~~~~~~~~~~~[m[K
[5.413s] [01m[K/home/weiwei/Desktop/project/ObsAvoidance/src/model/src/model.cpp:375:38:[m[K [01;35m[Kwarning: [m[Kcomparison of integer expressions of different signedness: ‘[01m[Kstd::vector<Eigen::Matrix<double, 3, 1> >::size_type[m[K’ {aka ‘[01m[Klong unsigned int[m[K’} and ‘[01m[Kint[m[K’ [[01;35m[K-Wsign-compare[m[K]
[5.413s]   375 |     if ([01;35m[Kglobal_centrePostions.size() < modelThresh[m[K)
[5.413s]       |         [01;35m[K~~~~~~~~~~~~~~~~~~~~~~~~~~~~~^~~~~~~~~~~~~[m[K
[5.420s] [01m[K/home/weiwei/Desktop/project/ObsAvoidance/src/model/src/model.cpp:[m[K In member function ‘[01m[Kvoid ModelNode::ransacModelParam()[m[K’:
[5.421s] [01m[K/home/weiwei/Desktop/project/ObsAvoidance/src/model/src/model.cpp:451:18:[m[K [01;35m[Kwarning: [m[Kcomparison of integer expressions of different signedness: ‘[01m[Kint[m[K’ and ‘[01m[Kstd::vector<Eigen::Matrix<double, 3, 1> >::size_type[m[K’ {aka ‘[01m[Klong unsigned int[m[K’} [[01;35m[K-Wsign-compare[m[K]
[5.421s]   451 |     for(int n=0;[01;35m[Kn<global_vecs_direction.size()[m[K;n++) {
[5.421s]       |                 [01;35m[K~^~~~~~~~~~~~~~~~~~~~~~~~~~~~~[m[K
[14.964s] [ 66%] [32m[1mLinking CXX executable model[0m
[16.644s] [100%] Built target model
[16.654s] Invoked command in '/home/weiwei/Desktop/project/ObsAvoidance/build/model' returned '0': CMAKE_PREFIX_PATH=/home/weiwei/Desktop/project/ObsAvoidance/install/interface:/home/weiwei/Desktop/project/ObsAvoidance/install/orbslam:/home/weiwei/Desktop/project/ObsAvoidance/install/model:/home/weiwei/Desktop/project/ObsAvoidance/install/media:/opt/ros/foxy /usr/bin/cmake --build /home/weiwei/Desktop/project/ObsAvoidance/build/model -- -j16 -l16
[16.680s] Invoking command in '/home/weiwei/Desktop/project/ObsAvoidance/build/model': CMAKE_PREFIX_PATH=/home/weiwei/Desktop/project/ObsAvoidance/install/interface:/home/weiwei/Desktop/project/ObsAvoidance/install/orbslam:/home/weiwei/Desktop/project/ObsAvoidance/install/model:/home/weiwei/Desktop/project/ObsAvoidance/install/media:/opt/ros/foxy /usr/bin/cmake --install /home/weiwei/Desktop/project/ObsAvoidance/build/model
[16.685s] -- Install configuration: ""
[16.685s] -- Installing: /home/weiwei/Desktop/project/ObsAvoidance/install/model/lib/model/model
[16.692s] -- Set runtime path of "/home/weiwei/Desktop/project/ObsAvoidance/install/model/lib/model/model" to ""
[16.693s] -- Up-to-date: /home/weiwei/Desktop/project/ObsAvoidance/install/model/share/ament_index/resource_index/package_run_dependencies/model
[16.693s] -- Up-to-date: /home/weiwei/Desktop/project/ObsAvoidance/install/model/share/ament_index/resource_index/parent_prefix_path/model
[16.693s] -- Up-to-date: /home/weiwei/Desktop/project/ObsAvoidance/install/model/share/model/environment/ament_prefix_path.sh
[16.693s] -- Up-to-date: /home/weiwei/Desktop/project/ObsAvoidance/install/model/share/model/environment/ament_prefix_path.dsv
[16.693s] -- Up-to-date: /home/weiwei/Desktop/project/ObsAvoidance/install/model/share/model/environment/path.sh
[16.693s] -- Up-to-date: /home/weiwei/Desktop/project/ObsAvoidance/install/model/share/model/environment/path.dsv
[16.693s] -- Up-to-date: /home/weiwei/Desktop/project/ObsAvoidance/install/model/share/model/local_setup.bash
[16.693s] -- Up-to-date: /home/weiwei/Desktop/project/ObsAvoidance/install/model/share/model/local_setup.sh
[16.693s] -- Up-to-date: /home/weiwei/Desktop/project/ObsAvoidance/install/model/share/model/local_setup.zsh
[16.693s] -- Up-to-date: /home/weiwei/Desktop/project/ObsAvoidance/install/model/share/model/local_setup.dsv
[16.693s] -- Installing: /home/weiwei/Desktop/project/ObsAvoidance/install/model/share/model/package.dsv
[16.693s] -- Up-to-date: /home/weiwei/Desktop/project/ObsAvoidance/install/model/share/ament_index/resource_index/packages/model
[16.693s] -- Up-to-date: /home/weiwei/Desktop/project/ObsAvoidance/install/model/share/model/cmake/modelConfig.cmake
[16.693s] -- Up-to-date: /home/weiwei/Desktop/project/ObsAvoidance/install/model/share/model/cmake/modelConfig-version.cmake
[16.693s] -- Up-to-date: /home/weiwei/Desktop/project/ObsAvoidance/install/model/share/model/package.xml
[16.694s] Invoked command in '/home/weiwei/Desktop/project/ObsAvoidance/build/model' returned '0': CMAKE_PREFIX_PATH=/home/weiwei/Desktop/project/ObsAvoidance/install/interface:/home/weiwei/Desktop/project/ObsAvoidance/install/orbslam:/home/weiwei/Desktop/project/ObsAvoidance/install/model:/home/weiwei/Desktop/project/ObsAvoidance/install/media:/opt/ros/foxy /usr/bin/cmake --install /home/weiwei/Desktop/project/ObsAvoidance/build/model
