[0.123s] Invoking command in '/home/weiwei/Desktop/project/ObsAvoidance/build/interface': CMAKE_PREFIX_PATH=${CMAKE_PREFIX_PATH}:/opt/ros/foxy /usr/bin/cmake --build /home/weiwei/Desktop/project/ObsAvoidance/build/interface -- -j16 -l16
[0.173s] -- Found ament_cmake: 0.9.12 (/opt/ros/foxy/share/ament_cmake/cmake)
[0.189s] -- Found PythonInterp: /usr/bin/python3 (found suitable version "3.8.10", minimum required is "3") 
[0.189s] -- Using PYTHON_EXECUTABLE: /usr/bin/python3
[0.302s] -- Found rclcpp: 2.4.3 (/opt/ros/foxy/share/rclcpp/cmake)
[0.333s] -- Using all available rosidl_typesupport_c: rosidl_typesupport_fastrtps_c;rosidl_typesupport_introspection_c
[0.337s] -- Found rosidl_adapter: 1.3.1 (/opt/ros/foxy/share/rosidl_adapter/cmake)
[0.434s] -- Using all available rosidl_typesupport_cpp: rosidl_typesupport_fastrtps_cpp;rosidl_typesupport_introspection_cpp
[0.472s] -- Found rmw_implementation_cmake: 1.0.4 (/opt/ros/foxy/share/rmw_implementation_cmake/cmake)
[0.473s] -- Using RMW implementation 'rmw_fastrtps_cpp' as default
[0.580s] -- Found sensor_msgs: 2.0.5 (/opt/ros/foxy/share/sensor_msgs/cmake)
[0.655s] -- Found rosidl_default_generators: 1.0.1 (/opt/ros/foxy/share/rosidl_default_generators/cmake)
[0.662s] -- Found ament_lint_auto: 0.9.8 (/opt/ros/foxy/share/ament_lint_auto/cmake)
[0.722s] -- Found PythonInterp: /usr/bin/python3 (found version "3.8.10") 
[0.811s] -- Found ament_cmake_ros: 0.9.2 (/opt/ros/foxy/share/ament_cmake_ros/cmake)
[1.009s] -- Using all available rosidl_typesupport_c: rosidl_typesupport_fastrtps_c;rosidl_typesupport_introspection_c
[1.105s] -- Using all available rosidl_typesupport_cpp: rosidl_typesupport_fastrtps_cpp;rosidl_typesupport_introspection_cpp
[1.124s] -- Found PythonInterp: /usr/bin/python3 (found suitable version "3.8.10", minimum required is "3.5") 
[1.125s] -- Found python_cmake_module: 0.8.1 (/opt/ros/foxy/share/python_cmake_module/cmake)
[1.142s] -- Using PYTHON_EXECUTABLE: /usr/bin/python3
[1.142s] -- Using PYTHON_INCLUDE_DIRS: /usr/include/python3.8
[1.142s] -- Using PYTHON_LIBRARIES: /usr/lib/x86_64-linux-gnu/libpython3.8.so
[1.191s] -- Added test 'copyright' to check source files copyright and LICENSE
[1.192s] -- Added test 'lint_cmake' to check CMake code style
[1.193s] -- Added test 'xmllint' to check XML markup files
[1.199s] -- Configuring done
[1.248s] -- Generating done
[1.250s] -- Build files have been written to: /home/weiwei/Desktop/project/ObsAvoidance/build/interface
[1.271s] [35m[1mScanning dependencies of target interface__cpp[0m
[1.272s] [35m[1mScanning dependencies of target interface__rosidl_generator_c[0m
[1.279s] [  3%] Built target interface__cpp
[1.281s] [  6%] [32mBuilding C object CMakeFiles/interface__rosidl_generator_c.dir/rosidl_generator_c/interface/msg/detail/slam__functions.c.o[0m
[1.287s] [35m[1mScanning dependencies of target interface__rosidl_typesupport_introspection_cpp[0m
[1.287s] [35m[1mScanning dependencies of target interface__rosidl_typesupport_cpp[0m
[1.287s] [35m[1mScanning dependencies of target interface__rosidl_typesupport_fastrtps_cpp[0m
[1.298s] [  9%] [32mBuilding CXX object CMakeFiles/interface__rosidl_typesupport_cpp.dir/rosidl_typesupport_cpp/interface/msg/slam__type_support.cpp.o[0m
[1.300s] [ 12%] [32mBuilding CXX object CMakeFiles/interface__rosidl_typesupport_introspection_cpp.dir/rosidl_typesupport_introspection_cpp/interface/msg/detail/slam__type_support.cpp.o[0m
[1.304s] [ 16%] [32mBuilding CXX object CMakeFiles/interface__rosidl_typesupport_fastrtps_cpp.dir/rosidl_typesupport_fastrtps_cpp/interface/msg/detail/dds_fastrtps/slam__type_support.cpp.o[0m
[1.368s] [ 19%] [32m[1mLinking C shared library libinterface__rosidl_generator_c.so[0m
[1.411s] [ 22%] Built target interface__rosidl_generator_c
[1.420s] [35m[1mScanning dependencies of target interface__rosidl_typesupport_introspection_c[0m
[1.420s] [35m[1mScanning dependencies of target interface__rosidl_typesupport_c[0m
[1.430s] [ 25%] [32mBuilding C object CMakeFiles/interface__rosidl_typesupport_introspection_c.dir/rosidl_typesupport_introspection_c/interface/msg/detail/slam__type_support.c.o[0m
[1.431s] [ 29%] [32mBuilding CXX object CMakeFiles/interface__rosidl_typesupport_c.dir/rosidl_typesupport_c/interface/msg/slam__type_support.cpp.o[0m
[1.457s] [ 32%] [32m[1mLinking C shared library libinterface__rosidl_typesupport_introspection_c.so[0m
[1.462s] [ 35%] [32m[1mLinking CXX shared library libinterface__rosidl_typesupport_c.so[0m
[1.480s] [ 38%] Built target interface__rosidl_typesupport_introspection_c
[1.494s] [ 41%] Built target interface__rosidl_typesupport_c
[1.528s] [ 45%] [32m[1mLinking CXX shared library libinterface__rosidl_typesupport_introspection_cpp.so[0m
[1.560s] [ 48%] [32m[1mLinking CXX shared library libinterface__rosidl_typesupport_cpp.so[0m
[1.574s] [ 51%] Built target interface__rosidl_typesupport_introspection_cpp
[1.589s] [ 54%] Built target interface__rosidl_typesupport_cpp
[1.593s] [ 58%] [32m[1mLinking CXX shared library libinterface__rosidl_typesupport_fastrtps_cpp.so[0m
[1.654s] [ 61%] Built target interface__rosidl_typesupport_fastrtps_cpp
[1.662s] [35m[1mScanning dependencies of target interface__rosidl_typesupport_fastrtps_c[0m
[1.673s] [ 64%] [32mBuilding CXX object CMakeFiles/interface__rosidl_typesupport_fastrtps_c.dir/rosidl_typesupport_fastrtps_c/interface/msg/detail/slam__type_support_c.cpp.o[0m
[1.891s] [ 67%] [32m[1mLinking CXX shared library libinterface__rosidl_typesupport_fastrtps_c.so[0m
[1.948s] [ 70%] Built target interface__rosidl_typesupport_fastrtps_c
[1.961s] [ 70%] Built target interface
[1.967s] [35m[1mScanning dependencies of target interface__py[0m
[1.979s] [ 74%] Built target interface__py
[1.986s] [35m[1mScanning dependencies of target interface__python[0m
[1.997s] [ 77%] [32mBuilding C object CMakeFiles/interface__python.dir/rosidl_generator_py/interface/msg/_slam_s.c.o[0m
[2.076s] [ 80%] [32m[1mLinking C shared library rosidl_generator_py/interface/libinterface__python.so[0m
[2.109s] [ 80%] Built target interface__python
[2.118s] [35m[1mScanning dependencies of target interface__rosidl_typesupport_fastrtps_c__pyext[0m
[2.118s] [35m[1mScanning dependencies of target interface__rosidl_typesupport_c__pyext[0m
[2.118s] [35m[1mScanning dependencies of target interface__rosidl_typesupport_introspection_c__pyext[0m
[2.129s] [ 90%] [32mBuilding C object CMakeFiles/interface__rosidl_typesupport_fastrtps_c__pyext.dir/rosidl_generator_py/interface/_interface_s.ep.rosidl_typesupport_fastrtps_c.c.o[0m
[2.129s] [ 90%] [32mBuilding C object CMakeFiles/interface__rosidl_typesupport_c__pyext.dir/rosidl_generator_py/interface/_interface_s.ep.rosidl_typesupport_c.c.o[0m
[2.129s] [ 90%] [32mBuilding C object CMakeFiles/interface__rosidl_typesupport_introspection_c__pyext.dir/rosidl_generator_py/interface/_interface_s.ep.rosidl_typesupport_introspection_c.c.o[0m
[2.184s] [100%] [32m[1mLinking C shared library rosidl_generator_py/interface/interface_s__rosidl_typesupport_introspection_c.cpython-38-x86_64-linux-gnu.so[0m
[2.184s] [100%] [32m[1mLinking C shared library rosidl_generator_py/interface/interface_s__rosidl_typesupport_c.cpython-38-x86_64-linux-gnu.so[0m
[2.184s] [100%] [32m[1mLinking CXX shared library rosidl_generator_py/interface/interface_s__rosidl_typesupport_fastrtps_c.cpython-38-x86_64-linux-gnu.so[0m
[2.212s] [100%] Built target interface__rosidl_typesupport_c__pyext
[2.213s] [100%] Built target interface__rosidl_typesupport_introspection_c__pyext
[2.235s] [100%] Built target interface__rosidl_typesupport_fastrtps_c__pyext
[2.246s] Invoked command in '/home/weiwei/Desktop/project/ObsAvoidance/build/interface' returned '0': CMAKE_PREFIX_PATH=${CMAKE_PREFIX_PATH}:/opt/ros/foxy /usr/bin/cmake --build /home/weiwei/Desktop/project/ObsAvoidance/build/interface -- -j16 -l16
[2.294s] Invoking command in '/home/weiwei/Desktop/project/ObsAvoidance/build/interface': CMAKE_PREFIX_PATH=${CMAKE_PREFIX_PATH}:/opt/ros/foxy /usr/bin/cmake --install /home/weiwei/Desktop/project/ObsAvoidance/build/interface
[2.301s] -- Install configuration: ""
[2.301s] -- Up-to-date: /home/weiwei/Desktop/project/ObsAvoidance/install/interface/share/ament_index/resource_index/rosidl_interfaces/interface
[2.301s] -- Up-to-date: /home/weiwei/Desktop/project/ObsAvoidance/install/interface/include/interface
[2.301s] -- Up-to-date: /home/weiwei/Desktop/project/ObsAvoidance/install/interface/include/interface/msg
[2.301s] -- Up-to-date: /home/weiwei/Desktop/project/ObsAvoidance/install/interface/include/interface/msg/detail
[2.301s] -- Up-to-date: /home/weiwei/Desktop/project/ObsAvoidance/install/interface/include/interface/msg/detail/slam__struct.h
[2.301s] -- Up-to-date: /home/weiwei/Desktop/project/ObsAvoidance/install/interface/include/interface/msg/detail/slam__type_support.h
[2.301s] -- Up-to-date: /home/weiwei/Desktop/project/ObsAvoidance/install/interface/include/interface/msg/detail/slam__functions.c
[2.301s] -- Up-to-date: /home/weiwei/Desktop/project/ObsAvoidance/install/interface/include/interface/msg/detail/slam__functions.h
[2.301s] -- Up-to-date: /home/weiwei/Desktop/project/ObsAvoidance/install/interface/include/interface/msg/slam.h
[2.301s] -- Up-to-date: /home/weiwei/Desktop/project/ObsAvoidance/install/interface/include/interface/msg/rosidl_generator_c__visibility_control.h
[2.301s] -- Installing: /home/weiwei/Desktop/project/ObsAvoidance/install/interface/share/interface/environment/library_path.sh
[2.301s] -- Installing: /home/weiwei/Desktop/project/ObsAvoidance/install/interface/share/interface/environment/library_path.dsv
[2.301s] -- Installing: /home/weiwei/Desktop/project/ObsAvoidance/install/interface/lib/libinterface__rosidl_generator_c.so
[2.301s] -- Set runtime path of "/home/weiwei/Desktop/project/ObsAvoidance/install/interface/lib/libinterface__rosidl_generator_c.so" to ""
[2.301s] -- Up-to-date: /home/weiwei/Desktop/project/ObsAvoidance/install/interface/include/interface
[2.301s] -- Up-to-date: /home/weiwei/Desktop/project/ObsAvoidance/install/interface/include/interface/msg
[2.302s] -- Up-to-date: /home/weiwei/Desktop/project/ObsAvoidance/install/interface/include/interface/msg/detail
[2.302s] -- Up-to-date: /home/weiwei/Desktop/project/ObsAvoidance/install/interface/include/interface/msg/detail/slam__rosidl_typesupport_fastrtps_c.h
[2.302s] -- Up-to-date: /home/weiwei/Desktop/project/ObsAvoidance/install/interface/include/interface/msg/rosidl_typesupport_fastrtps_c__visibility_control.h
[2.302s] -- Installing: /home/weiwei/Desktop/project/ObsAvoidance/install/interface/lib/libinterface__rosidl_typesupport_fastrtps_c.so
[2.302s] -- Set runtime path of "/home/weiwei/Desktop/project/ObsAvoidance/install/interface/lib/libinterface__rosidl_typesupport_fastrtps_c.so" to ""
[2.302s] -- Up-to-date: /home/weiwei/Desktop/project/ObsAvoidance/install/interface/include/interface
[2.302s] -- Up-to-date: /home/weiwei/Desktop/project/ObsAvoidance/install/interface/include/interface/msg
[2.302s] -- Up-to-date: /home/weiwei/Desktop/project/ObsAvoidance/install/interface/include/interface/msg/detail
[2.302s] -- Up-to-date: /home/weiwei/Desktop/project/ObsAvoidance/install/interface/include/interface/msg/detail/slam__rosidl_typesupport_fastrtps_cpp.hpp
[2.302s] -- Installing: /home/weiwei/Desktop/project/ObsAvoidance/install/interface/include/interface/msg/detail/dds_fastrtps
[2.302s] -- Up-to-date: /home/weiwei/Desktop/project/ObsAvoidance/install/interface/include/interface/msg/rosidl_typesupport_fastrtps_cpp__visibility_control.h
[2.302s] -- Installing: /home/weiwei/Desktop/project/ObsAvoidance/install/interface/lib/libinterface__rosidl_typesupport_fastrtps_cpp.so
[2.302s] -- Set runtime path of "/home/weiwei/Desktop/project/ObsAvoidance/install/interface/lib/libinterface__rosidl_typesupport_fastrtps_cpp.so" to ""
[2.302s] -- Up-to-date: /home/weiwei/Desktop/project/ObsAvoidance/install/interface/include/interface
[2.302s] -- Up-to-date: /home/weiwei/Desktop/project/ObsAvoidance/install/interface/include/interface/msg
[2.302s] -- Up-to-date: /home/weiwei/Desktop/project/ObsAvoidance/install/interface/include/interface/msg/detail
[2.302s] -- Up-to-date: /home/weiwei/Desktop/project/ObsAvoidance/install/interface/include/interface/msg/detail/slam__type_support.c
[2.302s] -- Up-to-date: /home/weiwei/Desktop/project/ObsAvoidance/install/interface/include/interface/msg/detail/slam__rosidl_typesupport_introspection_c.h
[2.302s] -- Up-to-date: /home/weiwei/Desktop/project/ObsAvoidance/install/interface/include/interface/msg/rosidl_typesupport_introspection_c__visibility_control.h
[2.302s] -- Installing: /home/weiwei/Desktop/project/ObsAvoidance/install/interface/lib/libinterface__rosidl_typesupport_introspection_c.so
[2.303s] -- Set runtime path of "/home/weiwei/Desktop/project/ObsAvoidance/install/interface/lib/libinterface__rosidl_typesupport_introspection_c.so" to ""
[2.303s] -- Installing: /home/weiwei/Desktop/project/ObsAvoidance/install/interface/lib/libinterface__rosidl_typesupport_c.so
[2.303s] -- Set runtime path of "/home/weiwei/Desktop/project/ObsAvoidance/install/interface/lib/libinterface__rosidl_typesupport_c.so" to ""
[2.303s] -- Up-to-date: /home/weiwei/Desktop/project/ObsAvoidance/install/interface/include/interface
[2.303s] -- Up-to-date: /home/weiwei/Desktop/project/ObsAvoidance/install/interface/include/interface/msg
[2.303s] -- Up-to-date: /home/weiwei/Desktop/project/ObsAvoidance/install/interface/include/interface/msg/detail
[2.303s] -- Up-to-date: /home/weiwei/Desktop/project/ObsAvoidance/install/interface/include/interface/msg/detail/slam__traits.hpp
[2.303s] -- Up-to-date: /home/weiwei/Desktop/project/ObsAvoidance/install/interface/include/interface/msg/detail/slam__type_support.hpp
[2.303s] -- Up-to-date: /home/weiwei/Desktop/project/ObsAvoidance/install/interface/include/interface/msg/detail/slam__builder.hpp
[2.303s] -- Up-to-date: /home/weiwei/Desktop/project/ObsAvoidance/install/interface/include/interface/msg/detail/slam__struct.hpp
[2.303s] -- Up-to-date: /home/weiwei/Desktop/project/ObsAvoidance/install/interface/include/interface/msg/slam.hpp
[2.303s] -- Up-to-date: /home/weiwei/Desktop/project/ObsAvoidance/install/interface/include/interface/msg/rosidl_generator_cpp__visibility_control.hpp
[2.303s] -- Up-to-date: /home/weiwei/Desktop/project/ObsAvoidance/install/interface/include/interface
[2.303s] -- Up-to-date: /home/weiwei/Desktop/project/ObsAvoidance/install/interface/include/interface/msg
[2.303s] -- Up-to-date: /home/weiwei/Desktop/project/ObsAvoidance/install/interface/include/interface/msg/detail
[2.304s] -- Up-to-date: /home/weiwei/Desktop/project/ObsAvoidance/install/interface/include/interface/msg/detail/slam__type_support.cpp
[2.304s] -- Up-to-date: /home/weiwei/Desktop/project/ObsAvoidance/install/interface/include/interface/msg/detail/slam__rosidl_typesupport_introspection_cpp.hpp
[2.304s] -- Installing: /home/weiwei/Desktop/project/ObsAvoidance/install/interface/lib/libinterface__rosidl_typesupport_introspection_cpp.so
[2.304s] -- Set runtime path of "/home/weiwei/Desktop/project/ObsAvoidance/install/interface/lib/libinterface__rosidl_typesupport_introspection_cpp.so" to ""
[2.304s] -- Installing: /home/weiwei/Desktop/project/ObsAvoidance/install/interface/lib/libinterface__rosidl_typesupport_cpp.so
[2.304s] -- Set runtime path of "/home/weiwei/Desktop/project/ObsAvoidance/install/interface/lib/libinterface__rosidl_typesupport_cpp.so" to ""
[2.304s] -- Up-to-date: /home/weiwei/Desktop/project/ObsAvoidance/install/interface/share/interface/environment/pythonpath.sh
[2.304s] -- Installing: /home/weiwei/Desktop/project/ObsAvoidance/install/interface/share/interface/environment/pythonpath.dsv
[2.304s] -- Installing: /home/weiwei/Desktop/project/ObsAvoidance/install/interface/lib/python3.8/site-packages/interface/__init__.py
[2.324s] Compiling '/home/weiwei/Desktop/project/ObsAvoidance/install/interface/lib/python3.8/site-packages/interface/__init__.py'...
[2.326s] -- Up-to-date: /home/weiwei/Desktop/project/ObsAvoidance/install/interface/lib/python3.8/site-packages/interface/msg
[2.326s] -- Installing: /home/weiwei/Desktop/project/ObsAvoidance/install/interface/lib/python3.8/site-packages/interface/msg/_slam.py
[2.326s] -- Installing: /home/weiwei/Desktop/project/ObsAvoidance/install/interface/lib/python3.8/site-packages/interface/msg/_slam_s.c
[2.326s] -- Installing: /home/weiwei/Desktop/project/ObsAvoidance/install/interface/lib/python3.8/site-packages/interface/msg/__init__.py
[2.327s] -- Installing: /home/weiwei/Desktop/project/ObsAvoidance/install/interface/lib/python3.8/site-packages/interface/interface_s__rosidl_typesupport_fastrtps_c.cpython-38-x86_64-linux-gnu.so
[2.327s] -- Set runtime path of "/home/weiwei/Desktop/project/ObsAvoidance/install/interface/lib/python3.8/site-packages/interface/interface_s__rosidl_typesupport_fastrtps_c.cpython-38-x86_64-linux-gnu.so" to ""
[2.327s] -- Installing: /home/weiwei/Desktop/project/ObsAvoidance/install/interface/lib/python3.8/site-packages/interface/interface_s__rosidl_typesupport_introspection_c.cpython-38-x86_64-linux-gnu.so
[2.327s] -- Set runtime path of "/home/weiwei/Desktop/project/ObsAvoidance/install/interface/lib/python3.8/site-packages/interface/interface_s__rosidl_typesupport_introspection_c.cpython-38-x86_64-linux-gnu.so" to ""
[2.328s] -- Installing: /home/weiwei/Desktop/project/ObsAvoidance/install/interface/lib/python3.8/site-packages/interface/interface_s__rosidl_typesupport_c.cpython-38-x86_64-linux-gnu.so
[2.328s] -- Set runtime path of "/home/weiwei/Desktop/project/ObsAvoidance/install/interface/lib/python3.8/site-packages/interface/interface_s__rosidl_typesupport_c.cpython-38-x86_64-linux-gnu.so" to ""
[2.328s] -- Installing: /home/weiwei/Desktop/project/ObsAvoidance/install/interface/lib/libinterface__python.so
[2.328s] -- Set runtime path of "/home/weiwei/Desktop/project/ObsAvoidance/install/interface/lib/libinterface__python.so" to ""
[2.328s] -- Up-to-date: /home/weiwei/Desktop/project/ObsAvoidance/install/interface/share/interface/msg/Slam.idl
[2.328s] -- Up-to-date: /home/weiwei/Desktop/project/ObsAvoidance/install/interface/share/interface/msg/Slam.msg
[2.328s] -- Up-to-date: /home/weiwei/Desktop/project/ObsAvoidance/install/interface/share/ament_index/resource_index/package_run_dependencies/interface
[2.328s] -- Up-to-date: /home/weiwei/Desktop/project/ObsAvoidance/install/interface/share/ament_index/resource_index/parent_prefix_path/interface
[2.328s] -- Installing: /home/weiwei/Desktop/project/ObsAvoidance/install/interface/share/interface/environment/ament_prefix_path.sh
[2.328s] -- Installing: /home/weiwei/Desktop/project/ObsAvoidance/install/interface/share/interface/environment/ament_prefix_path.dsv
[2.329s] -- Installing: /home/weiwei/Desktop/project/ObsAvoidance/install/interface/share/interface/environment/path.sh
[2.329s] -- Installing: /home/weiwei/Desktop/project/ObsAvoidance/install/interface/share/interface/environment/path.dsv
[2.329s] -- Up-to-date: /home/weiwei/Desktop/project/ObsAvoidance/install/interface/share/interface/local_setup.bash
[2.329s] -- Up-to-date: /home/weiwei/Desktop/project/ObsAvoidance/install/interface/share/interface/local_setup.sh
[2.329s] -- Up-to-date: /home/weiwei/Desktop/project/ObsAvoidance/install/interface/share/interface/local_setup.zsh
[2.329s] -- Installing: /home/weiwei/Desktop/project/ObsAvoidance/install/interface/share/interface/local_setup.dsv
[2.329s] -- Installing: /home/weiwei/Desktop/project/ObsAvoidance/install/interface/share/interface/package.dsv
[2.329s] -- Up-to-date: /home/weiwei/Desktop/project/ObsAvoidance/install/interface/share/ament_index/resource_index/packages/interface
[2.329s] -- Up-to-date: /home/weiwei/Desktop/project/ObsAvoidance/install/interface/share/interface/cmake/interface__rosidl_generator_cExport.cmake
[2.329s] -- Installing: /home/weiwei/Desktop/project/ObsAvoidance/install/interface/share/interface/cmake/interface__rosidl_generator_cExport-noconfig.cmake
[2.329s] -- Up-to-date: /home/weiwei/Desktop/project/ObsAvoidance/install/interface/share/interface/cmake/interface__rosidl_typesupport_introspection_cExport.cmake
[2.329s] -- Installing: /home/weiwei/Desktop/project/ObsAvoidance/install/interface/share/interface/cmake/interface__rosidl_typesupport_introspection_cExport-noconfig.cmake
[2.329s] -- Up-to-date: /home/weiwei/Desktop/project/ObsAvoidance/install/interface/share/interface/cmake/interface__rosidl_typesupport_cExport.cmake
[2.329s] -- Installing: /home/weiwei/Desktop/project/ObsAvoidance/install/interface/share/interface/cmake/interface__rosidl_typesupport_cExport-noconfig.cmake
[2.329s] -- Up-to-date: /home/weiwei/Desktop/project/ObsAvoidance/install/interface/share/interface/cmake/interface__rosidl_generator_cppExport.cmake
[2.329s] -- Up-to-date: /home/weiwei/Desktop/project/ObsAvoidance/install/interface/share/interface/cmake/interface__rosidl_typesupport_introspection_cppExport.cmake
[2.329s] -- Installing: /home/weiwei/Desktop/project/ObsAvoidance/install/interface/share/interface/cmake/interface__rosidl_typesupport_introspection_cppExport-noconfig.cmake
[2.330s] -- Up-to-date: /home/weiwei/Desktop/project/ObsAvoidance/install/interface/share/interface/cmake/interface__rosidl_typesupport_cppExport.cmake
[2.330s] -- Installing: /home/weiwei/Desktop/project/ObsAvoidance/install/interface/share/interface/cmake/interface__rosidl_typesupport_cppExport-noconfig.cmake
[2.330s] -- Up-to-date: /home/weiwei/Desktop/project/ObsAvoidance/install/interface/share/interface/cmake/rosidl_cmake-extras.cmake
[2.330s] -- Up-to-date: /home/weiwei/Desktop/project/ObsAvoidance/install/interface/share/interface/cmake/ament_cmake_export_dependencies-extras.cmake
[2.330s] -- Up-to-date: /home/weiwei/Desktop/project/ObsAvoidance/install/interface/share/interface/cmake/ament_cmake_export_libraries-extras.cmake
[2.330s] -- Up-to-date: /home/weiwei/Desktop/project/ObsAvoidance/install/interface/share/interface/cmake/ament_cmake_export_targets-extras.cmake
[2.330s] -- Up-to-date: /home/weiwei/Desktop/project/ObsAvoidance/install/interface/share/interface/cmake/ament_cmake_export_include_directories-extras.cmake
[2.330s] -- Up-to-date: /home/weiwei/Desktop/project/ObsAvoidance/install/interface/share/interface/cmake/rosidl_cmake_export_typesupport_libraries-extras.cmake
[2.330s] -- Up-to-date: /home/weiwei/Desktop/project/ObsAvoidance/install/interface/share/interface/cmake/rosidl_cmake_export_typesupport_targets-extras.cmake
[2.330s] -- Up-to-date: /home/weiwei/Desktop/project/ObsAvoidance/install/interface/share/interface/cmake/interfaceConfig.cmake
[2.330s] -- Up-to-date: /home/weiwei/Desktop/project/ObsAvoidance/install/interface/share/interface/cmake/interfaceConfig-version.cmake
[2.330s] -- Up-to-date: /home/weiwei/Desktop/project/ObsAvoidance/install/interface/share/interface/package.xml
[2.332s] Invoked command in '/home/weiwei/Desktop/project/ObsAvoidance/build/interface' returned '0': CMAKE_PREFIX_PATH=${CMAKE_PREFIX_PATH}:/opt/ros/foxy /usr/bin/cmake --install /home/weiwei/Desktop/project/ObsAvoidance/build/interface
