[0.073s] Invoking command in '/home/weiwei/Desktop/project/ObsAvoidance/build/interface': CMAKE_PREFIX_PATH=/opt/ros/foxy /usr/bin/cmake --build /home/weiwei/Desktop/project/ObsAvoidance/build/interface -- -j16 -l16
[0.089s] -- Found ament_cmake: 0.9.12 (/opt/ros/foxy/share/ament_cmake/cmake)
[0.101s] -- Found PythonInterp: /usr/bin/python3 (found suitable version "3.8.10", minimum required is "3") 
[0.102s] -- Using PYTHON_EXECUTABLE: /usr/bin/python3
[0.210s] -- Found rclcpp: 2.4.3 (/opt/ros/foxy/share/rclcpp/cmake)
[0.242s] -- Using all available rosidl_typesupport_c: rosidl_typesupport_fastrtps_c;rosidl_typesupport_introspection_c
[0.244s] -- Found rosidl_adapter: 1.3.1 (/opt/ros/foxy/share/rosidl_adapter/cmake)
[0.332s] -- Using all available rosidl_typesupport_cpp: rosidl_typesupport_fastrtps_cpp;rosidl_typesupport_introspection_cpp
[0.363s] -- Found rmw_implementation_cmake: 1.0.4 (/opt/ros/foxy/share/rmw_implementation_cmake/cmake)
[0.364s] -- Using RMW implementation 'rmw_fastrtps_cpp' as default
[0.453s] -- Found sensor_msgs: 2.0.5 (/opt/ros/foxy/share/sensor_msgs/cmake)
[0.523s] -- Found rosidl_default_generators: 1.0.1 (/opt/ros/foxy/share/rosidl_default_generators/cmake)
[0.528s] -- Found ament_lint_auto: 0.9.8 (/opt/ros/foxy/share/ament_lint_auto/cmake)
[0.576s] -- Found PythonInterp: /usr/bin/python3 (found version "3.8.10") 
[0.707s] -- Found ament_cmake_ros: 0.9.2 (/opt/ros/foxy/share/ament_cmake_ros/cmake)
[0.914s] -- Using all available rosidl_typesupport_c: rosidl_typesupport_fastrtps_c;rosidl_typesupport_introspection_c
[1.015s] -- Using all available rosidl_typesupport_cpp: rosidl_typesupport_fastrtps_cpp;rosidl_typesupport_introspection_cpp
[1.032s] -- Found PythonInterp: /usr/bin/python3 (found suitable version "3.8.10", minimum required is "3.5") 
[1.033s] -- Found python_cmake_module: 0.8.1 (/opt/ros/foxy/share/python_cmake_module/cmake)
[1.047s] -- Using PYTHON_EXECUTABLE: /usr/bin/python3
[1.047s] -- Using PYTHON_INCLUDE_DIRS: /usr/include/python3.8
[1.047s] -- Using PYTHON_LIBRARIES: /usr/lib/x86_64-linux-gnu/libpython3.8.so
[1.095s] -- Added test 'copyright' to check source files copyright and LICENSE
[1.096s] -- Added test 'lint_cmake' to check CMake code style
[1.097s] -- Added test 'xmllint' to check XML markup files
[1.102s] -- Configuring done
[1.160s] -- Generating done
[1.163s] -- Build files have been written to: /home/weiwei/Desktop/project/ObsAvoidance/build/interface
[1.183s] [35m[1mScanning dependencies of target interface__cpp[0m
[1.183s] [  1%] [34m[1mGenerating C code for ROS interfaces[0m
[1.190s] [  3%] [34m[1mGenerating C++ code for ROS interfaces[0m
[1.536s] [  3%] Built target interface__cpp
[1.545s] [  5%] [34m[1mGenerating C++ type support dispatch for ROS interfaces[0m
[1.545s] [  7%] [34m[1mGenerating C++ introspection for ROS interfaces[0m
[1.545s] [  9%] [34m[1mGenerating C++ type support for eProsima Fast-RTPS[0m
[1.559s] [35m[1mScanning dependencies of target interface__rosidl_generator_c[0m
[1.572s] [ 10%] [32mBuilding C object CMakeFiles/interface__rosidl_generator_c.dir/rosidl_generator_c/interface/msg/detail/slam__functions.c.o[0m
[1.573s] [ 14%] [32mBuilding C object CMakeFiles/interface__rosidl_generator_c.dir/rosidl_generator_c/interface/action/detail/move__functions.c.o[0m
[1.573s] [ 14%] [32mBuilding C object CMakeFiles/interface__rosidl_generator_c.dir/rosidl_generator_c/interface/srv/detail/slam_initialized__functions.c.o[0m
[1.573s] [ 16%] [32mBuilding C object CMakeFiles/interface__rosidl_generator_c.dir/rosidl_generator_c/interface/srv/detail/t__functions.c.o[0m
[1.717s] [ 18%] [32m[1mLinking C shared library libinterface__rosidl_generator_c.so[0m
[1.762s] [ 18%] Built target interface__rosidl_generator_c
[1.772s] [ 20%] [34m[1mGenerating C introspection for ROS interfaces[0m
[1.772s] [ 21%] [34m[1mGenerating C type support dispatch for ROS interfaces[0m
[1.792s] [35m[1mScanning dependencies of target interface__rosidl_typesupport_cpp[0m
[1.803s] [ 25%] [32mBuilding CXX object CMakeFiles/interface__rosidl_typesupport_cpp.dir/rosidl_typesupport_cpp/interface/msg/slam__type_support.cpp.o[0m
[1.803s] [ 25%] [32mBuilding CXX object CMakeFiles/interface__rosidl_typesupport_cpp.dir/rosidl_typesupport_cpp/interface/srv/slam_initialized__type_support.cpp.o[0m
[1.805s] [ 27%] [32mBuilding CXX object CMakeFiles/interface__rosidl_typesupport_cpp.dir/rosidl_typesupport_cpp/interface/action/move__type_support.cpp.o[0m
[1.805s] [ 29%] [32mBuilding CXX object CMakeFiles/interface__rosidl_typesupport_cpp.dir/rosidl_typesupport_cpp/interface/srv/t__type_support.cpp.o[0m
[1.883s] [35m[1mScanning dependencies of target interface__rosidl_typesupport_introspection_cpp[0m
[1.901s] [ 36%] [32mBuilding CXX object CMakeFiles/interface__rosidl_typesupport_introspection_cpp.dir/rosidl_typesupport_introspection_cpp/interface/msg/detail/slam__type_support.cpp.o[0m
[1.901s] [ 36%] [32mBuilding CXX object CMakeFiles/interface__rosidl_typesupport_introspection_cpp.dir/rosidl_typesupport_introspection_cpp/interface/action/detail/move__type_support.cpp.o[0m
[1.901s] [ 36%] [32mBuilding CXX object CMakeFiles/interface__rosidl_typesupport_introspection_cpp.dir/rosidl_typesupport_introspection_cpp/interface/srv/detail/slam_initialized__type_support.cpp.o[0m
[1.901s] [ 36%] [32mBuilding CXX object CMakeFiles/interface__rosidl_typesupport_introspection_cpp.dir/rosidl_typesupport_introspection_cpp/interface/srv/detail/t__type_support.cpp.o[0m
[1.955s] [35m[1mScanning dependencies of target interface__rosidl_typesupport_fastrtps_cpp[0m
[1.980s] [ 38%] [32mBuilding CXX object CMakeFiles/interface__rosidl_typesupport_fastrtps_cpp.dir/rosidl_typesupport_fastrtps_cpp/interface/msg/detail/dds_fastrtps/slam__type_support.cpp.o[0m
[1.989s] [ 40%] [32mBuilding CXX object CMakeFiles/interface__rosidl_typesupport_fastrtps_cpp.dir/rosidl_typesupport_fastrtps_cpp/interface/srv/detail/dds_fastrtps/slam_initialized__type_support.cpp.o[0m
[1.989s] [ 41%] [32mBuilding CXX object CMakeFiles/interface__rosidl_typesupport_fastrtps_cpp.dir/rosidl_typesupport_fastrtps_cpp/interface/action/detail/dds_fastrtps/move__type_support.cpp.o[0m
[1.999s] [ 43%] [32mBuilding CXX object CMakeFiles/interface__rosidl_typesupport_fastrtps_cpp.dir/rosidl_typesupport_fastrtps_cpp/interface/srv/detail/dds_fastrtps/t__type_support.cpp.o[0m
[2.187s] [35m[1mScanning dependencies of target interface__rosidl_typesupport_c[0m
[2.191s] [ 45%] [32m[1mLinking CXX shared library libinterface__rosidl_typesupport_cpp.so[0m
[2.203s] [ 47%] [32mBuilding CXX object CMakeFiles/interface__rosidl_typesupport_c.dir/rosidl_typesupport_c/interface/srv/t__type_support.cpp.o[0m
[2.203s] [ 49%] [32mBuilding CXX object CMakeFiles/interface__rosidl_typesupport_c.dir/rosidl_typesupport_c/interface/action/move__type_support.cpp.o[0m
[2.206s] [ 50%] [32mBuilding CXX object CMakeFiles/interface__rosidl_typesupport_c.dir/rosidl_typesupport_c/interface/msg/slam__type_support.cpp.o[0m
[2.209s] [ 52%] [32mBuilding CXX object CMakeFiles/interface__rosidl_typesupport_c.dir/rosidl_typesupport_c/interface/srv/slam_initialized__type_support.cpp.o[0m
[2.236s] [ 52%] Built target interface__rosidl_typesupport_cpp
[2.250s] [ 54%] [32m[1mLinking CXX shared library libinterface__rosidl_typesupport_c.so[0m
[2.274s] [35m[1mScanning dependencies of target interface__rosidl_typesupport_introspection_c[0m
[2.280s] [ 56%] [32m[1mLinking CXX shared library libinterface__rosidl_typesupport_introspection_cpp.so[0m
[2.284s] [ 56%] Built target interface__rosidl_typesupport_c
[2.287s] [ 58%] [32mBuilding C object CMakeFiles/interface__rosidl_typesupport_introspection_c.dir/rosidl_typesupport_introspection_c/interface/msg/detail/slam__type_support.c.o[0m
[2.287s] [ 60%] [32mBuilding C object CMakeFiles/interface__rosidl_typesupport_introspection_c.dir/rosidl_typesupport_introspection_c/interface/action/detail/move__type_support.c.o[0m
[2.287s] [ 61%] [32mBuilding C object CMakeFiles/interface__rosidl_typesupport_introspection_c.dir/rosidl_typesupport_introspection_c/interface/srv/detail/slam_initialized__type_support.c.o[0m
[2.288s] [ 63%] [32mBuilding C object CMakeFiles/interface__rosidl_typesupport_introspection_c.dir/rosidl_typesupport_introspection_c/interface/srv/detail/t__type_support.c.o[0m
[2.332s] [ 65%] [32m[1mLinking C shared library libinterface__rosidl_typesupport_introspection_c.so[0m
[2.345s] [ 65%] Built target interface__rosidl_typesupport_introspection_cpp
[2.357s] [ 65%] Built target interface__rosidl_typesupport_introspection_c
[2.440s] [ 67%] [32m[1mLinking CXX shared library libinterface__rosidl_typesupport_fastrtps_cpp.so[0m
[2.502s] [ 67%] Built target interface__rosidl_typesupport_fastrtps_cpp
[2.510s] [ 69%] [34m[1mGenerating C type support for eProsima Fast-RTPS[0m
[2.825s] [35m[1mScanning dependencies of target interface__rosidl_typesupport_fastrtps_c[0m
[2.842s] [ 74%] [32mBuilding CXX object CMakeFiles/interface__rosidl_typesupport_fastrtps_c.dir/rosidl_typesupport_fastrtps_c/interface/srv/detail/slam_initialized__type_support_c.cpp.o[0m
[2.842s] [ 74%] [32mBuilding CXX object CMakeFiles/interface__rosidl_typesupport_fastrtps_c.dir/rosidl_typesupport_fastrtps_c/interface/msg/detail/slam__type_support_c.cpp.o[0m
[2.842s] [ 74%] [32mBuilding CXX object CMakeFiles/interface__rosidl_typesupport_fastrtps_c.dir/rosidl_typesupport_fastrtps_c/interface/action/detail/move__type_support_c.cpp.o[0m
[2.844s] [ 76%] [32mBuilding CXX object CMakeFiles/interface__rosidl_typesupport_fastrtps_c.dir/rosidl_typesupport_fastrtps_c/interface/srv/detail/t__type_support_c.cpp.o[0m
[3.084s] [ 78%] [32m[1mLinking CXX shared library libinterface__rosidl_typesupport_fastrtps_c.so[0m
[3.146s] [ 78%] Built target interface__rosidl_typesupport_fastrtps_c
[3.160s] [ 78%] Built target interface
[3.166s] [35m[1mScanning dependencies of target interface__py[0m
[3.174s] [ 80%] [34m[1mGenerating Python code for ROS interfaces[0m
[3.936s] [ 80%] Built target interface__py
[3.943s] [35m[1mScanning dependencies of target interface__python[0m
[3.957s] [ 81%] [32mBuilding C object CMakeFiles/interface__python.dir/rosidl_generator_py/interface/action/_move_s.c.o[0m
[3.958s] [ 83%] [32mBuilding C object CMakeFiles/interface__python.dir/rosidl_generator_py/interface/msg/_slam_s.c.o[0m
[3.958s] [ 85%] [32mBuilding C object CMakeFiles/interface__python.dir/rosidl_generator_py/interface/srv/_slam_initialized_s.c.o[0m
[3.959s] [ 87%] [32mBuilding C object CMakeFiles/interface__python.dir/rosidl_generator_py/interface/srv/_t_s.c.o[0m
[4.052s] [ 89%] [32m[1mLinking C shared library rosidl_generator_py/interface/libinterface__python.so[0m
[4.084s] [ 89%] Built target interface__python
[4.092s] [35m[1mScanning dependencies of target interface__rosidl_typesupport_c__pyext[0m
[4.092s] [35m[1mScanning dependencies of target interface__rosidl_typesupport_fastrtps_c__pyext[0m
[4.092s] [35m[1mScanning dependencies of target interface__rosidl_typesupport_introspection_c__pyext[0m
[4.102s] [ 90%] [32mBuilding C object CMakeFiles/interface__rosidl_typesupport_c__pyext.dir/rosidl_generator_py/interface/_interface_s.ep.rosidl_typesupport_c.c.o[0m
[4.104s] [ 92%] [32mBuilding C object CMakeFiles/interface__rosidl_typesupport_introspection_c__pyext.dir/rosidl_generator_py/interface/_interface_s.ep.rosidl_typesupport_introspection_c.c.o[0m
[4.105s] [ 94%] [32mBuilding C object CMakeFiles/interface__rosidl_typesupport_fastrtps_c__pyext.dir/rosidl_generator_py/interface/_interface_s.ep.rosidl_typesupport_fastrtps_c.c.o[0m
[4.177s] [ 96%] [32m[1mLinking C shared library rosidl_generator_py/interface/interface_s__rosidl_typesupport_c.cpython-38-x86_64-linux-gnu.so[0m
[4.178s] [ 98%] [32m[1mLinking C shared library rosidl_generator_py/interface/interface_s__rosidl_typesupport_introspection_c.cpython-38-x86_64-linux-gnu.so[0m
[4.180s] [100%] [32m[1mLinking CXX shared library rosidl_generator_py/interface/interface_s__rosidl_typesupport_fastrtps_c.cpython-38-x86_64-linux-gnu.so[0m
[4.205s] [100%] Built target interface__rosidl_typesupport_introspection_c__pyext
[4.205s] [100%] Built target interface__rosidl_typesupport_c__pyext
[4.230s] [100%] Built target interface__rosidl_typesupport_fastrtps_c__pyext
[4.238s] Invoked command in '/home/weiwei/Desktop/project/ObsAvoidance/build/interface' returned '0': CMAKE_PREFIX_PATH=/opt/ros/foxy /usr/bin/cmake --build /home/weiwei/Desktop/project/ObsAvoidance/build/interface -- -j16 -l16
[4.297s] Invoking command in '/home/weiwei/Desktop/project/ObsAvoidance/build/interface': CMAKE_PREFIX_PATH=/opt/ros/foxy /usr/bin/cmake --install /home/weiwei/Desktop/project/ObsAvoidance/build/interface
[4.302s] -- Install configuration: ""
[4.302s] -- Installing: /home/weiwei/Desktop/project/ObsAvoidance/install/interface/share/ament_index/resource_index/rosidl_interfaces/interface
[4.302s] -- Up-to-date: /home/weiwei/Desktop/project/ObsAvoidance/install/interface/include/interface
[4.302s] -- Up-to-date: /home/weiwei/Desktop/project/ObsAvoidance/install/interface/include/interface/srv
[4.303s] -- Installing: /home/weiwei/Desktop/project/ObsAvoidance/install/interface/include/interface/srv/slam_initialized.h
[4.303s] -- Up-to-date: /home/weiwei/Desktop/project/ObsAvoidance/install/interface/include/interface/srv/detail
[4.303s] -- Installing: /home/weiwei/Desktop/project/ObsAvoidance/install/interface/include/interface/srv/detail/slam_initialized__struct.h
[4.303s] -- Installing: /home/weiwei/Desktop/project/ObsAvoidance/install/interface/include/interface/srv/detail/t__functions.c
[4.303s] -- Installing: /home/weiwei/Desktop/project/ObsAvoidance/install/interface/include/interface/srv/detail/t__type_support.h
[4.303s] -- Installing: /home/weiwei/Desktop/project/ObsAvoidance/install/interface/include/interface/srv/detail/t__struct.h
[4.303s] -- Installing: /home/weiwei/Desktop/project/ObsAvoidance/install/interface/include/interface/srv/detail/slam_initialized__type_support.h
[4.303s] -- Installing: /home/weiwei/Desktop/project/ObsAvoidance/install/interface/include/interface/srv/detail/slam_initialized__functions.h
[4.303s] -- Installing: /home/weiwei/Desktop/project/ObsAvoidance/install/interface/include/interface/srv/detail/slam_initialized__functions.c
[4.303s] -- Installing: /home/weiwei/Desktop/project/ObsAvoidance/install/interface/include/interface/srv/detail/t__functions.h
[4.303s] -- Installing: /home/weiwei/Desktop/project/ObsAvoidance/install/interface/include/interface/srv/t.h
[4.303s] -- Up-to-date: /home/weiwei/Desktop/project/ObsAvoidance/install/interface/include/interface/action
[4.303s] -- Installing: /home/weiwei/Desktop/project/ObsAvoidance/install/interface/include/interface/action/move.h
[4.303s] -- Up-to-date: /home/weiwei/Desktop/project/ObsAvoidance/install/interface/include/interface/action/detail
[4.304s] -- Installing: /home/weiwei/Desktop/project/ObsAvoidance/install/interface/include/interface/action/detail/move__functions.c
[4.304s] -- Installing: /home/weiwei/Desktop/project/ObsAvoidance/install/interface/include/interface/action/detail/move__type_support.h
[4.304s] -- Installing: /home/weiwei/Desktop/project/ObsAvoidance/install/interface/include/interface/action/detail/move__struct.h
[4.304s] -- Up-to-date: /home/weiwei/Desktop/project/ObsAvoidance/install/interface/include/interface/action/detail/cdcr__functions.h
[4.304s] -- Installing: /home/weiwei/Desktop/project/ObsAvoidance/install/interface/include/interface/action/detail/move__functions.h
[4.304s] -- Up-to-date: /home/weiwei/Desktop/project/ObsAvoidance/install/interface/include/interface/action/detail/cdcr__type_support.h
[4.304s] -- Up-to-date: /home/weiwei/Desktop/project/ObsAvoidance/install/interface/include/interface/action/detail/cdcr__functions.c
[4.304s] -- Up-to-date: /home/weiwei/Desktop/project/ObsAvoidance/install/interface/include/interface/action/detail/cdcr__struct.h
[4.304s] -- Up-to-date: /home/weiwei/Desktop/project/ObsAvoidance/install/interface/include/interface/action/cdcr.h
[4.304s] -- Up-to-date: /home/weiwei/Desktop/project/ObsAvoidance/install/interface/include/interface/msg
[4.304s] -- Up-to-date: /home/weiwei/Desktop/project/ObsAvoidance/install/interface/include/interface/msg/detail
[4.304s] -- Installing: /home/weiwei/Desktop/project/ObsAvoidance/install/interface/include/interface/msg/detail/slam__struct.h
[4.304s] -- Installing: /home/weiwei/Desktop/project/ObsAvoidance/install/interface/include/interface/msg/detail/slam__type_support.h
[4.304s] -- Installing: /home/weiwei/Desktop/project/ObsAvoidance/install/interface/include/interface/msg/detail/slam__functions.c
[4.304s] -- Installing: /home/weiwei/Desktop/project/ObsAvoidance/install/interface/include/interface/msg/detail/slam__functions.h
[4.305s] -- Installing: /home/weiwei/Desktop/project/ObsAvoidance/install/interface/include/interface/msg/slam.h
[4.305s] -- Up-to-date: /home/weiwei/Desktop/project/ObsAvoidance/install/interface/include/interface/msg/rosidl_generator_c__visibility_control.h
[4.305s] -- Up-to-date: /home/weiwei/Desktop/project/ObsAvoidance/install/interface/share/interface/environment/library_path.sh
[4.305s] -- Installing: /home/weiwei/Desktop/project/ObsAvoidance/install/interface/share/interface/environment/library_path.dsv
[4.305s] -- Installing: /home/weiwei/Desktop/project/ObsAvoidance/install/interface/lib/libinterface__rosidl_generator_c.so
[4.305s] -- Set runtime path of "/home/weiwei/Desktop/project/ObsAvoidance/install/interface/lib/libinterface__rosidl_generator_c.so" to ""
[4.305s] -- Up-to-date: /home/weiwei/Desktop/project/ObsAvoidance/install/interface/include/interface
[4.305s] -- Up-to-date: /home/weiwei/Desktop/project/ObsAvoidance/install/interface/include/interface/srv
[4.305s] -- Up-to-date: /home/weiwei/Desktop/project/ObsAvoidance/install/interface/include/interface/srv/detail
[4.305s] -- Installing: /home/weiwei/Desktop/project/ObsAvoidance/install/interface/include/interface/srv/detail/slam_initialized__rosidl_typesupport_fastrtps_c.h
[4.305s] -- Installing: /home/weiwei/Desktop/project/ObsAvoidance/install/interface/include/interface/srv/detail/t__rosidl_typesupport_fastrtps_c.h
[4.305s] -- Up-to-date: /home/weiwei/Desktop/project/ObsAvoidance/install/interface/include/interface/action
[4.305s] -- Up-to-date: /home/weiwei/Desktop/project/ObsAvoidance/install/interface/include/interface/action/detail
[4.305s] -- Up-to-date: /home/weiwei/Desktop/project/ObsAvoidance/install/interface/include/interface/action/detail/cdcr__rosidl_typesupport_fastrtps_c.h
[4.306s] -- Installing: /home/weiwei/Desktop/project/ObsAvoidance/install/interface/include/interface/action/detail/move__rosidl_typesupport_fastrtps_c.h
[4.306s] -- Up-to-date: /home/weiwei/Desktop/project/ObsAvoidance/install/interface/include/interface/msg
[4.306s] -- Up-to-date: /home/weiwei/Desktop/project/ObsAvoidance/install/interface/include/interface/msg/detail
[4.306s] -- Installing: /home/weiwei/Desktop/project/ObsAvoidance/install/interface/include/interface/msg/detail/slam__rosidl_typesupport_fastrtps_c.h
[4.306s] -- Up-to-date: /home/weiwei/Desktop/project/ObsAvoidance/install/interface/include/interface/msg/rosidl_typesupport_fastrtps_c__visibility_control.h
[4.306s] -- Installing: /home/weiwei/Desktop/project/ObsAvoidance/install/interface/lib/libinterface__rosidl_typesupport_fastrtps_c.so
[4.306s] -- Set runtime path of "/home/weiwei/Desktop/project/ObsAvoidance/install/interface/lib/libinterface__rosidl_typesupport_fastrtps_c.so" to ""
[4.306s] -- Up-to-date: /home/weiwei/Desktop/project/ObsAvoidance/install/interface/include/interface
[4.306s] -- Up-to-date: /home/weiwei/Desktop/project/ObsAvoidance/install/interface/include/interface/srv
[4.306s] -- Up-to-date: /home/weiwei/Desktop/project/ObsAvoidance/install/interface/include/interface/srv/detail
[4.306s] -- Installing: /home/weiwei/Desktop/project/ObsAvoidance/install/interface/include/interface/srv/detail/t__rosidl_typesupport_fastrtps_cpp.hpp
[4.306s] -- Installing: /home/weiwei/Desktop/project/ObsAvoidance/install/interface/include/interface/srv/detail/slam_initialized__rosidl_typesupport_fastrtps_cpp.hpp
[4.306s] -- Up-to-date: /home/weiwei/Desktop/project/ObsAvoidance/install/interface/include/interface/srv/detail/dds_fastrtps
[4.307s] -- Up-to-date: /home/weiwei/Desktop/project/ObsAvoidance/install/interface/include/interface/action
[4.307s] -- Up-to-date: /home/weiwei/Desktop/project/ObsAvoidance/install/interface/include/interface/action/detail
[4.307s] -- Up-to-date: /home/weiwei/Desktop/project/ObsAvoidance/install/interface/include/interface/action/detail/cdcr__rosidl_typesupport_fastrtps_cpp.hpp
[4.307s] -- Installing: /home/weiwei/Desktop/project/ObsAvoidance/install/interface/include/interface/action/detail/move__rosidl_typesupport_fastrtps_cpp.hpp
[4.307s] -- Up-to-date: /home/weiwei/Desktop/project/ObsAvoidance/install/interface/include/interface/action/detail/dds_fastrtps
[4.307s] -- Up-to-date: /home/weiwei/Desktop/project/ObsAvoidance/install/interface/include/interface/msg
[4.307s] -- Up-to-date: /home/weiwei/Desktop/project/ObsAvoidance/install/interface/include/interface/msg/detail
[4.307s] -- Installing: /home/weiwei/Desktop/project/ObsAvoidance/install/interface/include/interface/msg/detail/slam__rosidl_typesupport_fastrtps_cpp.hpp
[4.307s] -- Up-to-date: /home/weiwei/Desktop/project/ObsAvoidance/install/interface/include/interface/msg/detail/dds_fastrtps
[4.307s] -- Up-to-date: /home/weiwei/Desktop/project/ObsAvoidance/install/interface/include/interface/msg/rosidl_typesupport_fastrtps_cpp__visibility_control.h
[4.307s] -- Installing: /home/weiwei/Desktop/project/ObsAvoidance/install/interface/lib/libinterface__rosidl_typesupport_fastrtps_cpp.so
[4.307s] -- Set runtime path of "/home/weiwei/Desktop/project/ObsAvoidance/install/interface/lib/libinterface__rosidl_typesupport_fastrtps_cpp.so" to ""
[4.308s] -- Up-to-date: /home/weiwei/Desktop/project/ObsAvoidance/install/interface/include/interface
[4.308s] -- Up-to-date: /home/weiwei/Desktop/project/ObsAvoidance/install/interface/include/interface/srv
[4.308s] -- Up-to-date: /home/weiwei/Desktop/project/ObsAvoidance/install/interface/include/interface/srv/detail
[4.308s] -- Installing: /home/weiwei/Desktop/project/ObsAvoidance/install/interface/include/interface/srv/detail/t__type_support.c
[4.308s] -- Installing: /home/weiwei/Desktop/project/ObsAvoidance/install/interface/include/interface/srv/detail/slam_initialized__type_support.c
[4.308s] -- Installing: /home/weiwei/Desktop/project/ObsAvoidance/install/interface/include/interface/srv/detail/t__rosidl_typesupport_introspection_c.h
[4.308s] -- Installing: /home/weiwei/Desktop/project/ObsAvoidance/install/interface/include/interface/srv/detail/slam_initialized__rosidl_typesupport_introspection_c.h
[4.308s] -- Up-to-date: /home/weiwei/Desktop/project/ObsAvoidance/install/interface/include/interface/action
[4.308s] -- Up-to-date: /home/weiwei/Desktop/project/ObsAvoidance/install/interface/include/interface/action/detail
[4.308s] -- Installing: /home/weiwei/Desktop/project/ObsAvoidance/install/interface/include/interface/action/detail/move__type_support.c
[4.308s] -- Installing: /home/weiwei/Desktop/project/ObsAvoidance/install/interface/include/interface/action/detail/move__rosidl_typesupport_introspection_c.h
[4.308s] -- Up-to-date: /home/weiwei/Desktop/project/ObsAvoidance/install/interface/include/interface/action/detail/cdcr__rosidl_typesupport_introspection_c.h
[4.308s] -- Up-to-date: /home/weiwei/Desktop/project/ObsAvoidance/install/interface/include/interface/action/detail/cdcr__type_support.c
[4.309s] -- Up-to-date: /home/weiwei/Desktop/project/ObsAvoidance/install/interface/include/interface/msg
[4.309s] -- Up-to-date: /home/weiwei/Desktop/project/ObsAvoidance/install/interface/include/interface/msg/detail
[4.309s] -- Installing: /home/weiwei/Desktop/project/ObsAvoidance/install/interface/include/interface/msg/detail/slam__type_support.c
[4.309s] -- Installing: /home/weiwei/Desktop/project/ObsAvoidance/install/interface/include/interface/msg/detail/slam__rosidl_typesupport_introspection_c.h
[4.309s] -- Up-to-date: /home/weiwei/Desktop/project/ObsAvoidance/install/interface/include/interface/msg/rosidl_typesupport_introspection_c__visibility_control.h
[4.309s] -- Installing: /home/weiwei/Desktop/project/ObsAvoidance/install/interface/lib/libinterface__rosidl_typesupport_introspection_c.so
[4.309s] -- Set runtime path of "/home/weiwei/Desktop/project/ObsAvoidance/install/interface/lib/libinterface__rosidl_typesupport_introspection_c.so" to ""
[4.309s] -- Installing: /home/weiwei/Desktop/project/ObsAvoidance/install/interface/lib/libinterface__rosidl_typesupport_c.so
[4.309s] -- Set runtime path of "/home/weiwei/Desktop/project/ObsAvoidance/install/interface/lib/libinterface__rosidl_typesupport_c.so" to ""
[4.309s] -- Up-to-date: /home/weiwei/Desktop/project/ObsAvoidance/install/interface/include/interface
[4.309s] -- Up-to-date: /home/weiwei/Desktop/project/ObsAvoidance/install/interface/include/interface/srv
[4.309s] -- Up-to-date: /home/weiwei/Desktop/project/ObsAvoidance/install/interface/include/interface/srv/detail
[4.309s] -- Installing: /home/weiwei/Desktop/project/ObsAvoidance/install/interface/include/interface/srv/detail/t__builder.hpp
[4.309s] -- Installing: /home/weiwei/Desktop/project/ObsAvoidance/install/interface/include/interface/srv/detail/slam_initialized__builder.hpp
[4.309s] -- Installing: /home/weiwei/Desktop/project/ObsAvoidance/install/interface/include/interface/srv/detail/slam_initialized__type_support.hpp
[4.310s] -- Installing: /home/weiwei/Desktop/project/ObsAvoidance/install/interface/include/interface/srv/detail/t__type_support.hpp
[4.310s] -- Installing: /home/weiwei/Desktop/project/ObsAvoidance/install/interface/include/interface/srv/detail/t__traits.hpp
[4.310s] -- Installing: /home/weiwei/Desktop/project/ObsAvoidance/install/interface/include/interface/srv/detail/slam_initialized__struct.hpp
[4.310s] -- Installing: /home/weiwei/Desktop/project/ObsAvoidance/install/interface/include/interface/srv/detail/t__struct.hpp
[4.310s] -- Installing: /home/weiwei/Desktop/project/ObsAvoidance/install/interface/include/interface/srv/detail/slam_initialized__traits.hpp
[4.310s] -- Installing: /home/weiwei/Desktop/project/ObsAvoidance/install/interface/include/interface/srv/t.hpp
[4.310s] -- Installing: /home/weiwei/Desktop/project/ObsAvoidance/install/interface/include/interface/srv/slam_initialized.hpp
[4.310s] -- Up-to-date: /home/weiwei/Desktop/project/ObsAvoidance/install/interface/include/interface/action
[4.310s] -- Up-to-date: /home/weiwei/Desktop/project/ObsAvoidance/install/interface/include/interface/action/detail
[4.310s] -- Up-to-date: /home/weiwei/Desktop/project/ObsAvoidance/install/interface/include/interface/action/detail/cdcr__builder.hpp
[4.310s] -- Installing: /home/weiwei/Desktop/project/ObsAvoidance/install/interface/include/interface/action/detail/move__type_support.hpp
[4.310s] -- Up-to-date: /home/weiwei/Desktop/project/ObsAvoidance/install/interface/include/interface/action/detail/cdcr__struct.hpp
[4.310s] -- Installing: /home/weiwei/Desktop/project/ObsAvoidance/install/interface/include/interface/action/detail/move__builder.hpp
[4.310s] -- Up-to-date: /home/weiwei/Desktop/project/ObsAvoidance/install/interface/include/interface/action/detail/cdcr__traits.hpp
[4.310s] -- Installing: /home/weiwei/Desktop/project/ObsAvoidance/install/interface/include/interface/action/detail/move__struct.hpp
[4.310s] -- Up-to-date: /home/weiwei/Desktop/project/ObsAvoidance/install/interface/include/interface/action/detail/cdcr__type_support.hpp
[4.311s] -- Installing: /home/weiwei/Desktop/project/ObsAvoidance/install/interface/include/interface/action/detail/move__traits.hpp
[4.311s] -- Installing: /home/weiwei/Desktop/project/ObsAvoidance/install/interface/include/interface/action/move.hpp
[4.311s] -- Up-to-date: /home/weiwei/Desktop/project/ObsAvoidance/install/interface/include/interface/action/cdcr.hpp
[4.311s] -- Up-to-date: /home/weiwei/Desktop/project/ObsAvoidance/install/interface/include/interface/msg
[4.311s] -- Up-to-date: /home/weiwei/Desktop/project/ObsAvoidance/install/interface/include/interface/msg/detail
[4.311s] -- Installing: /home/weiwei/Desktop/project/ObsAvoidance/install/interface/include/interface/msg/detail/slam__traits.hpp
[4.311s] -- Installing: /home/weiwei/Desktop/project/ObsAvoidance/install/interface/include/interface/msg/detail/slam__type_support.hpp
[4.311s] -- Installing: /home/weiwei/Desktop/project/ObsAvoidance/install/interface/include/interface/msg/detail/slam__builder.hpp
[4.311s] -- Installing: /home/weiwei/Desktop/project/ObsAvoidance/install/interface/include/interface/msg/detail/slam__struct.hpp
[4.311s] -- Installing: /home/weiwei/Desktop/project/ObsAvoidance/install/interface/include/interface/msg/slam.hpp
[4.311s] -- Up-to-date: /home/weiwei/Desktop/project/ObsAvoidance/install/interface/include/interface/msg/rosidl_generator_cpp__visibility_control.hpp
[4.311s] -- Up-to-date: /home/weiwei/Desktop/project/ObsAvoidance/install/interface/include/interface
[4.311s] -- Up-to-date: /home/weiwei/Desktop/project/ObsAvoidance/install/interface/include/interface/srv
[4.311s] -- Up-to-date: /home/weiwei/Desktop/project/ObsAvoidance/install/interface/include/interface/srv/detail
[4.311s] -- Installing: /home/weiwei/Desktop/project/ObsAvoidance/install/interface/include/interface/srv/detail/t__type_support.cpp
[4.311s] -- Installing: /home/weiwei/Desktop/project/ObsAvoidance/install/interface/include/interface/srv/detail/slam_initialized__type_support.cpp
[4.311s] -- Installing: /home/weiwei/Desktop/project/ObsAvoidance/install/interface/include/interface/srv/detail/t__rosidl_typesupport_introspection_cpp.hpp
[4.312s] -- Installing: /home/weiwei/Desktop/project/ObsAvoidance/install/interface/include/interface/srv/detail/slam_initialized__rosidl_typesupport_introspection_cpp.hpp
[4.312s] -- Up-to-date: /home/weiwei/Desktop/project/ObsAvoidance/install/interface/include/interface/action
[4.312s] -- Up-to-date: /home/weiwei/Desktop/project/ObsAvoidance/install/interface/include/interface/action/detail
[4.312s] -- Installing: /home/weiwei/Desktop/project/ObsAvoidance/install/interface/include/interface/action/detail/move__rosidl_typesupport_introspection_cpp.hpp
[4.312s] -- Up-to-date: /home/weiwei/Desktop/project/ObsAvoidance/install/interface/include/interface/action/detail/cdcr__type_support.cpp
[4.312s] -- Up-to-date: /home/weiwei/Desktop/project/ObsAvoidance/install/interface/include/interface/action/detail/cdcr__rosidl_typesupport_introspection_cpp.hpp
[4.312s] -- Installing: /home/weiwei/Desktop/project/ObsAvoidance/install/interface/include/interface/action/detail/move__type_support.cpp
[4.312s] -- Up-to-date: /home/weiwei/Desktop/project/ObsAvoidance/install/interface/include/interface/msg
[4.312s] -- Up-to-date: /home/weiwei/Desktop/project/ObsAvoidance/install/interface/include/interface/msg/detail
[4.312s] -- Installing: /home/weiwei/Desktop/project/ObsAvoidance/install/interface/include/interface/msg/detail/slam__type_support.cpp
[4.312s] -- Installing: /home/weiwei/Desktop/project/ObsAvoidance/install/interface/include/interface/msg/detail/slam__rosidl_typesupport_introspection_cpp.hpp
[4.312s] -- Installing: /home/weiwei/Desktop/project/ObsAvoidance/install/interface/lib/libinterface__rosidl_typesupport_introspection_cpp.so
[4.312s] -- Set runtime path of "/home/weiwei/Desktop/project/ObsAvoidance/install/interface/lib/libinterface__rosidl_typesupport_introspection_cpp.so" to ""
[4.312s] -- Installing: /home/weiwei/Desktop/project/ObsAvoidance/install/interface/lib/libinterface__rosidl_typesupport_cpp.so
[4.312s] -- Set runtime path of "/home/weiwei/Desktop/project/ObsAvoidance/install/interface/lib/libinterface__rosidl_typesupport_cpp.so" to ""
[4.312s] -- Up-to-date: /home/weiwei/Desktop/project/ObsAvoidance/install/interface/share/interface/environment/pythonpath.sh
[4.312s] -- Installing: /home/weiwei/Desktop/project/ObsAvoidance/install/interface/share/interface/environment/pythonpath.dsv
[4.312s] -- Installing: /home/weiwei/Desktop/project/ObsAvoidance/install/interface/lib/python3.8/site-packages/interface/__init__.py
[4.330s] Compiling '/home/weiwei/Desktop/project/ObsAvoidance/install/interface/lib/python3.8/site-packages/interface/__init__.py'...
[4.332s] -- Up-to-date: /home/weiwei/Desktop/project/ObsAvoidance/install/interface/lib/python3.8/site-packages/interface/msg
[4.332s] -- Installing: /home/weiwei/Desktop/project/ObsAvoidance/install/interface/lib/python3.8/site-packages/interface/msg/_slam.py
[4.333s] -- Installing: /home/weiwei/Desktop/project/ObsAvoidance/install/interface/lib/python3.8/site-packages/interface/msg/_slam_s.c
[4.333s] -- Installing: /home/weiwei/Desktop/project/ObsAvoidance/install/interface/lib/python3.8/site-packages/interface/msg/__init__.py
[4.333s] -- Up-to-date: /home/weiwei/Desktop/project/ObsAvoidance/install/interface/lib/python3.8/site-packages/interface/action
[4.333s] -- Up-to-date: /home/weiwei/Desktop/project/ObsAvoidance/install/interface/lib/python3.8/site-packages/interface/action/_cdcr.py
[4.333s] -- Up-to-date: /home/weiwei/Desktop/project/ObsAvoidance/install/interface/lib/python3.8/site-packages/interface/action/_cdcr_s.c
[4.333s] -- Installing: /home/weiwei/Desktop/project/ObsAvoidance/install/interface/lib/python3.8/site-packages/interface/action/_move.py
[4.333s] -- Installing: /home/weiwei/Desktop/project/ObsAvoidance/install/interface/lib/python3.8/site-packages/interface/action/_move_s.c
[4.333s] -- Installing: /home/weiwei/Desktop/project/ObsAvoidance/install/interface/lib/python3.8/site-packages/interface/action/__init__.py
[4.333s] -- Up-to-date: /home/weiwei/Desktop/project/ObsAvoidance/install/interface/lib/python3.8/site-packages/interface/srv
[4.333s] -- Installing: /home/weiwei/Desktop/project/ObsAvoidance/install/interface/lib/python3.8/site-packages/interface/srv/_slam_initialized_s.c
[4.333s] -- Installing: /home/weiwei/Desktop/project/ObsAvoidance/install/interface/lib/python3.8/site-packages/interface/srv/_t.py
[4.333s] -- Installing: /home/weiwei/Desktop/project/ObsAvoidance/install/interface/lib/python3.8/site-packages/interface/srv/_slam_initialized.py
[4.333s] -- Installing: /home/weiwei/Desktop/project/ObsAvoidance/install/interface/lib/python3.8/site-packages/interface/srv/_t_s.c
[4.333s] -- Installing: /home/weiwei/Desktop/project/ObsAvoidance/install/interface/lib/python3.8/site-packages/interface/srv/__init__.py
[4.333s] -- Installing: /home/weiwei/Desktop/project/ObsAvoidance/install/interface/lib/python3.8/site-packages/interface/interface_s__rosidl_typesupport_fastrtps_c.cpython-38-x86_64-linux-gnu.so
[4.334s] -- Set runtime path of "/home/weiwei/Desktop/project/ObsAvoidance/install/interface/lib/python3.8/site-packages/interface/interface_s__rosidl_typesupport_fastrtps_c.cpython-38-x86_64-linux-gnu.so" to ""
[4.334s] -- Installing: /home/weiwei/Desktop/project/ObsAvoidance/install/interface/lib/python3.8/site-packages/interface/interface_s__rosidl_typesupport_introspection_c.cpython-38-x86_64-linux-gnu.so
[4.334s] -- Set runtime path of "/home/weiwei/Desktop/project/ObsAvoidance/install/interface/lib/python3.8/site-packages/interface/interface_s__rosidl_typesupport_introspection_c.cpython-38-x86_64-linux-gnu.so" to ""
[4.334s] -- Installing: /home/weiwei/Desktop/project/ObsAvoidance/install/interface/lib/python3.8/site-packages/interface/interface_s__rosidl_typesupport_c.cpython-38-x86_64-linux-gnu.so
[4.335s] -- Set runtime path of "/home/weiwei/Desktop/project/ObsAvoidance/install/interface/lib/python3.8/site-packages/interface/interface_s__rosidl_typesupport_c.cpython-38-x86_64-linux-gnu.so" to ""
[4.335s] -- Installing: /home/weiwei/Desktop/project/ObsAvoidance/install/interface/lib/libinterface__python.so
[4.335s] -- Set runtime path of "/home/weiwei/Desktop/project/ObsAvoidance/install/interface/lib/libinterface__python.so" to ""
[4.335s] -- Up-to-date: /home/weiwei/Desktop/project/ObsAvoidance/install/interface/share/interface/msg/Slam.idl
[4.335s] -- Up-to-date: /home/weiwei/Desktop/project/ObsAvoidance/install/interface/share/interface/action/Move.idl
[4.335s] -- Up-to-date: /home/weiwei/Desktop/project/ObsAvoidance/install/interface/share/interface/srv/SlamInitialized.idl
[4.335s] -- Installing: /home/weiwei/Desktop/project/ObsAvoidance/install/interface/share/interface/srv/T.idl
[4.335s] -- Up-to-date: /home/weiwei/Desktop/project/ObsAvoidance/install/interface/share/interface/msg/Slam.msg
[4.335s] -- Up-to-date: /home/weiwei/Desktop/project/ObsAvoidance/install/interface/share/interface/action/Move.action
[4.336s] -- Up-to-date: /home/weiwei/Desktop/project/ObsAvoidance/install/interface/share/interface/srv/SlamInitialized.srv
[4.336s] -- Up-to-date: /home/weiwei/Desktop/project/ObsAvoidance/install/interface/share/interface/srv/SlamInitialized_Request.msg
[4.336s] -- Up-to-date: /home/weiwei/Desktop/project/ObsAvoidance/install/interface/share/interface/srv/SlamInitialized_Response.msg
[4.336s] -- Installing: /home/weiwei/Desktop/project/ObsAvoidance/install/interface/share/interface/srv/T.srv
[4.336s] -- Installing: /home/weiwei/Desktop/project/ObsAvoidance/install/interface/share/interface/srv/T_Request.msg
[4.336s] -- Installing: /home/weiwei/Desktop/project/ObsAvoidance/install/interface/share/interface/srv/T_Response.msg
[4.336s] -- Up-to-date: /home/weiwei/Desktop/project/ObsAvoidance/install/interface/share/ament_index/resource_index/package_run_dependencies/interface
[4.336s] -- Installing: /home/weiwei/Desktop/project/ObsAvoidance/install/interface/share/ament_index/resource_index/parent_prefix_path/interface
[4.336s] -- Up-to-date: /home/weiwei/Desktop/project/ObsAvoidance/install/interface/share/interface/environment/ament_prefix_path.sh
[4.336s] -- Installing: /home/weiwei/Desktop/project/ObsAvoidance/install/interface/share/interface/environment/ament_prefix_path.dsv
[4.336s] -- Up-to-date: /home/weiwei/Desktop/project/ObsAvoidance/install/interface/share/interface/environment/path.sh
[4.336s] -- Installing: /home/weiwei/Desktop/project/ObsAvoidance/install/interface/share/interface/environment/path.dsv
[4.336s] -- Up-to-date: /home/weiwei/Desktop/project/ObsAvoidance/install/interface/share/interface/local_setup.bash
[4.336s] -- Up-to-date: /home/weiwei/Desktop/project/ObsAvoidance/install/interface/share/interface/local_setup.sh
[4.337s] -- Up-to-date: /home/weiwei/Desktop/project/ObsAvoidance/install/interface/share/interface/local_setup.zsh
[4.337s] -- Installing: /home/weiwei/Desktop/project/ObsAvoidance/install/interface/share/interface/local_setup.dsv
[4.337s] -- Installing: /home/weiwei/Desktop/project/ObsAvoidance/install/interface/share/interface/package.dsv
[4.337s] -- Up-to-date: /home/weiwei/Desktop/project/ObsAvoidance/install/interface/share/ament_index/resource_index/packages/interface
[4.337s] -- Up-to-date: /home/weiwei/Desktop/project/ObsAvoidance/install/interface/share/interface/cmake/interface__rosidl_generator_cExport.cmake
[4.337s] -- Installing: /home/weiwei/Desktop/project/ObsAvoidance/install/interface/share/interface/cmake/interface__rosidl_generator_cExport-noconfig.cmake
[4.337s] -- Up-to-date: /home/weiwei/Desktop/project/ObsAvoidance/install/interface/share/interface/cmake/interface__rosidl_typesupport_introspection_cExport.cmake
[4.337s] -- Installing: /home/weiwei/Desktop/project/ObsAvoidance/install/interface/share/interface/cmake/interface__rosidl_typesupport_introspection_cExport-noconfig.cmake
[4.337s] -- Up-to-date: /home/weiwei/Desktop/project/ObsAvoidance/install/interface/share/interface/cmake/interface__rosidl_typesupport_cExport.cmake
[4.337s] -- Installing: /home/weiwei/Desktop/project/ObsAvoidance/install/interface/share/interface/cmake/interface__rosidl_typesupport_cExport-noconfig.cmake
[4.337s] -- Up-to-date: /home/weiwei/Desktop/project/ObsAvoidance/install/interface/share/interface/cmake/interface__rosidl_generator_cppExport.cmake
[4.337s] -- Up-to-date: /home/weiwei/Desktop/project/ObsAvoidance/install/interface/share/interface/cmake/interface__rosidl_typesupport_introspection_cppExport.cmake
[4.337s] -- Installing: /home/weiwei/Desktop/project/ObsAvoidance/install/interface/share/interface/cmake/interface__rosidl_typesupport_introspection_cppExport-noconfig.cmake
[4.337s] -- Up-to-date: /home/weiwei/Desktop/project/ObsAvoidance/install/interface/share/interface/cmake/interface__rosidl_typesupport_cppExport.cmake
[4.338s] -- Installing: /home/weiwei/Desktop/project/ObsAvoidance/install/interface/share/interface/cmake/interface__rosidl_typesupport_cppExport-noconfig.cmake
[4.338s] -- Installing: /home/weiwei/Desktop/project/ObsAvoidance/install/interface/share/interface/cmake/rosidl_cmake-extras.cmake
[4.338s] -- Up-to-date: /home/weiwei/Desktop/project/ObsAvoidance/install/interface/share/interface/cmake/ament_cmake_export_dependencies-extras.cmake
[4.338s] -- Up-to-date: /home/weiwei/Desktop/project/ObsAvoidance/install/interface/share/interface/cmake/ament_cmake_export_libraries-extras.cmake
[4.338s] -- Up-to-date: /home/weiwei/Desktop/project/ObsAvoidance/install/interface/share/interface/cmake/ament_cmake_export_targets-extras.cmake
[4.338s] -- Up-to-date: /home/weiwei/Desktop/project/ObsAvoidance/install/interface/share/interface/cmake/ament_cmake_export_include_directories-extras.cmake
[4.338s] -- Up-to-date: /home/weiwei/Desktop/project/ObsAvoidance/install/interface/share/interface/cmake/rosidl_cmake_export_typesupport_libraries-extras.cmake
[4.338s] -- Up-to-date: /home/weiwei/Desktop/project/ObsAvoidance/install/interface/share/interface/cmake/rosidl_cmake_export_typesupport_targets-extras.cmake
[4.338s] -- Up-to-date: /home/weiwei/Desktop/project/ObsAvoidance/install/interface/share/interface/cmake/interfaceConfig.cmake
[4.338s] -- Up-to-date: /home/weiwei/Desktop/project/ObsAvoidance/install/interface/share/interface/cmake/interfaceConfig-version.cmake
[4.338s] -- Installing: /home/weiwei/Desktop/project/ObsAvoidance/install/interface/share/interface/package.xml
[4.339s] Invoked command in '/home/weiwei/Desktop/project/ObsAvoidance/build/interface' returned '0': CMAKE_PREFIX_PATH=/opt/ros/foxy /usr/bin/cmake --install /home/weiwei/Desktop/project/ObsAvoidance/build/interface
