** WARNING ** io features related to pcap will be disabled
** WARNING ** io features related to png will be disabled
** WARNING ** io features related to libusb-1.0 will be disabled
In file included from [01m[K/usr/local/include/ceres/ceres.h:46[m[K,
                 from [01m[K/home/weiwei/Desktop/project/ObsAvoidance/src/path_planner/src/planner.hpp:12[m[K,
                 from [01m[K/home/weiwei/Desktop/project/ObsAvoidance/src/path_planner/src/planner.cpp:1[m[K:
[01m[K/usr/local/include/ceres/dynamic_autodiff_cost_function.h:280:48:[m[K [01;31m[Kerror: [m[Kexpected constructor, destructor, or type conversion before ‘[01m[K;[m[K’ token
  280 |     -> DynamicAutoDiffCostFunction<CostFunctor>[01;31m[K;[m[K
      |                                                [01;31m[K^[m[K
In file included from [01m[K/usr/local/include/ceres/ceres.h:65[m[K,
                 from [01m[K/home/weiwei/Desktop/project/ObsAvoidance/src/path_planner/src/planner.hpp:12[m[K,
                 from [01m[K/home/weiwei/Desktop/project/ObsAvoidance/src/path_planner/src/planner.cpp:1[m[K:
[01m[K/usr/local/include/ceres/product_manifold.h:315:59:[m[K [01;31m[Kerror: [m[Kexpected constructor, destructor, or type conversion before ‘[01m[K;[m[K’ token
  315 |     -> ProductManifold<Manifold0, Manifold1, Manifolds...>[01;31m[K;[m[K
      |                                                           [01;31m[K^[m[K
In file included from [01m[K/usr/local/include/ceres/ceres.h:46[m[K,
                 from [01m[K/home/weiwei/Desktop/project/ObsAvoidance/src/path_planner/src/planner.hpp:12[m[K,
                 from [01m[K/home/weiwei/Desktop/project/ObsAvoidance/src/path_planner/src/main.cpp:1[m[K:
[01m[K/usr/local/include/ceres/dynamic_autodiff_cost_function.h:280:48:[m[K [01;31m[Kerror: [m[Kexpected constructor, destructor, or type conversion before ‘[01m[K;[m[K’ token
  280 |     -> DynamicAutoDiffCostFunction<CostFunctor>[01;31m[K;[m[K
      |                                                [01;31m[K^[m[K
In file included from [01m[K/usr/local/include/ceres/ceres.h:65[m[K,
                 from [01m[K/home/weiwei/Desktop/project/ObsAvoidance/src/path_planner/src/planner.hpp:12[m[K,
                 from [01m[K/home/weiwei/Desktop/project/ObsAvoidance/src/path_planner/src/main.cpp:1[m[K:
[01m[K/usr/local/include/ceres/product_manifold.h:315:59:[m[K [01;31m[Kerror: [m[Kexpected constructor, destructor, or type conversion before ‘[01m[K;[m[K’ token
  315 |     -> ProductManifold<Manifold0, Manifold1, Manifolds...>[01;31m[K;[m[K
      |                                                           [01;31m[K^[m[K
