Performing C SOURCE FILE Test CMAKE_HAVE_LIBC_PTHREAD failed with the following output:
Change Dir: /home/weiwei/Desktop/project/ObsAvoidance/build/model/CMakeFiles/CMakeTmp

Run Build Command(s):/usr/bin/make cmTC_3f9e4/fast && /usr/bin/make -f CMakeFiles/cmTC_3f9e4.dir/build.make CMakeFiles/cmTC_3f9e4.dir/build
make[1]: 进入目录“/home/weiwei/Desktop/project/ObsAvoidance/build/model/CMakeFiles/CMakeTmp”
Building C object CMakeFiles/cmTC_3f9e4.dir/src.c.o
/usr/bin/cc   -DCMAKE_HAVE_LIBC_PTHREAD   -o CMakeFiles/cmTC_3f9e4.dir/src.c.o   -c /home/weiwei/Desktop/project/ObsAvoidance/build/model/CMakeFiles/CMakeTmp/src.c
Linking C executable cmTC_3f9e4
/usr/bin/cmake -E cmake_link_script CMakeFiles/cmTC_3f9e4.dir/link.txt --verbose=1
/usr/bin/cc  -DCMAKE_HAVE_LIBC_PTHREAD    CMakeFiles/cmTC_3f9e4.dir/src.c.o  -o cmTC_3f9e4 
/usr/bin/ld: CMakeFiles/cmTC_3f9e4.dir/src.c.o: in function `main':
src.c:(.text+0x46): undefined reference to `pthread_create'
/usr/bin/ld: src.c:(.text+0x52): undefined reference to `pthread_detach'
/usr/bin/ld: src.c:(.text+0x63): undefined reference to `pthread_join'
collect2: error: ld returned 1 exit status
make[1]: *** [CMakeFiles/cmTC_3f9e4.dir/build.make:87：cmTC_3f9e4] 错误 1
make[1]: 离开目录“/home/weiwei/Desktop/project/ObsAvoidance/build/model/CMakeFiles/CMakeTmp”
make: *** [Makefile:121：cmTC_3f9e4/fast] 错误 2


Source file was:
#include <pthread.h>

void* test_func(void* data)
{
  return data;
}

int main(void)
{
  pthread_t thread;
  pthread_create(&thread, NULL, test_func, NULL);
  pthread_detach(thread);
  pthread_join(thread, NULL);
  pthread_atfork(NULL, NULL, NULL);
  pthread_exit(NULL);

  return 0;
}

Determining if the function pthread_create exists in the pthreads failed with the following output:
Change Dir: /home/weiwei/Desktop/project/ObsAvoidance/build/model/CMakeFiles/CMakeTmp

Run Build Command(s):/usr/bin/make cmTC_fbeef/fast && /usr/bin/make -f CMakeFiles/cmTC_fbeef.dir/build.make CMakeFiles/cmTC_fbeef.dir/build
make[1]: 进入目录“/home/weiwei/Desktop/project/ObsAvoidance/build/model/CMakeFiles/CMakeTmp”
Building C object CMakeFiles/cmTC_fbeef.dir/CheckFunctionExists.c.o
/usr/bin/cc   -DCHECK_FUNCTION_EXISTS=pthread_create   -o CMakeFiles/cmTC_fbeef.dir/CheckFunctionExists.c.o   -c /usr/share/cmake-3.16/Modules/CheckFunctionExists.c
Linking C executable cmTC_fbeef
/usr/bin/cmake -E cmake_link_script CMakeFiles/cmTC_fbeef.dir/link.txt --verbose=1
/usr/bin/cc  -DCHECK_FUNCTION_EXISTS=pthread_create    CMakeFiles/cmTC_fbeef.dir/CheckFunctionExists.c.o  -o cmTC_fbeef  -lpthreads 
/usr/bin/ld: 找不到 -lpthreads
collect2: error: ld returned 1 exit status
make[1]: *** [CMakeFiles/cmTC_fbeef.dir/build.make:87：cmTC_fbeef] 错误 1
make[1]: 离开目录“/home/weiwei/Desktop/project/ObsAvoidance/build/model/CMakeFiles/CMakeTmp”
make: *** [Makefile:121：cmTC_fbeef/fast] 错误 2



Determining if the function sgemm_ exists failed with the following output:
Change Dir: /home/weiwei/Desktop/project/ObsAvoidance/build/model/CMakeFiles/CMakeTmp

Run Build Command(s):/usr/bin/make cmTC_a729d/fast && /usr/bin/make -f CMakeFiles/cmTC_a729d.dir/build.make CMakeFiles/cmTC_a729d.dir/build
make[1]: 进入目录“/home/weiwei/Desktop/project/ObsAvoidance/build/model/CMakeFiles/CMakeTmp”
Building C object CMakeFiles/cmTC_a729d.dir/CheckFunctionExists.c.o
/usr/bin/cc   -DCHECK_FUNCTION_EXISTS=sgemm_   -o CMakeFiles/cmTC_a729d.dir/CheckFunctionExists.c.o   -c /usr/share/cmake-3.16/Modules/CheckFunctionExists.c
Linking C executable cmTC_a729d
/usr/bin/cmake -E cmake_link_script CMakeFiles/cmTC_a729d.dir/link.txt --verbose=1
/usr/bin/cc   -DCHECK_FUNCTION_EXISTS=sgemm_     CMakeFiles/cmTC_a729d.dir/CheckFunctionExists.c.o  -o cmTC_a729d 
/usr/bin/ld: CMakeFiles/cmTC_a729d.dir/CheckFunctionExists.c.o: in function `main':
CheckFunctionExists.c:(.text+0x14): undefined reference to `sgemm_'
collect2: error: ld returned 1 exit status
make[1]: *** [CMakeFiles/cmTC_a729d.dir/build.make:87：cmTC_a729d] 错误 1
make[1]: 离开目录“/home/weiwei/Desktop/project/ObsAvoidance/build/model/CMakeFiles/CMakeTmp”
make: *** [Makefile:121：cmTC_a729d/fast] 错误 2



Determining if the function cheev_ exists failed with the following output:
Change Dir: /home/weiwei/Desktop/project/ObsAvoidance/build/model/CMakeFiles/CMakeTmp

Run Build Command(s):/usr/bin/make cmTC_6c348/fast && /usr/bin/make -f CMakeFiles/cmTC_6c348.dir/build.make CMakeFiles/cmTC_6c348.dir/build
make[1]: 进入目录“/home/weiwei/Desktop/project/ObsAvoidance/build/model/CMakeFiles/CMakeTmp”
Building C object CMakeFiles/cmTC_6c348.dir/CheckFunctionExists.c.o
/usr/bin/cc   -DCHECK_FUNCTION_EXISTS=cheev_   -o CMakeFiles/cmTC_6c348.dir/CheckFunctionExists.c.o   -c /usr/share/cmake-3.16/Modules/CheckFunctionExists.c
Linking C executable cmTC_6c348
/usr/bin/cmake -E cmake_link_script CMakeFiles/cmTC_6c348.dir/link.txt --verbose=1
/usr/bin/cc   -DCHECK_FUNCTION_EXISTS=cheev_     CMakeFiles/cmTC_6c348.dir/CheckFunctionExists.c.o  -o cmTC_6c348  /usr/lib/x86_64-linux-gnu/libblas.so 
/usr/bin/ld: CMakeFiles/cmTC_6c348.dir/CheckFunctionExists.c.o: in function `main':
CheckFunctionExists.c:(.text+0x14): undefined reference to `cheev_'
collect2: error: ld returned 1 exit status
make[1]: *** [CMakeFiles/cmTC_6c348.dir/build.make:88：cmTC_6c348] 错误 1
make[1]: 离开目录“/home/weiwei/Desktop/project/ObsAvoidance/build/model/CMakeFiles/CMakeTmp”
make: *** [Makefile:121：cmTC_6c348/fast] 错误 2



