[1.272s] DEBUG:colcon:Command line arguments: ['/usr/bin/colcon', 'build']
[1.272s] DEBUG:colcon:Parsed command line arguments: Namespace(allow_overriding=[], ament_cmake_args=None, base_paths=['.'], build_base='build', catkin_cmake_args=None, catkin_skip_building_tests=False, cmake_args=None, cmake_clean_cache=False, cmake_clean_first=False, cmake_force_configure=False, cmake_target=None, cmake_target_skip_unavailable=False, continue_on_error=False, event_handlers=None, executor='parallel', ignore_user_meta=False, install_base='install', log_base=None, log_level=None, main=<bound method BuildVerb.main of <colcon_core.verb.build.BuildVerb object at 0x7f2f2b839c10>>, merge_install=False, metas=['./colcon.meta'], packages_above=None, packages_above_and_dependencies=None, packages_above_depth=None, packages_end=None, packages_ignore=None, packages_ignore_regex=None, packages_select=None, packages_select_build_failed=False, packages_select_by_dep=None, packages_select_regex=None, packages_select_test_failures=False, packages_skip=None, packages_skip_build_finished=False, packages_skip_by_dep=None, packages_skip_regex=None, packages_skip_test_passed=False, packages_skip_up_to=None, packages_start=None, packages_up_to=None, packages_up_to_regex=None, parallel_workers=16, paths=None, symlink_install=False, test_result_base=None, verb_extension=<colcon_core.verb.build.BuildVerb object at 0x7f2f2b839c10>, verb_name='build', verb_parser=<colcon_defaults.argument_parser.defaults.DefaultArgumentsDecorator object at 0x7f2f2b84c5b0>)
[1.338s] Level 1:colcon.colcon_core.package_discovery:discover_packages(colcon_meta) check parameters
[1.338s] Level 1:colcon.colcon_core.package_discovery:discover_packages(recursive) check parameters
[1.338s] Level 1:colcon.colcon_core.package_discovery:discover_packages(ignore) check parameters
[1.338s] Level 1:colcon.colcon_core.package_discovery:discover_packages(path) check parameters
[1.338s] Level 1:colcon.colcon_core.package_discovery:discover_packages(colcon_meta) discover
[1.338s] Level 1:colcon.colcon_core.package_discovery:discover_packages(recursive) discover
[1.338s] INFO:colcon.colcon_core.package_discovery:Crawling recursively for packages in '/home/weiwei/Desktop/project/ObsAvoidance'
[1.338s] Level 1:colcon.colcon_core.package_identification:_identify(.) by extensions ['ignore', 'ignore_ament_install']
[1.338s] Level 1:colcon.colcon_core.package_identification:_identify(.) by extension 'ignore'
[1.338s] Level 1:colcon.colcon_core.package_identification:_identify(.) by extension 'ignore_ament_install'
[1.338s] Level 1:colcon.colcon_core.package_identification:_identify(.) by extensions ['colcon_pkg']
[1.338s] Level 1:colcon.colcon_core.package_identification:_identify(.) by extension 'colcon_pkg'
[1.338s] Level 1:colcon.colcon_core.package_identification:_identify(.) by extensions ['colcon_meta']
[1.338s] Level 1:colcon.colcon_core.package_identification:_identify(.) by extension 'colcon_meta'
[1.338s] Level 1:colcon.colcon_core.package_identification:_identify(.) by extensions ['ros']
[1.338s] Level 1:colcon.colcon_core.package_identification:_identify(.) by extension 'ros'
[1.346s] Level 1:colcon.colcon_core.package_identification:_identify(.) by extensions ['cmake', 'python']
[1.346s] Level 1:colcon.colcon_core.package_identification:_identify(.) by extension 'cmake'
[1.346s] Level 1:colcon.colcon_core.package_identification:_identify(.) by extension 'python'
[1.346s] Level 1:colcon.colcon_core.package_identification:_identify(.) by extensions ['python_setup_py']
[1.346s] Level 1:colcon.colcon_core.package_identification:_identify(.) by extension 'python_setup_py'
[1.346s] Level 1:colcon.colcon_core.package_identification:_identify(build) by extensions ['ignore', 'ignore_ament_install']
[1.346s] Level 1:colcon.colcon_core.package_identification:_identify(build) by extension 'ignore'
[1.346s] Level 1:colcon.colcon_core.package_identification:_identify(build) ignored
[1.346s] Level 1:colcon.colcon_core.package_identification:_identify(install) by extensions ['ignore', 'ignore_ament_install']
[1.346s] Level 1:colcon.colcon_core.package_identification:_identify(install) by extension 'ignore'
[1.346s] Level 1:colcon.colcon_core.package_identification:_identify(install) ignored
[1.346s] Level 1:colcon.colcon_core.package_identification:_identify(log) by extensions ['ignore', 'ignore_ament_install']
[1.347s] Level 1:colcon.colcon_core.package_identification:_identify(log) by extension 'ignore'
[1.347s] Level 1:colcon.colcon_core.package_identification:_identify(log) ignored
[1.347s] Level 1:colcon.colcon_core.package_identification:_identify(src) by extensions ['ignore', 'ignore_ament_install']
[1.347s] Level 1:colcon.colcon_core.package_identification:_identify(src) by extension 'ignore'
[1.347s] Level 1:colcon.colcon_core.package_identification:_identify(src) by extension 'ignore_ament_install'
[1.347s] Level 1:colcon.colcon_core.package_identification:_identify(src) by extensions ['colcon_pkg']
[1.347s] Level 1:colcon.colcon_core.package_identification:_identify(src) by extension 'colcon_pkg'
[1.347s] Level 1:colcon.colcon_core.package_identification:_identify(src) by extensions ['colcon_meta']
[1.347s] Level 1:colcon.colcon_core.package_identification:_identify(src) by extension 'colcon_meta'
[1.347s] Level 1:colcon.colcon_core.package_identification:_identify(src) by extensions ['ros']
[1.347s] Level 1:colcon.colcon_core.package_identification:_identify(src) by extension 'ros'
[1.347s] Level 1:colcon.colcon_core.package_identification:_identify(src) by extensions ['cmake', 'python']
[1.347s] Level 1:colcon.colcon_core.package_identification:_identify(src) by extension 'cmake'
[1.347s] Level 1:colcon.colcon_core.package_identification:_identify(src) by extension 'python'
[1.347s] Level 1:colcon.colcon_core.package_identification:_identify(src) by extensions ['python_setup_py']
[1.347s] Level 1:colcon.colcon_core.package_identification:_identify(src) by extension 'python_setup_py'
[1.347s] Level 1:colcon.colcon_core.package_identification:_identify(src/interface) by extensions ['ignore', 'ignore_ament_install']
[1.347s] Level 1:colcon.colcon_core.package_identification:_identify(src/interface) by extension 'ignore'
[1.347s] Level 1:colcon.colcon_core.package_identification:_identify(src/interface) by extension 'ignore_ament_install'
[1.347s] Level 1:colcon.colcon_core.package_identification:_identify(src/interface) by extensions ['colcon_pkg']
[1.347s] Level 1:colcon.colcon_core.package_identification:_identify(src/interface) by extension 'colcon_pkg'
[1.347s] Level 1:colcon.colcon_core.package_identification:_identify(src/interface) by extensions ['colcon_meta']
[1.347s] Level 1:colcon.colcon_core.package_identification:_identify(src/interface) by extension 'colcon_meta'
[1.347s] Level 1:colcon.colcon_core.package_identification:_identify(src/interface) by extensions ['ros']
[1.347s] Level 1:colcon.colcon_core.package_identification:_identify(src/interface) by extension 'ros'
[1.349s] DEBUG:colcon.colcon_core.package_identification:Package 'src/interface' with type 'ros.ament_cmake' and name 'interface'
[1.349s] Level 1:colcon.colcon_core.package_identification:_identify(src/media) by extensions ['ignore', 'ignore_ament_install']
[1.349s] Level 1:colcon.colcon_core.package_identification:_identify(src/media) by extension 'ignore'
[1.349s] Level 1:colcon.colcon_core.package_identification:_identify(src/media) by extension 'ignore_ament_install'
[1.349s] Level 1:colcon.colcon_core.package_identification:_identify(src/media) by extensions ['colcon_pkg']
[1.349s] Level 1:colcon.colcon_core.package_identification:_identify(src/media) by extension 'colcon_pkg'
[1.349s] Level 1:colcon.colcon_core.package_identification:_identify(src/media) by extensions ['colcon_meta']
[1.349s] Level 1:colcon.colcon_core.package_identification:_identify(src/media) by extension 'colcon_meta'
[1.349s] Level 1:colcon.colcon_core.package_identification:_identify(src/media) by extensions ['ros']
[1.349s] Level 1:colcon.colcon_core.package_identification:_identify(src/media) by extension 'ros'
[1.350s] DEBUG:colcon.colcon_core.package_identification:Package 'src/media' with type 'ros.ament_cmake' and name 'media'
[1.350s] Level 1:colcon.colcon_core.package_identification:_identify(src/model) by extensions ['ignore', 'ignore_ament_install']
[1.350s] Level 1:colcon.colcon_core.package_identification:_identify(src/model) by extension 'ignore'
[1.350s] Level 1:colcon.colcon_core.package_identification:_identify(src/model) by extension 'ignore_ament_install'
[1.350s] Level 1:colcon.colcon_core.package_identification:_identify(src/model) by extensions ['colcon_pkg']
[1.350s] Level 1:colcon.colcon_core.package_identification:_identify(src/model) by extension 'colcon_pkg'
[1.350s] Level 1:colcon.colcon_core.package_identification:_identify(src/model) by extensions ['colcon_meta']
[1.350s] Level 1:colcon.colcon_core.package_identification:_identify(src/model) by extension 'colcon_meta'
[1.350s] Level 1:colcon.colcon_core.package_identification:_identify(src/model) by extensions ['ros']
[1.350s] Level 1:colcon.colcon_core.package_identification:_identify(src/model) by extension 'ros'
[1.350s] DEBUG:colcon.colcon_core.package_identification:Package 'src/model' with type 'ros.ament_cmake' and name 'model'
[1.350s] Level 1:colcon.colcon_core.package_identification:_identify(src/orbslam) by extensions ['ignore', 'ignore_ament_install']
[1.350s] Level 1:colcon.colcon_core.package_identification:_identify(src/orbslam) by extension 'ignore'
[1.350s] Level 1:colcon.colcon_core.package_identification:_identify(src/orbslam) by extension 'ignore_ament_install'
[1.350s] Level 1:colcon.colcon_core.package_identification:_identify(src/orbslam) by extensions ['colcon_pkg']
[1.350s] Level 1:colcon.colcon_core.package_identification:_identify(src/orbslam) by extension 'colcon_pkg'
[1.350s] Level 1:colcon.colcon_core.package_identification:_identify(src/orbslam) by extensions ['colcon_meta']
[1.350s] Level 1:colcon.colcon_core.package_identification:_identify(src/orbslam) by extension 'colcon_meta'
[1.351s] Level 1:colcon.colcon_core.package_identification:_identify(src/orbslam) by extensions ['ros']
[1.351s] Level 1:colcon.colcon_core.package_identification:_identify(src/orbslam) by extension 'ros'
[1.351s] DEBUG:colcon.colcon_core.package_identification:Package 'src/orbslam' with type 'ros.ament_cmake' and name 'orbslam'
[1.351s] Level 1:colcon.colcon_core.package_discovery:discover_packages(recursive) using defaults
[1.351s] Level 1:colcon.colcon_core.package_discovery:discover_packages(ignore) discover
[1.351s] Level 1:colcon.colcon_core.package_discovery:discover_packages(ignore) using defaults
[1.351s] Level 1:colcon.colcon_core.package_discovery:discover_packages(path) discover
[1.351s] Level 1:colcon.colcon_core.package_discovery:discover_packages(path) using defaults
[1.468s] Level 1:colcon.colcon_core.package_discovery:discover_packages(prefix_path) check parameters
[1.468s] Level 1:colcon.colcon_core.package_discovery:discover_packages(prefix_path) discover
[1.511s] DEBUG:colcon.colcon_installed_package_information.package_discovery:Found 4 installed packages in /home/weiwei/Desktop/project/ObsAvoidance/install
[1.534s] DEBUG:colcon.colcon_installed_package_information.package_discovery:Found 307 installed packages in /opt/ros/foxy
[1.535s] Level 1:colcon.colcon_core.package_discovery:discover_packages(prefix_path) using defaults
[1.664s] Level 5:colcon.colcon_core.verb:set package 'interface' build argument 'cmake_args' from command line to 'None'
[1.664s] Level 5:colcon.colcon_core.verb:set package 'interface' build argument 'cmake_target' from command line to 'None'
[1.664s] Level 5:colcon.colcon_core.verb:set package 'interface' build argument 'cmake_target_skip_unavailable' from command line to 'False'
[1.664s] Level 5:colcon.colcon_core.verb:set package 'interface' build argument 'cmake_clean_cache' from command line to 'False'
[1.664s] Level 5:colcon.colcon_core.verb:set package 'interface' build argument 'cmake_clean_first' from command line to 'False'
[1.664s] Level 5:colcon.colcon_core.verb:set package 'interface' build argument 'cmake_force_configure' from command line to 'False'
[1.664s] Level 5:colcon.colcon_core.verb:set package 'interface' build argument 'ament_cmake_args' from command line to 'None'
[1.664s] Level 5:colcon.colcon_core.verb:set package 'interface' build argument 'catkin_cmake_args' from command line to 'None'
[1.664s] Level 5:colcon.colcon_core.verb:set package 'interface' build argument 'catkin_skip_building_tests' from command line to 'False'
[1.664s] DEBUG:colcon.colcon_core.verb:Building package 'interface' with the following arguments: {'ament_cmake_args': None, 'build_base': '/home/weiwei/Desktop/project/ObsAvoidance/build/interface', 'catkin_cmake_args': None, 'catkin_skip_building_tests': False, 'cmake_args': None, 'cmake_clean_cache': False, 'cmake_clean_first': False, 'cmake_force_configure': False, 'cmake_target': None, 'cmake_target_skip_unavailable': False, 'install_base': '/home/weiwei/Desktop/project/ObsAvoidance/install/interface', 'merge_install': False, 'path': '/home/weiwei/Desktop/project/ObsAvoidance/src/interface', 'symlink_install': False, 'test_result_base': None}
[1.686s] Level 5:colcon.colcon_core.verb:set package 'media' build argument 'cmake_args' from command line to 'None'
[1.686s] Level 5:colcon.colcon_core.verb:set package 'media' build argument 'cmake_target' from command line to 'None'
[1.686s] Level 5:colcon.colcon_core.verb:set package 'media' build argument 'cmake_target_skip_unavailable' from command line to 'False'
[1.686s] Level 5:colcon.colcon_core.verb:set package 'media' build argument 'cmake_clean_cache' from command line to 'False'
[1.686s] Level 5:colcon.colcon_core.verb:set package 'media' build argument 'cmake_clean_first' from command line to 'False'
[1.686s] Level 5:colcon.colcon_core.verb:set package 'media' build argument 'cmake_force_configure' from command line to 'False'
[1.686s] Level 5:colcon.colcon_core.verb:set package 'media' build argument 'ament_cmake_args' from command line to 'None'
[1.686s] Level 5:colcon.colcon_core.verb:set package 'media' build argument 'catkin_cmake_args' from command line to 'None'
[1.686s] Level 5:colcon.colcon_core.verb:set package 'media' build argument 'catkin_skip_building_tests' from command line to 'False'
[1.686s] DEBUG:colcon.colcon_core.verb:Building package 'media' with the following arguments: {'ament_cmake_args': None, 'build_base': '/home/weiwei/Desktop/project/ObsAvoidance/build/media', 'catkin_cmake_args': None, 'catkin_skip_building_tests': False, 'cmake_args': None, 'cmake_clean_cache': False, 'cmake_clean_first': False, 'cmake_force_configure': False, 'cmake_target': None, 'cmake_target_skip_unavailable': False, 'install_base': '/home/weiwei/Desktop/project/ObsAvoidance/install/media', 'merge_install': False, 'path': '/home/weiwei/Desktop/project/ObsAvoidance/src/media', 'symlink_install': False, 'test_result_base': None}
[1.707s] Level 5:colcon.colcon_core.verb:set package 'model' build argument 'cmake_args' from command line to 'None'
[1.707s] Level 5:colcon.colcon_core.verb:set package 'model' build argument 'cmake_target' from command line to 'None'
[1.707s] Level 5:colcon.colcon_core.verb:set package 'model' build argument 'cmake_target_skip_unavailable' from command line to 'False'
[1.707s] Level 5:colcon.colcon_core.verb:set package 'model' build argument 'cmake_clean_cache' from command line to 'False'
[1.707s] Level 5:colcon.colcon_core.verb:set package 'model' build argument 'cmake_clean_first' from command line to 'False'
[1.707s] Level 5:colcon.colcon_core.verb:set package 'model' build argument 'cmake_force_configure' from command line to 'False'
[1.707s] Level 5:colcon.colcon_core.verb:set package 'model' build argument 'ament_cmake_args' from command line to 'None'
[1.707s] Level 5:colcon.colcon_core.verb:set package 'model' build argument 'catkin_cmake_args' from command line to 'None'
[1.707s] Level 5:colcon.colcon_core.verb:set package 'model' build argument 'catkin_skip_building_tests' from command line to 'False'
[1.707s] DEBUG:colcon.colcon_core.verb:Building package 'model' with the following arguments: {'ament_cmake_args': None, 'build_base': '/home/weiwei/Desktop/project/ObsAvoidance/build/model', 'catkin_cmake_args': None, 'catkin_skip_building_tests': False, 'cmake_args': None, 'cmake_clean_cache': False, 'cmake_clean_first': False, 'cmake_force_configure': False, 'cmake_target': None, 'cmake_target_skip_unavailable': False, 'install_base': '/home/weiwei/Desktop/project/ObsAvoidance/install/model', 'merge_install': False, 'path': '/home/weiwei/Desktop/project/ObsAvoidance/src/model', 'symlink_install': False, 'test_result_base': None}
[1.729s] Level 5:colcon.colcon_core.verb:set package 'orbslam' build argument 'cmake_args' from command line to 'None'
[1.729s] Level 5:colcon.colcon_core.verb:set package 'orbslam' build argument 'cmake_target' from command line to 'None'
[1.729s] Level 5:colcon.colcon_core.verb:set package 'orbslam' build argument 'cmake_target_skip_unavailable' from command line to 'False'
[1.729s] Level 5:colcon.colcon_core.verb:set package 'orbslam' build argument 'cmake_clean_cache' from command line to 'False'
[1.729s] Level 5:colcon.colcon_core.verb:set package 'orbslam' build argument 'cmake_clean_first' from command line to 'False'
[1.729s] Level 5:colcon.colcon_core.verb:set package 'orbslam' build argument 'cmake_force_configure' from command line to 'False'
[1.729s] Level 5:colcon.colcon_core.verb:set package 'orbslam' build argument 'ament_cmake_args' from command line to 'None'
[1.729s] Level 5:colcon.colcon_core.verb:set package 'orbslam' build argument 'catkin_cmake_args' from command line to 'None'
[1.729s] Level 5:colcon.colcon_core.verb:set package 'orbslam' build argument 'catkin_skip_building_tests' from command line to 'False'
[1.729s] DEBUG:colcon.colcon_core.verb:Building package 'orbslam' with the following arguments: {'ament_cmake_args': None, 'build_base': '/home/weiwei/Desktop/project/ObsAvoidance/build/orbslam', 'catkin_cmake_args': None, 'catkin_skip_building_tests': False, 'cmake_args': None, 'cmake_clean_cache': False, 'cmake_clean_first': False, 'cmake_force_configure': False, 'cmake_target': None, 'cmake_target_skip_unavailable': False, 'install_base': '/home/weiwei/Desktop/project/ObsAvoidance/install/orbslam', 'merge_install': False, 'path': '/home/weiwei/Desktop/project/ObsAvoidance/src/orbslam', 'symlink_install': False, 'test_result_base': None}
[1.750s] INFO:colcon.colcon_core.executor:Executing jobs using 'parallel' executor
[1.772s] DEBUG:colcon.colcon_parallel_executor.executor.parallel:run_until_complete
[1.772s] INFO:colcon.colcon_ros.task.ament_cmake.build:Building ROS package in '/home/weiwei/Desktop/project/ObsAvoidance/src/interface' with build type 'ament_cmake'
[1.772s] INFO:colcon.colcon_cmake.task.cmake.build:Building CMake package in '/home/weiwei/Desktop/project/ObsAvoidance/src/interface'
[1.795s] INFO:colcon.colcon_core.plugin_system:Skipping extension 'colcon_core.shell.bat': Not used on non-Windows systems
[1.795s] INFO:colcon.colcon_core.shell:Skip shell extension 'powershell' for command environment: Not usable outside of PowerShell
[1.795s] DEBUG:colcon.colcon_core.shell:Skip shell extension 'dsv' for command environment
[1.876s] DEBUG:colcon.colcon_core.event_handler.log_command:Invoking command in '/home/weiwei/Desktop/project/ObsAvoidance/build/interface': CMAKE_PREFIX_PATH=${CMAKE_PREFIX_PATH}:/opt/ros/foxy /usr/bin/cmake --build /home/weiwei/Desktop/project/ObsAvoidance/build/interface -- -j16 -l16
[2.036s] DEBUG:colcon.colcon_core.event_handler.log_command:Invoked command in '/home/weiwei/Desktop/project/ObsAvoidance/build/interface' returned '0': CMAKE_PREFIX_PATH=${CMAKE_PREFIX_PATH}:/opt/ros/foxy /usr/bin/cmake --build /home/weiwei/Desktop/project/ObsAvoidance/build/interface -- -j16 -l16
[2.074s] DEBUG:colcon.colcon_core.event_handler.log_command:Invoking command in '/home/weiwei/Desktop/project/ObsAvoidance/build/interface': CMAKE_PREFIX_PATH=${CMAKE_PREFIX_PATH}:/opt/ros/foxy /usr/bin/cmake --install /home/weiwei/Desktop/project/ObsAvoidance/build/interface
[2.105s] Level 1:colcon.colcon_core.environment:create_environment_scripts_only(interface)
[2.105s] DEBUG:colcon.colcon_core.event_handler.log_command:Invoked command in '/home/weiwei/Desktop/project/ObsAvoidance/build/interface' returned '0': CMAKE_PREFIX_PATH=${CMAKE_PREFIX_PATH}:/opt/ros/foxy /usr/bin/cmake --install /home/weiwei/Desktop/project/ObsAvoidance/build/interface
[2.130s] Level 1:colcon.colcon_core.environment:checking '/home/weiwei/Desktop/project/ObsAvoidance/install/interface' for CMake module files
[2.130s] Level 1:colcon.colcon_core.environment:checking '/home/weiwei/Desktop/project/ObsAvoidance/install/interface' for CMake config files
[2.130s] Level 1:colcon.colcon_core.shell:create_environment_hook('interface', 'cmake_prefix_path')
[2.152s] INFO:colcon.colcon_core.shell:Creating environment hook '/home/weiwei/Desktop/project/ObsAvoidance/install/interface/share/interface/hook/cmake_prefix_path.ps1'
[2.152s] INFO:colcon.colcon_core.shell:Creating environment descriptor '/home/weiwei/Desktop/project/ObsAvoidance/install/interface/share/interface/hook/cmake_prefix_path.dsv'
[2.152s] INFO:colcon.colcon_core.shell:Creating environment hook '/home/weiwei/Desktop/project/ObsAvoidance/install/interface/share/interface/hook/cmake_prefix_path.sh'
[2.153s] Level 1:colcon.colcon_core.environment:checking '/home/weiwei/Desktop/project/ObsAvoidance/install/interface/lib'
[2.153s] Level 1:colcon.colcon_core.shell:create_environment_hook('interface', 'ld_library_path_lib')
[2.174s] INFO:colcon.colcon_core.shell:Creating environment hook '/home/weiwei/Desktop/project/ObsAvoidance/install/interface/share/interface/hook/ld_library_path_lib.ps1'
[2.175s] INFO:colcon.colcon_core.shell:Creating environment descriptor '/home/weiwei/Desktop/project/ObsAvoidance/install/interface/share/interface/hook/ld_library_path_lib.dsv'
[2.175s] INFO:colcon.colcon_core.shell:Creating environment hook '/home/weiwei/Desktop/project/ObsAvoidance/install/interface/share/interface/hook/ld_library_path_lib.sh'
[2.175s] Level 1:colcon.colcon_core.environment:checking '/home/weiwei/Desktop/project/ObsAvoidance/install/interface/bin'
[2.175s] Level 1:colcon.colcon_core.environment:checking '/home/weiwei/Desktop/project/ObsAvoidance/install/interface/lib/pkgconfig/interface.pc'
[2.175s] Level 1:colcon.colcon_core.environment:checking '/home/weiwei/Desktop/project/ObsAvoidance/install/interface/lib/python3.8/site-packages'
[2.175s] Level 1:colcon.colcon_core.shell:create_environment_hook('interface', 'pythonpath')
[2.197s] INFO:colcon.colcon_core.shell:Creating environment hook '/home/weiwei/Desktop/project/ObsAvoidance/install/interface/share/interface/hook/pythonpath.ps1'
[2.198s] INFO:colcon.colcon_core.shell:Creating environment descriptor '/home/weiwei/Desktop/project/ObsAvoidance/install/interface/share/interface/hook/pythonpath.dsv'
[2.198s] INFO:colcon.colcon_core.shell:Creating environment hook '/home/weiwei/Desktop/project/ObsAvoidance/install/interface/share/interface/hook/pythonpath.sh'
[2.198s] Level 1:colcon.colcon_core.environment:checking '/home/weiwei/Desktop/project/ObsAvoidance/install/interface/bin'
[2.220s] INFO:colcon.colcon_core.shell:Creating package script '/home/weiwei/Desktop/project/ObsAvoidance/install/interface/share/interface/package.ps1'
[2.220s] INFO:colcon.colcon_core.shell:Creating package descriptor '/home/weiwei/Desktop/project/ObsAvoidance/install/interface/share/interface/package.dsv'
[2.221s] INFO:colcon.colcon_core.shell:Creating package script '/home/weiwei/Desktop/project/ObsAvoidance/install/interface/share/interface/package.sh'
[2.221s] INFO:colcon.colcon_core.shell:Creating package script '/home/weiwei/Desktop/project/ObsAvoidance/install/interface/share/interface/package.bash'
[2.222s] INFO:colcon.colcon_core.shell:Creating package script '/home/weiwei/Desktop/project/ObsAvoidance/install/interface/share/interface/package.zsh'
[2.222s] Level 1:colcon.colcon_core.environment:create_file_with_runtime_dependencies(/home/weiwei/Desktop/project/ObsAvoidance/install/interface/share/colcon-core/packages/interface)
[2.272s] Level 1:colcon.colcon_core.environment:create_environment_scripts_only(interface)
[2.294s] Level 1:colcon.colcon_core.environment:checking '/home/weiwei/Desktop/project/ObsAvoidance/install/interface' for CMake module files
[2.294s] Level 1:colcon.colcon_core.environment:checking '/home/weiwei/Desktop/project/ObsAvoidance/install/interface' for CMake config files
[2.295s] Level 1:colcon.colcon_core.shell:create_environment_hook('interface', 'cmake_prefix_path')
[2.316s] INFO:colcon.colcon_core.shell:Creating environment hook '/home/weiwei/Desktop/project/ObsAvoidance/install/interface/share/interface/hook/cmake_prefix_path.ps1'
[2.317s] INFO:colcon.colcon_core.shell:Creating environment descriptor '/home/weiwei/Desktop/project/ObsAvoidance/install/interface/share/interface/hook/cmake_prefix_path.dsv'
[2.317s] INFO:colcon.colcon_core.shell:Creating environment hook '/home/weiwei/Desktop/project/ObsAvoidance/install/interface/share/interface/hook/cmake_prefix_path.sh'
[2.317s] Level 1:colcon.colcon_core.environment:checking '/home/weiwei/Desktop/project/ObsAvoidance/install/interface/lib'
[2.317s] Level 1:colcon.colcon_core.shell:create_environment_hook('interface', 'ld_library_path_lib')
[2.339s] INFO:colcon.colcon_core.shell:Creating environment hook '/home/weiwei/Desktop/project/ObsAvoidance/install/interface/share/interface/hook/ld_library_path_lib.ps1'
[2.339s] INFO:colcon.colcon_core.shell:Creating environment descriptor '/home/weiwei/Desktop/project/ObsAvoidance/install/interface/share/interface/hook/ld_library_path_lib.dsv'
[2.339s] INFO:colcon.colcon_core.shell:Creating environment hook '/home/weiwei/Desktop/project/ObsAvoidance/install/interface/share/interface/hook/ld_library_path_lib.sh'
[2.339s] Level 1:colcon.colcon_core.environment:checking '/home/weiwei/Desktop/project/ObsAvoidance/install/interface/bin'
[2.339s] Level 1:colcon.colcon_core.environment:checking '/home/weiwei/Desktop/project/ObsAvoidance/install/interface/lib/pkgconfig/interface.pc'
[2.340s] Level 1:colcon.colcon_core.environment:checking '/home/weiwei/Desktop/project/ObsAvoidance/install/interface/lib/python3.8/site-packages'
[2.340s] Level 1:colcon.colcon_core.shell:create_environment_hook('interface', 'pythonpath')
[2.367s] INFO:colcon.colcon_core.shell:Creating environment hook '/home/weiwei/Desktop/project/ObsAvoidance/install/interface/share/interface/hook/pythonpath.ps1'
[2.367s] INFO:colcon.colcon_core.shell:Creating environment descriptor '/home/weiwei/Desktop/project/ObsAvoidance/install/interface/share/interface/hook/pythonpath.dsv'
[2.367s] INFO:colcon.colcon_core.shell:Creating environment hook '/home/weiwei/Desktop/project/ObsAvoidance/install/interface/share/interface/hook/pythonpath.sh'
[2.368s] Level 1:colcon.colcon_core.environment:checking '/home/weiwei/Desktop/project/ObsAvoidance/install/interface/bin'
[2.402s] INFO:colcon.colcon_core.shell:Creating package script '/home/weiwei/Desktop/project/ObsAvoidance/install/interface/share/interface/package.ps1'
[2.403s] INFO:colcon.colcon_core.shell:Creating package descriptor '/home/weiwei/Desktop/project/ObsAvoidance/install/interface/share/interface/package.dsv'
[2.403s] INFO:colcon.colcon_core.shell:Creating package script '/home/weiwei/Desktop/project/ObsAvoidance/install/interface/share/interface/package.sh'
[2.404s] INFO:colcon.colcon_core.shell:Creating package script '/home/weiwei/Desktop/project/ObsAvoidance/install/interface/share/interface/package.bash'
[2.404s] INFO:colcon.colcon_core.shell:Creating package script '/home/weiwei/Desktop/project/ObsAvoidance/install/interface/share/interface/package.zsh'
[2.404s] Level 1:colcon.colcon_core.environment:create_file_with_runtime_dependencies(/home/weiwei/Desktop/project/ObsAvoidance/install/interface/share/colcon-core/packages/interface)
[2.404s] INFO:colcon.colcon_ros.task.ament_cmake.build:Building ROS package in '/home/weiwei/Desktop/project/ObsAvoidance/src/media' with build type 'ament_cmake'
[2.404s] INFO:colcon.colcon_cmake.task.cmake.build:Building CMake package in '/home/weiwei/Desktop/project/ObsAvoidance/src/media'
[2.428s] INFO:colcon.colcon_core.shell:Skip shell extension 'powershell' for command environment: Not usable outside of PowerShell
[2.428s] DEBUG:colcon.colcon_core.shell:Skip shell extension 'dsv' for command environment
[2.507s] INFO:colcon.colcon_ros.task.ament_cmake.build:Building ROS package in '/home/weiwei/Desktop/project/ObsAvoidance/src/model' with build type 'ament_cmake'
[2.507s] INFO:colcon.colcon_cmake.task.cmake.build:Building CMake package in '/home/weiwei/Desktop/project/ObsAvoidance/src/model'
[2.529s] INFO:colcon.colcon_core.shell:Skip shell extension 'powershell' for command environment: Not usable outside of PowerShell
[2.530s] DEBUG:colcon.colcon_core.shell:Skip shell extension 'dsv' for command environment
[2.598s] INFO:colcon.colcon_ros.task.ament_cmake.build:Building ROS package in '/home/weiwei/Desktop/project/ObsAvoidance/src/orbslam' with build type 'ament_cmake'
[2.599s] INFO:colcon.colcon_cmake.task.cmake.build:Building CMake package in '/home/weiwei/Desktop/project/ObsAvoidance/src/orbslam'
[2.622s] INFO:colcon.colcon_core.shell:Skip shell extension 'powershell' for command environment: Not usable outside of PowerShell
[2.622s] DEBUG:colcon.colcon_core.shell:Skip shell extension 'dsv' for command environment
[2.696s] DEBUG:colcon.colcon_core.event_handler.log_command:Invoking command in '/home/weiwei/Desktop/project/ObsAvoidance/build/media': CMAKE_PREFIX_PATH=/home/weiwei/Desktop/project/ObsAvoidance/install/interface:/home/weiwei/Desktop/project/ObsAvoidance/install/orbslam:/home/weiwei/Desktop/project/ObsAvoidance/install/model:/home/weiwei/Desktop/project/ObsAvoidance/install/media:/opt/ros/foxy /usr/bin/cmake --build /home/weiwei/Desktop/project/ObsAvoidance/build/media -- -j16 -l16
[2.699s] DEBUG:colcon.colcon_core.event_handler.log_command:Invoking command in '/home/weiwei/Desktop/project/ObsAvoidance/build/model': CMAKE_PREFIX_PATH=/home/weiwei/Desktop/project/ObsAvoidance/install/interface:/home/weiwei/Desktop/project/ObsAvoidance/install/orbslam:/home/weiwei/Desktop/project/ObsAvoidance/install/model:/home/weiwei/Desktop/project/ObsAvoidance/install/media:/opt/ros/foxy /usr/bin/cmake --build /home/weiwei/Desktop/project/ObsAvoidance/build/model -- -j16 -l16
[2.704s] DEBUG:colcon.colcon_core.event_handler.log_command:Invoking command in '/home/weiwei/Desktop/project/ObsAvoidance/build/orbslam': CMAKE_PREFIX_PATH=/home/weiwei/Desktop/project/ObsAvoidance/install/interface:/home/weiwei/Desktop/project/ObsAvoidance/install/orbslam:/home/weiwei/Desktop/project/ObsAvoidance/install/model:/home/weiwei/Desktop/project/ObsAvoidance/install/media:/opt/ros/foxy /usr/bin/cmake --build /home/weiwei/Desktop/project/ObsAvoidance/build/orbslam -- -j16 -l16
[2.761s] DEBUG:colcon.colcon_core.event_handler.log_command:Invoked command in '/home/weiwei/Desktop/project/ObsAvoidance/build/orbslam' returned '0': CMAKE_PREFIX_PATH=/home/weiwei/Desktop/project/ObsAvoidance/install/interface:/home/weiwei/Desktop/project/ObsAvoidance/install/orbslam:/home/weiwei/Desktop/project/ObsAvoidance/install/model:/home/weiwei/Desktop/project/ObsAvoidance/install/media:/opt/ros/foxy /usr/bin/cmake --build /home/weiwei/Desktop/project/ObsAvoidance/build/orbslam -- -j16 -l16
[2.766s] DEBUG:colcon.colcon_core.event_handler.log_command:Invoked command in '/home/weiwei/Desktop/project/ObsAvoidance/build/media' returned '0': CMAKE_PREFIX_PATH=/home/weiwei/Desktop/project/ObsAvoidance/install/interface:/home/weiwei/Desktop/project/ObsAvoidance/install/orbslam:/home/weiwei/Desktop/project/ObsAvoidance/install/model:/home/weiwei/Desktop/project/ObsAvoidance/install/media:/opt/ros/foxy /usr/bin/cmake --build /home/weiwei/Desktop/project/ObsAvoidance/build/media -- -j16 -l16
[2.779s] DEBUG:colcon.colcon_core.event_handler.log_command:Invoking command in '/home/weiwei/Desktop/project/ObsAvoidance/build/orbslam': CMAKE_PREFIX_PATH=/home/weiwei/Desktop/project/ObsAvoidance/install/interface:/home/weiwei/Desktop/project/ObsAvoidance/install/orbslam:/home/weiwei/Desktop/project/ObsAvoidance/install/model:/home/weiwei/Desktop/project/ObsAvoidance/install/media:/opt/ros/foxy /usr/bin/cmake --install /home/weiwei/Desktop/project/ObsAvoidance/build/orbslam
[2.784s] DEBUG:colcon.colcon_core.event_handler.log_command:Invoking command in '/home/weiwei/Desktop/project/ObsAvoidance/build/media': CMAKE_PREFIX_PATH=/home/weiwei/Desktop/project/ObsAvoidance/install/interface:/home/weiwei/Desktop/project/ObsAvoidance/install/orbslam:/home/weiwei/Desktop/project/ObsAvoidance/install/model:/home/weiwei/Desktop/project/ObsAvoidance/install/media:/opt/ros/foxy /usr/bin/cmake --install /home/weiwei/Desktop/project/ObsAvoidance/build/media
[2.786s] Level 1:colcon.colcon_core.environment:create_environment_scripts_only(orbslam)
[2.787s] DEBUG:colcon.colcon_core.event_handler.log_command:Invoked command in '/home/weiwei/Desktop/project/ObsAvoidance/build/orbslam' returned '0': CMAKE_PREFIX_PATH=/home/weiwei/Desktop/project/ObsAvoidance/install/interface:/home/weiwei/Desktop/project/ObsAvoidance/install/orbslam:/home/weiwei/Desktop/project/ObsAvoidance/install/model:/home/weiwei/Desktop/project/ObsAvoidance/install/media:/opt/ros/foxy /usr/bin/cmake --install /home/weiwei/Desktop/project/ObsAvoidance/build/orbslam
[2.814s] Level 1:colcon.colcon_core.environment:checking '/home/weiwei/Desktop/project/ObsAvoidance/install/orbslam' for CMake module files
[2.815s] Level 1:colcon.colcon_core.environment:checking '/home/weiwei/Desktop/project/ObsAvoidance/install/orbslam' for CMake config files
[2.815s] Level 1:colcon.colcon_core.shell:create_environment_hook('orbslam', 'cmake_prefix_path')
[2.839s] INFO:colcon.colcon_core.shell:Creating environment hook '/home/weiwei/Desktop/project/ObsAvoidance/install/orbslam/share/orbslam/hook/cmake_prefix_path.ps1'
[2.839s] INFO:colcon.colcon_core.shell:Creating environment descriptor '/home/weiwei/Desktop/project/ObsAvoidance/install/orbslam/share/orbslam/hook/cmake_prefix_path.dsv'
[2.839s] INFO:colcon.colcon_core.shell:Creating environment hook '/home/weiwei/Desktop/project/ObsAvoidance/install/orbslam/share/orbslam/hook/cmake_prefix_path.sh'
[2.840s] Level 1:colcon.colcon_core.environment:checking '/home/weiwei/Desktop/project/ObsAvoidance/install/orbslam/lib'
[2.840s] Level 1:colcon.colcon_core.environment:checking '/home/weiwei/Desktop/project/ObsAvoidance/install/orbslam/bin'
[2.840s] Level 1:colcon.colcon_core.environment:checking '/home/weiwei/Desktop/project/ObsAvoidance/install/orbslam/lib/pkgconfig/orbslam.pc'
[2.840s] Level 1:colcon.colcon_core.environment:checking '/home/weiwei/Desktop/project/ObsAvoidance/install/orbslam/lib/python3.8/site-packages'
[2.840s] Level 1:colcon.colcon_core.environment:checking '/home/weiwei/Desktop/project/ObsAvoidance/install/orbslam/bin'
[2.864s] INFO:colcon.colcon_core.shell:Creating package script '/home/weiwei/Desktop/project/ObsAvoidance/install/orbslam/share/orbslam/package.ps1'
[2.864s] INFO:colcon.colcon_core.shell:Creating package descriptor '/home/weiwei/Desktop/project/ObsAvoidance/install/orbslam/share/orbslam/package.dsv'
[2.864s] INFO:colcon.colcon_core.shell:Creating package script '/home/weiwei/Desktop/project/ObsAvoidance/install/orbslam/share/orbslam/package.sh'
[2.865s] INFO:colcon.colcon_core.shell:Creating package script '/home/weiwei/Desktop/project/ObsAvoidance/install/orbslam/share/orbslam/package.bash'
[2.865s] INFO:colcon.colcon_core.shell:Creating package script '/home/weiwei/Desktop/project/ObsAvoidance/install/orbslam/share/orbslam/package.zsh'
[2.865s] Level 1:colcon.colcon_core.environment:create_file_with_runtime_dependencies(/home/weiwei/Desktop/project/ObsAvoidance/install/orbslam/share/colcon-core/packages/orbslam)
[2.868s] Level 1:colcon.colcon_core.environment:create_environment_scripts_only(media)
[2.868s] DEBUG:colcon.colcon_core.event_handler.log_command:Invoked command in '/home/weiwei/Desktop/project/ObsAvoidance/build/media' returned '0': CMAKE_PREFIX_PATH=/home/weiwei/Desktop/project/ObsAvoidance/install/interface:/home/weiwei/Desktop/project/ObsAvoidance/install/orbslam:/home/weiwei/Desktop/project/ObsAvoidance/install/model:/home/weiwei/Desktop/project/ObsAvoidance/install/media:/opt/ros/foxy /usr/bin/cmake --install /home/weiwei/Desktop/project/ObsAvoidance/build/media
[2.894s] Level 1:colcon.colcon_core.environment:checking '/home/weiwei/Desktop/project/ObsAvoidance/install/media' for CMake module files
[2.895s] Level 1:colcon.colcon_core.environment:checking '/home/weiwei/Desktop/project/ObsAvoidance/install/media' for CMake config files
[2.895s] Level 1:colcon.colcon_core.shell:create_environment_hook('media', 'cmake_prefix_path')
[2.919s] INFO:colcon.colcon_core.shell:Creating environment hook '/home/weiwei/Desktop/project/ObsAvoidance/install/media/share/media/hook/cmake_prefix_path.ps1'
[2.919s] INFO:colcon.colcon_core.shell:Creating environment descriptor '/home/weiwei/Desktop/project/ObsAvoidance/install/media/share/media/hook/cmake_prefix_path.dsv'
[2.920s] INFO:colcon.colcon_core.shell:Creating environment hook '/home/weiwei/Desktop/project/ObsAvoidance/install/media/share/media/hook/cmake_prefix_path.sh'
[2.920s] Level 1:colcon.colcon_core.environment:checking '/home/weiwei/Desktop/project/ObsAvoidance/install/media/lib'
[2.920s] Level 1:colcon.colcon_core.environment:checking '/home/weiwei/Desktop/project/ObsAvoidance/install/media/bin'
[2.920s] Level 1:colcon.colcon_core.environment:checking '/home/weiwei/Desktop/project/ObsAvoidance/install/media/lib/pkgconfig/media.pc'
[2.920s] Level 1:colcon.colcon_core.environment:checking '/home/weiwei/Desktop/project/ObsAvoidance/install/media/lib/python3.8/site-packages'
[2.920s] Level 1:colcon.colcon_core.environment:checking '/home/weiwei/Desktop/project/ObsAvoidance/install/media/bin'
[2.944s] INFO:colcon.colcon_core.shell:Creating package script '/home/weiwei/Desktop/project/ObsAvoidance/install/media/share/media/package.ps1'
[2.944s] INFO:colcon.colcon_core.shell:Creating package descriptor '/home/weiwei/Desktop/project/ObsAvoidance/install/media/share/media/package.dsv'
[2.945s] INFO:colcon.colcon_core.shell:Creating package script '/home/weiwei/Desktop/project/ObsAvoidance/install/media/share/media/package.sh'
[2.945s] INFO:colcon.colcon_core.shell:Creating package script '/home/weiwei/Desktop/project/ObsAvoidance/install/media/share/media/package.bash'
[2.945s] INFO:colcon.colcon_core.shell:Creating package script '/home/weiwei/Desktop/project/ObsAvoidance/install/media/share/media/package.zsh'
[2.945s] Level 1:colcon.colcon_core.environment:create_file_with_runtime_dependencies(/home/weiwei/Desktop/project/ObsAvoidance/install/media/share/colcon-core/packages/media)
[2.971s] Level 1:colcon.colcon_core.environment:create_environment_scripts_only(orbslam)
[2.994s] Level 1:colcon.colcon_core.environment:checking '/home/weiwei/Desktop/project/ObsAvoidance/install/orbslam' for CMake module files
[2.995s] Level 1:colcon.colcon_core.environment:checking '/home/weiwei/Desktop/project/ObsAvoidance/install/orbslam' for CMake config files
[2.995s] Level 1:colcon.colcon_core.shell:create_environment_hook('orbslam', 'cmake_prefix_path')
[3.018s] INFO:colcon.colcon_core.shell:Creating environment hook '/home/weiwei/Desktop/project/ObsAvoidance/install/orbslam/share/orbslam/hook/cmake_prefix_path.ps1'
[3.018s] INFO:colcon.colcon_core.shell:Creating environment descriptor '/home/weiwei/Desktop/project/ObsAvoidance/install/orbslam/share/orbslam/hook/cmake_prefix_path.dsv'
[3.018s] INFO:colcon.colcon_core.shell:Creating environment hook '/home/weiwei/Desktop/project/ObsAvoidance/install/orbslam/share/orbslam/hook/cmake_prefix_path.sh'
[3.019s] Level 1:colcon.colcon_core.environment:checking '/home/weiwei/Desktop/project/ObsAvoidance/install/orbslam/lib'
[3.019s] Level 1:colcon.colcon_core.environment:checking '/home/weiwei/Desktop/project/ObsAvoidance/install/orbslam/bin'
[3.019s] Level 1:colcon.colcon_core.environment:checking '/home/weiwei/Desktop/project/ObsAvoidance/install/orbslam/lib/pkgconfig/orbslam.pc'
[3.019s] Level 1:colcon.colcon_core.environment:checking '/home/weiwei/Desktop/project/ObsAvoidance/install/orbslam/lib/python3.8/site-packages'
[3.019s] Level 1:colcon.colcon_core.environment:checking '/home/weiwei/Desktop/project/ObsAvoidance/install/orbslam/bin'
[3.041s] INFO:colcon.colcon_core.shell:Creating package script '/home/weiwei/Desktop/project/ObsAvoidance/install/orbslam/share/orbslam/package.ps1'
[3.042s] INFO:colcon.colcon_core.shell:Creating package descriptor '/home/weiwei/Desktop/project/ObsAvoidance/install/orbslam/share/orbslam/package.dsv'
[3.042s] INFO:colcon.colcon_core.shell:Creating package script '/home/weiwei/Desktop/project/ObsAvoidance/install/orbslam/share/orbslam/package.sh'
[3.042s] INFO:colcon.colcon_core.shell:Creating package script '/home/weiwei/Desktop/project/ObsAvoidance/install/orbslam/share/orbslam/package.bash'
[3.042s] INFO:colcon.colcon_core.shell:Creating package script '/home/weiwei/Desktop/project/ObsAvoidance/install/orbslam/share/orbslam/package.zsh'
[3.043s] Level 1:colcon.colcon_core.environment:create_file_with_runtime_dependencies(/home/weiwei/Desktop/project/ObsAvoidance/install/orbslam/share/colcon-core/packages/orbslam)
[3.066s] Level 1:colcon.colcon_core.environment:create_environment_scripts_only(media)
[3.089s] Level 1:colcon.colcon_core.environment:checking '/home/weiwei/Desktop/project/ObsAvoidance/install/media' for CMake module files
[3.090s] Level 1:colcon.colcon_core.environment:checking '/home/weiwei/Desktop/project/ObsAvoidance/install/media' for CMake config files
[3.090s] Level 1:colcon.colcon_core.shell:create_environment_hook('media', 'cmake_prefix_path')
[3.112s] INFO:colcon.colcon_core.shell:Creating environment hook '/home/weiwei/Desktop/project/ObsAvoidance/install/media/share/media/hook/cmake_prefix_path.ps1'
[3.113s] INFO:colcon.colcon_core.shell:Creating environment descriptor '/home/weiwei/Desktop/project/ObsAvoidance/install/media/share/media/hook/cmake_prefix_path.dsv'
[3.113s] INFO:colcon.colcon_core.shell:Creating environment hook '/home/weiwei/Desktop/project/ObsAvoidance/install/media/share/media/hook/cmake_prefix_path.sh'
[3.113s] Level 1:colcon.colcon_core.environment:checking '/home/weiwei/Desktop/project/ObsAvoidance/install/media/lib'
[3.113s] Level 1:colcon.colcon_core.environment:checking '/home/weiwei/Desktop/project/ObsAvoidance/install/media/bin'
[3.113s] Level 1:colcon.colcon_core.environment:checking '/home/weiwei/Desktop/project/ObsAvoidance/install/media/lib/pkgconfig/media.pc'
[3.113s] Level 1:colcon.colcon_core.environment:checking '/home/weiwei/Desktop/project/ObsAvoidance/install/media/lib/python3.8/site-packages'
[3.113s] Level 1:colcon.colcon_core.environment:checking '/home/weiwei/Desktop/project/ObsAvoidance/install/media/bin'
[3.136s] INFO:colcon.colcon_core.shell:Creating package script '/home/weiwei/Desktop/project/ObsAvoidance/install/media/share/media/package.ps1'
[3.136s] INFO:colcon.colcon_core.shell:Creating package descriptor '/home/weiwei/Desktop/project/ObsAvoidance/install/media/share/media/package.dsv'
[3.137s] INFO:colcon.colcon_core.shell:Creating package script '/home/weiwei/Desktop/project/ObsAvoidance/install/media/share/media/package.sh'
[3.137s] INFO:colcon.colcon_core.shell:Creating package script '/home/weiwei/Desktop/project/ObsAvoidance/install/media/share/media/package.bash'
[3.137s] INFO:colcon.colcon_core.shell:Creating package script '/home/weiwei/Desktop/project/ObsAvoidance/install/media/share/media/package.zsh'
[3.137s] Level 1:colcon.colcon_core.environment:create_file_with_runtime_dependencies(/home/weiwei/Desktop/project/ObsAvoidance/install/media/share/colcon-core/packages/media)
[19.450s] DEBUG:colcon.colcon_core.event_handler.log_command:Invoked command in '/home/weiwei/Desktop/project/ObsAvoidance/build/model' returned '0': CMAKE_PREFIX_PATH=/home/weiwei/Desktop/project/ObsAvoidance/install/interface:/home/weiwei/Desktop/project/ObsAvoidance/install/orbslam:/home/weiwei/Desktop/project/ObsAvoidance/install/model:/home/weiwei/Desktop/project/ObsAvoidance/install/media:/opt/ros/foxy /usr/bin/cmake --build /home/weiwei/Desktop/project/ObsAvoidance/build/model -- -j16 -l16
[19.465s] DEBUG:colcon.colcon_core.event_handler.log_command:Invoking command in '/home/weiwei/Desktop/project/ObsAvoidance/build/model': CMAKE_PREFIX_PATH=/home/weiwei/Desktop/project/ObsAvoidance/install/interface:/home/weiwei/Desktop/project/ObsAvoidance/install/orbslam:/home/weiwei/Desktop/project/ObsAvoidance/install/model:/home/weiwei/Desktop/project/ObsAvoidance/install/media:/opt/ros/foxy /usr/bin/cmake --install /home/weiwei/Desktop/project/ObsAvoidance/build/model
[19.478s] Level 1:colcon.colcon_core.environment:create_environment_scripts_only(model)
[19.479s] DEBUG:colcon.colcon_core.event_handler.log_command:Invoked command in '/home/weiwei/Desktop/project/ObsAvoidance/build/model' returned '0': CMAKE_PREFIX_PATH=/home/weiwei/Desktop/project/ObsAvoidance/install/interface:/home/weiwei/Desktop/project/ObsAvoidance/install/orbslam:/home/weiwei/Desktop/project/ObsAvoidance/install/model:/home/weiwei/Desktop/project/ObsAvoidance/install/media:/opt/ros/foxy /usr/bin/cmake --install /home/weiwei/Desktop/project/ObsAvoidance/build/model
[19.501s] Level 1:colcon.colcon_core.environment:checking '/home/weiwei/Desktop/project/ObsAvoidance/install/model' for CMake module files
[19.501s] Level 1:colcon.colcon_core.environment:checking '/home/weiwei/Desktop/project/ObsAvoidance/install/model' for CMake config files
[19.501s] Level 1:colcon.colcon_core.shell:create_environment_hook('model', 'cmake_prefix_path')
[19.524s] INFO:colcon.colcon_core.shell:Creating environment hook '/home/weiwei/Desktop/project/ObsAvoidance/install/model/share/model/hook/cmake_prefix_path.ps1'
[19.524s] INFO:colcon.colcon_core.shell:Creating environment descriptor '/home/weiwei/Desktop/project/ObsAvoidance/install/model/share/model/hook/cmake_prefix_path.dsv'
[19.524s] INFO:colcon.colcon_core.shell:Creating environment hook '/home/weiwei/Desktop/project/ObsAvoidance/install/model/share/model/hook/cmake_prefix_path.sh'
[19.525s] Level 1:colcon.colcon_core.environment:checking '/home/weiwei/Desktop/project/ObsAvoidance/install/model/lib'
[19.525s] Level 1:colcon.colcon_core.environment:checking '/home/weiwei/Desktop/project/ObsAvoidance/install/model/bin'
[19.525s] Level 1:colcon.colcon_core.environment:checking '/home/weiwei/Desktop/project/ObsAvoidance/install/model/lib/pkgconfig/model.pc'
[19.525s] Level 1:colcon.colcon_core.environment:checking '/home/weiwei/Desktop/project/ObsAvoidance/install/model/lib/python3.8/site-packages'
[19.525s] Level 1:colcon.colcon_core.environment:checking '/home/weiwei/Desktop/project/ObsAvoidance/install/model/bin'
[19.548s] INFO:colcon.colcon_core.shell:Creating package script '/home/weiwei/Desktop/project/ObsAvoidance/install/model/share/model/package.ps1'
[19.549s] INFO:colcon.colcon_core.shell:Creating package descriptor '/home/weiwei/Desktop/project/ObsAvoidance/install/model/share/model/package.dsv'
[19.549s] INFO:colcon.colcon_core.shell:Creating package script '/home/weiwei/Desktop/project/ObsAvoidance/install/model/share/model/package.sh'
[19.549s] INFO:colcon.colcon_core.shell:Creating package script '/home/weiwei/Desktop/project/ObsAvoidance/install/model/share/model/package.bash'
[19.549s] INFO:colcon.colcon_core.shell:Creating package script '/home/weiwei/Desktop/project/ObsAvoidance/install/model/share/model/package.zsh'
[19.550s] Level 1:colcon.colcon_core.environment:create_file_with_runtime_dependencies(/home/weiwei/Desktop/project/ObsAvoidance/install/model/share/colcon-core/packages/model)
[19.588s] Level 1:colcon.colcon_core.environment:create_environment_scripts_only(model)
[19.611s] Level 1:colcon.colcon_core.environment:checking '/home/weiwei/Desktop/project/ObsAvoidance/install/model' for CMake module files
[19.611s] Level 1:colcon.colcon_core.environment:checking '/home/weiwei/Desktop/project/ObsAvoidance/install/model' for CMake config files
[19.611s] Level 1:colcon.colcon_core.shell:create_environment_hook('model', 'cmake_prefix_path')
[19.641s] INFO:colcon.colcon_core.shell:Creating environment hook '/home/weiwei/Desktop/project/ObsAvoidance/install/model/share/model/hook/cmake_prefix_path.ps1'
[19.641s] INFO:colcon.colcon_core.shell:Creating environment descriptor '/home/weiwei/Desktop/project/ObsAvoidance/install/model/share/model/hook/cmake_prefix_path.dsv'
[19.641s] INFO:colcon.colcon_core.shell:Creating environment hook '/home/weiwei/Desktop/project/ObsAvoidance/install/model/share/model/hook/cmake_prefix_path.sh'
[19.642s] Level 1:colcon.colcon_core.environment:checking '/home/weiwei/Desktop/project/ObsAvoidance/install/model/lib'
[19.642s] Level 1:colcon.colcon_core.environment:checking '/home/weiwei/Desktop/project/ObsAvoidance/install/model/bin'
[19.642s] Level 1:colcon.colcon_core.environment:checking '/home/weiwei/Desktop/project/ObsAvoidance/install/model/lib/pkgconfig/model.pc'
[19.642s] Level 1:colcon.colcon_core.environment:checking '/home/weiwei/Desktop/project/ObsAvoidance/install/model/lib/python3.8/site-packages'
[19.642s] Level 1:colcon.colcon_core.environment:checking '/home/weiwei/Desktop/project/ObsAvoidance/install/model/bin'
[19.664s] INFO:colcon.colcon_core.shell:Creating package script '/home/weiwei/Desktop/project/ObsAvoidance/install/model/share/model/package.ps1'
[19.665s] INFO:colcon.colcon_core.shell:Creating package descriptor '/home/weiwei/Desktop/project/ObsAvoidance/install/model/share/model/package.dsv'
[19.665s] INFO:colcon.colcon_core.shell:Creating package script '/home/weiwei/Desktop/project/ObsAvoidance/install/model/share/model/package.sh'
[19.665s] INFO:colcon.colcon_core.shell:Creating package script '/home/weiwei/Desktop/project/ObsAvoidance/install/model/share/model/package.bash'
[19.665s] INFO:colcon.colcon_core.shell:Creating package script '/home/weiwei/Desktop/project/ObsAvoidance/install/model/share/model/package.zsh'
[19.666s] Level 1:colcon.colcon_core.environment:create_file_with_runtime_dependencies(/home/weiwei/Desktop/project/ObsAvoidance/install/model/share/colcon-core/packages/model)
[19.666s] DEBUG:colcon.colcon_parallel_executor.executor.parallel:closing loop
[19.666s] DEBUG:colcon.colcon_parallel_executor.executor.parallel:loop closed
[19.666s] DEBUG:colcon.colcon_parallel_executor.executor.parallel:run_until_complete finished with '0'
[19.666s] DEBUG:colcon.colcon_core.event_reactor:joining thread
[19.693s] INFO:colcon.colcon_core.plugin_system:Skipping extension 'colcon_notification.desktop_notification.terminal_notifier': Not used on non-Darwin systems
[19.693s] INFO:colcon.colcon_core.plugin_system:Skipping extension 'colcon_notification.desktop_notification.win32': Not used on non-Windows systems
[19.693s] INFO:colcon.colcon_notification.desktop_notification:Sending desktop notification using 'notify2'
[19.704s] DEBUG:colcon.colcon_core.event_reactor:joined thread
[19.728s] INFO:colcon.colcon_core.shell:Creating prefix script '/home/weiwei/Desktop/project/ObsAvoidance/install/local_setup.ps1'
[19.729s] INFO:colcon.colcon_core.shell:Creating prefix util module '/home/weiwei/Desktop/project/ObsAvoidance/install/_local_setup_util_ps1.py'
[19.729s] INFO:colcon.colcon_core.shell:Creating prefix chain script '/home/weiwei/Desktop/project/ObsAvoidance/install/setup.ps1'
[19.755s] INFO:colcon.colcon_core.shell:Creating prefix script '/home/weiwei/Desktop/project/ObsAvoidance/install/local_setup.sh'
[19.756s] INFO:colcon.colcon_core.shell:Creating prefix util module '/home/weiwei/Desktop/project/ObsAvoidance/install/_local_setup_util_sh.py'
[19.756s] INFO:colcon.colcon_core.shell:Creating prefix chain script '/home/weiwei/Desktop/project/ObsAvoidance/install/setup.sh'
[19.779s] INFO:colcon.colcon_core.shell:Creating prefix script '/home/weiwei/Desktop/project/ObsAvoidance/install/local_setup.bash'
[19.779s] INFO:colcon.colcon_core.shell:Creating prefix chain script '/home/weiwei/Desktop/project/ObsAvoidance/install/setup.bash'
[19.804s] INFO:colcon.colcon_core.shell:Creating prefix script '/home/weiwei/Desktop/project/ObsAvoidance/install/local_setup.zsh'
[19.805s] INFO:colcon.colcon_core.shell:Creating prefix chain script '/home/weiwei/Desktop/project/ObsAvoidance/install/setup.zsh'
