[0.101s] Invoking command in '/home/weiwei/Desktop/project/ObsAvoidance/build/path_planner': CMAKE_PREFIX_PATH=/home/weiwei/Desktop/project/ObsAvoidance/install/interface:/home/weiwei/Desktop/project/ObsAvoidance/install/path_planner:/home/weiwei/Desktop/project/ObsAvoidance/install/orbslam:/home/weiwei/Desktop/project/ObsAvoidance/install/model:/home/weiwei/Desktop/project/ObsAvoidance/install/media:/opt/ros/foxy /usr/bin/cmake --build /home/weiwei/Desktop/project/ObsAvoidance/build/path_planner -- -j16 -l16
[0.129s] [35m[1mScanning dependencies of target path_planner[0m
[0.145s] [ 33%] [32mBuilding CXX object CMakeFiles/path_planner.dir/src/planner.cpp.o[0m
[0.146s] [ 66%] [32mBuilding CXX object CMakeFiles/path_planner.dir/src/main.cpp.o[0m
[0.292s] In file included from [01m[K/home/weiwei/Desktop/project/ObsAvoidance/src/path_planner/src/main.cpp:1[m[K:
[0.292s] [01m[K/home/weiwei/Desktop/project/ObsAvoidance/src/path_planner/src/planner.hpp:6:10:[m[K [01;31m[Kfatal error: [m[Kopencv2/core/eigen.hpp: æ²¡æœ‰é‚£ä¸ªæ–‡ä»¶æˆ–ç›®å½•
[0.292s]     6 | #include [01;31m[K<opencv2/core/eigen.hpp>[m[K
[0.292s]       |          [01;31m[K^~~~~~~~~~~~~~~~~~~~~~~~[m[K
[0.292s] compilation terminated.
[0.293s] In file included from [01m[K/home/weiwei/Desktop/project/ObsAvoidance/src/path_planner/src/planner.cpp:1[m[K:
[0.293s] [01m[K/home/weiwei/Desktop/project/ObsAvoidance/src/path_planner/src/planner.hpp:6:10:[m[K [01;31m[Kfatal error: [m[Kopencv2/core/eigen.hpp: æ²¡æœ‰é‚£ä¸ªæ–‡ä»¶æˆ–ç›®å½•
[0.293s]     6 | #include [01;31m[K<opencv2/core/eigen.hpp>[m[K
[0.293s]       |          [01;31m[K^~~~~~~~~~~~~~~~~~~~~~~~[m[K
[0.293s] compilation terminated.
[0.294s] make[2]: *** [CMakeFiles/path_planner.dir/build.make:76ï¼šCMakeFiles/path_planner.dir/src/main.cpp.o] é”™è¯¯ 1
[0.294s] make[2]: *** æ­£åœ¨ç­‰å¾…æœªå®Œæˆçš„ä»»åŠ¡....
[0.295s] make[2]: *** [CMakeFiles/path_planner.dir/build.make:63ï¼šCMakeFiles/path_planner.dir/src/planner.cpp.o] é”™è¯¯ 1
[0.295s] make[1]: *** [CMakeFiles/Makefile2:105ï¼šCMakeFiles/path_planner.dir/all] é”™è¯¯ 2
[0.296s] make: *** [Makefile:141ï¼šall] é”™è¯¯ 2
[0.298s] Invoked command in '/home/weiwei/Desktop/project/ObsAvoidance/build/path_planner' returned '2': CMAKE_PREFIX_PATH=/home/weiwei/Desktop/project/ObsAvoidance/install/interface:/home/weiwei/Desktop/project/ObsAvoidance/install/path_planner:/home/weiwei/Desktop/project/ObsAvoidance/install/orbslam:/home/weiwei/Desktop/project/ObsAvoidance/install/model:/home/weiwei/Desktop/project/ObsAvoidance/install/media:/opt/ros/foxy /usr/bin/cmake --build /home/weiwei/Desktop/project/ObsAvoidance/build/path_planner -- -j16 -l16
