[0.247s] Invoking command in '/home/weiwei/Desktop/project/ObsAvoidance/build/model': AMENT_PREFIX_PATH=/home/weiwei/Desktop/project/ObsAvoidance/install/interface:${AMENT_PREFIX_PATH} CMAKE_PREFIX_PATH=/home/weiwei/Desktop/project/ObsAvoidance/install/interface:/opt/ros/foxy LD_LIBRARY_PATH=/home/weiwei/Desktop/project/ObsAvoidance/install/interface/lib:${LD_LIBRARY_PATH} PYTHONPATH=/home/weiwei/Desktop/project/ObsAvoidance/install/interface/lib/python3.8/site-packages:${PYTHONPATH} /usr/bin/cmake --build /home/weiwei/Desktop/project/ObsAvoidance/build/model -- -j16 -l16
[0.268s] -- Found ament_cmake: 0.9.12 (/opt/ros/foxy/share/ament_cmake/cmake)
[0.283s] -- Using PYTHON_EXECUTABLE: /usr/bin/python3
[0.401s] -- Found rclcpp: 2.4.3 (/opt/ros/foxy/share/rclcpp/cmake)
[0.425s] -- Using all available rosidl_typesupport_c: rosidl_typesupport_fastrtps_c;rosidl_typesupport_introspection_c
[0.428s] -- Found rosidl_adapter: 1.3.1 (/opt/ros/foxy/share/rosidl_adapter/cmake)
[0.522s] -- Using all available rosidl_typesupport_cpp: rosidl_typesupport_fastrtps_cpp;rosidl_typesupport_introspection_cpp
[0.558s] -- Found rmw_implementation_cmake: 1.0.4 (/opt/ros/foxy/share/rmw_implementation_cmake/cmake)
[0.559s] -- Using RMW implementation 'rmw_fastrtps_cpp' as default
[0.663s] -- Found interface: 0.0.0 (/home/weiwei/Desktop/project/ObsAvoidance/install/interface/share/interface/cmake)
[0.840s] -- Found cv_bridge: 3.0.7 (/opt/ros/foxy/share/cv_bridge/cmake)
[0.859s] -- Found pcl_conversions: 2.2.1 (/opt/ros/foxy/share/pcl_conversions/cmake)
[0.980s] -- Found octomap_msgs: 2.0.0 (/opt/ros/foxy/share/octomap_msgs/cmake)
[1.039s] -- Eigen found (include: /usr/include/eigen3, version: 3.3.7)
[1.100s] -- The imported target "vtkParseOGLExt" references the file
[1.100s]    "/usr/bin/vtkParseOGLExt-7.1"
[1.100s] but this file does not exist.  Possible reasons include:
[1.100s] * The file was deleted, renamed, or moved to another location.
[1.100s] * An install or uninstall procedure did not complete successfully.
[1.100s] * The installation package was faulty and contained
[1.100s]    "/usr/lib/cmake/vtk-7.1/VTKTargets.cmake"
[1.100s] but not all the files it references.
[1.100s] 
[1.101s] -- The imported target "vtkRenderingPythonTkWidgets" references the file
[1.101s]    "/usr/lib/x86_64-linux-gnu/libvtkRenderingPythonTkWidgets.so"
[1.101s] but this file does not exist.  Possible reasons include:
[1.101s] * The file was deleted, renamed, or moved to another location.
[1.101s] * An install or uninstall procedure did not complete successfully.
[1.101s] * The installation package was faulty and contained
[1.101s]    "/usr/lib/cmake/vtk-7.1/VTKTargets.cmake"
[1.101s] but not all the files it references.
[1.101s] 
[1.101s] -- The imported target "vtk" references the file
[1.102s]    "/usr/bin/vtk"
[1.102s] but this file does not exist.  Possible reasons include:
[1.102s] * The file was deleted, renamed, or moved to another location.
[1.102s] * An install or uninstall procedure did not complete successfully.
[1.102s] * The installation package was faulty and contained
[1.102s]    "/usr/lib/cmake/vtk-7.1/VTKTargets.cmake"
[1.102s] but not all the files it references.
[1.102s] 
[1.102s] -- The imported target "pvtk" references the file
[1.102s]    "/usr/bin/pvtk"
[1.102s] but this file does not exist.  Possible reasons include:
[1.102s] * The file was deleted, renamed, or moved to another location.
[1.102s] * An install or uninstall procedure did not complete successfully.
[1.102s] * The installation package was faulty and contained
[1.102s]    "/usr/lib/cmake/vtk-7.1/VTKTargets.cmake"
[1.102s] but not all the files it references.
[1.102s] 
[1.116s] -- OpenNI found (include: /usr/include/ni, lib: /usr/lib/libOpenNI.so)
[1.120s] -- OpenNI2 found (include: /usr/include/openni2, lib: /usr/lib/libOpenNI2.so)
[1.120s] ** WARNING ** io features related to pcap will be disabled
[1.121s] ** WARNING ** io features related to png will be disabled
[1.129s] ** WARNING ** io features related to libusb-1.0 will be disabled
[1.133s] -- OpenNI found (include: /usr/include/ni, lib: /usr/lib/libOpenNI.so)
[1.138s] -- OpenNI2 found (include: /usr/include/openni2, lib: /usr/lib/libOpenNI2.so)
[1.147s] -- QHULL found (include: /usr/include, lib: optimized;/usr/lib/x86_64-linux-gnu/libqhull.so;debug;/usr/lib/x86_64-linux-gnu/libqhull.so)
[1.152s] -- OpenNI found (include: /usr/include/ni, lib: /usr/lib/libOpenNI.so)
[1.161s] -- looking for PCL_COMMON
[1.162s] -- looking for PCL_KDTREE
[1.162s] -- looking for PCL_OCTREE
[1.163s] -- looking for PCL_SEARCH
[1.163s] -- looking for PCL_SAMPLE_CONSENSUS
[1.164s] -- looking for PCL_FILTERS
[1.164s] -- looking for PCL_2D
[1.165s] -- looking for PCL_GEOMETRY
[1.165s] -- looking for PCL_IO
[1.165s] -- looking for PCL_FEATURES
[1.166s] -- looking for PCL_ML
[1.166s] -- looking for PCL_SEGMENTATION
[1.167s] -- looking for PCL_VISUALIZATION
[1.167s] -- looking for PCL_SURFACE
[1.168s] -- looking for PCL_REGISTRATION
[1.168s] -- looking for PCL_KEYPOINTS
[1.169s] -- looking for PCL_TRACKING
[1.170s] -- looking for PCL_RECOGNITION
[1.170s] -- looking for PCL_STEREO
[1.171s] -- looking for PCL_APPS
[1.171s] -- looking for PCL_IN_HAND_SCANNER
[1.172s] -- looking for PCL_POINT_CLOUD_EDITOR
[1.172s] -- looking for PCL_OUTOFCORE
[1.172s] -- looking for PCL_PEOPLE
[1.262s] -- Found AMD headers in: /usr/include/suitesparse
[1.262s] -- Found AMD library: /usr/lib/x86_64-linux-gnu/libamd.so
[1.262s] -- Found CAMD headers in: /usr/include/suitesparse
[1.262s] -- Found CAMD library: /usr/lib/x86_64-linux-gnu/libcamd.so
[1.262s] -- Found CCOLAMD headers in: /usr/include/suitesparse
[1.263s] -- Found CCOLAMD library: /usr/lib/x86_64-linux-gnu/libccolamd.so
[1.263s] -- Found CHOLMOD headers in: /usr/include/suitesparse
[1.263s] -- Found CHOLMOD library: /usr/lib/x86_64-linux-gnu/libcholmod.so
[1.263s] -- Found COLAMD headers in: /usr/include/suitesparse
[1.263s] -- Found COLAMD library: /usr/lib/x86_64-linux-gnu/libcolamd.so
[1.263s] -- Found SPQR headers in: /usr/include/suitesparse
[1.263s] -- Found SPQR library: /usr/lib/x86_64-linux-gnu/libspqr.so
[1.263s] -- Found Config headers in: /usr/include/suitesparse
[1.263s] -- Found Config library: /usr/lib/x86_64-linux-gnu/libsuitesparseconfig.so
[1.264s] -- Found Intel Thread Building Blocks (TBB) library (2020.1 / 11101) include location: . Assuming SuiteSparseQR was compiled with TBB.
[1.264s] -- Adding librt to SuiteSparse_config libraries (required on Linux & Unix [not OSX] if SuiteSparse is compiled with timing).
[1.269s] -- Could NOT find METIS (missing: METIS_INCLUDE_DIR METIS_LIBRARY) 
[1.272s] -- Found required Ceres dependency: Eigen version 3.3.9 in /usr/local/share/eigen3/cmake
[1.274s] -- Found required Ceres dependency: glog
[1.276s] -- Found required Ceres dependency: gflags
[1.276s] -- Found Ceres version: 2.2.0 installed in: /usr/local with components: [EigenSparse, SparseLinearAlgebraLibrary, LAPACK, SuiteSparse, SchurSpecializations]
[1.277s] -- Found visualization_msgs: 2.0.5 (/opt/ros/foxy/share/visualization_msgs/cmake)
[1.330s] -- Found ament_lint_auto: 0.9.8 (/opt/ros/foxy/share/ament_lint_auto/cmake)
[1.449s] -- Added test 'copyright' to check source files copyright and LICENSE
[1.449s] -- Added test 'cppcheck' to perform static code analysis on C / C++ code
[1.450s] -- Configured cppcheck include dirs: 
[1.450s] -- Configured cppcheck exclude dirs and/or files: 
[1.451s] -- Added test 'cpplint' to check C / C++ code against the Google style
[1.451s] -- Configured cpplint exclude dirs and/or files: 
[1.451s] -- Added test 'lint_cmake' to check CMake code style
[1.452s] -- Added test 'uncrustify' to check C / C++ code style
[1.452s] -- Configured uncrustify additional arguments: 
[1.452s] -- Added test 'xmllint' to check XML markup files
[1.455s] -- Configuring done
[1.520s] -- Generating done
[1.521s] -- Build files have been written to: /home/weiwei/Desktop/project/ObsAvoidance/build/model
[1.592s] [ 33%] [32m[1mLinking CXX executable model[0m
[5.148s] [100%] Built target model
[5.157s] Invoked command in '/home/weiwei/Desktop/project/ObsAvoidance/build/model' returned '0': AMENT_PREFIX_PATH=/home/weiwei/Desktop/project/ObsAvoidance/install/interface:${AMENT_PREFIX_PATH} CMAKE_PREFIX_PATH=/home/weiwei/Desktop/project/ObsAvoidance/install/interface:/opt/ros/foxy LD_LIBRARY_PATH=/home/weiwei/Desktop/project/ObsAvoidance/install/interface/lib:${LD_LIBRARY_PATH} PYTHONPATH=/home/weiwei/Desktop/project/ObsAvoidance/install/interface/lib/python3.8/site-packages:${PYTHONPATH} /usr/bin/cmake --build /home/weiwei/Desktop/project/ObsAvoidance/build/model -- -j16 -l16
[5.179s] Invoking command in '/home/weiwei/Desktop/project/ObsAvoidance/build/model': AMENT_PREFIX_PATH=/home/weiwei/Desktop/project/ObsAvoidance/install/interface:${AMENT_PREFIX_PATH} CMAKE_PREFIX_PATH=/home/weiwei/Desktop/project/ObsAvoidance/install/interface:/opt/ros/foxy LD_LIBRARY_PATH=/home/weiwei/Desktop/project/ObsAvoidance/install/interface/lib:${LD_LIBRARY_PATH} PYTHONPATH=/home/weiwei/Desktop/project/ObsAvoidance/install/interface/lib/python3.8/site-packages:${PYTHONPATH} /usr/bin/cmake --install /home/weiwei/Desktop/project/ObsAvoidance/build/model
[5.186s] -- Install configuration: ""
[5.186s] -- Installing: /home/weiwei/Desktop/project/ObsAvoidance/install/model/lib/model/model
[5.195s] -- Set runtime path of "/home/weiwei/Desktop/project/ObsAvoidance/install/model/lib/model/model" to ""
[5.195s] -- Up-to-date: /home/weiwei/Desktop/project/ObsAvoidance/install/model/share/ament_index/resource_index/package_run_dependencies/model
[5.195s] -- Up-to-date: /home/weiwei/Desktop/project/ObsAvoidance/install/model/share/ament_index/resource_index/parent_prefix_path/model
[5.195s] -- Installing: /home/weiwei/Desktop/project/ObsAvoidance/install/model/share/model/environment/ament_prefix_path.sh
[5.195s] -- Installing: /home/weiwei/Desktop/project/ObsAvoidance/install/model/share/model/environment/ament_prefix_path.dsv
[5.195s] -- Installing: /home/weiwei/Desktop/project/ObsAvoidance/install/model/share/model/environment/path.sh
[5.195s] -- Installing: /home/weiwei/Desktop/project/ObsAvoidance/install/model/share/model/environment/path.dsv
[5.195s] -- Up-to-date: /home/weiwei/Desktop/project/ObsAvoidance/install/model/share/model/local_setup.bash
[5.196s] -- Up-to-date: /home/weiwei/Desktop/project/ObsAvoidance/install/model/share/model/local_setup.sh
[5.196s] -- Up-to-date: /home/weiwei/Desktop/project/ObsAvoidance/install/model/share/model/local_setup.zsh
[5.196s] -- Installing: /home/weiwei/Desktop/project/ObsAvoidance/install/model/share/model/local_setup.dsv
[5.196s] -- Installing: /home/weiwei/Desktop/project/ObsAvoidance/install/model/share/model/package.dsv
[5.196s] -- Up-to-date: /home/weiwei/Desktop/project/ObsAvoidance/install/model/share/ament_index/resource_index/packages/model
[5.196s] -- Up-to-date: /home/weiwei/Desktop/project/ObsAvoidance/install/model/share/model/cmake/modelConfig.cmake
[5.196s] -- Up-to-date: /home/weiwei/Desktop/project/ObsAvoidance/install/model/share/model/cmake/modelConfig-version.cmake
[5.196s] -- Installing: /home/weiwei/Desktop/project/ObsAvoidance/install/model/share/model/package.xml
[5.198s] Invoked command in '/home/weiwei/Desktop/project/ObsAvoidance/build/model' returned '0': AMENT_PREFIX_PATH=/home/weiwei/Desktop/project/ObsAvoidance/install/interface:${AMENT_PREFIX_PATH} CMAKE_PREFIX_PATH=/home/weiwei/Desktop/project/ObsAvoidance/install/interface:/opt/ros/foxy LD_LIBRARY_PATH=/home/weiwei/Desktop/project/ObsAvoidance/install/interface/lib:${LD_LIBRARY_PATH} PYTHONPATH=/home/weiwei/Desktop/project/ObsAvoidance/install/interface/lib/python3.8/site-packages:${PYTHONPATH} /usr/bin/cmake --install /home/weiwei/Desktop/project/ObsAvoidance/build/model
