[0.317s] Invoking command in '/home/weiwei/Desktop/project/ObsAvoidance/build/media': AMENT_PREFIX_PATH=/home/weiwei/Desktop/project/ObsAvoidance/install/interface:${AMENT_PREFIX_PATH} CMAKE_PREFIX_PATH=/home/weiwei/Desktop/project/ObsAvoidance/install/interface:/opt/ros/foxy LD_LIBRARY_PATH=/home/weiwei/Desktop/project/ObsAvoidance/install/interface/lib:${LD_LIBRARY_PATH} PYTHONPATH=/home/weiwei/Desktop/project/ObsAvoidance/install/interface/lib/python3.8/site-packages:${PYTHONPATH} /usr/bin/cmake --build /home/weiwei/Desktop/project/ObsAvoidance/build/media -- -j16 -l16
[0.340s] -- Found ament_cmake: 0.9.12 (/opt/ros/foxy/share/ament_cmake/cmake)
[0.354s] -- Using PYTHON_EXECUTABLE: /usr/bin/python3
[0.471s] -- Found rclcpp: 2.4.3 (/opt/ros/foxy/share/rclcpp/cmake)
[0.498s] -- Using all available rosidl_typesupport_c: rosidl_typesupport_fastrtps_c;rosidl_typesupport_introspection_c
[0.500s] -- Found rosidl_adapter: 1.3.1 (/opt/ros/foxy/share/rosidl_adapter/cmake)
[0.595s] -- Using all available rosidl_typesupport_cpp: rosidl_typesupport_fastrtps_cpp;rosidl_typesupport_introspection_cpp
[0.630s] -- Found rmw_implementation_cmake: 1.0.4 (/opt/ros/foxy/share/rmw_implementation_cmake/cmake)
[0.631s] -- Using RMW implementation 'rmw_fastrtps_cpp' as default
[0.746s] -- Found interface: 0.0.0 (/home/weiwei/Desktop/project/ObsAvoidance/install/interface/share/interface/cmake)
[0.930s] -- Found cv_bridge: 3.0.7 (/opt/ros/foxy/share/cv_bridge/cmake)
[0.949s] -- Found message_filters: 3.2.7 (/opt/ros/foxy/share/message_filters/cmake)
[0.951s] -- Found pcl_conversions: 2.2.1 (/opt/ros/foxy/share/pcl_conversions/cmake)
[1.079s] -- Eigen found (include: /usr/include/eigen3, version: 3.3.7)
[1.147s] -- The imported target "vtkParseOGLExt" references the file
[1.147s]    "/usr/bin/vtkParseOGLExt-7.1"
[1.147s] but this file does not exist.  Possible reasons include:
[1.147s] * The file was deleted, renamed, or moved to another location.
[1.147s] * An install or uninstall procedure did not complete successfully.
[1.147s] * The installation package was faulty and contained
[1.147s]    "/usr/lib/cmake/vtk-7.1/VTKTargets.cmake"
[1.147s] but not all the files it references.
[1.147s] 
[1.148s] -- The imported target "vtkRenderingPythonTkWidgets" references the file
[1.148s]    "/usr/lib/x86_64-linux-gnu/libvtkRenderingPythonTkWidgets.so"
[1.148s] but this file does not exist.  Possible reasons include:
[1.148s] * The file was deleted, renamed, or moved to another location.
[1.148s] * An install or uninstall procedure did not complete successfully.
[1.148s] * The installation package was faulty and contained
[1.148s]    "/usr/lib/cmake/vtk-7.1/VTKTargets.cmake"
[1.148s] but not all the files it references.
[1.148s] 
[1.148s] -- The imported target "vtk" references the file
[1.148s]    "/usr/bin/vtk"
[1.148s] but this file does not exist.  Possible reasons include:
[1.148s] * The file was deleted, renamed, or moved to another location.
[1.148s] * An install or uninstall procedure did not complete successfully.
[1.148s] * The installation package was faulty and contained
[1.149s]    "/usr/lib/cmake/vtk-7.1/VTKTargets.cmake"
[1.149s] but not all the files it references.
[1.149s] 
[1.149s] -- The imported target "pvtk" references the file
[1.149s]    "/usr/bin/pvtk"
[1.149s] but this file does not exist.  Possible reasons include:
[1.149s] * The file was deleted, renamed, or moved to another location.
[1.149s] * An install or uninstall procedure did not complete successfully.
[1.149s] * The installation package was faulty and contained
[1.149s]    "/usr/lib/cmake/vtk-7.1/VTKTargets.cmake"
[1.149s] but not all the files it references.
[1.149s] 
[1.169s] -- OpenNI found (include: /usr/include/ni, lib: /usr/lib/libOpenNI.so)
[1.174s] -- OpenNI2 found (include: /usr/include/openni2, lib: /usr/lib/libOpenNI2.so)
[1.174s] ** WARNING ** io features related to pcap will be disabled
[1.174s] ** WARNING ** io features related to png will be disabled
[1.183s] ** WARNING ** io features related to libusb-1.0 will be disabled
[1.188s] -- OpenNI found (include: /usr/include/ni, lib: /usr/lib/libOpenNI.so)
[1.192s] -- OpenNI2 found (include: /usr/include/openni2, lib: /usr/lib/libOpenNI2.so)
[1.202s] -- QHULL found (include: /usr/include, lib: optimized;/usr/lib/x86_64-linux-gnu/libqhull.so;debug;/usr/lib/x86_64-linux-gnu/libqhull.so)
[1.207s] -- OpenNI found (include: /usr/include/ni, lib: /usr/lib/libOpenNI.so)
[1.221s] -- looking for PCL_COMMON
[1.221s] -- looking for PCL_KDTREE
[1.222s] -- looking for PCL_OCTREE
[1.222s] -- looking for PCL_SEARCH
[1.223s] -- looking for PCL_SAMPLE_CONSENSUS
[1.223s] -- looking for PCL_FILTERS
[1.224s] -- looking for PCL_2D
[1.224s] -- looking for PCL_GEOMETRY
[1.225s] -- looking for PCL_IO
[1.225s] -- looking for PCL_FEATURES
[1.226s] -- looking for PCL_ML
[1.226s] -- looking for PCL_SEGMENTATION
[1.227s] -- looking for PCL_VISUALIZATION
[1.228s] -- looking for PCL_SURFACE
[1.229s] -- looking for PCL_REGISTRATION
[1.229s] -- looking for PCL_KEYPOINTS
[1.230s] -- looking for PCL_TRACKING
[1.230s] -- looking for PCL_RECOGNITION
[1.231s] -- looking for PCL_STEREO
[1.232s] -- looking for PCL_APPS
[1.233s] -- looking for PCL_IN_HAND_SCANNER
[1.233s] -- looking for PCL_POINT_CLOUD_EDITOR
[1.234s] -- looking for PCL_OUTOFCORE
[1.234s] -- looking for PCL_PEOPLE
[1.366s] -- Found AMD headers in: /usr/include/suitesparse
[1.366s] -- Found AMD library: /usr/lib/x86_64-linux-gnu/libamd.so
[1.366s] -- Found CAMD headers in: /usr/include/suitesparse
[1.366s] -- Found CAMD library: /usr/lib/x86_64-linux-gnu/libcamd.so
[1.366s] -- Found CCOLAMD headers in: /usr/include/suitesparse
[1.366s] -- Found CCOLAMD library: /usr/lib/x86_64-linux-gnu/libccolamd.so
[1.366s] -- Found CHOLMOD headers in: /usr/include/suitesparse
[1.367s] -- Found CHOLMOD library: /usr/lib/x86_64-linux-gnu/libcholmod.so
[1.367s] -- Found COLAMD headers in: /usr/include/suitesparse
[1.367s] -- Found COLAMD library: /usr/lib/x86_64-linux-gnu/libcolamd.so
[1.367s] -- Found SPQR headers in: /usr/include/suitesparse
[1.367s] -- Found SPQR library: /usr/lib/x86_64-linux-gnu/libspqr.so
[1.367s] -- Found Config headers in: /usr/include/suitesparse
[1.367s] -- Found Config library: /usr/lib/x86_64-linux-gnu/libsuitesparseconfig.so
[1.367s] -- Found Intel Thread Building Blocks (TBB) library (2020.1 / 11101) include location: . Assuming SuiteSparseQR was compiled with TBB.
[1.367s] -- Adding librt to SuiteSparse_config libraries (required on Linux & Unix [not OSX] if SuiteSparse is compiled with timing).
[1.371s] -- Could NOT find METIS (missing: METIS_INCLUDE_DIR METIS_LIBRARY) 
[1.373s] -- Found required Ceres dependency: Eigen version 3.3.9 in /usr/local/share/eigen3/cmake
[1.374s] -- Found required Ceres dependency: glog
[1.375s] -- Found required Ceres dependency: gflags
[1.376s] -- Found Ceres version: 2.2.0 installed in: /usr/local with components: [EigenSparse, SparseLinearAlgebraLibrary, LAPACK, SuiteSparse, SchurSpecializations]
[1.376s] -- Found ament_lint_auto: 0.9.8 (/opt/ros/foxy/share/ament_lint_auto/cmake)
[1.475s] -- Added test 'copyright' to check source files copyright and LICENSE
[1.476s] -- Added test 'cppcheck' to perform static code analysis on C / C++ code
[1.477s] -- Configured cppcheck include dirs: 
[1.477s] -- Configured cppcheck exclude dirs and/or files: 
[1.477s] -- Added test 'cpplint' to check C / C++ code against the Google style
[1.478s] -- Configured cpplint exclude dirs and/or files: 
[1.478s] -- Added test 'lint_cmake' to check CMake code style
[1.479s] -- Added test 'uncrustify' to check C / C++ code style
[1.479s] -- Configured uncrustify additional arguments: 
[1.479s] -- Added test 'xmllint' to check XML markup files
[1.483s] -- Configuring done
[1.552s] -- Generating done
[1.554s] -- Build files have been written to: /home/weiwei/Desktop/project/ObsAvoidance/build/media
[1.587s] [35m[1mScanning dependencies of target media[0m
[1.643s] [ 33%] [32mBuilding CXX object CMakeFiles/media.dir/src/main.cpp.o[0m
[1.646s] [ 66%] [32mBuilding CXX object CMakeFiles/media.dir/src/media.cpp.o[0m
[7.296s] [01m[K/home/weiwei/Desktop/project/ObsAvoidance/src/media/src/media.cpp:[m[K In member function ‘[01m[Kvoid mediaNode::getScaleSlamToWorld(const ConstSharedPtr&, const ConstSharedPtr&)[m[K’:
[7.296s] [01m[K/home/weiwei/Desktop/project/ObsAvoidance/src/media/src/media.cpp:234:23:[m[K [01;35m[Kwarning: [m[Kcomparison of integer expressions of different signedness: ‘[01m[Kstd::vector<cv::Vec<float, 3> >::size_type[m[K’ {aka ‘[01m[Klong unsigned int[m[K’} and ‘[01m[Kint[m[K’ [[01;35m[K-Wsign-compare[m[K]
[7.296s]   234 |   if ([01;35m[Kcircles_.size() < circle_size_thresh[m[K)
[7.296s]       |       [01;35m[K~~~~~~~~~~~~~~~~^~~~~~~~~~~~~~~~~~~~[m[K
[7.296s] [01m[K/home/weiwei/Desktop/project/ObsAvoidance/src/media/src/media.cpp:237:17:[m[K [01;35m[Kwarning: [m[Kcomparison of integer expressions of different signedness: ‘[01m[Kint[m[K’ and ‘[01m[Kstd::vector<cv::Vec<float, 3> >::size_type[m[K’ {aka ‘[01m[Klong unsigned int[m[K’} [[01;35m[K-Wsign-compare[m[K]
[7.296s]   237 |   for (int i=0;[01;35m[Ki<circles_.size()[m[K;i++) {
[7.296s]       |                [01;35m[K~^~~~~~~~~~~~~~~~[m[K
[7.296s] [01m[K/home/weiwei/Desktop/project/ObsAvoidance/src/media/src/media.cpp:245:28:[m[K [01;35m[Kwarning: [m[Kcomparison of integer expressions of different signedness: ‘[01m[Kstd::vector<double, std::allocator<double> >::size_type[m[K’ {aka ‘[01m[Klong unsigned int[m[K’} and ‘[01m[Kint[m[K’ [[01;35m[K-Wsign-compare[m[K]
[7.296s]   245 |   if ([01;35m[KscaleFactList_.size()<scaleFactList_size_thresh[m[K)
[7.296s]       |       [01;35m[K~~~~~~~~~~~~~~~~~~~~~^~~~~~~~~~~~~~~~~~~~~~~~~~[m[K
[7.307s] [01m[K/home/weiwei/Desktop/project/ObsAvoidance/src/media/src/media.cpp:[m[K In member function ‘[01m[Kbool mediaNode::detectPoseCorrect(cv::Mat, interface::msg::Slam_<std::allocator<void> >::ConstSharedPtr, double&, cv::Vec3f)[m[K’:
[7.308s] [01m[K/home/weiwei/Desktop/project/ObsAvoidance/src/media/src/media.cpp:297:67:[m[K [01;35m[Kwarning: [m[Kcomparison of constant ‘[01m[K255[m[K’ with boolean expression is always true [[01;35m[K-Wbool-compare[m[K]
[7.308s]   297 |     if ([01;35m[Kimg_dilate.at<bool>((int)pixelPoint.x, (int)pixelPoint.y) != 255[m[K)
[7.308s]       |         [01;35m[K~~~~~~~~~~~~~~~~~~~~~~~~~~~~~~~~~~~~~~~~~~~~~~~~~~~~~~~~~~^~~~~~[m[K
[7.325s] [01m[K/home/weiwei/Desktop/project/ObsAvoidance/src/media/src/media.cpp:[m[K In member function ‘[01m[Kvoid mediaNode::ransacScaleFact()[m[K’:
[7.325s] [01m[K/home/weiwei/Desktop/project/ObsAvoidance/src/media/src/media.cpp:379:17:[m[K [01;35m[Kwarning: [m[Kcomparison of integer expressions of different signedness: ‘[01m[Kint[m[K’ and ‘[01m[Kstd::vector<double, std::allocator<double> >::size_type[m[K’ {aka ‘[01m[Klong unsigned int[m[K’} [[01;35m[K-Wsign-compare[m[K]
[7.326s]   379 |   for (int i=0;[01;35m[Ki<scaleFactList_.size()[m[K;i++)
[7.326s]       |                [01;35m[K~^~~~~~~~~~~~~~~~~~~~~~[m[K
[7.326s] [01m[K/home/weiwei/Desktop/project/ObsAvoidance/src/media/src/media.cpp:398:21:[m[K [01;35m[Kwarning: [m[Kcomparison of integer expressions of different signedness: ‘[01m[Kint[m[K’ and ‘[01m[Kstd::vector<double, std::allocator<double> >::size_type[m[K’ {aka ‘[01m[Klong unsigned int[m[K’} [[01;35m[K-Wsign-compare[m[K]
[7.326s]   398 |     for (int j = 0;[01;35m[Kj<scaleFactList_.size()[m[K;j++)
[7.326s]       |                    [01;35m[K~^~~~~~~~~~~~~~~~~~~~~~[m[K
[18.276s] [100%] [32m[1mLinking CXX executable media[0m
[19.644s] [100%] Built target media
[19.652s] Invoked command in '/home/weiwei/Desktop/project/ObsAvoidance/build/media' returned '0': AMENT_PREFIX_PATH=/home/weiwei/Desktop/project/ObsAvoidance/install/interface:${AMENT_PREFIX_PATH} CMAKE_PREFIX_PATH=/home/weiwei/Desktop/project/ObsAvoidance/install/interface:/opt/ros/foxy LD_LIBRARY_PATH=/home/weiwei/Desktop/project/ObsAvoidance/install/interface/lib:${LD_LIBRARY_PATH} PYTHONPATH=/home/weiwei/Desktop/project/ObsAvoidance/install/interface/lib/python3.8/site-packages:${PYTHONPATH} /usr/bin/cmake --build /home/weiwei/Desktop/project/ObsAvoidance/build/media -- -j16 -l16
[19.668s] Invoking command in '/home/weiwei/Desktop/project/ObsAvoidance/build/media': AMENT_PREFIX_PATH=/home/weiwei/Desktop/project/ObsAvoidance/install/interface:${AMENT_PREFIX_PATH} CMAKE_PREFIX_PATH=/home/weiwei/Desktop/project/ObsAvoidance/install/interface:/opt/ros/foxy LD_LIBRARY_PATH=/home/weiwei/Desktop/project/ObsAvoidance/install/interface/lib:${LD_LIBRARY_PATH} PYTHONPATH=/home/weiwei/Desktop/project/ObsAvoidance/install/interface/lib/python3.8/site-packages:${PYTHONPATH} /usr/bin/cmake --install /home/weiwei/Desktop/project/ObsAvoidance/build/media
[19.675s] -- Install configuration: ""
[19.676s] -- Installing: /home/weiwei/Desktop/project/ObsAvoidance/install/media/lib/media/media
[19.679s] -- Set runtime path of "/home/weiwei/Desktop/project/ObsAvoidance/install/media/lib/media/media" to ""
[19.679s] -- Up-to-date: /home/weiwei/Desktop/project/ObsAvoidance/install/media/share/ament_index/resource_index/package_run_dependencies/media
[19.679s] -- Up-to-date: /home/weiwei/Desktop/project/ObsAvoidance/install/media/share/ament_index/resource_index/parent_prefix_path/media
[19.679s] -- Installing: /home/weiwei/Desktop/project/ObsAvoidance/install/media/share/media/environment/ament_prefix_path.sh
[19.679s] -- Installing: /home/weiwei/Desktop/project/ObsAvoidance/install/media/share/media/environment/ament_prefix_path.dsv
[19.679s] -- Installing: /home/weiwei/Desktop/project/ObsAvoidance/install/media/share/media/environment/path.sh
[19.679s] -- Installing: /home/weiwei/Desktop/project/ObsAvoidance/install/media/share/media/environment/path.dsv
[19.680s] -- Up-to-date: /home/weiwei/Desktop/project/ObsAvoidance/install/media/share/media/local_setup.bash
[19.680s] -- Up-to-date: /home/weiwei/Desktop/project/ObsAvoidance/install/media/share/media/local_setup.sh
[19.680s] -- Up-to-date: /home/weiwei/Desktop/project/ObsAvoidance/install/media/share/media/local_setup.zsh
[19.680s] -- Installing: /home/weiwei/Desktop/project/ObsAvoidance/install/media/share/media/local_setup.dsv
[19.680s] -- Installing: /home/weiwei/Desktop/project/ObsAvoidance/install/media/share/media/package.dsv
[19.680s] -- Up-to-date: /home/weiwei/Desktop/project/ObsAvoidance/install/media/share/ament_index/resource_index/packages/media
[19.680s] -- Up-to-date: /home/weiwei/Desktop/project/ObsAvoidance/install/media/share/media/cmake/mediaConfig.cmake
[19.680s] -- Up-to-date: /home/weiwei/Desktop/project/ObsAvoidance/install/media/share/media/cmake/mediaConfig-version.cmake
[19.680s] -- Installing: /home/weiwei/Desktop/project/ObsAvoidance/install/media/share/media/package.xml
[19.682s] Invoked command in '/home/weiwei/Desktop/project/ObsAvoidance/build/media' returned '0': AMENT_PREFIX_PATH=/home/weiwei/Desktop/project/ObsAvoidance/install/interface:${AMENT_PREFIX_PATH} CMAKE_PREFIX_PATH=/home/weiwei/Desktop/project/ObsAvoidance/install/interface:/opt/ros/foxy LD_LIBRARY_PATH=/home/weiwei/Desktop/project/ObsAvoidance/install/interface/lib:${LD_LIBRARY_PATH} PYTHONPATH=/home/weiwei/Desktop/project/ObsAvoidance/install/interface/lib/python3.8/site-packages:${PYTHONPATH} /usr/bin/cmake --install /home/weiwei/Desktop/project/ObsAvoidance/build/media
