[35m[1mScanning dependencies of target model[0m
[ 50%] [32mBuilding CXX object CMakeFiles/model.dir/src/main.cpp.o[0m
[01m[K/home/weiwei/Desktop/project/ObsAvoidance/src/model/src/main.cpp:[m[K In member function ‘[01m[Kvoid ModelNode::getBlueContour()[m[K’:
[01m[K/home/weiwei/Desktop/project/ObsAvoidance/src/model/src/main.cpp:364:75:[m[K [01;35m[Kwarning: [m[Kthe address of ‘[01m[Kint close(int)[m[K’ will never be NULL [[01;35m[K-Waddress[m[K]
  364 |                 double length = cv::arcLength(temp_contours_blue[i], close[01;35m[K)[m[K;
      |                                                                           [01;35m[K^[m[K
[01m[K/home/weiwei/Desktop/project/ObsAvoidance/src/model/src/main.cpp:[m[K In member function ‘[01m[Kvoid ModelNode::invProjAndSel()[m[K’:
[01m[K/home/weiwei/Desktop/project/ObsAvoidance/src/model/src/main.cpp:513:23:[m[K [01;35m[Kwarning: [m[Kcomparison of integer expressions of different signedness: ‘[01m[Kint[m[K’ and ‘[01m[Kstd::vector<int>::size_type[m[K’ {aka ‘[01m[Klong unsigned int[m[K’} [[01;35m[K-Wsign-compare[m[K]
  513 |         for(int i=0; [01;35m[Ki<indexPointCloudBlue.size()[m[K;i++)
      |                      [01;35m[K~^~~~~~~~~~~~~~~~~~~~~~~~~~~[m[K
[01m[K/home/weiwei/Desktop/project/ObsAvoidance/src/model/src/main.cpp:517:23:[m[K [01;35m[Kwarning: [m[Kcomparison of integer expressions of different signedness: ‘[01m[Kint[m[K’ and ‘[01m[Kstd::vector<int>::size_type[m[K’ {aka ‘[01m[Klong unsigned int[m[K’} [[01;35m[K-Wsign-compare[m[K]
  517 |         for(int i=0; [01;35m[Ki<indexPointCloudGreen.size()[m[K;i++)
      |                      [01;35m[K~^~~~~~~~~~~~~~~~~~~~~~~~~~~~[m[K
[01m[K/home/weiwei/Desktop/project/ObsAvoidance/src/model/src/main.cpp:521:23:[m[K [01;35m[Kwarning: [m[Kcomparison of integer expressions of different signedness: ‘[01m[Kint[m[K’ and ‘[01m[Kstd::vector<int>::size_type[m[K’ {aka ‘[01m[Klong unsigned int[m[K’} [[01;35m[K-Wsign-compare[m[K]
  521 |         for(int i=0; [01;35m[Ki<indexPointCloudRed.size()[m[K;i++)
      |                      [01;35m[K~^~~~~~~~~~~~~~~~~~~~~~~~~~[m[K
[01m[K/home/weiwei/Desktop/project/ObsAvoidance/src/model/src/main.cpp:[m[K In member function ‘[01m[Kvoid ModelNode::updateObstacle(std::vector<pcl::PointCloud<pcl::PointXYZ> >&, pcl::PointCloud<pcl::PointXYZ>&)[m[K’:
[01m[K/home/weiwei/Desktop/project/ObsAvoidance/src/model/src/main.cpp:643:33:[m[K [01;35m[Kwarning: [m[Kcomparison of integer expressions of different signedness: ‘[01m[Kstd::vector<pcl::PointCloud<pcl::PointXYZ> >::size_type[m[K’ {aka ‘[01m[Klong unsigned int[m[K’} and ‘[01m[Kint[m[K’ [[01;35m[K-Wsign-compare[m[K]
  643 |         if ([01;35m[KobstacleList.size() > maxLengthPointCloudList[m[K) {
      |             [01;35m[K~~~~~~~~~~~~~~~~~~~~^~~~~~~~~~~~~~~~~~~~~~~~~[m[K
[01m[K/home/weiwei/Desktop/project/ObsAvoidance/src/model/src/main.cpp:[m[K In member function ‘[01m[Kvoid ModelNode::optimizeParam(int, std::vector<Eigen::Matrix<double, 4, 1> >&, Eigen::Vector3d&, bool&, int)[m[K’:
[01m[K/home/weiwei/Desktop/project/ObsAvoidance/src/model/src/main.cpp:672:30:[m[K [01;35m[Kwarning: [m[Kcomparison of integer expressions of different signedness: ‘[01m[Kstd::vector<Eigen::Matrix<double, 4, 1> >::size_type[m[K’ {aka ‘[01m[Klong unsigned int[m[K’} and ‘[01m[Kint[m[K’ [[01;35m[K-Wsign-compare[m[K]
  672 |         if ([01;35m[KparamList.size() == threshToOpt[m[K) {
      |             [01;35m[K~~~~~~~~~~~~~~~~~^~~~~~~~~~~~~~[m[K
[01m[K/home/weiwei/Desktop/project/ObsAvoidance/src/model/src/main.cpp:696:30:[m[K [01;35m[Kwarning: [m[Kcomparison of integer expressions of different signedness: ‘[01m[Kint[m[K’ and ‘[01m[Kstd::vector<Eigen::Matrix<double, 4, 1> >::size_type[m[K’ {aka ‘[01m[Klong unsigned int[m[K’} [[01;35m[K-Wsign-compare[m[K]
  696 |                 for(int n=0;[01;35m[Kn<paramList.size()[m[K;n++) {
      |                             [01;35m[K~^~~~~~~~~~~~~~~~~[m[K
[01m[K/home/weiwei/Desktop/project/ObsAvoidance/src/model/src/main.cpp:[m[K In member function ‘[01m[Kvoid ModelNode::octoTreeCurPub()[m[K’:
[01m[K/home/weiwei/Desktop/project/ObsAvoidance/src/model/src/main.cpp:719:23:[m[K [01;35m[Kwarning: [m[Kcomparison of integer expressions of different signedness: ‘[01m[Kint[m[K’ and ‘[01m[Kstd::vector<pcl::PointCloud<pcl::PointXYZ> >::size_type[m[K’ {aka ‘[01m[Klong unsigned int[m[K’} [[01;35m[K-Wsign-compare[m[K]
  719 |         for (int i=0;[01;35m[Ki<obstacleBlueList.size()[m[K;i++) {
      |                      [01;35m[K~^~~~~~~~~~~~~~~~~~~~~~~~[m[K
[01m[K/home/weiwei/Desktop/project/ObsAvoidance/src/model/src/main.cpp:723:23:[m[K [01;35m[Kwarning: [m[Kcomparison of integer expressions of different signedness: ‘[01m[Kint[m[K’ and ‘[01m[Kstd::vector<pcl::PointCloud<pcl::PointXYZ> >::size_type[m[K’ {aka ‘[01m[Klong unsigned int[m[K’} [[01;35m[K-Wsign-compare[m[K]
  723 |         for (int i=0;[01;35m[Ki<obstacleGreenList.size()[m[K;i++) {
      |                      [01;35m[K~^~~~~~~~~~~~~~~~~~~~~~~~~[m[K
[01m[K/home/weiwei/Desktop/project/ObsAvoidance/src/model/src/main.cpp:727:23:[m[K [01;35m[Kwarning: [m[Kcomparison of integer expressions of different signedness: ‘[01m[Kint[m[K’ and ‘[01m[Kstd::vector<pcl::PointCloud<pcl::PointXYZ> >::size_type[m[K’ {aka ‘[01m[Klong unsigned int[m[K’} [[01;35m[K-Wsign-compare[m[K]
  727 |         for (int i=0;[01;35m[Ki<obstacleRedList.size()[m[K;i++) {
      |                      [01;35m[K~^~~~~~~~~~~~~~~~~~~~~~~[m[K
[01m[K/home/weiwei/Desktop/project/ObsAvoidance/src/model/src/main.cpp:[m[K In member function ‘[01m[Kvoid ModelNode::Model()[m[K’:
[01m[K/home/weiwei/Desktop/project/ObsAvoidance/src/model/src/main.cpp:767:46:[m[K [01;35m[Kwarning: [m[Kcomparison of integer expressions of different signedness: ‘[01m[Kstd::size_t[m[K’ {aka ‘[01m[Klong unsigned int[m[K’} and ‘[01m[Kint[m[K’ [[01;35m[K-Wsign-compare[m[K]
  767 |         if ([01;35m[KpointCloudInCamFrame_blue.size() > minNumBlueKeyPoint[m[K) {
      |             [01;35m[K~~~~~~~~~~~~~~~~~~~~~~~~~~~~~~~~~^~~~~~~~~~~~~~~~~~~~[m[K
[01m[K/home/weiwei/Desktop/project/ObsAvoidance/src/model/src/main.cpp:774:46:[m[K [01;35m[Kwarning: [m[Kcomparison of integer expressions of different signedness: ‘[01m[Kstd::size_t[m[K’ {aka ‘[01m[Klong unsigned int[m[K’} and ‘[01m[Kint[m[K’ [[01;35m[K-Wsign-compare[m[K]
  774 |         if([01;35m[KpointCloudInCamFrame_green.size() > minNumGreenKeyPoint[m[K){
      |            [01;35m[K~~~~~~~~~~~~~~~~~~~~~~~~~~~~~~~~~~^~~~~~~~~~~~~~~~~~~~~[m[K
[01m[K/home/weiwei/Desktop/project/ObsAvoidance/src/model/src/main.cpp:780:45:[m[K [01;35m[Kwarning: [m[Kcomparison of integer expressions of different signedness: ‘[01m[Kstd::size_t[m[K’ {aka ‘[01m[Klong unsigned int[m[K’} and ‘[01m[Kint[m[K’ [[01;35m[K-Wsign-compare[m[K]
  780 |         if ([01;35m[KpointCloudInCamFrame_red.size() > minNumRedKeyPoint[m[K){
      |             [01;35m[K~~~~~~~~~~~~~~~~~~~~~~~~~~~~~~~~^~~~~~~~~~~~~~~~~~~[m[K
/home/weiwei/Desktop/project/ObsAvoidance/src/model/src/main.cpp: In instantiation of ‘[01m[Kbool ModelNode::normVecResidual::operator()(const T*, const T*, const T*, T*) const [with T = ceres::Jet<double, 3>][m[K’:
[01m[K/usr/local/include/ceres/internal/variadic_evaluate.h:55:17:[m[K   required from ‘[01m[Kbool ceres::internal::VariadicEvaluateImpl(const Functor&, const T* const*, T*, std::false_type, std::integer_sequence<int, Indices ...>) [with Functor = ModelNode::normVecResidual; T = ceres::Jet<double, 3>; int ...Indices = {0, 1, 2}; std::false_type = std::integral_constant<bool, false>][m[K’
[01m[K/usr/local/include/ceres/internal/variadic_evaluate.h:77:30:[m[K   required from ‘[01m[Kbool ceres::internal::VariadicEvaluateImpl(const Functor&, const T* const*, T*, const void*) [with ParameterDims = ceres::internal::ParameterDims<false, 1, 1, 1>; Functor = ModelNode::normVecResidual; T = ceres::Jet<double, 3>][m[K’
[01m[K/usr/local/include/ceres/internal/variadic_evaluate.h:106:45:[m[K   required from ‘[01m[Kbool ceres::internal::VariadicEvaluate(const Functor&, const T* const*, T*) [with ParameterDims = ceres::internal::ParameterDims<false, 1, 1, 1>; Functor = ModelNode::normVecResidual; T = ceres::Jet<double, 3>][m[K’
[01m[K/usr/local/include/ceres/internal/autodiff.h:349:39:[m[K   required from ‘[01m[Kbool ceres::internal::AutoDifferentiate(const Functor&, const T* const*, int, T*, T**) [with int kNumResiduals = 1; ParameterDims = ceres::internal::ParameterDims<false, 1, 1, 1>; Functor = ModelNode::normVecResidual; T = double][m[K’
[01m[K/usr/local/include/ceres/autodiff_cost_function.h:211:69:[m[K   required from ‘[01m[Kbool ceres::AutoDiffCostFunction<CostFunctor, kNumResiduals, Ns>::Evaluate(const double* const*, double*, double**) const [with CostFunctor = ModelNode::normVecResidual; int kNumResiduals = 1; int ...Ns = {1, 1, 1}][m[K’
[01m[K/usr/local/include/ceres/autodiff_cost_function.h:201:8:[m[K   required from here
[01m[K/home/weiwei/Desktop/project/ObsAvoidance/src/model/src/main.cpp:36:23:[m[K [01;31m[Kerror: [m[Kno match for ‘[01m[Koperator-[m[K’ (operand types are ‘[01m[Kint[m[K’ and ‘[01m[Kceres::Jet<double, 3>[m[K’)
   36 |         residual[0] =[01;31m[K1- x_*a[[m[K0]-y_*b[0]-z_*c[0]+ sqrt(pow(a[0],2)+pow(b[0],2)+pow(c[0],2))-1;
      |                      [01;31m[K~^~~~~~~[m[K
In file included from [01m[K/usr/local/include/ceres/internal/autodiff.h:152[m[K,
                 from [01m[K/usr/local/include/ceres/autodiff_cost_function.h:130[m[K,
                 from [01m[K/usr/local/include/ceres/ceres.h:37[m[K,
                 from [01m[K/home/weiwei/Desktop/project/ObsAvoidance/src/model/src/main.cpp:19[m[K:
[01m[K/usr/local/include/ceres/jet.h:307:18:[m[K [01;36m[Knote: [m[Kcandidate: ‘[01m[Ktemplate<class T, int N> ceres::Jet<T, N> ceres::operator-(const ceres::Jet<T, N>&)[m[K’
  307 | inline Jet<T, N> [01;36m[Koperator[m[K-(const Jet<T, N>& f) {
      |                  [01;36m[K^~~~~~~~[m[K
[01m[K/usr/local/include/ceres/jet.h:307:18:[m[K [01;36m[Knote: [m[K  template argument deduction/substitution failed:
[01m[K/home/weiwei/Desktop/project/ObsAvoidance/src/model/src/main.cpp:36:23:[m[K [01;36m[Knote: [m[K  mismatched types ‘[01m[Kconst ceres::Jet<T, N>[m[K’ and ‘[01m[Kint[m[K’
   36 |         residual[0] =[01;36m[K1- x_*a[[m[K0]-y_*b[0]-z_*c[0]+ sqrt(pow(a[0],2)+pow(b[0],2)+pow(c[0],2))-1;
      |                      [01;36m[K~^~~~~~~[m[K
In file included from [01m[K/usr/local/include/ceres/internal/autodiff.h:152[m[K,
                 from [01m[K/usr/local/include/ceres/autodiff_cost_function.h:130[m[K,
                 from [01m[K/usr/local/include/ceres/ceres.h:37[m[K,
                 from [01m[K/home/weiwei/Desktop/project/ObsAvoidance/src/model/src/main.cpp:19[m[K:
[01m[K/usr/local/include/ceres/jet.h:331:18:[m[K [01;36m[Knote: [m[Kcandidate: ‘[01m[Ktemplate<class T, int N> ceres::Jet<T, N> ceres::operator-(const ceres::Jet<T, N>&, const ceres::Jet<T, N>&)[m[K’
  331 | inline Jet<T, N> [01;36m[Koperator[m[K-(const Jet<T, N>& f, const Jet<T, N>& g) {
      |                  [01;36m[K^~~~~~~~[m[K
[01m[K/usr/local/include/ceres/jet.h:331:18:[m[K [01;36m[Knote: [m[K  template argument deduction/substitution failed:
[01m[K/home/weiwei/Desktop/project/ObsAvoidance/src/model/src/main.cpp:36:23:[m[K [01;36m[Knote: [m[K  mismatched types ‘[01m[Kconst ceres::Jet<T, N>[m[K’ and ‘[01m[Kint[m[K’
   36 |         residual[0] =[01;36m[K1- x_*a[[m[K0]-y_*b[0]-z_*c[0]+ sqrt(pow(a[0],2)+pow(b[0],2)+pow(c[0],2))-1;
      |                      [01;36m[K~^~~~~~~[m[K
In file included from [01m[K/usr/local/include/ceres/internal/autodiff.h:152[m[K,
                 from [01m[K/usr/local/include/ceres/autodiff_cost_function.h:130[m[K,
                 from [01m[K/usr/local/include/ceres/ceres.h:37[m[K,
                 from [01m[K/home/weiwei/Desktop/project/ObsAvoidance/src/model/src/main.cpp:19[m[K:
[01m[K/usr/local/include/ceres/jet.h:337:18:[m[K [01;36m[Knote: [m[Kcandidate: ‘[01m[Ktemplate<class T, int N> ceres::Jet<T, N> ceres::operator-(const ceres::Jet<T, N>&, T)[m[K’
  337 | inline Jet<T, N> [01;36m[Koperator[m[K-(const Jet<T, N>& f, T s) {
      |                  [01;36m[K^~~~~~~~[m[K
[01m[K/usr/local/include/ceres/jet.h:337:18:[m[K [01;36m[Knote: [m[K  template argument deduction/substitution failed:
[01m[K/home/weiwei/Desktop/project/ObsAvoidance/src/model/src/main.cpp:36:23:[m[K [01;36m[Knote: [m[K  mismatched types ‘[01m[Kconst ceres::Jet<T, N>[m[K’ and ‘[01m[Kint[m[K’
   36 |         residual[0] =[01;36m[K1- x_*a[[m[K0]-y_*b[0]-z_*c[0]+ sqrt(pow(a[0],2)+pow(b[0],2)+pow(c[0],2))-1;
      |                      [01;36m[K~^~~~~~~[m[K
In file included from [01m[K/usr/local/include/ceres/internal/autodiff.h:152[m[K,
                 from [01m[K/usr/local/include/ceres/autodiff_cost_function.h:130[m[K,
                 from [01m[K/usr/local/include/ceres/ceres.h:37[m[K,
                 from [01m[K/home/weiwei/Desktop/project/ObsAvoidance/src/model/src/main.cpp:19[m[K:
[01m[K/usr/local/include/ceres/jet.h:343:18:[m[K [01;36m[Knote: [m[Kcandidate: ‘[01m[Ktemplate<class T, int N> ceres::Jet<T, N> ceres::operator-(T, const ceres::Jet<T, N>&)[m[K’
  343 | inline Jet<T, N> [01;36m[Koperator[m[K-(T s, const Jet<T, N>& f) {
      |                  [01;36m[K^~~~~~~~[m[K
[01m[K/usr/local/include/ceres/jet.h:343:18:[m[K [01;36m[Knote: [m[K  template argument deduction/substitution failed:
[01m[K/home/weiwei/Desktop/project/ObsAvoidance/src/model/src/main.cpp:36:23:[m[K [01;36m[Knote: [m[K  deduced conflicting types for parameter ‘[01m[KT[m[K’ (‘[01m[Kint[m[K’ and ‘[01m[Kdouble[m[K’)
   36 |         residual[0] =[01;36m[K1- x_*a[[m[K0]-y_*b[0]-z_*c[0]+ sqrt(pow(a[0],2)+pow(b[0],2)+pow(c[0],2))-1;
      |                      [01;36m[K~^~~~~~~[m[K
make[2]: *** [CMakeFiles/model.dir/build.make:63：CMakeFiles/model.dir/src/main.cpp.o] 错误 1
make[1]: *** [CMakeFiles/Makefile2:105：CMakeFiles/model.dir/all] 错误 2
make: *** [Makefile:141：all] 错误 2
