[0.433s] Invoking command in '/home/weiwei/Desktop/project/ObsAvoidance/build/media': CMAKE_PREFIX_PATH=/home/weiwei/Desktop/project/ObsAvoidance/install/interface:/home/weiwei/Desktop/project/ObsAvoidance/install/path_planner:/home/weiwei/Desktop/project/ObsAvoidance/install/orbslam:/home/weiwei/Desktop/project/ObsAvoidance/install/model:/home/weiwei/Desktop/project/ObsAvoidance/install/media:/opt/ros/foxy /usr/bin/cmake /home/weiwei/Desktop/project/ObsAvoidance/src/media -DCMAKE_INSTALL_PREFIX=/home/weiwei/Desktop/project/ObsAvoidance/install/media
[0.469s] -- The C compiler identification is GNU 9.4.0
[0.504s] -- The CXX compiler identification is GNU 9.4.0
[0.507s] -- Check for working C compiler: /usr/bin/cc
[0.554s] -- Check for working C compiler: /usr/bin/cc -- works
[0.554s] -- Detecting C compiler ABI info
[0.599s] -- Detecting C compiler ABI info - done
[0.607s] -- Detecting C compile features
[0.607s] -- Detecting C compile features - done
[0.608s] -- Check for working CXX compiler: /usr/bin/c++
[0.661s] -- Check for working CXX compiler: /usr/bin/c++ -- works
[0.662s] -- Detecting CXX compiler ABI info
[0.713s] -- Detecting CXX compiler ABI info - done
[0.721s] -- Detecting CXX compile features
[0.721s] -- Detecting CXX compile features - done
[0.723s] -- Found ament_cmake: 0.9.12 (/opt/ros/foxy/share/ament_cmake/cmake)
[0.739s] -- Found PythonInterp: /usr/bin/python3 (found suitable version "3.8.10", minimum required is "3") 
[0.739s] -- Using PYTHON_EXECUTABLE: /usr/bin/python3
[0.870s] -- Found rclcpp: 2.4.3 (/opt/ros/foxy/share/rclcpp/cmake)
[0.900s] -- Using all available rosidl_typesupport_c: rosidl_typesupport_fastrtps_c;rosidl_typesupport_introspection_c
[0.904s] -- Found rosidl_adapter: 1.3.1 (/opt/ros/foxy/share/rosidl_adapter/cmake)
[0.961s] -- Found OpenSSL: /usr/lib/x86_64-linux-gnu/libcrypto.so (found version "1.1.1f")  
[0.992s] -- Found FastRTPS: /opt/ros/foxy/include  
[1.057s] -- Using all available rosidl_typesupport_cpp: rosidl_typesupport_fastrtps_cpp;rosidl_typesupport_introspection_cpp
[1.095s] -- Found rmw_implementation_cmake: 1.0.4 (/opt/ros/foxy/share/rmw_implementation_cmake/cmake)
[1.096s] -- Using RMW implementation 'rmw_fastrtps_cpp' as default
[1.097s] -- Looking for pthread.h
[1.145s] -- Looking for pthread.h - found
[1.145s] -- Performing Test CMAKE_HAVE_LIBC_PTHREAD
[1.189s] -- Performing Test CMAKE_HAVE_LIBC_PTHREAD - Failed
[1.189s] -- Looking for pthread_create in pthreads
[1.227s] -- Looking for pthread_create in pthreads - not found
[1.227s] -- Looking for pthread_create in pthread
[1.273s] -- Looking for pthread_create in pthread - found
[1.274s] -- Found Threads: TRUE  
[1.397s] -- Found interface: 0.0.0 (/home/weiwei/Desktop/project/ObsAvoidance/install/interface/share/interface/cmake)
[1.580s] -- Found cv_bridge: 3.0.7 (/opt/ros/foxy/share/cv_bridge/cmake)
[1.601s] -- Found message_filters: 3.2.7 (/opt/ros/foxy/share/message_filters/cmake)
[1.603s] -- Found pcl_conversions: 2.2.1 (/opt/ros/foxy/share/pcl_conversions/cmake)
[1.736s] -- Checking for module 'eigen3'
[1.748s] --   Found eigen3, version 3.3.9
[1.775s] -- Found Eigen: /usr/include/eigen3 (Required is at least version "3.1") 
[1.775s] -- Eigen found (include: /usr/include/eigen3, version: 3.3.7)
[1.816s] -- Found Boost: /usr/include (found suitable version "1.71.0", minimum required is "1.55.0") found components: system filesystem date_time iostreams regex 
[1.831s] -- Checking for module 'flann'
[1.844s] --   Found flann, version 1.9.1
[1.877s] -- Found FLANN: /usr/lib/x86_64-linux-gnu/libflann_cpp.so  
[1.915s] -- The imported target "vtkParseOGLExt" references the file
[1.915s]    "/usr/bin/vtkParseOGLExt-7.1"
[1.915s] but this file does not exist.  Possible reasons include:
[1.915s] * The file was deleted, renamed, or moved to another location.
[1.915s] * An install or uninstall procedure did not complete successfully.
[1.915s] * The installation package was faulty and contained
[1.915s]    "/usr/lib/cmake/vtk-7.1/VTKTargets.cmake"
[1.915s] but not all the files it references.
[1.916s] 
[1.916s] -- The imported target "vtkRenderingPythonTkWidgets" references the file
[1.916s]    "/usr/lib/x86_64-linux-gnu/libvtkRenderingPythonTkWidgets.so"
[1.916s] but this file does not exist.  Possible reasons include:
[1.916s] * The file was deleted, renamed, or moved to another location.
[1.916s] * An install or uninstall procedure did not complete successfully.
[1.916s] * The installation package was faulty and contained
[1.916s]    "/usr/lib/cmake/vtk-7.1/VTKTargets.cmake"
[1.916s] but not all the files it references.
[1.916s] 
[1.916s] -- The imported target "vtk" references the file
[1.916s]    "/usr/bin/vtk"
[1.916s] but this file does not exist.  Possible reasons include:
[1.916s] * The file was deleted, renamed, or moved to another location.
[1.916s] * An install or uninstall procedure did not complete successfully.
[1.916s] * The installation package was faulty and contained
[1.916s]    "/usr/lib/cmake/vtk-7.1/VTKTargets.cmake"
[1.916s] but not all the files it references.
[1.917s] 
[1.917s] -- The imported target "pvtk" references the file
[1.917s]    "/usr/bin/pvtk"
[1.917s] but this file does not exist.  Possible reasons include:
[1.917s] * The file was deleted, renamed, or moved to another location.
[1.917s] * An install or uninstall procedure did not complete successfully.
[1.917s] * The installation package was faulty and contained
[1.917s]    "/usr/lib/cmake/vtk-7.1/VTKTargets.cmake"
[1.917s] but not all the files it references.
[1.917s] 
[1.936s] -- Checking for module 'libusb-1.0'
[1.947s] --   Found libusb-1.0, version 1.0.23
[1.975s] -- Found USB_10: /usr/lib/x86_64-linux-gnu/libusb-1.0.so  
[2.014s] -- Found OpenNI: /usr/lib/libOpenNI.so  
[2.014s] -- OpenNI found (include: /usr/include/ni, lib: /usr/lib/libOpenNI.so)
[2.060s] -- Found OpenNI2: /usr/lib/libOpenNI2.so  
[2.060s] -- OpenNI2 found (include: /usr/include/openni2, lib: /usr/lib/libOpenNI2.so)
[2.060s] ** WARNING ** io features related to pcap will be disabled
[2.060s] ** WARNING ** io features related to png will be disabled
[2.069s] -- Found libusb-1.0: /usr/include  
[2.070s] ** WARNING ** io features related to libusb-1.0 will be disabled
[2.074s] -- OpenNI found (include: /usr/include/ni, lib: /usr/lib/libOpenNI.so)
[2.079s] -- OpenNI2 found (include: /usr/include/openni2, lib: /usr/lib/libOpenNI2.so)
[2.101s] -- Found Qhull: optimized;/usr/lib/x86_64-linux-gnu/libqhull.so;debug;/usr/lib/x86_64-linux-gnu/libqhull.so  
[2.101s] -- QHULL found (include: /usr/include, lib: optimized;/usr/lib/x86_64-linux-gnu/libqhull.so;debug;/usr/lib/x86_64-linux-gnu/libqhull.so)
[2.105s] -- OpenNI found (include: /usr/include/ni, lib: /usr/lib/libOpenNI.so)
[2.114s] -- looking for PCL_COMMON
[2.115s] -- Found PCL_COMMON: /usr/lib/x86_64-linux-gnu/libpcl_common.so  
[2.115s] -- looking for PCL_KDTREE
[2.116s] -- Found PCL_KDTREE: /usr/lib/x86_64-linux-gnu/libpcl_kdtree.so  
[2.116s] -- looking for PCL_OCTREE
[2.117s] -- Found PCL_OCTREE: /usr/lib/x86_64-linux-gnu/libpcl_octree.so  
[2.117s] -- looking for PCL_SEARCH
[2.118s] -- Found PCL_SEARCH: /usr/lib/x86_64-linux-gnu/libpcl_search.so  
[2.118s] -- looking for PCL_SAMPLE_CONSENSUS
[2.119s] -- Found PCL_SAMPLE_CONSENSUS: /usr/lib/x86_64-linux-gnu/libpcl_sample_consensus.so  
[2.119s] -- looking for PCL_FILTERS
[2.120s] -- Found PCL_FILTERS: /usr/lib/x86_64-linux-gnu/libpcl_filters.so  
[2.120s] -- looking for PCL_2D
[2.121s] -- Found PCL_2D: /usr/include/pcl-1.10  
[2.121s] -- looking for PCL_GEOMETRY
[2.121s] -- Found PCL_GEOMETRY: /usr/include/pcl-1.10  
[2.121s] -- looking for PCL_IO
[2.122s] -- Found PCL_IO: /usr/lib/x86_64-linux-gnu/libpcl_io.so  
[2.122s] -- looking for PCL_FEATURES
[2.123s] -- Found PCL_FEATURES: /usr/lib/x86_64-linux-gnu/libpcl_features.so  
[2.123s] -- looking for PCL_ML
[2.124s] -- Found PCL_ML: /usr/lib/x86_64-linux-gnu/libpcl_ml.so  
[2.125s] -- looking for PCL_SEGMENTATION
[2.126s] -- Found PCL_SEGMENTATION: /usr/lib/x86_64-linux-gnu/libpcl_segmentation.so  
[2.126s] -- looking for PCL_VISUALIZATION
[2.127s] -- Found PCL_VISUALIZATION: /usr/lib/x86_64-linux-gnu/libpcl_visualization.so  
[2.127s] -- looking for PCL_SURFACE
[2.128s] -- Found PCL_SURFACE: /usr/lib/x86_64-linux-gnu/libpcl_surface.so  
[2.128s] -- looking for PCL_REGISTRATION
[2.129s] -- Found PCL_REGISTRATION: /usr/lib/x86_64-linux-gnu/libpcl_registration.so  
[2.129s] -- looking for PCL_KEYPOINTS
[2.130s] -- Found PCL_KEYPOINTS: /usr/lib/x86_64-linux-gnu/libpcl_keypoints.so  
[2.130s] -- looking for PCL_TRACKING
[2.131s] -- Found PCL_TRACKING: /usr/lib/x86_64-linux-gnu/libpcl_tracking.so  
[2.131s] -- looking for PCL_RECOGNITION
[2.132s] -- Found PCL_RECOGNITION: /usr/lib/x86_64-linux-gnu/libpcl_recognition.so  
[2.132s] -- looking for PCL_STEREO
[2.133s] -- Found PCL_STEREO: /usr/lib/x86_64-linux-gnu/libpcl_stereo.so  
[2.133s] -- looking for PCL_APPS
[2.134s] -- Found PCL_APPS: /usr/lib/x86_64-linux-gnu/libpcl_apps.so  
[2.135s] -- looking for PCL_IN_HAND_SCANNER
[2.135s] -- Found PCL_IN_HAND_SCANNER: /usr/include/pcl-1.10  
[2.135s] -- looking for PCL_POINT_CLOUD_EDITOR
[2.135s] -- Found PCL_POINT_CLOUD_EDITOR: /usr/include/pcl-1.10  
[2.135s] -- looking for PCL_OUTOFCORE
[2.136s] -- Found PCL_OUTOFCORE: /usr/lib/x86_64-linux-gnu/libpcl_outofcore.so  
[2.136s] -- looking for PCL_PEOPLE
[2.137s] -- Found PCL_PEOPLE: /usr/lib/x86_64-linux-gnu/libpcl_people.so  
[2.139s] -- Found PCL: pcl_common;pcl_kdtree;pcl_octree;pcl_search;pcl_sample_consensus;pcl_filters;pcl_io;pcl_features;pcl_ml;pcl_segmentation;pcl_visualization;pcl_surface;pcl_registration;pcl_keypoints;pcl_tracking;pcl_recognition;pcl_stereo;pcl_apps;pcl_outofcore;pcl_people;/usr/lib/x86_64-linux-gnu/libboost_system.so;/usr/lib/x86_64-linux-gnu/libboost_filesystem.so;/usr/lib/x86_64-linux-gnu/libboost_date_time.so;/usr/lib/x86_64-linux-gnu/libboost_iostreams.so;/usr/lib/x86_64-linux-gnu/libboost_regex.so;optimized;/usr/lib/x86_64-linux-gnu/libqhull.so;debug;/usr/lib/x86_64-linux-gnu/libqhull.so;/usr/lib/libOpenNI.so;/usr/lib/libOpenNI2.so;vtkChartsCore;vtkCommonColor;vtkCommonCore;vtksys;vtkCommonDataModel;vtkCommonMath;vtkCommonMisc;vtkCommonSystem;vtkCommonTransforms;vtkCommonExecutionModel;vtkFiltersGeneral;vtkCommonComputationalGeometry;vtkFiltersCore;vtkInfovisCore;vtkFiltersExtraction;vtkFiltersStatistics;vtkImagingFourier;vtkImagingCore;vtkalglib;vtkRenderingContext2D;vtkRenderingCore;vtkFiltersGeometry;vtkFiltersSources;vtkRenderingFreeType;/usr/lib/x86_64-linux-gnu/libfreetype.so;/usr/lib/x86_64-linux-gnu/libz.so;vtkFiltersModeling;vtkImagingSources;vtkInteractionStyle;vtkInteractionWidgets;vtkFiltersHybrid;vtkImagingColor;vtkImagingGeneral;vtkImagingHybrid;vtkIOImage;vtkDICOMParser;vtkmetaio;/usr/lib/x86_64-linux-gnu/libjpeg.so;/usr/lib/x86_64-linux-gnu/libpng.so;/usr/lib/x86_64-linux-gnu/libtiff.so;vtkRenderingAnnotation;vtkRenderingVolume;vtkIOXML;vtkIOCore;vtkIOXMLParser;/usr/lib/x86_64-linux-gnu/libexpat.so;vtkIOGeometry;vtkIOLegacy;vtkIOPLY;vtkRenderingLOD;vtkViewsContext2D;vtkViewsCore;vtkRenderingContextOpenGL2;vtkRenderingOpenGL2;FLANN::FLANN  
[2.315s] -- Found BLAS: /usr/lib/x86_64-linux-gnu/libblas.so  
[2.441s] -- Found AMD headers in: /usr/include/suitesparse
[2.443s] -- Found AMD library: /usr/lib/x86_64-linux-gnu/libamd.so
[2.443s] -- Found CAMD headers in: /usr/include/suitesparse
[2.444s] -- Found CAMD library: /usr/lib/x86_64-linux-gnu/libcamd.so
[2.444s] -- Found CCOLAMD headers in: /usr/include/suitesparse
[2.445s] -- Found CCOLAMD library: /usr/lib/x86_64-linux-gnu/libccolamd.so
[2.446s] -- Found CHOLMOD headers in: /usr/include/suitesparse
[2.446s] -- Found CHOLMOD library: /usr/lib/x86_64-linux-gnu/libcholmod.so
[2.447s] -- Found COLAMD headers in: /usr/include/suitesparse
[2.447s] -- Found COLAMD library: /usr/lib/x86_64-linux-gnu/libcolamd.so
[2.448s] -- Found SPQR headers in: /usr/include/suitesparse
[2.448s] -- Found SPQR library: /usr/lib/x86_64-linux-gnu/libspqr.so
[2.449s] -- Found Config headers in: /usr/include/suitesparse
[2.450s] -- Found Config library: /usr/lib/x86_64-linux-gnu/libsuitesparseconfig.so
[2.451s] -- Found Intel Thread Building Blocks (TBB) library (2020.1 / 11101) include location: . Assuming SuiteSparseQR was compiled with TBB.
[2.451s] -- Looking for shm_open in rt
[2.503s] -- Looking for shm_open in rt - found
[2.503s] -- Adding librt to SuiteSparse_config libraries (required on Linux & Unix [not OSX] if SuiteSparse is compiled with timing).
[2.509s] -- Could NOT find METIS (missing: METIS_INCLUDE_DIR METIS_LIBRARY) 
[2.509s] -- Found SuiteSparse: /usr/include/suitesparse (found suitable version "5.7.1", minimum required is "5.7.1") found components: AMD CAMD CCOLAMD CHOLMOD COLAMD SPQR Config 
[2.511s] -- Found required Ceres dependency: Eigen version 3.3.9 in /usr/local/share/eigen3/cmake
[2.514s] -- Found required Ceres dependency: glog
[2.517s] -- Found required Ceres dependency: gflags
[2.518s] -- Found Ceres version: 2.2.0 installed in: /usr/local with components: [EigenSparse, SparseLinearAlgebraLibrary, LAPACK, SuiteSparse, SchurSpecializations]
[2.519s] -- Found ament_lint_auto: 0.9.8 (/opt/ros/foxy/share/ament_lint_auto/cmake)
[2.615s] -- Added test 'copyright' to check source files copyright and LICENSE
[2.617s] -- Added test 'cppcheck' to perform static code analysis on C / C++ code
[2.617s] -- Configured cppcheck include dirs: 
[2.617s] -- Configured cppcheck exclude dirs and/or files: 
[2.617s] -- Added test 'cpplint' to check C / C++ code against the Google style
[2.617s] -- Configured cpplint exclude dirs and/or files: 
[2.618s] -- Added test 'lint_cmake' to check CMake code style
[2.618s] -- Added test 'uncrustify' to check C / C++ code style
[2.618s] -- Configured uncrustify additional arguments: 
[2.619s] -- Added test 'xmllint' to check XML markup files
[2.621s] -- Configuring done
[2.661s] -- Generating done
[2.663s] -- Build files have been written to: /home/weiwei/Desktop/project/ObsAvoidance/build/media
[2.675s] Invoked command in '/home/weiwei/Desktop/project/ObsAvoidance/build/media' returned '0': CMAKE_PREFIX_PATH=/home/weiwei/Desktop/project/ObsAvoidance/install/interface:/home/weiwei/Desktop/project/ObsAvoidance/install/path_planner:/home/weiwei/Desktop/project/ObsAvoidance/install/orbslam:/home/weiwei/Desktop/project/ObsAvoidance/install/model:/home/weiwei/Desktop/project/ObsAvoidance/install/media:/opt/ros/foxy /usr/bin/cmake /home/weiwei/Desktop/project/ObsAvoidance/src/media -DCMAKE_INSTALL_PREFIX=/home/weiwei/Desktop/project/ObsAvoidance/install/media
[2.678s] Invoking command in '/home/weiwei/Desktop/project/ObsAvoidance/build/media': CMAKE_PREFIX_PATH=/home/weiwei/Desktop/project/ObsAvoidance/install/interface:/home/weiwei/Desktop/project/ObsAvoidance/install/path_planner:/home/weiwei/Desktop/project/ObsAvoidance/install/orbslam:/home/weiwei/Desktop/project/ObsAvoidance/install/model:/home/weiwei/Desktop/project/ObsAvoidance/install/media:/opt/ros/foxy /usr/bin/cmake --build /home/weiwei/Desktop/project/ObsAvoidance/build/media -- -j16 -l16
[2.709s] [35m[1mScanning dependencies of target media[0m
[2.806s] [ 66%] [32mBuilding CXX object CMakeFiles/media.dir/src/media.cpp.o[0m
[2.806s] [ 66%] [32mBuilding CXX object CMakeFiles/media.dir/src/main.cpp.o[0m
[8.225s] [01m[K/home/weiwei/Desktop/project/ObsAvoidance/src/media/src/media.cpp:[m[K In member function ‘[01m[Kvoid mediaNode::getScaleSlamToWorld(const ConstSharedPtr&, const ConstSharedPtr&)[m[K’:
[8.225s] [01m[K/home/weiwei/Desktop/project/ObsAvoidance/src/media/src/media.cpp:234:23:[m[K [01;35m[Kwarning: [m[Kcomparison of integer expressions of different signedness: ‘[01m[Kstd::vector<cv::Vec<float, 3> >::size_type[m[K’ {aka ‘[01m[Klong unsigned int[m[K’} and ‘[01m[Kint[m[K’ [[01;35m[K-Wsign-compare[m[K]
[8.226s]   234 |   if ([01;35m[Kcircles_.size() < circle_size_thresh[m[K)
[8.226s]       |       [01;35m[K~~~~~~~~~~~~~~~~^~~~~~~~~~~~~~~~~~~~[m[K
[8.226s] [01m[K/home/weiwei/Desktop/project/ObsAvoidance/src/media/src/media.cpp:237:17:[m[K [01;35m[Kwarning: [m[Kcomparison of integer expressions of different signedness: ‘[01m[Kint[m[K’ and ‘[01m[Kstd::vector<cv::Vec<float, 3> >::size_type[m[K’ {aka ‘[01m[Klong unsigned int[m[K’} [[01;35m[K-Wsign-compare[m[K]
[8.226s]   237 |   for (int i=0;[01;35m[Ki<circles_.size()[m[K;i++) {
[8.226s]       |                [01;35m[K~^~~~~~~~~~~~~~~~[m[K
[8.226s] [01m[K/home/weiwei/Desktop/project/ObsAvoidance/src/media/src/media.cpp:245:28:[m[K [01;35m[Kwarning: [m[Kcomparison of integer expressions of different signedness: ‘[01m[Kstd::vector<double, std::allocator<double> >::size_type[m[K’ {aka ‘[01m[Klong unsigned int[m[K’} and ‘[01m[Kint[m[K’ [[01;35m[K-Wsign-compare[m[K]
[8.226s]   245 |   if ([01;35m[KscaleFactList_.size()<scaleFactList_size_thresh[m[K)
[8.226s]       |       [01;35m[K~~~~~~~~~~~~~~~~~~~~~^~~~~~~~~~~~~~~~~~~~~~~~~~[m[K
[8.235s] [01m[K/home/weiwei/Desktop/project/ObsAvoidance/src/media/src/media.cpp:[m[K In member function ‘[01m[Kbool mediaNode::detectPoseCorrect(cv::Mat, interface::msg::Slam_<std::allocator<void> >::ConstSharedPtr, double&, cv::Vec3f)[m[K’:
[8.235s] [01m[K/home/weiwei/Desktop/project/ObsAvoidance/src/media/src/media.cpp:297:67:[m[K [01;35m[Kwarning: [m[Kcomparison of constant ‘[01m[K255[m[K’ with boolean expression is always true [[01;35m[K-Wbool-compare[m[K]
[8.236s]   297 |     if ([01;35m[Kimg_dilate.at<bool>((int)pixelPoint.x, (int)pixelPoint.y) != 255[m[K)
[8.236s]       |         [01;35m[K~~~~~~~~~~~~~~~~~~~~~~~~~~~~~~~~~~~~~~~~~~~~~~~~~~~~~~~~~~^~~~~~[m[K
[8.251s] [01m[K/home/weiwei/Desktop/project/ObsAvoidance/src/media/src/media.cpp:[m[K In member function ‘[01m[Kvoid mediaNode::ransacScaleFact()[m[K’:
[8.252s] [01m[K/home/weiwei/Desktop/project/ObsAvoidance/src/media/src/media.cpp:379:17:[m[K [01;35m[Kwarning: [m[Kcomparison of integer expressions of different signedness: ‘[01m[Kint[m[K’ and ‘[01m[Kstd::vector<double, std::allocator<double> >::size_type[m[K’ {aka ‘[01m[Klong unsigned int[m[K’} [[01;35m[K-Wsign-compare[m[K]
[8.252s]   379 |   for (int i=0;[01;35m[Ki<scaleFactList_.size()[m[K;i++)
[8.252s]       |                [01;35m[K~^~~~~~~~~~~~~~~~~~~~~~[m[K
[8.252s] [01m[K/home/weiwei/Desktop/project/ObsAvoidance/src/media/src/media.cpp:398:21:[m[K [01;35m[Kwarning: [m[Kcomparison of integer expressions of different signedness: ‘[01m[Kint[m[K’ and ‘[01m[Kstd::vector<double, std::allocator<double> >::size_type[m[K’ {aka ‘[01m[Klong unsigned int[m[K’} [[01;35m[K-Wsign-compare[m[K]
[8.252s]   398 |     for (int j = 0;[01;35m[Kj<scaleFactList_.size()[m[K;j++)
[8.252s]       |                    [01;35m[K~^~~~~~~~~~~~~~~~~~~~~~[m[K
[19.219s] [100%] [32m[1mLinking CXX executable media[0m
[20.558s] [100%] Built target media
[20.565s] Invoked command in '/home/weiwei/Desktop/project/ObsAvoidance/build/media' returned '0': CMAKE_PREFIX_PATH=/home/weiwei/Desktop/project/ObsAvoidance/install/interface:/home/weiwei/Desktop/project/ObsAvoidance/install/path_planner:/home/weiwei/Desktop/project/ObsAvoidance/install/orbslam:/home/weiwei/Desktop/project/ObsAvoidance/install/model:/home/weiwei/Desktop/project/ObsAvoidance/install/media:/opt/ros/foxy /usr/bin/cmake --build /home/weiwei/Desktop/project/ObsAvoidance/build/media -- -j16 -l16
[20.586s] Invoking command in '/home/weiwei/Desktop/project/ObsAvoidance/build/media': CMAKE_PREFIX_PATH=/home/weiwei/Desktop/project/ObsAvoidance/install/interface:/home/weiwei/Desktop/project/ObsAvoidance/install/path_planner:/home/weiwei/Desktop/project/ObsAvoidance/install/orbslam:/home/weiwei/Desktop/project/ObsAvoidance/install/model:/home/weiwei/Desktop/project/ObsAvoidance/install/media:/opt/ros/foxy /usr/bin/cmake --install /home/weiwei/Desktop/project/ObsAvoidance/build/media
[20.592s] -- Install configuration: ""
[20.592s] -- Installing: /home/weiwei/Desktop/project/ObsAvoidance/install/media/lib/media/media
[20.595s] -- Set runtime path of "/home/weiwei/Desktop/project/ObsAvoidance/install/media/lib/media/media" to ""
[20.595s] -- Installing: /home/weiwei/Desktop/project/ObsAvoidance/install/media/share/ament_index/resource_index/package_run_dependencies/media
[20.595s] -- Installing: /home/weiwei/Desktop/project/ObsAvoidance/install/media/share/ament_index/resource_index/parent_prefix_path/media
[20.596s] -- Installing: /home/weiwei/Desktop/project/ObsAvoidance/install/media/share/media/environment/ament_prefix_path.sh
[20.596s] -- Installing: /home/weiwei/Desktop/project/ObsAvoidance/install/media/share/media/environment/ament_prefix_path.dsv
[20.596s] -- Installing: /home/weiwei/Desktop/project/ObsAvoidance/install/media/share/media/environment/path.sh
[20.596s] -- Installing: /home/weiwei/Desktop/project/ObsAvoidance/install/media/share/media/environment/path.dsv
[20.596s] -- Installing: /home/weiwei/Desktop/project/ObsAvoidance/install/media/share/media/local_setup.bash
[20.596s] -- Installing: /home/weiwei/Desktop/project/ObsAvoidance/install/media/share/media/local_setup.sh
[20.596s] -- Installing: /home/weiwei/Desktop/project/ObsAvoidance/install/media/share/media/local_setup.zsh
[20.596s] -- Installing: /home/weiwei/Desktop/project/ObsAvoidance/install/media/share/media/local_setup.dsv
[20.596s] -- Installing: /home/weiwei/Desktop/project/ObsAvoidance/install/media/share/media/package.dsv
[20.596s] -- Installing: /home/weiwei/Desktop/project/ObsAvoidance/install/media/share/ament_index/resource_index/packages/media
[20.596s] -- Installing: /home/weiwei/Desktop/project/ObsAvoidance/install/media/share/media/cmake/mediaConfig.cmake
[20.596s] -- Installing: /home/weiwei/Desktop/project/ObsAvoidance/install/media/share/media/cmake/mediaConfig-version.cmake
[20.596s] -- Installing: /home/weiwei/Desktop/project/ObsAvoidance/install/media/share/media/package.xml
[20.598s] Invoked command in '/home/weiwei/Desktop/project/ObsAvoidance/build/media' returned '0': CMAKE_PREFIX_PATH=/home/weiwei/Desktop/project/ObsAvoidance/install/interface:/home/weiwei/Desktop/project/ObsAvoidance/install/path_planner:/home/weiwei/Desktop/project/ObsAvoidance/install/orbslam:/home/weiwei/Desktop/project/ObsAvoidance/install/model:/home/weiwei/Desktop/project/ObsAvoidance/install/media:/opt/ros/foxy /usr/bin/cmake --install /home/weiwei/Desktop/project/ObsAvoidance/build/media
