[0.098s] Invoking command in '/home/weiwei/Desktop/project/ObsAvoidance/build/path_planner': CMAKE_PREFIX_PATH=/home/weiwei/Desktop/project/ObsAvoidance/install/interface:/home/weiwei/Desktop/project/ObsAvoidance/install/path_planner:/home/weiwei/Desktop/project/ObsAvoidance/install/orbslam:/home/weiwei/Desktop/project/ObsAvoidance/install/model:/home/weiwei/Desktop/project/ObsAvoidance/install/media:/opt/ros/foxy /usr/bin/cmake --build /home/weiwei/Desktop/project/ObsAvoidance/build/path_planner -- -j16 -l16
[0.117s] -- Found ament_cmake: 0.9.12 (/opt/ros/foxy/share/ament_cmake/cmake)
[0.130s] -- Using PYTHON_EXECUTABLE: /usr/bin/python3
[0.239s] -- Found rclcpp: 2.4.3 (/opt/ros/foxy/share/rclcpp/cmake)
[0.260s] -- Using all available rosidl_typesupport_c: rosidl_typesupport_fastrtps_c;rosidl_typesupport_introspection_c
[0.262s] -- Found rosidl_adapter: 1.3.1 (/opt/ros/foxy/share/rosidl_adapter/cmake)
[0.343s] -- Using all available rosidl_typesupport_cpp: rosidl_typesupport_fastrtps_cpp;rosidl_typesupport_introspection_cpp
[0.374s] -- Found rmw_implementation_cmake: 1.0.4 (/opt/ros/foxy/share/rmw_implementation_cmake/cmake)
[0.375s] -- Using RMW implementation 'rmw_fastrtps_cpp' as default
[0.464s] -- Found interface: 0.0.0 (/home/weiwei/Desktop/project/ObsAvoidance/install/interface/share/interface/cmake)
[0.615s] -- Found cv_bridge: 3.0.7 (/opt/ros/foxy/share/cv_bridge/cmake)
[0.631s] -- Found pcl_conversions: 2.2.1 (/opt/ros/foxy/share/pcl_conversions/cmake)
[0.735s] -- Found octomap_msgs: 2.0.0 (/opt/ros/foxy/share/octomap_msgs/cmake)
[0.784s] -- Eigen found (include: /usr/include/eigen3, version: 3.3.7)
[0.840s] -- The imported target "vtkParseOGLExt" references the file
[0.840s]    "/usr/bin/vtkParseOGLExt-7.1"
[0.840s] but this file does not exist.  Possible reasons include:
[0.840s] * The file was deleted, renamed, or moved to another location.
[0.840s] * An install or uninstall procedure did not complete successfully.
[0.840s] * The installation package was faulty and contained
[0.840s]    "/usr/lib/cmake/vtk-7.1/VTKTargets.cmake"
[0.840s] but not all the files it references.
[0.840s] 
[0.840s] -- The imported target "vtkRenderingPythonTkWidgets" references the file
[0.840s]    "/usr/lib/x86_64-linux-gnu/libvtkRenderingPythonTkWidgets.so"
[0.840s] but this file does not exist.  Possible reasons include:
[0.840s] * The file was deleted, renamed, or moved to another location.
[0.841s] * An install or uninstall procedure did not complete successfully.
[0.841s] * The installation package was faulty and contained
[0.841s]    "/usr/lib/cmake/vtk-7.1/VTKTargets.cmake"
[0.841s] but not all the files it references.
[0.841s] 
[0.841s] -- The imported target "vtk" references the file
[0.841s]    "/usr/bin/vtk"
[0.841s] but this file does not exist.  Possible reasons include:
[0.841s] * The file was deleted, renamed, or moved to another location.
[0.841s] * An install or uninstall procedure did not complete successfully.
[0.841s] * The installation package was faulty and contained
[0.841s]    "/usr/lib/cmake/vtk-7.1/VTKTargets.cmake"
[0.841s] but not all the files it references.
[0.841s] 
[0.841s] -- The imported target "pvtk" references the file
[0.841s]    "/usr/bin/pvtk"
[0.841s] but this file does not exist.  Possible reasons include:
[0.841s] * The file was deleted, renamed, or moved to another location.
[0.841s] * An install or uninstall procedure did not complete successfully.
[0.842s] * The installation package was faulty and contained
[0.842s]    "/usr/lib/cmake/vtk-7.1/VTKTargets.cmake"
[0.842s] but not all the files it references.
[0.842s] 
[0.854s] -- OpenNI found (include: /usr/include/ni, lib: /usr/lib/libOpenNI.so)
[0.858s] -- OpenNI2 found (include: /usr/include/openni2, lib: /usr/lib/libOpenNI2.so)
[0.858s] ** WARNING ** io features related to pcap will be disabled
[0.858s] ** WARNING ** io features related to png will be disabled
[0.866s] ** WARNING ** io features related to libusb-1.0 will be disabled
[0.870s] -- OpenNI found (include: /usr/include/ni, lib: /usr/lib/libOpenNI.so)
[0.873s] -- OpenNI2 found (include: /usr/include/openni2, lib: /usr/lib/libOpenNI2.so)
[0.881s] -- QHULL found (include: /usr/include, lib: optimized;/usr/lib/x86_64-linux-gnu/libqhull.so;debug;/usr/lib/x86_64-linux-gnu/libqhull.so)
[0.885s] -- OpenNI found (include: /usr/include/ni, lib: /usr/lib/libOpenNI.so)
[0.892s] -- looking for PCL_COMMON
[0.893s] -- looking for PCL_KDTREE
[0.893s] -- looking for PCL_OCTREE
[0.894s] -- looking for PCL_SEARCH
[0.894s] -- looking for PCL_SAMPLE_CONSENSUS
[0.894s] -- looking for PCL_FILTERS
[0.894s] -- looking for PCL_2D
[0.895s] -- looking for PCL_GEOMETRY
[0.895s] -- looking for PCL_IO
[0.895s] -- looking for PCL_FEATURES
[0.896s] -- looking for PCL_ML
[0.896s] -- looking for PCL_SEGMENTATION
[0.896s] -- looking for PCL_VISUALIZATION
[0.897s] -- looking for PCL_SURFACE
[0.897s] -- looking for PCL_REGISTRATION
[0.898s] -- looking for PCL_KEYPOINTS
[0.898s] -- looking for PCL_TRACKING
[0.898s] -- looking for PCL_RECOGNITION
[0.899s] -- looking for PCL_STEREO
[0.899s] -- looking for PCL_APPS
[0.900s] -- looking for PCL_IN_HAND_SCANNER
[0.900s] -- looking for PCL_POINT_CLOUD_EDITOR
[0.900s] -- looking for PCL_OUTOFCORE
[0.901s] -- looking for PCL_PEOPLE
[0.974s] -- Found AMD headers in: /usr/include/suitesparse
[0.974s] -- Found AMD library: /usr/lib/x86_64-linux-gnu/libamd.so
[0.974s] -- Found CAMD headers in: /usr/include/suitesparse
[0.974s] -- Found CAMD library: /usr/lib/x86_64-linux-gnu/libcamd.so
[0.975s] -- Found CCOLAMD headers in: /usr/include/suitesparse
[0.975s] -- Found CCOLAMD library: /usr/lib/x86_64-linux-gnu/libccolamd.so
[0.975s] -- Found CHOLMOD headers in: /usr/include/suitesparse
[0.975s] -- Found CHOLMOD library: /usr/lib/x86_64-linux-gnu/libcholmod.so
[0.975s] -- Found COLAMD headers in: /usr/include/suitesparse
[0.975s] -- Found COLAMD library: /usr/lib/x86_64-linux-gnu/libcolamd.so
[0.975s] -- Found SPQR headers in: /usr/include/suitesparse
[0.975s] -- Found SPQR library: /usr/lib/x86_64-linux-gnu/libspqr.so
[0.975s] -- Found Config headers in: /usr/include/suitesparse
[0.975s] -- Found Config library: /usr/lib/x86_64-linux-gnu/libsuitesparseconfig.so
[0.975s] -- Found Intel Thread Building Blocks (TBB) library (2020.1 / 11101) include location: . Assuming SuiteSparseQR was compiled with TBB.
[0.975s] -- Adding librt to SuiteSparse_config libraries (required on Linux & Unix [not OSX] if SuiteSparse is compiled with timing).
[0.978s] -- Could NOT find METIS (missing: METIS_INCLUDE_DIR METIS_LIBRARY) 
[0.980s] -- Found required Ceres dependency: Eigen version 3.3.9 in /usr/local/share/eigen3/cmake
[0.981s] -- Found required Ceres dependency: glog
[0.982s] -- Found required Ceres dependency: gflags
[0.982s] -- Found Ceres version: 2.2.0 installed in: /usr/local with components: [EigenSparse, SparseLinearAlgebraLibrary, LAPACK, SuiteSparse, SchurSpecializations]
[0.983s] -- Found ament_lint_auto: 0.9.8 (/opt/ros/foxy/share/ament_lint_auto/cmake)
[1.054s] -- Added test 'copyright' to check source files copyright and LICENSE
[1.054s] -- Added test 'cppcheck' to perform static code analysis on C / C++ code
[1.055s] -- Configured cppcheck include dirs: 
[1.055s] -- Configured cppcheck exclude dirs and/or files: 
[1.055s] -- Added test 'cpplint' to check C / C++ code against the Google style
[1.055s] -- Configured cpplint exclude dirs and/or files: 
[1.055s] -- Added test 'lint_cmake' to check CMake code style
[1.056s] -- Added test 'uncrustify' to check C / C++ code style
[1.056s] -- Configured uncrustify additional arguments: 
[1.056s] -- Added test 'xmllint' to check XML markup files
[1.058s] -- Configuring done
[1.074s] -- Generating done
[1.076s] -- Build files have been written to: /home/weiwei/Desktop/project/ObsAvoidance/build/path_planner
[1.098s] [35m[1mScanning dependencies of target path_planner[0m
[1.114s] [ 33%] [32mBuilding CXX object CMakeFiles/path_planner.dir/src/planner.cpp.o[0m
[1.114s] [ 66%] [32mBuilding CXX object CMakeFiles/path_planner.dir/src/main.cpp.o[0m
[4.179s] [100%] [32m[1mLinking CXX executable path_planner[0m
[4.449s] [100%] Built target path_planner
[4.459s] Invoked command in '/home/weiwei/Desktop/project/ObsAvoidance/build/path_planner' returned '0': CMAKE_PREFIX_PATH=/home/weiwei/Desktop/project/ObsAvoidance/install/interface:/home/weiwei/Desktop/project/ObsAvoidance/install/path_planner:/home/weiwei/Desktop/project/ObsAvoidance/install/orbslam:/home/weiwei/Desktop/project/ObsAvoidance/install/model:/home/weiwei/Desktop/project/ObsAvoidance/install/media:/opt/ros/foxy /usr/bin/cmake --build /home/weiwei/Desktop/project/ObsAvoidance/build/path_planner -- -j16 -l16
[4.481s] Invoking command in '/home/weiwei/Desktop/project/ObsAvoidance/build/path_planner': CMAKE_PREFIX_PATH=/home/weiwei/Desktop/project/ObsAvoidance/install/interface:/home/weiwei/Desktop/project/ObsAvoidance/install/path_planner:/home/weiwei/Desktop/project/ObsAvoidance/install/orbslam:/home/weiwei/Desktop/project/ObsAvoidance/install/model:/home/weiwei/Desktop/project/ObsAvoidance/install/media:/opt/ros/foxy /usr/bin/cmake --install /home/weiwei/Desktop/project/ObsAvoidance/build/path_planner
[4.485s] -- Install configuration: ""
[4.485s] -- Installing: /home/weiwei/Desktop/project/ObsAvoidance/install/path_planner/lib/path_planner/path_planner
[4.485s] -- Set runtime path of "/home/weiwei/Desktop/project/ObsAvoidance/install/path_planner/lib/path_planner/path_planner" to ""
[4.485s] -- Up-to-date: /home/weiwei/Desktop/project/ObsAvoidance/install/path_planner/share/ament_index/resource_index/package_run_dependencies/path_planner
[4.485s] -- Up-to-date: /home/weiwei/Desktop/project/ObsAvoidance/install/path_planner/share/ament_index/resource_index/parent_prefix_path/path_planner
[4.485s] -- Up-to-date: /home/weiwei/Desktop/project/ObsAvoidance/install/path_planner/share/path_planner/environment/ament_prefix_path.sh
[4.486s] -- Installing: /home/weiwei/Desktop/project/ObsAvoidance/install/path_planner/share/path_planner/environment/ament_prefix_path.dsv
[4.486s] -- Up-to-date: /home/weiwei/Desktop/project/ObsAvoidance/install/path_planner/share/path_planner/environment/path.sh
[4.486s] -- Installing: /home/weiwei/Desktop/project/ObsAvoidance/install/path_planner/share/path_planner/environment/path.dsv
[4.486s] -- Up-to-date: /home/weiwei/Desktop/project/ObsAvoidance/install/path_planner/share/path_planner/local_setup.bash
[4.486s] -- Up-to-date: /home/weiwei/Desktop/project/ObsAvoidance/install/path_planner/share/path_planner/local_setup.sh
[4.486s] -- Up-to-date: /home/weiwei/Desktop/project/ObsAvoidance/install/path_planner/share/path_planner/local_setup.zsh
[4.486s] -- Installing: /home/weiwei/Desktop/project/ObsAvoidance/install/path_planner/share/path_planner/local_setup.dsv
[4.486s] -- Installing: /home/weiwei/Desktop/project/ObsAvoidance/install/path_planner/share/path_planner/package.dsv
[4.486s] -- Up-to-date: /home/weiwei/Desktop/project/ObsAvoidance/install/path_planner/share/ament_index/resource_index/packages/path_planner
[4.486s] -- Up-to-date: /home/weiwei/Desktop/project/ObsAvoidance/install/path_planner/share/path_planner/cmake/path_plannerConfig.cmake
[4.486s] -- Up-to-date: /home/weiwei/Desktop/project/ObsAvoidance/install/path_planner/share/path_planner/cmake/path_plannerConfig-version.cmake
[4.486s] -- Up-to-date: /home/weiwei/Desktop/project/ObsAvoidance/install/path_planner/share/path_planner/package.xml
[4.487s] Invoked command in '/home/weiwei/Desktop/project/ObsAvoidance/build/path_planner' returned '0': CMAKE_PREFIX_PATH=/home/weiwei/Desktop/project/ObsAvoidance/install/interface:/home/weiwei/Desktop/project/ObsAvoidance/install/path_planner:/home/weiwei/Desktop/project/ObsAvoidance/install/orbslam:/home/weiwei/Desktop/project/ObsAvoidance/install/model:/home/weiwei/Desktop/project/ObsAvoidance/install/media:/opt/ros/foxy /usr/bin/cmake --install /home/weiwei/Desktop/project/ObsAvoidance/build/path_planner
