[3.327s] DEBUG:colcon:Command line arguments: ['/usr/bin/colcon', 'build', '--packages-select', 'interface']
[3.327s] DEBUG:colcon:Parsed command line arguments: Namespace(allow_overriding=[], ament_cmake_args=None, base_paths=['.'], build_base='build', catkin_cmake_args=None, catkin_skip_building_tests=False, cmake_args=None, cmake_clean_cache=False, cmake_clean_first=False, cmake_force_configure=False, cmake_target=None, cmake_target_skip_unavailable=False, continue_on_error=False, event_handlers=None, executor='parallel', ignore_user_meta=False, install_base='install', log_base=None, log_level=None, main=<bound method BuildVerb.main of <colcon_core.verb.build.BuildVerb object at 0x7fe9d6254400>>, merge_install=False, metas=['./colcon.meta'], packages_above=None, packages_above_and_dependencies=None, packages_above_depth=None, packages_end=None, packages_ignore=None, packages_ignore_regex=None, packages_select=['interface'], packages_select_build_failed=False, packages_select_by_dep=None, packages_select_regex=None, packages_select_test_failures=False, packages_skip=None, packages_skip_build_finished=False, packages_skip_by_dep=None, packages_skip_regex=None, packages_skip_test_passed=False, packages_skip_up_to=None, packages_start=None, packages_up_to=None, packages_up_to_regex=None, parallel_workers=16, paths=None, symlink_install=False, test_result_base=None, verb_extension=<colcon_core.verb.build.BuildVerb object at 0x7fe9d6254400>, verb_name='build', verb_parser=<colcon_defaults.argument_parser.defaults.DefaultArgumentsDecorator object at 0x7fe9d5f10310>)
[3.458s] Level 1:colcon.colcon_core.package_discovery:discover_packages(colcon_meta) check parameters
[3.458s] Level 1:colcon.colcon_core.package_discovery:discover_packages(recursive) check parameters
[3.458s] Level 1:colcon.colcon_core.package_discovery:discover_packages(ignore) check parameters
[3.458s] Level 1:colcon.colcon_core.package_discovery:discover_packages(path) check parameters
[3.458s] Level 1:colcon.colcon_core.package_discovery:discover_packages(colcon_meta) discover
[3.458s] Level 1:colcon.colcon_core.package_discovery:discover_packages(recursive) discover
[3.458s] INFO:colcon.colcon_core.package_discovery:Crawling recursively for packages in '/home/weiwei/Desktop/project/ObsAvoidance'
[3.458s] Level 1:colcon.colcon_core.package_identification:_identify(.) by extensions ['ignore', 'ignore_ament_install']
[3.458s] Level 1:colcon.colcon_core.package_identification:_identify(.) by extension 'ignore'
[3.458s] Level 1:colcon.colcon_core.package_identification:_identify(.) by extension 'ignore_ament_install'
[3.458s] Level 1:colcon.colcon_core.package_identification:_identify(.) by extensions ['colcon_pkg']
[3.458s] Level 1:colcon.colcon_core.package_identification:_identify(.) by extension 'colcon_pkg'
[3.459s] Level 1:colcon.colcon_core.package_identification:_identify(.) by extensions ['colcon_meta']
[3.459s] Level 1:colcon.colcon_core.package_identification:_identify(.) by extension 'colcon_meta'
[3.459s] Level 1:colcon.colcon_core.package_identification:_identify(.) by extensions ['ros']
[3.459s] Level 1:colcon.colcon_core.package_identification:_identify(.) by extension 'ros'
[3.474s] Level 1:colcon.colcon_core.package_identification:_identify(.) by extensions ['cmake', 'python']
[3.474s] Level 1:colcon.colcon_core.package_identification:_identify(.) by extension 'cmake'
[3.474s] Level 1:colcon.colcon_core.package_identification:_identify(.) by extension 'python'
[3.474s] Level 1:colcon.colcon_core.package_identification:_identify(.) by extensions ['python_setup_py']
[3.474s] Level 1:colcon.colcon_core.package_identification:_identify(.) by extension 'python_setup_py'
[3.474s] Level 1:colcon.colcon_core.package_identification:_identify(build) by extensions ['ignore', 'ignore_ament_install']
[3.474s] Level 1:colcon.colcon_core.package_identification:_identify(build) by extension 'ignore'
[3.474s] Level 1:colcon.colcon_core.package_identification:_identify(build) ignored
[3.475s] Level 1:colcon.colcon_core.package_identification:_identify(install) by extensions ['ignore', 'ignore_ament_install']
[3.475s] Level 1:colcon.colcon_core.package_identification:_identify(install) by extension 'ignore'
[3.475s] Level 1:colcon.colcon_core.package_identification:_identify(install) ignored
[3.475s] Level 1:colcon.colcon_core.package_identification:_identify(log) by extensions ['ignore', 'ignore_ament_install']
[3.475s] Level 1:colcon.colcon_core.package_identification:_identify(log) by extension 'ignore'
[3.475s] Level 1:colcon.colcon_core.package_identification:_identify(log) ignored
[3.475s] Level 1:colcon.colcon_core.package_identification:_identify(src) by extensions ['ignore', 'ignore_ament_install']
[3.475s] Level 1:colcon.colcon_core.package_identification:_identify(src) by extension 'ignore'
[3.475s] Level 1:colcon.colcon_core.package_identification:_identify(src) by extension 'ignore_ament_install'
[3.475s] Level 1:colcon.colcon_core.package_identification:_identify(src) by extensions ['colcon_pkg']
[3.475s] Level 1:colcon.colcon_core.package_identification:_identify(src) by extension 'colcon_pkg'
[3.475s] Level 1:colcon.colcon_core.package_identification:_identify(src) by extensions ['colcon_meta']
[3.475s] Level 1:colcon.colcon_core.package_identification:_identify(src) by extension 'colcon_meta'
[3.475s] Level 1:colcon.colcon_core.package_identification:_identify(src) by extensions ['ros']
[3.475s] Level 1:colcon.colcon_core.package_identification:_identify(src) by extension 'ros'
[3.475s] Level 1:colcon.colcon_core.package_identification:_identify(src) by extensions ['cmake', 'python']
[3.475s] Level 1:colcon.colcon_core.package_identification:_identify(src) by extension 'cmake'
[3.475s] Level 1:colcon.colcon_core.package_identification:_identify(src) by extension 'python'
[3.475s] Level 1:colcon.colcon_core.package_identification:_identify(src) by extensions ['python_setup_py']
[3.475s] Level 1:colcon.colcon_core.package_identification:_identify(src) by extension 'python_setup_py'
[3.475s] Level 1:colcon.colcon_core.package_identification:_identify(src/interface) by extensions ['ignore', 'ignore_ament_install']
[3.475s] Level 1:colcon.colcon_core.package_identification:_identify(src/interface) by extension 'ignore'
[3.475s] Level 1:colcon.colcon_core.package_identification:_identify(src/interface) by extension 'ignore_ament_install'
[3.475s] Level 1:colcon.colcon_core.package_identification:_identify(src/interface) by extensions ['colcon_pkg']
[3.475s] Level 1:colcon.colcon_core.package_identification:_identify(src/interface) by extension 'colcon_pkg'
[3.475s] Level 1:colcon.colcon_core.package_identification:_identify(src/interface) by extensions ['colcon_meta']
[3.475s] Level 1:colcon.colcon_core.package_identification:_identify(src/interface) by extension 'colcon_meta'
[3.475s] Level 1:colcon.colcon_core.package_identification:_identify(src/interface) by extensions ['ros']
[3.475s] Level 1:colcon.colcon_core.package_identification:_identify(src/interface) by extension 'ros'
[3.478s] DEBUG:colcon.colcon_core.package_identification:Package 'src/interface' with type 'ros.ament_cmake' and name 'interface'
[3.479s] Level 1:colcon.colcon_core.package_identification:_identify(src/media) by extensions ['ignore', 'ignore_ament_install']
[3.479s] Level 1:colcon.colcon_core.package_identification:_identify(src/media) by extension 'ignore'
[3.479s] Level 1:colcon.colcon_core.package_identification:_identify(src/media) by extension 'ignore_ament_install'
[3.479s] Level 1:colcon.colcon_core.package_identification:_identify(src/media) by extensions ['colcon_pkg']
[3.479s] Level 1:colcon.colcon_core.package_identification:_identify(src/media) by extension 'colcon_pkg'
[3.479s] Level 1:colcon.colcon_core.package_identification:_identify(src/media) by extensions ['colcon_meta']
[3.479s] Level 1:colcon.colcon_core.package_identification:_identify(src/media) by extension 'colcon_meta'
[3.479s] Level 1:colcon.colcon_core.package_identification:_identify(src/media) by extensions ['ros']
[3.479s] Level 1:colcon.colcon_core.package_identification:_identify(src/media) by extension 'ros'
[3.480s] DEBUG:colcon.colcon_core.package_identification:Package 'src/media' with type 'ros.ament_cmake' and name 'media'
[3.480s] Level 1:colcon.colcon_core.package_identification:_identify(src/model) by extensions ['ignore', 'ignore_ament_install']
[3.480s] Level 1:colcon.colcon_core.package_identification:_identify(src/model) by extension 'ignore'
[3.480s] Level 1:colcon.colcon_core.package_identification:_identify(src/model) by extension 'ignore_ament_install'
[3.480s] Level 1:colcon.colcon_core.package_identification:_identify(src/model) by extensions ['colcon_pkg']
[3.480s] Level 1:colcon.colcon_core.package_identification:_identify(src/model) by extension 'colcon_pkg'
[3.480s] Level 1:colcon.colcon_core.package_identification:_identify(src/model) by extensions ['colcon_meta']
[3.480s] Level 1:colcon.colcon_core.package_identification:_identify(src/model) by extension 'colcon_meta'
[3.480s] Level 1:colcon.colcon_core.package_identification:_identify(src/model) by extensions ['ros']
[3.480s] Level 1:colcon.colcon_core.package_identification:_identify(src/model) by extension 'ros'
[3.481s] DEBUG:colcon.colcon_core.package_identification:Package 'src/model' with type 'ros.ament_cmake' and name 'model'
[3.481s] Level 1:colcon.colcon_core.package_identification:_identify(src/motion_control) by extensions ['ignore', 'ignore_ament_install']
[3.481s] Level 1:colcon.colcon_core.package_identification:_identify(src/motion_control) by extension 'ignore'
[3.481s] Level 1:colcon.colcon_core.package_identification:_identify(src/motion_control) by extension 'ignore_ament_install'
[3.481s] Level 1:colcon.colcon_core.package_identification:_identify(src/motion_control) by extensions ['colcon_pkg']
[3.481s] Level 1:colcon.colcon_core.package_identification:_identify(src/motion_control) by extension 'colcon_pkg'
[3.481s] Level 1:colcon.colcon_core.package_identification:_identify(src/motion_control) by extensions ['colcon_meta']
[3.481s] Level 1:colcon.colcon_core.package_identification:_identify(src/motion_control) by extension 'colcon_meta'
[3.481s] Level 1:colcon.colcon_core.package_identification:_identify(src/motion_control) by extensions ['ros']
[3.481s] Level 1:colcon.colcon_core.package_identification:_identify(src/motion_control) by extension 'ros'
[3.482s] DEBUG:colcon.colcon_core.package_identification:Package 'src/motion_control' with type 'ros.ament_cmake' and name 'motion_control'
[3.482s] Level 1:colcon.colcon_core.package_identification:_identify(src/orbslam) by extensions ['ignore', 'ignore_ament_install']
[3.482s] Level 1:colcon.colcon_core.package_identification:_identify(src/orbslam) by extension 'ignore'
[3.482s] Level 1:colcon.colcon_core.package_identification:_identify(src/orbslam) by extension 'ignore_ament_install'
[3.482s] Level 1:colcon.colcon_core.package_identification:_identify(src/orbslam) by extensions ['colcon_pkg']
[3.482s] Level 1:colcon.colcon_core.package_identification:_identify(src/orbslam) by extension 'colcon_pkg'
[3.482s] Level 1:colcon.colcon_core.package_identification:_identify(src/orbslam) by extensions ['colcon_meta']
[3.482s] Level 1:colcon.colcon_core.package_identification:_identify(src/orbslam) by extension 'colcon_meta'
[3.482s] Level 1:colcon.colcon_core.package_identification:_identify(src/orbslam) by extensions ['ros']
[3.482s] Level 1:colcon.colcon_core.package_identification:_identify(src/orbslam) by extension 'ros'
[3.483s] DEBUG:colcon.colcon_core.package_identification:Package 'src/orbslam' with type 'ros.ament_cmake' and name 'orbslam'
[3.483s] Level 1:colcon.colcon_core.package_identification:_identify(src/path_follow) by extensions ['ignore', 'ignore_ament_install']
[3.483s] Level 1:colcon.colcon_core.package_identification:_identify(src/path_follow) by extension 'ignore'
[3.483s] Level 1:colcon.colcon_core.package_identification:_identify(src/path_follow) by extension 'ignore_ament_install'
[3.484s] Level 1:colcon.colcon_core.package_identification:_identify(src/path_follow) by extensions ['colcon_pkg']
[3.484s] Level 1:colcon.colcon_core.package_identification:_identify(src/path_follow) by extension 'colcon_pkg'
[3.484s] Level 1:colcon.colcon_core.package_identification:_identify(src/path_follow) by extensions ['colcon_meta']
[3.484s] Level 1:colcon.colcon_core.package_identification:_identify(src/path_follow) by extension 'colcon_meta'
[3.484s] Level 1:colcon.colcon_core.package_identification:_identify(src/path_follow) by extensions ['ros']
[3.484s] Level 1:colcon.colcon_core.package_identification:_identify(src/path_follow) by extension 'ros'
[3.485s] DEBUG:colcon.colcon_core.package_identification:Package 'src/path_follow' with type 'ros.ament_cmake' and name 'path_follow'
[3.485s] Level 1:colcon.colcon_core.package_identification:_identify(src/path_planner) by extensions ['ignore', 'ignore_ament_install']
[3.485s] Level 1:colcon.colcon_core.package_identification:_identify(src/path_planner) by extension 'ignore'
[3.485s] Level 1:colcon.colcon_core.package_identification:_identify(src/path_planner) by extension 'ignore_ament_install'
[3.485s] Level 1:colcon.colcon_core.package_identification:_identify(src/path_planner) by extensions ['colcon_pkg']
[3.485s] Level 1:colcon.colcon_core.package_identification:_identify(src/path_planner) by extension 'colcon_pkg'
[3.485s] Level 1:colcon.colcon_core.package_identification:_identify(src/path_planner) by extensions ['colcon_meta']
[3.485s] Level 1:colcon.colcon_core.package_identification:_identify(src/path_planner) by extension 'colcon_meta'
[3.485s] Level 1:colcon.colcon_core.package_identification:_identify(src/path_planner) by extensions ['ros']
[3.485s] Level 1:colcon.colcon_core.package_identification:_identify(src/path_planner) by extension 'ros'
[3.486s] DEBUG:colcon.colcon_core.package_identification:Package 'src/path_planner' with type 'ros.ament_cmake' and name 'path_planner'
[3.486s] Level 1:colcon.colcon_core.package_discovery:discover_packages(recursive) using defaults
[3.486s] Level 1:colcon.colcon_core.package_discovery:discover_packages(ignore) discover
[3.486s] Level 1:colcon.colcon_core.package_discovery:discover_packages(ignore) using defaults
[3.486s] Level 1:colcon.colcon_core.package_discovery:discover_packages(path) discover
[3.486s] Level 1:colcon.colcon_core.package_discovery:discover_packages(path) using defaults
[3.699s] INFO:colcon.colcon_core.package_selection:Skipping not selected package 'motion_control' in 'src/motion_control'
[3.700s] INFO:colcon.colcon_core.package_selection:Skipping not selected package 'media' in 'src/media'
[3.700s] INFO:colcon.colcon_core.package_selection:Skipping not selected package 'model' in 'src/model'
[3.700s] INFO:colcon.colcon_core.package_selection:Skipping not selected package 'orbslam' in 'src/orbslam'
[3.700s] INFO:colcon.colcon_core.package_selection:Skipping not selected package 'path_follow' in 'src/path_follow'
[3.700s] INFO:colcon.colcon_core.package_selection:Skipping not selected package 'path_planner' in 'src/path_planner'
[3.823s] Level 1:colcon.colcon_core.package_discovery:discover_packages(prefix_path) check parameters
[3.823s] Level 1:colcon.colcon_core.package_discovery:discover_packages(prefix_path) discover
[3.941s] DEBUG:colcon.colcon_installed_package_information.package_discovery:Found 310 installed packages in /opt/ros/foxy
[3.942s] Level 1:colcon.colcon_core.package_discovery:discover_packages(prefix_path) using defaults
[4.111s] Level 5:colcon.colcon_core.verb:set package 'interface' build argument 'cmake_args' from command line to 'None'
[4.111s] Level 5:colcon.colcon_core.verb:set package 'interface' build argument 'cmake_target' from command line to 'None'
[4.112s] Level 5:colcon.colcon_core.verb:set package 'interface' build argument 'cmake_target_skip_unavailable' from command line to 'False'
[4.112s] Level 5:colcon.colcon_core.verb:set package 'interface' build argument 'cmake_clean_cache' from command line to 'False'
[4.112s] Level 5:colcon.colcon_core.verb:set package 'interface' build argument 'cmake_clean_first' from command line to 'False'
[4.112s] Level 5:colcon.colcon_core.verb:set package 'interface' build argument 'cmake_force_configure' from command line to 'False'
[4.112s] Level 5:colcon.colcon_core.verb:set package 'interface' build argument 'ament_cmake_args' from command line to 'None'
[4.112s] Level 5:colcon.colcon_core.verb:set package 'interface' build argument 'catkin_cmake_args' from command line to 'None'
[4.112s] Level 5:colcon.colcon_core.verb:set package 'interface' build argument 'catkin_skip_building_tests' from command line to 'False'
[4.112s] DEBUG:colcon.colcon_core.verb:Building package 'interface' with the following arguments: {'ament_cmake_args': None, 'build_base': '/home/weiwei/Desktop/project/ObsAvoidance/build/interface', 'catkin_cmake_args': None, 'catkin_skip_building_tests': False, 'cmake_args': None, 'cmake_clean_cache': False, 'cmake_clean_first': False, 'cmake_force_configure': False, 'cmake_target': None, 'cmake_target_skip_unavailable': False, 'install_base': '/home/weiwei/Desktop/project/ObsAvoidance/install/interface', 'merge_install': False, 'path': '/home/weiwei/Desktop/project/ObsAvoidance/src/interface', 'symlink_install': False, 'test_result_base': None}
[4.170s] INFO:colcon.colcon_core.executor:Executing jobs using 'parallel' executor
[4.229s] DEBUG:colcon.colcon_parallel_executor.executor.parallel:run_until_complete
[4.229s] INFO:colcon.colcon_ros.task.ament_cmake.build:Building ROS package in '/home/weiwei/Desktop/project/ObsAvoidance/src/interface' with build type 'ament_cmake'
[4.229s] INFO:colcon.colcon_cmake.task.cmake.build:Building CMake package in '/home/weiwei/Desktop/project/ObsAvoidance/src/interface'
[4.292s] INFO:colcon.colcon_core.plugin_system:Skipping extension 'colcon_core.shell.bat': Not used on non-Windows systems
[4.292s] INFO:colcon.colcon_core.shell:Skip shell extension 'powershell' for command environment: Not usable outside of PowerShell
[4.292s] DEBUG:colcon.colcon_core.shell:Skip shell extension 'dsv' for command environment
[4.418s] DEBUG:colcon.colcon_core.event_handler.log_command:Invoking command in '/home/weiwei/Desktop/project/ObsAvoidance/build/interface': CMAKE_PREFIX_PATH=/opt/ros/foxy /usr/bin/cmake --build /home/weiwei/Desktop/project/ObsAvoidance/build/interface -- -j16 -l16
[7.839s] DEBUG:colcon.colcon_core.event_handler.log_command:Invoked command in '/home/weiwei/Desktop/project/ObsAvoidance/build/interface' returned '0': CMAKE_PREFIX_PATH=/opt/ros/foxy /usr/bin/cmake --build /home/weiwei/Desktop/project/ObsAvoidance/build/interface -- -j16 -l16
[7.907s] DEBUG:colcon.colcon_core.event_handler.log_command:Invoking command in '/home/weiwei/Desktop/project/ObsAvoidance/build/interface': CMAKE_PREFIX_PATH=/opt/ros/foxy /usr/bin/cmake --install /home/weiwei/Desktop/project/ObsAvoidance/build/interface
[7.950s] Level 1:colcon.colcon_core.environment:create_environment_scripts_only(interface)
[7.951s] DEBUG:colcon.colcon_core.event_handler.log_command:Invoked command in '/home/weiwei/Desktop/project/ObsAvoidance/build/interface' returned '0': CMAKE_PREFIX_PATH=/opt/ros/foxy /usr/bin/cmake --install /home/weiwei/Desktop/project/ObsAvoidance/build/interface
[8.015s] Level 1:colcon.colcon_core.environment:checking '/home/weiwei/Desktop/project/ObsAvoidance/install/interface' for CMake module files
[8.016s] Level 1:colcon.colcon_core.environment:checking '/home/weiwei/Desktop/project/ObsAvoidance/install/interface' for CMake config files
[8.016s] Level 1:colcon.colcon_core.shell:create_environment_hook('interface', 'cmake_prefix_path')
[8.078s] INFO:colcon.colcon_core.shell:Creating environment hook '/home/weiwei/Desktop/project/ObsAvoidance/install/interface/share/interface/hook/cmake_prefix_path.ps1'
[8.079s] INFO:colcon.colcon_core.shell:Creating environment descriptor '/home/weiwei/Desktop/project/ObsAvoidance/install/interface/share/interface/hook/cmake_prefix_path.dsv'
[8.079s] INFO:colcon.colcon_core.shell:Creating environment hook '/home/weiwei/Desktop/project/ObsAvoidance/install/interface/share/interface/hook/cmake_prefix_path.sh'
[8.080s] Level 1:colcon.colcon_core.environment:checking '/home/weiwei/Desktop/project/ObsAvoidance/install/interface/lib'
[8.080s] Level 1:colcon.colcon_core.shell:create_environment_hook('interface', 'ld_library_path_lib')
[8.143s] INFO:colcon.colcon_core.shell:Creating environment hook '/home/weiwei/Desktop/project/ObsAvoidance/install/interface/share/interface/hook/ld_library_path_lib.ps1'
[8.143s] INFO:colcon.colcon_core.shell:Creating environment descriptor '/home/weiwei/Desktop/project/ObsAvoidance/install/interface/share/interface/hook/ld_library_path_lib.dsv'
[8.143s] INFO:colcon.colcon_core.shell:Creating environment hook '/home/weiwei/Desktop/project/ObsAvoidance/install/interface/share/interface/hook/ld_library_path_lib.sh'
[8.143s] Level 1:colcon.colcon_core.environment:checking '/home/weiwei/Desktop/project/ObsAvoidance/install/interface/bin'
[8.143s] Level 1:colcon.colcon_core.environment:checking '/home/weiwei/Desktop/project/ObsAvoidance/install/interface/lib/pkgconfig/interface.pc'
[8.144s] Level 1:colcon.colcon_core.environment:checking '/home/weiwei/Desktop/project/ObsAvoidance/install/interface/lib/python3.8/site-packages'
[8.144s] Level 1:colcon.colcon_core.shell:create_environment_hook('interface', 'pythonpath')
[8.205s] INFO:colcon.colcon_core.shell:Creating environment hook '/home/weiwei/Desktop/project/ObsAvoidance/install/interface/share/interface/hook/pythonpath.ps1'
[8.206s] INFO:colcon.colcon_core.shell:Creating environment descriptor '/home/weiwei/Desktop/project/ObsAvoidance/install/interface/share/interface/hook/pythonpath.dsv'
[8.206s] INFO:colcon.colcon_core.shell:Creating environment hook '/home/weiwei/Desktop/project/ObsAvoidance/install/interface/share/interface/hook/pythonpath.sh'
[8.206s] Level 1:colcon.colcon_core.environment:checking '/home/weiwei/Desktop/project/ObsAvoidance/install/interface/bin'
[8.269s] INFO:colcon.colcon_core.shell:Creating package script '/home/weiwei/Desktop/project/ObsAvoidance/install/interface/share/interface/package.ps1'
[8.270s] INFO:colcon.colcon_core.shell:Creating package descriptor '/home/weiwei/Desktop/project/ObsAvoidance/install/interface/share/interface/package.dsv'
[8.270s] INFO:colcon.colcon_core.shell:Creating package script '/home/weiwei/Desktop/project/ObsAvoidance/install/interface/share/interface/package.sh'
[8.270s] INFO:colcon.colcon_core.shell:Creating package script '/home/weiwei/Desktop/project/ObsAvoidance/install/interface/share/interface/package.bash'
[8.271s] INFO:colcon.colcon_core.shell:Creating package script '/home/weiwei/Desktop/project/ObsAvoidance/install/interface/share/interface/package.zsh'
[8.271s] Level 1:colcon.colcon_core.environment:create_file_with_runtime_dependencies(/home/weiwei/Desktop/project/ObsAvoidance/install/interface/share/colcon-core/packages/interface)
[8.394s] Level 1:colcon.colcon_core.environment:create_environment_scripts_only(interface)
[8.460s] Level 1:colcon.colcon_core.environment:checking '/home/weiwei/Desktop/project/ObsAvoidance/install/interface' for CMake module files
[8.460s] Level 1:colcon.colcon_core.environment:checking '/home/weiwei/Desktop/project/ObsAvoidance/install/interface' for CMake config files
[8.460s] Level 1:colcon.colcon_core.shell:create_environment_hook('interface', 'cmake_prefix_path')
[8.527s] INFO:colcon.colcon_core.shell:Creating environment hook '/home/weiwei/Desktop/project/ObsAvoidance/install/interface/share/interface/hook/cmake_prefix_path.ps1'
[8.528s] INFO:colcon.colcon_core.shell:Creating environment descriptor '/home/weiwei/Desktop/project/ObsAvoidance/install/interface/share/interface/hook/cmake_prefix_path.dsv'
[8.528s] INFO:colcon.colcon_core.shell:Creating environment hook '/home/weiwei/Desktop/project/ObsAvoidance/install/interface/share/interface/hook/cmake_prefix_path.sh'
[8.528s] Level 1:colcon.colcon_core.environment:checking '/home/weiwei/Desktop/project/ObsAvoidance/install/interface/lib'
[8.528s] Level 1:colcon.colcon_core.shell:create_environment_hook('interface', 'ld_library_path_lib')
[8.593s] INFO:colcon.colcon_core.shell:Creating environment hook '/home/weiwei/Desktop/project/ObsAvoidance/install/interface/share/interface/hook/ld_library_path_lib.ps1'
[8.594s] INFO:colcon.colcon_core.shell:Creating environment descriptor '/home/weiwei/Desktop/project/ObsAvoidance/install/interface/share/interface/hook/ld_library_path_lib.dsv'
[8.594s] INFO:colcon.colcon_core.shell:Creating environment hook '/home/weiwei/Desktop/project/ObsAvoidance/install/interface/share/interface/hook/ld_library_path_lib.sh'
[8.594s] Level 1:colcon.colcon_core.environment:checking '/home/weiwei/Desktop/project/ObsAvoidance/install/interface/bin'
[8.594s] Level 1:colcon.colcon_core.environment:checking '/home/weiwei/Desktop/project/ObsAvoidance/install/interface/lib/pkgconfig/interface.pc'
[8.594s] Level 1:colcon.colcon_core.environment:checking '/home/weiwei/Desktop/project/ObsAvoidance/install/interface/lib/python3.8/site-packages'
[8.594s] Level 1:colcon.colcon_core.shell:create_environment_hook('interface', 'pythonpath')
[8.661s] INFO:colcon.colcon_core.shell:Creating environment hook '/home/weiwei/Desktop/project/ObsAvoidance/install/interface/share/interface/hook/pythonpath.ps1'
[8.661s] INFO:colcon.colcon_core.shell:Creating environment descriptor '/home/weiwei/Desktop/project/ObsAvoidance/install/interface/share/interface/hook/pythonpath.dsv'
[8.661s] INFO:colcon.colcon_core.shell:Creating environment hook '/home/weiwei/Desktop/project/ObsAvoidance/install/interface/share/interface/hook/pythonpath.sh'
[8.662s] Level 1:colcon.colcon_core.environment:checking '/home/weiwei/Desktop/project/ObsAvoidance/install/interface/bin'
[8.732s] INFO:colcon.colcon_core.shell:Creating package script '/home/weiwei/Desktop/project/ObsAvoidance/install/interface/share/interface/package.ps1'
[8.732s] INFO:colcon.colcon_core.shell:Creating package descriptor '/home/weiwei/Desktop/project/ObsAvoidance/install/interface/share/interface/package.dsv'
[8.732s] INFO:colcon.colcon_core.shell:Creating package script '/home/weiwei/Desktop/project/ObsAvoidance/install/interface/share/interface/package.sh'
[8.733s] INFO:colcon.colcon_core.shell:Creating package script '/home/weiwei/Desktop/project/ObsAvoidance/install/interface/share/interface/package.bash'
[8.733s] INFO:colcon.colcon_core.shell:Creating package script '/home/weiwei/Desktop/project/ObsAvoidance/install/interface/share/interface/package.zsh'
[8.733s] Level 1:colcon.colcon_core.environment:create_file_with_runtime_dependencies(/home/weiwei/Desktop/project/ObsAvoidance/install/interface/share/colcon-core/packages/interface)
[8.733s] DEBUG:colcon.colcon_parallel_executor.executor.parallel:closing loop
[8.734s] DEBUG:colcon.colcon_parallel_executor.executor.parallel:loop closed
[8.734s] DEBUG:colcon.colcon_parallel_executor.executor.parallel:run_until_complete finished with '0'
[8.734s] DEBUG:colcon.colcon_core.event_reactor:joining thread
[8.799s] INFO:colcon.colcon_core.plugin_system:Skipping extension 'colcon_notification.desktop_notification.terminal_notifier': Not used on non-Darwin systems
[8.799s] INFO:colcon.colcon_core.plugin_system:Skipping extension 'colcon_notification.desktop_notification.win32': Not used on non-Windows systems
[8.799s] INFO:colcon.colcon_notification.desktop_notification:Sending desktop notification using 'notify2'
[8.808s] DEBUG:colcon.colcon_core.event_reactor:joined thread
[8.866s] INFO:colcon.colcon_core.shell:Creating prefix script '/home/weiwei/Desktop/project/ObsAvoidance/install/local_setup.ps1'
[8.867s] INFO:colcon.colcon_core.shell:Creating prefix util module '/home/weiwei/Desktop/project/ObsAvoidance/install/_local_setup_util_ps1.py'
[8.867s] INFO:colcon.colcon_core.shell:Creating prefix chain script '/home/weiwei/Desktop/project/ObsAvoidance/install/setup.ps1'
[8.927s] INFO:colcon.colcon_core.shell:Creating prefix script '/home/weiwei/Desktop/project/ObsAvoidance/install/local_setup.sh'
[8.927s] INFO:colcon.colcon_core.shell:Creating prefix util module '/home/weiwei/Desktop/project/ObsAvoidance/install/_local_setup_util_sh.py'
[8.927s] INFO:colcon.colcon_core.shell:Creating prefix chain script '/home/weiwei/Desktop/project/ObsAvoidance/install/setup.sh'
[9.003s] INFO:colcon.colcon_core.shell:Creating prefix script '/home/weiwei/Desktop/project/ObsAvoidance/install/local_setup.bash'
[9.004s] INFO:colcon.colcon_core.shell:Creating prefix chain script '/home/weiwei/Desktop/project/ObsAvoidance/install/setup.bash'
[9.067s] INFO:colcon.colcon_core.shell:Creating prefix script '/home/weiwei/Desktop/project/ObsAvoidance/install/local_setup.zsh'
[9.067s] INFO:colcon.colcon_core.shell:Creating prefix chain script '/home/weiwei/Desktop/project/ObsAvoidance/install/setup.zsh'
