[0.098s] Invoking command in '/home/weiwei/Desktop/project/ObsAvoidance/build/model': CMAKE_PREFIX_PATH=/home/weiwei/Desktop/project/ObsAvoidance/install/interface:/home/weiwei/Desktop/project/ObsAvoidance/install/orbslam:/home/weiwei/Desktop/project/ObsAvoidance/install/model:/home/weiwei/Desktop/project/ObsAvoidance/install/media:/opt/ros/foxy /usr/bin/cmake --build /home/weiwei/Desktop/project/ObsAvoidance/build/model -- -j16 -l16
[0.136s] [35m[1mScanning dependencies of target model[0m
[0.187s] [ 33%] [32mBuilding CXX object CMakeFiles/model.dir/src/model.cpp.o[0m
[5.725s] [01m[K/home/weiwei/Desktop/project/ObsAvoidance/src/model/src/model.cpp:[m[K In member function ‘[01m[Kbool ModelNode::Model()[m[K’:
[5.725s] [01m[K/home/weiwei/Desktop/project/ObsAvoidance/src/model/src/model.cpp:256:19:[m[K [01;35m[Kwarning: [m[Kcomparison of integer expressions of different signedness: ‘[01m[Kint[m[K’ and ‘[01m[Kstd::vector<cv::Vec<int, 4> >::size_type[m[K’ {aka ‘[01m[Klong unsigned int[m[K’} [[01;35m[K-Wsign-compare[m[K]
[5.725s]   256 |     for (int i=0;[01;35m[Ki<tempLines.size()[m[K;i++)
[5.725s]       |                  [01;35m[K~^~~~~~~~~~~~~~~~~[m[K
[5.726s] [01m[K/home/weiwei/Desktop/project/ObsAvoidance/src/model/src/model.cpp:260:45:[m[K [01;35m[Kwarning: [m[Kcomparison of constant ‘[01m[K255[m[K’ with boolean expression is always true [[01;35m[K-Wbool-compare[m[K]
[5.726s]   260 |         if ([01;35m[Kmask_dilate.at<bool>(x1_i, y1_i)!=255[m[K || mask_dilate.at<bool>(x2_i, y2_i)!=255)
[5.726s]       |             [01;35m[K~~~~~~~~~~~~~~~~~~~~~~~~~~~~~~~~^~~~~[m[K
[5.726s] [01m[K/home/weiwei/Desktop/project/ObsAvoidance/src/model/src/model.cpp:260:86:[m[K [01;35m[Kwarning: [m[Kcomparison of constant ‘[01m[K255[m[K’ with boolean expression is always true [[01;35m[K-Wbool-compare[m[K]
[5.726s]   260 |         if (mask_dilate.at<bool>(x1_i, y1_i)!=255 || [01;35m[Kmask_dilate.at<bool>(x2_i, y2_i)!=255[m[K)
[5.726s]       |                                                      [01;35m[K~~~~~~~~~~~~~~~~~~~~~~~~~~~~~~~~^~~~~[m[K
[5.730s] [01m[K/home/weiwei/Desktop/project/ObsAvoidance/src/model/src/model.cpp:274:69:[m[K [01;35m[Kwarning: [m[Kcomparison of constant ‘[01m[K255[m[K’ with boolean expression is always false [[01;35m[K-Wbool-compare[m[K]
[5.730s]   274 |         if ([01;35m[Kmask.at<bool>((int)flag_point.x(), (int)flag_point.y()) == 255[m[K)
[5.730s]       |             [01;35m[K~~~~~~~~~~~~~~~~~~~~~~~~~~~~~~~~~~~~~~~~~~~~~~~~~~~~~~~~^~~~~~[m[K
[5.738s] [01m[K/home/weiwei/Desktop/project/ObsAvoidance/src/model/src/model.cpp:326:20:[m[K [01;35m[Kwarning: [m[Kcomparison of integer expressions of different signedness: ‘[01m[Kint[m[K’ and ‘[01m[Kstd::vector<cv::Vec<float, 3> >::size_type[m[K’ {aka ‘[01m[Klong unsigned int[m[K’} [[01;35m[K-Wsign-compare[m[K]
[5.738s]   326 |     if ([01;35m[KtempSizeSum!=circles_.size()*4[m[K||tempSizeSum!=vecs_norm.size()*4||tempSizeSum!=vecs_direction.size()*4||tempSizeSum!=transforms_curToInit.size()*4)
[5.738s]       |         [01;35m[K~~~~~~~~~~~^~~~~~~~~~~~~~~~~~~[m[K
[5.738s] [01m[K/home/weiwei/Desktop/project/ObsAvoidance/src/model/src/model.cpp:326:52:[m[K [01;35m[Kwarning: [m[Kcomparison of integer expressions of different signedness: ‘[01m[Kint[m[K’ and ‘[01m[Kstd::vector<Eigen::Matrix<double, 3, 1> >::size_type[m[K’ {aka ‘[01m[Klong unsigned int[m[K’} [[01;35m[K-Wsign-compare[m[K]
[5.738s]   326 |     if (tempSizeSum!=circles_.size()*4||[01;35m[KtempSizeSum!=vecs_norm.size()*4[m[K||tempSizeSum!=vecs_direction.size()*4||tempSizeSum!=transforms_curToInit.size()*4)
[5.738s]       |                                         [01;35m[K~~~~~~~~~~~^~~~~~~~~~~~~~~~~~~~[m[K
[5.738s] [01m[K/home/weiwei/Desktop/project/ObsAvoidance/src/model/src/model.cpp:326:85:[m[K [01;35m[Kwarning: [m[Kcomparison of integer expressions of different signedness: ‘[01m[Kint[m[K’ and ‘[01m[Kstd::vector<Eigen::Matrix<double, 3, 1> >::size_type[m[K’ {aka ‘[01m[Klong unsigned int[m[K’} [[01;35m[K-Wsign-compare[m[K]
[5.738s]   326 |     if (tempSizeSum!=circles_.size()*4||tempSizeSum!=vecs_norm.size()*4||[01;35m[KtempSizeSum!=vecs_direction.size()*4[m[K||tempSizeSum!=transforms_curToInit.size()*4)
[5.738s]       |                                                                          [01;35m[K~~~~~~~~~~~^~~~~~~~~~~~~~~~~~~~~~~~~[m[K
[5.738s] [01m[K/home/weiwei/Desktop/project/ObsAvoidance/src/model/src/model.cpp:326:123:[m[K [01;35m[Kwarning: [m[Kcomparison of integer expressions of different signedness: ‘[01m[Kint[m[K’ and ‘[01m[Kstd::vector<Eigen::Matrix<double, 4, 4> >::size_type[m[K’ {aka ‘[01m[Klong unsigned int[m[K’} [[01;35m[K-Wsign-compare[m[K]
[5.738s]   326 |     if (tempSizeSum!=circles_.size()*4||tempSizeSum!=vecs_norm.size()*4||tempSizeSum!=vecs_direction.size()*4||[01;35m[KtempSizeSum!=transforms_curToInit.size()*4[m[K)
[5.738s]       |                                                                                                                [01;35m[K~~~~~~~~~~~^~~~~~~~~~~~~~~~~~~~~~~~~~~~~~~[m[K
[5.738s] [01m[K/home/weiwei/Desktop/project/ObsAvoidance/src/model/src/model.cpp:331:25:[m[K [01;35m[Kwarning: [m[Kcomparison of integer expressions of different signedness: ‘[01m[Kstd::vector<cv::Vec<float, 3> >::size_type[m[K’ {aka ‘[01m[Klong unsigned int[m[K’} and ‘[01m[Kint[m[K’ [[01;35m[K-Wsign-compare[m[K]
[5.738s]   331 |     if ([01;35m[Kcircles_.size() < circle_size_thresh[m[K)
[5.738s]       |         [01;35m[K~~~~~~~~~~~~~~~~^~~~~~~~~~~~~~~~~~~~[m[K
[5.738s] [01m[K/home/weiwei/Desktop/project/ObsAvoidance/src/model/src/model.cpp:336:19:[m[K [01;35m[Kwarning: [m[Kcomparison of integer expressions of different signedness: ‘[01m[Kint[m[K’ and ‘[01m[Kstd::vector<cv::Vec<float, 3> >::size_type[m[K’ {aka ‘[01m[Klong unsigned int[m[K’} [[01;35m[K-Wsign-compare[m[K]
[5.738s]   336 |     for (int i=0;[01;35m[Ki<circles_.size()[m[K;i++)
[5.738s]       |                  [01;35m[K~^~~~~~~~~~~~~~~~[m[K
[5.759s] [01m[K/home/weiwei/Desktop/project/ObsAvoidance/src/model/src/model.cpp:347:37:[m[K [01;35m[Kwarning: [m[Kcomparison of integer expressions of different signedness: ‘[01m[Kstd::vector<Eigen::Matrix<double, 3, 1> >::size_type[m[K’ {aka ‘[01m[Klong unsigned int[m[K’} and ‘[01m[Kint[m[K’ [[01;35m[K-Wsign-compare[m[K]
[5.760s]   347 |     if ([01;35m[Kglobal_centrePostions.size()<modelThresh[m[K)
[5.760s]       |         [01;35m[K~~~~~~~~~~~~~~~~~~~~~~~~~~~~^~~~~~~~~~~~[m[K
[5.768s] [01m[K/home/weiwei/Desktop/project/ObsAvoidance/src/model/src/model.cpp:[m[K In member function ‘[01m[Kvoid ModelNode::ransacModelParam()[m[K’:
[5.768s] [01m[K/home/weiwei/Desktop/project/ObsAvoidance/src/model/src/model.cpp:424:18:[m[K [01;35m[Kwarning: [m[Kcomparison of integer expressions of different signedness: ‘[01m[Kint[m[K’ and ‘[01m[Kstd::vector<Eigen::Matrix<double, 3, 1> >::size_type[m[K’ {aka ‘[01m[Klong unsigned int[m[K’} [[01;35m[K-Wsign-compare[m[K]
[5.768s]   424 |     for(int n=0;[01;35m[Kn<global_vecs_direction.size()[m[K;n++) {
[5.768s]       |                 [01;35m[K~^~~~~~~~~~~~~~~~~~~~~~~~~~~~~[m[K
[5.810s] [01m[K/home/weiwei/Desktop/project/ObsAvoidance/src/model/src/model.cpp:[m[K In member function ‘[01m[Kbool ModelNode::detectPoseCorrect(Eigen::Vector4d&, cv::Vec3f, cv::Mat&)[m[K’:
[5.810s] [01m[K/home/weiwei/Desktop/project/ObsAvoidance/src/model/src/model.cpp:544:67:[m[K [01;35m[Kwarning: [m[Kcomparison of constant ‘[01m[K255[m[K’ with boolean expression is always true [[01;35m[K-Wbool-compare[m[K]
[5.811s]   544 |     if ([01;35m[Kimg_dilate.at<bool>((int)pixelPoint.x, (int)pixelPoint.y) != 255[m[K)
[5.811s]       |         [01;35m[K~~~~~~~~~~~~~~~~~~~~~~~~~~~~~~~~~~~~~~~~~~~~~~~~~~~~~~~~~~^~~~~~[m[K
[16.679s] [ 66%] [32m[1mLinking CXX executable model[0m
[18.862s] [100%] Built target model
[18.872s] Invoked command in '/home/weiwei/Desktop/project/ObsAvoidance/build/model' returned '0': CMAKE_PREFIX_PATH=/home/weiwei/Desktop/project/ObsAvoidance/install/interface:/home/weiwei/Desktop/project/ObsAvoidance/install/orbslam:/home/weiwei/Desktop/project/ObsAvoidance/install/model:/home/weiwei/Desktop/project/ObsAvoidance/install/media:/opt/ros/foxy /usr/bin/cmake --build /home/weiwei/Desktop/project/ObsAvoidance/build/model -- -j16 -l16
[18.900s] Invoking command in '/home/weiwei/Desktop/project/ObsAvoidance/build/model': CMAKE_PREFIX_PATH=/home/weiwei/Desktop/project/ObsAvoidance/install/interface:/home/weiwei/Desktop/project/ObsAvoidance/install/orbslam:/home/weiwei/Desktop/project/ObsAvoidance/install/model:/home/weiwei/Desktop/project/ObsAvoidance/install/media:/opt/ros/foxy /usr/bin/cmake --install /home/weiwei/Desktop/project/ObsAvoidance/build/model
[18.906s] -- Install configuration: ""
[18.906s] -- Installing: /home/weiwei/Desktop/project/ObsAvoidance/install/model/lib/model/model
[18.913s] -- Set runtime path of "/home/weiwei/Desktop/project/ObsAvoidance/install/model/lib/model/model" to ""
[18.913s] -- Installing: /home/weiwei/Desktop/project/ObsAvoidance/install/model/share/ament_index/resource_index/package_run_dependencies/model
[18.913s] -- Installing: /home/weiwei/Desktop/project/ObsAvoidance/install/model/share/ament_index/resource_index/parent_prefix_path/model
[18.913s] -- Installing: /home/weiwei/Desktop/project/ObsAvoidance/install/model/share/model/environment/ament_prefix_path.sh
[18.913s] -- Installing: /home/weiwei/Desktop/project/ObsAvoidance/install/model/share/model/environment/ament_prefix_path.dsv
[18.913s] -- Installing: /home/weiwei/Desktop/project/ObsAvoidance/install/model/share/model/environment/path.sh
[18.913s] -- Installing: /home/weiwei/Desktop/project/ObsAvoidance/install/model/share/model/environment/path.dsv
[18.913s] -- Installing: /home/weiwei/Desktop/project/ObsAvoidance/install/model/share/model/local_setup.bash
[18.913s] -- Installing: /home/weiwei/Desktop/project/ObsAvoidance/install/model/share/model/local_setup.sh
[18.914s] -- Installing: /home/weiwei/Desktop/project/ObsAvoidance/install/model/share/model/local_setup.zsh
[18.914s] -- Installing: /home/weiwei/Desktop/project/ObsAvoidance/install/model/share/model/local_setup.dsv
[18.914s] -- Installing: /home/weiwei/Desktop/project/ObsAvoidance/install/model/share/model/package.dsv
[18.914s] -- Installing: /home/weiwei/Desktop/project/ObsAvoidance/install/model/share/ament_index/resource_index/packages/model
[18.914s] -- Installing: /home/weiwei/Desktop/project/ObsAvoidance/install/model/share/model/cmake/modelConfig.cmake
[18.914s] -- Installing: /home/weiwei/Desktop/project/ObsAvoidance/install/model/share/model/cmake/modelConfig-version.cmake
[18.914s] -- Installing: /home/weiwei/Desktop/project/ObsAvoidance/install/model/share/model/package.xml
[18.915s] Invoked command in '/home/weiwei/Desktop/project/ObsAvoidance/build/model' returned '0': CMAKE_PREFIX_PATH=/home/weiwei/Desktop/project/ObsAvoidance/install/interface:/home/weiwei/Desktop/project/ObsAvoidance/install/orbslam:/home/weiwei/Desktop/project/ObsAvoidance/install/model:/home/weiwei/Desktop/project/ObsAvoidance/install/media:/opt/ros/foxy /usr/bin/cmake --install /home/weiwei/Desktop/project/ObsAvoidance/build/model
