[0.073s] Invoking command in '/home/weiwei/Desktop/project/ObsAvoidance/build/interface': CMAKE_PREFIX_PATH=/opt/ros/foxy /usr/bin/cmake --build /home/weiwei/Desktop/project/ObsAvoidance/build/interface -- -j16 -l16
[0.089s] -- Found ament_cmake: 0.9.12 (/opt/ros/foxy/share/ament_cmake/cmake)
[0.102s] -- Using PYTHON_EXECUTABLE: /usr/bin/python3
[0.208s] -- Found rclcpp: 2.4.3 (/opt/ros/foxy/share/rclcpp/cmake)
[0.230s] -- Using all available rosidl_typesupport_c: rosidl_typesupport_fastrtps_c;rosidl_typesupport_introspection_c
[0.232s] -- Found rosidl_adapter: 1.3.1 (/opt/ros/foxy/share/rosidl_adapter/cmake)
[0.320s] -- Using all available rosidl_typesupport_cpp: rosidl_typesupport_fastrtps_cpp;rosidl_typesupport_introspection_cpp
[0.353s] -- Found rmw_implementation_cmake: 1.0.4 (/opt/ros/foxy/share/rmw_implementation_cmake/cmake)
[0.353s] -- Using RMW implementation 'rmw_fastrtps_cpp' as default
[0.442s] -- Found sensor_msgs: 2.0.5 (/opt/ros/foxy/share/sensor_msgs/cmake)
[0.510s] -- Found rosidl_default_generators: 1.0.1 (/opt/ros/foxy/share/rosidl_default_generators/cmake)
[0.516s] -- Found ament_lint_auto: 0.9.8 (/opt/ros/foxy/share/ament_lint_auto/cmake)
[0.566s] -- Found PythonInterp: /usr/bin/python3 (found version "3.8.10") 
[0.697s] CMake Error at /opt/ros/foxy/share/rosidl_adapter/cmake/rosidl_adapt_interfaces.cmake:60 (message):
[0.697s]   execute_process(/usr/bin/python3 -m rosidl_adapter --package-name interface
[0.697s]   --arguments-file
[0.697s]   /home/weiwei/Desktop/project/ObsAvoidance/build/interface/rosidl_adapter__arguments__interface.json
[0.697s]   --output-dir
[0.697s]   /home/weiwei/Desktop/project/ObsAvoidance/build/interface/rosidl_adapter/interface
[0.697s]   --output-file
[0.697s]   /home/weiwei/Desktop/project/ObsAvoidance/build/interface/rosidl_adapter/interface.idls)
[0.697s]   returned error code 1:
[0.698s] 
[0.698s]   Error processing 'bool flag_slamInitialized' of
[0.698s]   'interface/SlamInitialized_Response': ''flag_slamInitialized' is an invalid
[0.698s]   field name.  It should have the pattern
[0.698s]   '^(?!.*__)(?!.*_$)[a-z][a-z0-9_]*$''
[0.698s] 
[0.698s]   Traceback (most recent call last):
[0.698s] 
[0.698s]     File "/usr/lib/python3.8/runpy.py", line 194, in _run_module_as_main
[0.698s]       return _run_code(code, main_globals, None,
[0.698s]     File "/usr/lib/python3.8/runpy.py", line 87, in _run_code
[0.698s]       exec(code, run_globals)
[0.698s]     File "/opt/ros/foxy/lib/python3.8/site-packages/rosidl_adapter/__main__.py", line 19, in <module>
[0.698s]       sys.exit(main())
[0.698s]     File "/opt/ros/foxy/lib/python3.8/site-packages/rosidl_adapter/main.py", line 53, in main
[0.698s]       abs_idl_file = convert_to_idl(
[0.698s]     File "/opt/ros/foxy/lib/python3.8/site-packages/rosidl_adapter/__init__.py", line 24, in convert_to_idl
[0.698s]       return convert_srv_to_idl(
[0.698s]     File "/opt/ros/foxy/lib/python3.8/site-packages/rosidl_adapter/srv/__init__.py", line 28, in convert_srv_to_idl
[0.698s]       srv = parse_service_string(package_name, input_file.stem, content)
[0.698s]     File "/opt/ros/foxy/lib/python3.8/site-packages/rosidl_adapter/parser.py", line 856, in parse_service_string
[0.698s]       response_message = parse_message_string(
[0.698s]     File "/opt/ros/foxy/lib/python3.8/site-packages/rosidl_adapter/parser.py", line 515, in parse_message_string
[0.698s]       fields.append(Field(
[0.698s]     File "/opt/ros/foxy/lib/python3.8/site-packages/rosidl_adapter/parser.py", line 353, in __init__
[0.698s]       raise NameError(
[0.698s] 
[0.698s]   NameError: 'flag_slamInitialized' is an invalid field name.  It should have
[0.698s]   the pattern '^(?!.*__)(?!.*_$)[a-z][a-z0-9_]*$'
[0.699s] 
[0.699s] Call Stack (most recent call first):
[0.699s]   /opt/ros/foxy/share/rosidl_cmake/cmake/rosidl_generate_interfaces.cmake:130 (rosidl_adapt_interfaces)
[0.699s]   CMakeLists.txt:40 (rosidl_generate_interfaces)
[0.699s] 
[0.699s] 
[0.699s] -- Configuring incomplete, errors occurred!
[0.699s] See also "/home/weiwei/Desktop/project/ObsAvoidance/build/interface/CMakeFiles/CMakeOutput.log".
[0.699s] See also "/home/weiwei/Desktop/project/ObsAvoidance/build/interface/CMakeFiles/CMakeError.log".
[0.702s] make: *** [Makefile:748：cmake_check_build_system] 错误 1
[0.704s] Invoked command in '/home/weiwei/Desktop/project/ObsAvoidance/build/interface' returned '2': CMAKE_PREFIX_PATH=/opt/ros/foxy /usr/bin/cmake --build /home/weiwei/Desktop/project/ObsAvoidance/build/interface -- -j16 -l16
