[0.078s] Invoking command in '/home/weiwei/Desktop/project/ObsAvoidance/build/model': AMENT_PREFIX_PATH=/home/weiwei/Desktop/project/ObsAvoidance/install/interface:${AMENT_PREFIX_PATH} CMAKE_PREFIX_PATH=/home/weiwei/Desktop/project/ObsAvoidance/install/interface:/opt/ros/foxy LD_LIBRARY_PATH=/home/weiwei/Desktop/project/ObsAvoidance/install/interface/lib:${LD_LIBRARY_PATH} PYTHONPATH=/home/weiwei/Desktop/project/ObsAvoidance/install/interface/lib/python3.8/site-packages:${PYTHONPATH} /usr/bin/cmake --build /home/weiwei/Desktop/project/ObsAvoidance/build/model -- -j16 -l16
[0.139s] [35m[1mScanning dependencies of target model[0m
[0.203s] [ 66%] [32mBuilding CXX object CMakeFiles/model.dir/src/model.cpp.o[0m
[0.203s] [ 66%] [32mBuilding CXX object CMakeFiles/model.dir/src/main.cpp.o[0m
[6.146s] [01m[K/home/weiwei/Desktop/project/ObsAvoidance/src/model/src/model.cpp:[m[K In member function ‘[01m[Kbool ModelNode::selectCircle(cv::Vec3f&, std::vector<cv::Vec<float, 3> >, cv::Mat&)[m[K’:
[6.146s] [01m[K/home/weiwei/Desktop/project/ObsAvoidance/src/model/src/model.cpp:202:21:[m[K [01;35m[Kwarning: [m[Kcomparison of integer expressions of different signedness: ‘[01m[Kint[m[K’ and ‘[01m[Kstd::vector<cv::Vec<float, 3> >::size_type[m[K’ {aka ‘[01m[Klong unsigned int[m[K’} [[01;35m[K-Wsign-compare[m[K]
[6.146s]   202 |     for (int i = 0;[01;35m[Ki<temp_circles.size()[m[K;i++)
[6.146s]       |                    [01;35m[K~^~~~~~~~~~~~~~~~~~~~[m[K
[6.146s] [01m[K/home/weiwei/Desktop/project/ObsAvoidance/src/model/src/model.cpp:215:45:[m[K [01;35m[Kwarning: [m[Kcomparison of constant ‘[01m[K255[m[K’ with boolean expression is always false [[01;35m[K-Wbool-compare[m[K]
[6.146s]   215 |             if ([01;35m[Kmask.at<bool>(pointInCircle)==255[m[K||mask.at<bool>(pointOutCircle)!=255)
[6.146s]       |                 [01;35m[K~~~~~~~~~~~~~~~~~~~~~~~~~~~~^~~~~[m[K
[6.146s] [01m[K/home/weiwei/Desktop/project/ObsAvoidance/src/model/src/model.cpp:215:81:[m[K [01;35m[Kwarning: [m[Kcomparison of constant ‘[01m[K255[m[K’ with boolean expression is always true [[01;35m[K-Wbool-compare[m[K]
[6.146s]   215 |             if (mask.at<bool>(pointInCircle)==255||[01;35m[Kmask.at<bool>(pointOutCircle)!=255[m[K)
[6.146s]       |                                                    [01;35m[K~~~~~~~~~~~~~~~~~~~~~~~~~~~~~^~~~~[m[K
[6.149s] [01m[K/home/weiwei/Desktop/project/ObsAvoidance/src/model/src/model.cpp:[m[K In member function ‘[01m[Kbool ModelNode::selectLine(cv::Mat, std::vector<cv::Vec<int, 4> >, cv::Vec4i&, cv::Vec3f)[m[K’:
[6.149s] [01m[K/home/weiwei/Desktop/project/ObsAvoidance/src/model/src/model.cpp:244:19:[m[K [01;35m[Kwarning: [m[Kcomparison of integer expressions of different signedness: ‘[01m[Kint[m[K’ and ‘[01m[Kstd::vector<cv::Vec<int, 4> >::size_type[m[K’ {aka ‘[01m[Klong unsigned int[m[K’} [[01;35m[K-Wsign-compare[m[K]
[6.149s]   244 |     for (int i=0;[01;35m[Ki<tempLines.size()[m[K;i++)
[6.149s]       |                  [01;35m[K~^~~~~~~~~~~~~~~~~[m[K
[6.150s] [01m[K/home/weiwei/Desktop/project/ObsAvoidance/src/model/src/model.cpp:269:42:[m[K [01;35m[Kwarning: [m[Kcomparison of constant ‘[01m[K255[m[K’ with boolean expression is always false [[01;35m[K-Wbool-compare[m[K]
[6.150s]   269 |         if ([01;35m[Kimg_erode.at<bool>(endPoint1)==255[m[K || img_erode.at<bool>(endPoint2)==255 || img_erode.at<bool>(midPoint)==255)
[6.150s]       |             [01;35m[K~~~~~~~~~~~~~~~~~~~~~~~~~~~~~^~~~~[m[K
[6.150s] [01m[K/home/weiwei/Desktop/project/ObsAvoidance/src/model/src/model.cpp:269:80:[m[K [01;35m[Kwarning: [m[Kcomparison of constant ‘[01m[K255[m[K’ with boolean expression is always false [[01;35m[K-Wbool-compare[m[K]
[6.151s]   269 |         if (img_erode.at<bool>(endPoint1)==255 || [01;35m[Kimg_erode.at<bool>(endPoint2)==255[m[K || img_erode.at<bool>(midPoint)==255)
[6.151s]       |                                                   [01;35m[K~~~~~~~~~~~~~~~~~~~~~~~~~~~~~^~~~~[m[K
[6.151s] [01m[K/home/weiwei/Desktop/project/ObsAvoidance/src/model/src/model.cpp:269:117:[m[K [01;35m[Kwarning: [m[Kcomparison of constant ‘[01m[K255[m[K’ with boolean expression is always false [[01;35m[K-Wbool-compare[m[K]
[6.151s]   269 |         if (img_erode.at<bool>(endPoint1)==255 || img_erode.at<bool>(endPoint2)==255 || [01;35m[Kimg_erode.at<bool>(midPoint)==255[m[K)
[6.151s]       |                                                                                         [01;35m[K~~~~~~~~~~~~~~~~~~~~~~~~~~~~^~~~~[m[K
[6.151s] [01m[K/home/weiwei/Desktop/project/ObsAvoidance/src/model/src/model.cpp:273:44:[m[K [01;35m[Kwarning: [m[Kcomparison of constant ‘[01m[K255[m[K’ with boolean expression is always true [[01;35m[K-Wbool-compare[m[K]
[6.151s]   273 |         if ([01;35m[Kimg_erode.at<bool>(flag_point1)!=255[m[K || img_erode.at<bool>(flag_point2)!=255)
[6.151s]       |             [01;35m[K~~~~~~~~~~~~~~~~~~~~~~~~~~~~~~~^~~~~[m[K
[6.151s] [01m[K/home/weiwei/Desktop/project/ObsAvoidance/src/model/src/model.cpp:273:84:[m[K [01;35m[Kwarning: [m[Kcomparison of constant ‘[01m[K255[m[K’ with boolean expression is always true [[01;35m[K-Wbool-compare[m[K]
[6.151s]   273 |         if (img_erode.at<bool>(flag_point1)!=255 || [01;35m[Kimg_erode.at<bool>(flag_point2)!=255[m[K)
[6.151s]       |                                                     [01;35m[K~~~~~~~~~~~~~~~~~~~~~~~~~~~~~~~^~~~~[m[K
[6.151s] [01m[K/home/weiwei/Desktop/project/ObsAvoidance/src/model/src/model.cpp:[m[K In member function ‘[01m[Kvoid ModelNode::calModelParam(cv::Vec3f, cv::Vec4i, Eigen::Vector4d, Eigen::Vector3d&, Eigen::Vector3d&, Eigen::Vector3d&)[m[K’:
[6.151s] [01m[K/home/weiwei/Desktop/project/ObsAvoidance/src/model/src/model.cpp:311:21:[m[K [01;31m[Kerror: [m[Kdeclaration of ‘[01m[KEigen::Vector3d circleCentre[m[K’ shadows a parameter
[6.151s]   311 |     Eigen::Vector3d [01;31m[KcircleCentre[m[K,endPoint1,endPoint2;
[6.151s]       |                     [01;31m[K^~~~~~~~~~~~[m[K
[6.218s] [01m[K/home/weiwei/Desktop/project/ObsAvoidance/src/model/src/model.cpp:309:96:[m[K [01;35m[Kwarning: [m[Kunused parameter ‘[01m[KcircleCentre[m[K’ [[01;35m[K-Wunused-parameter[m[K]
[6.218s]   309 |                 Eigen::Vector3d &planeNormalVec,Eigen::Vector3d &verticalVec, [01;35m[KEigen::Vector3d &circleCentre[m[K)
[6.218s]       |                                                                               [01;35m[K~~~~~~~~~~~~~~~~~^~~~~~~~~~~~[m[K
[6.218s] [01m[K/home/weiwei/Desktop/project/ObsAvoidance/src/model/src/model.cpp:[m[K In member function ‘[01m[Kbool ModelNode::Model()[m[K’:
[6.218s] [01m[K/home/weiwei/Desktop/project/ObsAvoidance/src/model/src/model.cpp:345:20:[m[K [01;35m[Kwarning: [m[Kcomparison of integer expressions of different signedness: ‘[01m[Kint[m[K’ and ‘[01m[Kstd::vector<cv::Vec<float, 3> >::size_type[m[K’ {aka ‘[01m[Klong unsigned int[m[K’} [[01;35m[K-Wsign-compare[m[K]
[6.218s]   345 |     for (int i =0;[01;35m[Ki<temp_circles.size()[m[K;i++)
[6.218s]       |                   [01;35m[K~^~~~~~~~~~~~~~~~~~~~[m[K
[6.220s] [01m[K/home/weiwei/Desktop/project/ObsAvoidance/src/model/src/model.cpp:392:38:[m[K [01;35m[Kwarning: [m[Kcomparison of integer expressions of different signedness: ‘[01m[Kstd::vector<Eigen::Matrix<double, 3, 1> >::size_type[m[K’ {aka ‘[01m[Klong unsigned int[m[K’} and ‘[01m[Kint[m[K’ [[01;35m[K-Wsign-compare[m[K]
[6.220s]   392 |     if ([01;35m[Kglobal_centrePostions.size() < modelThresh[m[K)
[6.220s]       |         [01;35m[K~~~~~~~~~~~~~~~~~~~~~~~~~~~~~^~~~~~~~~~~~~[m[K
[6.229s] [01m[K/home/weiwei/Desktop/project/ObsAvoidance/src/model/src/model.cpp:[m[K In member function ‘[01m[Kvoid ModelNode::ransacModelParam()[m[K’:
[6.229s] [01m[K/home/weiwei/Desktop/project/ObsAvoidance/src/model/src/model.cpp:464:18:[m[K [01;35m[Kwarning: [m[Kcomparison of integer expressions of different signedness: ‘[01m[Kint[m[K’ and ‘[01m[Kstd::vector<Eigen::Matrix<double, 3, 1> >::size_type[m[K’ {aka ‘[01m[Klong unsigned int[m[K’} [[01;35m[K-Wsign-compare[m[K]
[6.229s]   464 |     for(int n=0;[01;35m[Kn<global_vecs_direction.size()[m[K;n++) {
[6.229s]       |                 [01;35m[K~^~~~~~~~~~~~~~~~~~~~~~~~~~~~~[m[K
[6.262s] [01m[K/home/weiwei/Desktop/project/ObsAvoidance/src/model/src/model.cpp:[m[K In member function ‘[01m[Kbool ModelNode::detectPoseCorrect(Eigen::Vector4d&, cv::Mat, cv::Mat&)[m[K’:
[6.262s] [01m[K/home/weiwei/Desktop/project/ObsAvoidance/src/model/src/model.cpp:567:70:[m[K [01;35m[Kwarning: [m[Kcomparison of constant ‘[01m[K255[m[K’ with boolean expression is always true [[01;35m[K-Wbool-compare[m[K]
[6.262s]   567 |         if ([01;35m[Kimg_erode.at<bool>((int)pixelPoint.x, (int)pixelPoint.y) != 255[m[K) continue;
[6.262s]       |             [01;35m[K~~~~~~~~~~~~~~~~~~~~~~~~~~~~~~~~~~~~~~~~~~~~~~~~~~~~~~~~~^~~~~~[m[K
[12.013s] make[2]: *** [CMakeFiles/model.dir/build.make:76：CMakeFiles/model.dir/src/model.cpp.o] 错误 1
[12.013s] make[1]: *** [CMakeFiles/Makefile2:105：CMakeFiles/model.dir/all] 错误 2
[12.013s] make: *** [Makefile:141：all] 错误 2
[12.015s] Invoked command in '/home/weiwei/Desktop/project/ObsAvoidance/build/model' returned '2': AMENT_PREFIX_PATH=/home/weiwei/Desktop/project/ObsAvoidance/install/interface:${AMENT_PREFIX_PATH} CMAKE_PREFIX_PATH=/home/weiwei/Desktop/project/ObsAvoidance/install/interface:/opt/ros/foxy LD_LIBRARY_PATH=/home/weiwei/Desktop/project/ObsAvoidance/install/interface/lib:${LD_LIBRARY_PATH} PYTHONPATH=/home/weiwei/Desktop/project/ObsAvoidance/install/interface/lib/python3.8/site-packages:${PYTHONPATH} /usr/bin/cmake --build /home/weiwei/Desktop/project/ObsAvoidance/build/model -- -j16 -l16
