[0.229s] Invoking command in '/home/weiwei/Desktop/project/ObsAvoidance/build/interface': CMAKE_PREFIX_PATH=/opt/ros/foxy /usr/bin/cmake --build /home/weiwei/Desktop/project/ObsAvoidance/build/interface -- -j16 -l16
[0.307s] -- Found ament_cmake: 0.9.12 (/opt/ros/foxy/share/ament_cmake/cmake)
[0.329s] -- Found PythonInterp: /usr/bin/python3 (found suitable version "3.8.10", minimum required is "3") 
[0.330s] -- Using PYTHON_EXECUTABLE: /usr/bin/python3
[0.496s] -- Found rclcpp: 2.4.3 (/opt/ros/foxy/share/rclcpp/cmake)
[0.531s] -- Using all available rosidl_typesupport_c: rosidl_typesupport_fastrtps_c;rosidl_typesupport_introspection_c
[0.534s] -- Found rosidl_adapter: 1.3.1 (/opt/ros/foxy/share/rosidl_adapter/cmake)
[0.642s] -- Using all available rosidl_typesupport_cpp: rosidl_typesupport_fastrtps_cpp;rosidl_typesupport_introspection_cpp
[0.683s] -- Found rmw_implementation_cmake: 1.0.4 (/opt/ros/foxy/share/rmw_implementation_cmake/cmake)
[0.684s] -- Using RMW implementation 'rmw_fastrtps_cpp' as default
[0.786s] -- Found sensor_msgs: 2.0.5 (/opt/ros/foxy/share/sensor_msgs/cmake)
[0.864s] -- Found rosidl_default_generators: 1.0.1 (/opt/ros/foxy/share/rosidl_default_generators/cmake)
[0.872s] -- Found ament_lint_auto: 0.9.8 (/opt/ros/foxy/share/ament_lint_auto/cmake)
[0.934s] -- Found PythonInterp: /usr/bin/python3 (found version "3.8.10") 
[1.042s] -- Found ament_cmake_ros: 0.9.2 (/opt/ros/foxy/share/ament_cmake_ros/cmake)
[1.241s] -- Using all available rosidl_typesupport_c: rosidl_typesupport_fastrtps_c;rosidl_typesupport_introspection_c
[1.338s] -- Using all available rosidl_typesupport_cpp: rosidl_typesupport_fastrtps_cpp;rosidl_typesupport_introspection_cpp
[1.356s] -- Found PythonInterp: /usr/bin/python3 (found suitable version "3.8.10", minimum required is "3.5") 
[1.357s] -- Found python_cmake_module: 0.8.1 (/opt/ros/foxy/share/python_cmake_module/cmake)
[1.373s] -- Using PYTHON_EXECUTABLE: /usr/bin/python3
[1.374s] -- Using PYTHON_INCLUDE_DIRS: /usr/include/python3.8
[1.374s] -- Using PYTHON_LIBRARIES: /usr/lib/x86_64-linux-gnu/libpython3.8.so
[1.439s] -- Added test 'copyright' to check source files copyright and LICENSE
[1.440s] -- Added test 'lint_cmake' to check CMake code style
[1.441s] -- Added test 'xmllint' to check XML markup files
[1.446s] -- Configuring done
[1.499s] -- Generating done
[1.501s] -- Build files have been written to: /home/weiwei/Desktop/project/ObsAvoidance/build/interface
[1.529s] [  1%] [34m[1mGenerating C code for ROS interfaces[0m
[1.535s] [  3%] [34m[1mGenerating C++ code for ROS interfaces[0m
[1.828s] [  3%] Built target interface__cpp
[1.836s] [  9%] [34m[1mGenerating C++ type support for eProsima Fast-RTPS[0m
[1.836s] [  9%] [34m[1mGenerating C++ introspection for ROS interfaces[0m
[1.836s] [  9%] [34m[1mGenerating C++ type support dispatch for ROS interfaces[0m
[1.836s] [35m[1mScanning dependencies of target interface__rosidl_generator_c[0m
[1.849s] [ 12%] [32mBuilding C object CMakeFiles/interface__rosidl_generator_c.dir/rosidl_generator_c/interface/srv/detail/base_joint_motor_value__functions.c.o[0m
[1.849s] [ 12%] [32mBuilding C object CMakeFiles/interface__rosidl_generator_c.dir/rosidl_generator_c/interface/srv/detail/path_points__functions.c.o[0m
[1.850s] [ 14%] [32mBuilding C object CMakeFiles/interface__rosidl_generator_c.dir/rosidl_generator_c/interface/msg/detail/slam__functions.c.o[0m
[1.850s] [ 16%] [32mBuilding C object CMakeFiles/interface__rosidl_generator_c.dir/rosidl_generator_c/interface/srv/detail/enable_follow__functions.c.o[0m
[1.930s] [ 18%] [32m[1mLinking C shared library libinterface__rosidl_generator_c.so[0m
[1.980s] [ 18%] Built target interface__rosidl_generator_c
[1.988s] [ 21%] [34m[1mGenerating C introspection for ROS interfaces[0m
[1.988s] [ 21%] [34m[1mGenerating C type support dispatch for ROS interfaces[0m
[2.056s] [35m[1mScanning dependencies of target interface__rosidl_typesupport_cpp[0m
[2.066s] [ 25%] [32mBuilding CXX object CMakeFiles/interface__rosidl_typesupport_cpp.dir/rosidl_typesupport_cpp/interface/srv/enable_follow__type_support.cpp.o[0m
[2.066s] [ 25%] [32mBuilding CXX object CMakeFiles/interface__rosidl_typesupport_cpp.dir/rosidl_typesupport_cpp/interface/msg/slam__type_support.cpp.o[0m
[2.067s] [ 27%] [32mBuilding CXX object CMakeFiles/interface__rosidl_typesupport_cpp.dir/rosidl_typesupport_cpp/interface/srv/base_joint_motor_value__type_support.cpp.o[0m
[2.067s] [ 29%] [32mBuilding CXX object CMakeFiles/interface__rosidl_typesupport_cpp.dir/rosidl_typesupport_cpp/interface/srv/path_points__type_support.cpp.o[0m
[2.090s] [35m[1mScanning dependencies of target interface__rosidl_typesupport_introspection_cpp[0m
[2.102s] [ 30%] [32mBuilding CXX object CMakeFiles/interface__rosidl_typesupport_introspection_cpp.dir/rosidl_typesupport_introspection_cpp/interface/msg/detail/slam__type_support.cpp.o[0m
[2.103s] [ 32%] [32mBuilding CXX object CMakeFiles/interface__rosidl_typesupport_introspection_cpp.dir/rosidl_typesupport_introspection_cpp/interface/srv/detail/base_joint_motor_value__type_support.cpp.o[0m
[2.104s] [ 34%] [32mBuilding CXX object CMakeFiles/interface__rosidl_typesupport_introspection_cpp.dir/rosidl_typesupport_introspection_cpp/interface/srv/detail/enable_follow__type_support.cpp.o[0m
[2.104s] [ 36%] [32mBuilding CXX object CMakeFiles/interface__rosidl_typesupport_introspection_cpp.dir/rosidl_typesupport_introspection_cpp/interface/srv/detail/path_points__type_support.cpp.o[0m
[2.183s] [35m[1mScanning dependencies of target interface__rosidl_typesupport_fastrtps_cpp[0m
[2.204s] [ 38%] [32mBuilding CXX object CMakeFiles/interface__rosidl_typesupport_fastrtps_cpp.dir/rosidl_typesupport_fastrtps_cpp/interface/srv/detail/dds_fastrtps/base_joint_motor_value__type_support.cpp.o[0m
[2.204s] [ 40%] [32mBuilding CXX object CMakeFiles/interface__rosidl_typesupport_fastrtps_cpp.dir/rosidl_typesupport_fastrtps_cpp/interface/srv/detail/dds_fastrtps/path_points__type_support.cpp.o[0m
[2.210s] [ 41%] [32mBuilding CXX object CMakeFiles/interface__rosidl_typesupport_fastrtps_cpp.dir/rosidl_typesupport_fastrtps_cpp/interface/msg/detail/dds_fastrtps/slam__type_support.cpp.o[0m
[2.236s] [ 43%] [32mBuilding CXX object CMakeFiles/interface__rosidl_typesupport_fastrtps_cpp.dir/rosidl_typesupport_fastrtps_cpp/interface/srv/detail/dds_fastrtps/enable_follow__type_support.cpp.o[0m
[2.312s] [35m[1mScanning dependencies of target interface__rosidl_typesupport_c[0m
[2.357s] [ 45%] [32mBuilding CXX object CMakeFiles/interface__rosidl_typesupport_c.dir/rosidl_typesupport_c/interface/msg/slam__type_support.cpp.o[0m
[2.363s] [ 47%] [32mBuilding CXX object CMakeFiles/interface__rosidl_typesupport_c.dir/rosidl_typesupport_c/interface/srv/base_joint_motor_value__type_support.cpp.o[0m
[2.363s] [ 49%] [32mBuilding CXX object CMakeFiles/interface__rosidl_typesupport_c.dir/rosidl_typesupport_c/interface/srv/path_points__type_support.cpp.o[0m
[2.397s] [ 50%] [32mBuilding CXX object CMakeFiles/interface__rosidl_typesupport_c.dir/rosidl_typesupport_c/interface/srv/enable_follow__type_support.cpp.o[0m
[2.398s] [ 52%] [32m[1mLinking CXX shared library libinterface__rosidl_typesupport_cpp.so[0m
[2.415s] [35m[1mScanning dependencies of target interface__rosidl_typesupport_introspection_c[0m
[2.430s] [ 54%] [32m[1mLinking CXX shared library libinterface__rosidl_typesupport_c.so[0m
[2.431s] [ 56%] [32mBuilding C object CMakeFiles/interface__rosidl_typesupport_introspection_c.dir/rosidl_typesupport_introspection_c/interface/srv/detail/path_points__type_support.c.o[0m
[2.432s] [ 58%] [32mBuilding C object CMakeFiles/interface__rosidl_typesupport_introspection_c.dir/rosidl_typesupport_introspection_c/interface/msg/detail/slam__type_support.c.o[0m
[2.432s] [ 60%] [32mBuilding C object CMakeFiles/interface__rosidl_typesupport_introspection_c.dir/rosidl_typesupport_introspection_c/interface/srv/detail/base_joint_motor_value__type_support.c.o[0m
[2.439s] [ 61%] [32mBuilding C object CMakeFiles/interface__rosidl_typesupport_introspection_c.dir/rosidl_typesupport_introspection_c/interface/srv/detail/enable_follow__type_support.c.o[0m
[2.446s] [ 61%] Built target interface__rosidl_typesupport_cpp
[2.460s] [ 63%] [32m[1mLinking CXX shared library libinterface__rosidl_typesupport_introspection_cpp.so[0m
[2.471s] [ 65%] [32m[1mLinking C shared library libinterface__rosidl_typesupport_introspection_c.so[0m
[2.475s] [ 65%] Built target interface__rosidl_typesupport_c
[2.496s] [ 65%] Built target interface__rosidl_typesupport_introspection_c
[2.516s] [ 65%] Built target interface__rosidl_typesupport_introspection_cpp
[2.659s] [ 67%] [32m[1mLinking CXX shared library libinterface__rosidl_typesupport_fastrtps_cpp.so[0m
[2.723s] [ 67%] Built target interface__rosidl_typesupport_fastrtps_cpp
[2.732s] [ 69%] [34m[1mGenerating C type support for eProsima Fast-RTPS[0m
[2.985s] [35m[1mScanning dependencies of target interface__rosidl_typesupport_fastrtps_c[0m
[3.002s] [ 74%] [32mBuilding CXX object CMakeFiles/interface__rosidl_typesupport_fastrtps_c.dir/rosidl_typesupport_fastrtps_c/interface/msg/detail/slam__type_support_c.cpp.o[0m
[3.002s] [ 74%] [32mBuilding CXX object CMakeFiles/interface__rosidl_typesupport_fastrtps_c.dir/rosidl_typesupport_fastrtps_c/interface/srv/detail/base_joint_motor_value__type_support_c.cpp.o[0m
[3.002s] [ 74%] [32mBuilding CXX object CMakeFiles/interface__rosidl_typesupport_fastrtps_c.dir/rosidl_typesupport_fastrtps_c/interface/srv/detail/path_points__type_support_c.cpp.o[0m
[3.003s] [ 76%] [32mBuilding CXX object CMakeFiles/interface__rosidl_typesupport_fastrtps_c.dir/rosidl_typesupport_fastrtps_c/interface/srv/detail/enable_follow__type_support_c.cpp.o[0m
[3.241s] [ 78%] [32m[1mLinking CXX shared library libinterface__rosidl_typesupport_fastrtps_c.so[0m
[3.301s] [ 78%] Built target interface__rosidl_typesupport_fastrtps_c
[3.315s] [ 78%] Built target interface
[3.330s] [ 80%] [34m[1mGenerating Python code for ROS interfaces[0m
[3.906s] [ 80%] Built target interface__py
[3.914s] [35m[1mScanning dependencies of target interface__python[0m
[3.929s] [ 87%] [32mBuilding C object CMakeFiles/interface__python.dir/rosidl_generator_py/interface/srv/_enable_follow_s.c.o[0m
[3.929s] [ 87%] [32mBuilding C object CMakeFiles/interface__python.dir/rosidl_generator_py/interface/srv/_path_points_s.c.o[0m
[3.929s] [ 87%] [32mBuilding C object CMakeFiles/interface__python.dir/rosidl_generator_py/interface/msg/_slam_s.c.o[0m
[3.929s] [ 87%] [32mBuilding C object CMakeFiles/interface__python.dir/rosidl_generator_py/interface/srv/_base_joint_motor_value_s.c.o[0m
[4.003s] [ 89%] [32m[1mLinking C shared library rosidl_generator_py/interface/libinterface__python.so[0m
[4.037s] [ 89%] Built target interface__python
[4.045s] [35m[1mScanning dependencies of target interface__rosidl_typesupport_introspection_c__pyext[0m
[4.045s] [35m[1mScanning dependencies of target interface__rosidl_typesupport_fastrtps_c__pyext[0m
[4.045s] [35m[1mScanning dependencies of target interface__rosidl_typesupport_c__pyext[0m
[4.056s] [ 92%] [32mBuilding C object CMakeFiles/interface__rosidl_typesupport_introspection_c__pyext.dir/rosidl_generator_py/interface/_interface_s.ep.rosidl_typesupport_introspection_c.c.o[0m
[4.056s] [ 92%] [32mBuilding C object CMakeFiles/interface__rosidl_typesupport_c__pyext.dir/rosidl_generator_py/interface/_interface_s.ep.rosidl_typesupport_c.c.o[0m
[4.057s] [ 94%] [32mBuilding C object CMakeFiles/interface__rosidl_typesupport_fastrtps_c__pyext.dir/rosidl_generator_py/interface/_interface_s.ep.rosidl_typesupport_fastrtps_c.c.o[0m
[4.122s] [ 96%] [32m[1mLinking C shared library rosidl_generator_py/interface/interface_s__rosidl_typesupport_c.cpython-38-x86_64-linux-gnu.so[0m
[4.123s] [100%] [32m[1mLinking CXX shared library rosidl_generator_py/interface/interface_s__rosidl_typesupport_fastrtps_c.cpython-38-x86_64-linux-gnu.so[0m
[4.123s] [100%] [32m[1mLinking C shared library rosidl_generator_py/interface/interface_s__rosidl_typesupport_introspection_c.cpython-38-x86_64-linux-gnu.so[0m
[4.152s] [100%] Built target interface__rosidl_typesupport_c__pyext
[4.152s] [100%] Built target interface__rosidl_typesupport_introspection_c__pyext
[4.174s] [100%] Built target interface__rosidl_typesupport_fastrtps_c__pyext
[4.182s] Invoked command in '/home/weiwei/Desktop/project/ObsAvoidance/build/interface' returned '0': CMAKE_PREFIX_PATH=/opt/ros/foxy /usr/bin/cmake --build /home/weiwei/Desktop/project/ObsAvoidance/build/interface -- -j16 -l16
[4.250s] Invoking command in '/home/weiwei/Desktop/project/ObsAvoidance/build/interface': CMAKE_PREFIX_PATH=/opt/ros/foxy /usr/bin/cmake --install /home/weiwei/Desktop/project/ObsAvoidance/build/interface
[4.256s] -- Install configuration: ""
[4.256s] -- Up-to-date: /home/weiwei/Desktop/project/ObsAvoidance/install/interface/share/ament_index/resource_index/rosidl_interfaces/interface
[4.256s] -- Up-to-date: /home/weiwei/Desktop/project/ObsAvoidance/install/interface/include/interface
[4.256s] -- Up-to-date: /home/weiwei/Desktop/project/ObsAvoidance/install/interface/include/interface/srv
[4.256s] -- Up-to-date: /home/weiwei/Desktop/project/ObsAvoidance/install/interface/include/interface/srv/detail
[4.256s] -- Installing: /home/weiwei/Desktop/project/ObsAvoidance/install/interface/include/interface/srv/detail/enable_follow__type_support.h
[4.256s] -- Installing: /home/weiwei/Desktop/project/ObsAvoidance/install/interface/include/interface/srv/detail/base_joint_motor_value__functions.h
[4.256s] -- Installing: /home/weiwei/Desktop/project/ObsAvoidance/install/interface/include/interface/srv/detail/enable_follow__functions.h
[4.256s] -- Installing: /home/weiwei/Desktop/project/ObsAvoidance/install/interface/include/interface/srv/detail/path_points__functions.c
[4.257s] -- Installing: /home/weiwei/Desktop/project/ObsAvoidance/install/interface/include/interface/srv/detail/base_joint_motor_value__type_support.h
[4.257s] -- Installing: /home/weiwei/Desktop/project/ObsAvoidance/install/interface/include/interface/srv/detail/base_joint_motor_value__functions.c
[4.257s] -- Installing: /home/weiwei/Desktop/project/ObsAvoidance/install/interface/include/interface/srv/detail/path_points__functions.h
[4.257s] -- Installing: /home/weiwei/Desktop/project/ObsAvoidance/install/interface/include/interface/srv/detail/path_points__type_support.h
[4.257s] -- Installing: /home/weiwei/Desktop/project/ObsAvoidance/install/interface/include/interface/srv/detail/enable_follow__functions.c
[4.257s] -- Installing: /home/weiwei/Desktop/project/ObsAvoidance/install/interface/include/interface/srv/detail/path_points__struct.h
[4.257s] -- Installing: /home/weiwei/Desktop/project/ObsAvoidance/install/interface/include/interface/srv/detail/base_joint_motor_value__struct.h
[4.257s] -- Installing: /home/weiwei/Desktop/project/ObsAvoidance/install/interface/include/interface/srv/detail/enable_follow__struct.h
[4.257s] -- Installing: /home/weiwei/Desktop/project/ObsAvoidance/install/interface/include/interface/srv/path_points.h
[4.257s] -- Installing: /home/weiwei/Desktop/project/ObsAvoidance/install/interface/include/interface/srv/enable_follow.h
[4.257s] -- Installing: /home/weiwei/Desktop/project/ObsAvoidance/install/interface/include/interface/srv/base_joint_motor_value.h
[4.257s] -- Up-to-date: /home/weiwei/Desktop/project/ObsAvoidance/install/interface/include/interface/msg
[4.257s] -- Up-to-date: /home/weiwei/Desktop/project/ObsAvoidance/install/interface/include/interface/msg/detail
[4.257s] -- Installing: /home/weiwei/Desktop/project/ObsAvoidance/install/interface/include/interface/msg/detail/slam__struct.h
[4.257s] -- Installing: /home/weiwei/Desktop/project/ObsAvoidance/install/interface/include/interface/msg/detail/slam__type_support.h
[4.257s] -- Installing: /home/weiwei/Desktop/project/ObsAvoidance/install/interface/include/interface/msg/detail/slam__functions.c
[4.257s] -- Installing: /home/weiwei/Desktop/project/ObsAvoidance/install/interface/include/interface/msg/detail/slam__functions.h
[4.257s] -- Installing: /home/weiwei/Desktop/project/ObsAvoidance/install/interface/include/interface/msg/slam.h
[4.257s] -- Up-to-date: /home/weiwei/Desktop/project/ObsAvoidance/install/interface/include/interface/msg/rosidl_generator_c__visibility_control.h
[4.257s] -- Up-to-date: /home/weiwei/Desktop/project/ObsAvoidance/install/interface/share/interface/environment/library_path.sh
[4.257s] -- Installing: /home/weiwei/Desktop/project/ObsAvoidance/install/interface/share/interface/environment/library_path.dsv
[4.257s] -- Installing: /home/weiwei/Desktop/project/ObsAvoidance/install/interface/lib/libinterface__rosidl_generator_c.so
[4.258s] -- Set runtime path of "/home/weiwei/Desktop/project/ObsAvoidance/install/interface/lib/libinterface__rosidl_generator_c.so" to ""
[4.258s] -- Up-to-date: /home/weiwei/Desktop/project/ObsAvoidance/install/interface/include/interface
[4.258s] -- Up-to-date: /home/weiwei/Desktop/project/ObsAvoidance/install/interface/include/interface/srv
[4.258s] -- Up-to-date: /home/weiwei/Desktop/project/ObsAvoidance/install/interface/include/interface/srv/detail
[4.258s] -- Installing: /home/weiwei/Desktop/project/ObsAvoidance/install/interface/include/interface/srv/detail/base_joint_motor_value__rosidl_typesupport_fastrtps_c.h
[4.258s] -- Installing: /home/weiwei/Desktop/project/ObsAvoidance/install/interface/include/interface/srv/detail/enable_follow__rosidl_typesupport_fastrtps_c.h
[4.258s] -- Installing: /home/weiwei/Desktop/project/ObsAvoidance/install/interface/include/interface/srv/detail/path_points__rosidl_typesupport_fastrtps_c.h
[4.258s] -- Up-to-date: /home/weiwei/Desktop/project/ObsAvoidance/install/interface/include/interface/msg
[4.258s] -- Up-to-date: /home/weiwei/Desktop/project/ObsAvoidance/install/interface/include/interface/msg/detail
[4.258s] -- Installing: /home/weiwei/Desktop/project/ObsAvoidance/install/interface/include/interface/msg/detail/slam__rosidl_typesupport_fastrtps_c.h
[4.258s] -- Up-to-date: /home/weiwei/Desktop/project/ObsAvoidance/install/interface/include/interface/msg/rosidl_typesupport_fastrtps_c__visibility_control.h
[4.258s] -- Installing: /home/weiwei/Desktop/project/ObsAvoidance/install/interface/lib/libinterface__rosidl_typesupport_fastrtps_c.so
[4.258s] -- Set runtime path of "/home/weiwei/Desktop/project/ObsAvoidance/install/interface/lib/libinterface__rosidl_typesupport_fastrtps_c.so" to ""
[4.258s] -- Up-to-date: /home/weiwei/Desktop/project/ObsAvoidance/install/interface/include/interface
[4.258s] -- Up-to-date: /home/weiwei/Desktop/project/ObsAvoidance/install/interface/include/interface/srv
[4.258s] -- Up-to-date: /home/weiwei/Desktop/project/ObsAvoidance/install/interface/include/interface/srv/detail
[4.258s] -- Installing: /home/weiwei/Desktop/project/ObsAvoidance/install/interface/include/interface/srv/detail/enable_follow__rosidl_typesupport_fastrtps_cpp.hpp
[4.258s] -- Installing: /home/weiwei/Desktop/project/ObsAvoidance/install/interface/include/interface/srv/detail/path_points__rosidl_typesupport_fastrtps_cpp.hpp
[4.259s] -- Up-to-date: /home/weiwei/Desktop/project/ObsAvoidance/install/interface/include/interface/srv/detail/dds_fastrtps
[4.259s] -- Installing: /home/weiwei/Desktop/project/ObsAvoidance/install/interface/include/interface/srv/detail/base_joint_motor_value__rosidl_typesupport_fastrtps_cpp.hpp
[4.259s] -- Up-to-date: /home/weiwei/Desktop/project/ObsAvoidance/install/interface/include/interface/msg
[4.259s] -- Up-to-date: /home/weiwei/Desktop/project/ObsAvoidance/install/interface/include/interface/msg/detail
[4.259s] -- Installing: /home/weiwei/Desktop/project/ObsAvoidance/install/interface/include/interface/msg/detail/slam__rosidl_typesupport_fastrtps_cpp.hpp
[4.259s] -- Up-to-date: /home/weiwei/Desktop/project/ObsAvoidance/install/interface/include/interface/msg/detail/dds_fastrtps
[4.259s] -- Up-to-date: /home/weiwei/Desktop/project/ObsAvoidance/install/interface/include/interface/msg/rosidl_typesupport_fastrtps_cpp__visibility_control.h
[4.259s] -- Installing: /home/weiwei/Desktop/project/ObsAvoidance/install/interface/lib/libinterface__rosidl_typesupport_fastrtps_cpp.so
[4.259s] -- Set runtime path of "/home/weiwei/Desktop/project/ObsAvoidance/install/interface/lib/libinterface__rosidl_typesupport_fastrtps_cpp.so" to ""
[4.259s] -- Up-to-date: /home/weiwei/Desktop/project/ObsAvoidance/install/interface/include/interface
[4.259s] -- Up-to-date: /home/weiwei/Desktop/project/ObsAvoidance/install/interface/include/interface/srv
[4.259s] -- Up-to-date: /home/weiwei/Desktop/project/ObsAvoidance/install/interface/include/interface/srv/detail
[4.259s] -- Installing: /home/weiwei/Desktop/project/ObsAvoidance/install/interface/include/interface/srv/detail/base_joint_motor_value__type_support.c
[4.259s] -- Installing: /home/weiwei/Desktop/project/ObsAvoidance/install/interface/include/interface/srv/detail/path_points__rosidl_typesupport_introspection_c.h
[4.259s] -- Installing: /home/weiwei/Desktop/project/ObsAvoidance/install/interface/include/interface/srv/detail/enable_follow__type_support.c
[4.259s] -- Installing: /home/weiwei/Desktop/project/ObsAvoidance/install/interface/include/interface/srv/detail/enable_follow__rosidl_typesupport_introspection_c.h
[4.259s] -- Installing: /home/weiwei/Desktop/project/ObsAvoidance/install/interface/include/interface/srv/detail/base_joint_motor_value__rosidl_typesupport_introspection_c.h
[4.259s] -- Installing: /home/weiwei/Desktop/project/ObsAvoidance/install/interface/include/interface/srv/detail/path_points__type_support.c
[4.260s] -- Up-to-date: /home/weiwei/Desktop/project/ObsAvoidance/install/interface/include/interface/msg
[4.260s] -- Up-to-date: /home/weiwei/Desktop/project/ObsAvoidance/install/interface/include/interface/msg/detail
[4.260s] -- Installing: /home/weiwei/Desktop/project/ObsAvoidance/install/interface/include/interface/msg/detail/slam__type_support.c
[4.260s] -- Installing: /home/weiwei/Desktop/project/ObsAvoidance/install/interface/include/interface/msg/detail/slam__rosidl_typesupport_introspection_c.h
[4.260s] -- Up-to-date: /home/weiwei/Desktop/project/ObsAvoidance/install/interface/include/interface/msg/rosidl_typesupport_introspection_c__visibility_control.h
[4.260s] -- Installing: /home/weiwei/Desktop/project/ObsAvoidance/install/interface/lib/libinterface__rosidl_typesupport_introspection_c.so
[4.260s] -- Set runtime path of "/home/weiwei/Desktop/project/ObsAvoidance/install/interface/lib/libinterface__rosidl_typesupport_introspection_c.so" to ""
[4.260s] -- Installing: /home/weiwei/Desktop/project/ObsAvoidance/install/interface/lib/libinterface__rosidl_typesupport_c.so
[4.260s] -- Set runtime path of "/home/weiwei/Desktop/project/ObsAvoidance/install/interface/lib/libinterface__rosidl_typesupport_c.so" to ""
[4.260s] -- Up-to-date: /home/weiwei/Desktop/project/ObsAvoidance/install/interface/include/interface
[4.260s] -- Up-to-date: /home/weiwei/Desktop/project/ObsAvoidance/install/interface/include/interface/srv
[4.260s] -- Up-to-date: /home/weiwei/Desktop/project/ObsAvoidance/install/interface/include/interface/srv/detail
[4.261s] -- Installing: /home/weiwei/Desktop/project/ObsAvoidance/install/interface/include/interface/srv/detail/enable_follow__traits.hpp
[4.261s] -- Installing: /home/weiwei/Desktop/project/ObsAvoidance/install/interface/include/interface/srv/detail/enable_follow__struct.hpp
[4.261s] -- Installing: /home/weiwei/Desktop/project/ObsAvoidance/install/interface/include/interface/srv/detail/base_joint_motor_value__traits.hpp
[4.261s] -- Installing: /home/weiwei/Desktop/project/ObsAvoidance/install/interface/include/interface/srv/detail/enable_follow__builder.hpp
[4.261s] -- Installing: /home/weiwei/Desktop/project/ObsAvoidance/install/interface/include/interface/srv/detail/path_points__builder.hpp
[4.261s] -- Installing: /home/weiwei/Desktop/project/ObsAvoidance/install/interface/include/interface/srv/detail/base_joint_motor_value__type_support.hpp
[4.261s] -- Installing: /home/weiwei/Desktop/project/ObsAvoidance/install/interface/include/interface/srv/detail/path_points__struct.hpp
[4.261s] -- Installing: /home/weiwei/Desktop/project/ObsAvoidance/install/interface/include/interface/srv/detail/path_points__type_support.hpp
[4.261s] -- Installing: /home/weiwei/Desktop/project/ObsAvoidance/install/interface/include/interface/srv/detail/enable_follow__type_support.hpp
[4.261s] -- Installing: /home/weiwei/Desktop/project/ObsAvoidance/install/interface/include/interface/srv/detail/path_points__traits.hpp
[4.261s] -- Installing: /home/weiwei/Desktop/project/ObsAvoidance/install/interface/include/interface/srv/detail/base_joint_motor_value__builder.hpp
[4.261s] -- Installing: /home/weiwei/Desktop/project/ObsAvoidance/install/interface/include/interface/srv/detail/base_joint_motor_value__struct.hpp
[4.261s] -- Installing: /home/weiwei/Desktop/project/ObsAvoidance/install/interface/include/interface/srv/base_joint_motor_value.hpp
[4.261s] -- Installing: /home/weiwei/Desktop/project/ObsAvoidance/install/interface/include/interface/srv/enable_follow.hpp
[4.261s] -- Installing: /home/weiwei/Desktop/project/ObsAvoidance/install/interface/include/interface/srv/path_points.hpp
[4.261s] -- Up-to-date: /home/weiwei/Desktop/project/ObsAvoidance/install/interface/include/interface/msg
[4.261s] -- Up-to-date: /home/weiwei/Desktop/project/ObsAvoidance/install/interface/include/interface/msg/detail
[4.261s] -- Installing: /home/weiwei/Desktop/project/ObsAvoidance/install/interface/include/interface/msg/detail/slam__traits.hpp
[4.261s] -- Installing: /home/weiwei/Desktop/project/ObsAvoidance/install/interface/include/interface/msg/detail/slam__type_support.hpp
[4.261s] -- Installing: /home/weiwei/Desktop/project/ObsAvoidance/install/interface/include/interface/msg/detail/slam__builder.hpp
[4.261s] -- Installing: /home/weiwei/Desktop/project/ObsAvoidance/install/interface/include/interface/msg/detail/slam__struct.hpp
[4.261s] -- Installing: /home/weiwei/Desktop/project/ObsAvoidance/install/interface/include/interface/msg/slam.hpp
[4.262s] -- Up-to-date: /home/weiwei/Desktop/project/ObsAvoidance/install/interface/include/interface/msg/rosidl_generator_cpp__visibility_control.hpp
[4.262s] -- Up-to-date: /home/weiwei/Desktop/project/ObsAvoidance/install/interface/include/interface
[4.262s] -- Up-to-date: /home/weiwei/Desktop/project/ObsAvoidance/install/interface/include/interface/srv
[4.262s] -- Up-to-date: /home/weiwei/Desktop/project/ObsAvoidance/install/interface/include/interface/srv/detail
[4.262s] -- Installing: /home/weiwei/Desktop/project/ObsAvoidance/install/interface/include/interface/srv/detail/enable_follow__type_support.cpp
[4.262s] -- Installing: /home/weiwei/Desktop/project/ObsAvoidance/install/interface/include/interface/srv/detail/enable_follow__rosidl_typesupport_introspection_cpp.hpp
[4.262s] -- Installing: /home/weiwei/Desktop/project/ObsAvoidance/install/interface/include/interface/srv/detail/path_points__rosidl_typesupport_introspection_cpp.hpp
[4.262s] -- Installing: /home/weiwei/Desktop/project/ObsAvoidance/install/interface/include/interface/srv/detail/base_joint_motor_value__type_support.cpp
[4.262s] -- Installing: /home/weiwei/Desktop/project/ObsAvoidance/install/interface/include/interface/srv/detail/base_joint_motor_value__rosidl_typesupport_introspection_cpp.hpp
[4.262s] -- Installing: /home/weiwei/Desktop/project/ObsAvoidance/install/interface/include/interface/srv/detail/path_points__type_support.cpp
[4.262s] -- Up-to-date: /home/weiwei/Desktop/project/ObsAvoidance/install/interface/include/interface/msg
[4.262s] -- Up-to-date: /home/weiwei/Desktop/project/ObsAvoidance/install/interface/include/interface/msg/detail
[4.262s] -- Installing: /home/weiwei/Desktop/project/ObsAvoidance/install/interface/include/interface/msg/detail/slam__type_support.cpp
[4.262s] -- Installing: /home/weiwei/Desktop/project/ObsAvoidance/install/interface/include/interface/msg/detail/slam__rosidl_typesupport_introspection_cpp.hpp
[4.262s] -- Installing: /home/weiwei/Desktop/project/ObsAvoidance/install/interface/lib/libinterface__rosidl_typesupport_introspection_cpp.so
[4.262s] -- Set runtime path of "/home/weiwei/Desktop/project/ObsAvoidance/install/interface/lib/libinterface__rosidl_typesupport_introspection_cpp.so" to ""
[4.262s] -- Installing: /home/weiwei/Desktop/project/ObsAvoidance/install/interface/lib/libinterface__rosidl_typesupport_cpp.so
[4.263s] -- Set runtime path of "/home/weiwei/Desktop/project/ObsAvoidance/install/interface/lib/libinterface__rosidl_typesupport_cpp.so" to ""
[4.263s] -- Up-to-date: /home/weiwei/Desktop/project/ObsAvoidance/install/interface/share/interface/environment/pythonpath.sh
[4.263s] -- Installing: /home/weiwei/Desktop/project/ObsAvoidance/install/interface/share/interface/environment/pythonpath.dsv
[4.263s] -- Installing: /home/weiwei/Desktop/project/ObsAvoidance/install/interface/lib/python3.8/site-packages/interface/__init__.py
[4.283s] Compiling '/home/weiwei/Desktop/project/ObsAvoidance/install/interface/lib/python3.8/site-packages/interface/__init__.py'...
[4.285s] -- Up-to-date: /home/weiwei/Desktop/project/ObsAvoidance/install/interface/lib/python3.8/site-packages/interface/msg
[4.285s] -- Installing: /home/weiwei/Desktop/project/ObsAvoidance/install/interface/lib/python3.8/site-packages/interface/msg/_slam.py
[4.285s] -- Installing: /home/weiwei/Desktop/project/ObsAvoidance/install/interface/lib/python3.8/site-packages/interface/msg/_slam_s.c
[4.285s] -- Installing: /home/weiwei/Desktop/project/ObsAvoidance/install/interface/lib/python3.8/site-packages/interface/msg/__init__.py
[4.285s] -- Up-to-date: /home/weiwei/Desktop/project/ObsAvoidance/install/interface/lib/python3.8/site-packages/interface/srv
[4.285s] -- Installing: /home/weiwei/Desktop/project/ObsAvoidance/install/interface/lib/python3.8/site-packages/interface/srv/_path_points_s.c
[4.286s] -- Installing: /home/weiwei/Desktop/project/ObsAvoidance/install/interface/lib/python3.8/site-packages/interface/srv/_enable_follow.py
[4.286s] -- Installing: /home/weiwei/Desktop/project/ObsAvoidance/install/interface/lib/python3.8/site-packages/interface/srv/_path_points.py
[4.286s] -- Installing: /home/weiwei/Desktop/project/ObsAvoidance/install/interface/lib/python3.8/site-packages/interface/srv/_enable_follow_s.c
[4.286s] -- Installing: /home/weiwei/Desktop/project/ObsAvoidance/install/interface/lib/python3.8/site-packages/interface/srv/_base_joint_motor_value.py
[4.286s] -- Installing: /home/weiwei/Desktop/project/ObsAvoidance/install/interface/lib/python3.8/site-packages/interface/srv/_base_joint_motor_value_s.c
[4.286s] -- Installing: /home/weiwei/Desktop/project/ObsAvoidance/install/interface/lib/python3.8/site-packages/interface/srv/__init__.py
[4.286s] -- Installing: /home/weiwei/Desktop/project/ObsAvoidance/install/interface/lib/python3.8/site-packages/interface/interface_s__rosidl_typesupport_fastrtps_c.cpython-38-x86_64-linux-gnu.so
[4.286s] -- Set runtime path of "/home/weiwei/Desktop/project/ObsAvoidance/install/interface/lib/python3.8/site-packages/interface/interface_s__rosidl_typesupport_fastrtps_c.cpython-38-x86_64-linux-gnu.so" to ""
[4.286s] -- Installing: /home/weiwei/Desktop/project/ObsAvoidance/install/interface/lib/python3.8/site-packages/interface/interface_s__rosidl_typesupport_introspection_c.cpython-38-x86_64-linux-gnu.so
[4.287s] -- Set runtime path of "/home/weiwei/Desktop/project/ObsAvoidance/install/interface/lib/python3.8/site-packages/interface/interface_s__rosidl_typesupport_introspection_c.cpython-38-x86_64-linux-gnu.so" to ""
[4.287s] -- Installing: /home/weiwei/Desktop/project/ObsAvoidance/install/interface/lib/python3.8/site-packages/interface/interface_s__rosidl_typesupport_c.cpython-38-x86_64-linux-gnu.so
[4.287s] -- Set runtime path of "/home/weiwei/Desktop/project/ObsAvoidance/install/interface/lib/python3.8/site-packages/interface/interface_s__rosidl_typesupport_c.cpython-38-x86_64-linux-gnu.so" to ""
[4.287s] -- Installing: /home/weiwei/Desktop/project/ObsAvoidance/install/interface/lib/libinterface__python.so
[4.287s] -- Set runtime path of "/home/weiwei/Desktop/project/ObsAvoidance/install/interface/lib/libinterface__python.so" to ""
[4.288s] -- Up-to-date: /home/weiwei/Desktop/project/ObsAvoidance/install/interface/share/interface/msg/Slam.idl
[4.288s] -- Installing: /home/weiwei/Desktop/project/ObsAvoidance/install/interface/share/interface/srv/PathPoints.idl
[4.288s] -- Up-to-date: /home/weiwei/Desktop/project/ObsAvoidance/install/interface/share/interface/srv/BaseJointMotorValue.idl
[4.288s] -- Up-to-date: /home/weiwei/Desktop/project/ObsAvoidance/install/interface/share/interface/srv/EnableFollow.idl
[4.288s] -- Up-to-date: /home/weiwei/Desktop/project/ObsAvoidance/install/interface/share/interface/msg/Slam.msg
[4.288s] -- Installing: /home/weiwei/Desktop/project/ObsAvoidance/install/interface/share/interface/srv/PathPoints.srv
[4.288s] -- Installing: /home/weiwei/Desktop/project/ObsAvoidance/install/interface/share/interface/srv/PathPoints_Request.msg
[4.288s] -- Up-to-date: /home/weiwei/Desktop/project/ObsAvoidance/install/interface/share/interface/srv/PathPoints_Response.msg
[4.288s] -- Up-to-date: /home/weiwei/Desktop/project/ObsAvoidance/install/interface/share/interface/srv/BaseJointMotorValue.srv
[4.288s] -- Up-to-date: /home/weiwei/Desktop/project/ObsAvoidance/install/interface/share/interface/srv/BaseJointMotorValue_Request.msg
[4.288s] -- Up-to-date: /home/weiwei/Desktop/project/ObsAvoidance/install/interface/share/interface/srv/BaseJointMotorValue_Response.msg
[4.288s] -- Up-to-date: /home/weiwei/Desktop/project/ObsAvoidance/install/interface/share/interface/srv/EnableFollow.srv
[4.288s] -- Up-to-date: /home/weiwei/Desktop/project/ObsAvoidance/install/interface/share/interface/srv/EnableFollow_Request.msg
[4.288s] -- Up-to-date: /home/weiwei/Desktop/project/ObsAvoidance/install/interface/share/interface/srv/EnableFollow_Response.msg
[4.288s] -- Up-to-date: /home/weiwei/Desktop/project/ObsAvoidance/install/interface/share/ament_index/resource_index/package_run_dependencies/interface
[4.288s] -- Up-to-date: /home/weiwei/Desktop/project/ObsAvoidance/install/interface/share/ament_index/resource_index/parent_prefix_path/interface
[4.288s] -- Up-to-date: /home/weiwei/Desktop/project/ObsAvoidance/install/interface/share/interface/environment/ament_prefix_path.sh
[4.288s] -- Installing: /home/weiwei/Desktop/project/ObsAvoidance/install/interface/share/interface/environment/ament_prefix_path.dsv
[4.288s] -- Up-to-date: /home/weiwei/Desktop/project/ObsAvoidance/install/interface/share/interface/environment/path.sh
[4.288s] -- Installing: /home/weiwei/Desktop/project/ObsAvoidance/install/interface/share/interface/environment/path.dsv
[4.289s] -- Up-to-date: /home/weiwei/Desktop/project/ObsAvoidance/install/interface/share/interface/local_setup.bash
[4.289s] -- Up-to-date: /home/weiwei/Desktop/project/ObsAvoidance/install/interface/share/interface/local_setup.sh
[4.289s] -- Up-to-date: /home/weiwei/Desktop/project/ObsAvoidance/install/interface/share/interface/local_setup.zsh
[4.289s] -- Installing: /home/weiwei/Desktop/project/ObsAvoidance/install/interface/share/interface/local_setup.dsv
[4.289s] -- Installing: /home/weiwei/Desktop/project/ObsAvoidance/install/interface/share/interface/package.dsv
[4.289s] -- Up-to-date: /home/weiwei/Desktop/project/ObsAvoidance/install/interface/share/ament_index/resource_index/packages/interface
[4.289s] -- Up-to-date: /home/weiwei/Desktop/project/ObsAvoidance/install/interface/share/interface/cmake/interface__rosidl_generator_cExport.cmake
[4.289s] -- Installing: /home/weiwei/Desktop/project/ObsAvoidance/install/interface/share/interface/cmake/interface__rosidl_generator_cExport-noconfig.cmake
[4.289s] -- Up-to-date: /home/weiwei/Desktop/project/ObsAvoidance/install/interface/share/interface/cmake/interface__rosidl_typesupport_introspection_cExport.cmake
[4.289s] -- Installing: /home/weiwei/Desktop/project/ObsAvoidance/install/interface/share/interface/cmake/interface__rosidl_typesupport_introspection_cExport-noconfig.cmake
[4.289s] -- Up-to-date: /home/weiwei/Desktop/project/ObsAvoidance/install/interface/share/interface/cmake/interface__rosidl_typesupport_cExport.cmake
[4.289s] -- Installing: /home/weiwei/Desktop/project/ObsAvoidance/install/interface/share/interface/cmake/interface__rosidl_typesupport_cExport-noconfig.cmake
[4.289s] -- Up-to-date: /home/weiwei/Desktop/project/ObsAvoidance/install/interface/share/interface/cmake/interface__rosidl_generator_cppExport.cmake
[4.289s] -- Up-to-date: /home/weiwei/Desktop/project/ObsAvoidance/install/interface/share/interface/cmake/interface__rosidl_typesupport_introspection_cppExport.cmake
[4.289s] -- Installing: /home/weiwei/Desktop/project/ObsAvoidance/install/interface/share/interface/cmake/interface__rosidl_typesupport_introspection_cppExport-noconfig.cmake
[4.289s] -- Up-to-date: /home/weiwei/Desktop/project/ObsAvoidance/install/interface/share/interface/cmake/interface__rosidl_typesupport_cppExport.cmake
[4.290s] -- Installing: /home/weiwei/Desktop/project/ObsAvoidance/install/interface/share/interface/cmake/interface__rosidl_typesupport_cppExport-noconfig.cmake
[4.290s] -- Up-to-date: /home/weiwei/Desktop/project/ObsAvoidance/install/interface/share/interface/cmake/rosidl_cmake-extras.cmake
[4.290s] -- Up-to-date: /home/weiwei/Desktop/project/ObsAvoidance/install/interface/share/interface/cmake/ament_cmake_export_dependencies-extras.cmake
[4.290s] -- Up-to-date: /home/weiwei/Desktop/project/ObsAvoidance/install/interface/share/interface/cmake/ament_cmake_export_libraries-extras.cmake
[4.290s] -- Up-to-date: /home/weiwei/Desktop/project/ObsAvoidance/install/interface/share/interface/cmake/ament_cmake_export_targets-extras.cmake
[4.290s] -- Up-to-date: /home/weiwei/Desktop/project/ObsAvoidance/install/interface/share/interface/cmake/ament_cmake_export_include_directories-extras.cmake
[4.290s] -- Up-to-date: /home/weiwei/Desktop/project/ObsAvoidance/install/interface/share/interface/cmake/rosidl_cmake_export_typesupport_libraries-extras.cmake
[4.290s] -- Up-to-date: /home/weiwei/Desktop/project/ObsAvoidance/install/interface/share/interface/cmake/rosidl_cmake_export_typesupport_targets-extras.cmake
[4.290s] -- Up-to-date: /home/weiwei/Desktop/project/ObsAvoidance/install/interface/share/interface/cmake/interfaceConfig.cmake
[4.290s] -- Up-to-date: /home/weiwei/Desktop/project/ObsAvoidance/install/interface/share/interface/cmake/interfaceConfig-version.cmake
[4.290s] -- Up-to-date: /home/weiwei/Desktop/project/ObsAvoidance/install/interface/share/interface/package.xml
[4.292s] Invoked command in '/home/weiwei/Desktop/project/ObsAvoidance/build/interface' returned '0': CMAKE_PREFIX_PATH=/opt/ros/foxy /usr/bin/cmake --install /home/weiwei/Desktop/project/ObsAvoidance/build/interface
