[0.105s] Invoking command in '/home/weiwei/Desktop/project/ObsAvoidance/build/model': CMAKE_PREFIX_PATH=/home/weiwei/Desktop/project/ObsAvoidance/install/interface:/home/weiwei/Desktop/project/ObsAvoidance/install/orbslam:/home/weiwei/Desktop/project/ObsAvoidance/install/model:/home/weiwei/Desktop/project/ObsAvoidance/install/media:/opt/ros/foxy /usr/bin/cmake --build /home/weiwei/Desktop/project/ObsAvoidance/build/model -- -j16 -l16
[0.141s] [35m[1mScanning dependencies of target model[0m
[0.197s] [ 66%] [32mBuilding CXX object CMakeFiles/model.dir/src/main.cpp.o[0m
[0.197s] [ 66%] [32mBuilding CXX object CMakeFiles/model.dir/src/model.cpp.o[0m
[6.228s] [01m[K/home/weiwei/Desktop/project/ObsAvoidance/src/model/src/model.cpp:[m[K In member function ‘[01m[Kbool ModelNode::selectCircle(cv::Vec3f&, std::vector<cv::Vec<float, 3> >, cv::Mat&)[m[K’:
[6.228s] [01m[K/home/weiwei/Desktop/project/ObsAvoidance/src/model/src/model.cpp:221:21:[m[K [01;35m[Kwarning: [m[Kcomparison of integer expressions of different signedness: ‘[01m[Kint[m[K’ and ‘[01m[Kstd::vector<cv::Vec<float, 3> >::size_type[m[K’ {aka ‘[01m[Klong unsigned int[m[K’} [[01;35m[K-Wsign-compare[m[K]
[6.228s]   221 |     for (int i = 0;[01;35m[Ki<temp_circles.size()[m[K;i++)
[6.228s]       |                    [01;35m[K~^~~~~~~~~~~~~~~~~~~~[m[K
[6.228s] [01m[K/home/weiwei/Desktop/project/ObsAvoidance/src/model/src/model.cpp:234:45:[m[K [01;35m[Kwarning: [m[Kcomparison of constant ‘[01m[K255[m[K’ with boolean expression is always false [[01;35m[K-Wbool-compare[m[K]
[6.228s]   234 |             if ([01;35m[Kmask.at<bool>(pointInCircle)==255[m[K||mask.at<bool>(pointOutCircle)!=255)
[6.228s]       |                 [01;35m[K~~~~~~~~~~~~~~~~~~~~~~~~~~~~^~~~~[m[K
[6.228s] [01m[K/home/weiwei/Desktop/project/ObsAvoidance/src/model/src/model.cpp:234:81:[m[K [01;35m[Kwarning: [m[Kcomparison of constant ‘[01m[K255[m[K’ with boolean expression is always true [[01;35m[K-Wbool-compare[m[K]
[6.228s]   234 |             if (mask.at<bool>(pointInCircle)==255||[01;35m[Kmask.at<bool>(pointOutCircle)!=255[m[K)
[6.228s]       |                                                    [01;35m[K~~~~~~~~~~~~~~~~~~~~~~~~~~~~~^~~~~[m[K
[6.232s] [01m[K/home/weiwei/Desktop/project/ObsAvoidance/src/model/src/model.cpp:[m[K In member function ‘[01m[Kbool ModelNode::selectLine(cv::Mat, std::vector<cv::Vec<int, 4> >, cv::Vec4i&, cv::Vec3f)[m[K’:
[6.232s] [01m[K/home/weiwei/Desktop/project/ObsAvoidance/src/model/src/model.cpp:268:19:[m[K [01;35m[Kwarning: [m[Kcomparison of integer expressions of different signedness: ‘[01m[Kint[m[K’ and ‘[01m[Kstd::vector<cv::Vec<int, 4> >::size_type[m[K’ {aka ‘[01m[Klong unsigned int[m[K’} [[01;35m[K-Wsign-compare[m[K]
[6.232s]   268 |     for (int i=0;[01;35m[Ki<tempLines.size()[m[K;i++)
[6.232s]       |                  [01;35m[K~^~~~~~~~~~~~~~~~~[m[K
[6.233s] [01m[K/home/weiwei/Desktop/project/ObsAvoidance/src/model/src/model.cpp:293:42:[m[K [01;35m[Kwarning: [m[Kcomparison of constant ‘[01m[K255[m[K’ with boolean expression is always false [[01;35m[K-Wbool-compare[m[K]
[6.233s]   293 |         if ([01;35m[Kimg_erode.at<bool>(endPoint1)==255[m[K || img_erode.at<bool>(endPoint2)==255 || img_erode.at<bool>(midPoint)==255)
[6.233s]       |             [01;35m[K~~~~~~~~~~~~~~~~~~~~~~~~~~~~~^~~~~[m[K
[6.233s] [01m[K/home/weiwei/Desktop/project/ObsAvoidance/src/model/src/model.cpp:293:80:[m[K [01;35m[Kwarning: [m[Kcomparison of constant ‘[01m[K255[m[K’ with boolean expression is always false [[01;35m[K-Wbool-compare[m[K]
[6.233s]   293 |         if (img_erode.at<bool>(endPoint1)==255 || [01;35m[Kimg_erode.at<bool>(endPoint2)==255[m[K || img_erode.at<bool>(midPoint)==255)
[6.234s]       |                                                   [01;35m[K~~~~~~~~~~~~~~~~~~~~~~~~~~~~~^~~~~[m[K
[6.234s] [01m[K/home/weiwei/Desktop/project/ObsAvoidance/src/model/src/model.cpp:293:117:[m[K [01;35m[Kwarning: [m[Kcomparison of constant ‘[01m[K255[m[K’ with boolean expression is always false [[01;35m[K-Wbool-compare[m[K]
[6.234s]   293 |         if (img_erode.at<bool>(endPoint1)==255 || img_erode.at<bool>(endPoint2)==255 || [01;35m[Kimg_erode.at<bool>(midPoint)==255[m[K)
[6.234s]       |                                                                                         [01;35m[K~~~~~~~~~~~~~~~~~~~~~~~~~~~~^~~~~[m[K
[6.234s] [01m[K/home/weiwei/Desktop/project/ObsAvoidance/src/model/src/model.cpp:297:44:[m[K [01;35m[Kwarning: [m[Kcomparison of constant ‘[01m[K255[m[K’ with boolean expression is always true [[01;35m[K-Wbool-compare[m[K]
[6.234s]   297 |         if ([01;35m[Kimg_erode.at<bool>(flag_point1)!=255[m[K || img_erode.at<bool>(flag_point2)!=255)
[6.234s]       |             [01;35m[K~~~~~~~~~~~~~~~~~~~~~~~~~~~~~~~^~~~~[m[K
[6.234s] [01m[K/home/weiwei/Desktop/project/ObsAvoidance/src/model/src/model.cpp:297:84:[m[K [01;35m[Kwarning: [m[Kcomparison of constant ‘[01m[K255[m[K’ with boolean expression is always true [[01;35m[K-Wbool-compare[m[K]
[6.234s]   297 |         if (img_erode.at<bool>(flag_point1)!=255 || [01;35m[Kimg_erode.at<bool>(flag_point2)!=255[m[K)
[6.234s]       |                                                     [01;35m[K~~~~~~~~~~~~~~~~~~~~~~~~~~~~~~~^~~~~[m[K
[6.304s] [01m[K/home/weiwei/Desktop/project/ObsAvoidance/src/model/src/model.cpp:[m[K In member function ‘[01m[Kbool ModelNode::Model()[m[K’:
[6.304s] [01m[K/home/weiwei/Desktop/project/ObsAvoidance/src/model/src/model.cpp:359:20:[m[K [01;35m[Kwarning: [m[Kcomparison of integer expressions of different signedness: ‘[01m[Kint[m[K’ and ‘[01m[Kstd::vector<cv::Vec<float, 3> >::size_type[m[K’ {aka ‘[01m[Klong unsigned int[m[K’} [[01;35m[K-Wsign-compare[m[K]
[6.304s]   359 |     for (int i =0;[01;35m[Ki<temp_circles.size()[m[K;i++)
[6.304s]       |                   [01;35m[K~^~~~~~~~~~~~~~~~~~~~[m[K
[6.305s] [01m[K/home/weiwei/Desktop/project/ObsAvoidance/src/model/src/model.cpp:406:38:[m[K [01;35m[Kwarning: [m[Kcomparison of integer expressions of different signedness: ‘[01m[Kstd::vector<Eigen::Matrix<double, 3, 1> >::size_type[m[K’ {aka ‘[01m[Klong unsigned int[m[K’} and ‘[01m[Kint[m[K’ [[01;35m[K-Wsign-compare[m[K]
[6.305s]   406 |     if ([01;35m[Kglobal_centrePostions.size() < modelThresh[m[K)
[6.305s]       |         [01;35m[K~~~~~~~~~~~~~~~~~~~~~~~~~~~~~^~~~~~~~~~~~~[m[K
[6.305s] [01m[K/home/weiwei/Desktop/project/ObsAvoidance/src/model/src/model.cpp:412:19:[m[K [01;35m[Kwarning: [m[Kcomparison of integer expressions of different signedness: ‘[01m[Kint[m[K’ and ‘[01m[Kstd::vector<Eigen::Matrix<double, 3, 1> >::size_type[m[K’ {aka ‘[01m[Klong unsigned int[m[K’} [[01;35m[K-Wsign-compare[m[K]
[6.305s]   412 |     for (int i=0;[01;35m[Ki<global_centrePostions.size()[m[K;i++)
[6.306s]       |                  [01;35m[K~^~~~~~~~~~~~~~~~~~~~~~~~~~~~~[m[K
[6.320s] [01m[K/home/weiwei/Desktop/project/ObsAvoidance/src/model/src/model.cpp:[m[K In member function ‘[01m[Kvoid ModelNode::ransacModelParam()[m[K’:
[6.320s] [01m[K/home/weiwei/Desktop/project/ObsAvoidance/src/model/src/model.cpp:517:22:[m[K [01;35m[Kwarning: [m[Kcomparison of integer expressions of different signedness: ‘[01m[Kint[m[K’ and ‘[01m[Kstd::vector<Eigen::Matrix<double, 3, 1> >::size_type[m[K’ {aka ‘[01m[Klong unsigned int[m[K’} [[01;35m[K-Wsign-compare[m[K]
[6.320s]   517 |         for(int n=0;[01;35m[Kn<global_vecs_direction.size()[m[K;n++) {
[6.320s]       |                     [01;35m[K~^~~~~~~~~~~~~~~~~~~~~~~~~~~~~[m[K
[6.333s] [01m[K/home/weiwei/Desktop/project/ObsAvoidance/src/model/src/model.cpp:[m[K In member function ‘[01m[Kbool ModelNode::detectPoseCorrect(Eigen::Vector4d&, cv::Mat, cv::Mat&)[m[K’:
[6.333s] [01m[K/home/weiwei/Desktop/project/ObsAvoidance/src/model/src/model.cpp:616:38:[m[K [01;35m[Kwarning: [m[Kcomparison of integer expressions of different signedness: ‘[01m[Kstd::vector<pcl::PointXYZ, Eigen::aligned_allocator<pcl::PointXYZ> >::size_type[m[K’ {aka ‘[01m[Klong unsigned int[m[K’} and ‘[01m[Kint[m[K’ [[01;35m[K-Wsign-compare[m[K]
[6.333s]   616 |     if ([01;35m[KfinalPointCloud.points.size()<mapPointNumThresh[m[K) {
[6.333s]       |         [01;35m[K~~~~~~~~~~~~~~~~~~~~~~~~~~~~~^~~~~~~~~~~~~~~~~~[m[K
[17.439s] [100%] [32m[1mLinking CXX executable model[0m
[19.945s] [100%] Built target model
[19.954s] Invoked command in '/home/weiwei/Desktop/project/ObsAvoidance/build/model' returned '0': CMAKE_PREFIX_PATH=/home/weiwei/Desktop/project/ObsAvoidance/install/interface:/home/weiwei/Desktop/project/ObsAvoidance/install/orbslam:/home/weiwei/Desktop/project/ObsAvoidance/install/model:/home/weiwei/Desktop/project/ObsAvoidance/install/media:/opt/ros/foxy /usr/bin/cmake --build /home/weiwei/Desktop/project/ObsAvoidance/build/model -- -j16 -l16
[19.981s] Invoking command in '/home/weiwei/Desktop/project/ObsAvoidance/build/model': CMAKE_PREFIX_PATH=/home/weiwei/Desktop/project/ObsAvoidance/install/interface:/home/weiwei/Desktop/project/ObsAvoidance/install/orbslam:/home/weiwei/Desktop/project/ObsAvoidance/install/model:/home/weiwei/Desktop/project/ObsAvoidance/install/media:/opt/ros/foxy /usr/bin/cmake --install /home/weiwei/Desktop/project/ObsAvoidance/build/model
[19.987s] -- Install configuration: ""
[19.987s] -- Installing: /home/weiwei/Desktop/project/ObsAvoidance/install/model/lib/model/model
[19.996s] -- Set runtime path of "/home/weiwei/Desktop/project/ObsAvoidance/install/model/lib/model/model" to ""
[19.996s] -- Up-to-date: /home/weiwei/Desktop/project/ObsAvoidance/install/model/share/ament_index/resource_index/package_run_dependencies/model
[19.996s] -- Up-to-date: /home/weiwei/Desktop/project/ObsAvoidance/install/model/share/ament_index/resource_index/parent_prefix_path/model
[19.996s] -- Up-to-date: /home/weiwei/Desktop/project/ObsAvoidance/install/model/share/model/environment/ament_prefix_path.sh
[19.996s] -- Up-to-date: /home/weiwei/Desktop/project/ObsAvoidance/install/model/share/model/environment/ament_prefix_path.dsv
[19.996s] -- Up-to-date: /home/weiwei/Desktop/project/ObsAvoidance/install/model/share/model/environment/path.sh
[19.996s] -- Up-to-date: /home/weiwei/Desktop/project/ObsAvoidance/install/model/share/model/environment/path.dsv
[19.996s] -- Up-to-date: /home/weiwei/Desktop/project/ObsAvoidance/install/model/share/model/local_setup.bash
[19.996s] -- Up-to-date: /home/weiwei/Desktop/project/ObsAvoidance/install/model/share/model/local_setup.sh
[19.996s] -- Up-to-date: /home/weiwei/Desktop/project/ObsAvoidance/install/model/share/model/local_setup.zsh
[19.996s] -- Up-to-date: /home/weiwei/Desktop/project/ObsAvoidance/install/model/share/model/local_setup.dsv
[19.996s] -- Installing: /home/weiwei/Desktop/project/ObsAvoidance/install/model/share/model/package.dsv
[19.996s] -- Up-to-date: /home/weiwei/Desktop/project/ObsAvoidance/install/model/share/ament_index/resource_index/packages/model
[19.996s] -- Up-to-date: /home/weiwei/Desktop/project/ObsAvoidance/install/model/share/model/cmake/modelConfig.cmake
[19.996s] -- Up-to-date: /home/weiwei/Desktop/project/ObsAvoidance/install/model/share/model/cmake/modelConfig-version.cmake
[19.996s] -- Up-to-date: /home/weiwei/Desktop/project/ObsAvoidance/install/model/share/model/package.xml
[19.997s] Invoked command in '/home/weiwei/Desktop/project/ObsAvoidance/build/model' returned '0': CMAKE_PREFIX_PATH=/home/weiwei/Desktop/project/ObsAvoidance/install/interface:/home/weiwei/Desktop/project/ObsAvoidance/install/orbslam:/home/weiwei/Desktop/project/ObsAvoidance/install/model:/home/weiwei/Desktop/project/ObsAvoidance/install/media:/opt/ros/foxy /usr/bin/cmake --install /home/weiwei/Desktop/project/ObsAvoidance/build/model
