[0.104s] Invoking command in '/home/weiwei/Desktop/project/ObsAvoidance/build/model': CMAKE_PREFIX_PATH=/home/weiwei/Desktop/project/ObsAvoidance/install/interface:/home/weiwei/Desktop/project/ObsAvoidance/install/orbslam:/home/weiwei/Desktop/project/ObsAvoidance/install/model:/home/weiwei/Desktop/project/ObsAvoidance/install/media:/opt/ros/foxy /usr/bin/cmake --build /home/weiwei/Desktop/project/ObsAvoidance/build/model -- -j16 -l16
[0.140s] [35m[1mScanning dependencies of target model[0m
[0.189s] [ 33%] [32mBuilding CXX object CMakeFiles/model.dir/src/model.cpp.o[0m
[5.237s] [01m[K/home/weiwei/Desktop/project/ObsAvoidance/src/model/src/model.cpp:[m[K In member function ‘[01m[Kbool ModelNode::selectCircle(cv::Vec3f&, std::vector<cv::Vec<float, 3> >, cv::Mat&)[m[K’:
[5.237s] [01m[K/home/weiwei/Desktop/project/ObsAvoidance/src/model/src/model.cpp:240:21:[m[K [01;35m[Kwarning: [m[Kcomparison of integer expressions of different signedness: ‘[01m[Kint[m[K’ and ‘[01m[Kstd::vector<cv::Vec<float, 3> >::size_type[m[K’ {aka ‘[01m[Klong unsigned int[m[K’} [[01;35m[K-Wsign-compare[m[K]
[5.237s]   240 |     for (int i = 0;[01;35m[Ki<temp_circles.size()[m[K;i++)
[5.237s]       |                    [01;35m[K~^~~~~~~~~~~~~~~~~~~~[m[K
[5.238s] [01m[K/home/weiwei/Desktop/project/ObsAvoidance/src/model/src/model.cpp:253:45:[m[K [01;35m[Kwarning: [m[Kcomparison of constant ‘[01m[K255[m[K’ with boolean expression is always false [[01;35m[K-Wbool-compare[m[K]
[5.238s]   253 |             if ([01;35m[Kmask.at<bool>(pointInCircle)==255[m[K||mask.at<bool>(pointOutCircle)!=255)
[5.238s]       |                 [01;35m[K~~~~~~~~~~~~~~~~~~~~~~~~~~~~^~~~~[m[K
[5.238s] [01m[K/home/weiwei/Desktop/project/ObsAvoidance/src/model/src/model.cpp:253:81:[m[K [01;35m[Kwarning: [m[Kcomparison of constant ‘[01m[K255[m[K’ with boolean expression is always true [[01;35m[K-Wbool-compare[m[K]
[5.238s]   253 | bool>(pointInCircle)==255||[01;35m[Kmask.at<bool>(pointOutCircle)!=255[m[K)
[5.238s]       |                            [01;35m[K~~~~~~~~~~~~~~~~~~~~~~~~~~~~~^~~~~[m[K
[5.238s] 
[5.241s] [01m[K/home/weiwei/Desktop/project/ObsAvoidance/src/model/src/model.cpp:[m[K In member function ‘[01m[Kbool ModelNode::selectLine(cv::Mat, std::vector<cv::Vec<int, 4> >, cv::Vec4i&, cv::Vec3f)[m[K’:
[5.241s] [01m[K/home/weiwei/Desktop/project/ObsAvoidance/src/model/src/model.cpp:287:19:[m[K [01;35m[Kwarning: [m[Kcomparison of integer expressions of different signedness: ‘[01m[Kint[m[K’ and ‘[01m[Kstd::vector<cv::Vec<int, 4> >::size_type[m[K’ {aka ‘[01m[Klong unsigned int[m[K’} [[01;35m[K-Wsign-compare[m[K]
[5.241s]   287 |     for (int i=0;[01;35m[Ki<tempLines.size()[m[K;i++)
[5.241s]       |                  [01;35m[K~^~~~~~~~~~~~~~~~~[m[K
[5.242s] [01m[K/home/weiwei/Desktop/project/ObsAvoidance/src/model/src/model.cpp:312:42:[m[K [01;35m[Kwarning: [m[Kcomparison of constant ‘[01m[K255[m[K’ with boolean expression is always false [[01;35m[K-Wbool-compare[m[K]
[5.242s]   312 |         if ([01;35m[Kimg_erode.at<bool>(endPoint1)==255[m[K || img_erode.at<bool>(endPoint2)==255 || img_erode.at<bool>(midPoint)==255)
[5.242s]       |             [01;35m[K~~~~~~~~~~~~~~~~~~~~~~~~~~~~~^~~~~[m[K
[5.242s] [01m[K/home/weiwei/Desktop/project/ObsAvoidance/src/model/src/model.cpp:312:80:[m[K [01;35m[Kwarning: [m[Kcomparison of constant ‘[01m[K255[m[K’ with boolean expression is always false [[01;35m[K-Wbool-compare[m[K]
[5.242s]   312 | t<bool>(endPoint1)==255 || [01;35m[Kimg_erode.at<bool>(endPoint2)==255[m[K || img_erode.at<bool>(midPoint)==255)
[5.242s]       |                            [01;35m[K~~~~~~~~~~~~~~~~~~~~~~~~~~~~~^~~~~[m[K
[5.242s] 
[5.242s] [01m[K/home/weiwei/Desktop/project/ObsAvoidance/src/model/src/model.cpp:312:117:[m[K [01;35m[Kwarning: [m[Kcomparison of constant ‘[01m[K255[m[K’ with boolean expression is always false [[01;35m[K-Wbool-compare[m[K]
[5.242s]   312 | at<bool>(endPoint2)==255 || [01;35m[Kimg_erode.at<bool>(midPoint)==255[m[K)
[5.242s]       |                             [01;35m[K~~~~~~~~~~~~~~~~~~~~~~~~~~~~^~~~~[m[K
[5.242s] 
[5.242s] [01m[K/home/weiwei/Desktop/project/ObsAvoidance/src/model/src/model.cpp:316:44:[m[K [01;35m[Kwarning: [m[Kcomparison of constant ‘[01m[K255[m[K’ with boolean expression is always true [[01;35m[K-Wbool-compare[m[K]
[5.242s]   316 |         if ([01;35m[Kimg_erode.at<bool>(flag_point1)!=255[m[K || img_erode.at<bool>(flag_point2)!=255)
[5.242s]       |             [01;35m[K~~~~~~~~~~~~~~~~~~~~~~~~~~~~~~~^~~~~[m[K
[5.242s] [01m[K/home/weiwei/Desktop/project/ObsAvoidance/src/model/src/model.cpp:316:84:[m[K [01;35m[Kwarning: [m[Kcomparison of constant ‘[01m[K255[m[K’ with boolean expression is always true [[01;35m[K-Wbool-compare[m[K]
[5.242s]   316 | ol>(flag_point1)!=255 || [01;35m[Kimg_erode.at<bool>(flag_point2)!=255[m[K)
[5.242s]       |                          [01;35m[K~~~~~~~~~~~~~~~~~~~~~~~~~~~~~~~^~~~~[m[K
[5.242s] 
[5.317s] [01m[K/home/weiwei/Desktop/project/ObsAvoidance/src/model/src/model.cpp:[m[K In member function ‘[01m[Kvoid ModelNode::ransacModelParam()[m[K’:
[5.317s] [01m[K/home/weiwei/Desktop/project/ObsAvoidance/src/model/src/model.cpp:465:22:[m[K [01;35m[Kwarning: [m[Kcomparison of integer expressions of different signedness: ‘[01m[Kint[m[K’ and ‘[01m[Kstd::vector<Eigen::Matrix<double, 3, 1> >::size_type[m[K’ {aka ‘[01m[Klong unsigned int[m[K’} [[01;35m[K-Wsign-compare[m[K]
[5.317s]   465 |         for(int n=0;[01;35m[Kn<global_vecs_direction.size()[m[K;n++) {
[5.317s]       |                     [01;35m[K~^~~~~~~~~~~~~~~~~~~~~~~~~~~~~[m[K
[5.389s] [01m[K/home/weiwei/Desktop/project/ObsAvoidance/src/model/src/model.cpp:[m[K In member function ‘[01m[Kbool ModelNode::Model()[m[K’:
[5.389s] [01m[K/home/weiwei/Desktop/project/ObsAvoidance/src/model/src/model.cpp:679:20:[m[K [01;35m[Kwarning: [m[Kcomparison of integer expressions of different signedness: ‘[01m[Kint[m[K’ and ‘[01m[Kstd::vector<cv::Vec<float, 3> >::size_type[m[K’ {aka ‘[01m[Klong unsigned int[m[K’} [[01;35m[K-Wsign-compare[m[K]
[5.389s]   679 |     for (int i =0;[01;35m[Ki<temp_circles.size()[m[K;i++)
[5.389s]       |                   [01;35m[K~^~~~~~~~~~~~~~~~~~~~[m[K
[5.390s] [01m[K/home/weiwei/Desktop/project/ObsAvoidance/src/model/src/model.cpp:726:38:[m[K [01;35m[Kwarning: [m[Kcomparison of integer expressions of different signedness: ‘[01m[Kstd::vector<Eigen::Matrix<double, 3, 1> >::size_type[m[K’ {aka ‘[01m[Klong unsigned int[m[K’} and ‘[01m[Kint[m[K’ [[01;35m[K-Wsign-compare[m[K]
[5.390s]   726 |     if ([01;35m[Kglobal_centrePostions.size() < modelThresh[m[K)
[5.390s]       |         [01;35m[K~~~~~~~~~~~~~~~~~~~~~~~~~~~~~^~~~~~~~~~~~~[m[K
[5.390s] [01m[K/home/weiwei/Desktop/project/ObsAvoidance/src/model/src/model.cpp:732:19:[m[K [01;35m[Kwarning: [m[Kcomparison of integer expressions of different signedness: ‘[01m[Kint[m[K’ and ‘[01m[Kstd::vector<Eigen::Matrix<double, 3, 1> >::size_type[m[K’ {aka ‘[01m[Klong unsigned int[m[K’} [[01;35m[K-Wsign-compare[m[K]
[5.390s]   732 |     for (int i=0;[01;35m[Ki<global_centrePostions.size()[m[K;i++)
[5.390s]       |                  [01;35m[K~^~~~~~~~~~~~~~~~~~~~~~~~~~~~~[m[K
[5.392s] [01m[K/home/weiwei/Desktop/project/ObsAvoidance/src/model/src/model.cpp:[m[K In member function ‘[01m[Kvoid ModelNode::PubModel()[m[K’:
[5.392s] [01m[K/home/weiwei/Desktop/project/ObsAvoidance/src/model/src/model.cpp:788:60:[m[K [01;35m[Kwarning: [m[Kleft operand of comma operator has no effect [[01;35m[K-Wunused-value[m[K]
[5.392s]   788 |     Eigen::Vector3f tempZaxis((float)m_transform_curToInit[[01;35m[K0[m[K,2],
[5.392s]       |                                                            [01;35m[K^[m[K
[5.392s] [01m[K/home/weiwei/Desktop/project/ObsAvoidance/src/model/src/model.cpp:789:60:[m[K [01;35m[Kwarning: [m[Kleft operand of comma operator has no effect [[01;35m[K-Wunused-value[m[K]
[5.392s]   789 |                               (float)m_transform_curToInit[[01;35m[K1[m[K,2],
[5.392s]       |                                                            [01;35m[K^[m[K
[5.392s] [01m[K/home/weiwei/Desktop/project/ObsAvoidance/src/model/src/model.cpp:790:60:[m[K [01;35m[Kwarning: [m[Kleft operand of comma operator has no effect [[01;35m[K-Wunused-value[m[K]
[5.392s]   790 |                               (float)m_transform_curToInit[[01;35m[K2[m[K,2]);
[5.392s]       |                                                            [01;35m[K^[m[K
[5.442s] [01m[K/home/weiwei/Desktop/project/ObsAvoidance/src/model/src/model.cpp:[m[K In member function ‘[01m[Kbool ModelNode::detectPoseCorrect(Eigen::Vector4d&, cv::Mat, cv::Mat&)[m[K’:
[5.442s] [01m[K/home/weiwei/Desktop/project/ObsAvoidance/src/model/src/model.cpp:904:38:[m[K [01;35m[Kwarning: [m[Kcomparison of integer expressions of different signedness: ‘[01m[Kstd::vector<pcl::PointXYZ, Eigen::aligned_allocator<pcl::PointXYZ> >::size_type[m[K’ {aka ‘[01m[Klong unsigned int[m[K’} and ‘[01m[Kint[m[K’ [[01;35m[K-Wsign-compare[m[K]
[5.442s]   904 |     if ([01;35m[KfinalPointCloud.points.size()<mapPointNumThresh[m[K) {
[5.442s]       |         [01;35m[K~~~~~~~~~~~~~~~~~~~~~~~~~~~~~^~~~~~~~~~~~~~~~~~[m[K
[5.908s] In file included from [01m[K/usr/local/include/eigen3/Eigen/Core:366[m[K,
[5.908s]                  from [01m[K/usr/include/pcl-1.10/pcl/pcl_macros.h:75[m[K,
[5.908s]                  from [01m[K/usr/include/pcl-1.10/pcl/PCLPointField.h:10[m[K,
[5.908s]                  from [01m[K/usr/include/pcl-1.10/pcl/conversions.h:46[m[K,
[5.909s]                  from [01m[K/opt/ros/foxy/include/pcl_conversions/pcl_conversions.h:46[m[K,
[5.909s]                  from [01m[K/home/weiwei/Desktop/project/ObsAvoidance/src/model/src/model.hpp:4[m[K,
[5.909s]                  from [01m[K/home/weiwei/Desktop/project/ObsAvoidance/src/model/src/model.cpp:1[m[K:
[5.909s] /usr/local/include/eigen3/Eigen/src/Core/DenseCoeffsBase.h: In instantiation of ‘[01m[KEigen::DenseCoeffsBase<Derived, 1>::Scalar& Eigen::DenseCoeffsBase<Derived, 1>::operator[](Eigen::Index) [with Derived = Eigen::Matrix<double, 4, 4>; Eigen::DenseCoeffsBase<Derived, 1>::Scalar = double; Eigen::Index = long int][m[K’:
[5.909s] [01m[K/home/weiwei/Desktop/project/ObsAvoidance/src/model/src/model.cpp:788:63:[m[K   required from here
[5.909s] [01m[K/usr/local/include/eigen3/Eigen/src/Core/DenseCoeffsBase.h:406:7:[m[K [01;31m[Kerror: [m[Kstatic assertion failed: THE_BRACKET_OPERATOR_IS_ONLY_FOR_VECTORS__USE_THE_PARENTHESIS_OPERATOR_INSTEAD
[5.909s]   406 |       [01;31m[KEIGEN_STATIC_ASSERT[m[K(Derived::IsVectorAtCompileTime,
[5.909s]       |       [01;31m[K^~~~~~~~~~~~~~~~~~~[m[K
[6.336s] /usr/local/include/eigen3/Eigen/src/Core/DenseCoeffsBase.h: In instantiation of ‘[01m[KEigen::DenseCoeffsBase<Derived, 1>::Scalar& Eigen::DenseCoeffsBase<Derived, 1>::operator[](Eigen::Index) [with Derived = Eigen::Block<Eigen::Matrix<double, 4, 4>, -1, -1, false>; Eigen::DenseCoeffsBase<Derived, 1>::Scalar = double; Eigen::Index = long int][m[K’:
[6.336s] [01m[K/usr/local/include/eigen3/Eigen/src/Core/DenseCoeffsBase.h:433:25:[m[K   required from ‘[01m[KEigen::DenseCoeffsBase<Derived, 1>::Scalar& Eigen::DenseCoeffsBase<Derived, 1>::x() [with Derived = Eigen::Block<Eigen::Matrix<double, 4, 4>, -1, -1, false>; Eigen::DenseCoeffsBase<Derived, 1>::Scalar = double][m[K’
[6.336s] [01m[K/home/weiwei/Desktop/project/ObsAvoidance/src/model/src/model.cpp:791:77:[m[K   required from here
[6.336s] [01m[K/usr/local/include/eigen3/Eigen/src/Core/DenseCoeffsBase.h:406:7:[m[K [01;31m[Kerror: [m[Kstatic assertion failed: THE_BRACKET_OPERATOR_IS_ONLY_FOR_VECTORS__USE_THE_PARENTHESIS_OPERATOR_INSTEAD
[10.765s] make[2]: *** [CMakeFiles/model.dir/build.make:76：CMakeFiles/model.dir/src/model.cpp.o] 错误 1
[10.765s] make[1]: *** [CMakeFiles/Makefile2:105：CMakeFiles/model.dir/all] 错误 2
[10.765s] make: *** [Makefile:141：all] 错误 2
[10.768s] Invoked command in '/home/weiwei/Desktop/project/ObsAvoidance/build/model' returned '2': CMAKE_PREFIX_PATH=/home/weiwei/Desktop/project/ObsAvoidance/install/interface:/home/weiwei/Desktop/project/ObsAvoidance/install/orbslam:/home/weiwei/Desktop/project/ObsAvoidance/install/model:/home/weiwei/Desktop/project/ObsAvoidance/install/media:/opt/ros/foxy /usr/bin/cmake --build /home/weiwei/Desktop/project/ObsAvoidance/build/model -- -j16 -l16
