[0.017s] Invoking command in '/home/weiwei/Desktop/project/ObsAvoidance/build/slam': AMENT_PREFIX_PATH=/home/weiwei/Desktop/project/ObsAvoidance/install/interface:${AMENT_PREFIX_PATH} CMAKE_PREFIX_PATH=/home/weiwei/Desktop/project/ObsAvoidance/install/interface:/opt/ros/foxy LD_LIBRARY_PATH=/home/weiwei/Desktop/project/ObsAvoidance/install/interface/lib:${LD_LIBRARY_PATH} PYTHONPATH=/home/weiwei/Desktop/project/ObsAvoidance/install/interface/lib/python3.8/site-packages:${PYTHONPATH} /usr/bin/cmake --build /home/weiwei/Desktop/project/ObsAvoidance/build/slam -- -j16 -l16
[0.068s] [100%] Built target slam
[0.076s] Invoked command in '/home/weiwei/Desktop/project/ObsAvoidance/build/slam' returned '0': AMENT_PREFIX_PATH=/home/weiwei/Desktop/project/ObsAvoidance/install/interface:${AMENT_PREFIX_PATH} CMAKE_PREFIX_PATH=/home/weiwei/Desktop/project/ObsAvoidance/install/interface:/opt/ros/foxy LD_LIBRARY_PATH=/home/weiwei/Desktop/project/ObsAvoidance/install/interface/lib:${LD_LIBRARY_PATH} PYTHONPATH=/home/weiwei/Desktop/project/ObsAvoidance/install/interface/lib/python3.8/site-packages:${PYTHONPATH} /usr/bin/cmake --build /home/weiwei/Desktop/project/ObsAvoidance/build/slam -- -j16 -l16
[0.098s] Invoking command in '/home/weiwei/Desktop/project/ObsAvoidance/build/slam': AMENT_PREFIX_PATH=/home/weiwei/Desktop/project/ObsAvoidance/install/interface:${AMENT_PREFIX_PATH} CMAKE_PREFIX_PATH=/home/weiwei/Desktop/project/ObsAvoidance/install/interface:/opt/ros/foxy LD_LIBRARY_PATH=/home/weiwei/Desktop/project/ObsAvoidance/install/interface/lib:${LD_LIBRARY_PATH} PYTHONPATH=/home/weiwei/Desktop/project/ObsAvoidance/install/interface/lib/python3.8/site-packages:${PYTHONPATH} /usr/bin/cmake --install /home/weiwei/Desktop/project/ObsAvoidance/build/slam
[0.104s] -- Install configuration: ""
[0.104s] -- Up-to-date: /home/weiwei/Desktop/project/ObsAvoidance/install/slam/lib/slam/slam
[0.104s] -- Up-to-date: /home/weiwei/Desktop/project/ObsAvoidance/install/slam/share/slam/launch
[0.104s] -- Up-to-date: /home/weiwei/Desktop/project/ObsAvoidance/install/slam/share/slam/launch/slam.launch.py
[0.104s] -- Up-to-date: /home/weiwei/Desktop/project/ObsAvoidance/install/slam/share/ament_index/resource_index/package_run_dependencies/slam
[0.104s] -- Up-to-date: /home/weiwei/Desktop/project/ObsAvoidance/install/slam/share/ament_index/resource_index/parent_prefix_path/slam
[0.104s] -- Up-to-date: /home/weiwei/Desktop/project/ObsAvoidance/install/slam/share/slam/environment/ament_prefix_path.sh
[0.104s] -- Up-to-date: /home/weiwei/Desktop/project/ObsAvoidance/install/slam/share/slam/environment/ament_prefix_path.dsv
[0.104s] -- Up-to-date: /home/weiwei/Desktop/project/ObsAvoidance/install/slam/share/slam/environment/path.sh
[0.104s] -- Up-to-date: /home/weiwei/Desktop/project/ObsAvoidance/install/slam/share/slam/environment/path.dsv
[0.104s] -- Up-to-date: /home/weiwei/Desktop/project/ObsAvoidance/install/slam/share/slam/local_setup.bash
[0.104s] -- Up-to-date: /home/weiwei/Desktop/project/ObsAvoidance/install/slam/share/slam/local_setup.sh
[0.105s] -- Up-to-date: /home/weiwei/Desktop/project/ObsAvoidance/install/slam/share/slam/local_setup.zsh
[0.105s] -- Up-to-date: /home/weiwei/Desktop/project/ObsAvoidance/install/slam/share/slam/local_setup.dsv
[0.105s] -- Installing: /home/weiwei/Desktop/project/ObsAvoidance/install/slam/share/slam/package.dsv
[0.105s] -- Up-to-date: /home/weiwei/Desktop/project/ObsAvoidance/install/slam/share/ament_index/resource_index/packages/slam
[0.105s] -- Up-to-date: /home/weiwei/Desktop/project/ObsAvoidance/install/slam/share/slam/cmake/slamConfig.cmake
[0.105s] -- Up-to-date: /home/weiwei/Desktop/project/ObsAvoidance/install/slam/share/slam/cmake/slamConfig-version.cmake
[0.105s] -- Up-to-date: /home/weiwei/Desktop/project/ObsAvoidance/install/slam/share/slam/package.xml
[0.107s] Invoked command in '/home/weiwei/Desktop/project/ObsAvoidance/build/slam' returned '0': AMENT_PREFIX_PATH=/home/weiwei/Desktop/project/ObsAvoidance/install/interface:${AMENT_PREFIX_PATH} CMAKE_PREFIX_PATH=/home/weiwei/Desktop/project/ObsAvoidance/install/interface:/opt/ros/foxy LD_LIBRARY_PATH=/home/weiwei/Desktop/project/ObsAvoidance/install/interface/lib:${LD_LIBRARY_PATH} PYTHONPATH=/home/weiwei/Desktop/project/ObsAvoidance/install/interface/lib/python3.8/site-packages:${PYTHONPATH} /usr/bin/cmake --install /home/weiwei/Desktop/project/ObsAvoidance/build/slam
