** WARNING ** io features related to pcap will be disabled
** WARNING ** io features related to png will be disabled
** WARNING ** io features related to libusb-1.0 will be disabled
[01m[K/home/weiwei/Desktop/project/ObsAvoidance/src/media/src/media.cpp:[m[K In member function ‘[01m[Kvoid mediaNode::getScaleSlamToWorld(const ConstSharedPtr&, const ConstSharedPtr&)[m[K’:
[01m[K/home/weiwei/Desktop/project/ObsAvoidance/src/media/src/media.cpp:191:23:[m[K [01;35m[Kwarning: [m[Kcomparison of integer expressions of different signedness: ‘[01m[Kstd::vector<cv::Vec<float, 3> >::size_type[m[K’ {aka ‘[01m[Klong unsigned int[m[K’} and ‘[01m[Kint[m[K’ [[01;35m[K-Wsign-compare[m[K]
  191 |   if ([01;35m[Kcircles_.size() < circle_size_thresh[m[K)
      |       [01;35m[K~~~~~~~~~~~~~~~~^~~~~~~~~~~~~~~~~~~~[m[K
[01m[K/home/weiwei/Desktop/project/ObsAvoidance/src/media/src/media.cpp:194:17:[m[K [01;35m[Kwarning: [m[Kcomparison of integer expressions of different signedness: ‘[01m[Kint[m[K’ and ‘[01m[Kstd::vector<cv::Vec<float, 3> >::size_type[m[K’ {aka ‘[01m[Klong unsigned int[m[K’} [[01;35m[K-Wsign-compare[m[K]
  194 |   for (int i=0;[01;35m[Ki<circles_.size()[m[K;i++) {
      |                [01;35m[K~^~~~~~~~~~~~~~~~[m[K
[01m[K/home/weiwei/Desktop/project/ObsAvoidance/src/media/src/media.cpp:202:28:[m[K [01;35m[Kwarning: [m[Kcomparison of integer expressions of different signedness: ‘[01m[Kstd::vector<double, std::allocator<double> >::size_type[m[K’ {aka ‘[01m[Klong unsigned int[m[K’} and ‘[01m[Kint[m[K’ [[01;35m[K-Wsign-compare[m[K]
  202 |   if ([01;35m[KscaleFactList_.size()<scaleFactList_size_thresh[m[K)
      |       [01;35m[K~~~~~~~~~~~~~~~~~~~~~^~~~~~~~~~~~~~~~~~~~~~~~~~[m[K
[01m[K/home/weiwei/Desktop/project/ObsAvoidance/src/media/src/media.cpp:[m[K In member function ‘[01m[Kbool mediaNode::detectPoseCorrect(cv::Mat, interface::msg::Slam_<std::allocator<void> >::ConstSharedPtr, double&, cv::Vec3f)[m[K’:
[01m[K/home/weiwei/Desktop/project/ObsAvoidance/src/media/src/media.cpp:254:67:[m[K [01;35m[Kwarning: [m[Kcomparison of constant ‘[01m[K255[m[K’ with boolean expression is always true [[01;35m[K-Wbool-compare[m[K]
  254 |     if ([01;35m[Kimg_dilate.at<bool>((int)pixelPoint.x, (int)pixelPoint.y) != 255[m[K)
      |         [01;35m[K~~~~~~~~~~~~~~~~~~~~~~~~~~~~~~~~~~~~~~~~~~~~~~~~~~~~~~~~~~^~~~~~[m[K
[01m[K/home/weiwei/Desktop/project/ObsAvoidance/src/media/src/media.cpp:[m[K In member function ‘[01m[Kvoid mediaNode::ransacScaleFact()[m[K’:
[01m[K/home/weiwei/Desktop/project/ObsAvoidance/src/media/src/media.cpp:336:17:[m[K [01;35m[Kwarning: [m[Kcomparison of integer expressions of different signedness: ‘[01m[Kint[m[K’ and ‘[01m[Kstd::vector<double, std::allocator<double> >::size_type[m[K’ {aka ‘[01m[Klong unsigned int[m[K’} [[01;35m[K-Wsign-compare[m[K]
  336 |   for (int i=0;[01;35m[Ki<scaleFactList_.size()[m[K;i++)
      |                [01;35m[K~^~~~~~~~~~~~~~~~~~~~~~[m[K
[01m[K/home/weiwei/Desktop/project/ObsAvoidance/src/media/src/media.cpp:355:21:[m[K [01;35m[Kwarning: [m[Kcomparison of integer expressions of different signedness: ‘[01m[Kint[m[K’ and ‘[01m[Kstd::vector<double, std::allocator<double> >::size_type[m[K’ {aka ‘[01m[Klong unsigned int[m[K’} [[01;35m[K-Wsign-compare[m[K]
  355 |     for (int j = 0;[01;35m[Kj<scaleFactList_.size()[m[K;j++)
      |                    [01;35m[K~^~~~~~~~~~~~~~~~~~~~~~[m[K
In file included from [01m[K/usr/local/include/eigen3/Eigen/Core:366[m[K,
                 from [01m[K/usr/include/pcl-1.10/pcl/pcl_macros.h:75[m[K,
                 from [01m[K/usr/include/pcl-1.10/pcl/PCLPointField.h:10[m[K,
                 from [01m[K/usr/include/pcl-1.10/pcl/conversions.h:46[m[K,
                 from [01m[K/home/weiwei/Desktop/project/ObsAvoidance/src/media/src/media.hpp:4[m[K,
                 from [01m[K/home/weiwei/Desktop/project/ObsAvoidance/src/media/src/media.cpp:3[m[K:
/usr/local/include/eigen3/Eigen/src/Core/Matrix.h: In instantiation of ‘[01m[KEigen::Matrix<_Scalar, _Rows, _Cols, _Options, _MaxRows, _MaxCols>::Matrix(const Scalar&, const Scalar&, const Scalar&, const Scalar&) [with _Scalar = double; int _Rows = 3; int _Cols = 3; int _Options = 0; int _MaxRows = 3; int _MaxCols = 3; Eigen::Matrix<_Scalar, _Rows, _Cols, _Options, _MaxRows, _MaxCols>::Scalar = double][m[K’:
[01m[K/home/weiwei/Desktop/project/ObsAvoidance/src/media/src/media.cpp:117:55:[m[K   required from here
[01m[K/usr/local/include/eigen3/Eigen/src/Core/Matrix.h:358:7:[m[K [01;31m[Kerror: [m[Kstatic assertion failed: THIS_METHOD_IS_ONLY_FOR_VECTORS_OF_A_SPECIFIC_SIZE
  358 |       [01;31m[KE[m[KIGEN_STATIC_ASSERT_VECTOR_SPECIFIC_SIZE(Matrix, 4)
      |       [01;31m[K^[m[K
In file included from [01m[K/usr/local/include/eigen3/Eigen/Geometry:42[m[K,
                 from [01m[K/usr/include/pcl-1.10/pcl/point_cloud.h:46[m[K,
                 from [01m[K/usr/include/pcl-1.10/pcl/conversions.h:49[m[K,
                 from [01m[K/home/weiwei/Desktop/project/ObsAvoidance/src/media/src/media.hpp:4[m[K,
                 from [01m[K/home/weiwei/Desktop/project/ObsAvoidance/src/media/src/media.cpp:3[m[K:
/usr/local/include/eigen3/Eigen/src/Geometry/Quaternion.h: In instantiation of ‘[01m[KDerived& Eigen::QuaternionBase<Derived>::operator=(const Eigen::MatrixBase<OtherDerived>&) [with OtherDerived = Eigen::Block<Eigen::Matrix<double, 4, 4>, -1, -1, false>; Derived = Eigen::Quaternion<double>][m[K’:
[01m[K/usr/local/include/eigen3/Eigen/src/Geometry/Quaternion.h:275:90:[m[K   required from ‘[01m[KEigen::Quaternion<Scalar, Options>::Quaternion(const Eigen::MatrixBase<OtherDerived>&) [with Derived = Eigen::Block<Eigen::Matrix<double, 4, 4>, -1, -1, false>; _Scalar = double; int _Options = 0][m[K’
[01m[K/home/weiwei/Desktop/project/ObsAvoidance/src/media/src/media.cpp:125:60:[m[K   required from here
[01m[K/usr/local/include/eigen3/Eigen/src/Geometry/Quaternion.h:530:59:[m[K [01;31m[Kerror: [m[Kincomplete type ‘[01m[KEigen::internal::quaternionbase_assign_impl<Eigen::Block<Eigen::Matrix<double, 4, 4>, -1, -1, false>, -1, -1>[m[K’ used in nested name specifier
  530 |   [01;31m[Kinternal::quaternionbase_assign_impl<MatrixDerived>::run(*this, xpr.derived())[m[K;
      |   [01;31m[K~~~~~~~~~~~~~~~~~~~~~~~~~~~~~~~~~~~~~~~~~~~~~~~~~~~~~~~~^~~~~~~~~~~~~~~~~~~~~~[m[K
make[2]: *** [CMakeFiles/media.dir/build.make:76：CMakeFiles/media.dir/src/media.cpp.o] 错误 1
make[1]: *** [CMakeFiles/Makefile2:78：CMakeFiles/media.dir/all] 错误 2
make: *** [Makefile:141：all] 错误 2
