[0.108s] Invoking command in '/home/weiwei/Desktop/project/ObsAvoidance/build/media': CMAKE_PREFIX_PATH=/home/weiwei/Desktop/project/ObsAvoidance/install/interface:/home/weiwei/Desktop/project/ObsAvoidance/install/orbslam:/home/weiwei/Desktop/project/ObsAvoidance/install/model:/home/weiwei/Desktop/project/ObsAvoidance/install/media:/opt/ros/foxy /usr/bin/cmake --build /home/weiwei/Desktop/project/ObsAvoidance/build/media -- -j16 -l16
[0.158s] -- Found ament_cmake: 0.9.12 (/opt/ros/foxy/share/ament_cmake/cmake)
[0.179s] -- Using PYTHON_EXECUTABLE: /usr/bin/python3
[0.300s] -- Found rclcpp: 2.4.3 (/opt/ros/foxy/share/rclcpp/cmake)
[0.330s] -- Using all available rosidl_typesupport_c: rosidl_typesupport_fastrtps_c;rosidl_typesupport_introspection_c
[0.333s] -- Found rosidl_adapter: 1.3.1 (/opt/ros/foxy/share/rosidl_adapter/cmake)
[0.420s] -- Using all available rosidl_typesupport_cpp: rosidl_typesupport_fastrtps_cpp;rosidl_typesupport_introspection_cpp
[0.455s] -- Found rmw_implementation_cmake: 1.0.4 (/opt/ros/foxy/share/rmw_implementation_cmake/cmake)
[0.456s] -- Using RMW implementation 'rmw_fastrtps_cpp' as default
[0.548s] -- Found interface: 0.0.0 (/home/weiwei/Desktop/project/ObsAvoidance/install/interface/share/interface/cmake)
[0.697s] -- Found cv_bridge: 3.0.7 (/opt/ros/foxy/share/cv_bridge/cmake)
[0.714s] -- Found message_filters: 3.2.7 (/opt/ros/foxy/share/message_filters/cmake)
[0.716s] -- Found pcl_conversions: 2.2.1 (/opt/ros/foxy/share/pcl_conversions/cmake)
[0.827s] -- Eigen found (include: /usr/include/eigen3, version: 3.3.7)
[0.887s] -- The imported target "vtkParseOGLExt" references the file
[0.887s]    "/usr/bin/vtkParseOGLExt-7.1"
[0.887s] but this file does not exist.  Possible reasons include:
[0.887s] * The file was deleted, renamed, or moved to another location.
[0.887s] * An install or uninstall procedure did not complete successfully.
[0.887s] * The installation package was faulty and contained
[0.887s]    "/usr/lib/cmake/vtk-7.1/VTKTargets.cmake"
[0.887s] but not all the files it references.
[0.887s] 
[0.887s] -- The imported target "vtkRenderingPythonTkWidgets" references the file
[0.888s]    "/usr/lib/x86_64-linux-gnu/libvtkRenderingPythonTkWidgets.so"
[0.888s] but this file does not exist.  Possible reasons include:
[0.888s] * The file was deleted, renamed, or moved to another location.
[0.888s] * An install or uninstall procedure did not complete successfully.
[0.888s] * The installation package was faulty and contained
[0.888s]    "/usr/lib/cmake/vtk-7.1/VTKTargets.cmake"
[0.888s] but not all the files it references.
[0.888s] 
[0.888s] -- The imported target "vtk" references the file
[0.888s]    "/usr/bin/vtk"
[0.888s] but this file does not exist.  Possible reasons include:
[0.888s] * The file was deleted, renamed, or moved to another location.
[0.888s] * An install or uninstall procedure did not complete successfully.
[0.888s] * The installation package was faulty and contained
[0.888s]    "/usr/lib/cmake/vtk-7.1/VTKTargets.cmake"
[0.888s] but not all the files it references.
[0.888s] 
[0.888s] -- The imported target "pvtk" references the file
[0.888s]    "/usr/bin/pvtk"
[0.888s] but this file does not exist.  Possible reasons include:
[0.888s] * The file was deleted, renamed, or moved to another location.
[0.889s] * An install or uninstall procedure did not complete successfully.
[0.889s] * The installation package was faulty and contained
[0.889s]    "/usr/lib/cmake/vtk-7.1/VTKTargets.cmake"
[0.889s] but not all the files it references.
[0.889s] 
[0.908s] -- OpenNI found (include: /usr/include/ni, lib: /usr/lib/libOpenNI.so)
[0.912s] -- OpenNI2 found (include: /usr/include/openni2, lib: /usr/lib/libOpenNI2.so)
[0.912s] ** WARNING ** io features related to pcap will be disabled
[0.912s] ** WARNING ** io features related to png will be disabled
[0.920s] ** WARNING ** io features related to libusb-1.0 will be disabled
[0.925s] -- OpenNI found (include: /usr/include/ni, lib: /usr/lib/libOpenNI.so)
[0.928s] -- OpenNI2 found (include: /usr/include/openni2, lib: /usr/lib/libOpenNI2.so)
[0.937s] -- QHULL found (include: /usr/include, lib: optimized;/usr/lib/x86_64-linux-gnu/libqhull.so;debug;/usr/lib/x86_64-linux-gnu/libqhull.so)
[0.941s] -- OpenNI found (include: /usr/include/ni, lib: /usr/lib/libOpenNI.so)
[0.949s] -- looking for PCL_COMMON
[0.949s] -- looking for PCL_KDTREE
[0.950s] -- looking for PCL_OCTREE
[0.950s] -- looking for PCL_SEARCH
[0.950s] -- looking for PCL_SAMPLE_CONSENSUS
[0.951s] -- looking for PCL_FILTERS
[0.951s] -- looking for PCL_2D
[0.952s] -- looking for PCL_GEOMETRY
[0.952s] -- looking for PCL_IO
[0.952s] -- looking for PCL_FEATURES
[0.953s] -- looking for PCL_ML
[0.953s] -- looking for PCL_SEGMENTATION
[0.954s] -- looking for PCL_VISUALIZATION
[0.954s] -- looking for PCL_SURFACE
[0.954s] -- looking for PCL_REGISTRATION
[0.955s] -- looking for PCL_KEYPOINTS
[0.955s] -- looking for PCL_TRACKING
[0.956s] -- looking for PCL_RECOGNITION
[0.956s] -- looking for PCL_STEREO
[0.956s] -- looking for PCL_APPS
[0.957s] -- looking for PCL_IN_HAND_SCANNER
[0.957s] -- looking for PCL_POINT_CLOUD_EDITOR
[0.958s] -- looking for PCL_OUTOFCORE
[0.958s] -- looking for PCL_PEOPLE
[1.035s] -- Found AMD headers in: /usr/include/suitesparse
[1.035s] -- Found AMD library: /usr/lib/x86_64-linux-gnu/libamd.so
[1.035s] -- Found CAMD headers in: /usr/include/suitesparse
[1.035s] -- Found CAMD library: /usr/lib/x86_64-linux-gnu/libcamd.so
[1.035s] -- Found CCOLAMD headers in: /usr/include/suitesparse
[1.035s] -- Found CCOLAMD library: /usr/lib/x86_64-linux-gnu/libccolamd.so
[1.035s] -- Found CHOLMOD headers in: /usr/include/suitesparse
[1.035s] -- Found CHOLMOD library: /usr/lib/x86_64-linux-gnu/libcholmod.so
[1.035s] -- Found COLAMD headers in: /usr/include/suitesparse
[1.035s] -- Found COLAMD library: /usr/lib/x86_64-linux-gnu/libcolamd.so
[1.036s] -- Found SPQR headers in: /usr/include/suitesparse
[1.036s] -- Found SPQR library: /usr/lib/x86_64-linux-gnu/libspqr.so
[1.036s] -- Found Config headers in: /usr/include/suitesparse
[1.036s] -- Found Config library: /usr/lib/x86_64-linux-gnu/libsuitesparseconfig.so
[1.036s] -- Found Intel Thread Building Blocks (TBB) library (2020.1 / 11101) include location: . Assuming SuiteSparseQR was compiled with TBB.
[1.036s] -- Adding librt to SuiteSparse_config libraries (required on Linux & Unix [not OSX] if SuiteSparse is compiled with timing).
[1.041s] -- Could NOT find METIS (missing: METIS_INCLUDE_DIR METIS_LIBRARY) 
[1.043s] -- Found required Ceres dependency: Eigen version 3.3.9 in /usr/local/share/eigen3/cmake
[1.044s] -- Found required Ceres dependency: glog
[1.046s] -- Found required Ceres dependency: gflags
[1.046s] -- Found Ceres version: 2.2.0 installed in: /usr/local with components: [EigenSparse, SparseLinearAlgebraLibrary, LAPACK, SuiteSparse, SchurSpecializations]
[1.047s] -- Found ament_lint_auto: 0.9.8 (/opt/ros/foxy/share/ament_lint_auto/cmake)
[1.128s] -- Added test 'copyright' to check source files copyright and LICENSE
[1.129s] -- Added test 'cppcheck' to perform static code analysis on C / C++ code
[1.129s] -- Configured cppcheck include dirs: 
[1.129s] -- Configured cppcheck exclude dirs and/or files: 
[1.130s] -- Added test 'cpplint' to check C / C++ code against the Google style
[1.130s] -- Configured cpplint exclude dirs and/or files: 
[1.130s] -- Added test 'lint_cmake' to check CMake code style
[1.131s] -- Added test 'uncrustify' to check C / C++ code style
[1.131s] -- Configured uncrustify additional arguments: 
[1.131s] -- Added test 'xmllint' to check XML markup files
[1.133s] -- Configuring done
[1.183s] -- Generating done
[1.184s] -- Build files have been written to: /home/weiwei/Desktop/project/ObsAvoidance/build/media
[1.211s] [35m[1mScanning dependencies of target media[0m
[1.267s] [ 33%] [32mBuilding CXX object CMakeFiles/media.dir/src/main.cpp.o[0m
[1.268s] [ 66%] [32mBuilding CXX object CMakeFiles/media.dir/src/media.cpp.o[0m
[5.917s] [01m[K/home/weiwei/Desktop/project/ObsAvoidance/src/media/src/media.cpp:[m[K In member function ‘[01m[Kvoid mediaNode::getScaleSlamToWorld(const ConstSharedPtr&, const ConstSharedPtr&)[m[K’:
[5.917s] [01m[K/home/weiwei/Desktop/project/ObsAvoidance/src/media/src/media.cpp:191:23:[m[K [01;35m[Kwarning: [m[Kcomparison of integer expressions of different signedness: ‘[01m[Kstd::vector<cv::Vec<float, 3> >::size_type[m[K’ {aka ‘[01m[Klong unsigned int[m[K’} and ‘[01m[Kint[m[K’ [[01;35m[K-Wsign-compare[m[K]
[5.917s]   191 |   if ([01;35m[Kcircles_.size() < circle_size_thresh[m[K)
[5.917s]       |       [01;35m[K~~~~~~~~~~~~~~~~^~~~~~~~~~~~~~~~~~~~[m[K
[5.917s] [01m[K/home/weiwei/Desktop/project/ObsAvoidance/src/media/src/media.cpp:194:17:[m[K [01;35m[Kwarning: [m[Kcomparison of integer expressions of different signedness: ‘[01m[Kint[m[K’ and ‘[01m[Kstd::vector<cv::Vec<float, 3> >::size_type[m[K’ {aka ‘[01m[Klong unsigned int[m[K’} [[01;35m[K-Wsign-compare[m[K]
[5.917s]   194 |   for (int i=0;[01;35m[Ki<circles_.size()[m[K;i++) {
[5.917s]       |                [01;35m[K~^~~~~~~~~~~~~~~~[m[K
[5.917s] [01m[K/home/weiwei/Desktop/project/ObsAvoidance/src/media/src/media.cpp:202:28:[m[K [01;35m[Kwarning: [m[Kcomparison of integer expressions of different signedness: ‘[01m[Kstd::vector<double, std::allocator<double> >::size_type[m[K’ {aka ‘[01m[Klong unsigned int[m[K’} and ‘[01m[Kint[m[K’ [[01;35m[K-Wsign-compare[m[K]
[5.917s]   202 |   if ([01;35m[KscaleFactList_.size()<scaleFactList_size_thresh[m[K)
[5.917s]       |       [01;35m[K~~~~~~~~~~~~~~~~~~~~~^~~~~~~~~~~~~~~~~~~~~~~~~~[m[K
[5.929s] [01m[K/home/weiwei/Desktop/project/ObsAvoidance/src/media/src/media.cpp:[m[K In member function ‘[01m[Kbool mediaNode::detectPoseCorrect(cv::Mat, interface::msg::Slam_<std::allocator<void> >::ConstSharedPtr, double&, cv::Vec3f)[m[K’:
[5.929s] [01m[K/home/weiwei/Desktop/project/ObsAvoidance/src/media/src/media.cpp:254:67:[m[K [01;35m[Kwarning: [m[Kcomparison of constant ‘[01m[K255[m[K’ with boolean expression is always true [[01;35m[K-Wbool-compare[m[K]
[5.929s]   254 |     if ([01;35m[Kimg_dilate.at<bool>((int)pixelPoint.x, (int)pixelPoint.y) != 255[m[K)
[5.929s]       |         [01;35m[K~~~~~~~~~~~~~~~~~~~~~~~~~~~~~~~~~~~~~~~~~~~~~~~~~~~~~~~~~~^~~~~~[m[K
[5.942s] [01m[K/home/weiwei/Desktop/project/ObsAvoidance/src/media/src/media.cpp:[m[K In member function ‘[01m[Kvoid mediaNode::ransacScaleFact()[m[K’:
[5.942s] [01m[K/home/weiwei/Desktop/project/ObsAvoidance/src/media/src/media.cpp:336:17:[m[K [01;35m[Kwarning: [m[Kcomparison of integer expressions of different signedness: ‘[01m[Kint[m[K’ and ‘[01m[Kstd::vector<double, std::allocator<double> >::size_type[m[K’ {aka ‘[01m[Klong unsigned int[m[K’} [[01;35m[K-Wsign-compare[m[K]
[5.942s]   336 |   for (int i=0;[01;35m[Ki<scaleFactList_.size()[m[K;i++)
[5.942s]       |                [01;35m[K~^~~~~~~~~~~~~~~~~~~~~~[m[K
[5.942s] [01m[K/home/weiwei/Desktop/project/ObsAvoidance/src/media/src/media.cpp:355:21:[m[K [01;35m[Kwarning: [m[Kcomparison of integer expressions of different signedness: ‘[01m[Kint[m[K’ and ‘[01m[Kstd::vector<double, std::allocator<double> >::size_type[m[K’ {aka ‘[01m[Klong unsigned int[m[K’} [[01;35m[K-Wsign-compare[m[K]
[5.942s]   355 |     for (int j = 0;[01;35m[Kj<scaleFactList_.size()[m[K;j++)
[5.942s]       |                    [01;35m[K~^~~~~~~~~~~~~~~~~~~~~~[m[K
[6.335s] In file included from [01m[K/usr/local/include/eigen3/Eigen/Core:366[m[K,
[6.335s]                  from [01m[K/usr/include/pcl-1.10/pcl/pcl_macros.h:75[m[K,
[6.335s]                  from [01m[K/usr/include/pcl-1.10/pcl/PCLPointField.h:10[m[K,
[6.335s]                  from [01m[K/usr/include/pcl-1.10/pcl/conversions.h:46[m[K,
[6.335s]                  from [01m[K/home/weiwei/Desktop/project/ObsAvoidance/src/media/src/media.hpp:4[m[K,
[6.335s]                  from [01m[K/home/weiwei/Desktop/project/ObsAvoidance/src/media/src/media.cpp:3[m[K:
[6.335s] /usr/local/include/eigen3/Eigen/src/Core/Matrix.h: In instantiation of ‘[01m[KEigen::Matrix<_Scalar, _Rows, _Cols, _Options, _MaxRows, _MaxCols>::Matrix(const Scalar&, const Scalar&, const Scalar&, const Scalar&) [with _Scalar = double; int _Rows = 3; int _Cols = 3; int _Options = 0; int _MaxRows = 3; int _MaxCols = 3; Eigen::Matrix<_Scalar, _Rows, _Cols, _Options, _MaxRows, _MaxCols>::Scalar = double][m[K’:
[6.335s] [01m[K/home/weiwei/Desktop/project/ObsAvoidance/src/media/src/media.cpp:117:55:[m[K   required from here
[6.335s] [01m[K/usr/local/include/eigen3/Eigen/src/Core/Matrix.h:358:7:[m[K [01;31m[Kerror: [m[Kstatic assertion failed: THIS_METHOD_IS_ONLY_FOR_VECTORS_OF_A_SPECIFIC_SIZE
[6.335s]   358 |       [01;31m[KE[m[KIGEN_STATIC_ASSERT_VECTOR_SPECIFIC_SIZE(Matrix, 4)
[6.335s]       |       [01;31m[K^[m[K
[6.710s] In file included from [01m[K/usr/local/include/eigen3/Eigen/Geometry:42[m[K,
[6.710s]                  from [01m[K/usr/include/pcl-1.10/pcl/point_cloud.h:46[m[K,
[6.711s]                  from [01m[K/usr/include/pcl-1.10/pcl/conversions.h:49[m[K,
[6.711s]                  from [01m[K/home/weiwei/Desktop/project/ObsAvoidance/src/media/src/media.hpp:4[m[K,
[6.711s]                  from [01m[K/home/weiwei/Desktop/project/ObsAvoidance/src/media/src/media.cpp:3[m[K:
[6.711s] /usr/local/include/eigen3/Eigen/src/Geometry/Quaternion.h: In instantiation of ‘[01m[KDerived& Eigen::QuaternionBase<Derived>::operator=(const Eigen::MatrixBase<OtherDerived>&) [with OtherDerived = Eigen::Block<Eigen::Matrix<double, 4, 4>, -1, -1, false>; Derived = Eigen::Quaternion<double>][m[K’:
[6.711s] [01m[K/usr/local/include/eigen3/Eigen/src/Geometry/Quaternion.h:275:90:[m[K   required from ‘[01m[KEigen::Quaternion<Scalar, Options>::Quaternion(const Eigen::MatrixBase<OtherDerived>&) [with Derived = Eigen::Block<Eigen::Matrix<double, 4, 4>, -1, -1, false>; _Scalar = double; int _Options = 0][m[K’
[6.711s] [01m[K/home/weiwei/Desktop/project/ObsAvoidance/src/media/src/media.cpp:125:60:[m[K   required from here
[6.711s] [01m[K/usr/local/include/eigen3/Eigen/src/Geometry/Quaternion.h:530:59:[m[K [01;31m[Kerror: [m[Kincomplete type ‘[01m[KEigen::internal::quaternionbase_assign_impl<Eigen::Block<Eigen::Matrix<double, 4, 4>, -1, -1, false>, -1, -1>[m[K’ used in nested name specifier
[6.711s]   530 |   [01;31m[Kinternal::quaternionbase_assign_impl<MatrixDerived>::run(*this, xpr.derived())[m[K;
[6.711s]       |   [01;31m[K~~~~~~~~~~~~~~~~~~~~~~~~~~~~~~~~~~~~~~~~~~~~~~~~~~~~~~~~^~~~~~~~~~~~~~~~~~~~~~[m[K
[10.679s] make[2]: *** [CMakeFiles/media.dir/build.make:76：CMakeFiles/media.dir/src/media.cpp.o] 错误 1
[10.679s] make[1]: *** [CMakeFiles/Makefile2:78：CMakeFiles/media.dir/all] 错误 2
[10.679s] make: *** [Makefile:141：all] 错误 2
[10.681s] Invoked command in '/home/weiwei/Desktop/project/ObsAvoidance/build/media' returned '2': CMAKE_PREFIX_PATH=/home/weiwei/Desktop/project/ObsAvoidance/install/interface:/home/weiwei/Desktop/project/ObsAvoidance/install/orbslam:/home/weiwei/Desktop/project/ObsAvoidance/install/model:/home/weiwei/Desktop/project/ObsAvoidance/install/media:/opt/ros/foxy /usr/bin/cmake --build /home/weiwei/Desktop/project/ObsAvoidance/build/media -- -j16 -l16
