[0.230s] Invoking command in '/home/weiwei/Desktop/project/ObsAvoidance/build/media': AMENT_PREFIX_PATH=/home/weiwei/Desktop/project/ObsAvoidance/install/interface:${AMENT_PREFIX_PATH} CMAKE_PREFIX_PATH=/home/weiwei/Desktop/project/ObsAvoidance/install/interface:/opt/ros/foxy LD_LIBRARY_PATH=/home/weiwei/Desktop/project/ObsAvoidance/install/interface/lib:${LD_LIBRARY_PATH} PYTHONPATH=/home/weiwei/Desktop/project/ObsAvoidance/install/interface/lib/python3.8/site-packages:${PYTHONPATH} /usr/bin/cmake /home/weiwei/Desktop/project/ObsAvoidance/src/media -DCMAKE_INSTALL_PREFIX=/home/weiwei/Desktop/project/ObsAvoidance/install/media
[0.264s] -- The C compiler identification is GNU 9.4.0
[0.298s] -- The CXX compiler identification is GNU 9.4.0
[0.301s] -- Check for working C compiler: /usr/bin/cc
[0.344s] -- Check for working C compiler: /usr/bin/cc -- works
[0.344s] -- Detecting C compiler ABI info
[0.388s] -- Detecting C compiler ABI info - done
[0.395s] -- Detecting C compile features
[0.395s] -- Detecting C compile features - done
[0.396s] -- Check for working CXX compiler: /usr/bin/c++
[0.445s] -- Check for working CXX compiler: /usr/bin/c++ -- works
[0.446s] -- Detecting CXX compiler ABI info
[0.498s] -- Detecting CXX compiler ABI info - done
[0.505s] -- Detecting CXX compile features
[0.505s] -- Detecting CXX compile features - done
[0.507s] -- Found ament_cmake: 0.9.12 (/opt/ros/foxy/share/ament_cmake/cmake)
[0.522s] -- Found PythonInterp: /usr/bin/python3 (found suitable version "3.8.10", minimum required is "3") 
[0.522s] -- Using PYTHON_EXECUTABLE: /usr/bin/python3
[0.651s] -- Found rclcpp: 2.4.3 (/opt/ros/foxy/share/rclcpp/cmake)
[0.684s] -- Using all available rosidl_typesupport_c: rosidl_typesupport_fastrtps_c;rosidl_typesupport_introspection_c
[0.689s] -- Found rosidl_adapter: 1.3.1 (/opt/ros/foxy/share/rosidl_adapter/cmake)
[0.747s] -- Found OpenSSL: /usr/lib/x86_64-linux-gnu/libcrypto.so (found version "1.1.1f")  
[0.780s] -- Found FastRTPS: /opt/ros/foxy/include  
[0.844s] -- Using all available rosidl_typesupport_cpp: rosidl_typesupport_fastrtps_cpp;rosidl_typesupport_introspection_cpp
[0.882s] -- Found rmw_implementation_cmake: 1.0.4 (/opt/ros/foxy/share/rmw_implementation_cmake/cmake)
[0.883s] -- Using RMW implementation 'rmw_fastrtps_cpp' as default
[0.883s] -- Looking for pthread.h
[0.926s] -- Looking for pthread.h - found
[0.926s] -- Performing Test CMAKE_HAVE_LIBC_PTHREAD
[0.977s] -- Performing Test CMAKE_HAVE_LIBC_PTHREAD - Failed
[0.977s] -- Looking for pthread_create in pthreads
[1.014s] -- Looking for pthread_create in pthreads - not found
[1.014s] -- Looking for pthread_create in pthread
[1.059s] -- Looking for pthread_create in pthread - found
[1.060s] -- Found Threads: TRUE  
[1.158s] -- Found interface: 0.0.0 (/home/weiwei/Desktop/project/ObsAvoidance/install/interface/share/interface/cmake)
[1.322s] -- Found cv_bridge: 3.0.7 (/opt/ros/foxy/share/cv_bridge/cmake)
[1.341s] -- Found message_filters: 3.2.7 (/opt/ros/foxy/share/message_filters/cmake)
[1.344s] -- Found pcl_conversions: 2.2.1 (/opt/ros/foxy/share/pcl_conversions/cmake)
[1.467s] -- Checking for module 'eigen3'
[1.478s] --   Found eigen3, version 3.3.9
[1.502s] -- Found Eigen: /usr/include/eigen3 (Required is at least version "3.1") 
[1.502s] -- Eigen found (include: /usr/include/eigen3, version: 3.3.7)
[1.534s] -- Found Boost: /usr/include (found suitable version "1.71.0", minimum required is "1.55.0") found components: system filesystem date_time iostreams regex 
[1.545s] -- Checking for module 'flann'
[1.556s] --   Found flann, version 1.9.1
[1.583s] -- Found FLANN: /usr/lib/x86_64-linux-gnu/libflann_cpp.so  
[1.620s] -- The imported target "vtkParseOGLExt" references the file
[1.621s]    "/usr/bin/vtkParseOGLExt-7.1"
[1.621s] but this file does not exist.  Possible reasons include:
[1.621s] * The file was deleted, renamed, or moved to another location.
[1.621s] * An install or uninstall procedure did not complete successfully.
[1.621s] * The installation package was faulty and contained
[1.621s]    "/usr/lib/cmake/vtk-7.1/VTKTargets.cmake"
[1.621s] but not all the files it references.
[1.621s] 
[1.621s] -- The imported target "vtkRenderingPythonTkWidgets" references the file
[1.621s]    "/usr/lib/x86_64-linux-gnu/libvtkRenderingPythonTkWidgets.so"
[1.621s] but this file does not exist.  Possible reasons include:
[1.621s] * The file was deleted, renamed, or moved to another location.
[1.621s] * An install or uninstall procedure did not complete successfully.
[1.621s] * The installation package was faulty and contained
[1.621s]    "/usr/lib/cmake/vtk-7.1/VTKTargets.cmake"
[1.622s] but not all the files it references.
[1.622s] 
[1.622s] -- The imported target "vtk" references the file
[1.622s]    "/usr/bin/vtk"
[1.622s] but this file does not exist.  Possible reasons include:
[1.622s] * The file was deleted, renamed, or moved to another location.
[1.622s] * An install or uninstall procedure did not complete successfully.
[1.622s] * The installation package was faulty and contained
[1.622s]    "/usr/lib/cmake/vtk-7.1/VTKTargets.cmake"
[1.622s] but not all the files it references.
[1.622s] 
[1.622s] -- The imported target "pvtk" references the file
[1.622s]    "/usr/bin/pvtk"
[1.622s] but this file does not exist.  Possible reasons include:
[1.622s] * The file was deleted, renamed, or moved to another location.
[1.622s] * An install or uninstall procedure did not complete successfully.
[1.622s] * The installation package was faulty and contained
[1.622s]    "/usr/lib/cmake/vtk-7.1/VTKTargets.cmake"
[1.622s] but not all the files it references.
[1.622s] 
[1.641s] -- Checking for module 'libusb-1.0'
[1.650s] --   Found libusb-1.0, version 1.0.23
[1.677s] -- Found USB_10: /usr/lib/x86_64-linux-gnu/libusb-1.0.so  
[1.712s] -- Found OpenNI: /usr/lib/libOpenNI.so  
[1.712s] -- OpenNI found (include: /usr/include/ni, lib: /usr/lib/libOpenNI.so)
[1.755s] -- Found OpenNI2: /usr/lib/libOpenNI2.so  
[1.755s] -- OpenNI2 found (include: /usr/include/openni2, lib: /usr/lib/libOpenNI2.so)
[1.755s] ** WARNING ** io features related to pcap will be disabled
[1.755s] ** WARNING ** io features related to png will be disabled
[1.770s] -- Found libusb-1.0: /usr/include  
[1.770s] ** WARNING ** io features related to libusb-1.0 will be disabled
[1.776s] -- OpenNI found (include: /usr/include/ni, lib: /usr/lib/libOpenNI.so)
[1.781s] -- OpenNI2 found (include: /usr/include/openni2, lib: /usr/lib/libOpenNI2.so)
[1.801s] -- Found Qhull: optimized;/usr/lib/x86_64-linux-gnu/libqhull.so;debug;/usr/lib/x86_64-linux-gnu/libqhull.so  
[1.801s] -- QHULL found (include: /usr/include, lib: optimized;/usr/lib/x86_64-linux-gnu/libqhull.so;debug;/usr/lib/x86_64-linux-gnu/libqhull.so)
[1.806s] -- OpenNI found (include: /usr/include/ni, lib: /usr/lib/libOpenNI.so)
[1.814s] -- looking for PCL_COMMON
[1.815s] -- Found PCL_COMMON: /usr/lib/x86_64-linux-gnu/libpcl_common.so  
[1.815s] -- looking for PCL_KDTREE
[1.816s] -- Found PCL_KDTREE: /usr/lib/x86_64-linux-gnu/libpcl_kdtree.so  
[1.817s] -- looking for PCL_OCTREE
[1.818s] -- Found PCL_OCTREE: /usr/lib/x86_64-linux-gnu/libpcl_octree.so  
[1.818s] -- looking for PCL_SEARCH
[1.819s] -- Found PCL_SEARCH: /usr/lib/x86_64-linux-gnu/libpcl_search.so  
[1.819s] -- looking for PCL_SAMPLE_CONSENSUS
[1.819s] -- Found PCL_SAMPLE_CONSENSUS: /usr/lib/x86_64-linux-gnu/libpcl_sample_consensus.so  
[1.820s] -- looking for PCL_FILTERS
[1.820s] -- Found PCL_FILTERS: /usr/lib/x86_64-linux-gnu/libpcl_filters.so  
[1.821s] -- looking for PCL_2D
[1.821s] -- Found PCL_2D: /usr/include/pcl-1.10  
[1.821s] -- looking for PCL_GEOMETRY
[1.821s] -- Found PCL_GEOMETRY: /usr/include/pcl-1.10  
[1.821s] -- looking for PCL_IO
[1.822s] -- Found PCL_IO: /usr/lib/x86_64-linux-gnu/libpcl_io.so  
[1.822s] -- looking for PCL_FEATURES
[1.823s] -- Found PCL_FEATURES: /usr/lib/x86_64-linux-gnu/libpcl_features.so  
[1.823s] -- looking for PCL_ML
[1.824s] -- Found PCL_ML: /usr/lib/x86_64-linux-gnu/libpcl_ml.so  
[1.824s] -- looking for PCL_SEGMENTATION
[1.825s] -- Found PCL_SEGMENTATION: /usr/lib/x86_64-linux-gnu/libpcl_segmentation.so  
[1.825s] -- looking for PCL_VISUALIZATION
[1.826s] -- Found PCL_VISUALIZATION: /usr/lib/x86_64-linux-gnu/libpcl_visualization.so  
[1.826s] -- looking for PCL_SURFACE
[1.827s] -- Found PCL_SURFACE: /usr/lib/x86_64-linux-gnu/libpcl_surface.so  
[1.827s] -- looking for PCL_REGISTRATION
[1.828s] -- Found PCL_REGISTRATION: /usr/lib/x86_64-linux-gnu/libpcl_registration.so  
[1.828s] -- looking for PCL_KEYPOINTS
[1.829s] -- Found PCL_KEYPOINTS: /usr/lib/x86_64-linux-gnu/libpcl_keypoints.so  
[1.829s] -- looking for PCL_TRACKING
[1.830s] -- Found PCL_TRACKING: /usr/lib/x86_64-linux-gnu/libpcl_tracking.so  
[1.830s] -- looking for PCL_RECOGNITION
[1.831s] -- Found PCL_RECOGNITION: /usr/lib/x86_64-linux-gnu/libpcl_recognition.so  
[1.831s] -- looking for PCL_STEREO
[1.832s] -- Found PCL_STEREO: /usr/lib/x86_64-linux-gnu/libpcl_stereo.so  
[1.832s] -- looking for PCL_APPS
[1.833s] -- Found PCL_APPS: /usr/lib/x86_64-linux-gnu/libpcl_apps.so  
[1.834s] -- looking for PCL_IN_HAND_SCANNER
[1.834s] -- Found PCL_IN_HAND_SCANNER: /usr/include/pcl-1.10  
[1.834s] -- looking for PCL_POINT_CLOUD_EDITOR
[1.835s] -- Found PCL_POINT_CLOUD_EDITOR: /usr/include/pcl-1.10  
[1.835s] -- looking for PCL_OUTOFCORE
[1.835s] -- Found PCL_OUTOFCORE: /usr/lib/x86_64-linux-gnu/libpcl_outofcore.so  
[1.836s] -- looking for PCL_PEOPLE
[1.836s] -- Found PCL_PEOPLE: /usr/lib/x86_64-linux-gnu/libpcl_people.so  
[1.837s] -- Found PCL: pcl_common;pcl_kdtree;pcl_octree;pcl_search;pcl_sample_consensus;pcl_filters;pcl_io;pcl_features;pcl_ml;pcl_segmentation;pcl_visualization;pcl_surface;pcl_registration;pcl_keypoints;pcl_tracking;pcl_recognition;pcl_stereo;pcl_apps;pcl_outofcore;pcl_people;/usr/lib/x86_64-linux-gnu/libboost_system.so;/usr/lib/x86_64-linux-gnu/libboost_filesystem.so;/usr/lib/x86_64-linux-gnu/libboost_date_time.so;/usr/lib/x86_64-linux-gnu/libboost_iostreams.so;/usr/lib/x86_64-linux-gnu/libboost_regex.so;optimized;/usr/lib/x86_64-linux-gnu/libqhull.so;debug;/usr/lib/x86_64-linux-gnu/libqhull.so;/usr/lib/libOpenNI.so;/usr/lib/libOpenNI2.so;vtkChartsCore;vtkCommonColor;vtkCommonCore;vtksys;vtkCommonDataModel;vtkCommonMath;vtkCommonMisc;vtkCommonSystem;vtkCommonTransforms;vtkCommonExecutionModel;vtkFiltersGeneral;vtkCommonComputationalGeometry;vtkFiltersCore;vtkInfovisCore;vtkFiltersExtraction;vtkFiltersStatistics;vtkImagingFourier;vtkImagingCore;vtkalglib;vtkRenderingContext2D;vtkRenderingCore;vtkFiltersGeometry;vtkFiltersSources;vtkRenderingFreeType;/usr/lib/x86_64-linux-gnu/libfreetype.so;/usr/lib/x86_64-linux-gnu/libz.so;vtkFiltersModeling;vtkImagingSources;vtkInteractionStyle;vtkInteractionWidgets;vtkFiltersHybrid;vtkImagingColor;vtkImagingGeneral;vtkImagingHybrid;vtkIOImage;vtkDICOMParser;vtkmetaio;/usr/lib/x86_64-linux-gnu/libjpeg.so;/usr/lib/x86_64-linux-gnu/libpng.so;/usr/lib/x86_64-linux-gnu/libtiff.so;vtkRenderingAnnotation;vtkRenderingVolume;vtkIOXML;vtkIOCore;vtkIOXMLParser;/usr/lib/x86_64-linux-gnu/libexpat.so;vtkIOGeometry;vtkIOLegacy;vtkIOPLY;vtkRenderingLOD;vtkViewsContext2D;vtkViewsCore;vtkRenderingContextOpenGL2;vtkRenderingOpenGL2;FLANN::FLANN  
[2.016s] -- Found BLAS: /usr/lib/x86_64-linux-gnu/libblas.so  
[2.133s] -- Found AMD headers in: /usr/include/suitesparse
[2.134s] -- Found AMD library: /usr/lib/x86_64-linux-gnu/libamd.so
[2.135s] -- Found CAMD headers in: /usr/include/suitesparse
[2.136s] -- Found CAMD library: /usr/lib/x86_64-linux-gnu/libcamd.so
[2.136s] -- Found CCOLAMD headers in: /usr/include/suitesparse
[2.137s] -- Found CCOLAMD library: /usr/lib/x86_64-linux-gnu/libccolamd.so
[2.137s] -- Found CHOLMOD headers in: /usr/include/suitesparse
[2.137s] -- Found CHOLMOD library: /usr/lib/x86_64-linux-gnu/libcholmod.so
[2.138s] -- Found COLAMD headers in: /usr/include/suitesparse
[2.138s] -- Found COLAMD library: /usr/lib/x86_64-linux-gnu/libcolamd.so
[2.139s] -- Found SPQR headers in: /usr/include/suitesparse
[2.139s] -- Found SPQR library: /usr/lib/x86_64-linux-gnu/libspqr.so
[2.139s] -- Found Config headers in: /usr/include/suitesparse
[2.140s] -- Found Config library: /usr/lib/x86_64-linux-gnu/libsuitesparseconfig.so
[2.143s] -- Found Intel Thread Building Blocks (TBB) library (2020.1 / 11101) include location: . Assuming SuiteSparseQR was compiled with TBB.
[2.143s] -- Looking for shm_open in rt
[2.189s] -- Looking for shm_open in rt - found
[2.189s] -- Adding librt to SuiteSparse_config libraries (required on Linux & Unix [not OSX] if SuiteSparse is compiled with timing).
[2.194s] -- Could NOT find METIS (missing: METIS_INCLUDE_DIR METIS_LIBRARY) 
[2.194s] -- Found SuiteSparse: /usr/include/suitesparse (found suitable version "5.7.1", minimum required is "5.7.1") found components: AMD CAMD CCOLAMD CHOLMOD COLAMD SPQR Config 
[2.196s] -- Found required Ceres dependency: Eigen version 3.3.9 in /usr/local/share/eigen3/cmake
[2.198s] -- Found required Ceres dependency: glog
[2.201s] -- Found required Ceres dependency: gflags
[2.202s] -- Found Ceres version: 2.2.0 installed in: /usr/local with components: [EigenSparse, SparseLinearAlgebraLibrary, LAPACK, SuiteSparse, SchurSpecializations]
[2.203s] -- Found ament_lint_auto: 0.9.8 (/opt/ros/foxy/share/ament_lint_auto/cmake)
[2.315s] -- Added test 'copyright' to check source files copyright and LICENSE
[2.316s] -- Added test 'cppcheck' to perform static code analysis on C / C++ code
[2.317s] -- Configured cppcheck include dirs: 
[2.317s] -- Configured cppcheck exclude dirs and/or files: 
[2.318s] -- Added test 'cpplint' to check C / C++ code against the Google style
[2.318s] -- Configured cpplint exclude dirs and/or files: 
[2.319s] -- Added test 'lint_cmake' to check CMake code style
[2.319s] -- Added test 'uncrustify' to check C / C++ code style
[2.319s] -- Configured uncrustify additional arguments: 
[2.320s] -- Added test 'xmllint' to check XML markup files
[2.323s] -- Configuring done
[2.384s] -- Generating done
[2.385s] -- Build files have been written to: /home/weiwei/Desktop/project/ObsAvoidance/build/media
[2.395s] Invoked command in '/home/weiwei/Desktop/project/ObsAvoidance/build/media' returned '0': AMENT_PREFIX_PATH=/home/weiwei/Desktop/project/ObsAvoidance/install/interface:${AMENT_PREFIX_PATH} CMAKE_PREFIX_PATH=/home/weiwei/Desktop/project/ObsAvoidance/install/interface:/opt/ros/foxy LD_LIBRARY_PATH=/home/weiwei/Desktop/project/ObsAvoidance/install/interface/lib:${LD_LIBRARY_PATH} PYTHONPATH=/home/weiwei/Desktop/project/ObsAvoidance/install/interface/lib/python3.8/site-packages:${PYTHONPATH} /usr/bin/cmake /home/weiwei/Desktop/project/ObsAvoidance/src/media -DCMAKE_INSTALL_PREFIX=/home/weiwei/Desktop/project/ObsAvoidance/install/media
[2.396s] Invoking command in '/home/weiwei/Desktop/project/ObsAvoidance/build/media': AMENT_PREFIX_PATH=/home/weiwei/Desktop/project/ObsAvoidance/install/interface:${AMENT_PREFIX_PATH} CMAKE_PREFIX_PATH=/home/weiwei/Desktop/project/ObsAvoidance/install/interface:/opt/ros/foxy LD_LIBRARY_PATH=/home/weiwei/Desktop/project/ObsAvoidance/install/interface/lib:${LD_LIBRARY_PATH} PYTHONPATH=/home/weiwei/Desktop/project/ObsAvoidance/install/interface/lib/python3.8/site-packages:${PYTHONPATH} /usr/bin/cmake --build /home/weiwei/Desktop/project/ObsAvoidance/build/media -- -j16 -l16
[2.428s] [35m[1mScanning dependencies of target media[0m
[2.523s] [ 66%] [32mBuilding CXX object CMakeFiles/media.dir/src/main.cpp.o[0m
[2.523s] [ 66%] [32mBuilding CXX object CMakeFiles/media.dir/src/media.cpp.o[0m
[7.262s] [01m[K/home/weiwei/Desktop/project/ObsAvoidance/src/media/src/media.cpp:[m[K In member function ‘[01m[Kvoid mediaNode::getScaleSlamToWorld(const ConstSharedPtr&, const ConstSharedPtr&)[m[K’:
[7.262s] [01m[K/home/weiwei/Desktop/project/ObsAvoidance/src/media/src/media.cpp:171:23:[m[K [01;35m[Kwarning: [m[Kcomparison of integer expressions of different signedness: ‘[01m[Kstd::vector<cv::Vec<float, 3> >::size_type[m[K’ {aka ‘[01m[Klong unsigned int[m[K’} and ‘[01m[Kint[m[K’ [[01;35m[K-Wsign-compare[m[K]
[7.262s]   171 |   if ([01;35m[Kcircles_.size() < circle_size_thresh[m[K)
[7.262s]       |       [01;35m[K~~~~~~~~~~~~~~~~^~~~~~~~~~~~~~~~~~~~[m[K
[7.262s] [01m[K/home/weiwei/Desktop/project/ObsAvoidance/src/media/src/media.cpp:173:17:[m[K [01;35m[Kwarning: [m[Kcomparison of integer expressions of different signedness: ‘[01m[Kint[m[K’ and ‘[01m[Kstd::vector<cv::Vec<float, 3> >::size_type[m[K’ {aka ‘[01m[Klong unsigned int[m[K’} [[01;35m[K-Wsign-compare[m[K]
[7.262s]   173 |   for (int i=0;[01;35m[Ki<circles_.size()[m[K;i++) {
[7.262s]       |                [01;35m[K~^~~~~~~~~~~~~~~~[m[K
[7.262s] [01m[K/home/weiwei/Desktop/project/ObsAvoidance/src/media/src/media.cpp:179:28:[m[K [01;35m[Kwarning: [m[Kcomparison of integer expressions of different signedness: ‘[01m[Kstd::vector<double, std::allocator<double> >::size_type[m[K’ {aka ‘[01m[Klong unsigned int[m[K’} and ‘[01m[Kint[m[K’ [[01;35m[K-Wsign-compare[m[K]
[7.262s]   179 |   if ([01;35m[KscaleFactList_.size()<scaleFactList_size_thresh[m[K)
[7.262s]       |       [01;35m[K~~~~~~~~~~~~~~~~~~~~~^~~~~~~~~~~~~~~~~~~~~~~~~~[m[K
[7.282s] [01m[K/home/weiwei/Desktop/project/ObsAvoidance/src/media/src/media.cpp:[m[K In member function ‘[01m[Kbool mediaNode::detectPoseCorrect(cv::Mat, interface::msg::Slam_<std::allocator<void> >::ConstSharedPtr, double&, cv::Vec3f)[m[K’:
[7.282s] [01m[K/home/weiwei/Desktop/project/ObsAvoidance/src/media/src/media.cpp:230:67:[m[K [01;35m[Kwarning: [m[Kcomparison of constant ‘[01m[K255[m[K’ with boolean expression is always true [[01;35m[K-Wbool-compare[m[K]
[7.282s]   230 |     if ([01;35m[Kimg_dilate.at<bool>((int)pixelPoint.x, (int)pixelPoint.y) != 255[m[K)
[7.282s]       |         [01;35m[K~~~~~~~~~~~~~~~~~~~~~~~~~~~~~~~~~~~~~~~~~~~~~~~~~~~~~~~~~~^~~~~~[m[K
[7.298s] [01m[K/home/weiwei/Desktop/project/ObsAvoidance/src/media/src/media.cpp:[m[K In member function ‘[01m[Kvoid mediaNode::ransacScaleFact()[m[K’:
[7.298s] [01m[K/home/weiwei/Desktop/project/ObsAvoidance/src/media/src/media.cpp:323:21:[m[K [01;35m[Kwarning: [m[Kcomparison of integer expressions of different signedness: ‘[01m[Kint[m[K’ and ‘[01m[Kstd::vector<double, std::allocator<double> >::size_type[m[K’ {aka ‘[01m[Klong unsigned int[m[K’} [[01;35m[K-Wsign-compare[m[K]
[7.298s]   323 |     for (int j = 0;[01;35m[Kj<scaleFactList_.size()[m[K;j++)
[7.298s]       |                    [01;35m[K~^~~~~~~~~~~~~~~~~~~~~~[m[K
[16.007s] [100%] [32m[1mLinking CXX executable media[0m
[17.225s] [100%] Built target media
[17.236s] Invoked command in '/home/weiwei/Desktop/project/ObsAvoidance/build/media' returned '0': AMENT_PREFIX_PATH=/home/weiwei/Desktop/project/ObsAvoidance/install/interface:${AMENT_PREFIX_PATH} CMAKE_PREFIX_PATH=/home/weiwei/Desktop/project/ObsAvoidance/install/interface:/opt/ros/foxy LD_LIBRARY_PATH=/home/weiwei/Desktop/project/ObsAvoidance/install/interface/lib:${LD_LIBRARY_PATH} PYTHONPATH=/home/weiwei/Desktop/project/ObsAvoidance/install/interface/lib/python3.8/site-packages:${PYTHONPATH} /usr/bin/cmake --build /home/weiwei/Desktop/project/ObsAvoidance/build/media -- -j16 -l16
[17.252s] Invoking command in '/home/weiwei/Desktop/project/ObsAvoidance/build/media': AMENT_PREFIX_PATH=/home/weiwei/Desktop/project/ObsAvoidance/install/interface:${AMENT_PREFIX_PATH} CMAKE_PREFIX_PATH=/home/weiwei/Desktop/project/ObsAvoidance/install/interface:/opt/ros/foxy LD_LIBRARY_PATH=/home/weiwei/Desktop/project/ObsAvoidance/install/interface/lib:${LD_LIBRARY_PATH} PYTHONPATH=/home/weiwei/Desktop/project/ObsAvoidance/install/interface/lib/python3.8/site-packages:${PYTHONPATH} /usr/bin/cmake --install /home/weiwei/Desktop/project/ObsAvoidance/build/media
[17.257s] -- Install configuration: ""
[17.257s] -- Installing: /home/weiwei/Desktop/project/ObsAvoidance/install/media/lib/media/media
[17.259s] -- Set runtime path of "/home/weiwei/Desktop/project/ObsAvoidance/install/media/lib/media/media" to ""
[17.259s] -- Installing: /home/weiwei/Desktop/project/ObsAvoidance/install/media/share/ament_index/resource_index/package_run_dependencies/media
[17.259s] -- Installing: /home/weiwei/Desktop/project/ObsAvoidance/install/media/share/ament_index/resource_index/parent_prefix_path/media
[17.259s] -- Installing: /home/weiwei/Desktop/project/ObsAvoidance/install/media/share/media/environment/ament_prefix_path.sh
[17.259s] -- Installing: /home/weiwei/Desktop/project/ObsAvoidance/install/media/share/media/environment/ament_prefix_path.dsv
[17.259s] -- Installing: /home/weiwei/Desktop/project/ObsAvoidance/install/media/share/media/environment/path.sh
[17.259s] -- Installing: /home/weiwei/Desktop/project/ObsAvoidance/install/media/share/media/environment/path.dsv
[17.259s] -- Installing: /home/weiwei/Desktop/project/ObsAvoidance/install/media/share/media/local_setup.bash
[17.259s] -- Installing: /home/weiwei/Desktop/project/ObsAvoidance/install/media/share/media/local_setup.sh
[17.259s] -- Installing: /home/weiwei/Desktop/project/ObsAvoidance/install/media/share/media/local_setup.zsh
[17.260s] -- Installing: /home/weiwei/Desktop/project/ObsAvoidance/install/media/share/media/local_setup.dsv
[17.260s] -- Installing: /home/weiwei/Desktop/project/ObsAvoidance/install/media/share/media/package.dsv
[17.260s] -- Installing: /home/weiwei/Desktop/project/ObsAvoidance/install/media/share/ament_index/resource_index/packages/media
[17.260s] -- Installing: /home/weiwei/Desktop/project/ObsAvoidance/install/media/share/media/cmake/mediaConfig.cmake
[17.260s] -- Installing: /home/weiwei/Desktop/project/ObsAvoidance/install/media/share/media/cmake/mediaConfig-version.cmake
[17.260s] -- Installing: /home/weiwei/Desktop/project/ObsAvoidance/install/media/share/media/package.xml
[17.261s] Invoked command in '/home/weiwei/Desktop/project/ObsAvoidance/build/media' returned '0': AMENT_PREFIX_PATH=/home/weiwei/Desktop/project/ObsAvoidance/install/interface:${AMENT_PREFIX_PATH} CMAKE_PREFIX_PATH=/home/weiwei/Desktop/project/ObsAvoidance/install/interface:/opt/ros/foxy LD_LIBRARY_PATH=/home/weiwei/Desktop/project/ObsAvoidance/install/interface/lib:${LD_LIBRARY_PATH} PYTHONPATH=/home/weiwei/Desktop/project/ObsAvoidance/install/interface/lib/python3.8/site-packages:${PYTHONPATH} /usr/bin/cmake --install /home/weiwei/Desktop/project/ObsAvoidance/build/media
