[0.200s] Invoking command in '/home/weiwei/Desktop/project/ObsAvoidance/build/path_planner': CMAKE_PREFIX_PATH=/home/weiwei/Desktop/project/ObsAvoidance/install/interface:/home/weiwei/Desktop/project/ObsAvoidance/install/path_planner:/home/weiwei/Desktop/project/ObsAvoidance/install/orbslam:/home/weiwei/Desktop/project/ObsAvoidance/install/model:/home/weiwei/Desktop/project/ObsAvoidance/install/media:/opt/ros/foxy /usr/bin/cmake /home/weiwei/Desktop/project/ObsAvoidance/src/path_planner -DCMAKE_INSTALL_PREFIX=/home/weiwei/Desktop/project/ObsAvoidance/install/path_planner
[0.235s] -- The C compiler identification is GNU 9.4.0
[0.273s] -- The CXX compiler identification is GNU 9.4.0
[0.276s] -- Check for working C compiler: /usr/bin/cc
[0.324s] -- Check for working C compiler: /usr/bin/cc -- works
[0.325s] -- Detecting C compiler ABI info
[0.366s] -- Detecting C compiler ABI info - done
[0.379s] -- Detecting C compile features
[0.380s] -- Detecting C compile features - done
[0.382s] -- Check for working CXX compiler: /usr/bin/c++
[0.434s] -- Check for working CXX compiler: /usr/bin/c++ -- works
[0.435s] -- Detecting CXX compiler ABI info
[0.485s] -- Detecting CXX compiler ABI info - done
[0.493s] -- Detecting CXX compile features
[0.493s] -- Detecting CXX compile features - done
[0.495s] -- Found ament_cmake: 0.9.12 (/opt/ros/foxy/share/ament_cmake/cmake)
[0.510s] -- Found PythonInterp: /usr/bin/python3 (found suitable version "3.8.10", minimum required is "3") 
[0.510s] -- Using PYTHON_EXECUTABLE: /usr/bin/python3
[0.647s] -- Found rclcpp: 2.4.3 (/opt/ros/foxy/share/rclcpp/cmake)
[0.691s] -- Using all available rosidl_typesupport_c: rosidl_typesupport_fastrtps_c;rosidl_typesupport_introspection_c
[0.696s] -- Found rosidl_adapter: 1.3.1 (/opt/ros/foxy/share/rosidl_adapter/cmake)
[0.753s] -- Found OpenSSL: /usr/lib/x86_64-linux-gnu/libcrypto.so (found version "1.1.1f")  
[0.782s] -- Found FastRTPS: /opt/ros/foxy/include  
[0.837s] -- Using all available rosidl_typesupport_cpp: rosidl_typesupport_fastrtps_cpp;rosidl_typesupport_introspection_cpp
[0.873s] -- Found rmw_implementation_cmake: 1.0.4 (/opt/ros/foxy/share/rmw_implementation_cmake/cmake)
[0.874s] -- Using RMW implementation 'rmw_fastrtps_cpp' as default
[0.875s] -- Looking for pthread.h
[0.921s] -- Looking for pthread.h - found
[0.921s] -- Performing Test CMAKE_HAVE_LIBC_PTHREAD
[0.967s] -- Performing Test CMAKE_HAVE_LIBC_PTHREAD - Failed
[0.967s] -- Looking for pthread_create in pthreads
[1.004s] -- Looking for pthread_create in pthreads - not found
[1.004s] -- Looking for pthread_create in pthread
[1.050s] -- Looking for pthread_create in pthread - found
[1.051s] -- Found Threads: TRUE  
[1.153s] -- Found interface: 0.0.0 (/home/weiwei/Desktop/project/ObsAvoidance/install/interface/share/interface/cmake)
[1.324s] -- Found cv_bridge: 3.0.7 (/opt/ros/foxy/share/cv_bridge/cmake)
[1.343s] -- Found pcl_conversions: 2.2.1 (/opt/ros/foxy/share/pcl_conversions/cmake)
[1.462s] -- Found octomap_msgs: 2.0.0 (/opt/ros/foxy/share/octomap_msgs/cmake)
[1.516s] -- Checking for module 'eigen3'
[1.527s] --   Found eigen3, version 3.3.9
[1.550s] -- Found Eigen: /usr/include/eigen3 (Required is at least version "3.1") 
[1.550s] -- Eigen found (include: /usr/include/eigen3, version: 3.3.7)
[1.585s] -- Found Boost: /usr/include (found suitable version "1.71.0", minimum required is "1.55.0") found components: system filesystem date_time iostreams regex 
[1.597s] -- Checking for module 'flann'
[1.607s] --   Found flann, version 1.9.1
[1.635s] -- Found FLANN: /usr/lib/x86_64-linux-gnu/libflann_cpp.so  
[1.672s] -- The imported target "vtkParseOGLExt" references the file
[1.672s]    "/usr/bin/vtkParseOGLExt-7.1"
[1.672s] but this file does not exist.  Possible reasons include:
[1.672s] * The file was deleted, renamed, or moved to another location.
[1.672s] * An install or uninstall procedure did not complete successfully.
[1.672s] * The installation package was faulty and contained
[1.672s]    "/usr/lib/cmake/vtk-7.1/VTKTargets.cmake"
[1.672s] but not all the files it references.
[1.672s] 
[1.672s] -- The imported target "vtkRenderingPythonTkWidgets" references the file
[1.672s]    "/usr/lib/x86_64-linux-gnu/libvtkRenderingPythonTkWidgets.so"
[1.672s] but this file does not exist.  Possible reasons include:
[1.672s] * The file was deleted, renamed, or moved to another location.
[1.672s] * An install or uninstall procedure did not complete successfully.
[1.673s] * The installation package was faulty and contained
[1.673s]    "/usr/lib/cmake/vtk-7.1/VTKTargets.cmake"
[1.673s] but not all the files it references.
[1.673s] 
[1.673s] -- The imported target "vtk" references the file
[1.673s]    "/usr/bin/vtk"
[1.673s] but this file does not exist.  Possible reasons include:
[1.673s] * The file was deleted, renamed, or moved to another location.
[1.673s] * An install or uninstall procedure did not complete successfully.
[1.673s] * The installation package was faulty and contained
[1.673s]    "/usr/lib/cmake/vtk-7.1/VTKTargets.cmake"
[1.673s] but not all the files it references.
[1.673s] 
[1.673s] -- The imported target "pvtk" references the file
[1.673s]    "/usr/bin/pvtk"
[1.673s] but this file does not exist.  Possible reasons include:
[1.673s] * The file was deleted, renamed, or moved to another location.
[1.673s] * An install or uninstall procedure did not complete successfully.
[1.673s] * The installation package was faulty and contained
[1.673s]    "/usr/lib/cmake/vtk-7.1/VTKTargets.cmake"
[1.674s] but not all the files it references.
[1.674s] 
[1.685s] -- Checking for module 'libusb-1.0'
[1.695s] --   Found libusb-1.0, version 1.0.23
[1.721s] -- Found USB_10: /usr/lib/x86_64-linux-gnu/libusb-1.0.so  
[1.757s] -- Found OpenNI: /usr/lib/libOpenNI.so  
[1.757s] -- OpenNI found (include: /usr/include/ni, lib: /usr/lib/libOpenNI.so)
[1.796s] -- Found OpenNI2: /usr/lib/libOpenNI2.so  
[1.796s] -- OpenNI2 found (include: /usr/include/openni2, lib: /usr/lib/libOpenNI2.so)
[1.796s] ** WARNING ** io features related to pcap will be disabled
[1.796s] ** WARNING ** io features related to png will be disabled
[1.804s] ** WARNING ** io features related to libusb-1.0 will be disabled
[1.804s] -- Found libusb-1.0: /usr/include  
[1.808s] -- OpenNI found (include: /usr/include/ni, lib: /usr/lib/libOpenNI.so)
[1.812s] -- OpenNI2 found (include: /usr/include/openni2, lib: /usr/lib/libOpenNI2.so)
[1.832s] -- Found Qhull: optimized;/usr/lib/x86_64-linux-gnu/libqhull.so;debug;/usr/lib/x86_64-linux-gnu/libqhull.so  
[1.832s] -- QHULL found (include: /usr/include, lib: optimized;/usr/lib/x86_64-linux-gnu/libqhull.so;debug;/usr/lib/x86_64-linux-gnu/libqhull.so)
[1.837s] -- OpenNI found (include: /usr/include/ni, lib: /usr/lib/libOpenNI.so)
[1.844s] -- looking for PCL_COMMON
[1.845s] -- Found PCL_COMMON: /usr/lib/x86_64-linux-gnu/libpcl_common.so  
[1.846s] -- looking for PCL_KDTREE
[1.846s] -- Found PCL_KDTREE: /usr/lib/x86_64-linux-gnu/libpcl_kdtree.so  
[1.846s] -- looking for PCL_OCTREE
[1.847s] -- Found PCL_OCTREE: /usr/lib/x86_64-linux-gnu/libpcl_octree.so  
[1.847s] -- looking for PCL_SEARCH
[1.848s] -- Found PCL_SEARCH: /usr/lib/x86_64-linux-gnu/libpcl_search.so  
[1.848s] -- looking for PCL_SAMPLE_CONSENSUS
[1.849s] -- Found PCL_SAMPLE_CONSENSUS: /usr/lib/x86_64-linux-gnu/libpcl_sample_consensus.so  
[1.849s] -- looking for PCL_FILTERS
[1.850s] -- Found PCL_FILTERS: /usr/lib/x86_64-linux-gnu/libpcl_filters.so  
[1.850s] -- looking for PCL_2D
[1.850s] -- Found PCL_2D: /usr/include/pcl-1.10  
[1.850s] -- looking for PCL_GEOMETRY
[1.851s] -- Found PCL_GEOMETRY: /usr/include/pcl-1.10  
[1.851s] -- looking for PCL_IO
[1.851s] -- Found PCL_IO: /usr/lib/x86_64-linux-gnu/libpcl_io.so  
[1.852s] -- looking for PCL_FEATURES
[1.852s] -- Found PCL_FEATURES: /usr/lib/x86_64-linux-gnu/libpcl_features.so  
[1.852s] -- looking for PCL_ML
[1.853s] -- Found PCL_ML: /usr/lib/x86_64-linux-gnu/libpcl_ml.so  
[1.853s] -- looking for PCL_SEGMENTATION
[1.854s] -- Found PCL_SEGMENTATION: /usr/lib/x86_64-linux-gnu/libpcl_segmentation.so  
[1.854s] -- looking for PCL_VISUALIZATION
[1.855s] -- Found PCL_VISUALIZATION: /usr/lib/x86_64-linux-gnu/libpcl_visualization.so  
[1.855s] -- looking for PCL_SURFACE
[1.856s] -- Found PCL_SURFACE: /usr/lib/x86_64-linux-gnu/libpcl_surface.so  
[1.856s] -- looking for PCL_REGISTRATION
[1.857s] -- Found PCL_REGISTRATION: /usr/lib/x86_64-linux-gnu/libpcl_registration.so  
[1.857s] -- looking for PCL_KEYPOINTS
[1.858s] -- Found PCL_KEYPOINTS: /usr/lib/x86_64-linux-gnu/libpcl_keypoints.so  
[1.858s] -- looking for PCL_TRACKING
[1.859s] -- Found PCL_TRACKING: /usr/lib/x86_64-linux-gnu/libpcl_tracking.so  
[1.859s] -- looking for PCL_RECOGNITION
[1.860s] -- Found PCL_RECOGNITION: /usr/lib/x86_64-linux-gnu/libpcl_recognition.so  
[1.860s] -- looking for PCL_STEREO
[1.861s] -- Found PCL_STEREO: /usr/lib/x86_64-linux-gnu/libpcl_stereo.so  
[1.861s] -- looking for PCL_APPS
[1.862s] -- Found PCL_APPS: /usr/lib/x86_64-linux-gnu/libpcl_apps.so  
[1.863s] -- looking for PCL_IN_HAND_SCANNER
[1.863s] -- Found PCL_IN_HAND_SCANNER: /usr/include/pcl-1.10  
[1.863s] -- looking for PCL_POINT_CLOUD_EDITOR
[1.863s] -- Found PCL_POINT_CLOUD_EDITOR: /usr/include/pcl-1.10  
[1.863s] -- looking for PCL_OUTOFCORE
[1.864s] -- Found PCL_OUTOFCORE: /usr/lib/x86_64-linux-gnu/libpcl_outofcore.so  
[1.865s] -- looking for PCL_PEOPLE
[1.865s] -- Found PCL_PEOPLE: /usr/lib/x86_64-linux-gnu/libpcl_people.so  
[1.866s] -- Found PCL: pcl_common;pcl_kdtree;pcl_octree;pcl_search;pcl_sample_consensus;pcl_filters;pcl_io;pcl_features;pcl_ml;pcl_segmentation;pcl_visualization;pcl_surface;pcl_registration;pcl_keypoints;pcl_tracking;pcl_recognition;pcl_stereo;pcl_apps;pcl_outofcore;pcl_people;/usr/lib/x86_64-linux-gnu/libboost_system.so;/usr/lib/x86_64-linux-gnu/libboost_filesystem.so;/usr/lib/x86_64-linux-gnu/libboost_date_time.so;/usr/lib/x86_64-linux-gnu/libboost_iostreams.so;/usr/lib/x86_64-linux-gnu/libboost_regex.so;optimized;/usr/lib/x86_64-linux-gnu/libqhull.so;debug;/usr/lib/x86_64-linux-gnu/libqhull.so;/usr/lib/libOpenNI.so;/usr/lib/libOpenNI2.so;vtkChartsCore;vtkCommonColor;vtkCommonCore;vtksys;vtkCommonDataModel;vtkCommonMath;vtkCommonMisc;vtkCommonSystem;vtkCommonTransforms;vtkCommonExecutionModel;vtkFiltersGeneral;vtkCommonComputationalGeometry;vtkFiltersCore;vtkInfovisCore;vtkFiltersExtraction;vtkFiltersStatistics;vtkImagingFourier;vtkImagingCore;vtkalglib;vtkRenderingContext2D;vtkRenderingCore;vtkFiltersGeometry;vtkFiltersSources;vtkRenderingFreeType;/usr/lib/x86_64-linux-gnu/libfreetype.so;/usr/lib/x86_64-linux-gnu/libz.so;vtkFiltersModeling;vtkImagingSources;vtkInteractionStyle;vtkInteractionWidgets;vtkFiltersHybrid;vtkImagingColor;vtkImagingGeneral;vtkImagingHybrid;vtkIOImage;vtkDICOMParser;vtkmetaio;/usr/lib/x86_64-linux-gnu/libjpeg.so;/usr/lib/x86_64-linux-gnu/libpng.so;/usr/lib/x86_64-linux-gnu/libtiff.so;vtkRenderingAnnotation;vtkRenderingVolume;vtkIOXML;vtkIOCore;vtkIOXMLParser;/usr/lib/x86_64-linux-gnu/libexpat.so;vtkIOGeometry;vtkIOLegacy;vtkIOPLY;vtkRenderingLOD;vtkViewsContext2D;vtkViewsCore;vtkRenderingContextOpenGL2;vtkRenderingOpenGL2;FLANN::FLANN  
[1.870s] -- Found OpenCV: /usr (found version "4.2.0") 
[2.033s] -- Found BLAS: /usr/lib/x86_64-linux-gnu/libblas.so  
[2.148s] -- Found AMD headers in: /usr/include/suitesparse
[2.150s] -- Found AMD library: /usr/lib/x86_64-linux-gnu/libamd.so
[2.150s] -- Found CAMD headers in: /usr/include/suitesparse
[2.151s] -- Found CAMD library: /usr/lib/x86_64-linux-gnu/libcamd.so
[2.151s] -- Found CCOLAMD headers in: /usr/include/suitesparse
[2.153s] -- Found CCOLAMD library: /usr/lib/x86_64-linux-gnu/libccolamd.so
[2.153s] -- Found CHOLMOD headers in: /usr/include/suitesparse
[2.153s] -- Found CHOLMOD library: /usr/lib/x86_64-linux-gnu/libcholmod.so
[2.154s] -- Found COLAMD headers in: /usr/include/suitesparse
[2.154s] -- Found COLAMD library: /usr/lib/x86_64-linux-gnu/libcolamd.so
[2.155s] -- Found SPQR headers in: /usr/include/suitesparse
[2.155s] -- Found SPQR library: /usr/lib/x86_64-linux-gnu/libspqr.so
[2.156s] -- Found Config headers in: /usr/include/suitesparse
[2.156s] -- Found Config library: /usr/lib/x86_64-linux-gnu/libsuitesparseconfig.so
[2.158s] -- Found Intel Thread Building Blocks (TBB) library (2020.1 / 11101) include location: . Assuming SuiteSparseQR was compiled with TBB.
[2.158s] -- Looking for shm_open in rt
[2.201s] -- Looking for shm_open in rt - found
[2.201s] -- Adding librt to SuiteSparse_config libraries (required on Linux & Unix [not OSX] if SuiteSparse is compiled with timing).
[2.209s] -- Could NOT find METIS (missing: METIS_INCLUDE_DIR METIS_LIBRARY) 
[2.210s] -- Found SuiteSparse: /usr/include/suitesparse (found suitable version "5.7.1", minimum required is "5.7.1") found components: AMD CAMD CCOLAMD CHOLMOD COLAMD SPQR Config 
[2.212s] -- Found required Ceres dependency: Eigen version 3.3.9 in /usr/local/share/eigen3/cmake
[2.215s] -- Found required Ceres dependency: glog
[2.220s] -- Found required Ceres dependency: gflags
[2.221s] -- Found Ceres version: 2.2.0 installed in: /usr/local with components: [EigenSparse, SparseLinearAlgebraLibrary, LAPACK, SuiteSparse, SchurSpecializations]
[2.222s] -- Found ament_lint_auto: 0.9.8 (/opt/ros/foxy/share/ament_lint_auto/cmake)
[2.315s] -- Added test 'copyright' to check source files copyright and LICENSE
[2.315s] -- Added test 'cppcheck' to perform static code analysis on C / C++ code
[2.316s] -- Configured cppcheck include dirs: 
[2.316s] -- Configured cppcheck exclude dirs and/or files: 
[2.317s] -- Added test 'cpplint' to check C / C++ code against the Google style
[2.317s] -- Configured cpplint exclude dirs and/or files: 
[2.317s] -- Added test 'lint_cmake' to check CMake code style
[2.318s] -- Added test 'uncrustify' to check C / C++ code style
[2.318s] -- Configured uncrustify additional arguments: 
[2.318s] -- Added test 'xmllint' to check XML markup files
[2.320s] -- Configuring done
[2.346s] -- Generating done
[2.348s] -- Build files have been written to: /home/weiwei/Desktop/project/ObsAvoidance/build/path_planner
