[0.099s] Invoking command in '/home/weiwei/Desktop/project/ObsAvoidance/build/model': CMAKE_PREFIX_PATH=/home/weiwei/Desktop/project/ObsAvoidance/install/interface:/home/weiwei/Desktop/project/ObsAvoidance/install/orbslam:/home/weiwei/Desktop/project/ObsAvoidance/install/model:/home/weiwei/Desktop/project/ObsAvoidance/install/media:/opt/ros/foxy /usr/bin/cmake --build /home/weiwei/Desktop/project/ObsAvoidance/build/model -- -j16 -l16
[0.131s] [35m[1mScanning dependencies of target model[0m
[0.180s] [ 33%] [32mBuilding CXX object CMakeFiles/model.dir/src/model.cpp.o[0m
[5.421s] [01m[K/home/weiwei/Desktop/project/ObsAvoidance/src/model/src/model.cpp:[m[K In member function ‘[01m[Kbool ModelNode::selectCircle(cv::Vec3f&, std::vector<cv::Vec<float, 3> >, cv::Mat&)[m[K’:
[5.421s] [01m[K/home/weiwei/Desktop/project/ObsAvoidance/src/model/src/model.cpp:226:21:[m[K [01;35m[Kwarning: [m[Kcomparison of integer expressions of different signedness: ‘[01m[Kint[m[K’ and ‘[01m[Kstd::vector<cv::Vec<float, 3> >::size_type[m[K’ {aka ‘[01m[Klong unsigned int[m[K’} [[01;35m[K-Wsign-compare[m[K]
[5.421s]   226 |     for (int i = 0;[01;35m[Ki<temp_circles.size()[m[K;i++)
[5.421s]       |                    [01;35m[K~^~~~~~~~~~~~~~~~~~~~[m[K
[5.421s] [01m[K/home/weiwei/Desktop/project/ObsAvoidance/src/model/src/model.cpp:239:45:[m[K [01;35m[Kwarning: [m[Kcomparison of constant ‘[01m[K255[m[K’ with boolean expression is always false [[01;35m[K-Wbool-compare[m[K]
[5.421s]   239 |             if ([01;35m[Kmask.at<bool>(pointInCircle)==255[m[K||mask.at<bool>(pointOutCircle)!=255)
[5.421s]       |                 [01;35m[K~~~~~~~~~~~~~~~~~~~~~~~~~~~~^~~~~[m[K
[5.421s] [01m[K/home/weiwei/Desktop/project/ObsAvoidance/src/model/src/model.cpp:239:81:[m[K [01;35m[Kwarning: [m[Kcomparison of constant ‘[01m[K255[m[K’ with boolean expression is always true [[01;35m[K-Wbool-compare[m[K]
[5.421s]   239 | <bool>(pointInCircle)==255||[01;35m[Kmask.at<bool>(pointOutCircle)!=255[m[K)
[5.421s]       |                             [01;35m[K~~~~~~~~~~~~~~~~~~~~~~~~~~~~~^~~~~[m[K
[5.421s] 
[5.424s] [01m[K/home/weiwei/Desktop/project/ObsAvoidance/src/model/src/model.cpp:[m[K In member function ‘[01m[Kbool ModelNode::selectLine(cv::Mat, std::vector<cv::Vec<int, 4> >, cv::Vec4i&, cv::Vec3f)[m[K’:
[5.424s] [01m[K/home/weiwei/Desktop/project/ObsAvoidance/src/model/src/model.cpp:273:19:[m[K [01;35m[Kwarning: [m[Kcomparison of integer expressions of different signedness: ‘[01m[Kint[m[K’ and ‘[01m[Kstd::vector<cv::Vec<int, 4> >::size_type[m[K’ {aka ‘[01m[Klong unsigned int[m[K’} [[01;35m[K-Wsign-compare[m[K]
[5.424s]   273 |     for (int i=0;[01;35m[Ki<tempLines.size()[m[K;i++)
[5.424s]       |                  [01;35m[K~^~~~~~~~~~~~~~~~~[m[K
[5.426s] [01m[K/home/weiwei/Desktop/project/ObsAvoidance/src/model/src/model.cpp:298:42:[m[K [01;35m[Kwarning: [m[Kcomparison of constant ‘[01m[K255[m[K’ with boolean expression is always false [[01;35m[K-Wbool-compare[m[K]
[5.426s]   298 |         if ([01;35m[Kimg_erode.at<bool>(endPoint1)==255[m[K || img_erode.at<bool>(endPoint2)==255 || img_erode.at<bool>(midPoint)==255)
[5.426s]       |             [01;35m[K~~~~~~~~~~~~~~~~~~~~~~~~~~~~~^~~~~[m[K
[5.426s] [01m[K/home/weiwei/Desktop/project/ObsAvoidance/src/model/src/model.cpp:298:80:[m[K [01;35m[Kwarning: [m[Kcomparison of constant ‘[01m[K255[m[K’ with boolean expression is always false [[01;35m[K-Wbool-compare[m[K]
[5.426s]   298 | at<bool>(endPoint1)==255 || [01;35m[Kimg_erode.at<bool>(endPoint2)==255[m[K || img_erode.at<bool>(midPoint)==255)
[5.426s]       |                             [01;35m[K~~~~~~~~~~~~~~~~~~~~~~~~~~~~~^~~~~[m[K
[5.426s] 
[5.426s] [01m[K/home/weiwei/Desktop/project/ObsAvoidance/src/model/src/model.cpp:298:117:[m[K [01;35m[Kwarning: [m[Kcomparison of constant ‘[01m[K255[m[K’ with boolean expression is always false [[01;35m[K-Wbool-compare[m[K]
[5.426s]   298 | .at<bool>(endPoint2)==255 || [01;35m[Kimg_erode.at<bool>(midPoint)==255[m[K)
[5.426s]       |                              [01;35m[K~~~~~~~~~~~~~~~~~~~~~~~~~~~~^~~~~[m[K
[5.426s] 
[5.426s] [01m[K/home/weiwei/Desktop/project/ObsAvoidance/src/model/src/model.cpp:302:44:[m[K [01;35m[Kwarning: [m[Kcomparison of constant ‘[01m[K255[m[K’ with boolean expression is always true [[01;35m[K-Wbool-compare[m[K]
[5.426s]   302 |         if ([01;35m[Kimg_erode.at<bool>(flag_point1)!=255[m[K || img_erode.at<bool>(flag_point2)!=255)
[5.426s]       |             [01;35m[K~~~~~~~~~~~~~~~~~~~~~~~~~~~~~~~^~~~~[m[K
[5.426s] [01m[K/home/weiwei/Desktop/project/ObsAvoidance/src/model/src/model.cpp:302:84:[m[K [01;35m[Kwarning: [m[Kcomparison of constant ‘[01m[K255[m[K’ with boolean expression is always true [[01;35m[K-Wbool-compare[m[K]
[5.426s]   302 | ool>(flag_point1)!=255 || [01;35m[Kimg_erode.at<bool>(flag_point2)!=255[m[K)
[5.426s]       |                           [01;35m[K~~~~~~~~~~~~~~~~~~~~~~~~~~~~~~~^~~~~[m[K
[5.426s] 
[5.505s] [01m[K/home/weiwei/Desktop/project/ObsAvoidance/src/model/src/model.cpp:[m[K In member function ‘[01m[Kvoid ModelNode::ransacModelParam()[m[K’:
[5.505s] [01m[K/home/weiwei/Desktop/project/ObsAvoidance/src/model/src/model.cpp:451:22:[m[K [01;35m[Kwarning: [m[Kcomparison of integer expressions of different signedness: ‘[01m[Kint[m[K’ and ‘[01m[Kstd::vector<Eigen::Matrix<double, 3, 1> >::size_type[m[K’ {aka ‘[01m[Klong unsigned int[m[K’} [[01;35m[K-Wsign-compare[m[K]
[5.505s]   451 |         for(int n=0;[01;35m[Kn<global_vecs_direction.size()[m[K;n++) {
[5.505s]       |                     [01;35m[K~^~~~~~~~~~~~~~~~~~~~~~~~~~~~~[m[K
[5.579s] [01m[K/home/weiwei/Desktop/project/ObsAvoidance/src/model/src/model.cpp:[m[K In member function ‘[01m[Kvoid ModelNode::PubModel()[m[K’:
[5.579s] [01m[K/home/weiwei/Desktop/project/ObsAvoidance/src/model/src/model.cpp:648:63:[m[K [01;35m[Kwarning: [m[Kleft operand of comma operator has no effect [[01;35m[K-Wunused-value[m[K]
[5.579s]   648 |    if (acos(Eigen::Vector3f((float)m_transform_curToInit[[01;35m[K0[m[K,2],(float)m_transform_curToInit[1,2],(float)m_transform_curToInit[2,2]).dot(tempPosition.normalized()))>(float)CV_PI/(float)180 *(float)20)
[5.579s]       |                                                          [01;35m[K^[m[K
[5.579s] 
[5.579s] [01m[K/home/weiwei/Desktop/project/ObsAvoidance/src/model/src/model.cpp:648:97:[m[K [01;35m[Kwarning: [m[Kleft operand of comma operator has no effect [[01;35m[K-Wunused-value[m[K]
[5.579s]   648 | )m_transform_curToInit[0,2],(float)m_transform_curToInit[[01;35m[K1[m[K,2],(float)m_transform_curToInit[2,2]).dot(tempPosition.normalized()))>(float)CV_PI/(float)180 *(float)20)
[5.579s]       |                                                          [01;35m[K^[m[K
[5.579s] 
[5.580s] [01m[K/home/weiwei/Desktop/project/ObsAvoidance/src/model/src/model.cpp:648:131:[m[K [01;35m[Kwarning: [m[Kleft operand of comma operator has no effect [[01;35m[K-Wunused-value[m[K]
[5.580s]   648 | )m_transform_curToInit[1,2],(float)m_transform_curToInit[[01;35m[K2[m[K,2]).dot(tempPosition.normalized()))>(float)CV_PI/(float)180 *(float)20)
[5.580s]       |                                                          [01;35m[K^[m[K
[5.580s] 
[5.585s] [01m[K/home/weiwei/Desktop/project/ObsAvoidance/src/model/src/model.cpp:[m[K In member function ‘[01m[Kbool ModelNode::Model()[m[K’:
[5.585s] [01m[K/home/weiwei/Desktop/project/ObsAvoidance/src/model/src/model.cpp:678:20:[m[K [01;35m[Kwarning: [m[Kcomparison of integer expressions of different signedness: ‘[01m[Kint[m[K’ and ‘[01m[Kstd::vector<cv::Vec<float, 3> >::size_type[m[K’ {aka ‘[01m[Klong unsigned int[m[K’} [[01;35m[K-Wsign-compare[m[K]
[5.585s]   678 |     for (int i =0;[01;35m[Ki<temp_circles.size()[m[K;i++)
[5.585s]       |                   [01;35m[K~^~~~~~~~~~~~~~~~~~~~[m[K
[5.586s] [01m[K/home/weiwei/Desktop/project/ObsAvoidance/src/model/src/model.cpp:725:38:[m[K [01;35m[Kwarning: [m[Kcomparison of integer expressions of different signedness: ‘[01m[Kstd::vector<Eigen::Matrix<double, 3, 1> >::size_type[m[K’ {aka ‘[01m[Klong unsigned int[m[K’} and ‘[01m[Kint[m[K’ [[01;35m[K-Wsign-compare[m[K]
[5.586s]   725 |     if ([01;35m[Kglobal_centrePostions.size() < modelThresh[m[K)
[5.586s]       |         [01;35m[K~~~~~~~~~~~~~~~~~~~~~~~~~~~~~^~~~~~~~~~~~~[m[K
[5.586s] [01m[K/home/weiwei/Desktop/project/ObsAvoidance/src/model/src/model.cpp:731:19:[m[K [01;35m[Kwarning: [m[Kcomparison of integer expressions of different signedness: ‘[01m[Kint[m[K’ and ‘[01m[Kstd::vector<Eigen::Matrix<double, 3, 1> >::size_type[m[K’ {aka ‘[01m[Klong unsigned int[m[K’} [[01;35m[K-Wsign-compare[m[K]
[5.586s]   731 |     for (int i=0;[01;35m[Ki<global_centrePostions.size()[m[K;i++)
[5.586s]       |                  [01;35m[K~^~~~~~~~~~~~~~~~~~~~~~~~~~~~~[m[K
[5.596s] [01m[K/home/weiwei/Desktop/project/ObsAvoidance/src/model/src/model.cpp:[m[K In member function ‘[01m[Kbool ModelNode::detectPoseCorrect(Eigen::Vector4d&, cv::Mat, cv::Mat&)[m[K’:
[5.596s] [01m[K/home/weiwei/Desktop/project/ObsAvoidance/src/model/src/model.cpp:816:38:[m[K [01;35m[Kwarning: [m[Kcomparison of integer expressions of different signedness: ‘[01m[Kstd::vector<pcl::PointXYZ, Eigen::aligned_allocator<pcl::PointXYZ> >::size_type[m[K’ {aka ‘[01m[Klong unsigned int[m[K’} and ‘[01m[Kint[m[K’ [[01;35m[K-Wsign-compare[m[K]
[5.596s]   816 |     if ([01;35m[KfinalPointCloud.points.size()<mapPointNumThresh[m[K) {
[5.596s]       |         [01;35m[K~~~~~~~~~~~~~~~~~~~~~~~~~~~~~^~~~~~~~~~~~~~~~~~[m[K
[6.086s] In file included from [01m[K/usr/local/include/eigen3/Eigen/Core:366[m[K,
[6.086s]                  from [01m[K/usr/include/pcl-1.10/pcl/pcl_macros.h:75[m[K,
[6.086s]                  from [01m[K/usr/include/pcl-1.10/pcl/PCLPointField.h:10[m[K,
[6.086s]                  from [01m[K/usr/include/pcl-1.10/pcl/conversions.h:46[m[K,
[6.086s]                  from [01m[K/opt/ros/foxy/include/pcl_conversions/pcl_conversions.h:46[m[K,
[6.086s]                  from [01m[K/home/weiwei/Desktop/project/ObsAvoidance/src/model/src/model.hpp:4[m[K,
[6.086s]                  from [01m[K/home/weiwei/Desktop/project/ObsAvoidance/src/model/src/model.cpp:1[m[K:
[6.086s] /usr/local/include/eigen3/Eigen/src/Core/DenseCoeffsBase.h: In instantiation of ‘[01m[KEigen::DenseCoeffsBase<Derived, 1>::Scalar& Eigen::DenseCoeffsBase<Derived, 1>::operator[](Eigen::Index) [with Derived = Eigen::Matrix<double, 4, 4>; Eigen::DenseCoeffsBase<Derived, 1>::Scalar = double; Eigen::Index = long int][m[K’:
[6.086s] [01m[K/home/weiwei/Desktop/project/ObsAvoidance/src/model/src/model.cpp:648:66:[m[K   required from here
[6.086s] [01m[K/usr/local/include/eigen3/Eigen/src/Core/DenseCoeffsBase.h:406:7:[m[K [01;31m[Kerror: [m[Kstatic assertion failed: THE_BRACKET_OPERATOR_IS_ONLY_FOR_VECTORS__USE_THE_PARENTHESIS_OPERATOR_INSTEAD
[6.086s]   406 |       [01;31m[KEIGEN_STATIC_ASSERT[m[K(Derived::IsVectorAtCompileTime,
[6.086s]       |       [01;31m[K^~~~~~~~~~~~~~~~~~~[m[K
[11.213s] make[2]: *** [CMakeFiles/model.dir/build.make:76：CMakeFiles/model.dir/src/model.cpp.o] 错误 1
[11.214s] make[1]: *** [CMakeFiles/Makefile2:105：CMakeFiles/model.dir/all] 错误 2
[11.214s] make: *** [Makefile:141：all] 错误 2
[11.217s] Invoked command in '/home/weiwei/Desktop/project/ObsAvoidance/build/model' returned '2': CMAKE_PREFIX_PATH=/home/weiwei/Desktop/project/ObsAvoidance/install/interface:/home/weiwei/Desktop/project/ObsAvoidance/install/orbslam:/home/weiwei/Desktop/project/ObsAvoidance/install/model:/home/weiwei/Desktop/project/ObsAvoidance/install/media:/opt/ros/foxy /usr/bin/cmake --build /home/weiwei/Desktop/project/ObsAvoidance/build/model -- -j16 -l16
