[1.254s] DEBUG:colcon:Command line arguments: ['/usr/bin/colcon', 'build']
[1.254s] DEBUG:colcon:Parsed command line arguments: Namespace(allow_overriding=[], ament_cmake_args=None, base_paths=['.'], build_base='build', catkin_cmake_args=None, catkin_skip_building_tests=False, cmake_args=None, cmake_clean_cache=False, cmake_clean_first=False, cmake_force_configure=False, cmake_target=None, cmake_target_skip_unavailable=False, continue_on_error=False, event_handlers=None, executor='parallel', ignore_user_meta=False, install_base='install', log_base=None, log_level=None, main=<bound method BuildVerb.main of <colcon_core.verb.build.BuildVerb object at 0x7f77efd539a0>>, merge_install=False, metas=['./colcon.meta'], packages_above=None, packages_above_and_dependencies=None, packages_above_depth=None, packages_end=None, packages_ignore=None, packages_ignore_regex=None, packages_select=None, packages_select_build_failed=False, packages_select_by_dep=None, packages_select_regex=None, packages_select_test_failures=False, packages_skip=None, packages_skip_build_finished=False, packages_skip_by_dep=None, packages_skip_regex=None, packages_skip_test_passed=False, packages_skip_up_to=None, packages_start=None, packages_up_to=None, packages_up_to_regex=None, parallel_workers=16, paths=None, symlink_install=False, test_result_base=None, verb_extension=<colcon_core.verb.build.BuildVerb object at 0x7f77efd539a0>, verb_name='build', verb_parser=<colcon_defaults.argument_parser.defaults.DefaultArgumentsDecorator object at 0x7f77efcd4640>)
[1.312s] Level 1:colcon.colcon_core.package_discovery:discover_packages(colcon_meta) check parameters
[1.312s] Level 1:colcon.colcon_core.package_discovery:discover_packages(recursive) check parameters
[1.312s] Level 1:colcon.colcon_core.package_discovery:discover_packages(ignore) check parameters
[1.312s] Level 1:colcon.colcon_core.package_discovery:discover_packages(path) check parameters
[1.312s] Level 1:colcon.colcon_core.package_discovery:discover_packages(colcon_meta) discover
[1.312s] Level 1:colcon.colcon_core.package_discovery:discover_packages(recursive) discover
[1.312s] INFO:colcon.colcon_core.package_discovery:Crawling recursively for packages in '/home/weiwei/Desktop/project/ObsAvoidance'
[1.312s] Level 1:colcon.colcon_core.package_identification:_identify(.) by extensions ['ignore', 'ignore_ament_install']
[1.312s] Level 1:colcon.colcon_core.package_identification:_identify(.) by extension 'ignore'
[1.312s] Level 1:colcon.colcon_core.package_identification:_identify(.) by extension 'ignore_ament_install'
[1.312s] Level 1:colcon.colcon_core.package_identification:_identify(.) by extensions ['colcon_pkg']
[1.312s] Level 1:colcon.colcon_core.package_identification:_identify(.) by extension 'colcon_pkg'
[1.313s] Level 1:colcon.colcon_core.package_identification:_identify(.) by extensions ['colcon_meta']
[1.313s] Level 1:colcon.colcon_core.package_identification:_identify(.) by extension 'colcon_meta'
[1.313s] Level 1:colcon.colcon_core.package_identification:_identify(.) by extensions ['ros']
[1.313s] Level 1:colcon.colcon_core.package_identification:_identify(.) by extension 'ros'
[1.319s] Level 1:colcon.colcon_core.package_identification:_identify(.) by extensions ['cmake', 'python']
[1.319s] Level 1:colcon.colcon_core.package_identification:_identify(.) by extension 'cmake'
[1.319s] Level 1:colcon.colcon_core.package_identification:_identify(.) by extension 'python'
[1.319s] Level 1:colcon.colcon_core.package_identification:_identify(.) by extensions ['python_setup_py']
[1.319s] Level 1:colcon.colcon_core.package_identification:_identify(.) by extension 'python_setup_py'
[1.319s] Level 1:colcon.colcon_core.package_identification:_identify(build) by extensions ['ignore', 'ignore_ament_install']
[1.319s] Level 1:colcon.colcon_core.package_identification:_identify(build) by extension 'ignore'
[1.319s] Level 1:colcon.colcon_core.package_identification:_identify(build) ignored
[1.319s] Level 1:colcon.colcon_core.package_identification:_identify(install) by extensions ['ignore', 'ignore_ament_install']
[1.319s] Level 1:colcon.colcon_core.package_identification:_identify(install) by extension 'ignore'
[1.319s] Level 1:colcon.colcon_core.package_identification:_identify(install) ignored
[1.319s] Level 1:colcon.colcon_core.package_identification:_identify(log) by extensions ['ignore', 'ignore_ament_install']
[1.319s] Level 1:colcon.colcon_core.package_identification:_identify(log) by extension 'ignore'
[1.319s] Level 1:colcon.colcon_core.package_identification:_identify(log) ignored
[1.319s] Level 1:colcon.colcon_core.package_identification:_identify(src) by extensions ['ignore', 'ignore_ament_install']
[1.320s] Level 1:colcon.colcon_core.package_identification:_identify(src) by extension 'ignore'
[1.320s] Level 1:colcon.colcon_core.package_identification:_identify(src) by extension 'ignore_ament_install'
[1.320s] Level 1:colcon.colcon_core.package_identification:_identify(src) by extensions ['colcon_pkg']
[1.320s] Level 1:colcon.colcon_core.package_identification:_identify(src) by extension 'colcon_pkg'
[1.320s] Level 1:colcon.colcon_core.package_identification:_identify(src) by extensions ['colcon_meta']
[1.320s] Level 1:colcon.colcon_core.package_identification:_identify(src) by extension 'colcon_meta'
[1.320s] Level 1:colcon.colcon_core.package_identification:_identify(src) by extensions ['ros']
[1.320s] Level 1:colcon.colcon_core.package_identification:_identify(src) by extension 'ros'
[1.320s] Level 1:colcon.colcon_core.package_identification:_identify(src) by extensions ['cmake', 'python']
[1.320s] Level 1:colcon.colcon_core.package_identification:_identify(src) by extension 'cmake'
[1.320s] Level 1:colcon.colcon_core.package_identification:_identify(src) by extension 'python'
[1.320s] Level 1:colcon.colcon_core.package_identification:_identify(src) by extensions ['python_setup_py']
[1.320s] Level 1:colcon.colcon_core.package_identification:_identify(src) by extension 'python_setup_py'
[1.320s] Level 1:colcon.colcon_core.package_identification:_identify(src/interface) by extensions ['ignore', 'ignore_ament_install']
[1.320s] Level 1:colcon.colcon_core.package_identification:_identify(src/interface) by extension 'ignore'
[1.320s] Level 1:colcon.colcon_core.package_identification:_identify(src/interface) by extension 'ignore_ament_install'
[1.320s] Level 1:colcon.colcon_core.package_identification:_identify(src/interface) by extensions ['colcon_pkg']
[1.320s] Level 1:colcon.colcon_core.package_identification:_identify(src/interface) by extension 'colcon_pkg'
[1.320s] Level 1:colcon.colcon_core.package_identification:_identify(src/interface) by extensions ['colcon_meta']
[1.320s] Level 1:colcon.colcon_core.package_identification:_identify(src/interface) by extension 'colcon_meta'
[1.320s] Level 1:colcon.colcon_core.package_identification:_identify(src/interface) by extensions ['ros']
[1.320s] Level 1:colcon.colcon_core.package_identification:_identify(src/interface) by extension 'ros'
[1.321s] DEBUG:colcon.colcon_core.package_identification:Package 'src/interface' with type 'ros.ament_cmake' and name 'interface'
[1.322s] Level 1:colcon.colcon_core.package_identification:_identify(src/media) by extensions ['ignore', 'ignore_ament_install']
[1.322s] Level 1:colcon.colcon_core.package_identification:_identify(src/media) by extension 'ignore'
[1.322s] Level 1:colcon.colcon_core.package_identification:_identify(src/media) by extension 'ignore_ament_install'
[1.322s] Level 1:colcon.colcon_core.package_identification:_identify(src/media) by extensions ['colcon_pkg']
[1.322s] Level 1:colcon.colcon_core.package_identification:_identify(src/media) by extension 'colcon_pkg'
[1.322s] Level 1:colcon.colcon_core.package_identification:_identify(src/media) by extensions ['colcon_meta']
[1.322s] Level 1:colcon.colcon_core.package_identification:_identify(src/media) by extension 'colcon_meta'
[1.322s] Level 1:colcon.colcon_core.package_identification:_identify(src/media) by extensions ['ros']
[1.322s] Level 1:colcon.colcon_core.package_identification:_identify(src/media) by extension 'ros'
[1.322s] DEBUG:colcon.colcon_core.package_identification:Package 'src/media' with type 'ros.ament_cmake' and name 'media'
[1.322s] Level 1:colcon.colcon_core.package_identification:_identify(src/model) by extensions ['ignore', 'ignore_ament_install']
[1.322s] Level 1:colcon.colcon_core.package_identification:_identify(src/model) by extension 'ignore'
[1.323s] Level 1:colcon.colcon_core.package_identification:_identify(src/model) by extension 'ignore_ament_install'
[1.323s] Level 1:colcon.colcon_core.package_identification:_identify(src/model) by extensions ['colcon_pkg']
[1.323s] Level 1:colcon.colcon_core.package_identification:_identify(src/model) by extension 'colcon_pkg'
[1.323s] Level 1:colcon.colcon_core.package_identification:_identify(src/model) by extensions ['colcon_meta']
[1.323s] Level 1:colcon.colcon_core.package_identification:_identify(src/model) by extension 'colcon_meta'
[1.323s] Level 1:colcon.colcon_core.package_identification:_identify(src/model) by extensions ['ros']
[1.323s] Level 1:colcon.colcon_core.package_identification:_identify(src/model) by extension 'ros'
[1.323s] DEBUG:colcon.colcon_core.package_identification:Package 'src/model' with type 'ros.ament_cmake' and name 'model'
[1.323s] Level 1:colcon.colcon_core.package_identification:_identify(src/orbslam) by extensions ['ignore', 'ignore_ament_install']
[1.323s] Level 1:colcon.colcon_core.package_identification:_identify(src/orbslam) by extension 'ignore'
[1.323s] Level 1:colcon.colcon_core.package_identification:_identify(src/orbslam) by extension 'ignore_ament_install'
[1.323s] Level 1:colcon.colcon_core.package_identification:_identify(src/orbslam) by extensions ['colcon_pkg']
[1.323s] Level 1:colcon.colcon_core.package_identification:_identify(src/orbslam) by extension 'colcon_pkg'
[1.323s] Level 1:colcon.colcon_core.package_identification:_identify(src/orbslam) by extensions ['colcon_meta']
[1.323s] Level 1:colcon.colcon_core.package_identification:_identify(src/orbslam) by extension 'colcon_meta'
[1.323s] Level 1:colcon.colcon_core.package_identification:_identify(src/orbslam) by extensions ['ros']
[1.323s] Level 1:colcon.colcon_core.package_identification:_identify(src/orbslam) by extension 'ros'
[1.324s] DEBUG:colcon.colcon_core.package_identification:Package 'src/orbslam' with type 'ros.ament_cmake' and name 'orbslam'
[1.324s] Level 1:colcon.colcon_core.package_discovery:discover_packages(recursive) using defaults
[1.324s] Level 1:colcon.colcon_core.package_discovery:discover_packages(ignore) discover
[1.324s] Level 1:colcon.colcon_core.package_discovery:discover_packages(ignore) using defaults
[1.324s] Level 1:colcon.colcon_core.package_discovery:discover_packages(path) discover
[1.324s] Level 1:colcon.colcon_core.package_discovery:discover_packages(path) using defaults
[1.440s] Level 1:colcon.colcon_core.package_discovery:discover_packages(prefix_path) check parameters
[1.440s] Level 1:colcon.colcon_core.package_discovery:discover_packages(prefix_path) discover
[1.482s] DEBUG:colcon.colcon_installed_package_information.package_discovery:Found 4 installed packages in /home/weiwei/Desktop/project/ObsAvoidance/install
[1.504s] DEBUG:colcon.colcon_installed_package_information.package_discovery:Found 307 installed packages in /opt/ros/foxy
[1.505s] Level 1:colcon.colcon_core.package_discovery:discover_packages(prefix_path) using defaults
[1.593s] Level 5:colcon.colcon_core.verb:set package 'interface' build argument 'cmake_args' from command line to 'None'
[1.593s] Level 5:colcon.colcon_core.verb:set package 'interface' build argument 'cmake_target' from command line to 'None'
[1.593s] Level 5:colcon.colcon_core.verb:set package 'interface' build argument 'cmake_target_skip_unavailable' from command line to 'False'
[1.593s] Level 5:colcon.colcon_core.verb:set package 'interface' build argument 'cmake_clean_cache' from command line to 'False'
[1.593s] Level 5:colcon.colcon_core.verb:set package 'interface' build argument 'cmake_clean_first' from command line to 'False'
[1.593s] Level 5:colcon.colcon_core.verb:set package 'interface' build argument 'cmake_force_configure' from command line to 'False'
[1.593s] Level 5:colcon.colcon_core.verb:set package 'interface' build argument 'ament_cmake_args' from command line to 'None'
[1.593s] Level 5:colcon.colcon_core.verb:set package 'interface' build argument 'catkin_cmake_args' from command line to 'None'
[1.593s] Level 5:colcon.colcon_core.verb:set package 'interface' build argument 'catkin_skip_building_tests' from command line to 'False'
[1.593s] DEBUG:colcon.colcon_core.verb:Building package 'interface' with the following arguments: {'ament_cmake_args': None, 'build_base': '/home/weiwei/Desktop/project/ObsAvoidance/build/interface', 'catkin_cmake_args': None, 'catkin_skip_building_tests': False, 'cmake_args': None, 'cmake_clean_cache': False, 'cmake_clean_first': False, 'cmake_force_configure': False, 'cmake_target': None, 'cmake_target_skip_unavailable': False, 'install_base': '/home/weiwei/Desktop/project/ObsAvoidance/install/interface', 'merge_install': False, 'path': '/home/weiwei/Desktop/project/ObsAvoidance/src/interface', 'symlink_install': False, 'test_result_base': None}
[1.614s] Level 5:colcon.colcon_core.verb:set package 'media' build argument 'cmake_args' from command line to 'None'
[1.614s] Level 5:colcon.colcon_core.verb:set package 'media' build argument 'cmake_target' from command line to 'None'
[1.614s] Level 5:colcon.colcon_core.verb:set package 'media' build argument 'cmake_target_skip_unavailable' from command line to 'False'
[1.614s] Level 5:colcon.colcon_core.verb:set package 'media' build argument 'cmake_clean_cache' from command line to 'False'
[1.614s] Level 5:colcon.colcon_core.verb:set package 'media' build argument 'cmake_clean_first' from command line to 'False'
[1.614s] Level 5:colcon.colcon_core.verb:set package 'media' build argument 'cmake_force_configure' from command line to 'False'
[1.614s] Level 5:colcon.colcon_core.verb:set package 'media' build argument 'ament_cmake_args' from command line to 'None'
[1.614s] Level 5:colcon.colcon_core.verb:set package 'media' build argument 'catkin_cmake_args' from command line to 'None'
[1.614s] Level 5:colcon.colcon_core.verb:set package 'media' build argument 'catkin_skip_building_tests' from command line to 'False'
[1.614s] DEBUG:colcon.colcon_core.verb:Building package 'media' with the following arguments: {'ament_cmake_args': None, 'build_base': '/home/weiwei/Desktop/project/ObsAvoidance/build/media', 'catkin_cmake_args': None, 'catkin_skip_building_tests': False, 'cmake_args': None, 'cmake_clean_cache': False, 'cmake_clean_first': False, 'cmake_force_configure': False, 'cmake_target': None, 'cmake_target_skip_unavailable': False, 'install_base': '/home/weiwei/Desktop/project/ObsAvoidance/install/media', 'merge_install': False, 'path': '/home/weiwei/Desktop/project/ObsAvoidance/src/media', 'symlink_install': False, 'test_result_base': None}
[1.635s] Level 5:colcon.colcon_core.verb:set package 'model' build argument 'cmake_args' from command line to 'None'
[1.635s] Level 5:colcon.colcon_core.verb:set package 'model' build argument 'cmake_target' from command line to 'None'
[1.635s] Level 5:colcon.colcon_core.verb:set package 'model' build argument 'cmake_target_skip_unavailable' from command line to 'False'
[1.635s] Level 5:colcon.colcon_core.verb:set package 'model' build argument 'cmake_clean_cache' from command line to 'False'
[1.635s] Level 5:colcon.colcon_core.verb:set package 'model' build argument 'cmake_clean_first' from command line to 'False'
[1.635s] Level 5:colcon.colcon_core.verb:set package 'model' build argument 'cmake_force_configure' from command line to 'False'
[1.635s] Level 5:colcon.colcon_core.verb:set package 'model' build argument 'ament_cmake_args' from command line to 'None'
[1.635s] Level 5:colcon.colcon_core.verb:set package 'model' build argument 'catkin_cmake_args' from command line to 'None'
[1.635s] Level 5:colcon.colcon_core.verb:set package 'model' build argument 'catkin_skip_building_tests' from command line to 'False'
[1.635s] DEBUG:colcon.colcon_core.verb:Building package 'model' with the following arguments: {'ament_cmake_args': None, 'build_base': '/home/weiwei/Desktop/project/ObsAvoidance/build/model', 'catkin_cmake_args': None, 'catkin_skip_building_tests': False, 'cmake_args': None, 'cmake_clean_cache': False, 'cmake_clean_first': False, 'cmake_force_configure': False, 'cmake_target': None, 'cmake_target_skip_unavailable': False, 'install_base': '/home/weiwei/Desktop/project/ObsAvoidance/install/model', 'merge_install': False, 'path': '/home/weiwei/Desktop/project/ObsAvoidance/src/model', 'symlink_install': False, 'test_result_base': None}
[1.656s] Level 5:colcon.colcon_core.verb:set package 'orbslam' build argument 'cmake_args' from command line to 'None'
[1.657s] Level 5:colcon.colcon_core.verb:set package 'orbslam' build argument 'cmake_target' from command line to 'None'
[1.657s] Level 5:colcon.colcon_core.verb:set package 'orbslam' build argument 'cmake_target_skip_unavailable' from command line to 'False'
[1.657s] Level 5:colcon.colcon_core.verb:set package 'orbslam' build argument 'cmake_clean_cache' from command line to 'False'
[1.657s] Level 5:colcon.colcon_core.verb:set package 'orbslam' build argument 'cmake_clean_first' from command line to 'False'
[1.657s] Level 5:colcon.colcon_core.verb:set package 'orbslam' build argument 'cmake_force_configure' from command line to 'False'
[1.657s] Level 5:colcon.colcon_core.verb:set package 'orbslam' build argument 'ament_cmake_args' from command line to 'None'
[1.657s] Level 5:colcon.colcon_core.verb:set package 'orbslam' build argument 'catkin_cmake_args' from command line to 'None'
[1.657s] Level 5:colcon.colcon_core.verb:set package 'orbslam' build argument 'catkin_skip_building_tests' from command line to 'False'
[1.657s] DEBUG:colcon.colcon_core.verb:Building package 'orbslam' with the following arguments: {'ament_cmake_args': None, 'build_base': '/home/weiwei/Desktop/project/ObsAvoidance/build/orbslam', 'catkin_cmake_args': None, 'catkin_skip_building_tests': False, 'cmake_args': None, 'cmake_clean_cache': False, 'cmake_clean_first': False, 'cmake_force_configure': False, 'cmake_target': None, 'cmake_target_skip_unavailable': False, 'install_base': '/home/weiwei/Desktop/project/ObsAvoidance/install/orbslam', 'merge_install': False, 'path': '/home/weiwei/Desktop/project/ObsAvoidance/src/orbslam', 'symlink_install': False, 'test_result_base': None}
[1.678s] INFO:colcon.colcon_core.executor:Executing jobs using 'parallel' executor
[1.700s] DEBUG:colcon.colcon_parallel_executor.executor.parallel:run_until_complete
[1.700s] INFO:colcon.colcon_ros.task.ament_cmake.build:Building ROS package in '/home/weiwei/Desktop/project/ObsAvoidance/src/interface' with build type 'ament_cmake'
[1.700s] INFO:colcon.colcon_cmake.task.cmake.build:Building CMake package in '/home/weiwei/Desktop/project/ObsAvoidance/src/interface'
[1.723s] INFO:colcon.colcon_core.plugin_system:Skipping extension 'colcon_core.shell.bat': Not used on non-Windows systems
[1.723s] INFO:colcon.colcon_core.shell:Skip shell extension 'powershell' for command environment: Not usable outside of PowerShell
[1.723s] DEBUG:colcon.colcon_core.shell:Skip shell extension 'dsv' for command environment
[1.793s] DEBUG:colcon.colcon_core.event_handler.log_command:Invoking command in '/home/weiwei/Desktop/project/ObsAvoidance/build/interface': CMAKE_PREFIX_PATH=${CMAKE_PREFIX_PATH}:/opt/ros/foxy /usr/bin/cmake --build /home/weiwei/Desktop/project/ObsAvoidance/build/interface -- -j16 -l16
[1.944s] DEBUG:colcon.colcon_core.event_handler.log_command:Invoked command in '/home/weiwei/Desktop/project/ObsAvoidance/build/interface' returned '0': CMAKE_PREFIX_PATH=${CMAKE_PREFIX_PATH}:/opt/ros/foxy /usr/bin/cmake --build /home/weiwei/Desktop/project/ObsAvoidance/build/interface -- -j16 -l16
[1.988s] DEBUG:colcon.colcon_core.event_handler.log_command:Invoking command in '/home/weiwei/Desktop/project/ObsAvoidance/build/interface': CMAKE_PREFIX_PATH=${CMAKE_PREFIX_PATH}:/opt/ros/foxy /usr/bin/cmake --install /home/weiwei/Desktop/project/ObsAvoidance/build/interface
[2.017s] Level 1:colcon.colcon_core.environment:create_environment_scripts_only(interface)
[2.017s] DEBUG:colcon.colcon_core.event_handler.log_command:Invoked command in '/home/weiwei/Desktop/project/ObsAvoidance/build/interface' returned '0': CMAKE_PREFIX_PATH=${CMAKE_PREFIX_PATH}:/opt/ros/foxy /usr/bin/cmake --install /home/weiwei/Desktop/project/ObsAvoidance/build/interface
[2.041s] Level 1:colcon.colcon_core.environment:checking '/home/weiwei/Desktop/project/ObsAvoidance/install/interface' for CMake module files
[2.041s] Level 1:colcon.colcon_core.environment:checking '/home/weiwei/Desktop/project/ObsAvoidance/install/interface' for CMake config files
[2.042s] Level 1:colcon.colcon_core.shell:create_environment_hook('interface', 'cmake_prefix_path')
[2.063s] INFO:colcon.colcon_core.shell:Creating environment hook '/home/weiwei/Desktop/project/ObsAvoidance/install/interface/share/interface/hook/cmake_prefix_path.ps1'
[2.064s] INFO:colcon.colcon_core.shell:Creating environment descriptor '/home/weiwei/Desktop/project/ObsAvoidance/install/interface/share/interface/hook/cmake_prefix_path.dsv'
[2.064s] INFO:colcon.colcon_core.shell:Creating environment hook '/home/weiwei/Desktop/project/ObsAvoidance/install/interface/share/interface/hook/cmake_prefix_path.sh'
[2.064s] Level 1:colcon.colcon_core.environment:checking '/home/weiwei/Desktop/project/ObsAvoidance/install/interface/lib'
[2.065s] Level 1:colcon.colcon_core.shell:create_environment_hook('interface', 'ld_library_path_lib')
[2.087s] INFO:colcon.colcon_core.shell:Creating environment hook '/home/weiwei/Desktop/project/ObsAvoidance/install/interface/share/interface/hook/ld_library_path_lib.ps1'
[2.087s] INFO:colcon.colcon_core.shell:Creating environment descriptor '/home/weiwei/Desktop/project/ObsAvoidance/install/interface/share/interface/hook/ld_library_path_lib.dsv'
[2.088s] INFO:colcon.colcon_core.shell:Creating environment hook '/home/weiwei/Desktop/project/ObsAvoidance/install/interface/share/interface/hook/ld_library_path_lib.sh'
[2.088s] Level 1:colcon.colcon_core.environment:checking '/home/weiwei/Desktop/project/ObsAvoidance/install/interface/bin'
[2.088s] Level 1:colcon.colcon_core.environment:checking '/home/weiwei/Desktop/project/ObsAvoidance/install/interface/lib/pkgconfig/interface.pc'
[2.088s] Level 1:colcon.colcon_core.environment:checking '/home/weiwei/Desktop/project/ObsAvoidance/install/interface/lib/python3.8/site-packages'
[2.088s] Level 1:colcon.colcon_core.shell:create_environment_hook('interface', 'pythonpath')
[2.110s] INFO:colcon.colcon_core.shell:Creating environment hook '/home/weiwei/Desktop/project/ObsAvoidance/install/interface/share/interface/hook/pythonpath.ps1'
[2.110s] INFO:colcon.colcon_core.shell:Creating environment descriptor '/home/weiwei/Desktop/project/ObsAvoidance/install/interface/share/interface/hook/pythonpath.dsv'
[2.110s] INFO:colcon.colcon_core.shell:Creating environment hook '/home/weiwei/Desktop/project/ObsAvoidance/install/interface/share/interface/hook/pythonpath.sh'
[2.111s] Level 1:colcon.colcon_core.environment:checking '/home/weiwei/Desktop/project/ObsAvoidance/install/interface/bin'
[2.133s] INFO:colcon.colcon_core.shell:Creating package script '/home/weiwei/Desktop/project/ObsAvoidance/install/interface/share/interface/package.ps1'
[2.133s] INFO:colcon.colcon_core.shell:Creating package descriptor '/home/weiwei/Desktop/project/ObsAvoidance/install/interface/share/interface/package.dsv'
[2.134s] INFO:colcon.colcon_core.shell:Creating package script '/home/weiwei/Desktop/project/ObsAvoidance/install/interface/share/interface/package.sh'
[2.134s] INFO:colcon.colcon_core.shell:Creating package script '/home/weiwei/Desktop/project/ObsAvoidance/install/interface/share/interface/package.bash'
[2.135s] INFO:colcon.colcon_core.shell:Creating package script '/home/weiwei/Desktop/project/ObsAvoidance/install/interface/share/interface/package.zsh'
[2.135s] Level 1:colcon.colcon_core.environment:create_file_with_runtime_dependencies(/home/weiwei/Desktop/project/ObsAvoidance/install/interface/share/colcon-core/packages/interface)
[2.186s] Level 1:colcon.colcon_core.environment:create_environment_scripts_only(interface)
[2.208s] Level 1:colcon.colcon_core.environment:checking '/home/weiwei/Desktop/project/ObsAvoidance/install/interface' for CMake module files
[2.209s] Level 1:colcon.colcon_core.environment:checking '/home/weiwei/Desktop/project/ObsAvoidance/install/interface' for CMake config files
[2.209s] Level 1:colcon.colcon_core.shell:create_environment_hook('interface', 'cmake_prefix_path')
[2.231s] INFO:colcon.colcon_core.shell:Creating environment hook '/home/weiwei/Desktop/project/ObsAvoidance/install/interface/share/interface/hook/cmake_prefix_path.ps1'
[2.232s] INFO:colcon.colcon_core.shell:Creating environment descriptor '/home/weiwei/Desktop/project/ObsAvoidance/install/interface/share/interface/hook/cmake_prefix_path.dsv'
[2.232s] INFO:colcon.colcon_core.shell:Creating environment hook '/home/weiwei/Desktop/project/ObsAvoidance/install/interface/share/interface/hook/cmake_prefix_path.sh'
[2.232s] Level 1:colcon.colcon_core.environment:checking '/home/weiwei/Desktop/project/ObsAvoidance/install/interface/lib'
[2.232s] Level 1:colcon.colcon_core.shell:create_environment_hook('interface', 'ld_library_path_lib')
[2.254s] INFO:colcon.colcon_core.shell:Creating environment hook '/home/weiwei/Desktop/project/ObsAvoidance/install/interface/share/interface/hook/ld_library_path_lib.ps1'
[2.254s] INFO:colcon.colcon_core.shell:Creating environment descriptor '/home/weiwei/Desktop/project/ObsAvoidance/install/interface/share/interface/hook/ld_library_path_lib.dsv'
[2.255s] INFO:colcon.colcon_core.shell:Creating environment hook '/home/weiwei/Desktop/project/ObsAvoidance/install/interface/share/interface/hook/ld_library_path_lib.sh'
[2.255s] Level 1:colcon.colcon_core.environment:checking '/home/weiwei/Desktop/project/ObsAvoidance/install/interface/bin'
[2.255s] Level 1:colcon.colcon_core.environment:checking '/home/weiwei/Desktop/project/ObsAvoidance/install/interface/lib/pkgconfig/interface.pc'
[2.255s] Level 1:colcon.colcon_core.environment:checking '/home/weiwei/Desktop/project/ObsAvoidance/install/interface/lib/python3.8/site-packages'
[2.255s] Level 1:colcon.colcon_core.shell:create_environment_hook('interface', 'pythonpath')
[2.277s] INFO:colcon.colcon_core.shell:Creating environment hook '/home/weiwei/Desktop/project/ObsAvoidance/install/interface/share/interface/hook/pythonpath.ps1'
[2.277s] INFO:colcon.colcon_core.shell:Creating environment descriptor '/home/weiwei/Desktop/project/ObsAvoidance/install/interface/share/interface/hook/pythonpath.dsv'
[2.278s] INFO:colcon.colcon_core.shell:Creating environment hook '/home/weiwei/Desktop/project/ObsAvoidance/install/interface/share/interface/hook/pythonpath.sh'
[2.278s] Level 1:colcon.colcon_core.environment:checking '/home/weiwei/Desktop/project/ObsAvoidance/install/interface/bin'
[2.299s] INFO:colcon.colcon_core.shell:Creating package script '/home/weiwei/Desktop/project/ObsAvoidance/install/interface/share/interface/package.ps1'
[2.300s] INFO:colcon.colcon_core.shell:Creating package descriptor '/home/weiwei/Desktop/project/ObsAvoidance/install/interface/share/interface/package.dsv'
[2.300s] INFO:colcon.colcon_core.shell:Creating package script '/home/weiwei/Desktop/project/ObsAvoidance/install/interface/share/interface/package.sh'
[2.300s] INFO:colcon.colcon_core.shell:Creating package script '/home/weiwei/Desktop/project/ObsAvoidance/install/interface/share/interface/package.bash'
[2.300s] INFO:colcon.colcon_core.shell:Creating package script '/home/weiwei/Desktop/project/ObsAvoidance/install/interface/share/interface/package.zsh'
[2.301s] Level 1:colcon.colcon_core.environment:create_file_with_runtime_dependencies(/home/weiwei/Desktop/project/ObsAvoidance/install/interface/share/colcon-core/packages/interface)
[2.301s] INFO:colcon.colcon_ros.task.ament_cmake.build:Building ROS package in '/home/weiwei/Desktop/project/ObsAvoidance/src/media' with build type 'ament_cmake'
[2.301s] INFO:colcon.colcon_cmake.task.cmake.build:Building CMake package in '/home/weiwei/Desktop/project/ObsAvoidance/src/media'
[2.323s] INFO:colcon.colcon_core.shell:Skip shell extension 'powershell' for command environment: Not usable outside of PowerShell
[2.323s] DEBUG:colcon.colcon_core.shell:Skip shell extension 'dsv' for command environment
[2.401s] INFO:colcon.colcon_ros.task.ament_cmake.build:Building ROS package in '/home/weiwei/Desktop/project/ObsAvoidance/src/model' with build type 'ament_cmake'
[2.401s] INFO:colcon.colcon_cmake.task.cmake.build:Building CMake package in '/home/weiwei/Desktop/project/ObsAvoidance/src/model'
[2.424s] INFO:colcon.colcon_core.shell:Skip shell extension 'powershell' for command environment: Not usable outside of PowerShell
[2.424s] DEBUG:colcon.colcon_core.shell:Skip shell extension 'dsv' for command environment
[2.493s] INFO:colcon.colcon_ros.task.ament_cmake.build:Building ROS package in '/home/weiwei/Desktop/project/ObsAvoidance/src/orbslam' with build type 'ament_cmake'
[2.493s] INFO:colcon.colcon_cmake.task.cmake.build:Building CMake package in '/home/weiwei/Desktop/project/ObsAvoidance/src/orbslam'
[2.516s] INFO:colcon.colcon_core.shell:Skip shell extension 'powershell' for command environment: Not usable outside of PowerShell
[2.516s] DEBUG:colcon.colcon_core.shell:Skip shell extension 'dsv' for command environment
[2.590s] DEBUG:colcon.colcon_core.event_handler.log_command:Invoking command in '/home/weiwei/Desktop/project/ObsAvoidance/build/media': CMAKE_PREFIX_PATH=/home/weiwei/Desktop/project/ObsAvoidance/install/interface:/home/weiwei/Desktop/project/ObsAvoidance/install/orbslam:/home/weiwei/Desktop/project/ObsAvoidance/install/model:/home/weiwei/Desktop/project/ObsAvoidance/install/media:/opt/ros/foxy /usr/bin/cmake --build /home/weiwei/Desktop/project/ObsAvoidance/build/media -- -j16 -l16
[2.592s] DEBUG:colcon.colcon_core.event_handler.log_command:Invoking command in '/home/weiwei/Desktop/project/ObsAvoidance/build/model': CMAKE_PREFIX_PATH=/home/weiwei/Desktop/project/ObsAvoidance/install/interface:/home/weiwei/Desktop/project/ObsAvoidance/install/orbslam:/home/weiwei/Desktop/project/ObsAvoidance/install/model:/home/weiwei/Desktop/project/ObsAvoidance/install/media:/opt/ros/foxy /usr/bin/cmake --build /home/weiwei/Desktop/project/ObsAvoidance/build/model -- -j16 -l16
[2.596s] DEBUG:colcon.colcon_core.event_handler.log_command:Invoking command in '/home/weiwei/Desktop/project/ObsAvoidance/build/orbslam': CMAKE_PREFIX_PATH=/home/weiwei/Desktop/project/ObsAvoidance/install/interface:/home/weiwei/Desktop/project/ObsAvoidance/install/orbslam:/home/weiwei/Desktop/project/ObsAvoidance/install/model:/home/weiwei/Desktop/project/ObsAvoidance/install/media:/opt/ros/foxy /usr/bin/cmake --build /home/weiwei/Desktop/project/ObsAvoidance/build/orbslam -- -j16 -l16
[2.655s] DEBUG:colcon.colcon_core.event_handler.log_command:Invoked command in '/home/weiwei/Desktop/project/ObsAvoidance/build/orbslam' returned '0': CMAKE_PREFIX_PATH=/home/weiwei/Desktop/project/ObsAvoidance/install/interface:/home/weiwei/Desktop/project/ObsAvoidance/install/orbslam:/home/weiwei/Desktop/project/ObsAvoidance/install/model:/home/weiwei/Desktop/project/ObsAvoidance/install/media:/opt/ros/foxy /usr/bin/cmake --build /home/weiwei/Desktop/project/ObsAvoidance/build/orbslam -- -j16 -l16
[2.672s] DEBUG:colcon.colcon_core.event_handler.log_command:Invoking command in '/home/weiwei/Desktop/project/ObsAvoidance/build/orbslam': CMAKE_PREFIX_PATH=/home/weiwei/Desktop/project/ObsAvoidance/install/interface:/home/weiwei/Desktop/project/ObsAvoidance/install/orbslam:/home/weiwei/Desktop/project/ObsAvoidance/install/model:/home/weiwei/Desktop/project/ObsAvoidance/install/media:/opt/ros/foxy /usr/bin/cmake --install /home/weiwei/Desktop/project/ObsAvoidance/build/orbslam
[2.679s] Level 1:colcon.colcon_core.environment:create_environment_scripts_only(orbslam)
[2.679s] DEBUG:colcon.colcon_core.event_handler.log_command:Invoked command in '/home/weiwei/Desktop/project/ObsAvoidance/build/orbslam' returned '0': CMAKE_PREFIX_PATH=/home/weiwei/Desktop/project/ObsAvoidance/install/interface:/home/weiwei/Desktop/project/ObsAvoidance/install/orbslam:/home/weiwei/Desktop/project/ObsAvoidance/install/model:/home/weiwei/Desktop/project/ObsAvoidance/install/media:/opt/ros/foxy /usr/bin/cmake --install /home/weiwei/Desktop/project/ObsAvoidance/build/orbslam
[2.703s] Level 1:colcon.colcon_core.environment:checking '/home/weiwei/Desktop/project/ObsAvoidance/install/orbslam' for CMake module files
[2.704s] Level 1:colcon.colcon_core.environment:checking '/home/weiwei/Desktop/project/ObsAvoidance/install/orbslam' for CMake config files
[2.704s] Level 1:colcon.colcon_core.shell:create_environment_hook('orbslam', 'cmake_prefix_path')
[2.729s] INFO:colcon.colcon_core.shell:Creating environment hook '/home/weiwei/Desktop/project/ObsAvoidance/install/orbslam/share/orbslam/hook/cmake_prefix_path.ps1'
[2.729s] INFO:colcon.colcon_core.shell:Creating environment descriptor '/home/weiwei/Desktop/project/ObsAvoidance/install/orbslam/share/orbslam/hook/cmake_prefix_path.dsv'
[2.730s] INFO:colcon.colcon_core.shell:Creating environment hook '/home/weiwei/Desktop/project/ObsAvoidance/install/orbslam/share/orbslam/hook/cmake_prefix_path.sh'
[2.730s] Level 1:colcon.colcon_core.environment:checking '/home/weiwei/Desktop/project/ObsAvoidance/install/orbslam/lib'
[2.730s] Level 1:colcon.colcon_core.environment:checking '/home/weiwei/Desktop/project/ObsAvoidance/install/orbslam/bin'
[2.730s] Level 1:colcon.colcon_core.environment:checking '/home/weiwei/Desktop/project/ObsAvoidance/install/orbslam/lib/pkgconfig/orbslam.pc'
[2.730s] Level 1:colcon.colcon_core.environment:checking '/home/weiwei/Desktop/project/ObsAvoidance/install/orbslam/lib/python3.8/site-packages'
[2.730s] Level 1:colcon.colcon_core.environment:checking '/home/weiwei/Desktop/project/ObsAvoidance/install/orbslam/bin'
[2.757s] INFO:colcon.colcon_core.shell:Creating package script '/home/weiwei/Desktop/project/ObsAvoidance/install/orbslam/share/orbslam/package.ps1'
[2.757s] INFO:colcon.colcon_core.shell:Creating package descriptor '/home/weiwei/Desktop/project/ObsAvoidance/install/orbslam/share/orbslam/package.dsv'
[2.757s] INFO:colcon.colcon_core.shell:Creating package script '/home/weiwei/Desktop/project/ObsAvoidance/install/orbslam/share/orbslam/package.sh'
[2.758s] INFO:colcon.colcon_core.shell:Creating package script '/home/weiwei/Desktop/project/ObsAvoidance/install/orbslam/share/orbslam/package.bash'
[2.758s] INFO:colcon.colcon_core.shell:Creating package script '/home/weiwei/Desktop/project/ObsAvoidance/install/orbslam/share/orbslam/package.zsh'
[2.758s] Level 1:colcon.colcon_core.environment:create_file_with_runtime_dependencies(/home/weiwei/Desktop/project/ObsAvoidance/install/orbslam/share/colcon-core/packages/orbslam)
[2.800s] Level 1:colcon.colcon_core.environment:create_environment_scripts_only(orbslam)
[2.825s] Level 1:colcon.colcon_core.environment:checking '/home/weiwei/Desktop/project/ObsAvoidance/install/orbslam' for CMake module files
[2.825s] Level 1:colcon.colcon_core.environment:checking '/home/weiwei/Desktop/project/ObsAvoidance/install/orbslam' for CMake config files
[2.825s] Level 1:colcon.colcon_core.shell:create_environment_hook('orbslam', 'cmake_prefix_path')
[2.851s] INFO:colcon.colcon_core.shell:Creating environment hook '/home/weiwei/Desktop/project/ObsAvoidance/install/orbslam/share/orbslam/hook/cmake_prefix_path.ps1'
[2.851s] INFO:colcon.colcon_core.shell:Creating environment descriptor '/home/weiwei/Desktop/project/ObsAvoidance/install/orbslam/share/orbslam/hook/cmake_prefix_path.dsv'
[2.852s] INFO:colcon.colcon_core.shell:Creating environment hook '/home/weiwei/Desktop/project/ObsAvoidance/install/orbslam/share/orbslam/hook/cmake_prefix_path.sh'
[2.852s] Level 1:colcon.colcon_core.environment:checking '/home/weiwei/Desktop/project/ObsAvoidance/install/orbslam/lib'
[2.852s] Level 1:colcon.colcon_core.environment:checking '/home/weiwei/Desktop/project/ObsAvoidance/install/orbslam/bin'
[2.852s] Level 1:colcon.colcon_core.environment:checking '/home/weiwei/Desktop/project/ObsAvoidance/install/orbslam/lib/pkgconfig/orbslam.pc'
[2.852s] Level 1:colcon.colcon_core.environment:checking '/home/weiwei/Desktop/project/ObsAvoidance/install/orbslam/lib/python3.8/site-packages'
[2.852s] Level 1:colcon.colcon_core.environment:checking '/home/weiwei/Desktop/project/ObsAvoidance/install/orbslam/bin'
[2.878s] INFO:colcon.colcon_core.shell:Creating package script '/home/weiwei/Desktop/project/ObsAvoidance/install/orbslam/share/orbslam/package.ps1'
[2.878s] INFO:colcon.colcon_core.shell:Creating package descriptor '/home/weiwei/Desktop/project/ObsAvoidance/install/orbslam/share/orbslam/package.dsv'
[2.879s] INFO:colcon.colcon_core.shell:Creating package script '/home/weiwei/Desktop/project/ObsAvoidance/install/orbslam/share/orbslam/package.sh'
[2.879s] INFO:colcon.colcon_core.shell:Creating package script '/home/weiwei/Desktop/project/ObsAvoidance/install/orbslam/share/orbslam/package.bash'
[2.879s] INFO:colcon.colcon_core.shell:Creating package script '/home/weiwei/Desktop/project/ObsAvoidance/install/orbslam/share/orbslam/package.zsh'
[2.879s] Level 1:colcon.colcon_core.environment:create_file_with_runtime_dependencies(/home/weiwei/Desktop/project/ObsAvoidance/install/orbslam/share/colcon-core/packages/orbslam)
[16.308s] DEBUG:colcon.colcon_core.event_handler.log_command:Invoked command in '/home/weiwei/Desktop/project/ObsAvoidance/build/media' returned '0': CMAKE_PREFIX_PATH=/home/weiwei/Desktop/project/ObsAvoidance/install/interface:/home/weiwei/Desktop/project/ObsAvoidance/install/orbslam:/home/weiwei/Desktop/project/ObsAvoidance/install/model:/home/weiwei/Desktop/project/ObsAvoidance/install/media:/opt/ros/foxy /usr/bin/cmake --build /home/weiwei/Desktop/project/ObsAvoidance/build/media -- -j16 -l16
[16.325s] DEBUG:colcon.colcon_core.event_handler.log_command:Invoking command in '/home/weiwei/Desktop/project/ObsAvoidance/build/media': CMAKE_PREFIX_PATH=/home/weiwei/Desktop/project/ObsAvoidance/install/interface:/home/weiwei/Desktop/project/ObsAvoidance/install/orbslam:/home/weiwei/Desktop/project/ObsAvoidance/install/model:/home/weiwei/Desktop/project/ObsAvoidance/install/media:/opt/ros/foxy /usr/bin/cmake --install /home/weiwei/Desktop/project/ObsAvoidance/build/media
[16.333s] Level 1:colcon.colcon_core.environment:create_environment_scripts_only(media)
[16.333s] DEBUG:colcon.colcon_core.event_handler.log_command:Invoked command in '/home/weiwei/Desktop/project/ObsAvoidance/build/media' returned '0': CMAKE_PREFIX_PATH=/home/weiwei/Desktop/project/ObsAvoidance/install/interface:/home/weiwei/Desktop/project/ObsAvoidance/install/orbslam:/home/weiwei/Desktop/project/ObsAvoidance/install/model:/home/weiwei/Desktop/project/ObsAvoidance/install/media:/opt/ros/foxy /usr/bin/cmake --install /home/weiwei/Desktop/project/ObsAvoidance/build/media
[16.383s] Level 1:colcon.colcon_core.environment:checking '/home/weiwei/Desktop/project/ObsAvoidance/install/media' for CMake module files
[16.384s] Level 1:colcon.colcon_core.environment:checking '/home/weiwei/Desktop/project/ObsAvoidance/install/media' for CMake config files
[16.384s] Level 1:colcon.colcon_core.shell:create_environment_hook('media', 'cmake_prefix_path')
[16.407s] INFO:colcon.colcon_core.shell:Creating environment hook '/home/weiwei/Desktop/project/ObsAvoidance/install/media/share/media/hook/cmake_prefix_path.ps1'
[16.407s] INFO:colcon.colcon_core.shell:Creating environment descriptor '/home/weiwei/Desktop/project/ObsAvoidance/install/media/share/media/hook/cmake_prefix_path.dsv'
[16.407s] INFO:colcon.colcon_core.shell:Creating environment hook '/home/weiwei/Desktop/project/ObsAvoidance/install/media/share/media/hook/cmake_prefix_path.sh'
[16.408s] Level 1:colcon.colcon_core.environment:checking '/home/weiwei/Desktop/project/ObsAvoidance/install/media/lib'
[16.408s] Level 1:colcon.colcon_core.environment:checking '/home/weiwei/Desktop/project/ObsAvoidance/install/media/bin'
[16.408s] Level 1:colcon.colcon_core.environment:checking '/home/weiwei/Desktop/project/ObsAvoidance/install/media/lib/pkgconfig/media.pc'
[16.408s] Level 1:colcon.colcon_core.environment:checking '/home/weiwei/Desktop/project/ObsAvoidance/install/media/lib/python3.8/site-packages'
[16.408s] Level 1:colcon.colcon_core.environment:checking '/home/weiwei/Desktop/project/ObsAvoidance/install/media/bin'
[16.432s] INFO:colcon.colcon_core.shell:Creating package script '/home/weiwei/Desktop/project/ObsAvoidance/install/media/share/media/package.ps1'
[16.432s] INFO:colcon.colcon_core.shell:Creating package descriptor '/home/weiwei/Desktop/project/ObsAvoidance/install/media/share/media/package.dsv'
[16.432s] INFO:colcon.colcon_core.shell:Creating package script '/home/weiwei/Desktop/project/ObsAvoidance/install/media/share/media/package.sh'
[16.433s] INFO:colcon.colcon_core.shell:Creating package script '/home/weiwei/Desktop/project/ObsAvoidance/install/media/share/media/package.bash'
[16.433s] INFO:colcon.colcon_core.shell:Creating package script '/home/weiwei/Desktop/project/ObsAvoidance/install/media/share/media/package.zsh'
[16.434s] Level 1:colcon.colcon_core.environment:create_file_with_runtime_dependencies(/home/weiwei/Desktop/project/ObsAvoidance/install/media/share/colcon-core/packages/media)
[16.498s] Level 1:colcon.colcon_core.environment:create_environment_scripts_only(media)
[16.522s] Level 1:colcon.colcon_core.environment:checking '/home/weiwei/Desktop/project/ObsAvoidance/install/media' for CMake module files
[16.523s] Level 1:colcon.colcon_core.environment:checking '/home/weiwei/Desktop/project/ObsAvoidance/install/media' for CMake config files
[16.523s] Level 1:colcon.colcon_core.shell:create_environment_hook('media', 'cmake_prefix_path')
[16.546s] INFO:colcon.colcon_core.shell:Creating environment hook '/home/weiwei/Desktop/project/ObsAvoidance/install/media/share/media/hook/cmake_prefix_path.ps1'
[16.546s] INFO:colcon.colcon_core.shell:Creating environment descriptor '/home/weiwei/Desktop/project/ObsAvoidance/install/media/share/media/hook/cmake_prefix_path.dsv'
[16.546s] INFO:colcon.colcon_core.shell:Creating environment hook '/home/weiwei/Desktop/project/ObsAvoidance/install/media/share/media/hook/cmake_prefix_path.sh'
[16.547s] Level 1:colcon.colcon_core.environment:checking '/home/weiwei/Desktop/project/ObsAvoidance/install/media/lib'
[16.547s] Level 1:colcon.colcon_core.environment:checking '/home/weiwei/Desktop/project/ObsAvoidance/install/media/bin'
[16.547s] Level 1:colcon.colcon_core.environment:checking '/home/weiwei/Desktop/project/ObsAvoidance/install/media/lib/pkgconfig/media.pc'
[16.547s] Level 1:colcon.colcon_core.environment:checking '/home/weiwei/Desktop/project/ObsAvoidance/install/media/lib/python3.8/site-packages'
[16.547s] Level 1:colcon.colcon_core.environment:checking '/home/weiwei/Desktop/project/ObsAvoidance/install/media/bin'
[16.570s] INFO:colcon.colcon_core.shell:Creating package script '/home/weiwei/Desktop/project/ObsAvoidance/install/media/share/media/package.ps1'
[16.571s] INFO:colcon.colcon_core.shell:Creating package descriptor '/home/weiwei/Desktop/project/ObsAvoidance/install/media/share/media/package.dsv'
[16.571s] INFO:colcon.colcon_core.shell:Creating package script '/home/weiwei/Desktop/project/ObsAvoidance/install/media/share/media/package.sh'
[16.571s] INFO:colcon.colcon_core.shell:Creating package script '/home/weiwei/Desktop/project/ObsAvoidance/install/media/share/media/package.bash'
[16.572s] INFO:colcon.colcon_core.shell:Creating package script '/home/weiwei/Desktop/project/ObsAvoidance/install/media/share/media/package.zsh'
[16.572s] Level 1:colcon.colcon_core.environment:create_file_with_runtime_dependencies(/home/weiwei/Desktop/project/ObsAvoidance/install/media/share/colcon-core/packages/media)
[19.836s] DEBUG:colcon.colcon_core.event_handler.log_command:Invoked command in '/home/weiwei/Desktop/project/ObsAvoidance/build/model' returned '0': CMAKE_PREFIX_PATH=/home/weiwei/Desktop/project/ObsAvoidance/install/interface:/home/weiwei/Desktop/project/ObsAvoidance/install/orbslam:/home/weiwei/Desktop/project/ObsAvoidance/install/model:/home/weiwei/Desktop/project/ObsAvoidance/install/media:/opt/ros/foxy /usr/bin/cmake --build /home/weiwei/Desktop/project/ObsAvoidance/build/model -- -j16 -l16
[19.851s] DEBUG:colcon.colcon_core.event_handler.log_command:Invoking command in '/home/weiwei/Desktop/project/ObsAvoidance/build/model': CMAKE_PREFIX_PATH=/home/weiwei/Desktop/project/ObsAvoidance/install/interface:/home/weiwei/Desktop/project/ObsAvoidance/install/orbslam:/home/weiwei/Desktop/project/ObsAvoidance/install/model:/home/weiwei/Desktop/project/ObsAvoidance/install/media:/opt/ros/foxy /usr/bin/cmake --install /home/weiwei/Desktop/project/ObsAvoidance/build/model
[19.863s] Level 1:colcon.colcon_core.environment:create_environment_scripts_only(model)
[19.864s] DEBUG:colcon.colcon_core.event_handler.log_command:Invoked command in '/home/weiwei/Desktop/project/ObsAvoidance/build/model' returned '0': CMAKE_PREFIX_PATH=/home/weiwei/Desktop/project/ObsAvoidance/install/interface:/home/weiwei/Desktop/project/ObsAvoidance/install/orbslam:/home/weiwei/Desktop/project/ObsAvoidance/install/model:/home/weiwei/Desktop/project/ObsAvoidance/install/media:/opt/ros/foxy /usr/bin/cmake --install /home/weiwei/Desktop/project/ObsAvoidance/build/model
[19.888s] Level 1:colcon.colcon_core.environment:checking '/home/weiwei/Desktop/project/ObsAvoidance/install/model' for CMake module files
[19.888s] Level 1:colcon.colcon_core.environment:checking '/home/weiwei/Desktop/project/ObsAvoidance/install/model' for CMake config files
[19.888s] Level 1:colcon.colcon_core.shell:create_environment_hook('model', 'cmake_prefix_path')
[19.909s] INFO:colcon.colcon_core.shell:Creating environment hook '/home/weiwei/Desktop/project/ObsAvoidance/install/model/share/model/hook/cmake_prefix_path.ps1'
[19.910s] INFO:colcon.colcon_core.shell:Creating environment descriptor '/home/weiwei/Desktop/project/ObsAvoidance/install/model/share/model/hook/cmake_prefix_path.dsv'
[19.910s] INFO:colcon.colcon_core.shell:Creating environment hook '/home/weiwei/Desktop/project/ObsAvoidance/install/model/share/model/hook/cmake_prefix_path.sh'
[19.910s] Level 1:colcon.colcon_core.environment:checking '/home/weiwei/Desktop/project/ObsAvoidance/install/model/lib'
[19.910s] Level 1:colcon.colcon_core.environment:checking '/home/weiwei/Desktop/project/ObsAvoidance/install/model/bin'
[19.910s] Level 1:colcon.colcon_core.environment:checking '/home/weiwei/Desktop/project/ObsAvoidance/install/model/lib/pkgconfig/model.pc'
[19.910s] Level 1:colcon.colcon_core.environment:checking '/home/weiwei/Desktop/project/ObsAvoidance/install/model/lib/python3.8/site-packages'
[19.911s] Level 1:colcon.colcon_core.environment:checking '/home/weiwei/Desktop/project/ObsAvoidance/install/model/bin'
[19.932s] INFO:colcon.colcon_core.shell:Creating package script '/home/weiwei/Desktop/project/ObsAvoidance/install/model/share/model/package.ps1'
[19.932s] INFO:colcon.colcon_core.shell:Creating package descriptor '/home/weiwei/Desktop/project/ObsAvoidance/install/model/share/model/package.dsv'
[19.932s] INFO:colcon.colcon_core.shell:Creating package script '/home/weiwei/Desktop/project/ObsAvoidance/install/model/share/model/package.sh'
[19.932s] INFO:colcon.colcon_core.shell:Creating package script '/home/weiwei/Desktop/project/ObsAvoidance/install/model/share/model/package.bash'
[19.933s] INFO:colcon.colcon_core.shell:Creating package script '/home/weiwei/Desktop/project/ObsAvoidance/install/model/share/model/package.zsh'
[19.933s] Level 1:colcon.colcon_core.environment:create_file_with_runtime_dependencies(/home/weiwei/Desktop/project/ObsAvoidance/install/model/share/colcon-core/packages/model)
[19.971s] Level 1:colcon.colcon_core.environment:create_environment_scripts_only(model)
[19.993s] Level 1:colcon.colcon_core.environment:checking '/home/weiwei/Desktop/project/ObsAvoidance/install/model' for CMake module files
[19.994s] Level 1:colcon.colcon_core.environment:checking '/home/weiwei/Desktop/project/ObsAvoidance/install/model' for CMake config files
[19.994s] Level 1:colcon.colcon_core.shell:create_environment_hook('model', 'cmake_prefix_path')
[20.015s] INFO:colcon.colcon_core.shell:Creating environment hook '/home/weiwei/Desktop/project/ObsAvoidance/install/model/share/model/hook/cmake_prefix_path.ps1'
[20.016s] INFO:colcon.colcon_core.shell:Creating environment descriptor '/home/weiwei/Desktop/project/ObsAvoidance/install/model/share/model/hook/cmake_prefix_path.dsv'
[20.016s] INFO:colcon.colcon_core.shell:Creating environment hook '/home/weiwei/Desktop/project/ObsAvoidance/install/model/share/model/hook/cmake_prefix_path.sh'
[20.016s] Level 1:colcon.colcon_core.environment:checking '/home/weiwei/Desktop/project/ObsAvoidance/install/model/lib'
[20.016s] Level 1:colcon.colcon_core.environment:checking '/home/weiwei/Desktop/project/ObsAvoidance/install/model/bin'
[20.016s] Level 1:colcon.colcon_core.environment:checking '/home/weiwei/Desktop/project/ObsAvoidance/install/model/lib/pkgconfig/model.pc'
[20.016s] Level 1:colcon.colcon_core.environment:checking '/home/weiwei/Desktop/project/ObsAvoidance/install/model/lib/python3.8/site-packages'
[20.017s] Level 1:colcon.colcon_core.environment:checking '/home/weiwei/Desktop/project/ObsAvoidance/install/model/bin'
[20.045s] INFO:colcon.colcon_core.shell:Creating package script '/home/weiwei/Desktop/project/ObsAvoidance/install/model/share/model/package.ps1'
[20.045s] INFO:colcon.colcon_core.shell:Creating package descriptor '/home/weiwei/Desktop/project/ObsAvoidance/install/model/share/model/package.dsv'
[20.045s] INFO:colcon.colcon_core.shell:Creating package script '/home/weiwei/Desktop/project/ObsAvoidance/install/model/share/model/package.sh'
[20.045s] INFO:colcon.colcon_core.shell:Creating package script '/home/weiwei/Desktop/project/ObsAvoidance/install/model/share/model/package.bash'
[20.046s] INFO:colcon.colcon_core.shell:Creating package script '/home/weiwei/Desktop/project/ObsAvoidance/install/model/share/model/package.zsh'
[20.046s] Level 1:colcon.colcon_core.environment:create_file_with_runtime_dependencies(/home/weiwei/Desktop/project/ObsAvoidance/install/model/share/colcon-core/packages/model)
[20.046s] DEBUG:colcon.colcon_parallel_executor.executor.parallel:closing loop
[20.046s] DEBUG:colcon.colcon_parallel_executor.executor.parallel:loop closed
[20.046s] DEBUG:colcon.colcon_parallel_executor.executor.parallel:run_until_complete finished with '0'
[20.046s] DEBUG:colcon.colcon_core.event_reactor:joining thread
[20.075s] INFO:colcon.colcon_core.plugin_system:Skipping extension 'colcon_notification.desktop_notification.terminal_notifier': Not used on non-Darwin systems
[20.075s] INFO:colcon.colcon_core.plugin_system:Skipping extension 'colcon_notification.desktop_notification.win32': Not used on non-Windows systems
[20.075s] INFO:colcon.colcon_notification.desktop_notification:Sending desktop notification using 'notify2'
[20.089s] DEBUG:colcon.colcon_core.event_reactor:joined thread
[20.110s] INFO:colcon.colcon_core.shell:Creating prefix script '/home/weiwei/Desktop/project/ObsAvoidance/install/local_setup.ps1'
[20.111s] INFO:colcon.colcon_core.shell:Creating prefix util module '/home/weiwei/Desktop/project/ObsAvoidance/install/_local_setup_util_ps1.py'
[20.112s] INFO:colcon.colcon_core.shell:Creating prefix chain script '/home/weiwei/Desktop/project/ObsAvoidance/install/setup.ps1'
[20.134s] INFO:colcon.colcon_core.shell:Creating prefix script '/home/weiwei/Desktop/project/ObsAvoidance/install/local_setup.sh'
[20.134s] INFO:colcon.colcon_core.shell:Creating prefix util module '/home/weiwei/Desktop/project/ObsAvoidance/install/_local_setup_util_sh.py'
[20.135s] INFO:colcon.colcon_core.shell:Creating prefix chain script '/home/weiwei/Desktop/project/ObsAvoidance/install/setup.sh'
[20.157s] INFO:colcon.colcon_core.shell:Creating prefix script '/home/weiwei/Desktop/project/ObsAvoidance/install/local_setup.bash'
[20.158s] INFO:colcon.colcon_core.shell:Creating prefix chain script '/home/weiwei/Desktop/project/ObsAvoidance/install/setup.bash'
[20.182s] INFO:colcon.colcon_core.shell:Creating prefix script '/home/weiwei/Desktop/project/ObsAvoidance/install/local_setup.zsh'
[20.183s] INFO:colcon.colcon_core.shell:Creating prefix chain script '/home/weiwei/Desktop/project/ObsAvoidance/install/setup.zsh'
