[0.012s] Invoking command in '/home/weiwei/Desktop/project/ObsAvoidance/build/orbslam': AMENT_PREFIX_PATH=/home/weiwei/Desktop/project/ObsAvoidance/install/interface:${AMENT_PREFIX_PATH} CMAKE_PREFIX_PATH=/home/weiwei/Desktop/project/ObsAvoidance/install/interface:/opt/ros/foxy LD_LIBRARY_PATH=/home/weiwei/Desktop/project/ObsAvoidance/install/interface/lib:${LD_LIBRARY_PATH} PYTHONPATH=/home/weiwei/Desktop/project/ObsAvoidance/install/interface/lib/python3.8/site-packages:${PYTHONPATH} /usr/bin/cmake --build /home/weiwei/Desktop/project/ObsAvoidance/build/orbslam -- -j16 -l16
[0.062s] [100%] Built target orbslam
[0.072s] Invoked command in '/home/weiwei/Desktop/project/ObsAvoidance/build/orbslam' returned '0': AMENT_PREFIX_PATH=/home/weiwei/Desktop/project/ObsAvoidance/install/interface:${AMENT_PREFIX_PATH} CMAKE_PREFIX_PATH=/home/weiwei/Desktop/project/ObsAvoidance/install/interface:/opt/ros/foxy LD_LIBRARY_PATH=/home/weiwei/Desktop/project/ObsAvoidance/install/interface/lib:${LD_LIBRARY_PATH} PYTHONPATH=/home/weiwei/Desktop/project/ObsAvoidance/install/interface/lib/python3.8/site-packages:${PYTHONPATH} /usr/bin/cmake --build /home/weiwei/Desktop/project/ObsAvoidance/build/orbslam -- -j16 -l16
[0.088s] Invoking command in '/home/weiwei/Desktop/project/ObsAvoidance/build/orbslam': AMENT_PREFIX_PATH=/home/weiwei/Desktop/project/ObsAvoidance/install/interface:${AMENT_PREFIX_PATH} CMAKE_PREFIX_PATH=/home/weiwei/Desktop/project/ObsAvoidance/install/interface:/opt/ros/foxy LD_LIBRARY_PATH=/home/weiwei/Desktop/project/ObsAvoidance/install/interface/lib:${LD_LIBRARY_PATH} PYTHONPATH=/home/weiwei/Desktop/project/ObsAvoidance/install/interface/lib/python3.8/site-packages:${PYTHONPATH} /usr/bin/cmake --install /home/weiwei/Desktop/project/ObsAvoidance/build/orbslam
[0.094s] -- Install configuration: ""
[0.094s] -- Up-to-date: /home/weiwei/Desktop/project/ObsAvoidance/install/orbslam/lib/orbslam/orbslam
[0.094s] -- Up-to-date: /home/weiwei/Desktop/project/ObsAvoidance/install/orbslam/share/orbslam/launch
[0.094s] -- Up-to-date: /home/weiwei/Desktop/project/ObsAvoidance/install/orbslam/share/orbslam/launch/slam.launch.py
[0.094s] -- Up-to-date: /home/weiwei/Desktop/project/ObsAvoidance/install/orbslam/share/ament_index/resource_index/package_run_dependencies/orbslam
[0.094s] -- Up-to-date: /home/weiwei/Desktop/project/ObsAvoidance/install/orbslam/share/ament_index/resource_index/parent_prefix_path/orbslam
[0.095s] -- Up-to-date: /home/weiwei/Desktop/project/ObsAvoidance/install/orbslam/share/orbslam/environment/ament_prefix_path.sh
[0.095s] -- Up-to-date: /home/weiwei/Desktop/project/ObsAvoidance/install/orbslam/share/orbslam/environment/ament_prefix_path.dsv
[0.095s] -- Up-to-date: /home/weiwei/Desktop/project/ObsAvoidance/install/orbslam/share/orbslam/environment/path.sh
[0.095s] -- Up-to-date: /home/weiwei/Desktop/project/ObsAvoidance/install/orbslam/share/orbslam/environment/path.dsv
[0.096s] -- Up-to-date: /home/weiwei/Desktop/project/ObsAvoidance/install/orbslam/share/orbslam/local_setup.bash
[0.096s] -- Up-to-date: /home/weiwei/Desktop/project/ObsAvoidance/install/orbslam/share/orbslam/local_setup.sh
[0.096s] -- Up-to-date: /home/weiwei/Desktop/project/ObsAvoidance/install/orbslam/share/orbslam/local_setup.zsh
[0.096s] -- Up-to-date: /home/weiwei/Desktop/project/ObsAvoidance/install/orbslam/share/orbslam/local_setup.dsv
[0.097s] -- Installing: /home/weiwei/Desktop/project/ObsAvoidance/install/orbslam/share/orbslam/package.dsv
[0.097s] -- Up-to-date: /home/weiwei/Desktop/project/ObsAvoidance/install/orbslam/share/ament_index/resource_index/packages/orbslam
[0.097s] -- Up-to-date: /home/weiwei/Desktop/project/ObsAvoidance/install/orbslam/share/orbslam/cmake/orbslamConfig.cmake
[0.097s] -- Up-to-date: /home/weiwei/Desktop/project/ObsAvoidance/install/orbslam/share/orbslam/cmake/orbslamConfig-version.cmake
[0.098s] -- Up-to-date: /home/weiwei/Desktop/project/ObsAvoidance/install/orbslam/share/orbslam/package.xml
[0.104s] Invoked command in '/home/weiwei/Desktop/project/ObsAvoidance/build/orbslam' returned '0': AMENT_PREFIX_PATH=/home/weiwei/Desktop/project/ObsAvoidance/install/interface:${AMENT_PREFIX_PATH} CMAKE_PREFIX_PATH=/home/weiwei/Desktop/project/ObsAvoidance/install/interface:/opt/ros/foxy LD_LIBRARY_PATH=/home/weiwei/Desktop/project/ObsAvoidance/install/interface/lib:${LD_LIBRARY_PATH} PYTHONPATH=/home/weiwei/Desktop/project/ObsAvoidance/install/interface/lib/python3.8/site-packages:${PYTHONPATH} /usr/bin/cmake --install /home/weiwei/Desktop/project/ObsAvoidance/build/orbslam
