[0.161s] Invoking command in '/home/weiwei/Desktop/project/ObsAvoidance/build/orbslam': AMENT_PREFIX_PATH=/home/weiwei/Desktop/project/ObsAvoidance/install/interface:${AMENT_PREFIX_PATH} CMAKE_PREFIX_PATH=/home/weiwei/Desktop/project/ObsAvoidance/install/interface:/opt/ros/foxy LD_LIBRARY_PATH=/home/weiwei/Desktop/project/ObsAvoidance/install/interface/lib:${LD_LIBRARY_PATH} PYTHONPATH=/home/weiwei/Desktop/project/ObsAvoidance/install/interface/lib/python3.8/site-packages:${PYTHONPATH} /usr/bin/cmake --build /home/weiwei/Desktop/project/ObsAvoidance/build/orbslam -- -j16 -l16
[0.178s] -- Found ament_cmake: 0.9.12 (/opt/ros/foxy/share/ament_cmake/cmake)
[0.192s] -- Using PYTHON_EXECUTABLE: /usr/bin/python3
[0.305s] -- Found rclcpp: 2.4.3 (/opt/ros/foxy/share/rclcpp/cmake)
[0.327s] -- Using all available rosidl_typesupport_c: rosidl_typesupport_fastrtps_c;rosidl_typesupport_introspection_c
[0.329s] -- Found rosidl_adapter: 1.3.1 (/opt/ros/foxy/share/rosidl_adapter/cmake)
[0.417s] -- Using all available rosidl_typesupport_cpp: rosidl_typesupport_fastrtps_cpp;rosidl_typesupport_introspection_cpp
[0.449s] -- Found rmw_implementation_cmake: 1.0.4 (/opt/ros/foxy/share/rmw_implementation_cmake/cmake)
[0.450s] -- Using RMW implementation 'rmw_fastrtps_cpp' as default
[0.544s] -- Found sensor_msgs: 2.0.5 (/opt/ros/foxy/share/sensor_msgs/cmake)
[0.619s] -- Found interface: 0.0.0 (/home/weiwei/Desktop/project/ObsAvoidance/install/interface/share/interface/cmake)
[0.691s] -- Found cv_bridge: 3.0.7 (/opt/ros/foxy/share/cv_bridge/cmake)
[0.722s] -- Found pcl_conversions: 2.2.1 (/opt/ros/foxy/share/pcl_conversions/cmake)
[0.835s] -- Found ament_lint_auto: 0.9.8 (/opt/ros/foxy/share/ament_lint_auto/cmake)
[0.920s] -- Added test 'copyright' to check source files copyright and LICENSE
[0.920s] -- Added test 'cppcheck' to perform static code analysis on C / C++ code
[0.921s] -- Configured cppcheck include dirs: 
[0.921s] -- Configured cppcheck exclude dirs and/or files: 
[0.921s] -- Added test 'cpplint' to check C / C++ code against the Google style
[0.922s] -- Configured cpplint exclude dirs and/or files: 
[0.922s] -- Added test 'flake8' to check Python code syntax and style conventions
[0.922s] -- Added test 'lint_cmake' to check CMake code style
[0.922s] -- Added test 'pep257' to check Python code against some of the style conventions in PEP 257
[0.923s] -- Added test 'uncrustify' to check C / C++ code style
[0.923s] -- Configured uncrustify additional arguments: 
[0.923s] -- Added test 'xmllint' to check XML markup files
[0.925s] -- Configuring done
[0.953s] -- Generating done
[0.955s] -- Build files have been written to: /home/weiwei/Desktop/project/ObsAvoidance/build/orbslam
[0.982s] [35m[1mScanning dependencies of target orbslam[0m
[1.024s] [ 33%] [32mBuilding CXX object CMakeFiles/orbslam.dir/src/slam.cpp.o[0m
[5.755s] In file included from [01m[K/home/weiwei/Desktop/thirdParty/ORB_SLAM3/include/Frame.h:30[m[K,
[5.755s]                  from [01m[K/home/weiwei/Desktop/thirdParty/ORB_SLAM3/include/KeyFrame.h:28[m[K,
[5.755s]                  from [01m[K/home/weiwei/Desktop/thirdParty/ORB_SLAM3/include/MapPoint.h:23[m[K,
[5.755s]                  from [01m[K/home/weiwei/Desktop/thirdParty/ORB_SLAM3/include/FrameDrawer.h:24[m[K,
[5.755s]                  from [01m[K/home/weiwei/Desktop/thirdParty/ORB_SLAM3/include/Viewer.h:23[m[K,
[5.755s]                  from [01m[K/home/weiwei/Desktop/thirdParty/ORB_SLAM3/include/Tracking.h:26[m[K,
[5.755s]                  from [01m[K/home/weiwei/Desktop/thirdParty/ORB_SLAM3/include/System.h:31[m[K,
[5.755s]                  from [01m[K/home/weiwei/Desktop/project/ObsAvoidance/src/orbslam/src/slam.hpp:11[m[K,
[5.755s]                  from [01m[K/home/weiwei/Desktop/project/ObsAvoidance/src/orbslam/src/slam.cpp:1[m[K:
[5.756s] [01m[K/home/weiwei/Desktop/thirdParty/ORB_SLAM3/include/ImuTypes.h:[m[K In member function ‘[01m[Kvoid ORB_SLAM3::IMU::Preintegrated::printMeasurements() const[m[K’:
[5.756s] [01m[K/home/weiwei/Desktop/thirdParty/ORB_SLAM3/include/ImuTypes.h:204:23:[m[K [01;35m[Kwarning: [m[Kcomparison of integer expressions of different signedness: ‘[01m[Kint[m[K’ and ‘[01m[Kstd::vector<ORB_SLAM3::IMU::Preintegrated::integrable>::size_type[m[K’ {aka ‘[01m[Klong unsigned int[m[K’} [[01;35m[K-Wsign-compare[m[K]
[5.756s]   204 |         for(int i=0; [01;35m[Ki<mvMeasurements.size()[m[K; i++){
[5.756s]       |                      [01;35m[K~^~~~~~~~~~~~~~~~~~~~~~[m[K
[5.815s] In file included from [01m[K/home/weiwei/Desktop/thirdParty/ORB_SLAM3/Thirdparty/g2o/g2o/types/types_six_dof_expmap.h:37[m[K,
[5.815s]                  from [01m[K/home/weiwei/Desktop/thirdParty/ORB_SLAM3/include/Converter.h:26[m[K,
[5.815s]                  from [01m[K/home/weiwei/Desktop/thirdParty/ORB_SLAM3/include/Frame.h:33[m[K,
[5.815s]                  from [01m[K/home/weiwei/Desktop/thirdParty/ORB_SLAM3/include/KeyFrame.h:28[m[K,
[5.816s]                  from [01m[K/home/weiwei/Desktop/thirdParty/ORB_SLAM3/include/MapPoint.h:23[m[K,
[5.816s]                  from [01m[K/home/weiwei/Desktop/thirdParty/ORB_SLAM3/include/FrameDrawer.h:24[m[K,
[5.816s]                  from [01m[K/home/weiwei/Desktop/thirdParty/ORB_SLAM3/include/Viewer.h:23[m[K,
[5.816s]                  from [01m[K/home/weiwei/Desktop/thirdParty/ORB_SLAM3/include/Tracking.h:26[m[K,
[5.816s]                  from [01m[K/home/weiwei/Desktop/thirdParty/ORB_SLAM3/include/System.h:31[m[K,
[5.816s]                  from [01m[K/home/weiwei/Desktop/project/ObsAvoidance/src/orbslam/src/slam.hpp:11[m[K,
[5.816s]                  from [01m[K/home/weiwei/Desktop/project/ObsAvoidance/src/orbslam/src/slam.cpp:1[m[K:
[5.816s] [01m[K/home/weiwei/Desktop/thirdParty/ORB_SLAM3/Thirdparty/g2o/g2o/types/../core/base_vertex.h:[m[K At global scope:
[5.816s] [01m[K/home/weiwei/Desktop/thirdParty/ORB_SLAM3/Thirdparty/g2o/g2o/types/../core/base_vertex.h:62:74:[m[K [01;35m[Kwarning: [m[K‘[01m[KEigen::AlignedBit[m[K’ is deprecated [[01;35m[K-Wdeprecated-declarations[m[K]
[5.816s]    62 |     typedef Eigen::Map<Matrix<double, D, D>, Matrix<double,D,D>::Flags & [01;35m[KAlignedBit[m[K ? Aligned : Unaligned >  HessianBlockType;
[5.816s]       |                                                                          [01;35m[K^~~~~~~~~~[m[K
[5.816s] In file included from [01m[K/usr/local/include/eigen3/Eigen/Core:363[m[K,
[5.816s]                  from [01m[K/usr/local/include/eigen3/Eigen/Dense:1[m[K,
[5.816s]                  from [01m[K/usr/local/include/sophus/rotation_matrix.hpp:7[m[K,
[5.816s]                  from [01m[K/usr/local/include/sophus/so3.hpp:7[m[K,
[5.817s]                  from [01m[K/usr/local/include/sophus/se3.hpp:7[m[K,
[5.817s]                  from [01m[K/home/weiwei/Desktop/project/ObsAvoidance/src/orbslam/src/slam.hpp:7[m[K,
[5.817s]                  from [01m[K/home/weiwei/Desktop/project/ObsAvoidance/src/orbslam/src/slam.cpp:1[m[K:
[5.817s] [01m[K/usr/local/include/eigen3/Eigen/src/Core/util/Constants.h:162:37:[m[K [01;36m[Knote: [m[Kdeclared here
[5.817s]   162 | EIGEN_DEPRECATED const unsigned int [01;36m[KAlignedBit[m[K = 0x80;
[5.817s]       |                                     [01;36m[K^~~~~~~~~~[m[K
[5.834s] In file included from [01m[K/home/weiwei/Desktop/thirdParty/ORB_SLAM3/Thirdparty/g2o/g2o/types/types_six_dof_expmap.h:38[m[K,
[5.834s]                  from [01m[K/home/weiwei/Desktop/thirdParty/ORB_SLAM3/include/Converter.h:26[m[K,
[5.834s]                  from [01m[K/home/weiwei/Desktop/thirdParty/ORB_SLAM3/include/Frame.h:33[m[K,
[5.834s]                  from [01m[K/home/weiwei/Desktop/thirdParty/ORB_SLAM3/include/KeyFrame.h:28[m[K,
[5.834s]                  from [01m[K/home/weiwei/Desktop/thirdParty/ORB_SLAM3/include/MapPoint.h:23[m[K,
[5.834s]                  from [01m[K/home/weiwei/Desktop/thirdParty/ORB_SLAM3/include/FrameDrawer.h:24[m[K,
[5.834s]                  from [01m[K/home/weiwei/Desktop/thirdParty/ORB_SLAM3/include/Viewer.h:23[m[K,
[5.834s]                  from [01m[K/home/weiwei/Desktop/thirdParty/ORB_SLAM3/include/Tracking.h:26[m[K,
[5.834s]                  from [01m[K/home/weiwei/Desktop/thirdParty/ORB_SLAM3/include/System.h:31[m[K,
[5.834s]                  from [01m[K/home/weiwei/Desktop/project/ObsAvoidance/src/orbslam/src/slam.hpp:11[m[K,
[5.834s]                  from [01m[K/home/weiwei/Desktop/project/ObsAvoidance/src/orbslam/src/slam.cpp:1[m[K:
[5.834s] [01m[K/home/weiwei/Desktop/thirdParty/ORB_SLAM3/Thirdparty/g2o/g2o/types/../core/base_binary_edge.h:59:82:[m[K [01;35m[Kwarning: [m[K‘[01m[KEigen::AlignedBit[m[K’ is deprecated [[01;35m[K-Wdeprecated-declarations[m[K]
[5.835s]    59 |       typedef Eigen::Map<Matrix<double, Di, Dj>, Matrix<double, Di, Dj>::Flags & [01;35m[KAlignedBit[m[K ? Aligned : Unaligned > HessianBlockType;
[5.835s]       |                                                                                  [01;35m[K^~~~~~~~~~[m[K
[5.835s] In file included from [01m[K/usr/local/include/eigen3/Eigen/Core:363[m[K,
[5.835s]                  from [01m[K/usr/local/include/eigen3/Eigen/Dense:1[m[K,
[5.835s]                  from [01m[K/usr/local/include/sophus/rotation_matrix.hpp:7[m[K,
[5.835s]                  from [01m[K/usr/local/include/sophus/so3.hpp:7[m[K,
[5.835s]                  from [01m[K/usr/local/include/sophus/se3.hpp:7[m[K,
[5.835s]                  from [01m[K/home/weiwei/Desktop/project/ObsAvoidance/src/orbslam/src/slam.hpp:7[m[K,
[5.835s]                  from [01m[K/home/weiwei/Desktop/project/ObsAvoidance/src/orbslam/src/slam.cpp:1[m[K:
[5.835s] [01m[K/usr/local/include/eigen3/Eigen/src/Core/util/Constants.h:162:37:[m[K [01;36m[Knote: [m[Kdeclared here
[5.835s]   162 | EIGEN_DEPRECATED const unsigned int [01;36m[KAlignedBit[m[K = 0x80;
[5.835s]       |                                     [01;36m[K^~~~~~~~~~[m[K
[5.835s] In file included from [01m[K/home/weiwei/Desktop/thirdParty/ORB_SLAM3/Thirdparty/g2o/g2o/types/types_six_dof_expmap.h:38[m[K,
[5.835s]                  from [01m[K/home/weiwei/Desktop/thirdParty/ORB_SLAM3/include/Converter.h:26[m[K,
[5.835s]                  from [01m[K/home/weiwei/Desktop/thirdParty/ORB_SLAM3/include/Frame.h:33[m[K,
[5.836s]                  from [01m[K/home/weiwei/Desktop/thirdParty/ORB_SLAM3/include/KeyFrame.h:28[m[K,
[5.836s]                  from [01m[K/home/weiwei/Desktop/thirdParty/ORB_SLAM3/include/MapPoint.h:23[m[K,
[5.836s]                  from [01m[K/home/weiwei/Desktop/thirdParty/ORB_SLAM3/include/FrameDrawer.h:24[m[K,
[5.836s]                  from [01m[K/home/weiwei/Desktop/thirdParty/ORB_SLAM3/include/Viewer.h:23[m[K,
[5.836s]                  from [01m[K/home/weiwei/Desktop/thirdParty/ORB_SLAM3/include/Tracking.h:26[m[K,
[5.836s]                  from [01m[K/home/weiwei/Desktop/thirdParty/ORB_SLAM3/include/System.h:31[m[K,
[5.836s]                  from [01m[K/home/weiwei/Desktop/project/ObsAvoidance/src/orbslam/src/slam.hpp:11[m[K,
[5.836s]                  from [01m[K/home/weiwei/Desktop/project/ObsAvoidance/src/orbslam/src/slam.cpp:1[m[K:
[5.836s] [01m[K/home/weiwei/Desktop/thirdParty/ORB_SLAM3/Thirdparty/g2o/g2o/types/../core/base_binary_edge.h:60:82:[m[K [01;35m[Kwarning: [m[K‘[01m[KEigen::AlignedBit[m[K’ is deprecated [[01;35m[K-Wdeprecated-declarations[m[K]
[5.836s]    60 |       typedef Eigen::Map<Matrix<double, Dj, Di>, Matrix<double, Dj, Di>::Flags & [01;35m[KAlignedBit[m[K ? Aligned : Unaligned > HessianBlockTransposedType;
[5.836s]       |                                                                                  [01;35m[K^~~~~~~~~~[m[K
[5.836s] In file included from [01m[K/usr/local/include/eigen3/Eigen/Core:363[m[K,
[5.836s]                  from [01m[K/usr/local/include/eigen3/Eigen/Dense:1[m[K,
[5.836s]                  from [01m[K/usr/local/include/sophus/rotation_matrix.hpp:7[m[K,
[5.836s]                  from [01m[K/usr/local/include/sophus/so3.hpp:7[m[K,
[5.836s]                  from [01m[K/usr/local/include/sophus/se3.hpp:7[m[K,
[5.837s]                  from [01m[K/home/weiwei/Desktop/project/ObsAvoidance/src/orbslam/src/slam.hpp:7[m[K,
[5.837s]                  from [01m[K/home/weiwei/Desktop/project/ObsAvoidance/src/orbslam/src/slam.cpp:1[m[K:
[5.837s] [01m[K/usr/local/include/eigen3/Eigen/src/Core/util/Constants.h:162:37:[m[K [01;36m[Knote: [m[Kdeclared here
[5.837s]   162 | EIGEN_DEPRECATED const unsigned int [01;36m[KAlignedBit[m[K = 0x80;
[5.837s]       |                                     [01;36m[K^~~~~~~~~~[m[K
[5.859s] In file included from [01m[K/home/weiwei/Desktop/thirdParty/ORB_SLAM3/Thirdparty/g2o/g2o/types/types_six_dof_expmap.h:41[m[K,
[5.859s]                  from [01m[K/home/weiwei/Desktop/thirdParty/ORB_SLAM3/include/Converter.h:26[m[K,
[5.859s]                  from [01m[K/home/weiwei/Desktop/thirdParty/ORB_SLAM3/include/Frame.h:33[m[K,
[5.859s]                  from [01m[K/home/weiwei/Desktop/thirdParty/ORB_SLAM3/include/KeyFrame.h:28[m[K,
[5.859s]                  from [01m[K/home/weiwei/Desktop/thirdParty/ORB_SLAM3/include/MapPoint.h:23[m[K,
[5.859s]                  from [01m[K/home/weiwei/Desktop/thirdParty/ORB_SLAM3/include/FrameDrawer.h:24[m[K,
[5.859s]                  from [01m[K/home/weiwei/Desktop/thirdParty/ORB_SLAM3/include/Viewer.h:23[m[K,
[5.859s]                  from [01m[K/home/weiwei/Desktop/thirdParty/ORB_SLAM3/include/Tracking.h:26[m[K,
[5.859s]                  from [01m[K/home/weiwei/Desktop/thirdParty/ORB_SLAM3/include/System.h:31[m[K,
[5.859s]                  from [01m[K/home/weiwei/Desktop/project/ObsAvoidance/src/orbslam/src/slam.hpp:11[m[K,
[5.859s]                  from [01m[K/home/weiwei/Desktop/project/ObsAvoidance/src/orbslam/src/slam.cpp:1[m[K:
[5.859s] [01m[K/home/weiwei/Desktop/thirdParty/ORB_SLAM3/Thirdparty/g2o/g2o/types/se3quat.h:43:38:[m[K [01;35m[Kwarning: [m[Kextra ‘[01m[K;[m[K’ [[01;35m[K-Wpedantic[m[K]
[5.859s]    43 |       EIGEN_MAKE_ALIGNED_OPERATOR_NEW[01;35m[K;[m[K
[5.859s]       |                                      [01;35m[K^[m[K
[5.859s]       |                                      [31m[K-[m[K
[6.075s] In file included from [01m[K/home/weiwei/Desktop/thirdParty/ORB_SLAM3/Thirdparty/g2o/g2o/types/types_six_dof_expmap.h:37[m[K,
[6.075s]                  from [01m[K/home/weiwei/Desktop/thirdParty/ORB_SLAM3/include/Converter.h:26[m[K,
[6.075s]                  from [01m[K/home/weiwei/Desktop/thirdParty/ORB_SLAM3/include/Frame.h:33[m[K,
[6.075s]                  from [01m[K/home/weiwei/Desktop/thirdParty/ORB_SLAM3/include/KeyFrame.h:28[m[K,
[6.075s]                  from [01m[K/home/weiwei/Desktop/thirdParty/ORB_SLAM3/include/MapPoint.h:23[m[K,
[6.076s]                  from [01m[K/home/weiwei/Desktop/thirdParty/ORB_SLAM3/include/FrameDrawer.h:24[m[K,
[6.076s]                  from [01m[K/home/weiwei/Desktop/thirdParty/ORB_SLAM3/include/Viewer.h:23[m[K,
[6.076s]                  from [01m[K/home/weiwei/Desktop/thirdParty/ORB_SLAM3/include/Tracking.h:26[m[K,
[6.076s]                  from [01m[K/home/weiwei/Desktop/thirdParty/ORB_SLAM3/include/System.h:31[m[K,
[6.076s]                  from [01m[K/home/weiwei/Desktop/project/ObsAvoidance/src/orbslam/src/slam.hpp:11[m[K,
[6.076s]                  from [01m[K/home/weiwei/Desktop/project/ObsAvoidance/src/orbslam/src/slam.cpp:1[m[K:
[6.076s] /home/weiwei/Desktop/thirdParty/ORB_SLAM3/Thirdparty/g2o/g2o/types/../core/base_vertex.h: In instantiation of ‘[01m[Kclass g2o::BaseVertex<3, Eigen::Matrix<double, 3, 1> >[m[K’:
[6.076s] [01m[K/home/weiwei/Desktop/thirdParty/ORB_SLAM3/Thirdparty/g2o/g2o/types/types_sba.h:40:35:[m[K   required from here
[6.076s] [01m[K/home/weiwei/Desktop/thirdParty/ORB_SLAM3/Thirdparty/g2o/g2o/types/../core/base_vertex.h:62:72:[m[K [01;35m[Kwarning: [m[K‘[01m[KEigen::AlignedBit[m[K’ is deprecated [[01;35m[K-Wdeprecated-declarations[m[K]
[6.076s]    62 |     typedef Eigen::Map<Matrix<double, D, D>, Matrix<double,D,D>::[01;35m[KFlags & AlignedBit[m[K ? Aligned : Unaligned >  HessianBlockType;
[6.076s]       |                                                                  [01;35m[K~~~~~~^~~~~~~~~~~~[m[K
[6.076s] In file included from [01m[K/usr/local/include/eigen3/Eigen/Core:363[m[K,
[6.076s]                  from [01m[K/usr/local/include/eigen3/Eigen/Dense:1[m[K,
[6.076s]                  from [01m[K/usr/local/include/sophus/rotation_matrix.hpp:7[m[K,
[6.076s]                  from [01m[K/usr/local/include/sophus/so3.hpp:7[m[K,
[6.076s]                  from [01m[K/usr/local/include/sophus/se3.hpp:7[m[K,
[6.076s]                  from [01m[K/home/weiwei/Desktop/project/ObsAvoidance/src/orbslam/src/slam.hpp:7[m[K,
[6.076s]                  from [01m[K/home/weiwei/Desktop/project/ObsAvoidance/src/orbslam/src/slam.cpp:1[m[K:
[6.076s] [01m[K/usr/local/include/eigen3/Eigen/src/Core/util/Constants.h:162:37:[m[K [01;36m[Knote: [m[Kdeclared here
[6.077s]   162 | EIGEN_DEPRECATED const unsigned int [01;36m[KAlignedBit[m[K = 0x80;
[6.077s]       |                                     [01;36m[K^~~~~~~~~~[m[K
[6.096s] In file included from [01m[K/home/weiwei/Desktop/thirdParty/ORB_SLAM3/Thirdparty/g2o/g2o/types/types_six_dof_expmap.h:37[m[K,
[6.096s]                  from [01m[K/home/weiwei/Desktop/thirdParty/ORB_SLAM3/include/Converter.h:26[m[K,
[6.097s]                  from [01m[K/home/weiwei/Desktop/thirdParty/ORB_SLAM3/include/Frame.h:33[m[K,
[6.097s]                  from [01m[K/home/weiwei/Desktop/thirdParty/ORB_SLAM3/include/KeyFrame.h:28[m[K,
[6.097s]                  from [01m[K/home/weiwei/Desktop/thirdParty/ORB_SLAM3/include/MapPoint.h:23[m[K,
[6.097s]                  from [01m[K/home/weiwei/Desktop/thirdParty/ORB_SLAM3/include/FrameDrawer.h:24[m[K,
[6.097s]                  from [01m[K/home/weiwei/Desktop/thirdParty/ORB_SLAM3/include/Viewer.h:23[m[K,
[6.097s]                  from [01m[K/home/weiwei/Desktop/thirdParty/ORB_SLAM3/include/Tracking.h:26[m[K,
[6.097s]                  from [01m[K/home/weiwei/Desktop/thirdParty/ORB_SLAM3/include/System.h:31[m[K,
[6.097s]                  from [01m[K/home/weiwei/Desktop/project/ObsAvoidance/src/orbslam/src/slam.hpp:11[m[K,
[6.097s]                  from [01m[K/home/weiwei/Desktop/project/ObsAvoidance/src/orbslam/src/slam.cpp:1[m[K:
[6.097s] /home/weiwei/Desktop/thirdParty/ORB_SLAM3/Thirdparty/g2o/g2o/types/../core/base_vertex.h: In instantiation of ‘[01m[Kclass g2o::BaseVertex<6, g2o::SE3Quat>[m[K’:
[6.097s] [01m[K/home/weiwei/Desktop/thirdParty/ORB_SLAM3/Thirdparty/g2o/g2o/types/types_six_dof_expmap.h:59:33:[m[K   required from here
[6.097s] [01m[K/home/weiwei/Desktop/thirdParty/ORB_SLAM3/Thirdparty/g2o/g2o/types/../core/base_vertex.h:62:72:[m[K [01;35m[Kwarning: [m[K‘[01m[KEigen::AlignedBit[m[K’ is deprecated [[01;35m[K-Wdeprecated-declarations[m[K]
[6.097s]    62 |     typedef Eigen::Map<Matrix<double, D, D>, Matrix<double,D,D>::[01;35m[KFlags & AlignedBit[m[K ? Aligned : Unaligned >  HessianBlockType;
[6.097s]       |                                                                  [01;35m[K~~~~~~^~~~~~~~~~~~[m[K
[6.097s] In file included from [01m[K/usr/local/include/eigen3/Eigen/Core:363[m[K,
[6.097s]                  from [01m[K/usr/local/include/eigen3/Eigen/Dense:1[m[K,
[6.097s]                  from [01m[K/usr/local/include/sophus/rotation_matrix.hpp:7[m[K,
[6.097s]                  from [01m[K/usr/local/include/sophus/so3.hpp:7[m[K,
[6.097s]                  from [01m[K/usr/local/include/sophus/se3.hpp:7[m[K,
[6.097s]                  from [01m[K/home/weiwei/Desktop/project/ObsAvoidance/src/orbslam/src/slam.hpp:7[m[K,
[6.097s]                  from [01m[K/home/weiwei/Desktop/project/ObsAvoidance/src/orbslam/src/slam.cpp:1[m[K:
[6.098s] [01m[K/usr/local/include/eigen3/Eigen/src/Core/util/Constants.h:162:37:[m[K [01;36m[Knote: [m[Kdeclared here
[6.098s]   162 | EIGEN_DEPRECATED const unsigned int [01;36m[KAlignedBit[m[K = 0x80;
[6.098s]       |                                     [01;36m[K^~~~~~~~~~[m[K
[6.118s] In file included from [01m[K/home/weiwei/Desktop/thirdParty/ORB_SLAM3/Thirdparty/g2o/g2o/types/types_six_dof_expmap.h:38[m[K,
[6.118s]                  from [01m[K/home/weiwei/Desktop/thirdParty/ORB_SLAM3/include/Converter.h:26[m[K,
[6.118s]                  from [01m[K/home/weiwei/Desktop/thirdParty/ORB_SLAM3/include/Frame.h:33[m[K,
[6.118s]                  from [01m[K/home/weiwei/Desktop/thirdParty/ORB_SLAM3/include/KeyFrame.h:28[m[K,
[6.118s]                  from [01m[K/home/weiwei/Desktop/thirdParty/ORB_SLAM3/include/MapPoint.h:23[m[K,
[6.118s]                  from [01m[K/home/weiwei/Desktop/thirdParty/ORB_SLAM3/include/FrameDrawer.h:24[m[K,
[6.118s]                  from [01m[K/home/weiwei/Desktop/thirdParty/ORB_SLAM3/include/Viewer.h:23[m[K,
[6.118s]                  from [01m[K/home/weiwei/Desktop/thirdParty/ORB_SLAM3/include/Tracking.h:26[m[K,
[6.118s]                  from [01m[K/home/weiwei/Desktop/thirdParty/ORB_SLAM3/include/System.h:31[m[K,
[6.118s]                  from [01m[K/home/weiwei/Desktop/project/ObsAvoidance/src/orbslam/src/slam.hpp:11[m[K,
[6.118s]                  from [01m[K/home/weiwei/Desktop/project/ObsAvoidance/src/orbslam/src/slam.cpp:1[m[K:
[6.118s] /home/weiwei/Desktop/thirdParty/ORB_SLAM3/Thirdparty/g2o/g2o/types/../core/base_binary_edge.h: In instantiation of ‘[01m[Kclass g2o::BaseBinaryEdge<6, g2o::SE3Quat, g2o::VertexSE3Expmap, g2o::VertexSE3Expmap>[m[K’:
[6.118s] [01m[K/home/weiwei/Desktop/thirdParty/ORB_SLAM3/Thirdparty/g2o/g2o/types/types_six_dof_expmap.h:83:24:[m[K   required from here
[6.119s] [01m[K/home/weiwei/Desktop/thirdParty/ORB_SLAM3/Thirdparty/g2o/g2o/types/../core/base_binary_edge.h:59:80:[m[K [01;35m[Kwarning: [m[K‘[01m[KEigen::AlignedBit[m[K’ is deprecated [[01;35m[K-Wdeprecated-declarations[m[K]
[6.119s]    59 |       typedef Eigen::Map<Matrix<double, Di, Dj>, Matrix<double, Di, Dj>::[01;35m[KFlags & AlignedBit[m[K ? Aligned : Unaligned > HessianBlockType;
[6.119s]       |                                                                          [01;35m[K~~~~~~^~~~~~~~~~~~[m[K
[6.119s] In file included from [01m[K/usr/local/include/eigen3/Eigen/Core:363[m[K,
[6.119s]                  from [01m[K/usr/local/include/eigen3/Eigen/Dense:1[m[K,
[6.119s]                  from [01m[K/usr/local/include/sophus/rotation_matrix.hpp:7[m[K,
[6.119s]                  from [01m[K/usr/local/include/sophus/so3.hpp:7[m[K,
[6.119s]                  from [01m[K/usr/local/include/sophus/se3.hpp:7[m[K,
[6.119s]                  from [01m[K/home/weiwei/Desktop/project/ObsAvoidance/src/orbslam/src/slam.hpp:7[m[K,
[6.119s]                  from [01m[K/home/weiwei/Desktop/project/ObsAvoidance/src/orbslam/src/slam.cpp:1[m[K:
[6.119s] [01m[K/usr/local/include/eigen3/Eigen/src/Core/util/Constants.h:162:37:[m[K [01;36m[Knote: [m[Kdeclared here
[6.119s]   162 | EIGEN_DEPRECATED const unsigned int [01;36m[KAlignedBit[m[K = 0x80;
[6.119s]       |                                     [01;36m[K^~~~~~~~~~[m[K
[6.119s] In file included from [01m[K/home/weiwei/Desktop/thirdParty/ORB_SLAM3/Thirdparty/g2o/g2o/types/types_six_dof_expmap.h:38[m[K,
[6.119s]                  from [01m[K/home/weiwei/Desktop/thirdParty/ORB_SLAM3/include/Converter.h:26[m[K,
[6.119s]                  from [01m[K/home/weiwei/Desktop/thirdParty/ORB_SLAM3/include/Frame.h:33[m[K,
[6.119s]                  from [01m[K/home/weiwei/Desktop/thirdParty/ORB_SLAM3/include/KeyFrame.h:28[m[K,
[6.119s]                  from [01m[K/home/weiwei/Desktop/thirdParty/ORB_SLAM3/include/MapPoint.h:23[m[K,
[6.120s]                  from [01m[K/home/weiwei/Desktop/thirdParty/ORB_SLAM3/include/FrameDrawer.h:24[m[K,
[6.120s]                  from [01m[K/home/weiwei/Desktop/thirdParty/ORB_SLAM3/include/Viewer.h:23[m[K,
[6.120s]                  from [01m[K/home/weiwei/Desktop/thirdParty/ORB_SLAM3/include/Tracking.h:26[m[K,
[6.120s]                  from [01m[K/home/weiwei/Desktop/thirdParty/ORB_SLAM3/include/System.h:31[m[K,
[6.120s]                  from [01m[K/home/weiwei/Desktop/project/ObsAvoidance/src/orbslam/src/slam.hpp:11[m[K,
[6.120s]                  from [01m[K/home/weiwei/Desktop/project/ObsAvoidance/src/orbslam/src/slam.cpp:1[m[K:
[6.120s] [01m[K/home/weiwei/Desktop/thirdParty/ORB_SLAM3/Thirdparty/g2o/g2o/types/../core/base_binary_edge.h:60:80:[m[K [01;35m[Kwarning: [m[K‘[01m[KEigen::AlignedBit[m[K’ is deprecated [[01;35m[K-Wdeprecated-declarations[m[K]
[6.120s]    60 |       typedef Eigen::Map<Matrix<double, Dj, Di>, Matrix<double, Dj, Di>::[01;35m[KFlags & AlignedBit[m[K ? Aligned : Unaligned > HessianBlockTransposedType;
[6.120s]       |                                                                          [01;35m[K~~~~~~^~~~~~~~~~~~[m[K
[6.120s] In file included from [01m[K/usr/local/include/eigen3/Eigen/Core:363[m[K,
[6.120s]                  from [01m[K/usr/local/include/eigen3/Eigen/Dense:1[m[K,
[6.120s]                  from [01m[K/usr/local/include/sophus/rotation_matrix.hpp:7[m[K,
[6.120s]                  from [01m[K/usr/local/include/sophus/so3.hpp:7[m[K,
[6.120s]                  from [01m[K/usr/local/include/sophus/se3.hpp:7[m[K,
[6.120s]                  from [01m[K/home/weiwei/Desktop/project/ObsAvoidance/src/orbslam/src/slam.hpp:7[m[K,
[6.120s]                  from [01m[K/home/weiwei/Desktop/project/ObsAvoidance/src/orbslam/src/slam.cpp:1[m[K:
[6.120s] [01m[K/usr/local/include/eigen3/Eigen/src/Core/util/Constants.h:162:37:[m[K [01;36m[Knote: [m[Kdeclared here
[6.121s]   162 | EIGEN_DEPRECATED const unsigned int [01;36m[KAlignedBit[m[K = 0x80;
[6.121s]       |                                     [01;36m[K^~~~~~~~~~[m[K
[6.222s] In file included from [01m[K/home/weiwei/Desktop/thirdParty/ORB_SLAM3/Thirdparty/g2o/g2o/types/types_six_dof_expmap.h:38[m[K,
[6.222s]                  from [01m[K/home/weiwei/Desktop/thirdParty/ORB_SLAM3/include/Converter.h:26[m[K,
[6.222s]                  from [01m[K/home/weiwei/Desktop/thirdParty/ORB_SLAM3/include/Frame.h:33[m[K,
[6.222s]                  from [01m[K/home/weiwei/Desktop/thirdParty/ORB_SLAM3/include/KeyFrame.h:28[m[K,
[6.222s]                  from [01m[K/home/weiwei/Desktop/thirdParty/ORB_SLAM3/include/MapPoint.h:23[m[K,
[6.222s]                  from [01m[K/home/weiwei/Desktop/thirdParty/ORB_SLAM3/include/FrameDrawer.h:24[m[K,
[6.222s]                  from [01m[K/home/weiwei/Desktop/thirdParty/ORB_SLAM3/include/Viewer.h:23[m[K,
[6.222s]                  from [01m[K/home/weiwei/Desktop/thirdParty/ORB_SLAM3/include/Tracking.h:26[m[K,
[6.222s]                  from [01m[K/home/weiwei/Desktop/thirdParty/ORB_SLAM3/include/System.h:31[m[K,
[6.223s]                  from [01m[K/home/weiwei/Desktop/project/ObsAvoidance/src/orbslam/src/slam.hpp:11[m[K,
[6.223s]                  from [01m[K/home/weiwei/Desktop/project/ObsAvoidance/src/orbslam/src/slam.cpp:1[m[K:
[6.223s] /home/weiwei/Desktop/thirdParty/ORB_SLAM3/Thirdparty/g2o/g2o/types/../core/base_binary_edge.h: In instantiation of ‘[01m[Kclass g2o::BaseBinaryEdge<2, Eigen::Matrix<double, 2, 1>, g2o::VertexSBAPointXYZ, g2o::VertexSE3Expmap>[m[K’:
[6.223s] [01m[K/home/weiwei/Desktop/thirdParty/ORB_SLAM3/Thirdparty/g2o/g2o/types/types_six_dof_expmap.h:114:35:[m[K   required from here
[6.223s] [01m[K/home/weiwei/Desktop/thirdParty/ORB_SLAM3/Thirdparty/g2o/g2o/types/../core/base_binary_edge.h:59:80:[m[K [01;35m[Kwarning: [m[K‘[01m[KEigen::AlignedBit[m[K’ is deprecated [[01;35m[K-Wdeprecated-declarations[m[K]
[6.223s]    59 |       typedef Eigen::Map<Matrix<double, Di, Dj>, Matrix<double, Di, Dj>::[01;35m[KFlags & AlignedBit[m[K ? Aligned : Unaligned > HessianBlockType;
[6.223s]       |                                                                          [01;35m[K~~~~~~^~~~~~~~~~~~[m[K
[6.223s] In file included from [01m[K/usr/local/include/eigen3/Eigen/Core:363[m[K,
[6.223s]                  from [01m[K/usr/local/include/eigen3/Eigen/Dense:1[m[K,
[6.223s]                  from [01m[K/usr/local/include/sophus/rotation_matrix.hpp:7[m[K,
[6.223s]                  from [01m[K/usr/local/include/sophus/so3.hpp:7[m[K,
[6.223s]                  from [01m[K/usr/local/include/sophus/se3.hpp:7[m[K,
[6.223s]                  from [01m[K/home/weiwei/Desktop/project/ObsAvoidance/src/orbslam/src/slam.hpp:7[m[K,
[6.223s]                  from [01m[K/home/weiwei/Desktop/project/ObsAvoidance/src/orbslam/src/slam.cpp:1[m[K:
[6.223s] [01m[K/usr/local/include/eigen3/Eigen/src/Core/util/Constants.h:162:37:[m[K [01;36m[Knote: [m[Kdeclared here
[6.223s]   162 | EIGEN_DEPRECATED const unsigned int [01;36m[KAlignedBit[m[K = 0x80;
[6.223s]       |                                     [01;36m[K^~~~~~~~~~[m[K
[6.231s] In file included from [01m[K/home/weiwei/Desktop/thirdParty/ORB_SLAM3/Thirdparty/g2o/g2o/types/types_six_dof_expmap.h:38[m[K,
[6.232s]                  from [01m[K/home/weiwei/Desktop/thirdParty/ORB_SLAM3/include/Converter.h:26[m[K,
[6.232s]                  from [01m[K/home/weiwei/Desktop/thirdParty/ORB_SLAM3/include/Frame.h:33[m[K,
[6.232s]                  from [01m[K/home/weiwei/Desktop/thirdParty/ORB_SLAM3/include/KeyFrame.h:28[m[K,
[6.232s]                  from [01m[K/home/weiwei/Desktop/thirdParty/ORB_SLAM3/include/MapPoint.h:23[m[K,
[6.232s]                  from [01m[K/home/weiwei/Desktop/thirdParty/ORB_SLAM3/include/FrameDrawer.h:24[m[K,
[6.232s]                  from [01m[K/home/weiwei/Desktop/thirdParty/ORB_SLAM3/include/Viewer.h:23[m[K,
[6.232s]                  from [01m[K/home/weiwei/Desktop/thirdParty/ORB_SLAM3/include/Tracking.h:26[m[K,
[6.232s]                  from [01m[K/home/weiwei/Desktop/thirdParty/ORB_SLAM3/include/System.h:31[m[K,
[6.232s]                  from [01m[K/home/weiwei/Desktop/project/ObsAvoidance/src/orbslam/src/slam.hpp:11[m[K,
[6.232s]                  from [01m[K/home/weiwei/Desktop/project/ObsAvoidance/src/orbslam/src/slam.cpp:1[m[K:
[6.232s] [01m[K/home/weiwei/Desktop/thirdParty/ORB_SLAM3/Thirdparty/g2o/g2o/types/../core/base_binary_edge.h:60:80:[m[K [01;35m[Kwarning: [m[K‘[01m[KEigen::AlignedBit[m[K’ is deprecated [[01;35m[K-Wdeprecated-declarations[m[K]
[6.232s]    60 |       typedef Eigen::Map<Matrix<double, Dj, Di>, Matrix<double, Dj, Di>::[01;35m[KFlags & AlignedBit[m[K ? Aligned : Unaligned > HessianBlockTransposedType;
[6.232s]       |                                                                          [01;35m[K~~~~~~^~~~~~~~~~~~[m[K
[6.232s] In file included from [01m[K/usr/local/include/eigen3/Eigen/Core:363[m[K,
[6.232s]                  from [01m[K/usr/local/include/eigen3/Eigen/Dense:1[m[K,
[6.232s]                  from [01m[K/usr/local/include/sophus/rotation_matrix.hpp:7[m[K,
[6.232s]                  from [01m[K/usr/local/include/sophus/so3.hpp:7[m[K,
[6.233s]                  from [01m[K/usr/local/include/sophus/se3.hpp:7[m[K,
[6.233s]                  from [01m[K/home/weiwei/Desktop/project/ObsAvoidance/src/orbslam/src/slam.hpp:7[m[K,
[6.233s]                  from [01m[K/home/weiwei/Desktop/project/ObsAvoidance/src/orbslam/src/slam.cpp:1[m[K:
[6.233s] [01m[K/usr/local/include/eigen3/Eigen/src/Core/util/Constants.h:162:37:[m[K [01;36m[Knote: [m[Kdeclared here
[6.233s]   162 | EIGEN_DEPRECATED const unsigned int [01;36m[KAlignedBit[m[K = 0x80;
[6.233s]       |                                     [01;36m[K^~~~~~~~~~[m[K
[6.272s] In file included from [01m[K/home/weiwei/Desktop/thirdParty/ORB_SLAM3/Thirdparty/g2o/g2o/types/types_six_dof_expmap.h:38[m[K,
[6.272s]                  from [01m[K/home/weiwei/Desktop/thirdParty/ORB_SLAM3/include/Converter.h:26[m[K,
[6.272s]                  from [01m[K/home/weiwei/Desktop/thirdParty/ORB_SLAM3/include/Frame.h:33[m[K,
[6.272s]                  from [01m[K/home/weiwei/Desktop/thirdParty/ORB_SLAM3/include/KeyFrame.h:28[m[K,
[6.272s]                  from [01m[K/home/weiwei/Desktop/thirdParty/ORB_SLAM3/include/MapPoint.h:23[m[K,
[6.272s]                  from [01m[K/home/weiwei/Desktop/thirdParty/ORB_SLAM3/include/FrameDrawer.h:24[m[K,
[6.272s]                  from [01m[K/home/weiwei/Desktop/thirdParty/ORB_SLAM3/include/Viewer.h:23[m[K,
[6.272s]                  from [01m[K/home/weiwei/Desktop/thirdParty/ORB_SLAM3/include/Tracking.h:26[m[K,
[6.272s]                  from [01m[K/home/weiwei/Desktop/thirdParty/ORB_SLAM3/include/System.h:31[m[K,
[6.272s]                  from [01m[K/home/weiwei/Desktop/project/ObsAvoidance/src/orbslam/src/slam.hpp:11[m[K,
[6.272s]                  from [01m[K/home/weiwei/Desktop/project/ObsAvoidance/src/orbslam/src/slam.cpp:1[m[K:
[6.272s] /home/weiwei/Desktop/thirdParty/ORB_SLAM3/Thirdparty/g2o/g2o/types/../core/base_binary_edge.h: In instantiation of ‘[01m[Kclass g2o::BaseBinaryEdge<3, Eigen::Matrix<double, 3, 1>, g2o::VertexSBAPointXYZ, g2o::VertexSE3Expmap>[m[K’:
[6.272s] [01m[K/home/weiwei/Desktop/thirdParty/ORB_SLAM3/Thirdparty/g2o/g2o/types/types_six_dof_expmap.h:146:41:[m[K   required from here
[6.273s] [01m[K/home/weiwei/Desktop/thirdParty/ORB_SLAM3/Thirdparty/g2o/g2o/types/../core/base_binary_edge.h:59:80:[m[K [01;35m[Kwarning: [m[K‘[01m[KEigen::AlignedBit[m[K’ is deprecated [[01;35m[K-Wdeprecated-declarations[m[K]
[6.273s]    59 |       typedef Eigen::Map<Matrix<double, Di, Dj>, Matrix<double, Di, Dj>::[01;35m[KFlags & AlignedBit[m[K ? Aligned : Unaligned > HessianBlockType;
[6.273s]       |                                                                          [01;35m[K~~~~~~^~~~~~~~~~~~[m[K
[6.273s] In file included from [01m[K/usr/local/include/eigen3/Eigen/Core:363[m[K,
[6.273s]                  from [01m[K/usr/local/include/eigen3/Eigen/Dense:1[m[K,
[6.273s]                  from [01m[K/usr/local/include/sophus/rotation_matrix.hpp:7[m[K,
[6.273s]                  from [01m[K/usr/local/include/sophus/so3.hpp:7[m[K,
[6.273s]                  from [01m[K/usr/local/include/sophus/se3.hpp:7[m[K,
[6.273s]                  from [01m[K/home/weiwei/Desktop/project/ObsAvoidance/src/orbslam/src/slam.hpp:7[m[K,
[6.273s]                  from [01m[K/home/weiwei/Desktop/project/ObsAvoidance/src/orbslam/src/slam.cpp:1[m[K:
[6.273s] [01m[K/usr/local/include/eigen3/Eigen/src/Core/util/Constants.h:162:37:[m[K [01;36m[Knote: [m[Kdeclared here
[6.273s]   162 | EIGEN_DEPRECATED const unsigned int [01;36m[KAlignedBit[m[K = 0x80;
[6.273s]       |                                     [01;36m[K^~~~~~~~~~[m[K
[6.273s] In file included from [01m[K/home/weiwei/Desktop/thirdParty/ORB_SLAM3/Thirdparty/g2o/g2o/types/types_six_dof_expmap.h:38[m[K,
[6.273s]                  from [01m[K/home/weiwei/Desktop/thirdParty/ORB_SLAM3/include/Converter.h:26[m[K,
[6.273s]                  from [01m[K/home/weiwei/Desktop/thirdParty/ORB_SLAM3/include/Frame.h:33[m[K,
[6.273s]                  from [01m[K/home/weiwei/Desktop/thirdParty/ORB_SLAM3/include/KeyFrame.h:28[m[K,
[6.273s]                  from [01m[K/home/weiwei/Desktop/thirdParty/ORB_SLAM3/include/MapPoint.h:23[m[K,
[6.274s]                  from [01m[K/home/weiwei/Desktop/thirdParty/ORB_SLAM3/include/FrameDrawer.h:24[m[K,
[6.274s]                  from [01m[K/home/weiwei/Desktop/thirdParty/ORB_SLAM3/include/Viewer.h:23[m[K,
[6.274s]                  from [01m[K/home/weiwei/Desktop/thirdParty/ORB_SLAM3/include/Tracking.h:26[m[K,
[6.274s]                  from [01m[K/home/weiwei/Desktop/thirdParty/ORB_SLAM3/include/System.h:31[m[K,
[6.274s]                  from [01m[K/home/weiwei/Desktop/project/ObsAvoidance/src/orbslam/src/slam.hpp:11[m[K,
[6.274s]                  from [01m[K/home/weiwei/Desktop/project/ObsAvoidance/src/orbslam/src/slam.cpp:1[m[K:
[6.274s] [01m[K/home/weiwei/Desktop/thirdParty/ORB_SLAM3/Thirdparty/g2o/g2o/types/../core/base_binary_edge.h:60:80:[m[K [01;35m[Kwarning: [m[K‘[01m[KEigen::AlignedBit[m[K’ is deprecated [[01;35m[K-Wdeprecated-declarations[m[K]
[6.274s]    60 |       typedef Eigen::Map<Matrix<double, Dj, Di>, Matrix<double, Dj, Di>::[01;35m[KFlags & AlignedBit[m[K ? Aligned : Unaligned > HessianBlockTransposedType;
[6.274s]       |                                                                          [01;35m[K~~~~~~^~~~~~~~~~~~[m[K
[6.274s] In file included from [01m[K/usr/local/include/eigen3/Eigen/Core:363[m[K,
[6.274s]                  from [01m[K/usr/local/include/eigen3/Eigen/Dense:1[m[K,
[6.274s]                  from [01m[K/usr/local/include/sophus/rotation_matrix.hpp:7[m[K,
[6.274s]                  from [01m[K/usr/local/include/sophus/so3.hpp:7[m[K,
[6.274s]                  from [01m[K/usr/local/include/sophus/se3.hpp:7[m[K,
[6.274s]                  from [01m[K/home/weiwei/Desktop/project/ObsAvoidance/src/orbslam/src/slam.hpp:7[m[K,
[6.274s]                  from [01m[K/home/weiwei/Desktop/project/ObsAvoidance/src/orbslam/src/slam.cpp:1[m[K:
[6.274s] [01m[K/usr/local/include/eigen3/Eigen/src/Core/util/Constants.h:162:37:[m[K [01;36m[Knote: [m[Kdeclared here
[6.274s]   162 | EIGEN_DEPRECATED const unsigned int [01;36m[KAlignedBit[m[K = 0x80;
[6.275s]       |                                     [01;36m[K^~~~~~~~~~[m[K
[6.413s] In file included from [01m[K/home/weiwei/Desktop/thirdParty/ORB_SLAM3/Thirdparty/g2o/g2o/types/types_six_dof_expmap.h:37[m[K,
[6.414s]                  from [01m[K/home/weiwei/Desktop/thirdParty/ORB_SLAM3/include/Converter.h:26[m[K,
[6.414s]                  from [01m[K/home/weiwei/Desktop/thirdParty/ORB_SLAM3/include/Frame.h:33[m[K,
[6.414s]                  from [01m[K/home/weiwei/Desktop/thirdParty/ORB_SLAM3/include/KeyFrame.h:28[m[K,
[6.414s]                  from [01m[K/home/weiwei/Desktop/thirdParty/ORB_SLAM3/include/MapPoint.h:23[m[K,
[6.414s]                  from [01m[K/home/weiwei/Desktop/thirdParty/ORB_SLAM3/include/FrameDrawer.h:24[m[K,
[6.414s]                  from [01m[K/home/weiwei/Desktop/thirdParty/ORB_SLAM3/include/Viewer.h:23[m[K,
[6.414s]                  from [01m[K/home/weiwei/Desktop/thirdParty/ORB_SLAM3/include/Tracking.h:26[m[K,
[6.414s]                  from [01m[K/home/weiwei/Desktop/thirdParty/ORB_SLAM3/include/System.h:31[m[K,
[6.414s]                  from [01m[K/home/weiwei/Desktop/project/ObsAvoidance/src/orbslam/src/slam.hpp:11[m[K,
[6.414s]                  from [01m[K/home/weiwei/Desktop/project/ObsAvoidance/src/orbslam/src/slam.cpp:1[m[K:
[6.414s] /home/weiwei/Desktop/thirdParty/ORB_SLAM3/Thirdparty/g2o/g2o/types/../core/base_vertex.h: In instantiation of ‘[01m[Kclass g2o::BaseVertex<7, g2o::Sim3>[m[K’:
[6.414s] [01m[K/home/weiwei/Desktop/thirdParty/ORB_SLAM3/Thirdparty/g2o/g2o/types/types_seven_dof_expmap.h:48:35:[m[K   required from here
[6.414s] [01m[K/home/weiwei/Desktop/thirdParty/ORB_SLAM3/Thirdparty/g2o/g2o/types/../core/base_vertex.h:62:72:[m[K [01;35m[Kwarning: [m[K‘[01m[KEigen::AlignedBit[m[K’ is deprecated [[01;35m[K-Wdeprecated-declarations[m[K]
[6.414s]    62 |     typedef Eigen::Map<Matrix<double, D, D>, Matrix<double,D,D>::[01;35m[KFlags & AlignedBit[m[K ? Aligned : Unaligned >  HessianBlockType;
[6.414s]       |                                                                  [01;35m[K~~~~~~^~~~~~~~~~~~[m[K
[6.414s] In file included from [01m[K/usr/local/include/eigen3/Eigen/Core:363[m[K,
[6.414s]                  from [01m[K/usr/local/include/eigen3/Eigen/Dense:1[m[K,
[6.414s]                  from [01m[K/usr/local/include/sophus/rotation_matrix.hpp:7[m[K,
[6.414s]                  from [01m[K/usr/local/include/sophus/so3.hpp:7[m[K,
[6.414s]                  from [01m[K/usr/local/include/sophus/se3.hpp:7[m[K,
[6.414s]                  from [01m[K/home/weiwei/Desktop/project/ObsAvoidance/src/orbslam/src/slam.hpp:7[m[K,
[6.414s]                  from [01m[K/home/weiwei/Desktop/project/ObsAvoidance/src/orbslam/src/slam.cpp:1[m[K:
[6.414s] [01m[K/usr/local/include/eigen3/Eigen/src/Core/util/Constants.h:162:37:[m[K [01;36m[Knote: [m[Kdeclared here
[6.414s]   162 | EIGEN_DEPRECATED const unsigned int [01;36m[KAlignedBit[m[K = 0x80;
[6.414s]       |                                     [01;36m[K^~~~~~~~~~[m[K
[6.436s] In file included from [01m[K/home/weiwei/Desktop/thirdParty/ORB_SLAM3/Thirdparty/g2o/g2o/types/types_six_dof_expmap.h:38[m[K,
[6.437s]                  from [01m[K/home/weiwei/Desktop/thirdParty/ORB_SLAM3/include/Converter.h:26[m[K,
[6.437s]                  from [01m[K/home/weiwei/Desktop/thirdParty/ORB_SLAM3/include/Frame.h:33[m[K,
[6.437s]                  from [01m[K/home/weiwei/Desktop/thirdParty/ORB_SLAM3/include/KeyFrame.h:28[m[K,
[6.437s]                  from [01m[K/home/weiwei/Desktop/thirdParty/ORB_SLAM3/include/MapPoint.h:23[m[K,
[6.437s]                  from [01m[K/home/weiwei/Desktop/thirdParty/ORB_SLAM3/include/FrameDrawer.h:24[m[K,
[6.437s]                  from [01m[K/home/weiwei/Desktop/thirdParty/ORB_SLAM3/include/Viewer.h:23[m[K,
[6.437s]                  from [01m[K/home/weiwei/Desktop/thirdParty/ORB_SLAM3/include/Tracking.h:26[m[K,
[6.437s]                  from [01m[K/home/weiwei/Desktop/thirdParty/ORB_SLAM3/include/System.h:31[m[K,
[6.437s]                  from [01m[K/home/weiwei/Desktop/project/ObsAvoidance/src/orbslam/src/slam.hpp:11[m[K,
[6.437s]                  from [01m[K/home/weiwei/Desktop/project/ObsAvoidance/src/orbslam/src/slam.cpp:1[m[K:
[6.437s] /home/weiwei/Desktop/thirdParty/ORB_SLAM3/Thirdparty/g2o/g2o/types/../core/base_binary_edge.h: In instantiation of ‘[01m[Kclass g2o::BaseBinaryEdge<7, g2o::Sim3, g2o::VertexSim3Expmap, g2o::VertexSim3Expmap>[m[K’:
[6.437s] [01m[K/home/weiwei/Desktop/thirdParty/ORB_SLAM3/Thirdparty/g2o/g2o/types/types_seven_dof_expmap.h:99:27:[m[K   required from here
[6.437s] [01m[K/home/weiwei/Desktop/thirdParty/ORB_SLAM3/Thirdparty/g2o/g2o/types/../core/base_binary_edge.h:59:80:[m[K [01;35m[Kwarning: [m[K‘[01m[KEigen::AlignedBit[m[K’ is deprecated [[01;35m[K-Wdeprecated-declarations[m[K]
[6.437s]    59 |       typedef Eigen::Map<Matrix<double, Di, Dj>, Matrix<double, Di, Dj>::[01;35m[KFlags & AlignedBit[m[K ? Aligned : Unaligned > HessianBlockType;
[6.437s]       |                                                                          [01;35m[K~~~~~~^~~~~~~~~~~~[m[K
[6.437s] In file included from [01m[K/usr/local/include/eigen3/Eigen/Core:363[m[K,
[6.437s]                  from [01m[K/usr/local/include/eigen3/Eigen/Dense:1[m[K,
[6.437s]                  from [01m[K/usr/local/include/sophus/rotation_matrix.hpp:7[m[K,
[6.437s]                  from [01m[K/usr/local/include/sophus/so3.hpp:7[m[K,
[6.437s]                  from [01m[K/usr/local/include/sophus/se3.hpp:7[m[K,
[6.437s]                  from [01m[K/home/weiwei/Desktop/project/ObsAvoidance/src/orbslam/src/slam.hpp:7[m[K,
[6.437s]                  from [01m[K/home/weiwei/Desktop/project/ObsAvoidance/src/orbslam/src/slam.cpp:1[m[K:
[6.437s] [01m[K/usr/local/include/eigen3/Eigen/src/Core/util/Constants.h:162:37:[m[K [01;36m[Knote: [m[Kdeclared here
[6.437s]   162 | EIGEN_DEPRECATED const unsigned int [01;36m[KAlignedBit[m[K = 0x80;
[6.438s]       |                                     [01;36m[K^~~~~~~~~~[m[K
[6.438s] In file included from [01m[K/home/weiwei/Desktop/thirdParty/ORB_SLAM3/Thirdparty/g2o/g2o/types/types_six_dof_expmap.h:38[m[K,
[6.438s]                  from [01m[K/home/weiwei/Desktop/thirdParty/ORB_SLAM3/include/Converter.h:26[m[K,
[6.438s]                  from [01m[K/home/weiwei/Desktop/thirdParty/ORB_SLAM3/include/Frame.h:33[m[K,
[6.438s]                  from [01m[K/home/weiwei/Desktop/thirdParty/ORB_SLAM3/include/KeyFrame.h:28[m[K,
[6.438s]                  from [01m[K/home/weiwei/Desktop/thirdParty/ORB_SLAM3/include/MapPoint.h:23[m[K,
[6.438s]                  from [01m[K/home/weiwei/Desktop/thirdParty/ORB_SLAM3/include/FrameDrawer.h:24[m[K,
[6.438s]                  from [01m[K/home/weiwei/Desktop/thirdParty/ORB_SLAM3/include/Viewer.h:23[m[K,
[6.438s]                  from [01m[K/home/weiwei/Desktop/thirdParty/ORB_SLAM3/include/Tracking.h:26[m[K,
[6.438s]                  from [01m[K/home/weiwei/Desktop/thirdParty/ORB_SLAM3/include/System.h:31[m[K,
[6.438s]                  from [01m[K/home/weiwei/Desktop/project/ObsAvoidance/src/orbslam/src/slam.hpp:11[m[K,
[6.438s]                  from [01m[K/home/weiwei/Desktop/project/ObsAvoidance/src/orbslam/src/slam.cpp:1[m[K:
[6.438s] [01m[K/home/weiwei/Desktop/thirdParty/ORB_SLAM3/Thirdparty/g2o/g2o/types/../core/base_binary_edge.h:60:80:[m[K [01;35m[Kwarning: [m[K‘[01m[KEigen::AlignedBit[m[K’ is deprecated [[01;35m[K-Wdeprecated-declarations[m[K]
[6.438s]    60 |       typedef Eigen::Map<Matrix<double, Dj, Di>, Matrix<double, Dj, Di>::[01;35m[KFlags & AlignedBit[m[K ? Aligned : Unaligned > HessianBlockTransposedType;
[6.438s]       |                                                                          [01;35m[K~~~~~~^~~~~~~~~~~~[m[K
[6.438s] In file included from [01m[K/usr/local/include/eigen3/Eigen/Core:363[m[K,
[6.438s]                  from [01m[K/usr/local/include/eigen3/Eigen/Dense:1[m[K,
[6.438s]                  from [01m[K/usr/local/include/sophus/rotation_matrix.hpp:7[m[K,
[6.438s]                  from [01m[K/usr/local/include/sophus/so3.hpp:7[m[K,
[6.438s]                  from [01m[K/usr/local/include/sophus/se3.hpp:7[m[K,
[6.438s]                  from [01m[K/home/weiwei/Desktop/project/ObsAvoidance/src/orbslam/src/slam.hpp:7[m[K,
[6.439s]                  from [01m[K/home/weiwei/Desktop/project/ObsAvoidance/src/orbslam/src/slam.cpp:1[m[K:
[6.439s] [01m[K/usr/local/include/eigen3/Eigen/src/Core/util/Constants.h:162:37:[m[K [01;36m[Knote: [m[Kdeclared here
[6.439s]   162 | EIGEN_DEPRECATED const unsigned int [01;36m[KAlignedBit[m[K = 0x80;
[6.439s]       |                                     [01;36m[K^~~~~~~~~~[m[K
[6.469s] In file included from [01m[K/home/weiwei/Desktop/thirdParty/ORB_SLAM3/Thirdparty/g2o/g2o/types/types_six_dof_expmap.h:38[m[K,
[6.469s]                  from [01m[K/home/weiwei/Desktop/thirdParty/ORB_SLAM3/include/Converter.h:26[m[K,
[6.469s]                  from [01m[K/home/weiwei/Desktop/thirdParty/ORB_SLAM3/include/Frame.h:33[m[K,
[6.469s]                  from [01m[K/home/weiwei/Desktop/thirdParty/ORB_SLAM3/include/KeyFrame.h:28[m[K,
[6.469s]                  from [01m[K/home/weiwei/Desktop/thirdParty/ORB_SLAM3/include/MapPoint.h:23[m[K,
[6.469s]                  from [01m[K/home/weiwei/Desktop/thirdParty/ORB_SLAM3/include/FrameDrawer.h:24[m[K,
[6.469s]                  from [01m[K/home/weiwei/Desktop/thirdParty/ORB_SLAM3/include/Viewer.h:23[m[K,
[6.469s]                  from [01m[K/home/weiwei/Desktop/thirdParty/ORB_SLAM3/include/Tracking.h:26[m[K,
[6.469s]                  from [01m[K/home/weiwei/Desktop/thirdParty/ORB_SLAM3/include/System.h:31[m[K,
[6.469s]                  from [01m[K/home/weiwei/Desktop/project/ObsAvoidance/src/orbslam/src/slam.hpp:11[m[K,
[6.469s]                  from [01m[K/home/weiwei/Desktop/project/ObsAvoidance/src/orbslam/src/slam.cpp:1[m[K:
[6.470s] /home/weiwei/Desktop/thirdParty/ORB_SLAM3/Thirdparty/g2o/g2o/types/../core/base_binary_edge.h: In instantiation of ‘[01m[Kclass g2o::BaseBinaryEdge<2, Eigen::Matrix<double, 2, 1>, g2o::VertexSBAPointXYZ, g2o::VertexSim3Expmap>[m[K’:
[6.470s] [01m[K/home/weiwei/Desktop/thirdParty/ORB_SLAM3/Thirdparty/g2o/g2o/types/types_seven_dof_expmap.h:130:36:[m[K   required from here
[6.470s] [01m[K/home/weiwei/Desktop/thirdParty/ORB_SLAM3/Thirdparty/g2o/g2o/types/../core/base_binary_edge.h:59:80:[m[K [01;35m[Kwarning: [m[K‘[01m[KEigen::AlignedBit[m[K’ is deprecated [[01;35m[K-Wdeprecated-declarations[m[K]
[6.470s]    59 |       typedef Eigen::Map<Matrix<double, Di, Dj>, Matrix<double, Di, Dj>::[01;35m[KFlags & AlignedBit[m[K ? Aligned : Unaligned > HessianBlockType;
[6.470s]       |                                                                          [01;35m[K~~~~~~^~~~~~~~~~~~[m[K
[6.470s] In file included from [01m[K/usr/local/include/eigen3/Eigen/Core:363[m[K,
[6.470s]                  from [01m[K/usr/local/include/eigen3/Eigen/Dense:1[m[K,
[6.470s]                  from [01m[K/usr/local/include/sophus/rotation_matrix.hpp:7[m[K,
[6.470s]                  from [01m[K/usr/local/include/sophus/so3.hpp:7[m[K,
[6.470s]                  from [01m[K/usr/local/include/sophus/se3.hpp:7[m[K,
[6.470s]                  from [01m[K/home/weiwei/Desktop/project/ObsAvoidance/src/orbslam/src/slam.hpp:7[m[K,
[6.470s]                  from [01m[K/home/weiwei/Desktop/project/ObsAvoidance/src/orbslam/src/slam.cpp:1[m[K:
[6.470s] [01m[K/usr/local/include/eigen3/Eigen/src/Core/util/Constants.h:162:37:[m[K [01;36m[Knote: [m[Kdeclared here
[6.470s]   162 | EIGEN_DEPRECATED const unsigned int [01;36m[KAlignedBit[m[K = 0x80;
[6.470s]       |                                     [01;36m[K^~~~~~~~~~[m[K
[6.479s] In file included from [01m[K/home/weiwei/Desktop/thirdParty/ORB_SLAM3/Thirdparty/g2o/g2o/types/types_six_dof_expmap.h:38[m[K,
[6.479s]                  from [01m[K/home/weiwei/Desktop/thirdParty/ORB_SLAM3/include/Converter.h:26[m[K,
[6.479s]                  from [01m[K/home/weiwei/Desktop/thirdParty/ORB_SLAM3/include/Frame.h:33[m[K,
[6.479s]                  from [01m[K/home/weiwei/Desktop/thirdParty/ORB_SLAM3/include/KeyFrame.h:28[m[K,
[6.479s]                  from [01m[K/home/weiwei/Desktop/thirdParty/ORB_SLAM3/include/MapPoint.h:23[m[K,
[6.479s]                  from [01m[K/home/weiwei/Desktop/thirdParty/ORB_SLAM3/include/FrameDrawer.h:24[m[K,
[6.479s]                  from [01m[K/home/weiwei/Desktop/thirdParty/ORB_SLAM3/include/Viewer.h:23[m[K,
[6.480s]                  from [01m[K/home/weiwei/Desktop/thirdParty/ORB_SLAM3/include/Tracking.h:26[m[K,
[6.480s]                  from [01m[K/home/weiwei/Desktop/thirdParty/ORB_SLAM3/include/System.h:31[m[K,
[6.480s]                  from [01m[K/home/weiwei/Desktop/project/ObsAvoidance/src/orbslam/src/slam.hpp:11[m[K,
[6.480s]                  from [01m[K/home/weiwei/Desktop/project/ObsAvoidance/src/orbslam/src/slam.cpp:1[m[K:
[6.480s] [01m[K/home/weiwei/Desktop/thirdParty/ORB_SLAM3/Thirdparty/g2o/g2o/types/../core/base_binary_edge.h:60:80:[m[K [01;35m[Kwarning: [m[K‘[01m[KEigen::AlignedBit[m[K’ is deprecated [[01;35m[K-Wdeprecated-declarations[m[K]
[6.480s]    60 |       typedef Eigen::Map<Matrix<double, Dj, Di>, Matrix<double, Dj, Di>::[01;35m[KFlags & AlignedBit[m[K ? Aligned : Unaligned > HessianBlockTransposedType;
[6.480s]       |                                                                          [01;35m[K~~~~~~^~~~~~~~~~~~[m[K
[6.480s] In file included from [01m[K/usr/local/include/eigen3/Eigen/Core:363[m[K,
[6.480s]                  from [01m[K/usr/local/include/eigen3/Eigen/Dense:1[m[K,
[6.480s]                  from [01m[K/usr/local/include/sophus/rotation_matrix.hpp:7[m[K,
[6.480s]                  from [01m[K/usr/local/include/sophus/so3.hpp:7[m[K,
[6.480s]                  from [01m[K/usr/local/include/sophus/se3.hpp:7[m[K,
[6.480s]                  from [01m[K/home/weiwei/Desktop/project/ObsAvoidance/src/orbslam/src/slam.hpp:7[m[K,
[6.480s]                  from [01m[K/home/weiwei/Desktop/project/ObsAvoidance/src/orbslam/src/slam.cpp:1[m[K:
[6.480s] [01m[K/usr/local/include/eigen3/Eigen/src/Core/util/Constants.h:162:37:[m[K [01;36m[Knote: [m[Kdeclared here
[6.480s]   162 | EIGEN_DEPRECATED const unsigned int [01;36m[KAlignedBit[m[K = 0x80;
[6.481s]       |                                     [01;36m[K^~~~~~~~~~[m[K
[6.536s] In file included from [01m[K/home/weiwei/Desktop/thirdParty/ORB_SLAM3/include/Frame.h:34[m[K,
[6.536s]                  from [01m[K/home/weiwei/Desktop/thirdParty/ORB_SLAM3/include/KeyFrame.h:28[m[K,
[6.536s]                  from [01m[K/home/weiwei/Desktop/thirdParty/ORB_SLAM3/include/MapPoint.h:23[m[K,
[6.536s]                  from [01m[K/home/weiwei/Desktop/thirdParty/ORB_SLAM3/include/FrameDrawer.h:24[m[K,
[6.536s]                  from [01m[K/home/weiwei/Desktop/thirdParty/ORB_SLAM3/include/Viewer.h:23[m[K,
[6.536s]                  from [01m[K/home/weiwei/Desktop/thirdParty/ORB_SLAM3/include/Tracking.h:26[m[K,
[6.536s]                  from [01m[K/home/weiwei/Desktop/thirdParty/ORB_SLAM3/include/System.h:31[m[K,
[6.536s]                  from [01m[K/home/weiwei/Desktop/project/ObsAvoidance/src/orbslam/src/slam.hpp:11[m[K,
[6.536s]                  from [01m[K/home/weiwei/Desktop/project/ObsAvoidance/src/orbslam/src/slam.cpp:1[m[K:
[6.536s] [01m[K/home/weiwei/Desktop/thirdParty/ORB_SLAM3/include/Settings.h:232:2:[m[K [01;35m[Kwarning: [m[Kextra ‘[01m[K;[m[K’ [[01;35m[K-Wpedantic[m[K]
[6.536s]   232 | }[01;35m[K;[m[K
[6.536s]       |  [01;35m[K^[m[K
[6.920s] In file included from [01m[K/home/weiwei/Desktop/thirdParty/ORB_SLAM3/include/Atlas.h:26[m[K,
[6.920s]                  from [01m[K/home/weiwei/Desktop/thirdParty/ORB_SLAM3/include/FrameDrawer.h:25[m[K,
[6.920s]                  from [01m[K/home/weiwei/Desktop/thirdParty/ORB_SLAM3/include/Viewer.h:23[m[K,
[6.920s]                  from [01m[K/home/weiwei/Desktop/thirdParty/ORB_SLAM3/include/Tracking.h:26[m[K,
[6.920s]                  from [01m[K/home/weiwei/Desktop/thirdParty/ORB_SLAM3/include/System.h:31[m[K,
[6.920s]                  from [01m[K/home/weiwei/Desktop/project/ObsAvoidance/src/orbslam/src/slam.hpp:11[m[K,
[6.921s]                  from [01m[K/home/weiwei/Desktop/project/ObsAvoidance/src/orbslam/src/slam.cpp:1[m[K:
[6.921s] [01m[K/home/weiwei/Desktop/thirdParty/ORB_SLAM3/include/CameraModels/Pinhole.h:[m[K In member function ‘[01m[Kvirtual bool ORB_SLAM3::Pinhole::matchAndtriangulate(const cv::KeyPoint&, const cv::KeyPoint&, ORB_SLAM3::GeometricCamera*, Sophus::SE3f&, Sophus::SE3f&, float, float, Eigen::Vector3f&)[m[K’:
[6.921s] [01m[K/home/weiwei/Desktop/thirdParty/ORB_SLAM3/include/CameraModels/Pinhole.h:83:54:[m[K [01;35m[Kwarning: [m[Kunused parameter ‘[01m[Kkp1[m[K’ [[01;35m[K-Wunused-parameter[m[K]
[6.921s]    83 |         bool matchAndtriangulate([01;35m[Kconst cv::KeyPoint& kp1[m[K, const cv::KeyPoint& kp2, GeometricCamera* pOther,
[6.921s]       |                                  [01;35m[K~~~~~~~~~~~~~~~~~~~~^~~[m[K
[6.921s] [01m[K/home/weiwei/Desktop/thirdParty/ORB_SLAM3/include/CameraModels/Pinhole.h:83:79:[m[K [01;35m[Kwarning: [m[Kunused parameter ‘[01m[Kkp2[m[K’ [[01;35m[K-Wunused-parameter[m[K]
[6.921s]    83 |         bool matchAndtriangulate(const cv::KeyPoint& kp1, [01;35m[Kconst cv::KeyPoint& kp2[m[K, GeometricCamera* pOther,
[6.921s]       |                                                           [01;35m[K~~~~~~~~~~~~~~~~~~~~^~~[m[K
[6.921s] [01m[K/home/weiwei/Desktop/thirdParty/ORB_SLAM3/include/CameraModels/Pinhole.h:83:101:[m[K [01;35m[Kwarning: [m[Kunused parameter ‘[01m[KpOther[m[K’ [[01;35m[K-Wunused-parameter[m[K]
[6.921s]    83 |         bool matchAndtriangulate(const cv::KeyPoint& kp1, const cv::KeyPoint& kp2, [01;35m[KGeometricCamera* pOther[m[K,
[6.921s]       |                                                                                    [01;35m[K~~~~~~~~~~~~~~~~~^~~~~~[m[K
[6.921s] [01m[K/home/weiwei/Desktop/thirdParty/ORB_SLAM3/include/CameraModels/Pinhole.h:84:48:[m[K [01;35m[Kwarning: [m[Kunused parameter ‘[01m[KTcw1[m[K’ [[01;35m[K-Wunused-parameter[m[K]
[6.921s]    84 |                                  [01;35m[KSophus::SE3f& Tcw1[m[K, Sophus::SE3f& Tcw2,
[6.921s]       |                                  [01;35m[K~~~~~~~~~~~~~~^~~~[m[K
[6.921s] [01m[K/home/weiwei/Desktop/thirdParty/ORB_SLAM3/include/CameraModels/Pinhole.h:84:68:[m[K [01;35m[Kwarning: [m[Kunused parameter ‘[01m[KTcw2[m[K’ [[01;35m[K-Wunused-parameter[m[K]
[6.922s]    84 |                                  Sophus::SE3f& Tcw1, [01;35m[KSophus::SE3f& Tcw2[m[K,
[6.922s]       |                                                      [01;35m[K~~~~~~~~~~~~~~^~~~[m[K
[6.922s] [01m[K/home/weiwei/Desktop/thirdParty/ORB_SLAM3/include/CameraModels/Pinhole.h:85:46:[m[K [01;35m[Kwarning: [m[Kunused parameter ‘[01m[KsigmaLevel1[m[K’ [[01;35m[K-Wunused-parameter[m[K]
[6.922s]    85 |                                  [01;35m[Kconst float sigmaLevel1[m[K, const float sigmaLevel2,
[6.922s]       |                                  [01;35m[K~~~~~~~~~~~~^~~~~~~~~~~[m[K
[6.922s] [01m[K/home/weiwei/Desktop/thirdParty/ORB_SLAM3/include/CameraModels/Pinhole.h:85:71:[m[K [01;35m[Kwarning: [m[Kunused parameter ‘[01m[KsigmaLevel2[m[K’ [[01;35m[K-Wunused-parameter[m[K]
[6.922s]    85 |                                  const float sigmaLevel1, [01;35m[Kconst float sigmaLevel2[m[K,
[6.922s]       |                                                           [01;35m[K~~~~~~~~~~~~^~~~~~~~~~~[m[K
[6.922s] [01m[K/home/weiwei/Desktop/thirdParty/ORB_SLAM3/include/CameraModels/Pinhole.h:86:51:[m[K [01;35m[Kwarning: [m[Kunused parameter ‘[01m[Kx3Dtriangulated[m[K’ [[01;35m[K-Wunused-parameter[m[K]
[6.922s]    86 |                                  [01;35m[KEigen::Vector3f& x3Dtriangulated[m[K) { return false;}
[6.922s]       |                                  [01;35m[K~~~~~~~~~~~~~~~~~^~~~~~~~~~~~~~~[m[K
[6.922s] In file included from [01m[K/home/weiwei/Desktop/thirdParty/ORB_SLAM3/include/Atlas.h:27[m[K,
[6.922s]                  from [01m[K/home/weiwei/Desktop/thirdParty/ORB_SLAM3/include/FrameDrawer.h:25[m[K,
[6.922s]                  from [01m[K/home/weiwei/Desktop/thirdParty/ORB_SLAM3/include/Viewer.h:23[m[K,
[6.922s]                  from [01m[K/home/weiwei/Desktop/thirdParty/ORB_SLAM3/include/Tracking.h:26[m[K,
[6.922s]                  from [01m[K/home/weiwei/Desktop/thirdParty/ORB_SLAM3/include/System.h:31[m[K,
[6.923s]                  from [01m[K/home/weiwei/Desktop/project/ObsAvoidance/src/orbslam/src/slam.hpp:11[m[K,
[6.923s]                  from [01m[K/home/weiwei/Desktop/project/ObsAvoidance/src/orbslam/src/slam.cpp:1[m[K:
[6.923s] [01m[K/home/weiwei/Desktop/thirdParty/ORB_SLAM3/include/CameraModels/KannalaBrandt8.h:[m[K In constructor ‘[01m[KORB_SLAM3::KannalaBrandt8::KannalaBrandt8(std::vector<float>)[m[K’:
[6.923s] [01m[K/home/weiwei/Desktop/thirdParty/ORB_SLAM3/include/CameraModels/KannalaBrandt8.h:102:21:[m[K [01;35m[Kwarning: [m[K‘[01m[KORB_SLAM3::KannalaBrandt8::precision[m[K’ will be initialized after [[01;35m[K-Wreorder[m[K]
[6.923s]   102 |         const float [01;35m[Kprecision[m[K;
[6.923s]       |                     [01;35m[K^~~~~~~~~[m[K
[6.923s] [01m[K/home/weiwei/Desktop/thirdParty/ORB_SLAM3/include/CameraModels/KannalaBrandt8.h:88:26:[m[K [01;35m[Kwarning: [m[K  ‘[01m[Kstd::vector<int> ORB_SLAM3::KannalaBrandt8::mvLappingArea[m[K’ [[01;35m[K-Wreorder[m[K]
[6.923s]    88 |         std::vector<int> [01;35m[KmvLappingArea[m[K;
[6.923s]       |                          [01;35m[K^~~~~~~~~~~~~[m[K
[6.923s] In file included from [01m[K/home/weiwei/Desktop/thirdParty/ORB_SLAM3/include/Atlas.h:27[m[K,
[6.923s]                  from [01m[K/home/weiwei/Desktop/thirdParty/ORB_SLAM3/include/FrameDrawer.h:25[m[K,
[6.923s]                  from [01m[K/home/weiwei/Desktop/thirdParty/ORB_SLAM3/include/Viewer.h:23[m[K,
[6.923s]                  from [01m[K/home/weiwei/Desktop/thirdParty/ORB_SLAM3/include/Tracking.h:26[m[K,
[6.923s]                  from [01m[K/home/weiwei/Desktop/thirdParty/ORB_SLAM3/include/System.h:31[m[K,
[6.923s]                  from [01m[K/home/weiwei/Desktop/project/ObsAvoidance/src/orbslam/src/slam.hpp:11[m[K,
[6.923s]                  from [01m[K/home/weiwei/Desktop/project/ObsAvoidance/src/orbslam/src/slam.cpp:1[m[K:
[6.923s] [01m[K/home/weiwei/Desktop/thirdParty/ORB_SLAM3/include/CameraModels/KannalaBrandt8.h:47:9:[m[K [01;35m[Kwarning: [m[K  when initialized here [[01;35m[K-Wreorder[m[K]
[6.923s]    47 |         [01;35m[KKannalaBrandt8[m[K(const std::vector<float> _vParameters) : GeometricCamera(_vParameters), precision(1e-6), mvLappingArea(2,0) ,tvr(nullptr) {
[6.924s]       |         [01;35m[K^~~~~~~~~~~~~~[m[K
[6.924s] In file included from [01m[K/home/weiwei/Desktop/thirdParty/ORB_SLAM3/include/Atlas.h:27[m[K,
[6.924s]                  from [01m[K/home/weiwei/Desktop/thirdParty/ORB_SLAM3/include/FrameDrawer.h:25[m[K,
[6.924s]                  from [01m[K/home/weiwei/Desktop/thirdParty/ORB_SLAM3/include/Viewer.h:23[m[K,
[6.924s]                  from [01m[K/home/weiwei/Desktop/thirdParty/ORB_SLAM3/include/Tracking.h:26[m[K,
[6.924s]                  from [01m[K/home/weiwei/Desktop/thirdParty/ORB_SLAM3/include/System.h:31[m[K,
[6.924s]                  from [01m[K/home/weiwei/Desktop/project/ObsAvoidance/src/orbslam/src/slam.hpp:11[m[K,
[6.924s]                  from [01m[K/home/weiwei/Desktop/project/ObsAvoidance/src/orbslam/src/slam.cpp:1[m[K:
[6.924s] [01m[K/home/weiwei/Desktop/thirdParty/ORB_SLAM3/include/CameraModels/KannalaBrandt8.h:[m[K In constructor ‘[01m[KORB_SLAM3::KannalaBrandt8::KannalaBrandt8(std::vector<float>, float)[m[K’:
[6.924s] [01m[K/home/weiwei/Desktop/thirdParty/ORB_SLAM3/include/CameraModels/KannalaBrandt8.h:102:21:[m[K [01;35m[Kwarning: [m[K‘[01m[KORB_SLAM3::KannalaBrandt8::precision[m[K’ will be initialized after [[01;35m[K-Wreorder[m[K]
[6.924s]   102 |         const float [01;35m[Kprecision[m[K;
[6.924s]       |                     [01;35m[K^~~~~~~~~[m[K
[6.924s] [01m[K/home/weiwei/Desktop/thirdParty/ORB_SLAM3/include/CameraModels/KannalaBrandt8.h:88:26:[m[K [01;35m[Kwarning: [m[K  ‘[01m[Kstd::vector<int> ORB_SLAM3::KannalaBrandt8::mvLappingArea[m[K’ [[01;35m[K-Wreorder[m[K]
[6.924s]    88 |         std::vector<int> [01;35m[KmvLappingArea[m[K;
[6.924s]       |                          [01;35m[K^~~~~~~~~~~~~[m[K
[6.924s] [01m[K/home/weiwei/Desktop/thirdParty/ORB_SLAM3/include/CameraModels/KannalaBrandt8.h:53:9:[m[K [01;35m[Kwarning: [m[K  when initialized here [[01;35m[K-Wreorder[m[K]
[6.924s]    53 |         [01;35m[KKannalaBrandt8[m[K(const std::vector<float> _vParameters, const float _precision) : GeometricCamera(_vParameters),
[6.924s]       |         [01;35m[K^~~~~~~~~~~~~~[m[K
[6.924s] [01m[K/home/weiwei/Desktop/thirdParty/ORB_SLAM3/include/CameraModels/KannalaBrandt8.h:[m[K In constructor ‘[01m[KORB_SLAM3::KannalaBrandt8::KannalaBrandt8(ORB_SLAM3::KannalaBrandt8*)[m[K’:
[6.925s] [01m[K/home/weiwei/Desktop/thirdParty/ORB_SLAM3/include/CameraModels/KannalaBrandt8.h:102:21:[m[K [01;35m[Kwarning: [m[K‘[01m[KORB_SLAM3::KannalaBrandt8::precision[m[K’ will be initialized after [[01;35m[K-Wreorder[m[K]
[6.925s]   102 |         const float [01;35m[Kprecision[m[K;
[6.925s]       |                     [01;35m[K^~~~~~~~~[m[K
[6.925s] [01m[K/home/weiwei/Desktop/thirdParty/ORB_SLAM3/include/CameraModels/KannalaBrandt8.h:88:26:[m[K [01;35m[Kwarning: [m[K  ‘[01m[Kstd::vector<int> ORB_SLAM3::KannalaBrandt8::mvLappingArea[m[K’ [[01;35m[K-Wreorder[m[K]
[6.925s]    88 |         std::vector<int> [01;35m[KmvLappingArea[m[K;
[6.925s]       |                          [01;35m[K^~~~~~~~~~~~~[m[K
[6.925s] [01m[K/home/weiwei/Desktop/thirdParty/ORB_SLAM3/include/CameraModels/KannalaBrandt8.h:59:9:[m[K [01;35m[Kwarning: [m[K  when initialized here [[01;35m[K-Wreorder[m[K]
[6.925s]    59 |         [01;35m[KKannalaBrandt8[m[K(KannalaBrandt8* pKannala) : GeometricCamera(pKannala->mvParameters), precision(pKannala->precision), mvLappingArea(2,0) ,tvr(nullptr) {
[6.925s]       |         [01;35m[K^~~~~~~~~~~~~~[m[K
[15.268s] [ 66%] [32m[1mLinking CXX executable orbslam[0m
[15.947s] [100%] Built target orbslam
[15.955s] Invoked command in '/home/weiwei/Desktop/project/ObsAvoidance/build/orbslam' returned '0': AMENT_PREFIX_PATH=/home/weiwei/Desktop/project/ObsAvoidance/install/interface:${AMENT_PREFIX_PATH} CMAKE_PREFIX_PATH=/home/weiwei/Desktop/project/ObsAvoidance/install/interface:/opt/ros/foxy LD_LIBRARY_PATH=/home/weiwei/Desktop/project/ObsAvoidance/install/interface/lib:${LD_LIBRARY_PATH} PYTHONPATH=/home/weiwei/Desktop/project/ObsAvoidance/install/interface/lib/python3.8/site-packages:${PYTHONPATH} /usr/bin/cmake --build /home/weiwei/Desktop/project/ObsAvoidance/build/orbslam -- -j16 -l16
[15.972s] Invoking command in '/home/weiwei/Desktop/project/ObsAvoidance/build/orbslam': AMENT_PREFIX_PATH=/home/weiwei/Desktop/project/ObsAvoidance/install/interface:${AMENT_PREFIX_PATH} CMAKE_PREFIX_PATH=/home/weiwei/Desktop/project/ObsAvoidance/install/interface:/opt/ros/foxy LD_LIBRARY_PATH=/home/weiwei/Desktop/project/ObsAvoidance/install/interface/lib:${LD_LIBRARY_PATH} PYTHONPATH=/home/weiwei/Desktop/project/ObsAvoidance/install/interface/lib/python3.8/site-packages:${PYTHONPATH} /usr/bin/cmake --install /home/weiwei/Desktop/project/ObsAvoidance/build/orbslam
[15.977s] -- Install configuration: ""
[15.978s] -- Installing: /home/weiwei/Desktop/project/ObsAvoidance/install/orbslam/lib/orbslam/orbslam
[15.980s] -- Set runtime path of "/home/weiwei/Desktop/project/ObsAvoidance/install/orbslam/lib/orbslam/orbslam" to ""
[15.980s] -- Up-to-date: /home/weiwei/Desktop/project/ObsAvoidance/install/orbslam/share/orbslam/launch
[15.980s] -- Up-to-date: /home/weiwei/Desktop/project/ObsAvoidance/install/orbslam/share/orbslam/launch/slam.launch.py
[15.980s] -- Up-to-date: /home/weiwei/Desktop/project/ObsAvoidance/install/orbslam/share/ament_index/resource_index/package_run_dependencies/orbslam
[15.980s] -- Up-to-date: /home/weiwei/Desktop/project/ObsAvoidance/install/orbslam/share/ament_index/resource_index/parent_prefix_path/orbslam
[15.981s] -- Up-to-date: /home/weiwei/Desktop/project/ObsAvoidance/install/orbslam/share/orbslam/environment/ament_prefix_path.sh
[15.981s] -- Installing: /home/weiwei/Desktop/project/ObsAvoidance/install/orbslam/share/orbslam/environment/ament_prefix_path.dsv
[15.981s] -- Up-to-date: /home/weiwei/Desktop/project/ObsAvoidance/install/orbslam/share/orbslam/environment/path.sh
[15.981s] -- Installing: /home/weiwei/Desktop/project/ObsAvoidance/install/orbslam/share/orbslam/environment/path.dsv
[15.981s] -- Up-to-date: /home/weiwei/Desktop/project/ObsAvoidance/install/orbslam/share/orbslam/local_setup.bash
[15.981s] -- Up-to-date: /home/weiwei/Desktop/project/ObsAvoidance/install/orbslam/share/orbslam/local_setup.sh
[15.981s] -- Up-to-date: /home/weiwei/Desktop/project/ObsAvoidance/install/orbslam/share/orbslam/local_setup.zsh
[15.981s] -- Installing: /home/weiwei/Desktop/project/ObsAvoidance/install/orbslam/share/orbslam/local_setup.dsv
[15.982s] -- Installing: /home/weiwei/Desktop/project/ObsAvoidance/install/orbslam/share/orbslam/package.dsv
[15.982s] -- Up-to-date: /home/weiwei/Desktop/project/ObsAvoidance/install/orbslam/share/ament_index/resource_index/packages/orbslam
[15.982s] -- Up-to-date: /home/weiwei/Desktop/project/ObsAvoidance/install/orbslam/share/orbslam/cmake/orbslamConfig.cmake
[15.982s] -- Up-to-date: /home/weiwei/Desktop/project/ObsAvoidance/install/orbslam/share/orbslam/cmake/orbslamConfig-version.cmake
[15.982s] -- Up-to-date: /home/weiwei/Desktop/project/ObsAvoidance/install/orbslam/share/orbslam/package.xml
[15.983s] Invoked command in '/home/weiwei/Desktop/project/ObsAvoidance/build/orbslam' returned '0': AMENT_PREFIX_PATH=/home/weiwei/Desktop/project/ObsAvoidance/install/interface:${AMENT_PREFIX_PATH} CMAKE_PREFIX_PATH=/home/weiwei/Desktop/project/ObsAvoidance/install/interface:/opt/ros/foxy LD_LIBRARY_PATH=/home/weiwei/Desktop/project/ObsAvoidance/install/interface/lib:${LD_LIBRARY_PATH} PYTHONPATH=/home/weiwei/Desktop/project/ObsAvoidance/install/interface/lib/python3.8/site-packages:${PYTHONPATH} /usr/bin/cmake --install /home/weiwei/Desktop/project/ObsAvoidance/build/orbslam
