-- Found ament_cmake: 0.9.12 (/opt/ros/foxy/share/ament_cmake/cmake)
-- Found PythonInterp: /usr/bin/python3 (found suitable version "3.8.10", minimum required is "3") 
-- Using PYTHON_EXECUTABLE: /usr/bin/python3
-- Found rclcpp: 2.4.3 (/opt/ros/foxy/share/rclcpp/cmake)
-- Using all available rosidl_typesupport_c: rosidl_typesupport_fastrtps_c;rosidl_typesupport_introspection_c
-- Found rosidl_adapter: 1.3.1 (/opt/ros/foxy/share/rosidl_adapter/cmake)
-- Using all available rosidl_typesupport_cpp: rosidl_typesupport_fastrtps_cpp;rosidl_typesupport_introspection_cpp
-- Found rmw_implementation_cmake: 1.0.4 (/opt/ros/foxy/share/rmw_implementation_cmake/cmake)
-- Using RMW implementation 'rmw_fastrtps_cpp' as default
-- Found sensor_msgs: 2.0.5 (/opt/ros/foxy/share/sensor_msgs/cmake)
-- Found rosidl_default_generators: 1.0.1 (/opt/ros/foxy/share/rosidl_default_generators/cmake)
-- Found ament_lint_auto: 0.9.8 (/opt/ros/foxy/share/ament_lint_auto/cmake)
-- Found PythonInterp: /usr/bin/python3 (found version "3.8.10") 
CMake Error at /opt/ros/foxy/share/rosidl_adapter/cmake/rosidl_adapt_interfaces.cmake:60 (message):
  execute_process(/usr/bin/python3 -m rosidl_adapter --package-name interface
  --arguments-file
  /home/weiwei/Desktop/project/ObsAvoidance/build/interface/rosidl_adapter__arguments__interface.json
  --output-dir
  /home/weiwei/Desktop/project/ObsAvoidance/build/interface/rosidl_adapter/interface
  --output-file
  /home/weiwei/Desktop/project/ObsAvoidance/build/interface/rosidl_adapter/interface.idls)
  returned error code 1:

  Error processing 'geometry_msgs/Pose T_init_to_world' of
  'interface/T_Response': ''T_init_to_world' is an invalid field name.  It
  should have the pattern '^(?!.*__)(?!.*_$)[a-z][a-z0-9_]*$''

  Traceback (most recent call last):

    File "/usr/lib/python3.8/runpy.py", line 194, in _run_module_as_main
      return _run_code(code, main_globals, None,
    File "/usr/lib/python3.8/runpy.py", line 87, in _run_code
      exec(code, run_globals)
    File "/opt/ros/foxy/lib/python3.8/site-packages/rosidl_adapter/__main__.py", line 19, in <module>
      sys.exit(main())
    File "/opt/ros/foxy/lib/python3.8/site-packages/rosidl_adapter/main.py", line 53, in main
      abs_idl_file = convert_to_idl(
    File "/opt/ros/foxy/lib/python3.8/site-packages/rosidl_adapter/__init__.py", line 24, in convert_to_idl
      return convert_srv_to_idl(
    File "/opt/ros/foxy/lib/python3.8/site-packages/rosidl_adapter/srv/__init__.py", line 28, in convert_srv_to_idl
      srv = parse_service_string(package_name, input_file.stem, content)
    File "/opt/ros/foxy/lib/python3.8/site-packages/rosidl_adapter/parser.py", line 856, in parse_service_string
      response_message = parse_message_string(
    File "/opt/ros/foxy/lib/python3.8/site-packages/rosidl_adapter/parser.py", line 515, in parse_message_string
      fields.append(Field(
    File "/opt/ros/foxy/lib/python3.8/site-packages/rosidl_adapter/parser.py", line 353, in __init__
      raise NameError(

  NameError: 'T_init_to_world' is an invalid field name.  It should have the
  pattern '^(?!.*__)(?!.*_$)[a-z][a-z0-9_]*$'

Call Stack (most recent call first):
  /opt/ros/foxy/share/rosidl_cmake/cmake/rosidl_generate_interfaces.cmake:130 (rosidl_adapt_interfaces)
  CMakeLists.txt:40 (rosidl_generate_interfaces)


-- Configuring incomplete, errors occurred!
See also "/home/weiwei/Desktop/project/ObsAvoidance/build/interface/CMakeFiles/CMakeOutput.log".
See also "/home/weiwei/Desktop/project/ObsAvoidance/build/interface/CMakeFiles/CMakeError.log".
make: *** [Makefile:1228：cmake_check_build_system] 错误 1
