[0.100s] Invoking command in '/home/weiwei/Desktop/project/ObsAvoidance/build/model': CMAKE_PREFIX_PATH=/home/weiwei/Desktop/project/ObsAvoidance/install/interface:/home/weiwei/Desktop/project/ObsAvoidance/install/orbslam:/home/weiwei/Desktop/project/ObsAvoidance/install/model:/home/weiwei/Desktop/project/ObsAvoidance/install/media:/opt/ros/foxy /usr/bin/cmake --build /home/weiwei/Desktop/project/ObsAvoidance/build/model -- -j16 -l16
[0.149s] -- Found ament_cmake: 0.9.12 (/opt/ros/foxy/share/ament_cmake/cmake)
[0.167s] -- Using PYTHON_EXECUTABLE: /usr/bin/python3
[0.298s] -- Found rclcpp: 2.4.3 (/opt/ros/foxy/share/rclcpp/cmake)
[0.330s] -- Using all available rosidl_typesupport_c: rosidl_typesupport_fastrtps_c;rosidl_typesupport_introspection_c
[0.333s] -- Found rosidl_adapter: 1.3.1 (/opt/ros/foxy/share/rosidl_adapter/cmake)
[0.424s] -- Using all available rosidl_typesupport_cpp: rosidl_typesupport_fastrtps_cpp;rosidl_typesupport_introspection_cpp
[0.472s] -- Found rmw_implementation_cmake: 1.0.4 (/opt/ros/foxy/share/rmw_implementation_cmake/cmake)
[0.474s] -- Using RMW implementation 'rmw_fastrtps_cpp' as default
[0.571s] -- Found interface: 0.0.0 (/home/weiwei/Desktop/project/ObsAvoidance/install/interface/share/interface/cmake)
[0.724s] -- Found cv_bridge: 3.0.7 (/opt/ros/foxy/share/cv_bridge/cmake)
[0.743s] -- Found pcl_conversions: 2.2.1 (/opt/ros/foxy/share/pcl_conversions/cmake)
[0.848s] -- Found octomap_msgs: 2.0.0 (/opt/ros/foxy/share/octomap_msgs/cmake)
[0.899s] -- Eigen found (include: /usr/include/eigen3, version: 3.3.7)
[0.956s] -- The imported target "vtkParseOGLExt" references the file
[0.956s]    "/usr/bin/vtkParseOGLExt-7.1"
[0.956s] but this file does not exist.  Possible reasons include:
[0.956s] * The file was deleted, renamed, or moved to another location.
[0.956s] * An install or uninstall procedure did not complete successfully.
[0.956s] * The installation package was faulty and contained
[0.956s]    "/usr/lib/cmake/vtk-7.1/VTKTargets.cmake"
[0.956s] but not all the files it references.
[0.956s] 
[0.956s] -- The imported target "vtkRenderingPythonTkWidgets" references the file
[0.956s]    "/usr/lib/x86_64-linux-gnu/libvtkRenderingPythonTkWidgets.so"
[0.957s] but this file does not exist.  Possible reasons include:
[0.957s] * The file was deleted, renamed, or moved to another location.
[0.957s] * An install or uninstall procedure did not complete successfully.
[0.957s] * The installation package was faulty and contained
[0.957s]    "/usr/lib/cmake/vtk-7.1/VTKTargets.cmake"
[0.957s] but not all the files it references.
[0.957s] 
[0.957s] -- The imported target "vtk" references the file
[0.957s]    "/usr/bin/vtk"
[0.957s] but this file does not exist.  Possible reasons include:
[0.957s] * The file was deleted, renamed, or moved to another location.
[0.957s] * An install or uninstall procedure did not complete successfully.
[0.957s] * The installation package was faulty and contained
[0.958s]    "/usr/lib/cmake/vtk-7.1/VTKTargets.cmake"
[0.958s] but not all the files it references.
[0.958s] 
[0.958s] -- The imported target "pvtk" references the file
[0.958s]    "/usr/bin/pvtk"
[0.958s] but this file does not exist.  Possible reasons include:
[0.958s] * The file was deleted, renamed, or moved to another location.
[0.958s] * An install or uninstall procedure did not complete successfully.
[0.958s] * The installation package was faulty and contained
[0.958s]    "/usr/lib/cmake/vtk-7.1/VTKTargets.cmake"
[0.958s] but not all the files it references.
[0.958s] 
[0.972s] -- OpenNI found (include: /usr/include/ni, lib: /usr/lib/libOpenNI.so)
[0.976s] -- OpenNI2 found (include: /usr/include/openni2, lib: /usr/lib/libOpenNI2.so)
[0.976s] ** WARNING ** io features related to pcap will be disabled
[0.976s] ** WARNING ** io features related to png will be disabled
[0.984s] ** WARNING ** io features related to libusb-1.0 will be disabled
[0.988s] -- OpenNI found (include: /usr/include/ni, lib: /usr/lib/libOpenNI.so)
[0.992s] -- OpenNI2 found (include: /usr/include/openni2, lib: /usr/lib/libOpenNI2.so)
[1.000s] -- QHULL found (include: /usr/include, lib: optimized;/usr/lib/x86_64-linux-gnu/libqhull.so;debug;/usr/lib/x86_64-linux-gnu/libqhull.so)
[1.004s] -- OpenNI found (include: /usr/include/ni, lib: /usr/lib/libOpenNI.so)
[1.011s] -- looking for PCL_COMMON
[1.012s] -- looking for PCL_KDTREE
[1.012s] -- looking for PCL_OCTREE
[1.012s] -- looking for PCL_SEARCH
[1.013s] -- looking for PCL_SAMPLE_CONSENSUS
[1.013s] -- looking for PCL_FILTERS
[1.013s] -- looking for PCL_2D
[1.014s] -- looking for PCL_GEOMETRY
[1.014s] -- looking for PCL_IO
[1.014s] -- looking for PCL_FEATURES
[1.015s] -- looking for PCL_ML
[1.015s] -- looking for PCL_SEGMENTATION
[1.016s] -- looking for PCL_VISUALIZATION
[1.016s] -- looking for PCL_SURFACE
[1.017s] -- looking for PCL_REGISTRATION
[1.017s] -- looking for PCL_KEYPOINTS
[1.017s] -- looking for PCL_TRACKING
[1.018s] -- looking for PCL_RECOGNITION
[1.018s] -- looking for PCL_STEREO
[1.019s] -- looking for PCL_APPS
[1.019s] -- looking for PCL_IN_HAND_SCANNER
[1.020s] -- looking for PCL_POINT_CLOUD_EDITOR
[1.020s] -- looking for PCL_OUTOFCORE
[1.020s] -- looking for PCL_PEOPLE
[1.095s] -- Found AMD headers in: /usr/include/suitesparse
[1.095s] -- Found AMD library: /usr/lib/x86_64-linux-gnu/libamd.so
[1.095s] -- Found CAMD headers in: /usr/include/suitesparse
[1.095s] -- Found CAMD library: /usr/lib/x86_64-linux-gnu/libcamd.so
[1.095s] -- Found CCOLAMD headers in: /usr/include/suitesparse
[1.095s] -- Found CCOLAMD library: /usr/lib/x86_64-linux-gnu/libccolamd.so
[1.095s] -- Found CHOLMOD headers in: /usr/include/suitesparse
[1.096s] -- Found CHOLMOD library: /usr/lib/x86_64-linux-gnu/libcholmod.so
[1.096s] -- Found COLAMD headers in: /usr/include/suitesparse
[1.096s] -- Found COLAMD library: /usr/lib/x86_64-linux-gnu/libcolamd.so
[1.096s] -- Found SPQR headers in: /usr/include/suitesparse
[1.096s] -- Found SPQR library: /usr/lib/x86_64-linux-gnu/libspqr.so
[1.096s] -- Found Config headers in: /usr/include/suitesparse
[1.096s] -- Found Config library: /usr/lib/x86_64-linux-gnu/libsuitesparseconfig.so
[1.097s] -- Found Intel Thread Building Blocks (TBB) library (2020.1 / 11101) include location: . Assuming SuiteSparseQR was compiled with TBB.
[1.097s] -- Adding librt to SuiteSparse_config libraries (required on Linux & Unix [not OSX] if SuiteSparse is compiled with timing).
[1.100s] -- Could NOT find METIS (missing: METIS_INCLUDE_DIR METIS_LIBRARY) 
[1.103s] -- Found required Ceres dependency: Eigen version 3.3.9 in /usr/local/share/eigen3/cmake
[1.104s] -- Found required Ceres dependency: glog
[1.106s] -- Found required Ceres dependency: gflags
[1.107s] -- Found Ceres version: 2.2.0 installed in: /usr/local with components: [EigenSparse, SparseLinearAlgebraLibrary, LAPACK, SuiteSparse, SchurSpecializations]
[1.108s] -- Found ament_lint_auto: 0.9.8 (/opt/ros/foxy/share/ament_lint_auto/cmake)
[1.188s] -- Added test 'copyright' to check source files copyright and LICENSE
[1.189s] -- Added test 'cppcheck' to perform static code analysis on C / C++ code
[1.189s] -- Configured cppcheck include dirs: 
[1.189s] -- Configured cppcheck exclude dirs and/or files: 
[1.190s] -- Added test 'cpplint' to check C / C++ code against the Google style
[1.190s] -- Configured cpplint exclude dirs and/or files: 
[1.190s] -- Added test 'lint_cmake' to check CMake code style
[1.191s] -- Added test 'uncrustify' to check C / C++ code style
[1.191s] -- Configured uncrustify additional arguments: 
[1.191s] -- Added test 'xmllint' to check XML markup files
[1.194s] -- Configuring done
[1.261s] -- Generating done
[1.262s] -- Build files have been written to: /home/weiwei/Desktop/project/ObsAvoidance/build/model
[1.288s] [35m[1mScanning dependencies of target model[0m
[1.348s] [ 33%] [32mBuilding CXX object CMakeFiles/model.dir/src/main.cpp.o[0m
[1.348s] [ 66%] [32mBuilding CXX object CMakeFiles/model.dir/src/model.cpp.o[0m
[7.058s] [01m[K/home/weiwei/Desktop/project/ObsAvoidance/src/model/src/model.cpp:[m[K In constructor ‘[01m[KModelNode::ModelNode()[m[K’:
[7.058s] [01m[K/home/weiwei/Desktop/project/ObsAvoidance/src/model/src/model.cpp:189:5:[m[K [01;31m[Kerror: [m[K‘[01m[KhorizontalAngleThresh_localPointCloud[m[K’ was not declared in this scope
[7.058s]   189 |     [01;31m[KhorizontalAngleThresh_localPointCloud[m[K=fileRead["horizontalAngleThresh_localPointCloud"];
[7.058s]       |     [01;31m[K^~~~~~~~~~~~~~~~~~~~~~~~~~~~~~~~~~~~~[m[K
[7.087s] [01m[K/home/weiwei/Desktop/project/ObsAvoidance/src/model/src/model.cpp:190:5:[m[K [01;31m[Kerror: [m[K‘[01m[KverticalAngleThresh_localPointCloud[m[K’ was not declared in this scope
[7.087s]   190 |     [01;31m[KverticalAngleThresh_localPointCloud[m[K=fileRead["verticalAngleThresh_localPointCloud"];
[7.087s]       |     [01;31m[K^~~~~~~~~~~~~~~~~~~~~~~~~~~~~~~~~~~[m[K
[7.092s] [01m[K/home/weiwei/Desktop/project/ObsAvoidance/src/model/src/model.cpp:[m[K In member function ‘[01m[Kbool ModelNode::selectCircle(cv::Vec3f&, std::vector<cv::Vec<float, 3> >, cv::Mat&)[m[K’:
[7.092s] [01m[K/home/weiwei/Desktop/project/ObsAvoidance/src/model/src/model.cpp:270:21:[m[K [01;35m[Kwarning: [m[Kcomparison of integer expressions of different signedness: ‘[01m[Kint[m[K’ and ‘[01m[Kstd::vector<cv::Vec<float, 3> >::size_type[m[K’ {aka ‘[01m[Klong unsigned int[m[K’} [[01;35m[K-Wsign-compare[m[K]
[7.092s]   270 |     for (int i = 0;[01;35m[Ki<temp_circles.size()[m[K;i++)
[7.092s]       |                    [01;35m[K~^~~~~~~~~~~~~~~~~~~~[m[K
[7.092s] [01m[K/home/weiwei/Desktop/project/ObsAvoidance/src/model/src/model.cpp:283:45:[m[K [01;35m[Kwarning: [m[Kcomparison of constant ‘[01m[K255[m[K’ with boolean expression is always false [[01;35m[K-Wbool-compare[m[K]
[7.092s]   283 |             if ([01;35m[Kmask.at<bool>(pointInCircle)==255[m[K||mask.at<bool>(pointOutCircle)!=255)
[7.092s]       |                 [01;35m[K~~~~~~~~~~~~~~~~~~~~~~~~~~~~^~~~~[m[K
[7.092s] [01m[K/home/weiwei/Desktop/project/ObsAvoidance/src/model/src/model.cpp:283:81:[m[K [01;35m[Kwarning: [m[Kcomparison of constant ‘[01m[K255[m[K’ with boolean expression is always true [[01;35m[K-Wbool-compare[m[K]
[7.092s]   283 |             if (mask.at<bool>(pointInCircle)==255||[01;35m[Kmask.at<bool>(pointOutCircle)!=255[m[K)
[7.092s]       |                                                    [01;35m[K~~~~~~~~~~~~~~~~~~~~~~~~~~~~~^~~~~[m[K
[7.095s] [01m[K/home/weiwei/Desktop/project/ObsAvoidance/src/model/src/model.cpp:[m[K In member function ‘[01m[Kbool ModelNode::selectLine(cv::Mat, std::vector<cv::Vec<int, 4> >, cv::Vec4i&, cv::Vec3f)[m[K’:
[7.096s] [01m[K/home/weiwei/Desktop/project/ObsAvoidance/src/model/src/model.cpp:317:19:[m[K [01;35m[Kwarning: [m[Kcomparison of integer expressions of different signedness: ‘[01m[Kint[m[K’ and ‘[01m[Kstd::vector<cv::Vec<int, 4> >::size_type[m[K’ {aka ‘[01m[Klong unsigned int[m[K’} [[01;35m[K-Wsign-compare[m[K]
[7.096s]   317 |     for (int i=0;[01;35m[Ki<tempLines.size()[m[K;i++)
[7.096s]       |                  [01;35m[K~^~~~~~~~~~~~~~~~~[m[K
[7.096s] [01m[K/home/weiwei/Desktop/project/ObsAvoidance/src/model/src/model.cpp:342:42:[m[K [01;35m[Kwarning: [m[Kcomparison of constant ‘[01m[K255[m[K’ with boolean expression is always false [[01;35m[K-Wbool-compare[m[K]
[7.096s]   342 |         if ([01;35m[Kimg_erode.at<bool>(endPoint1)==255[m[K || img_erode.at<bool>(endPoint2)==255 || img_erode.at<bool>(midPoint)==255)
[7.097s]       |             [01;35m[K~~~~~~~~~~~~~~~~~~~~~~~~~~~~~^~~~~[m[K
[7.097s] [01m[K/home/weiwei/Desktop/project/ObsAvoidance/src/model/src/model.cpp:342:80:[m[K [01;35m[Kwarning: [m[Kcomparison of constant ‘[01m[K255[m[K’ with boolean expression is always false [[01;35m[K-Wbool-compare[m[K]
[7.097s]   342 |         if (img_erode.at<bool>(endPoint1)==255 || [01;35m[Kimg_erode.at<bool>(endPoint2)==255[m[K || img_erode.at<bool>(midPoint)==255)
[7.097s]       |                                                   [01;35m[K~~~~~~~~~~~~~~~~~~~~~~~~~~~~~^~~~~[m[K
[7.097s] [01m[K/home/weiwei/Desktop/project/ObsAvoidance/src/model/src/model.cpp:342:117:[m[K [01;35m[Kwarning: [m[Kcomparison of constant ‘[01m[K255[m[K’ with boolean expression is always false [[01;35m[K-Wbool-compare[m[K]
[7.097s]   342 |         if (img_erode.at<bool>(endPoint1)==255 || img_erode.at<bool>(endPoint2)==255 || [01;35m[Kimg_erode.at<bool>(midPoint)==255[m[K)
[7.097s]       |                                                                                         [01;35m[K~~~~~~~~~~~~~~~~~~~~~~~~~~~~^~~~~[m[K
[7.097s] [01m[K/home/weiwei/Desktop/project/ObsAvoidance/src/model/src/model.cpp:346:44:[m[K [01;35m[Kwarning: [m[Kcomparison of constant ‘[01m[K255[m[K’ with boolean expression is always true [[01;35m[K-Wbool-compare[m[K]
[7.097s]   346 |         if ([01;35m[Kimg_erode.at<bool>(flag_point1)!=255[m[K || img_erode.at<bool>(flag_point2)!=255)
[7.097s]       |             [01;35m[K~~~~~~~~~~~~~~~~~~~~~~~~~~~~~~~^~~~~[m[K
[7.097s] [01m[K/home/weiwei/Desktop/project/ObsAvoidance/src/model/src/model.cpp:346:84:[m[K [01;35m[Kwarning: [m[Kcomparison of constant ‘[01m[K255[m[K’ with boolean expression is always true [[01;35m[K-Wbool-compare[m[K]
[7.097s]   346 |         if (img_erode.at<bool>(flag_point1)!=255 || [01;35m[Kimg_erode.at<bool>(flag_point2)!=255[m[K)
[7.097s]       |                                                     [01;35m[K~~~~~~~~~~~~~~~~~~~~~~~~~~~~~~~^~~~~[m[K
[7.179s] [01m[K/home/weiwei/Desktop/project/ObsAvoidance/src/model/src/model.cpp:[m[K In member function ‘[01m[Kvoid ModelNode::ransacModelParam()[m[K’:
[7.179s] [01m[K/home/weiwei/Desktop/project/ObsAvoidance/src/model/src/model.cpp:493:22:[m[K [01;35m[Kwarning: [m[Kcomparison of integer expressions of different signedness: ‘[01m[Kint[m[K’ and ‘[01m[Kstd::vector<Eigen::Matrix<double, 3, 1> >::size_type[m[K’ {aka ‘[01m[Klong unsigned int[m[K’} [[01;35m[K-Wsign-compare[m[K]
[7.179s]   493 |         for(int n=0;[01;35m[Kn<global_vecs_direction.size()[m[K;n++) {
[7.179s]       |                     [01;35m[K~^~~~~~~~~~~~~~~~~~~~~~~~~~~~~[m[K
[7.261s] [01m[K/home/weiwei/Desktop/project/ObsAvoidance/src/model/src/model.cpp:[m[K In member function ‘[01m[Kbool ModelNode::Model()[m[K’:
[7.261s] [01m[K/home/weiwei/Desktop/project/ObsAvoidance/src/model/src/model.cpp:706:20:[m[K [01;35m[Kwarning: [m[Kcomparison of integer expressions of different signedness: ‘[01m[Kint[m[K’ and ‘[01m[Kstd::vector<cv::Vec<float, 3> >::size_type[m[K’ {aka ‘[01m[Klong unsigned int[m[K’} [[01;35m[K-Wsign-compare[m[K]
[7.261s]   706 |     for (int i =0;[01;35m[Ki<temp_circles.size()[m[K;i++)
[7.261s]       |                   [01;35m[K~^~~~~~~~~~~~~~~~~~~~[m[K
[7.262s] [01m[K/home/weiwei/Desktop/project/ObsAvoidance/src/model/src/model.cpp:753:38:[m[K [01;35m[Kwarning: [m[Kcomparison of integer expressions of different signedness: ‘[01m[Kstd::vector<Eigen::Matrix<double, 3, 1> >::size_type[m[K’ {aka ‘[01m[Klong unsigned int[m[K’} and ‘[01m[Kint[m[K’ [[01;35m[K-Wsign-compare[m[K]
[7.262s]   753 |     if ([01;35m[Kglobal_centrePostions.size() < modelThresh[m[K)
[7.262s]       |         [01;35m[K~~~~~~~~~~~~~~~~~~~~~~~~~~~~~^~~~~~~~~~~~~[m[K
[7.262s] [01m[K/home/weiwei/Desktop/project/ObsAvoidance/src/model/src/model.cpp:759:19:[m[K [01;35m[Kwarning: [m[Kcomparison of integer expressions of different signedness: ‘[01m[Kint[m[K’ and ‘[01m[Kstd::vector<Eigen::Matrix<double, 3, 1> >::size_type[m[K’ {aka ‘[01m[Klong unsigned int[m[K’} [[01;35m[K-Wsign-compare[m[K]
[7.262s]   759 |     for (int i=0;[01;35m[Ki<global_centrePostions.size()[m[K;i++)
[7.262s]       |                  [01;35m[K~^~~~~~~~~~~~~~~~~~~~~~~~~~~~~[m[K
[7.278s] [01m[K/home/weiwei/Desktop/project/ObsAvoidance/src/model/src/model.cpp:[m[K In member function ‘[01m[Kvoid ModelNode::PubModel()[m[K’:
[7.278s] [01m[K/home/weiwei/Desktop/project/ObsAvoidance/src/model/src/model.cpp:841:59:[m[K [01;31m[Kerror: [m[K‘[01m[KhorizontalAngleThresh_localPointCloud[m[K’ was not declared in this scope; did you mean ‘[01m[KhorizontalCosThresh_localPointCloud[m[K’?
[7.278s]   841 |     double horizontalCosThresh_localPointCloud = std::cos([01;31m[KhorizontalAngleThresh_localPointCloud[m[K/180.0*M_PI);
[7.278s]       |                                                           [01;31m[K^~~~~~~~~~~~~~~~~~~~~~~~~~~~~~~~~~~~~[m[K
[7.278s]       |                                                           [32m[KhorizontalCosThresh_localPointCloud[m[K
[7.291s] [01m[K/home/weiwei/Desktop/project/ObsAvoidance/src/model/src/model.cpp:842:57:[m[K [01;31m[Kerror: [m[K‘[01m[KverticalAngleThresh_localPointCloud[m[K’ was not declared in this scope; did you mean ‘[01m[KverticalCosThresh_localPointCloud[m[K’?
[7.291s]   842 |     double verticalCosThresh_localPointCloud = std::cos([01;31m[KverticalAngleThresh_localPointCloud[m[K/180.0*M_PI);
[7.291s]       |                                                         [01;31m[K^~~~~~~~~~~~~~~~~~~~~~~~~~~~~~~~~~~[m[K
[7.291s]       |                                                         [32m[KverticalCosThresh_localPointCloud[m[K
[7.307s] [01m[K/home/weiwei/Desktop/project/ObsAvoidance/src/model/src/model.cpp:[m[K In member function ‘[01m[Kbool ModelNode::detectPoseCorrect(Eigen::Vector4d&, cv::Mat, cv::Mat&)[m[K’:
[7.307s] [01m[K/home/weiwei/Desktop/project/ObsAvoidance/src/model/src/model.cpp:921:38:[m[K [01;35m[Kwarning: [m[Kcomparison of integer expressions of different signedness: ‘[01m[Kstd::vector<pcl::PointXYZ, Eigen::aligned_allocator<pcl::PointXYZ> >::size_type[m[K’ {aka ‘[01m[Klong unsigned int[m[K’} and ‘[01m[Kint[m[K’ [[01;35m[K-Wsign-compare[m[K]
[7.307s]   921 |     if ([01;35m[KfinalPointCloud.points.size()<mapPointNumThresh[m[K) {
[7.307s]       |         [01;35m[K~~~~~~~~~~~~~~~~~~~~~~~~~~~~~^~~~~~~~~~~~~~~~~~[m[K
[13.035s] make[2]: *** [CMakeFiles/model.dir/build.make:76：CMakeFiles/model.dir/src/model.cpp.o] 错误 1
[13.036s] make[1]: *** [CMakeFiles/Makefile2:105：CMakeFiles/model.dir/all] 错误 2
[13.036s] make: *** [Makefile:141：all] 错误 2
[13.038s] Invoked command in '/home/weiwei/Desktop/project/ObsAvoidance/build/model' returned '2': CMAKE_PREFIX_PATH=/home/weiwei/Desktop/project/ObsAvoidance/install/interface:/home/weiwei/Desktop/project/ObsAvoidance/install/orbslam:/home/weiwei/Desktop/project/ObsAvoidance/install/model:/home/weiwei/Desktop/project/ObsAvoidance/install/media:/opt/ros/foxy /usr/bin/cmake --build /home/weiwei/Desktop/project/ObsAvoidance/build/model -- -j16 -l16
