[0.101s] Invoking command in '/home/weiwei/Desktop/project/ObsAvoidance/build/media': CMAKE_PREFIX_PATH=/home/weiwei/Desktop/project/ObsAvoidance/install/interface:/home/weiwei/Desktop/project/ObsAvoidance/install/orbslam:/home/weiwei/Desktop/project/ObsAvoidance/install/model:/home/weiwei/Desktop/project/ObsAvoidance/install/media:/opt/ros/foxy /usr/bin/cmake --build /home/weiwei/Desktop/project/ObsAvoidance/build/media -- -j16 -l16
[0.138s] [35m[1mScanning dependencies of target media[0m
[0.177s] [ 33%] [32mBuilding CXX object CMakeFiles/media.dir/src/media.cpp.o[0m
[4.339s] [01m[K/home/weiwei/Desktop/project/ObsAvoidance/src/media/src/media.cpp:[m[K In member function ‘[01m[Kvoid mediaNode::getScaleSlamToWorld(const ConstSharedPtr&, const ConstSharedPtr&)[m[K’:
[4.339s] [01m[K/home/weiwei/Desktop/project/ObsAvoidance/src/media/src/media.cpp:192:23:[m[K [01;35m[Kwarning: [m[Kcomparison of integer expressions of different signedness: ‘[01m[Kstd::vector<cv::Vec<float, 3> >::size_type[m[K’ {aka ‘[01m[Klong unsigned int[m[K’} and ‘[01m[Kint[m[K’ [[01;35m[K-Wsign-compare[m[K]
[4.340s]   192 |   if ([01;35m[Kcircles_.size() < circle_size_thresh[m[K)
[4.340s]       |       [01;35m[K~~~~~~~~~~~~~~~~^~~~~~~~~~~~~~~~~~~~[m[K
[4.340s] [01m[K/home/weiwei/Desktop/project/ObsAvoidance/src/media/src/media.cpp:195:17:[m[K [01;35m[Kwarning: [m[Kcomparison of integer expressions of different signedness: ‘[01m[Kint[m[K’ and ‘[01m[Kstd::vector<cv::Vec<float, 3> >::size_type[m[K’ {aka ‘[01m[Klong unsigned int[m[K’} [[01;35m[K-Wsign-compare[m[K]
[4.340s]   195 |   for (int i=0;[01;35m[Ki<circles_.size()[m[K;i++) {
[4.340s]       |                [01;35m[K~^~~~~~~~~~~~~~~~[m[K
[4.340s] [01m[K/home/weiwei/Desktop/project/ObsAvoidance/src/media/src/media.cpp:203:28:[m[K [01;35m[Kwarning: [m[Kcomparison of integer expressions of different signedness: ‘[01m[Kstd::vector<double, std::allocator<double> >::size_type[m[K’ {aka ‘[01m[Klong unsigned int[m[K’} and ‘[01m[Kint[m[K’ [[01;35m[K-Wsign-compare[m[K]
[4.340s]   203 |   if ([01;35m[KscaleFactList_.size()<scaleFactList_size_thresh[m[K)
[4.340s]       |       [01;35m[K~~~~~~~~~~~~~~~~~~~~~^~~~~~~~~~~~~~~~~~~~~~~~~~[m[K
[4.349s] [01m[K/home/weiwei/Desktop/project/ObsAvoidance/src/media/src/media.cpp:[m[K In member function ‘[01m[Kbool mediaNode::detectPoseCorrect(cv::Mat, interface::msg::Slam_<std::allocator<void> >::ConstSharedPtr, double&, cv::Vec3f)[m[K’:
[4.349s] [01m[K/home/weiwei/Desktop/project/ObsAvoidance/src/media/src/media.cpp:255:67:[m[K [01;35m[Kwarning: [m[Kcomparison of constant ‘[01m[K255[m[K’ with boolean expression is always true [[01;35m[K-Wbool-compare[m[K]
[4.350s]   255 |     if ([01;35m[Kimg_dilate.at<bool>((int)pixelPoint.x, (int)pixelPoint.y) != 255[m[K)
[4.350s]       |         [01;35m[K~~~~~~~~~~~~~~~~~~~~~~~~~~~~~~~~~~~~~~~~~~~~~~~~~~~~~~~~~~^~~~~~[m[K
[4.362s] [01m[K/home/weiwei/Desktop/project/ObsAvoidance/src/media/src/media.cpp:[m[K In member function ‘[01m[Kvoid mediaNode::ransacScaleFact()[m[K’:
[4.362s] [01m[K/home/weiwei/Desktop/project/ObsAvoidance/src/media/src/media.cpp:337:17:[m[K [01;35m[Kwarning: [m[Kcomparison of integer expressions of different signedness: ‘[01m[Kint[m[K’ and ‘[01m[Kstd::vector<double, std::allocator<double> >::size_type[m[K’ {aka ‘[01m[Klong unsigned int[m[K’} [[01;35m[K-Wsign-compare[m[K]
[4.362s]   337 |   for (int i=0;[01;35m[Ki<scaleFactList_.size()[m[K;i++)
[4.362s]       |                [01;35m[K~^~~~~~~~~~~~~~~~~~~~~~[m[K
[4.362s] [01m[K/home/weiwei/Desktop/project/ObsAvoidance/src/media/src/media.cpp:356:21:[m[K [01;35m[Kwarning: [m[Kcomparison of integer expressions of different signedness: ‘[01m[Kint[m[K’ and ‘[01m[Kstd::vector<double, std::allocator<double> >::size_type[m[K’ {aka ‘[01m[Klong unsigned int[m[K’} [[01;35m[K-Wsign-compare[m[K]
[4.362s]   356 |     for (int j = 0;[01;35m[Kj<scaleFactList_.size()[m[K;j++)
[4.362s]       |                    [01;35m[K~^~~~~~~~~~~~~~~~~~~~~~[m[K
[4.773s] In file included from [01m[K/usr/local/include/eigen3/Eigen/Core:366[m[K,
[4.773s]                  from [01m[K/usr/include/pcl-1.10/pcl/pcl_macros.h:75[m[K,
[4.773s]                  from [01m[K/usr/include/pcl-1.10/pcl/PCLPointField.h:10[m[K,
[4.773s]                  from [01m[K/usr/include/pcl-1.10/pcl/conversions.h:46[m[K,
[4.773s]                  from [01m[K/home/weiwei/Desktop/project/ObsAvoidance/src/media/src/media.hpp:4[m[K,
[4.773s]                  from [01m[K/home/weiwei/Desktop/project/ObsAvoidance/src/media/src/media.cpp:3[m[K:
[4.773s] /usr/local/include/eigen3/Eigen/src/Core/Matrix.h: In instantiation of ‘[01m[KEigen::Matrix<_Scalar, _Rows, _Cols, _Options, _MaxRows, _MaxCols>::Matrix(const Scalar&, const Scalar&, const Scalar&, const Scalar&) [with _Scalar = double; int _Rows = 3; int _Cols = 3; int _Options = 0; int _MaxRows = 3; int _MaxCols = 3; Eigen::Matrix<_Scalar, _Rows, _Cols, _Options, _MaxRows, _MaxCols>::Scalar = double][m[K’:
[4.773s] [01m[K/home/weiwei/Desktop/project/ObsAvoidance/src/media/src/media.cpp:117:55:[m[K   required from here
[4.773s] [01m[K/usr/local/include/eigen3/Eigen/src/Core/Matrix.h:358:7:[m[K [01;31m[Kerror: [m[Kstatic assertion failed: THIS_METHOD_IS_ONLY_FOR_VECTORS_OF_A_SPECIFIC_SIZE
[4.773s]   358 |       [01;31m[KE[m[KIGEN_STATIC_ASSERT_VECTOR_SPECIFIC_SIZE(Matrix, 4)
[4.773s]       |       [01;31m[K^[m[K
[9.420s] make[2]: *** [CMakeFiles/media.dir/build.make:76：CMakeFiles/media.dir/src/media.cpp.o] 错误 1
[9.420s] make[1]: *** [CMakeFiles/Makefile2:78：CMakeFiles/media.dir/all] 错误 2
[9.420s] make: *** [Makefile:141：all] 错误 2
[9.422s] Invoked command in '/home/weiwei/Desktop/project/ObsAvoidance/build/media' returned '2': CMAKE_PREFIX_PATH=/home/weiwei/Desktop/project/ObsAvoidance/install/interface:/home/weiwei/Desktop/project/ObsAvoidance/install/orbslam:/home/weiwei/Desktop/project/ObsAvoidance/install/model:/home/weiwei/Desktop/project/ObsAvoidance/install/media:/opt/ros/foxy /usr/bin/cmake --build /home/weiwei/Desktop/project/ObsAvoidance/build/media -- -j16 -l16
