[0.240s] Invoking command in '/home/weiwei/Desktop/project/ObsAvoidance/build/orbslam': AMENT_PREFIX_PATH=/home/weiwei/Desktop/project/ObsAvoidance/install/interface:${AMENT_PREFIX_PATH} CMAKE_PREFIX_PATH=/home/weiwei/Desktop/project/ObsAvoidance/install/interface:/opt/ros/foxy LD_LIBRARY_PATH=/home/weiwei/Desktop/project/ObsAvoidance/install/interface/lib:${LD_LIBRARY_PATH} PYTHONPATH=/home/weiwei/Desktop/project/ObsAvoidance/install/interface/lib/python3.8/site-packages:${PYTHONPATH} /usr/bin/cmake --build /home/weiwei/Desktop/project/ObsAvoidance/build/orbslam -- -j16 -l16
[0.257s] -- Found ament_cmake: 0.9.12 (/opt/ros/foxy/share/ament_cmake/cmake)
[0.272s] -- Using PYTHON_EXECUTABLE: /usr/bin/python3
[0.413s] -- Found rclcpp: 2.4.3 (/opt/ros/foxy/share/rclcpp/cmake)
[0.433s] -- Using all available rosidl_typesupport_c: rosidl_typesupport_fastrtps_c;rosidl_typesupport_introspection_c
[0.436s] -- Found rosidl_adapter: 1.3.1 (/opt/ros/foxy/share/rosidl_adapter/cmake)
[0.533s] -- Using all available rosidl_typesupport_cpp: rosidl_typesupport_fastrtps_cpp;rosidl_typesupport_introspection_cpp
[0.570s] -- Found rmw_implementation_cmake: 1.0.4 (/opt/ros/foxy/share/rmw_implementation_cmake/cmake)
[0.572s] -- Using RMW implementation 'rmw_fastrtps_cpp' as default
[0.673s] -- Found sensor_msgs: 2.0.5 (/opt/ros/foxy/share/sensor_msgs/cmake)
[0.779s] -- Found interface: 0.0.0 (/home/weiwei/Desktop/project/ObsAvoidance/install/interface/share/interface/cmake)
[0.852s] -- Found cv_bridge: 3.0.7 (/opt/ros/foxy/share/cv_bridge/cmake)
[0.875s] -- Found pcl_conversions: 2.2.1 (/opt/ros/foxy/share/pcl_conversions/cmake)
[0.986s] -- Found ament_lint_auto: 0.9.8 (/opt/ros/foxy/share/ament_lint_auto/cmake)
[1.080s] -- Added test 'copyright' to check source files copyright and LICENSE
[1.081s] -- Added test 'cppcheck' to perform static code analysis on C / C++ code
[1.081s] -- Configured cppcheck include dirs: 
[1.081s] -- Configured cppcheck exclude dirs and/or files: 
[1.081s] -- Added test 'cpplint' to check C / C++ code against the Google style
[1.081s] -- Configured cpplint exclude dirs and/or files: 
[1.082s] -- Added test 'flake8' to check Python code syntax and style conventions
[1.082s] -- Added test 'lint_cmake' to check CMake code style
[1.082s] -- Added test 'pep257' to check Python code against some of the style conventions in PEP 257
[1.083s] -- Added test 'uncrustify' to check C / C++ code style
[1.083s] -- Configured uncrustify additional arguments: 
[1.083s] -- Added test 'xmllint' to check XML markup files
[1.085s] -- Configuring done
[1.111s] -- Generating done
[1.113s] -- Build files have been written to: /home/weiwei/Desktop/project/ObsAvoidance/build/orbslam
[1.160s] [ 33%] [32m[1mLinking CXX executable orbslam[0m
[1.850s] [100%] Built target orbslam
[1.858s] Invoked command in '/home/weiwei/Desktop/project/ObsAvoidance/build/orbslam' returned '0': AMENT_PREFIX_PATH=/home/weiwei/Desktop/project/ObsAvoidance/install/interface:${AMENT_PREFIX_PATH} CMAKE_PREFIX_PATH=/home/weiwei/Desktop/project/ObsAvoidance/install/interface:/opt/ros/foxy LD_LIBRARY_PATH=/home/weiwei/Desktop/project/ObsAvoidance/install/interface/lib:${LD_LIBRARY_PATH} PYTHONPATH=/home/weiwei/Desktop/project/ObsAvoidance/install/interface/lib/python3.8/site-packages:${PYTHONPATH} /usr/bin/cmake --build /home/weiwei/Desktop/project/ObsAvoidance/build/orbslam -- -j16 -l16
[1.877s] Invoking command in '/home/weiwei/Desktop/project/ObsAvoidance/build/orbslam': AMENT_PREFIX_PATH=/home/weiwei/Desktop/project/ObsAvoidance/install/interface:${AMENT_PREFIX_PATH} CMAKE_PREFIX_PATH=/home/weiwei/Desktop/project/ObsAvoidance/install/interface:/opt/ros/foxy LD_LIBRARY_PATH=/home/weiwei/Desktop/project/ObsAvoidance/install/interface/lib:${LD_LIBRARY_PATH} PYTHONPATH=/home/weiwei/Desktop/project/ObsAvoidance/install/interface/lib/python3.8/site-packages:${PYTHONPATH} /usr/bin/cmake --install /home/weiwei/Desktop/project/ObsAvoidance/build/orbslam
[1.883s] -- Install configuration: ""
[1.883s] -- Installing: /home/weiwei/Desktop/project/ObsAvoidance/install/orbslam/lib/orbslam/orbslam
[1.885s] -- Set runtime path of "/home/weiwei/Desktop/project/ObsAvoidance/install/orbslam/lib/orbslam/orbslam" to ""
[1.885s] -- Up-to-date: /home/weiwei/Desktop/project/ObsAvoidance/install/orbslam/share/orbslam/launch
[1.885s] -- Up-to-date: /home/weiwei/Desktop/project/ObsAvoidance/install/orbslam/share/orbslam/launch/slam.launch.py
[1.886s] -- Up-to-date: /home/weiwei/Desktop/project/ObsAvoidance/install/orbslam/share/ament_index/resource_index/package_run_dependencies/orbslam
[1.886s] -- Installing: /home/weiwei/Desktop/project/ObsAvoidance/install/orbslam/share/ament_index/resource_index/parent_prefix_path/orbslam
[1.886s] -- Up-to-date: /home/weiwei/Desktop/project/ObsAvoidance/install/orbslam/share/orbslam/environment/ament_prefix_path.sh
[1.886s] -- Installing: /home/weiwei/Desktop/project/ObsAvoidance/install/orbslam/share/orbslam/environment/ament_prefix_path.dsv
[1.886s] -- Up-to-date: /home/weiwei/Desktop/project/ObsAvoidance/install/orbslam/share/orbslam/environment/path.sh
[1.886s] -- Installing: /home/weiwei/Desktop/project/ObsAvoidance/install/orbslam/share/orbslam/environment/path.dsv
[1.886s] -- Up-to-date: /home/weiwei/Desktop/project/ObsAvoidance/install/orbslam/share/orbslam/local_setup.bash
[1.886s] -- Up-to-date: /home/weiwei/Desktop/project/ObsAvoidance/install/orbslam/share/orbslam/local_setup.sh
[1.886s] -- Up-to-date: /home/weiwei/Desktop/project/ObsAvoidance/install/orbslam/share/orbslam/local_setup.zsh
[1.886s] -- Installing: /home/weiwei/Desktop/project/ObsAvoidance/install/orbslam/share/orbslam/local_setup.dsv
[1.886s] -- Installing: /home/weiwei/Desktop/project/ObsAvoidance/install/orbslam/share/orbslam/package.dsv
[1.886s] -- Up-to-date: /home/weiwei/Desktop/project/ObsAvoidance/install/orbslam/share/ament_index/resource_index/packages/orbslam
[1.886s] -- Up-to-date: /home/weiwei/Desktop/project/ObsAvoidance/install/orbslam/share/orbslam/cmake/orbslamConfig.cmake
[1.886s] -- Up-to-date: /home/weiwei/Desktop/project/ObsAvoidance/install/orbslam/share/orbslam/cmake/orbslamConfig-version.cmake
[1.887s] -- Up-to-date: /home/weiwei/Desktop/project/ObsAvoidance/install/orbslam/share/orbslam/package.xml
[1.891s] Invoked command in '/home/weiwei/Desktop/project/ObsAvoidance/build/orbslam' returned '0': AMENT_PREFIX_PATH=/home/weiwei/Desktop/project/ObsAvoidance/install/interface:${AMENT_PREFIX_PATH} CMAKE_PREFIX_PATH=/home/weiwei/Desktop/project/ObsAvoidance/install/interface:/opt/ros/foxy LD_LIBRARY_PATH=/home/weiwei/Desktop/project/ObsAvoidance/install/interface/lib:${LD_LIBRARY_PATH} PYTHONPATH=/home/weiwei/Desktop/project/ObsAvoidance/install/interface/lib/python3.8/site-packages:${PYTHONPATH} /usr/bin/cmake --install /home/weiwei/Desktop/project/ObsAvoidance/build/orbslam
