[35m[1mScanning dependencies of target model[0m
[ 33%] [32mBuilding CXX object CMakeFiles/model.dir/src/model.cpp.o[0m
[01m[K/home/weiwei/Desktop/project/ObsAvoidance/src/model/src/model.cpp:[m[K In member function ‘[01m[Kbool ModelNode::selectCircle(cv::Vec3f&, std::vector<cv::Vec<float, 3> >, cv::Mat&)[m[K’:
[01m[K/home/weiwei/Desktop/project/ObsAvoidance/src/model/src/model.cpp:202:21:[m[K [01;35m[Kwarning: [m[Kcomparison of integer expressions of different signedness: ‘[01m[Kint[m[K’ and ‘[01m[Kstd::vector<cv::Vec<float, 3> >::size_type[m[K’ {aka ‘[01m[Klong unsigned int[m[K’} [[01;35m[K-Wsign-compare[m[K]
  202 |     for (int i = 0;[01;35m[Ki<temp_circles.size()[m[K;i++)
      |                    [01;35m[K~^~~~~~~~~~~~~~~~~~~~[m[K
[01m[K/home/weiwei/Desktop/project/ObsAvoidance/src/model/src/model.cpp:[m[K In member function ‘[01m[Kbool ModelNode::selectLine(cv::Mat, std::vector<cv::Vec<int, 4> >, cv::Vec4i&, cv::Vec3f)[m[K’:
[01m[K/home/weiwei/Desktop/project/ObsAvoidance/src/model/src/model.cpp:244:19:[m[K [01;35m[Kwarning: [m[Kcomparison of integer expressions of different signedness: ‘[01m[Kint[m[K’ and ‘[01m[Kstd::vector<cv::Vec<int, 4> >::size_type[m[K’ {aka ‘[01m[Klong unsigned int[m[K’} [[01;35m[K-Wsign-compare[m[K]
  244 |     for (int i=0;[01;35m[Ki<tempLines.size()[m[K;i++)
      |                  [01;35m[K~^~~~~~~~~~~~~~~~~[m[K
[01m[K/home/weiwei/Desktop/project/ObsAvoidance/src/model/src/model.cpp:269:42:[m[K [01;35m[Kwarning: [m[Kcomparison of constant ‘[01m[K255[m[K’ with boolean expression is always false [[01;35m[K-Wbool-compare[m[K]
  269 |         if ([01;35m[Kimg_erode.at<bool>(endPoint1)==255[m[K || img_erode.at<bool>(endPoint2)==255 || img_erode.at<bool>(midPoint)==255)
      |             [01;35m[K~~~~~~~~~~~~~~~~~~~~~~~~~~~~~^~~~~[m[K
[01m[K/home/weiwei/Desktop/project/ObsAvoidance/src/model/src/model.cpp:269:80:[m[K [01;35m[Kwarning: [m[Kcomparison of constant ‘[01m[K255[m[K’ with boolean expression is always false [[01;35m[K-Wbool-compare[m[K]
  269 | t<bool>(endPoint1)==255 || [01;35m[Kimg_erode.at<bool>(endPoint2)==255[m[K || img_erode.at<bool>(midPoint)==255)
      |                            [01;35m[K~~~~~~~~~~~~~~~~~~~~~~~~~~~~~^~~~~[m[K

[01m[K/home/weiwei/Desktop/project/ObsAvoidance/src/model/src/model.cpp:269:117:[m[K [01;35m[Kwarning: [m[Kcomparison of constant ‘[01m[K255[m[K’ with boolean expression is always false [[01;35m[K-Wbool-compare[m[K]
  269 | at<bool>(endPoint2)==255 || [01;35m[Kimg_erode.at<bool>(midPoint)==255[m[K)
      |                             [01;35m[K~~~~~~~~~~~~~~~~~~~~~~~~~~~~^~~~~[m[K

[01m[K/home/weiwei/Desktop/project/ObsAvoidance/src/model/src/model.cpp:273:44:[m[K [01;35m[Kwarning: [m[Kcomparison of constant ‘[01m[K255[m[K’ with boolean expression is always true [[01;35m[K-Wbool-compare[m[K]
  273 |         if ([01;35m[Kimg_erode.at<bool>(flag_point1)!=255[m[K || img_erode.at<bool>(flag_point2)!=255)
      |             [01;35m[K~~~~~~~~~~~~~~~~~~~~~~~~~~~~~~~^~~~~[m[K
[01m[K/home/weiwei/Desktop/project/ObsAvoidance/src/model/src/model.cpp:273:84:[m[K [01;35m[Kwarning: [m[Kcomparison of constant ‘[01m[K255[m[K’ with boolean expression is always true [[01;35m[K-Wbool-compare[m[K]
  273 | ol>(flag_point1)!=255 || [01;35m[Kimg_erode.at<bool>(flag_point2)!=255[m[K)
      |                          [01;35m[K~~~~~~~~~~~~~~~~~~~~~~~~~~~~~~~^~~~~[m[K

[01m[K/home/weiwei/Desktop/project/ObsAvoidance/src/model/src/model.cpp:[m[K In member function ‘[01m[Kbool ModelNode::Model()[m[K’:
[01m[K/home/weiwei/Desktop/project/ObsAvoidance/src/model/src/model.cpp:325:20:[m[K [01;35m[Kwarning: [m[Kcomparison of integer expressions of different signedness: ‘[01m[Kint[m[K’ and ‘[01m[Kstd::vector<cv::Vec<float, 3> >::size_type[m[K’ {aka ‘[01m[Klong unsigned int[m[K’} [[01;35m[K-Wsign-compare[m[K]
  325 |     for (int i =0;[01;35m[Ki<temp_circles.size()[m[K;i++)
      |                   [01;35m[K~^~~~~~~~~~~~~~~~~~~~[m[K
[01m[K/home/weiwei/Desktop/project/ObsAvoidance/src/model/src/model.cpp:373:38:[m[K [01;35m[Kwarning: [m[Kcomparison of integer expressions of different signedness: ‘[01m[Kstd::vector<Eigen::Matrix<double, 3, 1> >::size_type[m[K’ {aka ‘[01m[Klong unsigned int[m[K’} and ‘[01m[Kint[m[K’ [[01;35m[K-Wsign-compare[m[K]
  373 |     if ([01;35m[Kglobal_centrePostions.size() < modelThresh[m[K)
      |         [01;35m[K~~~~~~~~~~~~~~~~~~~~~~~~~~~~~^~~~~~~~~~~~~[m[K
[01m[K/home/weiwei/Desktop/project/ObsAvoidance/src/model/src/model.cpp:[m[K In member function ‘[01m[Kvoid ModelNode::ransacModelParam()[m[K’:
[01m[K/home/weiwei/Desktop/project/ObsAvoidance/src/model/src/model.cpp:449:18:[m[K [01;35m[Kwarning: [m[Kcomparison of integer expressions of different signedness: ‘[01m[Kint[m[K’ and ‘[01m[Kstd::vector<Eigen::Matrix<double, 3, 1> >::size_type[m[K’ {aka ‘[01m[Klong unsigned int[m[K’} [[01;35m[K-Wsign-compare[m[K]
  449 |     for(int n=0;[01;35m[Kn<global_vecs_direction.size()[m[K;n++) {
      |                 [01;35m[K~^~~~~~~~~~~~~~~~~~~~~~~~~~~~~[m[K
[ 66%] [32m[1mLinking CXX executable model[0m
[100%] Built target model
-- Install configuration: ""
-- Installing: /home/weiwei/Desktop/project/ObsAvoidance/install/model/lib/model/model
-- Set runtime path of "/home/weiwei/Desktop/project/ObsAvoidance/install/model/lib/model/model" to ""
-- Up-to-date: /home/weiwei/Desktop/project/ObsAvoidance/install/model/share/ament_index/resource_index/package_run_dependencies/model
-- Up-to-date: /home/weiwei/Desktop/project/ObsAvoidance/install/model/share/ament_index/resource_index/parent_prefix_path/model
-- Up-to-date: /home/weiwei/Desktop/project/ObsAvoidance/install/model/share/model/environment/ament_prefix_path.sh
-- Up-to-date: /home/weiwei/Desktop/project/ObsAvoidance/install/model/share/model/environment/ament_prefix_path.dsv
-- Up-to-date: /home/weiwei/Desktop/project/ObsAvoidance/install/model/share/model/environment/path.sh
-- Up-to-date: /home/weiwei/Desktop/project/ObsAvoidance/install/model/share/model/environment/path.dsv
-- Up-to-date: /home/weiwei/Desktop/project/ObsAvoidance/install/model/share/model/local_setup.bash
-- Up-to-date: /home/weiwei/Desktop/project/ObsAvoidance/install/model/share/model/local_setup.sh
-- Up-to-date: /home/weiwei/Desktop/project/ObsAvoidance/install/model/share/model/local_setup.zsh
-- Up-to-date: /home/weiwei/Desktop/project/ObsAvoidance/install/model/share/model/local_setup.dsv
-- Installing: /home/weiwei/Desktop/project/ObsAvoidance/install/model/share/model/package.dsv
-- Up-to-date: /home/weiwei/Desktop/project/ObsAvoidance/install/model/share/ament_index/resource_index/packages/model
-- Up-to-date: /home/weiwei/Desktop/project/ObsAvoidance/install/model/share/model/cmake/modelConfig.cmake
-- Up-to-date: /home/weiwei/Desktop/project/ObsAvoidance/install/model/share/model/cmake/modelConfig-version.cmake
-- Up-to-date: /home/weiwei/Desktop/project/ObsAvoidance/install/model/share/model/package.xml
