[0.198s] Invoking command in '/home/weiwei/Desktop/project/ObsAvoidance/build/model': CMAKE_PREFIX_PATH=/home/weiwei/Desktop/project/ObsAvoidance/install/interface:/home/weiwei/Desktop/project/ObsAvoidance/install/orbslam:/home/weiwei/Desktop/project/ObsAvoidance/install/model:/home/weiwei/Desktop/project/ObsAvoidance/install/media:/opt/ros/foxy /usr/bin/cmake /home/weiwei/Desktop/project/ObsAvoidance/src/model -DCMAKE_INSTALL_PREFIX=/home/weiwei/Desktop/project/ObsAvoidance/install/model
[0.240s] -- The C compiler identification is GNU 9.4.0
[0.275s] -- The CXX compiler identification is GNU 9.4.0
[0.278s] -- Check for working C compiler: /usr/bin/cc
[0.323s] -- Check for working C compiler: /usr/bin/cc -- works
[0.323s] -- Detecting C compiler ABI info
[0.370s] -- Detecting C compiler ABI info - done
[0.377s] -- Detecting C compile features
[0.378s] -- Detecting C compile features - done
[0.379s] -- Check for working CXX compiler: /usr/bin/c++
[0.430s] -- Check for working CXX compiler: /usr/bin/c++ -- works
[0.431s] -- Detecting CXX compiler ABI info
[0.488s] -- Detecting CXX compiler ABI info - done
[0.501s] -- Detecting CXX compile features
[0.502s] -- Detecting CXX compile features - done
[0.504s] -- Found ament_cmake: 0.9.12 (/opt/ros/foxy/share/ament_cmake/cmake)
[0.523s] -- Found PythonInterp: /usr/bin/python3 (found suitable version "3.8.10", minimum required is "3") 
[0.523s] -- Using PYTHON_EXECUTABLE: /usr/bin/python3
[0.655s] -- Found rclcpp: 2.4.3 (/opt/ros/foxy/share/rclcpp/cmake)
[0.693s] -- Using all available rosidl_typesupport_c: rosidl_typesupport_fastrtps_c;rosidl_typesupport_introspection_c
[0.701s] -- Found rosidl_adapter: 1.3.1 (/opt/ros/foxy/share/rosidl_adapter/cmake)
[0.761s] -- Found OpenSSL: /usr/lib/x86_64-linux-gnu/libcrypto.so (found version "1.1.1f")  
[0.784s] -- Found FastRTPS: /opt/ros/foxy/include  
[0.842s] -- Using all available rosidl_typesupport_cpp: rosidl_typesupport_fastrtps_cpp;rosidl_typesupport_introspection_cpp
[0.883s] -- Found rmw_implementation_cmake: 1.0.4 (/opt/ros/foxy/share/rmw_implementation_cmake/cmake)
[0.884s] -- Using RMW implementation 'rmw_fastrtps_cpp' as default
[0.885s] -- Looking for pthread.h
[0.932s] -- Looking for pthread.h - found
[0.933s] -- Performing Test CMAKE_HAVE_LIBC_PTHREAD
[0.981s] -- Performing Test CMAKE_HAVE_LIBC_PTHREAD - Failed
[0.981s] -- Looking for pthread_create in pthreads
[1.018s] -- Looking for pthread_create in pthreads - not found
[1.018s] -- Looking for pthread_create in pthread
[1.064s] -- Looking for pthread_create in pthread - found
[1.065s] -- Found Threads: TRUE  
[1.184s] -- Found interface: 0.0.0 (/home/weiwei/Desktop/project/ObsAvoidance/install/interface/share/interface/cmake)
[1.354s] -- Found cv_bridge: 3.0.7 (/opt/ros/foxy/share/cv_bridge/cmake)
[1.373s] -- Found pcl_conversions: 2.2.1 (/opt/ros/foxy/share/pcl_conversions/cmake)
[1.489s] -- Found octomap_msgs: 2.0.0 (/opt/ros/foxy/share/octomap_msgs/cmake)
[1.543s] -- Checking for module 'eigen3'
[1.554s] --   Found eigen3, version 3.3.9
[1.580s] -- Found Eigen: /usr/include/eigen3 (Required is at least version "3.1") 
[1.580s] -- Eigen found (include: /usr/include/eigen3, version: 3.3.7)
[1.614s] -- Found Boost: /usr/include (found suitable version "1.71.0", minimum required is "1.55.0") found components: system filesystem date_time iostreams regex 
[1.625s] -- Checking for module 'flann'
[1.636s] --   Found flann, version 1.9.1
[1.666s] -- Found FLANN: /usr/lib/x86_64-linux-gnu/libflann_cpp.so  
[1.705s] -- The imported target "vtkParseOGLExt" references the file
[1.705s]    "/usr/bin/vtkParseOGLExt-7.1"
[1.705s] but this file does not exist.  Possible reasons include:
[1.705s] * The file was deleted, renamed, or moved to another location.
[1.705s] * An install or uninstall procedure did not complete successfully.
[1.705s] * The installation package was faulty and contained
[1.705s]    "/usr/lib/cmake/vtk-7.1/VTKTargets.cmake"
[1.705s] but not all the files it references.
[1.705s] 
[1.705s] -- The imported target "vtkRenderingPythonTkWidgets" references the file
[1.705s]    "/usr/lib/x86_64-linux-gnu/libvtkRenderingPythonTkWidgets.so"
[1.705s] but this file does not exist.  Possible reasons include:
[1.705s] * The file was deleted, renamed, or moved to another location.
[1.705s] * An install or uninstall procedure did not complete successfully.
[1.706s] * The installation package was faulty and contained
[1.706s]    "/usr/lib/cmake/vtk-7.1/VTKTargets.cmake"
[1.706s] but not all the files it references.
[1.706s] 
[1.706s] -- The imported target "vtk" references the file
[1.706s]    "/usr/bin/vtk"
[1.706s] but this file does not exist.  Possible reasons include:
[1.706s] * The file was deleted, renamed, or moved to another location.
[1.706s] * An install or uninstall procedure did not complete successfully.
[1.706s] * The installation package was faulty and contained
[1.706s]    "/usr/lib/cmake/vtk-7.1/VTKTargets.cmake"
[1.706s] but not all the files it references.
[1.706s] 
[1.706s] -- The imported target "pvtk" references the file
[1.706s]    "/usr/bin/pvtk"
[1.706s] but this file does not exist.  Possible reasons include:
[1.706s] * The file was deleted, renamed, or moved to another location.
[1.706s] * An install or uninstall procedure did not complete successfully.
[1.706s] * The installation package was faulty and contained
[1.707s]    "/usr/lib/cmake/vtk-7.1/VTKTargets.cmake"
[1.707s] but not all the files it references.
[1.707s] 
[1.721s] -- Checking for module 'libusb-1.0'
[1.731s] --   Found libusb-1.0, version 1.0.23
[1.761s] -- Found USB_10: /usr/lib/x86_64-linux-gnu/libusb-1.0.so  
[1.804s] -- Found OpenNI: /usr/lib/libOpenNI.so  
[1.804s] -- OpenNI found (include: /usr/include/ni, lib: /usr/lib/libOpenNI.so)
[1.849s] -- Found OpenNI2: /usr/lib/libOpenNI2.so  
[1.850s] -- OpenNI2 found (include: /usr/include/openni2, lib: /usr/lib/libOpenNI2.so)
[1.850s] ** WARNING ** io features related to pcap will be disabled
[1.850s] ** WARNING ** io features related to png will be disabled
[1.859s] -- Found libusb-1.0: /usr/include  
[1.859s] ** WARNING ** io features related to libusb-1.0 will be disabled
[1.864s] -- OpenNI found (include: /usr/include/ni, lib: /usr/lib/libOpenNI.so)
[1.869s] -- OpenNI2 found (include: /usr/include/openni2, lib: /usr/lib/libOpenNI2.so)
[1.888s] -- Found Qhull: optimized;/usr/lib/x86_64-linux-gnu/libqhull.so;debug;/usr/lib/x86_64-linux-gnu/libqhull.so  
[1.888s] -- QHULL found (include: /usr/include, lib: optimized;/usr/lib/x86_64-linux-gnu/libqhull.so;debug;/usr/lib/x86_64-linux-gnu/libqhull.so)
[1.893s] -- OpenNI found (include: /usr/include/ni, lib: /usr/lib/libOpenNI.so)
[1.903s] -- looking for PCL_COMMON
[1.904s] -- Found PCL_COMMON: /usr/lib/x86_64-linux-gnu/libpcl_common.so  
[1.904s] -- looking for PCL_KDTREE
[1.905s] -- Found PCL_KDTREE: /usr/lib/x86_64-linux-gnu/libpcl_kdtree.so  
[1.906s] -- looking for PCL_OCTREE
[1.906s] -- Found PCL_OCTREE: /usr/lib/x86_64-linux-gnu/libpcl_octree.so  
[1.906s] -- looking for PCL_SEARCH
[1.907s] -- Found PCL_SEARCH: /usr/lib/x86_64-linux-gnu/libpcl_search.so  
[1.907s] -- looking for PCL_SAMPLE_CONSENSUS
[1.908s] -- Found PCL_SAMPLE_CONSENSUS: /usr/lib/x86_64-linux-gnu/libpcl_sample_consensus.so  
[1.908s] -- looking for PCL_FILTERS
[1.909s] -- Found PCL_FILTERS: /usr/lib/x86_64-linux-gnu/libpcl_filters.so  
[1.909s] -- looking for PCL_2D
[1.909s] -- Found PCL_2D: /usr/include/pcl-1.10  
[1.909s] -- looking for PCL_GEOMETRY
[1.909s] -- Found PCL_GEOMETRY: /usr/include/pcl-1.10  
[1.910s] -- looking for PCL_IO
[1.910s] -- Found PCL_IO: /usr/lib/x86_64-linux-gnu/libpcl_io.so  
[1.910s] -- looking for PCL_FEATURES
[1.911s] -- Found PCL_FEATURES: /usr/lib/x86_64-linux-gnu/libpcl_features.so  
[1.911s] -- looking for PCL_ML
[1.912s] -- Found PCL_ML: /usr/lib/x86_64-linux-gnu/libpcl_ml.so  
[1.912s] -- looking for PCL_SEGMENTATION
[1.913s] -- Found PCL_SEGMENTATION: /usr/lib/x86_64-linux-gnu/libpcl_segmentation.so  
[1.913s] -- looking for PCL_VISUALIZATION
[1.914s] -- Found PCL_VISUALIZATION: /usr/lib/x86_64-linux-gnu/libpcl_visualization.so  
[1.914s] -- looking for PCL_SURFACE
[1.915s] -- Found PCL_SURFACE: /usr/lib/x86_64-linux-gnu/libpcl_surface.so  
[1.915s] -- looking for PCL_REGISTRATION
[1.916s] -- Found PCL_REGISTRATION: /usr/lib/x86_64-linux-gnu/libpcl_registration.so  
[1.916s] -- looking for PCL_KEYPOINTS
[1.917s] -- Found PCL_KEYPOINTS: /usr/lib/x86_64-linux-gnu/libpcl_keypoints.so  
[1.917s] -- looking for PCL_TRACKING
[1.918s] -- Found PCL_TRACKING: /usr/lib/x86_64-linux-gnu/libpcl_tracking.so  
[1.918s] -- looking for PCL_RECOGNITION
[1.919s] -- Found PCL_RECOGNITION: /usr/lib/x86_64-linux-gnu/libpcl_recognition.so  
[1.919s] -- looking for PCL_STEREO
[1.920s] -- Found PCL_STEREO: /usr/lib/x86_64-linux-gnu/libpcl_stereo.so  
[1.920s] -- looking for PCL_APPS
[1.921s] -- Found PCL_APPS: /usr/lib/x86_64-linux-gnu/libpcl_apps.so  
[1.921s] -- looking for PCL_IN_HAND_SCANNER
[1.921s] -- Found PCL_IN_HAND_SCANNER: /usr/include/pcl-1.10  
[1.922s] -- looking for PCL_POINT_CLOUD_EDITOR
[1.922s] -- Found PCL_POINT_CLOUD_EDITOR: /usr/include/pcl-1.10  
[1.922s] -- looking for PCL_OUTOFCORE
[1.923s] -- Found PCL_OUTOFCORE: /usr/lib/x86_64-linux-gnu/libpcl_outofcore.so  
[1.923s] -- looking for PCL_PEOPLE
[1.924s] -- Found PCL_PEOPLE: /usr/lib/x86_64-linux-gnu/libpcl_people.so  
[1.924s] -- Found PCL: pcl_common;pcl_kdtree;pcl_octree;pcl_search;pcl_sample_consensus;pcl_filters;pcl_io;pcl_features;pcl_ml;pcl_segmentation;pcl_visualization;pcl_surface;pcl_registration;pcl_keypoints;pcl_tracking;pcl_recognition;pcl_stereo;pcl_apps;pcl_outofcore;pcl_people;/usr/lib/x86_64-linux-gnu/libboost_system.so;/usr/lib/x86_64-linux-gnu/libboost_filesystem.so;/usr/lib/x86_64-linux-gnu/libboost_date_time.so;/usr/lib/x86_64-linux-gnu/libboost_iostreams.so;/usr/lib/x86_64-linux-gnu/libboost_regex.so;optimized;/usr/lib/x86_64-linux-gnu/libqhull.so;debug;/usr/lib/x86_64-linux-gnu/libqhull.so;/usr/lib/libOpenNI.so;/usr/lib/libOpenNI2.so;vtkChartsCore;vtkCommonColor;vtkCommonCore;vtksys;vtkCommonDataModel;vtkCommonMath;vtkCommonMisc;vtkCommonSystem;vtkCommonTransforms;vtkCommonExecutionModel;vtkFiltersGeneral;vtkCommonComputationalGeometry;vtkFiltersCore;vtkInfovisCore;vtkFiltersExtraction;vtkFiltersStatistics;vtkImagingFourier;vtkImagingCore;vtkalglib;vtkRenderingContext2D;vtkRenderingCore;vtkFiltersGeometry;vtkFiltersSources;vtkRenderingFreeType;/usr/lib/x86_64-linux-gnu/libfreetype.so;/usr/lib/x86_64-linux-gnu/libz.so;vtkFiltersModeling;vtkImagingSources;vtkInteractionStyle;vtkInteractionWidgets;vtkFiltersHybrid;vtkImagingColor;vtkImagingGeneral;vtkImagingHybrid;vtkIOImage;vtkDICOMParser;vtkmetaio;/usr/lib/x86_64-linux-gnu/libjpeg.so;/usr/lib/x86_64-linux-gnu/libpng.so;/usr/lib/x86_64-linux-gnu/libtiff.so;vtkRenderingAnnotation;vtkRenderingVolume;vtkIOXML;vtkIOCore;vtkIOXMLParser;/usr/lib/x86_64-linux-gnu/libexpat.so;vtkIOGeometry;vtkIOLegacy;vtkIOPLY;vtkRenderingLOD;vtkViewsContext2D;vtkViewsCore;vtkRenderingContextOpenGL2;vtkRenderingOpenGL2;FLANN::FLANN  
[1.928s] -- Found OpenCV: /usr (found version "4.2.0") 
[2.117s] -- Found BLAS: /usr/lib/x86_64-linux-gnu/libblas.so  
[2.241s] -- Found AMD headers in: /usr/include/suitesparse
[2.243s] -- Found AMD library: /usr/lib/x86_64-linux-gnu/libamd.so
[2.243s] -- Found CAMD headers in: /usr/include/suitesparse
[2.245s] -- Found CAMD library: /usr/lib/x86_64-linux-gnu/libcamd.so
[2.246s] -- Found CCOLAMD headers in: /usr/include/suitesparse
[2.246s] -- Found CCOLAMD library: /usr/lib/x86_64-linux-gnu/libccolamd.so
[2.247s] -- Found CHOLMOD headers in: /usr/include/suitesparse
[2.248s] -- Found CHOLMOD library: /usr/lib/x86_64-linux-gnu/libcholmod.so
[2.248s] -- Found COLAMD headers in: /usr/include/suitesparse
[2.249s] -- Found COLAMD library: /usr/lib/x86_64-linux-gnu/libcolamd.so
[2.250s] -- Found SPQR headers in: /usr/include/suitesparse
[2.251s] -- Found SPQR library: /usr/lib/x86_64-linux-gnu/libspqr.so
[2.251s] -- Found Config headers in: /usr/include/suitesparse
[2.252s] -- Found Config library: /usr/lib/x86_64-linux-gnu/libsuitesparseconfig.so
[2.255s] -- Found Intel Thread Building Blocks (TBB) library (2020.1 / 11101) include location: . Assuming SuiteSparseQR was compiled with TBB.
[2.255s] -- Looking for shm_open in rt
[2.304s] -- Looking for shm_open in rt - found
[2.304s] -- Adding librt to SuiteSparse_config libraries (required on Linux & Unix [not OSX] if SuiteSparse is compiled with timing).
[2.312s] -- Could NOT find METIS (missing: METIS_INCLUDE_DIR METIS_LIBRARY) 
[2.313s] -- Found SuiteSparse: /usr/include/suitesparse (found suitable version "5.7.1", minimum required is "5.7.1") found components: AMD CAMD CCOLAMD CHOLMOD COLAMD SPQR Config 
[2.315s] -- Found required Ceres dependency: Eigen version 3.3.9 in /usr/local/share/eigen3/cmake
[2.318s] -- Found required Ceres dependency: glog
[2.321s] -- Found required Ceres dependency: gflags
[2.322s] -- Found Ceres version: 2.2.0 installed in: /usr/local with components: [EigenSparse, SparseLinearAlgebraLibrary, LAPACK, SuiteSparse, SchurSpecializations]
[2.323s] -- Found ament_lint_auto: 0.9.8 (/opt/ros/foxy/share/ament_lint_auto/cmake)
[2.410s] -- Added test 'copyright' to check source files copyright and LICENSE
[2.411s] -- Added test 'cppcheck' to perform static code analysis on C / C++ code
[2.411s] -- Configured cppcheck include dirs: 
[2.411s] -- Configured cppcheck exclude dirs and/or files: 
[2.412s] -- Added test 'cpplint' to check C / C++ code against the Google style
[2.412s] -- Configured cpplint exclude dirs and/or files: 
[2.412s] -- Added test 'lint_cmake' to check CMake code style
[2.413s] -- Added test 'uncrustify' to check C / C++ code style
[2.413s] -- Configured uncrustify additional arguments: 
[2.413s] -- Added test 'xmllint' to check XML markup files
[2.415s] -- Configuring done
[2.464s] -- Generating done
[2.466s] -- Build files have been written to: /home/weiwei/Desktop/project/ObsAvoidance/build/model
[2.478s] Invoked command in '/home/weiwei/Desktop/project/ObsAvoidance/build/model' returned '0': CMAKE_PREFIX_PATH=/home/weiwei/Desktop/project/ObsAvoidance/install/interface:/home/weiwei/Desktop/project/ObsAvoidance/install/orbslam:/home/weiwei/Desktop/project/ObsAvoidance/install/model:/home/weiwei/Desktop/project/ObsAvoidance/install/media:/opt/ros/foxy /usr/bin/cmake /home/weiwei/Desktop/project/ObsAvoidance/src/model -DCMAKE_INSTALL_PREFIX=/home/weiwei/Desktop/project/ObsAvoidance/install/model
[2.479s] Invoking command in '/home/weiwei/Desktop/project/ObsAvoidance/build/model': CMAKE_PREFIX_PATH=/home/weiwei/Desktop/project/ObsAvoidance/install/interface:/home/weiwei/Desktop/project/ObsAvoidance/install/orbslam:/home/weiwei/Desktop/project/ObsAvoidance/install/model:/home/weiwei/Desktop/project/ObsAvoidance/install/media:/opt/ros/foxy /usr/bin/cmake --build /home/weiwei/Desktop/project/ObsAvoidance/build/model -- -j16 -l16
[2.508s] [35m[1mScanning dependencies of target model[0m
[2.597s] [ 50%] [32mBuilding CXX object CMakeFiles/model.dir/src/main.cpp.o[0m
[8.695s] [01m[K/home/weiwei/Desktop/project/ObsAvoidance/src/model/src/main.cpp:[m[K In member function ‘[01m[Kvoid ModelNode::getBlueContour()[m[K’:
[8.695s] [01m[K/home/weiwei/Desktop/project/ObsAvoidance/src/model/src/main.cpp:364:75:[m[K [01;35m[Kwarning: [m[Kthe address of ‘[01m[Kint close(int)[m[K’ will never be NULL [[01;35m[K-Waddress[m[K]
[8.695s]   364 |                 double length = cv::arcLength(temp_contours_blue[i], close[01;35m[K)[m[K;
[8.695s]       |                                                                           [01;35m[K^[m[K
[8.707s] [01m[K/home/weiwei/Desktop/project/ObsAvoidance/src/model/src/main.cpp:[m[K In member function ‘[01m[Kvoid ModelNode::invProjAndSel()[m[K’:
[8.707s] [01m[K/home/weiwei/Desktop/project/ObsAvoidance/src/model/src/main.cpp:513:23:[m[K [01;35m[Kwarning: [m[Kcomparison of integer expressions of different signedness: ‘[01m[Kint[m[K’ and ‘[01m[Kstd::vector<int>::size_type[m[K’ {aka ‘[01m[Klong unsigned int[m[K’} [[01;35m[K-Wsign-compare[m[K]
[8.707s]   513 |         for(int i=0; [01;35m[Ki<indexPointCloudBlue.size()[m[K;i++)
[8.707s]       |                      [01;35m[K~^~~~~~~~~~~~~~~~~~~~~~~~~~~[m[K
[8.707s] [01m[K/home/weiwei/Desktop/project/ObsAvoidance/src/model/src/main.cpp:517:23:[m[K [01;35m[Kwarning: [m[Kcomparison of integer expressions of different signedness: ‘[01m[Kint[m[K’ and ‘[01m[Kstd::vector<int>::size_type[m[K’ {aka ‘[01m[Klong unsigned int[m[K’} [[01;35m[K-Wsign-compare[m[K]
[8.707s]   517 |         for(int i=0; [01;35m[Ki<indexPointCloudGreen.size()[m[K;i++)
[8.707s]       |                      [01;35m[K~^~~~~~~~~~~~~~~~~~~~~~~~~~~~[m[K
[8.707s] [01m[K/home/weiwei/Desktop/project/ObsAvoidance/src/model/src/main.cpp:521:23:[m[K [01;35m[Kwarning: [m[Kcomparison of integer expressions of different signedness: ‘[01m[Kint[m[K’ and ‘[01m[Kstd::vector<int>::size_type[m[K’ {aka ‘[01m[Klong unsigned int[m[K’} [[01;35m[K-Wsign-compare[m[K]
[8.707s]   521 |         for(int i=0; [01;35m[Ki<indexPointCloudRed.size()[m[K;i++)
[8.707s]       |                      [01;35m[K~^~~~~~~~~~~~~~~~~~~~~~~~~~[m[K
[8.737s] [01m[K/home/weiwei/Desktop/project/ObsAvoidance/src/model/src/main.cpp:[m[K In member function ‘[01m[Kvoid ModelNode::updateObstacle(std::vector<pcl::PointCloud<pcl::PointXYZ> >&, pcl::PointCloud<pcl::PointXYZ>&)[m[K’:
[8.737s] [01m[K/home/weiwei/Desktop/project/ObsAvoidance/src/model/src/main.cpp:643:33:[m[K [01;35m[Kwarning: [m[Kcomparison of integer expressions of different signedness: ‘[01m[Kstd::vector<pcl::PointCloud<pcl::PointXYZ> >::size_type[m[K’ {aka ‘[01m[Klong unsigned int[m[K’} and ‘[01m[Kint[m[K’ [[01;35m[K-Wsign-compare[m[K]
[8.737s]   643 |         if ([01;35m[KobstacleList.size() > maxLengthPointCloudList[m[K) {
[8.737s]       |             [01;35m[K~~~~~~~~~~~~~~~~~~~~^~~~~~~~~~~~~~~~~~~~~~~~~[m[K
[8.739s] [01m[K/home/weiwei/Desktop/project/ObsAvoidance/src/model/src/main.cpp:[m[K In member function ‘[01m[Kvoid ModelNode::optimizeParam(int, std::vector<Eigen::Matrix<double, 4, 1> >&, Eigen::Vector3d&, bool&, int)[m[K’:
[8.739s] [01m[K/home/weiwei/Desktop/project/ObsAvoidance/src/model/src/main.cpp:672:30:[m[K [01;35m[Kwarning: [m[Kcomparison of integer expressions of different signedness: ‘[01m[Kstd::vector<Eigen::Matrix<double, 4, 1> >::size_type[m[K’ {aka ‘[01m[Klong unsigned int[m[K’} and ‘[01m[Kint[m[K’ [[01;35m[K-Wsign-compare[m[K]
[8.739s]   672 |         if ([01;35m[KparamList.size() == threshToOpt[m[K) {
[8.739s]       |             [01;35m[K~~~~~~~~~~~~~~~~~^~~~~~~~~~~~~~[m[K
[8.747s] [01m[K/home/weiwei/Desktop/project/ObsAvoidance/src/model/src/main.cpp:697:30:[m[K [01;35m[Kwarning: [m[Kcomparison of integer expressions of different signedness: ‘[01m[Kint[m[K’ and ‘[01m[Kstd::vector<Eigen::Matrix<double, 4, 1> >::size_type[m[K’ {aka ‘[01m[Klong unsigned int[m[K’} [[01;35m[K-Wsign-compare[m[K]
[8.747s]   697 |                 for(int n=0;[01;35m[Kn<paramList.size()[m[K;n++) {
[8.747s]       |                             [01;35m[K~^~~~~~~~~~~~~~~~~[m[K
[8.749s] [01m[K/home/weiwei/Desktop/project/ObsAvoidance/src/model/src/main.cpp:[m[K In member function ‘[01m[Kvoid ModelNode::octoTreeCurPub()[m[K’:
[8.749s] [01m[K/home/weiwei/Desktop/project/ObsAvoidance/src/model/src/main.cpp:720:23:[m[K [01;35m[Kwarning: [m[Kcomparison of integer expressions of different signedness: ‘[01m[Kint[m[K’ and ‘[01m[Kstd::vector<pcl::PointCloud<pcl::PointXYZ> >::size_type[m[K’ {aka ‘[01m[Klong unsigned int[m[K’} [[01;35m[K-Wsign-compare[m[K]
[8.749s]   720 |         for (int i=0;[01;35m[Ki<obstacleBlueList.size()[m[K;i++) {
[8.749s]       |                      [01;35m[K~^~~~~~~~~~~~~~~~~~~~~~~~[m[K
[8.749s] [01m[K/home/weiwei/Desktop/project/ObsAvoidance/src/model/src/main.cpp:724:23:[m[K [01;35m[Kwarning: [m[Kcomparison of integer expressions of different signedness: ‘[01m[Kint[m[K’ and ‘[01m[Kstd::vector<pcl::PointCloud<pcl::PointXYZ> >::size_type[m[K’ {aka ‘[01m[Klong unsigned int[m[K’} [[01;35m[K-Wsign-compare[m[K]
[8.749s]   724 |         for (int i=0;[01;35m[Ki<obstacleGreenList.size()[m[K;i++) {
[8.749s]       |                      [01;35m[K~^~~~~~~~~~~~~~~~~~~~~~~~~[m[K
[8.749s] [01m[K/home/weiwei/Desktop/project/ObsAvoidance/src/model/src/main.cpp:728:23:[m[K [01;35m[Kwarning: [m[Kcomparison of integer expressions of different signedness: ‘[01m[Kint[m[K’ and ‘[01m[Kstd::vector<pcl::PointCloud<pcl::PointXYZ> >::size_type[m[K’ {aka ‘[01m[Klong unsigned int[m[K’} [[01;35m[K-Wsign-compare[m[K]
[8.749s]   728 |         for (int i=0;[01;35m[Ki<obstacleRedList.size()[m[K;i++) {
[8.750s]       |                      [01;35m[K~^~~~~~~~~~~~~~~~~~~~~~~[m[K
[8.756s] [01m[K/home/weiwei/Desktop/project/ObsAvoidance/src/model/src/main.cpp:[m[K In member function ‘[01m[Kvoid ModelNode::Model()[m[K’:
[8.756s] [01m[K/home/weiwei/Desktop/project/ObsAvoidance/src/model/src/main.cpp:768:46:[m[K [01;35m[Kwarning: [m[Kcomparison of integer expressions of different signedness: ‘[01m[Kstd::size_t[m[K’ {aka ‘[01m[Klong unsigned int[m[K’} and ‘[01m[Kint[m[K’ [[01;35m[K-Wsign-compare[m[K]
[8.756s]   768 |         if ([01;35m[KpointCloudInCamFrame_blue.size() > minNumBlueKeyPoint[m[K) {
[8.756s]       |             [01;35m[K~~~~~~~~~~~~~~~~~~~~~~~~~~~~~~~~~^~~~~~~~~~~~~~~~~~~~[m[K
[8.756s] [01m[K/home/weiwei/Desktop/project/ObsAvoidance/src/model/src/main.cpp:775:46:[m[K [01;35m[Kwarning: [m[Kcomparison of integer expressions of different signedness: ‘[01m[Kstd::size_t[m[K’ {aka ‘[01m[Klong unsigned int[m[K’} and ‘[01m[Kint[m[K’ [[01;35m[K-Wsign-compare[m[K]
[8.756s]   775 |         if([01;35m[KpointCloudInCamFrame_green.size() > minNumGreenKeyPoint[m[K){
[8.757s]       |            [01;35m[K~~~~~~~~~~~~~~~~~~~~~~~~~~~~~~~~~~^~~~~~~~~~~~~~~~~~~~~[m[K
[8.757s] [01m[K/home/weiwei/Desktop/project/ObsAvoidance/src/model/src/main.cpp:781:45:[m[K [01;35m[Kwarning: [m[Kcomparison of integer expressions of different signedness: ‘[01m[Kstd::size_t[m[K’ {aka ‘[01m[Klong unsigned int[m[K’} and ‘[01m[Kint[m[K’ [[01;35m[K-Wsign-compare[m[K]
[8.757s]   781 |         if ([01;35m[KpointCloudInCamFrame_red.size() > minNumRedKeyPoint[m[K){
[8.757s]       |             [01;35m[K~~~~~~~~~~~~~~~~~~~~~~~~~~~~~~~~^~~~~~~~~~~~~~~~~~~[m[K
[19.744s] [100%] [32m[1mLinking CXX executable model[0m
[21.418s] [100%] Built target model
[21.426s] Invoked command in '/home/weiwei/Desktop/project/ObsAvoidance/build/model' returned '0': CMAKE_PREFIX_PATH=/home/weiwei/Desktop/project/ObsAvoidance/install/interface:/home/weiwei/Desktop/project/ObsAvoidance/install/orbslam:/home/weiwei/Desktop/project/ObsAvoidance/install/model:/home/weiwei/Desktop/project/ObsAvoidance/install/media:/opt/ros/foxy /usr/bin/cmake --build /home/weiwei/Desktop/project/ObsAvoidance/build/model -- -j16 -l16
[21.448s] Invoking command in '/home/weiwei/Desktop/project/ObsAvoidance/build/model': CMAKE_PREFIX_PATH=/home/weiwei/Desktop/project/ObsAvoidance/install/interface:/home/weiwei/Desktop/project/ObsAvoidance/install/orbslam:/home/weiwei/Desktop/project/ObsAvoidance/install/model:/home/weiwei/Desktop/project/ObsAvoidance/install/media:/opt/ros/foxy /usr/bin/cmake --install /home/weiwei/Desktop/project/ObsAvoidance/build/model
[21.459s] -- Install configuration: ""
[21.459s] -- Installing: /home/weiwei/Desktop/project/ObsAvoidance/install/model/lib/model/model
[21.467s] -- Set runtime path of "/home/weiwei/Desktop/project/ObsAvoidance/install/model/lib/model/model" to ""
[21.467s] -- Installing: /home/weiwei/Desktop/project/ObsAvoidance/install/model/share/ament_index/resource_index/package_run_dependencies/model
[21.467s] -- Installing: /home/weiwei/Desktop/project/ObsAvoidance/install/model/share/ament_index/resource_index/parent_prefix_path/model
[21.467s] -- Installing: /home/weiwei/Desktop/project/ObsAvoidance/install/model/share/model/environment/ament_prefix_path.sh
[21.467s] -- Installing: /home/weiwei/Desktop/project/ObsAvoidance/install/model/share/model/environment/ament_prefix_path.dsv
[21.467s] -- Installing: /home/weiwei/Desktop/project/ObsAvoidance/install/model/share/model/environment/path.sh
[21.467s] -- Installing: /home/weiwei/Desktop/project/ObsAvoidance/install/model/share/model/environment/path.dsv
[21.467s] -- Installing: /home/weiwei/Desktop/project/ObsAvoidance/install/model/share/model/local_setup.bash
[21.467s] -- Installing: /home/weiwei/Desktop/project/ObsAvoidance/install/model/share/model/local_setup.sh
[21.467s] -- Installing: /home/weiwei/Desktop/project/ObsAvoidance/install/model/share/model/local_setup.zsh
[21.467s] -- Installing: /home/weiwei/Desktop/project/ObsAvoidance/install/model/share/model/local_setup.dsv
[21.467s] -- Installing: /home/weiwei/Desktop/project/ObsAvoidance/install/model/share/model/package.dsv
[21.467s] -- Installing: /home/weiwei/Desktop/project/ObsAvoidance/install/model/share/ament_index/resource_index/packages/model
[21.468s] -- Installing: /home/weiwei/Desktop/project/ObsAvoidance/install/model/share/model/cmake/modelConfig.cmake
[21.468s] -- Installing: /home/weiwei/Desktop/project/ObsAvoidance/install/model/share/model/cmake/modelConfig-version.cmake
[21.468s] -- Installing: /home/weiwei/Desktop/project/ObsAvoidance/install/model/share/model/package.xml
[21.469s] Invoked command in '/home/weiwei/Desktop/project/ObsAvoidance/build/model' returned '0': CMAKE_PREFIX_PATH=/home/weiwei/Desktop/project/ObsAvoidance/install/interface:/home/weiwei/Desktop/project/ObsAvoidance/install/orbslam:/home/weiwei/Desktop/project/ObsAvoidance/install/model:/home/weiwei/Desktop/project/ObsAvoidance/install/media:/opt/ros/foxy /usr/bin/cmake --install /home/weiwei/Desktop/project/ObsAvoidance/build/model
