[0.110s] Invoking command in '/home/weiwei/Desktop/project/ObsAvoidance/build/path_planner': CMAKE_PREFIX_PATH=/home/weiwei/Desktop/project/ObsAvoidance/install/interface:/home/weiwei/Desktop/project/ObsAvoidance/install/path_planner:/home/weiwei/Desktop/project/ObsAvoidance/install/orbslam:/home/weiwei/Desktop/project/ObsAvoidance/install/model:/home/weiwei/Desktop/project/ObsAvoidance/install/media:/opt/ros/foxy /usr/bin/cmake --build /home/weiwei/Desktop/project/ObsAvoidance/build/path_planner -- -j16 -l16
[0.136s] -- Found ament_cmake: 0.9.12 (/opt/ros/foxy/share/ament_cmake/cmake)
[0.153s] -- Using PYTHON_EXECUTABLE: /usr/bin/python3
[0.282s] -- Found rclcpp: 2.4.3 (/opt/ros/foxy/share/rclcpp/cmake)
[0.306s] -- Using all available rosidl_typesupport_c: rosidl_typesupport_fastrtps_c;rosidl_typesupport_introspection_c
[0.308s] -- Found rosidl_adapter: 1.3.1 (/opt/ros/foxy/share/rosidl_adapter/cmake)
[0.399s] -- Using all available rosidl_typesupport_cpp: rosidl_typesupport_fastrtps_cpp;rosidl_typesupport_introspection_cpp
[0.431s] -- Found rmw_implementation_cmake: 1.0.4 (/opt/ros/foxy/share/rmw_implementation_cmake/cmake)
[0.432s] -- Using RMW implementation 'rmw_fastrtps_cpp' as default
[0.527s] -- Found interface: 0.0.0 (/home/weiwei/Desktop/project/ObsAvoidance/install/interface/share/interface/cmake)
[0.688s] -- Found cv_bridge: 3.0.7 (/opt/ros/foxy/share/cv_bridge/cmake)
[0.704s] -- Found pcl_conversions: 2.2.1 (/opt/ros/foxy/share/pcl_conversions/cmake)
[0.817s] -- Found octomap_msgs: 2.0.0 (/opt/ros/foxy/share/octomap_msgs/cmake)
[0.870s] -- Eigen found (include: /usr/include/eigen3, version: 3.3.7)
[0.929s] -- The imported target "vtkParseOGLExt" references the file
[0.929s]    "/usr/bin/vtkParseOGLExt-7.1"
[0.929s] but this file does not exist.  Possible reasons include:
[0.929s] * The file was deleted, renamed, or moved to another location.
[0.929s] * An install or uninstall procedure did not complete successfully.
[0.929s] * The installation package was faulty and contained
[0.929s]    "/usr/lib/cmake/vtk-7.1/VTKTargets.cmake"
[0.929s] but not all the files it references.
[0.929s] 
[0.929s] -- The imported target "vtkRenderingPythonTkWidgets" references the file
[0.930s]    "/usr/lib/x86_64-linux-gnu/libvtkRenderingPythonTkWidgets.so"
[0.930s] but this file does not exist.  Possible reasons include:
[0.930s] * The file was deleted, renamed, or moved to another location.
[0.930s] * An install or uninstall procedure did not complete successfully.
[0.930s] * The installation package was faulty and contained
[0.930s]    "/usr/lib/cmake/vtk-7.1/VTKTargets.cmake"
[0.930s] but not all the files it references.
[0.930s] 
[0.930s] -- The imported target "vtk" references the file
[0.930s]    "/usr/bin/vtk"
[0.930s] but this file does not exist.  Possible reasons include:
[0.930s] * The file was deleted, renamed, or moved to another location.
[0.930s] * An install or uninstall procedure did not complete successfully.
[0.930s] * The installation package was faulty and contained
[0.930s]    "/usr/lib/cmake/vtk-7.1/VTKTargets.cmake"
[0.930s] but not all the files it references.
[0.930s] 
[0.930s] -- The imported target "pvtk" references the file
[0.930s]    "/usr/bin/pvtk"
[0.930s] but this file does not exist.  Possible reasons include:
[0.930s] * The file was deleted, renamed, or moved to another location.
[0.930s] * An install or uninstall procedure did not complete successfully.
[0.930s] * The installation package was faulty and contained
[0.930s]    "/usr/lib/cmake/vtk-7.1/VTKTargets.cmake"
[0.931s] but not all the files it references.
[0.931s] 
[0.944s] -- OpenNI found (include: /usr/include/ni, lib: /usr/lib/libOpenNI.so)
[0.948s] -- OpenNI2 found (include: /usr/include/openni2, lib: /usr/lib/libOpenNI2.so)
[0.948s] ** WARNING ** io features related to pcap will be disabled
[0.948s] ** WARNING ** io features related to png will be disabled
[0.957s] ** WARNING ** io features related to libusb-1.0 will be disabled
[0.961s] -- OpenNI found (include: /usr/include/ni, lib: /usr/lib/libOpenNI.so)
[0.965s] -- OpenNI2 found (include: /usr/include/openni2, lib: /usr/lib/libOpenNI2.so)
[0.974s] -- QHULL found (include: /usr/include, lib: optimized;/usr/lib/x86_64-linux-gnu/libqhull.so;debug;/usr/lib/x86_64-linux-gnu/libqhull.so)
[0.978s] -- OpenNI found (include: /usr/include/ni, lib: /usr/lib/libOpenNI.so)
[0.986s] -- looking for PCL_COMMON
[0.986s] -- looking for PCL_KDTREE
[0.986s] -- looking for PCL_OCTREE
[0.987s] -- looking for PCL_SEARCH
[0.987s] -- looking for PCL_SAMPLE_CONSENSUS
[0.987s] -- looking for PCL_FILTERS
[0.988s] -- looking for PCL_2D
[0.988s] -- looking for PCL_GEOMETRY
[0.988s] -- looking for PCL_IO
[0.989s] -- looking for PCL_FEATURES
[0.989s] -- looking for PCL_ML
[0.990s] -- looking for PCL_SEGMENTATION
[0.990s] -- looking for PCL_VISUALIZATION
[0.991s] -- looking for PCL_SURFACE
[0.991s] -- looking for PCL_REGISTRATION
[0.992s] -- looking for PCL_KEYPOINTS
[0.992s] -- looking for PCL_TRACKING
[0.992s] -- looking for PCL_RECOGNITION
[0.993s] -- looking for PCL_STEREO
[0.993s] -- looking for PCL_APPS
[0.994s] -- looking for PCL_IN_HAND_SCANNER
[0.994s] -- looking for PCL_POINT_CLOUD_EDITOR
[0.994s] -- looking for PCL_OUTOFCORE
[0.995s] -- looking for PCL_PEOPLE
[1.078s] -- Found AMD headers in: /usr/include/suitesparse
[1.078s] -- Found AMD library: /usr/lib/x86_64-linux-gnu/libamd.so
[1.078s] -- Found CAMD headers in: /usr/include/suitesparse
[1.078s] -- Found CAMD library: /usr/lib/x86_64-linux-gnu/libcamd.so
[1.078s] -- Found CCOLAMD headers in: /usr/include/suitesparse
[1.078s] -- Found CCOLAMD library: /usr/lib/x86_64-linux-gnu/libccolamd.so
[1.078s] -- Found CHOLMOD headers in: /usr/include/suitesparse
[1.078s] -- Found CHOLMOD library: /usr/lib/x86_64-linux-gnu/libcholmod.so
[1.078s] -- Found COLAMD headers in: /usr/include/suitesparse
[1.079s] -- Found COLAMD library: /usr/lib/x86_64-linux-gnu/libcolamd.so
[1.079s] -- Found SPQR headers in: /usr/include/suitesparse
[1.079s] -- Found SPQR library: /usr/lib/x86_64-linux-gnu/libspqr.so
[1.079s] -- Found Config headers in: /usr/include/suitesparse
[1.079s] -- Found Config library: /usr/lib/x86_64-linux-gnu/libsuitesparseconfig.so
[1.080s] -- Found Intel Thread Building Blocks (TBB) library (2020.1 / 11101) include location: . Assuming SuiteSparseQR was compiled with TBB.
[1.080s] -- Adding librt to SuiteSparse_config libraries (required on Linux & Unix [not OSX] if SuiteSparse is compiled with timing).
[1.084s] -- Could NOT find METIS (missing: METIS_INCLUDE_DIR METIS_LIBRARY) 
[1.086s] -- Found required Ceres dependency: Eigen version 3.3.9 in /usr/local/share/eigen3/cmake
[1.087s] -- Found required Ceres dependency: glog
[1.088s] -- Found required Ceres dependency: gflags
[1.089s] -- Found Ceres version: 2.2.0 installed in: /usr/local with components: [EigenSparse, SparseLinearAlgebraLibrary, LAPACK, SuiteSparse, SchurSpecializations]
[1.089s] -- Found ament_lint_auto: 0.9.8 (/opt/ros/foxy/share/ament_lint_auto/cmake)
[1.178s] -- Added test 'copyright' to check source files copyright and LICENSE
[1.179s] -- Added test 'cppcheck' to perform static code analysis on C / C++ code
[1.180s] -- Configured cppcheck include dirs: 
[1.180s] -- Configured cppcheck exclude dirs and/or files: 
[1.180s] -- Added test 'cpplint' to check C / C++ code against the Google style
[1.180s] -- Configured cpplint exclude dirs and/or files: 
[1.180s] -- Added test 'lint_cmake' to check CMake code style
[1.181s] -- Added test 'uncrustify' to check C / C++ code style
[1.181s] -- Configured uncrustify additional arguments: 
[1.181s] -- Added test 'xmllint' to check XML markup files
[1.182s] -- Configuring done
[1.205s] -- Generating done
[1.207s] -- Build files have been written to: /home/weiwei/Desktop/project/ObsAvoidance/build/path_planner
[1.233s] [35m[1mScanning dependencies of target path_planner[0m
[1.266s] [ 66%] [32mBuilding CXX object CMakeFiles/path_planner.dir/src/planner.cpp.o[0m
[1.266s] [ 66%] [32mBuilding CXX object CMakeFiles/path_planner.dir/src/main.cpp.o[0m
[3.175s] [01m[K/home/weiwei/Desktop/project/ObsAvoidance/src/path_planner/src/main.cpp:[m[K In function ‘[01m[Kint main(int, char**)[m[K’:
[3.175s] [01m[K/home/weiwei/Desktop/project/ObsAvoidance/src/path_planner/src/main.cpp:3:14:[m[K [01;35m[Kwarning: [m[Kunused parameter ‘[01m[Kargc[m[K’ [[01;35m[K-Wunused-parameter[m[K]
[3.175s]     3 | int main([01;35m[Kint argc[m[K, char** argv)
[3.175s]       |          [01;35m[K~~~~^~~~[m[K
[3.176s] [01m[K/home/weiwei/Desktop/project/ObsAvoidance/src/path_planner/src/main.cpp:3:27:[m[K [01;35m[Kwarning: [m[Kunused parameter ‘[01m[Kargv[m[K’ [[01;35m[K-Wunused-parameter[m[K]
[3.176s]     3 | int main(int argc, [01;35m[Kchar** argv[m[K)
[3.176s]       |                    [01;35m[K~~~~~~~^~~~[m[K
[4.366s] [100%] [32m[1mLinking CXX executable path_planner[0m
[4.669s] [100%] Built target path_planner
[4.676s] Invoked command in '/home/weiwei/Desktop/project/ObsAvoidance/build/path_planner' returned '0': CMAKE_PREFIX_PATH=/home/weiwei/Desktop/project/ObsAvoidance/install/interface:/home/weiwei/Desktop/project/ObsAvoidance/install/path_planner:/home/weiwei/Desktop/project/ObsAvoidance/install/orbslam:/home/weiwei/Desktop/project/ObsAvoidance/install/model:/home/weiwei/Desktop/project/ObsAvoidance/install/media:/opt/ros/foxy /usr/bin/cmake --build /home/weiwei/Desktop/project/ObsAvoidance/build/path_planner -- -j16 -l16
[4.700s] Invoking command in '/home/weiwei/Desktop/project/ObsAvoidance/build/path_planner': CMAKE_PREFIX_PATH=/home/weiwei/Desktop/project/ObsAvoidance/install/interface:/home/weiwei/Desktop/project/ObsAvoidance/install/path_planner:/home/weiwei/Desktop/project/ObsAvoidance/install/orbslam:/home/weiwei/Desktop/project/ObsAvoidance/install/model:/home/weiwei/Desktop/project/ObsAvoidance/install/media:/opt/ros/foxy /usr/bin/cmake --install /home/weiwei/Desktop/project/ObsAvoidance/build/path_planner
[4.704s] -- Install configuration: ""
[4.704s] -- Installing: /home/weiwei/Desktop/project/ObsAvoidance/install/path_planner/lib/path_planner/path_planner
[4.705s] -- Set runtime path of "/home/weiwei/Desktop/project/ObsAvoidance/install/path_planner/lib/path_planner/path_planner" to ""
[4.705s] -- Up-to-date: /home/weiwei/Desktop/project/ObsAvoidance/install/path_planner/share/ament_index/resource_index/package_run_dependencies/path_planner
[4.705s] -- Installing: /home/weiwei/Desktop/project/ObsAvoidance/install/path_planner/share/ament_index/resource_index/parent_prefix_path/path_planner
[4.705s] -- Up-to-date: /home/weiwei/Desktop/project/ObsAvoidance/install/path_planner/share/path_planner/environment/ament_prefix_path.sh
[4.705s] -- Installing: /home/weiwei/Desktop/project/ObsAvoidance/install/path_planner/share/path_planner/environment/ament_prefix_path.dsv
[4.705s] -- Up-to-date: /home/weiwei/Desktop/project/ObsAvoidance/install/path_planner/share/path_planner/environment/path.sh
[4.705s] -- Installing: /home/weiwei/Desktop/project/ObsAvoidance/install/path_planner/share/path_planner/environment/path.dsv
[4.705s] -- Up-to-date: /home/weiwei/Desktop/project/ObsAvoidance/install/path_planner/share/path_planner/local_setup.bash
[4.705s] -- Up-to-date: /home/weiwei/Desktop/project/ObsAvoidance/install/path_planner/share/path_planner/local_setup.sh
[4.705s] -- Up-to-date: /home/weiwei/Desktop/project/ObsAvoidance/install/path_planner/share/path_planner/local_setup.zsh
[4.705s] -- Installing: /home/weiwei/Desktop/project/ObsAvoidance/install/path_planner/share/path_planner/local_setup.dsv
[4.705s] -- Installing: /home/weiwei/Desktop/project/ObsAvoidance/install/path_planner/share/path_planner/package.dsv
[4.706s] -- Up-to-date: /home/weiwei/Desktop/project/ObsAvoidance/install/path_planner/share/ament_index/resource_index/packages/path_planner
[4.706s] -- Up-to-date: /home/weiwei/Desktop/project/ObsAvoidance/install/path_planner/share/path_planner/cmake/path_plannerConfig.cmake
[4.706s] -- Up-to-date: /home/weiwei/Desktop/project/ObsAvoidance/install/path_planner/share/path_planner/cmake/path_plannerConfig-version.cmake
[4.706s] -- Up-to-date: /home/weiwei/Desktop/project/ObsAvoidance/install/path_planner/share/path_planner/package.xml
[4.707s] Invoked command in '/home/weiwei/Desktop/project/ObsAvoidance/build/path_planner' returned '0': CMAKE_PREFIX_PATH=/home/weiwei/Desktop/project/ObsAvoidance/install/interface:/home/weiwei/Desktop/project/ObsAvoidance/install/path_planner:/home/weiwei/Desktop/project/ObsAvoidance/install/orbslam:/home/weiwei/Desktop/project/ObsAvoidance/install/model:/home/weiwei/Desktop/project/ObsAvoidance/install/media:/opt/ros/foxy /usr/bin/cmake --install /home/weiwei/Desktop/project/ObsAvoidance/build/path_planner
