[0.129s] Invoking command in '/home/weiwei/Desktop/project/ObsAvoidance/build/model': CMAKE_PREFIX_PATH=/home/weiwei/Desktop/project/ObsAvoidance/install/interface:/home/weiwei/Desktop/project/ObsAvoidance/install/orbslam:/home/weiwei/Desktop/project/ObsAvoidance/install/model:/home/weiwei/Desktop/project/ObsAvoidance/install/media:/opt/ros/foxy /usr/bin/cmake --build /home/weiwei/Desktop/project/ObsAvoidance/build/model -- -j16 -l16
[0.158s] -- Found ament_cmake: 0.9.12 (/opt/ros/foxy/share/ament_cmake/cmake)
[0.176s] -- Using PYTHON_EXECUTABLE: /usr/bin/python3
[0.298s] -- Found rclcpp: 2.4.3 (/opt/ros/foxy/share/rclcpp/cmake)
[0.328s] -- Using all available rosidl_typesupport_c: rosidl_typesupport_fastrtps_c;rosidl_typesupport_introspection_c
[0.331s] -- Found rosidl_adapter: 1.3.1 (/opt/ros/foxy/share/rosidl_adapter/cmake)
[0.424s] -- Using all available rosidl_typesupport_cpp: rosidl_typesupport_fastrtps_cpp;rosidl_typesupport_introspection_cpp
[0.464s] -- Found rmw_implementation_cmake: 1.0.4 (/opt/ros/foxy/share/rmw_implementation_cmake/cmake)
[0.465s] -- Using RMW implementation 'rmw_fastrtps_cpp' as default
[0.585s] -- Found interface: 0.0.0 (/home/weiwei/Desktop/project/ObsAvoidance/install/interface/share/interface/cmake)
[0.745s] -- Found cv_bridge: 3.0.7 (/opt/ros/foxy/share/cv_bridge/cmake)
[0.763s] -- Found pcl_conversions: 2.2.1 (/opt/ros/foxy/share/pcl_conversions/cmake)
[0.871s] -- Found octomap_msgs: 2.0.0 (/opt/ros/foxy/share/octomap_msgs/cmake)
[0.923s] -- Eigen found (include: /usr/include/eigen3, version: 3.3.7)
[0.983s] -- The imported target "vtkParseOGLExt" references the file
[0.983s]    "/usr/bin/vtkParseOGLExt-7.1"
[0.983s] but this file does not exist.  Possible reasons include:
[0.983s] * The file was deleted, renamed, or moved to another location.
[0.983s] * An install or uninstall procedure did not complete successfully.
[0.983s] * The installation package was faulty and contained
[0.983s]    "/usr/lib/cmake/vtk-7.1/VTKTargets.cmake"
[0.984s] but not all the files it references.
[0.984s] 
[0.984s] -- The imported target "vtkRenderingPythonTkWidgets" references the file
[0.984s]    "/usr/lib/x86_64-linux-gnu/libvtkRenderingPythonTkWidgets.so"
[0.984s] but this file does not exist.  Possible reasons include:
[0.984s] * The file was deleted, renamed, or moved to another location.
[0.984s] * An install or uninstall procedure did not complete successfully.
[0.984s] * The installation package was faulty and contained
[0.984s]    "/usr/lib/cmake/vtk-7.1/VTKTargets.cmake"
[0.984s] but not all the files it references.
[0.984s] 
[0.984s] -- The imported target "vtk" references the file
[0.984s]    "/usr/bin/vtk"
[0.984s] but this file does not exist.  Possible reasons include:
[0.984s] * The file was deleted, renamed, or moved to another location.
[0.985s] * An install or uninstall procedure did not complete successfully.
[0.985s] * The installation package was faulty and contained
[0.985s]    "/usr/lib/cmake/vtk-7.1/VTKTargets.cmake"
[0.985s] but not all the files it references.
[0.985s] 
[0.985s] -- The imported target "pvtk" references the file
[0.985s]    "/usr/bin/pvtk"
[0.985s] but this file does not exist.  Possible reasons include:
[0.985s] * The file was deleted, renamed, or moved to another location.
[0.985s] * An install or uninstall procedure did not complete successfully.
[0.985s] * The installation package was faulty and contained
[0.985s]    "/usr/lib/cmake/vtk-7.1/VTKTargets.cmake"
[0.985s] but not all the files it references.
[0.985s] 
[1.004s] -- OpenNI found (include: /usr/include/ni, lib: /usr/lib/libOpenNI.so)
[1.009s] -- OpenNI2 found (include: /usr/include/openni2, lib: /usr/lib/libOpenNI2.so)
[1.009s] ** WARNING ** io features related to pcap will be disabled
[1.009s] ** WARNING ** io features related to png will be disabled
[1.017s] ** WARNING ** io features related to libusb-1.0 will be disabled
[1.022s] -- OpenNI found (include: /usr/include/ni, lib: /usr/lib/libOpenNI.so)
[1.027s] -- OpenNI2 found (include: /usr/include/openni2, lib: /usr/lib/libOpenNI2.so)
[1.035s] -- QHULL found (include: /usr/include, lib: optimized;/usr/lib/x86_64-linux-gnu/libqhull.so;debug;/usr/lib/x86_64-linux-gnu/libqhull.so)
[1.040s] -- OpenNI found (include: /usr/include/ni, lib: /usr/lib/libOpenNI.so)
[1.048s] -- looking for PCL_COMMON
[1.048s] -- looking for PCL_KDTREE
[1.048s] -- looking for PCL_OCTREE
[1.049s] -- looking for PCL_SEARCH
[1.049s] -- looking for PCL_SAMPLE_CONSENSUS
[1.049s] -- looking for PCL_FILTERS
[1.050s] -- looking for PCL_2D
[1.050s] -- looking for PCL_GEOMETRY
[1.050s] -- looking for PCL_IO
[1.051s] -- looking for PCL_FEATURES
[1.051s] -- looking for PCL_ML
[1.051s] -- looking for PCL_SEGMENTATION
[1.052s] -- looking for PCL_VISUALIZATION
[1.052s] -- looking for PCL_SURFACE
[1.053s] -- looking for PCL_REGISTRATION
[1.053s] -- looking for PCL_KEYPOINTS
[1.054s] -- looking for PCL_TRACKING
[1.054s] -- looking for PCL_RECOGNITION
[1.054s] -- looking for PCL_STEREO
[1.055s] -- looking for PCL_APPS
[1.056s] -- looking for PCL_IN_HAND_SCANNER
[1.056s] -- looking for PCL_POINT_CLOUD_EDITOR
[1.056s] -- looking for PCL_OUTOFCORE
[1.056s] -- looking for PCL_PEOPLE
[1.136s] -- Found AMD headers in: /usr/include/suitesparse
[1.136s] -- Found AMD library: /usr/lib/x86_64-linux-gnu/libamd.so
[1.136s] -- Found CAMD headers in: /usr/include/suitesparse
[1.136s] -- Found CAMD library: /usr/lib/x86_64-linux-gnu/libcamd.so
[1.136s] -- Found CCOLAMD headers in: /usr/include/suitesparse
[1.136s] -- Found CCOLAMD library: /usr/lib/x86_64-linux-gnu/libccolamd.so
[1.136s] -- Found CHOLMOD headers in: /usr/include/suitesparse
[1.136s] -- Found CHOLMOD library: /usr/lib/x86_64-linux-gnu/libcholmod.so
[1.136s] -- Found COLAMD headers in: /usr/include/suitesparse
[1.136s] -- Found COLAMD library: /usr/lib/x86_64-linux-gnu/libcolamd.so
[1.137s] -- Found SPQR headers in: /usr/include/suitesparse
[1.137s] -- Found SPQR library: /usr/lib/x86_64-linux-gnu/libspqr.so
[1.137s] -- Found Config headers in: /usr/include/suitesparse
[1.137s] -- Found Config library: /usr/lib/x86_64-linux-gnu/libsuitesparseconfig.so
[1.138s] -- Found Intel Thread Building Blocks (TBB) library (2020.1 / 11101) include location: . Assuming SuiteSparseQR was compiled with TBB.
[1.138s] -- Adding librt to SuiteSparse_config libraries (required on Linux & Unix [not OSX] if SuiteSparse is compiled with timing).
[1.142s] -- Could NOT find METIS (missing: METIS_INCLUDE_DIR METIS_LIBRARY) 
[1.144s] -- Found required Ceres dependency: Eigen version 3.3.9 in /usr/local/share/eigen3/cmake
[1.146s] -- Found required Ceres dependency: glog
[1.147s] -- Found required Ceres dependency: gflags
[1.148s] -- Found Ceres version: 2.2.0 installed in: /usr/local with components: [EigenSparse, SparseLinearAlgebraLibrary, LAPACK, SuiteSparse, SchurSpecializations]
[1.148s] -- Found ament_lint_auto: 0.9.8 (/opt/ros/foxy/share/ament_lint_auto/cmake)
[1.234s] -- Added test 'copyright' to check source files copyright and LICENSE
[1.235s] -- Added test 'cppcheck' to perform static code analysis on C / C++ code
[1.235s] -- Configured cppcheck include dirs: 
[1.235s] -- Configured cppcheck exclude dirs and/or files: 
[1.235s] -- Added test 'cpplint' to check C / C++ code against the Google style
[1.236s] -- Configured cpplint exclude dirs and/or files: 
[1.236s] -- Added test 'lint_cmake' to check CMake code style
[1.237s] -- Added test 'uncrustify' to check C / C++ code style
[1.237s] -- Configured uncrustify additional arguments: 
[1.237s] -- Added test 'xmllint' to check XML markup files
[1.239s] -- Configuring done
[1.310s] -- Generating done
[1.312s] -- Build files have been written to: /home/weiwei/Desktop/project/ObsAvoidance/build/model
[1.341s] [35m[1mScanning dependencies of target model[0m
[1.398s] [ 66%] [32mBuilding CXX object CMakeFiles/model.dir/src/main.cpp.o[0m
[1.398s] [ 66%] [32mBuilding CXX object CMakeFiles/model.dir/src/model.cpp.o[0m
[6.653s] [01m[K/home/weiwei/Desktop/project/ObsAvoidance/src/model/src/model.cpp:[m[K In member function ‘[01m[Kbool ModelNode::selectCircle(cv::Vec3f&, std::vector<cv::Vec<float, 3> >, cv::Mat&)[m[K’:
[6.653s] [01m[K/home/weiwei/Desktop/project/ObsAvoidance/src/model/src/model.cpp:223:21:[m[K [01;35m[Kwarning: [m[Kcomparison of integer expressions of different signedness: ‘[01m[Kint[m[K’ and ‘[01m[Kstd::vector<cv::Vec<float, 3> >::size_type[m[K’ {aka ‘[01m[Klong unsigned int[m[K’} [[01;35m[K-Wsign-compare[m[K]
[6.653s]   223 |     for (int i = 0;[01;35m[Ki<temp_circles.size()[m[K;i++)
[6.653s]       |                    [01;35m[K~^~~~~~~~~~~~~~~~~~~~[m[K
[6.653s] [01m[K/home/weiwei/Desktop/project/ObsAvoidance/src/model/src/model.cpp:236:45:[m[K [01;35m[Kwarning: [m[Kcomparison of constant ‘[01m[K255[m[K’ with boolean expression is always false [[01;35m[K-Wbool-compare[m[K]
[6.653s]   236 |             if ([01;35m[Kmask.at<bool>(pointInCircle)==255[m[K||mask.at<bool>(pointOutCircle)!=255)
[6.653s]       |                 [01;35m[K~~~~~~~~~~~~~~~~~~~~~~~~~~~~^~~~~[m[K
[6.653s] [01m[K/home/weiwei/Desktop/project/ObsAvoidance/src/model/src/model.cpp:236:81:[m[K [01;35m[Kwarning: [m[Kcomparison of constant ‘[01m[K255[m[K’ with boolean expression is always true [[01;35m[K-Wbool-compare[m[K]
[6.654s]   236 |             if (mask.at<bool>(pointInCircle)==255||[01;35m[Kmask.at<bool>(pointOutCircle)!=255[m[K)
[6.654s]       |                                                    [01;35m[K~~~~~~~~~~~~~~~~~~~~~~~~~~~~~^~~~~[m[K
[6.656s] [01m[K/home/weiwei/Desktop/project/ObsAvoidance/src/model/src/model.cpp:[m[K In member function ‘[01m[Kbool ModelNode::selectLine(cv::Mat, std::vector<cv::Vec<int, 4> >, cv::Vec4i&, cv::Vec3f)[m[K’:
[6.657s] [01m[K/home/weiwei/Desktop/project/ObsAvoidance/src/model/src/model.cpp:270:19:[m[K [01;35m[Kwarning: [m[Kcomparison of integer expressions of different signedness: ‘[01m[Kint[m[K’ and ‘[01m[Kstd::vector<cv::Vec<int, 4> >::size_type[m[K’ {aka ‘[01m[Klong unsigned int[m[K’} [[01;35m[K-Wsign-compare[m[K]
[6.657s]   270 |     for (int i=0;[01;35m[Ki<tempLines.size()[m[K;i++)
[6.657s]       |                  [01;35m[K~^~~~~~~~~~~~~~~~~[m[K
[6.657s] [01m[K/home/weiwei/Desktop/project/ObsAvoidance/src/model/src/model.cpp:295:42:[m[K [01;35m[Kwarning: [m[Kcomparison of constant ‘[01m[K255[m[K’ with boolean expression is always false [[01;35m[K-Wbool-compare[m[K]
[6.658s]   295 |         if ([01;35m[Kimg_erode.at<bool>(endPoint1)==255[m[K || img_erode.at<bool>(endPoint2)==255 || img_erode.at<bool>(midPoint)==255)
[6.658s]       |             [01;35m[K~~~~~~~~~~~~~~~~~~~~~~~~~~~~~^~~~~[m[K
[6.658s] [01m[K/home/weiwei/Desktop/project/ObsAvoidance/src/model/src/model.cpp:295:80:[m[K [01;35m[Kwarning: [m[Kcomparison of constant ‘[01m[K255[m[K’ with boolean expression is always false [[01;35m[K-Wbool-compare[m[K]
[6.658s]   295 |         if (img_erode.at<bool>(endPoint1)==255 || [01;35m[Kimg_erode.at<bool>(endPoint2)==255[m[K || img_erode.at<bool>(midPoint)==255)
[6.658s]       |                                                   [01;35m[K~~~~~~~~~~~~~~~~~~~~~~~~~~~~~^~~~~[m[K
[6.658s] [01m[K/home/weiwei/Desktop/project/ObsAvoidance/src/model/src/model.cpp:295:117:[m[K [01;35m[Kwarning: [m[Kcomparison of constant ‘[01m[K255[m[K’ with boolean expression is always false [[01;35m[K-Wbool-compare[m[K]
[6.658s]   295 |         if (img_erode.at<bool>(endPoint1)==255 || img_erode.at<bool>(endPoint2)==255 || [01;35m[Kimg_erode.at<bool>(midPoint)==255[m[K)
[6.658s]       |                                                                                         [01;35m[K~~~~~~~~~~~~~~~~~~~~~~~~~~~~^~~~~[m[K
[6.658s] [01m[K/home/weiwei/Desktop/project/ObsAvoidance/src/model/src/model.cpp:299:44:[m[K [01;35m[Kwarning: [m[Kcomparison of constant ‘[01m[K255[m[K’ with boolean expression is always true [[01;35m[K-Wbool-compare[m[K]
[6.658s]   299 |         if ([01;35m[Kimg_erode.at<bool>(flag_point1)!=255[m[K || img_erode.at<bool>(flag_point2)!=255)
[6.658s]       |             [01;35m[K~~~~~~~~~~~~~~~~~~~~~~~~~~~~~~~^~~~~[m[K
[6.658s] [01m[K/home/weiwei/Desktop/project/ObsAvoidance/src/model/src/model.cpp:299:84:[m[K [01;35m[Kwarning: [m[Kcomparison of constant ‘[01m[K255[m[K’ with boolean expression is always true [[01;35m[K-Wbool-compare[m[K]
[6.658s]   299 |         if (img_erode.at<bool>(flag_point1)!=255 || [01;35m[Kimg_erode.at<bool>(flag_point2)!=255[m[K)
[6.658s]       |                                                     [01;35m[K~~~~~~~~~~~~~~~~~~~~~~~~~~~~~~~^~~~~[m[K
[6.737s] [01m[K/home/weiwei/Desktop/project/ObsAvoidance/src/model/src/model.cpp:[m[K In member function ‘[01m[Kvoid ModelNode::ransacModelParam()[m[K’:
[6.738s] [01m[K/home/weiwei/Desktop/project/ObsAvoidance/src/model/src/model.cpp:448:22:[m[K [01;35m[Kwarning: [m[Kcomparison of integer expressions of different signedness: ‘[01m[Kint[m[K’ and ‘[01m[Kstd::vector<Eigen::Matrix<double, 3, 1> >::size_type[m[K’ {aka ‘[01m[Klong unsigned int[m[K’} [[01;35m[K-Wsign-compare[m[K]
[6.738s]   448 |         for(int n=0;[01;35m[Kn<global_vecs_direction.size()[m[K;n++) {
[6.738s]       |                     [01;35m[K~^~~~~~~~~~~~~~~~~~~~~~~~~~~~~[m[K
[6.809s] [01m[K/home/weiwei/Desktop/project/ObsAvoidance/src/model/src/model.cpp:[m[K In member function ‘[01m[Kbool ModelNode::Model()[m[K’:
[6.809s] [01m[K/home/weiwei/Desktop/project/ObsAvoidance/src/model/src/model.cpp:643:20:[m[K [01;35m[Kwarning: [m[Kcomparison of integer expressions of different signedness: ‘[01m[Kint[m[K’ and ‘[01m[Kstd::vector<cv::Vec<float, 3> >::size_type[m[K’ {aka ‘[01m[Klong unsigned int[m[K’} [[01;35m[K-Wsign-compare[m[K]
[6.809s]   643 |     for (int i =0;[01;35m[Ki<temp_circles.size()[m[K;i++)
[6.809s]       |                   [01;35m[K~^~~~~~~~~~~~~~~~~~~~[m[K
[6.810s] [01m[K/home/weiwei/Desktop/project/ObsAvoidance/src/model/src/model.cpp:690:38:[m[K [01;35m[Kwarning: [m[Kcomparison of integer expressions of different signedness: ‘[01m[Kstd::vector<Eigen::Matrix<double, 3, 1> >::size_type[m[K’ {aka ‘[01m[Klong unsigned int[m[K’} and ‘[01m[Kint[m[K’ [[01;35m[K-Wsign-compare[m[K]
[6.810s]   690 |     if ([01;35m[Kglobal_centrePostions.size() < modelThresh[m[K)
[6.810s]       |         [01;35m[K~~~~~~~~~~~~~~~~~~~~~~~~~~~~~^~~~~~~~~~~~~[m[K
[6.810s] [01m[K/home/weiwei/Desktop/project/ObsAvoidance/src/model/src/model.cpp:696:19:[m[K [01;35m[Kwarning: [m[Kcomparison of integer expressions of different signedness: ‘[01m[Kint[m[K’ and ‘[01m[Kstd::vector<Eigen::Matrix<double, 3, 1> >::size_type[m[K’ {aka ‘[01m[Klong unsigned int[m[K’} [[01;35m[K-Wsign-compare[m[K]
[6.810s]   696 |     for (int i=0;[01;35m[Ki<global_centrePostions.size()[m[K;i++)
[6.810s]       |                  [01;35m[K~^~~~~~~~~~~~~~~~~~~~~~~~~~~~~[m[K
[6.820s] [01m[K/home/weiwei/Desktop/project/ObsAvoidance/src/model/src/model.cpp:[m[K In member function ‘[01m[Kbool ModelNode::detectPoseCorrect(Eigen::Vector4d&, cv::Mat, cv::Mat&)[m[K’:
[6.820s] [01m[K/home/weiwei/Desktop/project/ObsAvoidance/src/model/src/model.cpp:781:38:[m[K [01;35m[Kwarning: [m[Kcomparison of integer expressions of different signedness: ‘[01m[Kstd::vector<pcl::PointXYZ, Eigen::aligned_allocator<pcl::PointXYZ> >::size_type[m[K’ {aka ‘[01m[Klong unsigned int[m[K’} and ‘[01m[Kint[m[K’ [[01;35m[K-Wsign-compare[m[K]
[6.820s]   781 |     if ([01;35m[KfinalPointCloud.points.size()<mapPointNumThresh[m[K) {
[6.820s]       |         [01;35m[K~~~~~~~~~~~~~~~~~~~~~~~~~~~~~^~~~~~~~~~~~~~~~~~[m[K
[7.314s] In file included from [01m[K/usr/local/include/eigen3/Eigen/Core:366[m[K,
[7.314s]                  from [01m[K/usr/include/pcl-1.10/pcl/pcl_macros.h:75[m[K,
[7.314s]                  from [01m[K/usr/include/pcl-1.10/pcl/PCLPointField.h:10[m[K,
[7.314s]                  from [01m[K/usr/include/pcl-1.10/pcl/conversions.h:46[m[K,
[7.314s]                  from [01m[K/opt/ros/foxy/include/pcl_conversions/pcl_conversions.h:46[m[K,
[7.314s]                  from [01m[K/home/weiwei/Desktop/project/ObsAvoidance/src/model/src/model.hpp:4[m[K,
[7.314s]                  from [01m[K/home/weiwei/Desktop/project/ObsAvoidance/src/model/src/model.cpp:1[m[K:
[7.314s] /usr/local/include/eigen3/Eigen/src/Core/Dot.h: In instantiation of ‘[01m[Ktypename Eigen::ScalarBinaryOpTraits<typename Eigen::internal::traits<T>::Scalar, typename Eigen::internal::traits<OtherDerived>::Scalar>::ReturnType Eigen::MatrixBase<Derived>::dot(const Eigen::MatrixBase<OtherDerived>&) const [with OtherDerived = Eigen::Block<Eigen::Matrix<double, 4, 4>, -1, -1, false>; Derived = Eigen::Matrix<double, 3, 1>; typename Eigen::ScalarBinaryOpTraits<typename Eigen::internal::traits<T>::Scalar, typename Eigen::internal::traits<OtherDerived>::Scalar>::ReturnType = double][m[K’:
[7.314s] [01m[K/home/weiwei/Desktop/project/ObsAvoidance/src/model/src/model.cpp:807:84:[m[K   required from here
[7.314s] [01m[K/usr/local/include/eigen3/Eigen/src/Core/Dot.h:75:3:[m[K [01;31m[Kerror: [m[Kstatic assertion failed: YOU_TRIED_CALLING_A_VECTOR_METHOD_ON_A_MATRIX
[7.314s]    75 |   [01;31m[KEIGEN_STATIC_ASSERT_VECTOR_ONLY[m[K(OtherDerived)
[7.314s]       |   [01;31m[K^~~~~~~~~~~~~~~~~~~~~~~~~~~~~~~[m[K
[12.396s] make[2]: *** [CMakeFiles/model.dir/build.make:76：CMakeFiles/model.dir/src/model.cpp.o] 错误 1
[12.396s] make[1]: *** [CMakeFiles/Makefile2:105：CMakeFiles/model.dir/all] 错误 2
[12.396s] make: *** [Makefile:141：all] 错误 2
[12.397s] Invoked command in '/home/weiwei/Desktop/project/ObsAvoidance/build/model' returned '2': CMAKE_PREFIX_PATH=/home/weiwei/Desktop/project/ObsAvoidance/install/interface:/home/weiwei/Desktop/project/ObsAvoidance/install/orbslam:/home/weiwei/Desktop/project/ObsAvoidance/install/model:/home/weiwei/Desktop/project/ObsAvoidance/install/media:/opt/ros/foxy /usr/bin/cmake --build /home/weiwei/Desktop/project/ObsAvoidance/build/model -- -j16 -l16
