[0.245s] Invoking command in '/home/weiwei/Desktop/project/ObsAvoidance/build/model': AMENT_PREFIX_PATH=/home/weiwei/Desktop/project/ObsAvoidance/install/interface:${AMENT_PREFIX_PATH} CMAKE_PREFIX_PATH=/home/weiwei/Desktop/project/ObsAvoidance/install/interface:/opt/ros/foxy LD_LIBRARY_PATH=/home/weiwei/Desktop/project/ObsAvoidance/install/interface/lib:${LD_LIBRARY_PATH} PYTHONPATH=/home/weiwei/Desktop/project/ObsAvoidance/install/interface/lib/python3.8/site-packages:${PYTHONPATH} /usr/bin/cmake --build /home/weiwei/Desktop/project/ObsAvoidance/build/model -- -j16 -l16
[0.304s] [ 33%] [32mBuilding CXX object CMakeFiles/model.dir/src/model.cpp.o[0m
[6.550s] [01m[K/home/weiwei/Desktop/project/ObsAvoidance/src/model/src/model.cpp:[m[K In member function ‘[01m[Kbool ModelNode::selectCircle(cv::Vec3f&, std::vector<cv::Vec<float, 3> >, cv::Mat&)[m[K’:
[6.550s] [01m[K/home/weiwei/Desktop/project/ObsAvoidance/src/model/src/model.cpp:352:21:[m[K [01;35m[Kwarning: [m[Kcomparison of integer expressions of different signedness: ‘[01m[Kint[m[K’ and ‘[01m[Kstd::vector<cv::Vec<float, 3> >::size_type[m[K’ {aka ‘[01m[Klong unsigned int[m[K’} [[01;35m[K-Wsign-compare[m[K]
[6.550s]   352 |     for (int i = 0;[01;35m[Ki<temp_circles.size()[m[K;i++)
[6.551s]       |                    [01;35m[K~^~~~~~~~~~~~~~~~~~~~[m[K
[6.551s] [01m[K/home/weiwei/Desktop/project/ObsAvoidance/src/model/src/model.cpp:365:45:[m[K [01;35m[Kwarning: [m[Kcomparison of constant ‘[01m[K255[m[K’ with boolean expression is always false [[01;35m[K-Wbool-compare[m[K]
[6.551s]   365 |             if ([01;35m[Kmask.at<bool>(pointInCircle)==255[m[K||mask.at<bool>(pointOutCircle)!=255)
[6.551s]       |                 [01;35m[K~~~~~~~~~~~~~~~~~~~~~~~~~~~~^~~~~[m[K
[6.551s] [01m[K/home/weiwei/Desktop/project/ObsAvoidance/src/model/src/model.cpp:365:81:[m[K [01;35m[Kwarning: [m[Kcomparison of constant ‘[01m[K255[m[K’ with boolean expression is always true [[01;35m[K-Wbool-compare[m[K]
[6.551s]   365 |             if (mask.at<bool>(pointInCircle)==255||[01;35m[Kmask.at<bool>(pointOutCircle)!=255[m[K)
[6.551s]       |                                                    [01;35m[K~~~~~~~~~~~~~~~~~~~~~~~~~~~~~^~~~~[m[K
[6.554s] [01m[K/home/weiwei/Desktop/project/ObsAvoidance/src/model/src/model.cpp:[m[K In member function ‘[01m[Kbool ModelNode::selectLine(cv::Mat, std::vector<cv::Vec<int, 4> >, cv::Vec4i&, cv::Vec3f)[m[K’:
[6.554s] [01m[K/home/weiwei/Desktop/project/ObsAvoidance/src/model/src/model.cpp:399:19:[m[K [01;35m[Kwarning: [m[Kcomparison of integer expressions of different signedness: ‘[01m[Kint[m[K’ and ‘[01m[Kstd::vector<cv::Vec<int, 4> >::size_type[m[K’ {aka ‘[01m[Klong unsigned int[m[K’} [[01;35m[K-Wsign-compare[m[K]
[6.554s]   399 |     for (int i=0;[01;35m[Ki<tempLines.size()[m[K;i++)
[6.554s]       |                  [01;35m[K~^~~~~~~~~~~~~~~~~[m[K
[6.555s] [01m[K/home/weiwei/Desktop/project/ObsAvoidance/src/model/src/model.cpp:423:42:[m[K [01;35m[Kwarning: [m[Kcomparison of constant ‘[01m[K255[m[K’ with boolean expression is always false [[01;35m[K-Wbool-compare[m[K]
[6.555s]   423 |         if ([01;35m[Kimg_erode.at<bool>(endPoint1)==255[m[K || img_erode.at<bool>(endPoint2)==255 || img_erode.at<bool>(midPoint)==255)
[6.555s]       |             [01;35m[K~~~~~~~~~~~~~~~~~~~~~~~~~~~~~^~~~~[m[K
[6.555s] [01m[K/home/weiwei/Desktop/project/ObsAvoidance/src/model/src/model.cpp:423:80:[m[K [01;35m[Kwarning: [m[Kcomparison of constant ‘[01m[K255[m[K’ with boolean expression is always false [[01;35m[K-Wbool-compare[m[K]
[6.555s]   423 |         if (img_erode.at<bool>(endPoint1)==255 || [01;35m[Kimg_erode.at<bool>(endPoint2)==255[m[K || img_erode.at<bool>(midPoint)==255)
[6.555s]       |                                                   [01;35m[K~~~~~~~~~~~~~~~~~~~~~~~~~~~~~^~~~~[m[K
[6.555s] [01m[K/home/weiwei/Desktop/project/ObsAvoidance/src/model/src/model.cpp:423:117:[m[K [01;35m[Kwarning: [m[Kcomparison of constant ‘[01m[K255[m[K’ with boolean expression is always false [[01;35m[K-Wbool-compare[m[K]
[6.556s]   423 |         if (img_erode.at<bool>(endPoint1)==255 || img_erode.at<bool>(endPoint2)==255 || [01;35m[Kimg_erode.at<bool>(midPoint)==255[m[K)
[6.556s]       |                                                                                         [01;35m[K~~~~~~~~~~~~~~~~~~~~~~~~~~~~^~~~~[m[K
[6.556s] [01m[K/home/weiwei/Desktop/project/ObsAvoidance/src/model/src/model.cpp:427:44:[m[K [01;35m[Kwarning: [m[Kcomparison of constant ‘[01m[K255[m[K’ with boolean expression is always true [[01;35m[K-Wbool-compare[m[K]
[6.556s]   427 |         if ([01;35m[Kimg_erode.at<bool>(flag_point1)!=255[m[K || img_erode.at<bool>(flag_point2)!=255)
[6.556s]       |             [01;35m[K~~~~~~~~~~~~~~~~~~~~~~~~~~~~~~~^~~~~[m[K
[6.556s] [01m[K/home/weiwei/Desktop/project/ObsAvoidance/src/model/src/model.cpp:427:84:[m[K [01;35m[Kwarning: [m[Kcomparison of constant ‘[01m[K255[m[K’ with boolean expression is always true [[01;35m[K-Wbool-compare[m[K]
[6.556s]   427 |         if (img_erode.at<bool>(flag_point1)!=255 || [01;35m[Kimg_erode.at<bool>(flag_point2)!=255[m[K)
[6.556s]       |                                                     [01;35m[K~~~~~~~~~~~~~~~~~~~~~~~~~~~~~~~^~~~~[m[K
[6.654s] [01m[K/home/weiwei/Desktop/project/ObsAvoidance/src/model/src/model.cpp:[m[K In member function ‘[01m[Kvoid ModelNode::ransacModelParam()[m[K’:
[6.654s] [01m[K/home/weiwei/Desktop/project/ObsAvoidance/src/model/src/model.cpp:574:22:[m[K [01;35m[Kwarning: [m[Kcomparison of integer expressions of different signedness: ‘[01m[Kint[m[K’ and ‘[01m[Kstd::vector<Eigen::Matrix<double, 3, 1> >::size_type[m[K’ {aka ‘[01m[Klong unsigned int[m[K’} [[01;35m[K-Wsign-compare[m[K]
[6.654s]   574 |         for(int n=0;[01;35m[Kn<global_vecs_direction.size()[m[K;n++) {
[6.654s]       |                     [01;35m[K~^~~~~~~~~~~~~~~~~~~~~~~~~~~~~[m[K
[6.756s] [01m[K/home/weiwei/Desktop/project/ObsAvoidance/src/model/src/model.cpp:[m[K In member function ‘[01m[Kbool ModelNode::Model()[m[K’:
[6.756s] [01m[K/home/weiwei/Desktop/project/ObsAvoidance/src/model/src/model.cpp:849:38:[m[K [01;35m[Kwarning: [m[Kcomparison of integer expressions of different signedness: ‘[01m[Kstd::vector<Eigen::Matrix<double, 3, 1> >::size_type[m[K’ {aka ‘[01m[Klong unsigned int[m[K’} and ‘[01m[Kint[m[K’ [[01;35m[K-Wsign-compare[m[K]
[6.756s]   849 |     if ([01;35m[Kglobal_centrePostions.size() < modelThresh[m[K)
[6.756s]       |         [01;35m[K~~~~~~~~~~~~~~~~~~~~~~~~~~~~~^~~~~~~~~~~~~[m[K
[6.776s] [01m[K/home/weiwei/Desktop/project/ObsAvoidance/src/model/src/model.cpp:[m[K In member function ‘[01m[Kbool ModelNode::detectPoseCorrect(Eigen::Vector4d&, cv::Mat, cv::Mat&)[m[K’:
[6.776s] [01m[K/home/weiwei/Desktop/project/ObsAvoidance/src/model/src/model.cpp:1050:38:[m[K [01;35m[Kwarning: [m[Kcomparison of integer expressions of different signedness: ‘[01m[Kstd::vector<pcl::PointXYZ, Eigen::aligned_allocator<pcl::PointXYZ> >::size_type[m[K’ {aka ‘[01m[Klong unsigned int[m[K’} and ‘[01m[Kint[m[K’ [[01;35m[K-Wsign-compare[m[K]
[6.776s]  1050 |     if ([01;35m[KfinalPointCloud.points.size()<mapPointNumThresh[m[K) {
[6.776s]       |         [01;35m[K~~~~~~~~~~~~~~~~~~~~~~~~~~~~~^~~~~~~~~~~~~~~~~~[m[K
[18.777s] [ 66%] [32m[1mLinking CXX executable model[0m
[20.628s] [100%] Built target model
