[0.011s] Invoking command in '/home/weiwei/Desktop/project/ObsAvoidance/build/media': AMENT_PREFIX_PATH=/home/weiwei/Desktop/project/ObsAvoidance/install/interface:${AMENT_PREFIX_PATH} CMAKE_PREFIX_PATH=/home/weiwei/Desktop/project/ObsAvoidance/install/interface:/opt/ros/foxy LD_LIBRARY_PATH=/home/weiwei/Desktop/project/ObsAvoidance/install/interface/lib:${LD_LIBRARY_PATH} PYTHONPATH=/home/weiwei/Desktop/project/ObsAvoidance/install/interface/lib/python3.8/site-packages:${PYTHONPATH} /usr/bin/cmake /home/weiwei/Desktop/project/ObsAvoidance/src/media -DCMAKE_INSTALL_PREFIX=/home/weiwei/Desktop/project/ObsAvoidance/install/media
[0.044s] -- The C compiler identification is GNU 9.4.0
[0.077s] -- The CXX compiler identification is GNU 9.4.0
[0.080s] -- Check for working C compiler: /usr/bin/cc
[0.121s] -- Check for working C compiler: /usr/bin/cc -- works
[0.122s] -- Detecting C compiler ABI info
[0.163s] -- Detecting C compiler ABI info - done
[0.171s] -- Detecting C compile features
[0.171s] -- Detecting C compile features - done
[0.173s] -- Check for working CXX compiler: /usr/bin/c++
[0.220s] -- Check for working CXX compiler: /usr/bin/c++ -- works
[0.221s] -- Detecting CXX compiler ABI info
[0.269s] -- Detecting CXX compiler ABI info - done
[0.279s] -- Detecting CXX compile features
[0.279s] -- Detecting CXX compile features - done
[0.281s] -- Found ament_cmake: 0.9.12 (/opt/ros/foxy/share/ament_cmake/cmake)
[0.295s] -- Found PythonInterp: /usr/bin/python3 (found suitable version "3.8.10", minimum required is "3") 
[0.296s] -- Using PYTHON_EXECUTABLE: /usr/bin/python3
[0.412s] -- Found rclcpp: 2.4.3 (/opt/ros/foxy/share/rclcpp/cmake)
[0.441s] -- Using all available rosidl_typesupport_c: rosidl_typesupport_fastrtps_c;rosidl_typesupport_introspection_c
[0.446s] -- Found rosidl_adapter: 1.3.1 (/opt/ros/foxy/share/rosidl_adapter/cmake)
[0.498s] -- Found OpenSSL: /usr/lib/x86_64-linux-gnu/libcrypto.so (found version "1.1.1f")  
[0.517s] -- Found FastRTPS: /opt/ros/foxy/include  
[0.570s] -- Using all available rosidl_typesupport_cpp: rosidl_typesupport_fastrtps_cpp;rosidl_typesupport_introspection_cpp
[0.614s] -- Found rmw_implementation_cmake: 1.0.4 (/opt/ros/foxy/share/rmw_implementation_cmake/cmake)
[0.615s] -- Using RMW implementation 'rmw_fastrtps_cpp' as default
[0.616s] -- Looking for pthread.h
[0.662s] -- Looking for pthread.h - found
[0.662s] -- Performing Test CMAKE_HAVE_LIBC_PTHREAD
[0.709s] -- Performing Test CMAKE_HAVE_LIBC_PTHREAD - Failed
[0.709s] -- Looking for pthread_create in pthreads
[0.748s] -- Looking for pthread_create in pthreads - not found
[0.748s] -- Looking for pthread_create in pthread
[0.796s] -- Looking for pthread_create in pthread - found
[0.797s] -- Found Threads: TRUE  
[0.894s] -- Found interface: 0.0.0 (/home/weiwei/Desktop/project/ObsAvoidance/install/interface/share/interface/cmake)
[1.048s] -- Found cv_bridge: 3.0.7 (/opt/ros/foxy/share/cv_bridge/cmake)
[1.067s] -- Found OpenCV: /usr (found version "4.2.0") 
[1.069s] -- Found message_filters: 3.2.7 (/opt/ros/foxy/share/message_filters/cmake)
[1.071s] -- Found pcl_conversions: 2.2.1 (/opt/ros/foxy/share/pcl_conversions/cmake)
[1.185s] -- Checking for module 'eigen3'
[1.194s] --   Found eigen3, version 3.3.9
[1.217s] -- Found Eigen: /usr/include/eigen3 (Required is at least version "3.1") 
[1.217s] -- Eigen found (include: /usr/include/eigen3, version: 3.3.7)
[1.247s] -- Found Boost: /usr/include (found suitable version "1.71.0", minimum required is "1.55.0") found components: system filesystem date_time iostreams regex 
[1.258s] -- Checking for module 'flann'
[1.269s] --   Found flann, version 1.9.1
[1.296s] -- Found FLANN: /usr/lib/x86_64-linux-gnu/libflann_cpp.so  
[1.332s] -- The imported target "vtkParseOGLExt" references the file
[1.332s]    "/usr/bin/vtkParseOGLExt-7.1"
[1.332s] but this file does not exist.  Possible reasons include:
[1.332s] * The file was deleted, renamed, or moved to another location.
[1.332s] * An install or uninstall procedure did not complete successfully.
[1.332s] * The installation package was faulty and contained
[1.332s]    "/usr/lib/cmake/vtk-7.1/VTKTargets.cmake"
[1.332s] but not all the files it references.
[1.332s] 
[1.332s] -- The imported target "vtkRenderingPythonTkWidgets" references the file
[1.332s]    "/usr/lib/x86_64-linux-gnu/libvtkRenderingPythonTkWidgets.so"
[1.332s] but this file does not exist.  Possible reasons include:
[1.332s] * The file was deleted, renamed, or moved to another location.
[1.332s] * An install or uninstall procedure did not complete successfully.
[1.332s] * The installation package was faulty and contained
[1.332s]    "/usr/lib/cmake/vtk-7.1/VTKTargets.cmake"
[1.332s] but not all the files it references.
[1.333s] 
[1.333s] -- The imported target "vtk" references the file
[1.333s]    "/usr/bin/vtk"
[1.333s] but this file does not exist.  Possible reasons include:
[1.333s] * The file was deleted, renamed, or moved to another location.
[1.333s] * An install or uninstall procedure did not complete successfully.
[1.333s] * The installation package was faulty and contained
[1.333s]    "/usr/lib/cmake/vtk-7.1/VTKTargets.cmake"
[1.333s] but not all the files it references.
[1.333s] 
[1.333s] -- The imported target "pvtk" references the file
[1.333s]    "/usr/bin/pvtk"
[1.333s] but this file does not exist.  Possible reasons include:
[1.333s] * The file was deleted, renamed, or moved to another location.
[1.333s] * An install or uninstall procedure did not complete successfully.
[1.333s] * The installation package was faulty and contained
[1.333s]    "/usr/lib/cmake/vtk-7.1/VTKTargets.cmake"
[1.333s] but not all the files it references.
[1.333s] 
[1.351s] -- Checking for module 'libusb-1.0'
[1.361s] --   Found libusb-1.0, version 1.0.23
[1.388s] -- Found USB_10: /usr/lib/x86_64-linux-gnu/libusb-1.0.so  
[1.420s] -- Found OpenNI: /usr/lib/libOpenNI.so  
[1.420s] -- OpenNI found (include: /usr/include/ni, lib: /usr/lib/libOpenNI.so)
[1.460s] -- Found OpenNI2: /usr/lib/libOpenNI2.so  
[1.460s] -- OpenNI2 found (include: /usr/include/openni2, lib: /usr/lib/libOpenNI2.so)
[1.460s] ** WARNING ** io features related to pcap will be disabled
[1.461s] ** WARNING ** io features related to png will be disabled
[1.470s] -- Found libusb-1.0: /usr/include  
[1.470s] ** WARNING ** io features related to libusb-1.0 will be disabled
[1.475s] -- OpenNI found (include: /usr/include/ni, lib: /usr/lib/libOpenNI.so)
[1.479s] -- OpenNI2 found (include: /usr/include/openni2, lib: /usr/lib/libOpenNI2.so)
[1.497s] -- Found Qhull: optimized;/usr/lib/x86_64-linux-gnu/libqhull.so;debug;/usr/lib/x86_64-linux-gnu/libqhull.so  
[1.498s] -- QHULL found (include: /usr/include, lib: optimized;/usr/lib/x86_64-linux-gnu/libqhull.so;debug;/usr/lib/x86_64-linux-gnu/libqhull.so)
[1.502s] -- OpenNI found (include: /usr/include/ni, lib: /usr/lib/libOpenNI.so)
[1.510s] -- looking for PCL_COMMON
[1.511s] -- Found PCL_COMMON: /usr/lib/x86_64-linux-gnu/libpcl_common.so  
[1.511s] -- looking for PCL_KDTREE
[1.512s] -- Found PCL_KDTREE: /usr/lib/x86_64-linux-gnu/libpcl_kdtree.so  
[1.512s] -- looking for PCL_OCTREE
[1.512s] -- Found PCL_OCTREE: /usr/lib/x86_64-linux-gnu/libpcl_octree.so  
[1.512s] -- looking for PCL_SEARCH
[1.513s] -- Found PCL_SEARCH: /usr/lib/x86_64-linux-gnu/libpcl_search.so  
[1.513s] -- looking for PCL_SAMPLE_CONSENSUS
[1.514s] -- Found PCL_SAMPLE_CONSENSUS: /usr/lib/x86_64-linux-gnu/libpcl_sample_consensus.so  
[1.514s] -- looking for PCL_FILTERS
[1.515s] -- Found PCL_FILTERS: /usr/lib/x86_64-linux-gnu/libpcl_filters.so  
[1.515s] -- looking for PCL_2D
[1.515s] -- Found PCL_2D: /usr/include/pcl-1.10  
[1.515s] -- looking for PCL_GEOMETRY
[1.515s] -- Found PCL_GEOMETRY: /usr/include/pcl-1.10  
[1.515s] -- looking for PCL_IO
[1.516s] -- Found PCL_IO: /usr/lib/x86_64-linux-gnu/libpcl_io.so  
[1.516s] -- looking for PCL_FEATURES
[1.517s] -- Found PCL_FEATURES: /usr/lib/x86_64-linux-gnu/libpcl_features.so  
[1.517s] -- looking for PCL_ML
[1.518s] -- Found PCL_ML: /usr/lib/x86_64-linux-gnu/libpcl_ml.so  
[1.518s] -- looking for PCL_SEGMENTATION
[1.519s] -- Found PCL_SEGMENTATION: /usr/lib/x86_64-linux-gnu/libpcl_segmentation.so  
[1.519s] -- looking for PCL_VISUALIZATION
[1.520s] -- Found PCL_VISUALIZATION: /usr/lib/x86_64-linux-gnu/libpcl_visualization.so  
[1.520s] -- looking for PCL_SURFACE
[1.521s] -- Found PCL_SURFACE: /usr/lib/x86_64-linux-gnu/libpcl_surface.so  
[1.521s] -- looking for PCL_REGISTRATION
[1.522s] -- Found PCL_REGISTRATION: /usr/lib/x86_64-linux-gnu/libpcl_registration.so  
[1.522s] -- looking for PCL_KEYPOINTS
[1.523s] -- Found PCL_KEYPOINTS: /usr/lib/x86_64-linux-gnu/libpcl_keypoints.so  
[1.523s] -- looking for PCL_TRACKING
[1.523s] -- Found PCL_TRACKING: /usr/lib/x86_64-linux-gnu/libpcl_tracking.so  
[1.524s] -- looking for PCL_RECOGNITION
[1.524s] -- Found PCL_RECOGNITION: /usr/lib/x86_64-linux-gnu/libpcl_recognition.so  
[1.525s] -- looking for PCL_STEREO
[1.525s] -- Found PCL_STEREO: /usr/lib/x86_64-linux-gnu/libpcl_stereo.so  
[1.525s] -- looking for PCL_APPS
[1.526s] -- Found PCL_APPS: /usr/lib/x86_64-linux-gnu/libpcl_apps.so  
[1.527s] -- looking for PCL_IN_HAND_SCANNER
[1.527s] -- Found PCL_IN_HAND_SCANNER: /usr/include/pcl-1.10  
[1.527s] -- looking for PCL_POINT_CLOUD_EDITOR
[1.528s] -- Found PCL_POINT_CLOUD_EDITOR: /usr/include/pcl-1.10  
[1.528s] -- looking for PCL_OUTOFCORE
[1.529s] -- Found PCL_OUTOFCORE: /usr/lib/x86_64-linux-gnu/libpcl_outofcore.so  
[1.529s] -- looking for PCL_PEOPLE
[1.529s] -- Found PCL_PEOPLE: /usr/lib/x86_64-linux-gnu/libpcl_people.so  
[1.530s] -- Found PCL: pcl_common;pcl_kdtree;pcl_octree;pcl_search;pcl_sample_consensus;pcl_filters;pcl_io;pcl_features;pcl_ml;pcl_segmentation;pcl_visualization;pcl_surface;pcl_registration;pcl_keypoints;pcl_tracking;pcl_recognition;pcl_stereo;pcl_apps;pcl_outofcore;pcl_people;/usr/lib/x86_64-linux-gnu/libboost_system.so;/usr/lib/x86_64-linux-gnu/libboost_filesystem.so;/usr/lib/x86_64-linux-gnu/libboost_date_time.so;/usr/lib/x86_64-linux-gnu/libboost_iostreams.so;/usr/lib/x86_64-linux-gnu/libboost_regex.so;optimized;/usr/lib/x86_64-linux-gnu/libqhull.so;debug;/usr/lib/x86_64-linux-gnu/libqhull.so;/usr/lib/libOpenNI.so;/usr/lib/libOpenNI2.so;vtkChartsCore;vtkCommonColor;vtkCommonCore;vtksys;vtkCommonDataModel;vtkCommonMath;vtkCommonMisc;vtkCommonSystem;vtkCommonTransforms;vtkCommonExecutionModel;vtkFiltersGeneral;vtkCommonComputationalGeometry;vtkFiltersCore;vtkInfovisCore;vtkFiltersExtraction;vtkFiltersStatistics;vtkImagingFourier;vtkImagingCore;vtkalglib;vtkRenderingContext2D;vtkRenderingCore;vtkFiltersGeometry;vtkFiltersSources;vtkRenderingFreeType;/usr/lib/x86_64-linux-gnu/libfreetype.so;/usr/lib/x86_64-linux-gnu/libz.so;vtkFiltersModeling;vtkImagingSources;vtkInteractionStyle;vtkInteractionWidgets;vtkFiltersHybrid;vtkImagingColor;vtkImagingGeneral;vtkImagingHybrid;vtkIOImage;vtkDICOMParser;vtkmetaio;/usr/lib/x86_64-linux-gnu/libjpeg.so;/usr/lib/x86_64-linux-gnu/libpng.so;/usr/lib/x86_64-linux-gnu/libtiff.so;vtkRenderingAnnotation;vtkRenderingVolume;vtkIOXML;vtkIOCore;vtkIOXMLParser;/usr/lib/x86_64-linux-gnu/libexpat.so;vtkIOGeometry;vtkIOLegacy;vtkIOPLY;vtkRenderingLOD;vtkViewsContext2D;vtkViewsCore;vtkRenderingContextOpenGL2;vtkRenderingOpenGL2;FLANN::FLANN  
[1.689s] -- Found BLAS: /usr/lib/x86_64-linux-gnu/libblas.so  
[1.798s] -- Found AMD headers in: /usr/include/suitesparse
[1.799s] -- Found AMD library: /usr/lib/x86_64-linux-gnu/libamd.so
[1.799s] -- Found CAMD headers in: /usr/include/suitesparse
[1.800s] -- Found CAMD library: /usr/lib/x86_64-linux-gnu/libcamd.so
[1.800s] -- Found CCOLAMD headers in: /usr/include/suitesparse
[1.801s] -- Found CCOLAMD library: /usr/lib/x86_64-linux-gnu/libccolamd.so
[1.801s] -- Found CHOLMOD headers in: /usr/include/suitesparse
[1.801s] -- Found CHOLMOD library: /usr/lib/x86_64-linux-gnu/libcholmod.so
[1.802s] -- Found COLAMD headers in: /usr/include/suitesparse
[1.802s] -- Found COLAMD library: /usr/lib/x86_64-linux-gnu/libcolamd.so
[1.803s] -- Found SPQR headers in: /usr/include/suitesparse
[1.803s] -- Found SPQR library: /usr/lib/x86_64-linux-gnu/libspqr.so
[1.803s] -- Found Config headers in: /usr/include/suitesparse
[1.804s] -- Found Config library: /usr/lib/x86_64-linux-gnu/libsuitesparseconfig.so
[1.806s] -- Found Intel Thread Building Blocks (TBB) library (2020.1 / 11101) include location: . Assuming SuiteSparseQR was compiled with TBB.
[1.806s] -- Looking for shm_open in rt
[1.848s] -- Looking for shm_open in rt - found
[1.848s] -- Adding librt to SuiteSparse_config libraries (required on Linux & Unix [not OSX] if SuiteSparse is compiled with timing).
[1.852s] -- Could NOT find METIS (missing: METIS_INCLUDE_DIR METIS_LIBRARY) 
[1.853s] -- Found SuiteSparse: /usr/include/suitesparse (found suitable version "5.7.1", minimum required is "5.7.1") found components: AMD CAMD CCOLAMD CHOLMOD COLAMD SPQR Config 
[1.855s] -- Found required Ceres dependency: Eigen version 3.3.9 in /usr/local/share/eigen3/cmake
[1.857s] -- Found required Ceres dependency: glog
[1.860s] -- Found required Ceres dependency: gflags
[1.860s] -- Found Ceres version: 2.2.0 installed in: /usr/local with components: [EigenSparse, SparseLinearAlgebraLibrary, LAPACK, SuiteSparse, SchurSpecializations]
[1.861s] -- Found ament_lint_auto: 0.9.8 (/opt/ros/foxy/share/ament_lint_auto/cmake)
[1.944s] -- Added test 'copyright' to check source files copyright and LICENSE
[1.945s] -- Added test 'cppcheck' to perform static code analysis on C / C++ code
[1.945s] -- Configured cppcheck include dirs: 
[1.945s] -- Configured cppcheck exclude dirs and/or files: 
[1.946s] -- Added test 'cpplint' to check C / C++ code against the Google style
[1.946s] -- Configured cpplint exclude dirs and/or files: 
[1.946s] -- Added test 'lint_cmake' to check CMake code style
[1.947s] -- Added test 'uncrustify' to check C / C++ code style
[1.947s] -- Configured uncrustify additional arguments: 
[1.947s] -- Added test 'xmllint' to check XML markup files
[1.949s] -- Configuring done
[1.989s] -- Generating done
[1.991s] -- Build files have been written to: /home/weiwei/Desktop/project/ObsAvoidance/build/media
[2.001s] Invoked command in '/home/weiwei/Desktop/project/ObsAvoidance/build/media' returned '0': AMENT_PREFIX_PATH=/home/weiwei/Desktop/project/ObsAvoidance/install/interface:${AMENT_PREFIX_PATH} CMAKE_PREFIX_PATH=/home/weiwei/Desktop/project/ObsAvoidance/install/interface:/opt/ros/foxy LD_LIBRARY_PATH=/home/weiwei/Desktop/project/ObsAvoidance/install/interface/lib:${LD_LIBRARY_PATH} PYTHONPATH=/home/weiwei/Desktop/project/ObsAvoidance/install/interface/lib/python3.8/site-packages:${PYTHONPATH} /usr/bin/cmake /home/weiwei/Desktop/project/ObsAvoidance/src/media -DCMAKE_INSTALL_PREFIX=/home/weiwei/Desktop/project/ObsAvoidance/install/media
[2.003s] Invoking command in '/home/weiwei/Desktop/project/ObsAvoidance/build/media': AMENT_PREFIX_PATH=/home/weiwei/Desktop/project/ObsAvoidance/install/interface:${AMENT_PREFIX_PATH} CMAKE_PREFIX_PATH=/home/weiwei/Desktop/project/ObsAvoidance/install/interface:/opt/ros/foxy LD_LIBRARY_PATH=/home/weiwei/Desktop/project/ObsAvoidance/install/interface/lib:${LD_LIBRARY_PATH} PYTHONPATH=/home/weiwei/Desktop/project/ObsAvoidance/install/interface/lib/python3.8/site-packages:${PYTHONPATH} /usr/bin/cmake --build /home/weiwei/Desktop/project/ObsAvoidance/build/media -- -j16 -l16
[2.028s] [35m[1mScanning dependencies of target media[0m
[2.118s] [ 33%] [32mBuilding CXX object CMakeFiles/media.dir/src/main.cpp.o[0m
[2.118s] [ 66%] [32mBuilding CXX object CMakeFiles/media.dir/src/media.cpp.o[0m
[6.497s] [01m[K/home/weiwei/Desktop/project/ObsAvoidance/src/media/src/media.cpp:[m[K In member function ‘[01m[Kvoid mediaNode::getScaleSlamToWorld(const ConstSharedPtr&, const ConstSharedPtr&)[m[K’:
[6.497s] [01m[K/home/weiwei/Desktop/project/ObsAvoidance/src/media/src/media.cpp:154:23:[m[K [01;35m[Kwarning: [m[Kcomparison of integer expressions of different signedness: ‘[01m[Kstd::vector<cv::Vec<float, 3> >::size_type[m[K’ {aka ‘[01m[Klong unsigned int[m[K’} and ‘[01m[Kint[m[K’ [[01;35m[K-Wsign-compare[m[K]
[6.497s]   154 |   if ([01;35m[Kcircles_.size() < circle_size_thresh[m[K)
[6.497s]       |       [01;35m[K~~~~~~~~~~~~~~~~^~~~~~~~~~~~~~~~~~~~[m[K
[6.497s] [01m[K/home/weiwei/Desktop/project/ObsAvoidance/src/media/src/media.cpp:156:17:[m[K [01;35m[Kwarning: [m[Kcomparison of integer expressions of different signedness: ‘[01m[Kint[m[K’ and ‘[01m[Kstd::vector<cv::Vec<float, 3> >::size_type[m[K’ {aka ‘[01m[Klong unsigned int[m[K’} [[01;35m[K-Wsign-compare[m[K]
[6.497s]   156 |   for (int i=0;[01;35m[Ki<circles_.size()[m[K;i++) {
[6.497s]       |                [01;35m[K~^~~~~~~~~~~~~~~~[m[K
[6.497s] [01m[K/home/weiwei/Desktop/project/ObsAvoidance/src/media/src/media.cpp:162:28:[m[K [01;35m[Kwarning: [m[Kcomparison of integer expressions of different signedness: ‘[01m[Kstd::vector<double, std::allocator<double> >::size_type[m[K’ {aka ‘[01m[Klong unsigned int[m[K’} and ‘[01m[Kint[m[K’ [[01;35m[K-Wsign-compare[m[K]
[6.497s]   162 |   if ([01;35m[KscaleFactList_.size()<scaleFactList_size_thresh[m[K)
[6.497s]       |       [01;35m[K~~~~~~~~~~~~~~~~~~~~~^~~~~~~~~~~~~~~~~~~~~~~~~~[m[K
[6.515s] [01m[K/home/weiwei/Desktop/project/ObsAvoidance/src/media/src/media.cpp:[m[K In member function ‘[01m[Kbool mediaNode::detectPoseCorrect(cv::Mat, interface::msg::Slam_<std::allocator<void> >::ConstSharedPtr, double&, cv::Vec3f)[m[K’:
[6.515s] [01m[K/home/weiwei/Desktop/project/ObsAvoidance/src/media/src/media.cpp:212:67:[m[K [01;35m[Kwarning: [m[Kcomparison of constant ‘[01m[K255[m[K’ with boolean expression is always true [[01;35m[K-Wbool-compare[m[K]
[6.515s]   212 |     if ([01;35m[Kimg_dilate.at<bool>((int)pixelPoint.x, (int)pixelPoint.y) != 255[m[K)
[6.515s]       |         [01;35m[K~~~~~~~~~~~~~~~~~~~~~~~~~~~~~~~~~~~~~~~~~~~~~~~~~~~~~~~~~~^~~~~~[m[K
[6.530s] [01m[K/home/weiwei/Desktop/project/ObsAvoidance/src/media/src/media.cpp:[m[K In member function ‘[01m[Kvoid mediaNode::ransacScaleFact()[m[K’:
[6.530s] [01m[K/home/weiwei/Desktop/project/ObsAvoidance/src/media/src/media.cpp:306:21:[m[K [01;35m[Kwarning: [m[Kcomparison of integer expressions of different signedness: ‘[01m[Kint[m[K’ and ‘[01m[Kstd::vector<double, std::allocator<double> >::size_type[m[K’ {aka ‘[01m[Klong unsigned int[m[K’} [[01;35m[K-Wsign-compare[m[K]
[6.530s]   306 |     for (int j = 0;[01;35m[Kj<scaleFactList_.size()[m[K;j++)
[6.530s]       |                    [01;35m[K~^~~~~~~~~~~~~~~~~~~~~~[m[K
[14.905s] [100%] [32m[1mLinking CXX executable media[0m
[16.007s] [100%] Built target media
[16.018s] Invoked command in '/home/weiwei/Desktop/project/ObsAvoidance/build/media' returned '0': AMENT_PREFIX_PATH=/home/weiwei/Desktop/project/ObsAvoidance/install/interface:${AMENT_PREFIX_PATH} CMAKE_PREFIX_PATH=/home/weiwei/Desktop/project/ObsAvoidance/install/interface:/opt/ros/foxy LD_LIBRARY_PATH=/home/weiwei/Desktop/project/ObsAvoidance/install/interface/lib:${LD_LIBRARY_PATH} PYTHONPATH=/home/weiwei/Desktop/project/ObsAvoidance/install/interface/lib/python3.8/site-packages:${PYTHONPATH} /usr/bin/cmake --build /home/weiwei/Desktop/project/ObsAvoidance/build/media -- -j16 -l16
[16.034s] Invoking command in '/home/weiwei/Desktop/project/ObsAvoidance/build/media': AMENT_PREFIX_PATH=/home/weiwei/Desktop/project/ObsAvoidance/install/interface:${AMENT_PREFIX_PATH} CMAKE_PREFIX_PATH=/home/weiwei/Desktop/project/ObsAvoidance/install/interface:/opt/ros/foxy LD_LIBRARY_PATH=/home/weiwei/Desktop/project/ObsAvoidance/install/interface/lib:${LD_LIBRARY_PATH} PYTHONPATH=/home/weiwei/Desktop/project/ObsAvoidance/install/interface/lib/python3.8/site-packages:${PYTHONPATH} /usr/bin/cmake --install /home/weiwei/Desktop/project/ObsAvoidance/build/media
[16.038s] -- Install configuration: ""
[16.038s] -- Installing: /home/weiwei/Desktop/project/ObsAvoidance/install/media/lib/media/media
[16.041s] -- Set runtime path of "/home/weiwei/Desktop/project/ObsAvoidance/install/media/lib/media/media" to ""
[16.041s] -- Installing: /home/weiwei/Desktop/project/ObsAvoidance/install/media/share/ament_index/resource_index/package_run_dependencies/media
[16.041s] -- Installing: /home/weiwei/Desktop/project/ObsAvoidance/install/media/share/ament_index/resource_index/parent_prefix_path/media
[16.041s] -- Installing: /home/weiwei/Desktop/project/ObsAvoidance/install/media/share/media/environment/ament_prefix_path.sh
[16.041s] -- Installing: /home/weiwei/Desktop/project/ObsAvoidance/install/media/share/media/environment/ament_prefix_path.dsv
[16.041s] -- Installing: /home/weiwei/Desktop/project/ObsAvoidance/install/media/share/media/environment/path.sh
[16.041s] -- Installing: /home/weiwei/Desktop/project/ObsAvoidance/install/media/share/media/environment/path.dsv
[16.041s] -- Installing: /home/weiwei/Desktop/project/ObsAvoidance/install/media/share/media/local_setup.bash
[16.041s] -- Installing: /home/weiwei/Desktop/project/ObsAvoidance/install/media/share/media/local_setup.sh
[16.042s] -- Installing: /home/weiwei/Desktop/project/ObsAvoidance/install/media/share/media/local_setup.zsh
[16.042s] -- Installing: /home/weiwei/Desktop/project/ObsAvoidance/install/media/share/media/local_setup.dsv
[16.042s] -- Installing: /home/weiwei/Desktop/project/ObsAvoidance/install/media/share/media/package.dsv
[16.042s] -- Installing: /home/weiwei/Desktop/project/ObsAvoidance/install/media/share/ament_index/resource_index/packages/media
[16.042s] -- Installing: /home/weiwei/Desktop/project/ObsAvoidance/install/media/share/media/cmake/mediaConfig.cmake
[16.042s] -- Installing: /home/weiwei/Desktop/project/ObsAvoidance/install/media/share/media/cmake/mediaConfig-version.cmake
[16.042s] -- Installing: /home/weiwei/Desktop/project/ObsAvoidance/install/media/share/media/package.xml
[16.045s] Invoked command in '/home/weiwei/Desktop/project/ObsAvoidance/build/media' returned '0': AMENT_PREFIX_PATH=/home/weiwei/Desktop/project/ObsAvoidance/install/interface:${AMENT_PREFIX_PATH} CMAKE_PREFIX_PATH=/home/weiwei/Desktop/project/ObsAvoidance/install/interface:/opt/ros/foxy LD_LIBRARY_PATH=/home/weiwei/Desktop/project/ObsAvoidance/install/interface/lib:${LD_LIBRARY_PATH} PYTHONPATH=/home/weiwei/Desktop/project/ObsAvoidance/install/interface/lib/python3.8/site-packages:${PYTHONPATH} /usr/bin/cmake --install /home/weiwei/Desktop/project/ObsAvoidance/build/media
