[0.240s] Invoking command in '/home/weiwei/Desktop/project/ObsAvoidance/build/model': AMENT_PREFIX_PATH=/home/weiwei/Desktop/project/ObsAvoidance/install/interface:${AMENT_PREFIX_PATH} CMAKE_PREFIX_PATH=/home/weiwei/Desktop/project/ObsAvoidance/install/interface:/opt/ros/foxy LD_LIBRARY_PATH=/home/weiwei/Desktop/project/ObsAvoidance/install/interface/lib:${LD_LIBRARY_PATH} PYTHONPATH=/home/weiwei/Desktop/project/ObsAvoidance/install/interface/lib/python3.8/site-packages:${PYTHONPATH} /usr/bin/cmake --build /home/weiwei/Desktop/project/ObsAvoidance/build/model -- -j16 -l16
[0.257s] -- Found ament_cmake: 0.9.12 (/opt/ros/foxy/share/ament_cmake/cmake)
[0.271s] -- Using PYTHON_EXECUTABLE: /usr/bin/python3
[0.389s] -- Found rclcpp: 2.4.3 (/opt/ros/foxy/share/rclcpp/cmake)
[0.411s] -- Using all available rosidl_typesupport_c: rosidl_typesupport_fastrtps_c;rosidl_typesupport_introspection_c
[0.413s] -- Found rosidl_adapter: 1.3.1 (/opt/ros/foxy/share/rosidl_adapter/cmake)
[0.498s] -- Using all available rosidl_typesupport_cpp: rosidl_typesupport_fastrtps_cpp;rosidl_typesupport_introspection_cpp
[0.531s] -- Found rmw_implementation_cmake: 1.0.4 (/opt/ros/foxy/share/rmw_implementation_cmake/cmake)
[0.532s] -- Using RMW implementation 'rmw_fastrtps_cpp' as default
[0.626s] -- Found interface: 0.0.0 (/home/weiwei/Desktop/project/ObsAvoidance/install/interface/share/interface/cmake)
[0.785s] -- Found cv_bridge: 3.0.7 (/opt/ros/foxy/share/cv_bridge/cmake)
[0.801s] -- Found pcl_conversions: 2.2.1 (/opt/ros/foxy/share/pcl_conversions/cmake)
[0.915s] -- Found octomap_msgs: 2.0.0 (/opt/ros/foxy/share/octomap_msgs/cmake)
[0.970s] -- Eigen found (include: /usr/include/eigen3, version: 3.3.7)
[1.032s] -- The imported target "vtkParseOGLExt" references the file
[1.032s]    "/usr/bin/vtkParseOGLExt-7.1"
[1.033s] but this file does not exist.  Possible reasons include:
[1.033s] * The file was deleted, renamed, or moved to another location.
[1.033s] * An install or uninstall procedure did not complete successfully.
[1.033s] * The installation package was faulty and contained
[1.033s]    "/usr/lib/cmake/vtk-7.1/VTKTargets.cmake"
[1.033s] but not all the files it references.
[1.033s] 
[1.033s] -- The imported target "vtkRenderingPythonTkWidgets" references the file
[1.033s]    "/usr/lib/x86_64-linux-gnu/libvtkRenderingPythonTkWidgets.so"
[1.033s] but this file does not exist.  Possible reasons include:
[1.033s] * The file was deleted, renamed, or moved to another location.
[1.033s] * An install or uninstall procedure did not complete successfully.
[1.033s] * The installation package was faulty and contained
[1.033s]    "/usr/lib/cmake/vtk-7.1/VTKTargets.cmake"
[1.033s] but not all the files it references.
[1.034s] 
[1.034s] -- The imported target "vtk" references the file
[1.034s]    "/usr/bin/vtk"
[1.034s] but this file does not exist.  Possible reasons include:
[1.034s] * The file was deleted, renamed, or moved to another location.
[1.034s] * An install or uninstall procedure did not complete successfully.
[1.034s] * The installation package was faulty and contained
[1.034s]    "/usr/lib/cmake/vtk-7.1/VTKTargets.cmake"
[1.034s] but not all the files it references.
[1.034s] 
[1.034s] -- The imported target "pvtk" references the file
[1.034s]    "/usr/bin/pvtk"
[1.034s] but this file does not exist.  Possible reasons include:
[1.034s] * The file was deleted, renamed, or moved to another location.
[1.034s] * An install or uninstall procedure did not complete successfully.
[1.035s] * The installation package was faulty and contained
[1.035s]    "/usr/lib/cmake/vtk-7.1/VTKTargets.cmake"
[1.035s] but not all the files it references.
[1.035s] 
[1.048s] -- OpenNI found (include: /usr/include/ni, lib: /usr/lib/libOpenNI.so)
[1.052s] -- OpenNI2 found (include: /usr/include/openni2, lib: /usr/lib/libOpenNI2.so)
[1.053s] ** WARNING ** io features related to pcap will be disabled
[1.053s] ** WARNING ** io features related to png will be disabled
[1.061s] ** WARNING ** io features related to libusb-1.0 will be disabled
[1.066s] -- OpenNI found (include: /usr/include/ni, lib: /usr/lib/libOpenNI.so)
[1.070s] -- OpenNI2 found (include: /usr/include/openni2, lib: /usr/lib/libOpenNI2.so)
[1.080s] -- QHULL found (include: /usr/include, lib: optimized;/usr/lib/x86_64-linux-gnu/libqhull.so;debug;/usr/lib/x86_64-linux-gnu/libqhull.so)
[1.084s] -- OpenNI found (include: /usr/include/ni, lib: /usr/lib/libOpenNI.so)
[1.093s] -- looking for PCL_COMMON
[1.094s] -- looking for PCL_KDTREE
[1.094s] -- looking for PCL_OCTREE
[1.094s] -- looking for PCL_SEARCH
[1.095s] -- looking for PCL_SAMPLE_CONSENSUS
[1.095s] -- looking for PCL_FILTERS
[1.095s] -- looking for PCL_2D
[1.096s] -- looking for PCL_GEOMETRY
[1.096s] -- looking for PCL_IO
[1.096s] -- looking for PCL_FEATURES
[1.097s] -- looking for PCL_ML
[1.097s] -- looking for PCL_SEGMENTATION
[1.098s] -- looking for PCL_VISUALIZATION
[1.098s] -- looking for PCL_SURFACE
[1.099s] -- looking for PCL_REGISTRATION
[1.099s] -- looking for PCL_KEYPOINTS
[1.100s] -- looking for PCL_TRACKING
[1.100s] -- looking for PCL_RECOGNITION
[1.101s] -- looking for PCL_STEREO
[1.101s] -- looking for PCL_APPS
[1.102s] -- looking for PCL_IN_HAND_SCANNER
[1.102s] -- looking for PCL_POINT_CLOUD_EDITOR
[1.102s] -- looking for PCL_OUTOFCORE
[1.103s] -- looking for PCL_PEOPLE
[1.188s] -- Found AMD headers in: /usr/include/suitesparse
[1.188s] -- Found AMD library: /usr/lib/x86_64-linux-gnu/libamd.so
[1.189s] -- Found CAMD headers in: /usr/include/suitesparse
[1.189s] -- Found CAMD library: /usr/lib/x86_64-linux-gnu/libcamd.so
[1.189s] -- Found CCOLAMD headers in: /usr/include/suitesparse
[1.189s] -- Found CCOLAMD library: /usr/lib/x86_64-linux-gnu/libccolamd.so
[1.189s] -- Found CHOLMOD headers in: /usr/include/suitesparse
[1.189s] -- Found CHOLMOD library: /usr/lib/x86_64-linux-gnu/libcholmod.so
[1.189s] -- Found COLAMD headers in: /usr/include/suitesparse
[1.189s] -- Found COLAMD library: /usr/lib/x86_64-linux-gnu/libcolamd.so
[1.189s] -- Found SPQR headers in: /usr/include/suitesparse
[1.189s] -- Found SPQR library: /usr/lib/x86_64-linux-gnu/libspqr.so
[1.190s] -- Found Config headers in: /usr/include/suitesparse
[1.190s] -- Found Config library: /usr/lib/x86_64-linux-gnu/libsuitesparseconfig.so
[1.190s] -- Found Intel Thread Building Blocks (TBB) library (2020.1 / 11101) include location: . Assuming SuiteSparseQR was compiled with TBB.
[1.190s] -- Adding librt to SuiteSparse_config libraries (required on Linux & Unix [not OSX] if SuiteSparse is compiled with timing).
[1.193s] -- Could NOT find METIS (missing: METIS_INCLUDE_DIR METIS_LIBRARY) 
[1.196s] -- Found required Ceres dependency: Eigen version 3.3.9 in /usr/local/share/eigen3/cmake
[1.197s] -- Found required Ceres dependency: glog
[1.198s] -- Found required Ceres dependency: gflags
[1.198s] -- Found Ceres version: 2.2.0 installed in: /usr/local with components: [EigenSparse, SparseLinearAlgebraLibrary, LAPACK, SuiteSparse, SchurSpecializations]
[1.199s] -- Found visualization_msgs: 2.0.5 (/opt/ros/foxy/share/visualization_msgs/cmake)
[1.252s] -- Found ament_lint_auto: 0.9.8 (/opt/ros/foxy/share/ament_lint_auto/cmake)
[1.350s] -- Added test 'copyright' to check source files copyright and LICENSE
[1.350s] -- Added test 'cppcheck' to perform static code analysis on C / C++ code
[1.351s] -- Configured cppcheck include dirs: 
[1.351s] -- Configured cppcheck exclude dirs and/or files: 
[1.351s] -- Added test 'cpplint' to check C / C++ code against the Google style
[1.351s] -- Configured cpplint exclude dirs and/or files: 
[1.351s] -- Added test 'lint_cmake' to check CMake code style
[1.352s] -- Added test 'uncrustify' to check C / C++ code style
[1.352s] -- Configured uncrustify additional arguments: 
[1.352s] -- Added test 'xmllint' to check XML markup files
[1.355s] -- Configuring done
[1.408s] -- Generating done
[1.410s] -- Build files have been written to: /home/weiwei/Desktop/project/ObsAvoidance/build/model
[1.443s] [35m[1mScanning dependencies of target model[0m
[1.506s] [ 33%] [32mBuilding CXX object CMakeFiles/model.dir/src/model.cpp.o[0m
[1.506s] [ 66%] [32mBuilding CXX object CMakeFiles/model.dir/src/main.cpp.o[0m
[7.637s] [01m[K/home/weiwei/Desktop/project/ObsAvoidance/src/model/src/model.cpp:[m[K In member function ‘[01m[Kbool ModelNode::selectCircle(cv::Vec3f&, std::vector<cv::Vec<float, 3> >, cv::Mat&)[m[K’:
[7.637s] [01m[K/home/weiwei/Desktop/project/ObsAvoidance/src/model/src/model.cpp:352:21:[m[K [01;35m[Kwarning: [m[Kcomparison of integer expressions of different signedness: ‘[01m[Kint[m[K’ and ‘[01m[Kstd::vector<cv::Vec<float, 3> >::size_type[m[K’ {aka ‘[01m[Klong unsigned int[m[K’} [[01;35m[K-Wsign-compare[m[K]
[7.637s]   352 |     for (int i = 0;[01;35m[Ki<temp_circles.size()[m[K;i++)
[7.637s]       |                    [01;35m[K~^~~~~~~~~~~~~~~~~~~~[m[K
[7.638s] [01m[K/home/weiwei/Desktop/project/ObsAvoidance/src/model/src/model.cpp:365:45:[m[K [01;35m[Kwarning: [m[Kcomparison of constant ‘[01m[K255[m[K’ with boolean expression is always false [[01;35m[K-Wbool-compare[m[K]
[7.638s]   365 |             if ([01;35m[Kmask.at<bool>(pointInCircle)==255[m[K||mask.at<bool>(pointOutCircle)!=255)
[7.638s]       |                 [01;35m[K~~~~~~~~~~~~~~~~~~~~~~~~~~~~^~~~~[m[K
[7.638s] [01m[K/home/weiwei/Desktop/project/ObsAvoidance/src/model/src/model.cpp:365:81:[m[K [01;35m[Kwarning: [m[Kcomparison of constant ‘[01m[K255[m[K’ with boolean expression is always true [[01;35m[K-Wbool-compare[m[K]
[7.638s]   365 |             if (mask.at<bool>(pointInCircle)==255||[01;35m[Kmask.at<bool>(pointOutCircle)!=255[m[K)
[7.638s]       |                                                    [01;35m[K~~~~~~~~~~~~~~~~~~~~~~~~~~~~~^~~~~[m[K
[7.642s] [01m[K/home/weiwei/Desktop/project/ObsAvoidance/src/model/src/model.cpp:[m[K In member function ‘[01m[Kbool ModelNode::selectLine(cv::Mat, std::vector<cv::Vec<int, 4> >, cv::Vec4i&, cv::Vec3f)[m[K’:
[7.642s] [01m[K/home/weiwei/Desktop/project/ObsAvoidance/src/model/src/model.cpp:399:19:[m[K [01;35m[Kwarning: [m[Kcomparison of integer expressions of different signedness: ‘[01m[Kint[m[K’ and ‘[01m[Kstd::vector<cv::Vec<int, 4> >::size_type[m[K’ {aka ‘[01m[Klong unsigned int[m[K’} [[01;35m[K-Wsign-compare[m[K]
[7.642s]   399 |     for (int i=0;[01;35m[Ki<tempLines.size()[m[K;i++)
[7.642s]       |                  [01;35m[K~^~~~~~~~~~~~~~~~~[m[K
[7.643s] [01m[K/home/weiwei/Desktop/project/ObsAvoidance/src/model/src/model.cpp:423:42:[m[K [01;35m[Kwarning: [m[Kcomparison of constant ‘[01m[K255[m[K’ with boolean expression is always false [[01;35m[K-Wbool-compare[m[K]
[7.643s]   423 |         if ([01;35m[Kimg_erode.at<bool>(endPoint1)==255[m[K || img_erode.at<bool>(endPoint2)==255 || img_erode.at<bool>(midPoint)==255)
[7.643s]       |             [01;35m[K~~~~~~~~~~~~~~~~~~~~~~~~~~~~~^~~~~[m[K
[7.643s] [01m[K/home/weiwei/Desktop/project/ObsAvoidance/src/model/src/model.cpp:423:80:[m[K [01;35m[Kwarning: [m[Kcomparison of constant ‘[01m[K255[m[K’ with boolean expression is always false [[01;35m[K-Wbool-compare[m[K]
[7.643s]   423 |         if (img_erode.at<bool>(endPoint1)==255 || [01;35m[Kimg_erode.at<bool>(endPoint2)==255[m[K || img_erode.at<bool>(midPoint)==255)
[7.643s]       |                                                   [01;35m[K~~~~~~~~~~~~~~~~~~~~~~~~~~~~~^~~~~[m[K
[7.643s] [01m[K/home/weiwei/Desktop/project/ObsAvoidance/src/model/src/model.cpp:423:117:[m[K [01;35m[Kwarning: [m[Kcomparison of constant ‘[01m[K255[m[K’ with boolean expression is always false [[01;35m[K-Wbool-compare[m[K]
[7.643s]   423 |         if (img_erode.at<bool>(endPoint1)==255 || img_erode.at<bool>(endPoint2)==255 || [01;35m[Kimg_erode.at<bool>(midPoint)==255[m[K)
[7.643s]       |                                                                                         [01;35m[K~~~~~~~~~~~~~~~~~~~~~~~~~~~~^~~~~[m[K
[7.643s] [01m[K/home/weiwei/Desktop/project/ObsAvoidance/src/model/src/model.cpp:427:44:[m[K [01;35m[Kwarning: [m[Kcomparison of constant ‘[01m[K255[m[K’ with boolean expression is always true [[01;35m[K-Wbool-compare[m[K]
[7.643s]   427 |         if ([01;35m[Kimg_erode.at<bool>(flag_point1)!=255[m[K || img_erode.at<bool>(flag_point2)!=255)
[7.643s]       |             [01;35m[K~~~~~~~~~~~~~~~~~~~~~~~~~~~~~~~^~~~~[m[K
[7.643s] [01m[K/home/weiwei/Desktop/project/ObsAvoidance/src/model/src/model.cpp:427:84:[m[K [01;35m[Kwarning: [m[Kcomparison of constant ‘[01m[K255[m[K’ with boolean expression is always true [[01;35m[K-Wbool-compare[m[K]
[7.643s]   427 |         if (img_erode.at<bool>(flag_point1)!=255 || [01;35m[Kimg_erode.at<bool>(flag_point2)!=255[m[K)
[7.643s]       |                                                     [01;35m[K~~~~~~~~~~~~~~~~~~~~~~~~~~~~~~~^~~~~[m[K
[7.736s] [01m[K/home/weiwei/Desktop/project/ObsAvoidance/src/model/src/model.cpp:[m[K In member function ‘[01m[Kvoid ModelNode::ransacModelParam()[m[K’:
[7.736s] [01m[K/home/weiwei/Desktop/project/ObsAvoidance/src/model/src/model.cpp:574:22:[m[K [01;35m[Kwarning: [m[Kcomparison of integer expressions of different signedness: ‘[01m[Kint[m[K’ and ‘[01m[Kstd::vector<Eigen::Matrix<double, 3, 1> >::size_type[m[K’ {aka ‘[01m[Klong unsigned int[m[K’} [[01;35m[K-Wsign-compare[m[K]
[7.736s]   574 |         for(int n=0;[01;35m[Kn<global_vecs_direction.size()[m[K;n++) {
[7.736s]       |                     [01;35m[K~^~~~~~~~~~~~~~~~~~~~~~~~~~~~~[m[K
[7.836s] [01m[K/home/weiwei/Desktop/project/ObsAvoidance/src/model/src/model.cpp:[m[K In member function ‘[01m[Kbool ModelNode::Model()[m[K’:
[7.836s] [01m[K/home/weiwei/Desktop/project/ObsAvoidance/src/model/src/model.cpp:849:38:[m[K [01;35m[Kwarning: [m[Kcomparison of integer expressions of different signedness: ‘[01m[Kstd::vector<Eigen::Matrix<double, 3, 1> >::size_type[m[K’ {aka ‘[01m[Klong unsigned int[m[K’} and ‘[01m[Kint[m[K’ [[01;35m[K-Wsign-compare[m[K]
[7.836s]   849 |     if ([01;35m[Kglobal_centrePostions.size() < modelThresh[m[K)
[7.836s]       |         [01;35m[K~~~~~~~~~~~~~~~~~~~~~~~~~~~~~^~~~~~~~~~~~~[m[K
[7.856s] [01m[K/home/weiwei/Desktop/project/ObsAvoidance/src/model/src/model.cpp:[m[K In member function ‘[01m[Kbool ModelNode::detectPoseCorrect(Eigen::Vector4d&, cv::Mat, cv::Mat&)[m[K’:
[7.856s] [01m[K/home/weiwei/Desktop/project/ObsAvoidance/src/model/src/model.cpp:1050:38:[m[K [01;35m[Kwarning: [m[Kcomparison of integer expressions of different signedness: ‘[01m[Kstd::vector<pcl::PointXYZ, Eigen::aligned_allocator<pcl::PointXYZ> >::size_type[m[K’ {aka ‘[01m[Klong unsigned int[m[K’} and ‘[01m[Kint[m[K’ [[01;35m[K-Wsign-compare[m[K]
[7.856s]  1050 |     if ([01;35m[KfinalPointCloud.points.size()<mapPointNumThresh[m[K) {
[7.856s]       |         [01;35m[K~~~~~~~~~~~~~~~~~~~~~~~~~~~~~^~~~~~~~~~~~~~~~~~[m[K
[19.492s] [100%] [32m[1mLinking CXX executable model[0m
[21.232s] [100%] Built target model
[21.243s] Invoked command in '/home/weiwei/Desktop/project/ObsAvoidance/build/model' returned '0': AMENT_PREFIX_PATH=/home/weiwei/Desktop/project/ObsAvoidance/install/interface:${AMENT_PREFIX_PATH} CMAKE_PREFIX_PATH=/home/weiwei/Desktop/project/ObsAvoidance/install/interface:/opt/ros/foxy LD_LIBRARY_PATH=/home/weiwei/Desktop/project/ObsAvoidance/install/interface/lib:${LD_LIBRARY_PATH} PYTHONPATH=/home/weiwei/Desktop/project/ObsAvoidance/install/interface/lib/python3.8/site-packages:${PYTHONPATH} /usr/bin/cmake --build /home/weiwei/Desktop/project/ObsAvoidance/build/model -- -j16 -l16
[21.257s] Invoking command in '/home/weiwei/Desktop/project/ObsAvoidance/build/model': AMENT_PREFIX_PATH=/home/weiwei/Desktop/project/ObsAvoidance/install/interface:${AMENT_PREFIX_PATH} CMAKE_PREFIX_PATH=/home/weiwei/Desktop/project/ObsAvoidance/install/interface:/opt/ros/foxy LD_LIBRARY_PATH=/home/weiwei/Desktop/project/ObsAvoidance/install/interface/lib:${LD_LIBRARY_PATH} PYTHONPATH=/home/weiwei/Desktop/project/ObsAvoidance/install/interface/lib/python3.8/site-packages:${PYTHONPATH} /usr/bin/cmake --install /home/weiwei/Desktop/project/ObsAvoidance/build/model
[21.261s] -- Install configuration: ""
[21.262s] -- Installing: /home/weiwei/Desktop/project/ObsAvoidance/install/model/lib/model/model
[21.268s] -- Set runtime path of "/home/weiwei/Desktop/project/ObsAvoidance/install/model/lib/model/model" to ""
[21.268s] -- Up-to-date: /home/weiwei/Desktop/project/ObsAvoidance/install/model/share/ament_index/resource_index/package_run_dependencies/model
[21.269s] -- Up-to-date: /home/weiwei/Desktop/project/ObsAvoidance/install/model/share/ament_index/resource_index/parent_prefix_path/model
[21.269s] -- Up-to-date: /home/weiwei/Desktop/project/ObsAvoidance/install/model/share/model/environment/ament_prefix_path.sh
[21.269s] -- Installing: /home/weiwei/Desktop/project/ObsAvoidance/install/model/share/model/environment/ament_prefix_path.dsv
[21.269s] -- Up-to-date: /home/weiwei/Desktop/project/ObsAvoidance/install/model/share/model/environment/path.sh
[21.269s] -- Installing: /home/weiwei/Desktop/project/ObsAvoidance/install/model/share/model/environment/path.dsv
[21.269s] -- Up-to-date: /home/weiwei/Desktop/project/ObsAvoidance/install/model/share/model/local_setup.bash
[21.269s] -- Up-to-date: /home/weiwei/Desktop/project/ObsAvoidance/install/model/share/model/local_setup.sh
[21.269s] -- Up-to-date: /home/weiwei/Desktop/project/ObsAvoidance/install/model/share/model/local_setup.zsh
[21.269s] -- Installing: /home/weiwei/Desktop/project/ObsAvoidance/install/model/share/model/local_setup.dsv
[21.269s] -- Installing: /home/weiwei/Desktop/project/ObsAvoidance/install/model/share/model/package.dsv
[21.269s] -- Up-to-date: /home/weiwei/Desktop/project/ObsAvoidance/install/model/share/ament_index/resource_index/packages/model
[21.269s] -- Up-to-date: /home/weiwei/Desktop/project/ObsAvoidance/install/model/share/model/cmake/modelConfig.cmake
[21.269s] -- Up-to-date: /home/weiwei/Desktop/project/ObsAvoidance/install/model/share/model/cmake/modelConfig-version.cmake
[21.269s] -- Up-to-date: /home/weiwei/Desktop/project/ObsAvoidance/install/model/share/model/package.xml
[21.270s] Invoked command in '/home/weiwei/Desktop/project/ObsAvoidance/build/model' returned '0': AMENT_PREFIX_PATH=/home/weiwei/Desktop/project/ObsAvoidance/install/interface:${AMENT_PREFIX_PATH} CMAKE_PREFIX_PATH=/home/weiwei/Desktop/project/ObsAvoidance/install/interface:/opt/ros/foxy LD_LIBRARY_PATH=/home/weiwei/Desktop/project/ObsAvoidance/install/interface/lib:${LD_LIBRARY_PATH} PYTHONPATH=/home/weiwei/Desktop/project/ObsAvoidance/install/interface/lib/python3.8/site-packages:${PYTHONPATH} /usr/bin/cmake --install /home/weiwei/Desktop/project/ObsAvoidance/build/model
