[0.080s] Invoking command in '/home/weiwei/Desktop/project/ObsAvoidance/build/path_planner': AMENT_PREFIX_PATH=/home/weiwei/Desktop/project/ObsAvoidance/install/interface:${AMENT_PREFIX_PATH} CMAKE_PREFIX_PATH=/home/weiwei/Desktop/project/ObsAvoidance/install/interface:/opt/ros/foxy LD_LIBRARY_PATH=/home/weiwei/Desktop/project/ObsAvoidance/install/interface/lib:${LD_LIBRARY_PATH} PYTHONPATH=/home/weiwei/Desktop/project/ObsAvoidance/install/interface/lib/python3.8/site-packages:${PYTHONPATH} /usr/bin/cmake --build /home/weiwei/Desktop/project/ObsAvoidance/build/path_planner -- -j16 -l16
[0.115s] -- Found ament_cmake: 0.9.12 (/opt/ros/foxy/share/ament_cmake/cmake)
[0.130s] -- Using PYTHON_EXECUTABLE: /usr/bin/python3
[0.248s] -- Found rclcpp: 2.4.3 (/opt/ros/foxy/share/rclcpp/cmake)
[0.276s] -- Using all available rosidl_typesupport_c: rosidl_typesupport_fastrtps_c;rosidl_typesupport_introspection_c
[0.279s] -- Found rosidl_adapter: 1.3.1 (/opt/ros/foxy/share/rosidl_adapter/cmake)
[0.367s] -- Using all available rosidl_typesupport_cpp: rosidl_typesupport_fastrtps_cpp;rosidl_typesupport_introspection_cpp
[0.404s] -- Found rmw_implementation_cmake: 1.0.4 (/opt/ros/foxy/share/rmw_implementation_cmake/cmake)
[0.405s] -- Using RMW implementation 'rmw_fastrtps_cpp' as default
[0.515s] -- Found interface: 0.0.0 (/home/weiwei/Desktop/project/ObsAvoidance/install/interface/share/interface/cmake)
[0.670s] -- Found cv_bridge: 3.0.7 (/opt/ros/foxy/share/cv_bridge/cmake)
[0.687s] -- Found pcl_conversions: 2.2.1 (/opt/ros/foxy/share/pcl_conversions/cmake)
[0.794s] -- Found octomap_msgs: 2.0.0 (/opt/ros/foxy/share/octomap_msgs/cmake)
[0.846s] -- Eigen found (include: /usr/include/eigen3, version: 3.3.7)
[0.902s] -- The imported target "vtkParseOGLExt" references the file
[0.902s]    "/usr/bin/vtkParseOGLExt-7.1"
[0.902s] but this file does not exist.  Possible reasons include:
[0.902s] * The file was deleted, renamed, or moved to another location.
[0.902s] * An install or uninstall procedure did not complete successfully.
[0.902s] * The installation package was faulty and contained
[0.902s]    "/usr/lib/cmake/vtk-7.1/VTKTargets.cmake"
[0.902s] but not all the files it references.
[0.902s] 
[0.903s] -- The imported target "vtkRenderingPythonTkWidgets" references the file
[0.903s]    "/usr/lib/x86_64-linux-gnu/libvtkRenderingPythonTkWidgets.so"
[0.903s] but this file does not exist.  Possible reasons include:
[0.903s] * The file was deleted, renamed, or moved to another location.
[0.903s] * An install or uninstall procedure did not complete successfully.
[0.903s] * The installation package was faulty and contained
[0.903s]    "/usr/lib/cmake/vtk-7.1/VTKTargets.cmake"
[0.903s] but not all the files it references.
[0.903s] 
[0.903s] -- The imported target "vtk" references the file
[0.903s]    "/usr/bin/vtk"
[0.903s] but this file does not exist.  Possible reasons include:
[0.903s] * The file was deleted, renamed, or moved to another location.
[0.904s] * An install or uninstall procedure did not complete successfully.
[0.904s] * The installation package was faulty and contained
[0.904s]    "/usr/lib/cmake/vtk-7.1/VTKTargets.cmake"
[0.904s] but not all the files it references.
[0.904s] 
[0.904s] -- The imported target "pvtk" references the file
[0.904s]    "/usr/bin/pvtk"
[0.904s] but this file does not exist.  Possible reasons include:
[0.904s] * The file was deleted, renamed, or moved to another location.
[0.904s] * An install or uninstall procedure did not complete successfully.
[0.904s] * The installation package was faulty and contained
[0.904s]    "/usr/lib/cmake/vtk-7.1/VTKTargets.cmake"
[0.904s] but not all the files it references.
[0.904s] 
[0.923s] -- OpenNI found (include: /usr/include/ni, lib: /usr/lib/libOpenNI.so)
[0.927s] -- OpenNI2 found (include: /usr/include/openni2, lib: /usr/lib/libOpenNI2.so)
[0.927s] ** WARNING ** io features related to pcap will be disabled
[0.927s] ** WARNING ** io features related to png will be disabled
[0.935s] ** WARNING ** io features related to libusb-1.0 will be disabled
[0.938s] -- OpenNI found (include: /usr/include/ni, lib: /usr/lib/libOpenNI.so)
[0.942s] -- OpenNI2 found (include: /usr/include/openni2, lib: /usr/lib/libOpenNI2.so)
[0.950s] -- QHULL found (include: /usr/include, lib: optimized;/usr/lib/x86_64-linux-gnu/libqhull.so;debug;/usr/lib/x86_64-linux-gnu/libqhull.so)
[0.954s] -- OpenNI found (include: /usr/include/ni, lib: /usr/lib/libOpenNI.so)
[0.961s] -- looking for PCL_COMMON
[0.962s] -- looking for PCL_KDTREE
[0.962s] -- looking for PCL_OCTREE
[0.962s] -- looking for PCL_SEARCH
[0.963s] -- looking for PCL_SAMPLE_CONSENSUS
[0.963s] -- looking for PCL_FILTERS
[0.963s] -- looking for PCL_2D
[0.964s] -- looking for PCL_GEOMETRY
[0.964s] -- looking for PCL_IO
[0.964s] -- looking for PCL_FEATURES
[0.965s] -- looking for PCL_ML
[0.965s] -- looking for PCL_SEGMENTATION
[0.965s] -- looking for PCL_VISUALIZATION
[0.966s] -- looking for PCL_SURFACE
[0.966s] -- looking for PCL_REGISTRATION
[0.966s] -- looking for PCL_KEYPOINTS
[0.967s] -- looking for PCL_TRACKING
[0.967s] -- looking for PCL_RECOGNITION
[0.968s] -- looking for PCL_STEREO
[0.968s] -- looking for PCL_APPS
[0.969s] -- looking for PCL_IN_HAND_SCANNER
[0.969s] -- looking for PCL_POINT_CLOUD_EDITOR
[0.969s] -- looking for PCL_OUTOFCORE
[0.970s] -- looking for PCL_PEOPLE
[1.042s] -- Found AMD headers in: /usr/include/suitesparse
[1.042s] -- Found AMD library: /usr/lib/x86_64-linux-gnu/libamd.so
[1.042s] -- Found CAMD headers in: /usr/include/suitesparse
[1.042s] -- Found CAMD library: /usr/lib/x86_64-linux-gnu/libcamd.so
[1.043s] -- Found CCOLAMD headers in: /usr/include/suitesparse
[1.043s] -- Found CCOLAMD library: /usr/lib/x86_64-linux-gnu/libccolamd.so
[1.043s] -- Found CHOLMOD headers in: /usr/include/suitesparse
[1.043s] -- Found CHOLMOD library: /usr/lib/x86_64-linux-gnu/libcholmod.so
[1.043s] -- Found COLAMD headers in: /usr/include/suitesparse
[1.043s] -- Found COLAMD library: /usr/lib/x86_64-linux-gnu/libcolamd.so
[1.043s] -- Found SPQR headers in: /usr/include/suitesparse
[1.043s] -- Found SPQR library: /usr/lib/x86_64-linux-gnu/libspqr.so
[1.043s] -- Found Config headers in: /usr/include/suitesparse
[1.043s] -- Found Config library: /usr/lib/x86_64-linux-gnu/libsuitesparseconfig.so
[1.044s] -- Found Intel Thread Building Blocks (TBB) library (2020.1 / 11101) include location: . Assuming SuiteSparseQR was compiled with TBB.
[1.044s] -- Adding librt to SuiteSparse_config libraries (required on Linux & Unix [not OSX] if SuiteSparse is compiled with timing).
[1.046s] -- Could NOT find METIS (missing: METIS_INCLUDE_DIR METIS_LIBRARY) 
[1.049s] -- Found required Ceres dependency: Eigen version 3.3.9 in /usr/local/share/eigen3/cmake
[1.050s] -- Found required Ceres dependency: glog
[1.051s] -- Found required Ceres dependency: gflags
[1.052s] -- Found Ceres version: 2.2.0 installed in: /usr/local with components: [EigenSparse, SparseLinearAlgebraLibrary, LAPACK, SuiteSparse, SchurSpecializations]
[1.052s] -- Found ament_lint_auto: 0.9.8 (/opt/ros/foxy/share/ament_lint_auto/cmake)
[1.138s] -- Added test 'copyright' to check source files copyright and LICENSE
[1.139s] -- Added test 'cppcheck' to perform static code analysis on C / C++ code
[1.140s] -- Configured cppcheck include dirs: 
[1.140s] -- Configured cppcheck exclude dirs and/or files: 
[1.140s] -- Added test 'cpplint' to check C / C++ code against the Google style
[1.140s] -- Configured cpplint exclude dirs and/or files: 
[1.141s] -- Added test 'lint_cmake' to check CMake code style
[1.141s] -- Added test 'uncrustify' to check C / C++ code style
[1.141s] -- Configured uncrustify additional arguments: 
[1.141s] -- Added test 'xmllint' to check XML markup files
[1.144s] -- Configuring done
[1.180s] -- Generating done
[1.181s] -- Build files have been written to: /home/weiwei/Desktop/project/ObsAvoidance/build/path_planner
[1.203s] [35m[1mScanning dependencies of target path_planner[0m
[1.252s] [ 66%] [32mBuilding CXX object CMakeFiles/path_planner.dir/src/planner.cpp.o[0m
[1.252s] [ 66%] [32mBuilding CXX object CMakeFiles/path_planner.dir/src/main.cpp.o[0m
[10.969s] [100%] [32m[1mLinking CXX executable path_planner[0m
[11.261s] [100%] Built target path_planner
[11.268s] Invoked command in '/home/weiwei/Desktop/project/ObsAvoidance/build/path_planner' returned '0': AMENT_PREFIX_PATH=/home/weiwei/Desktop/project/ObsAvoidance/install/interface:${AMENT_PREFIX_PATH} CMAKE_PREFIX_PATH=/home/weiwei/Desktop/project/ObsAvoidance/install/interface:/opt/ros/foxy LD_LIBRARY_PATH=/home/weiwei/Desktop/project/ObsAvoidance/install/interface/lib:${LD_LIBRARY_PATH} PYTHONPATH=/home/weiwei/Desktop/project/ObsAvoidance/install/interface/lib/python3.8/site-packages:${PYTHONPATH} /usr/bin/cmake --build /home/weiwei/Desktop/project/ObsAvoidance/build/path_planner -- -j16 -l16
[11.291s] Invoking command in '/home/weiwei/Desktop/project/ObsAvoidance/build/path_planner': AMENT_PREFIX_PATH=/home/weiwei/Desktop/project/ObsAvoidance/install/interface:${AMENT_PREFIX_PATH} CMAKE_PREFIX_PATH=/home/weiwei/Desktop/project/ObsAvoidance/install/interface:/opt/ros/foxy LD_LIBRARY_PATH=/home/weiwei/Desktop/project/ObsAvoidance/install/interface/lib:${LD_LIBRARY_PATH} PYTHONPATH=/home/weiwei/Desktop/project/ObsAvoidance/install/interface/lib/python3.8/site-packages:${PYTHONPATH} /usr/bin/cmake --install /home/weiwei/Desktop/project/ObsAvoidance/build/path_planner
[11.295s] -- Install configuration: ""
[11.296s] -- Installing: /home/weiwei/Desktop/project/ObsAvoidance/install/path_planner/lib/path_planner/path_planner
[11.297s] -- Set runtime path of "/home/weiwei/Desktop/project/ObsAvoidance/install/path_planner/lib/path_planner/path_planner" to ""
[11.297s] -- Installing: /home/weiwei/Desktop/project/ObsAvoidance/install/path_planner/share/ament_index/resource_index/package_run_dependencies/path_planner
[11.297s] -- Up-to-date: /home/weiwei/Desktop/project/ObsAvoidance/install/path_planner/share/ament_index/resource_index/parent_prefix_path/path_planner
[11.297s] -- Up-to-date: /home/weiwei/Desktop/project/ObsAvoidance/install/path_planner/share/path_planner/environment/ament_prefix_path.sh
[11.297s] -- Installing: /home/weiwei/Desktop/project/ObsAvoidance/install/path_planner/share/path_planner/environment/ament_prefix_path.dsv
[11.297s] -- Up-to-date: /home/weiwei/Desktop/project/ObsAvoidance/install/path_planner/share/path_planner/environment/path.sh
[11.297s] -- Installing: /home/weiwei/Desktop/project/ObsAvoidance/install/path_planner/share/path_planner/environment/path.dsv
[11.297s] -- Up-to-date: /home/weiwei/Desktop/project/ObsAvoidance/install/path_planner/share/path_planner/local_setup.bash
[11.297s] -- Up-to-date: /home/weiwei/Desktop/project/ObsAvoidance/install/path_planner/share/path_planner/local_setup.sh
[11.297s] -- Up-to-date: /home/weiwei/Desktop/project/ObsAvoidance/install/path_planner/share/path_planner/local_setup.zsh
[11.297s] -- Installing: /home/weiwei/Desktop/project/ObsAvoidance/install/path_planner/share/path_planner/local_setup.dsv
[11.297s] -- Installing: /home/weiwei/Desktop/project/ObsAvoidance/install/path_planner/share/path_planner/package.dsv
[11.298s] -- Up-to-date: /home/weiwei/Desktop/project/ObsAvoidance/install/path_planner/share/ament_index/resource_index/packages/path_planner
[11.298s] -- Up-to-date: /home/weiwei/Desktop/project/ObsAvoidance/install/path_planner/share/path_planner/cmake/path_plannerConfig.cmake
[11.298s] -- Up-to-date: /home/weiwei/Desktop/project/ObsAvoidance/install/path_planner/share/path_planner/cmake/path_plannerConfig-version.cmake
[11.298s] -- Installing: /home/weiwei/Desktop/project/ObsAvoidance/install/path_planner/share/path_planner/package.xml
[11.299s] Invoked command in '/home/weiwei/Desktop/project/ObsAvoidance/build/path_planner' returned '0': AMENT_PREFIX_PATH=/home/weiwei/Desktop/project/ObsAvoidance/install/interface:${AMENT_PREFIX_PATH} CMAKE_PREFIX_PATH=/home/weiwei/Desktop/project/ObsAvoidance/install/interface:/opt/ros/foxy LD_LIBRARY_PATH=/home/weiwei/Desktop/project/ObsAvoidance/install/interface/lib:${LD_LIBRARY_PATH} PYTHONPATH=/home/weiwei/Desktop/project/ObsAvoidance/install/interface/lib/python3.8/site-packages:${PYTHONPATH} /usr/bin/cmake --install /home/weiwei/Desktop/project/ObsAvoidance/build/path_planner
