[0.080s] Invoking command in '/home/weiwei/Desktop/project/ObsAvoidance/build/path_planner': AMENT_PREFIX_PATH=/home/weiwei/Desktop/project/ObsAvoidance/install/interface:${AMENT_PREFIX_PATH} CMAKE_PREFIX_PATH=/home/weiwei/Desktop/project/ObsAvoidance/install/interface:/opt/ros/foxy LD_LIBRARY_PATH=/home/weiwei/Desktop/project/ObsAvoidance/install/interface/lib:${LD_LIBRARY_PATH} PYTHONPATH=/home/weiwei/Desktop/project/ObsAvoidance/install/interface/lib/python3.8/site-packages:${PYTHONPATH} /usr/bin/cmake --build /home/weiwei/Desktop/project/ObsAvoidance/build/path_planner -- -j16 -l16
[0.097s] -- Found ament_cmake: 0.9.12 (/opt/ros/foxy/share/ament_cmake/cmake)
[0.112s] -- Using PYTHON_EXECUTABLE: /usr/bin/python3
[0.222s] -- Found rclcpp: 2.4.3 (/opt/ros/foxy/share/rclcpp/cmake)
[0.245s] -- Using all available rosidl_typesupport_c: rosidl_typesupport_fastrtps_c;rosidl_typesupport_introspection_c
[0.247s] -- Found rosidl_adapter: 1.3.1 (/opt/ros/foxy/share/rosidl_adapter/cmake)
[0.326s] -- Using all available rosidl_typesupport_cpp: rosidl_typesupport_fastrtps_cpp;rosidl_typesupport_introspection_cpp
[0.355s] -- Found rmw_implementation_cmake: 1.0.4 (/opt/ros/foxy/share/rmw_implementation_cmake/cmake)
[0.356s] -- Using RMW implementation 'rmw_fastrtps_cpp' as default
[0.442s] -- Found interface: 0.0.0 (/home/weiwei/Desktop/project/ObsAvoidance/install/interface/share/interface/cmake)
[0.590s] -- Found cv_bridge: 3.0.7 (/opt/ros/foxy/share/cv_bridge/cmake)
[0.606s] -- Found pcl_conversions: 2.2.1 (/opt/ros/foxy/share/pcl_conversions/cmake)
[0.710s] -- Found octomap_msgs: 2.0.0 (/opt/ros/foxy/share/octomap_msgs/cmake)
[0.758s] -- Eigen found (include: /usr/include/eigen3, version: 3.3.7)
[0.811s] -- The imported target "vtkParseOGLExt" references the file
[0.811s]    "/usr/bin/vtkParseOGLExt-7.1"
[0.811s] but this file does not exist.  Possible reasons include:
[0.811s] * The file was deleted, renamed, or moved to another location.
[0.811s] * An install or uninstall procedure did not complete successfully.
[0.811s] * The installation package was faulty and contained
[0.811s]    "/usr/lib/cmake/vtk-7.1/VTKTargets.cmake"
[0.811s] but not all the files it references.
[0.811s] 
[0.811s] -- The imported target "vtkRenderingPythonTkWidgets" references the file
[0.811s]    "/usr/lib/x86_64-linux-gnu/libvtkRenderingPythonTkWidgets.so"
[0.811s] but this file does not exist.  Possible reasons include:
[0.812s] * The file was deleted, renamed, or moved to another location.
[0.812s] * An install or uninstall procedure did not complete successfully.
[0.812s] * The installation package was faulty and contained
[0.812s]    "/usr/lib/cmake/vtk-7.1/VTKTargets.cmake"
[0.812s] but not all the files it references.
[0.812s] 
[0.812s] -- The imported target "vtk" references the file
[0.812s]    "/usr/bin/vtk"
[0.812s] but this file does not exist.  Possible reasons include:
[0.812s] * The file was deleted, renamed, or moved to another location.
[0.812s] * An install or uninstall procedure did not complete successfully.
[0.812s] * The installation package was faulty and contained
[0.812s]    "/usr/lib/cmake/vtk-7.1/VTKTargets.cmake"
[0.812s] but not all the files it references.
[0.812s] 
[0.812s] -- The imported target "pvtk" references the file
[0.812s]    "/usr/bin/pvtk"
[0.813s] but this file does not exist.  Possible reasons include:
[0.813s] * The file was deleted, renamed, or moved to another location.
[0.813s] * An install or uninstall procedure did not complete successfully.
[0.813s] * The installation package was faulty and contained
[0.813s]    "/usr/lib/cmake/vtk-7.1/VTKTargets.cmake"
[0.813s] but not all the files it references.
[0.813s] 
[0.825s] -- OpenNI found (include: /usr/include/ni, lib: /usr/lib/libOpenNI.so)
[0.829s] -- OpenNI2 found (include: /usr/include/openni2, lib: /usr/lib/libOpenNI2.so)
[0.829s] ** WARNING ** io features related to pcap will be disabled
[0.829s] ** WARNING ** io features related to png will be disabled
[0.837s] ** WARNING ** io features related to libusb-1.0 will be disabled
[0.840s] -- OpenNI found (include: /usr/include/ni, lib: /usr/lib/libOpenNI.so)
[0.844s] -- OpenNI2 found (include: /usr/include/openni2, lib: /usr/lib/libOpenNI2.so)
[0.852s] -- QHULL found (include: /usr/include, lib: optimized;/usr/lib/x86_64-linux-gnu/libqhull.so;debug;/usr/lib/x86_64-linux-gnu/libqhull.so)
[0.855s] -- OpenNI found (include: /usr/include/ni, lib: /usr/lib/libOpenNI.so)
[0.863s] -- looking for PCL_COMMON
[0.863s] -- looking for PCL_KDTREE
[0.863s] -- looking for PCL_OCTREE
[0.864s] -- looking for PCL_SEARCH
[0.864s] -- looking for PCL_SAMPLE_CONSENSUS
[0.865s] -- looking for PCL_FILTERS
[0.865s] -- looking for PCL_2D
[0.865s] -- looking for PCL_GEOMETRY
[0.866s] -- looking for PCL_IO
[0.866s] -- looking for PCL_FEATURES
[0.866s] -- looking for PCL_ML
[0.867s] -- looking for PCL_SEGMENTATION
[0.867s] -- looking for PCL_VISUALIZATION
[0.868s] -- looking for PCL_SURFACE
[0.868s] -- looking for PCL_REGISTRATION
[0.869s] -- looking for PCL_KEYPOINTS
[0.869s] -- looking for PCL_TRACKING
[0.869s] -- looking for PCL_RECOGNITION
[0.870s] -- looking for PCL_STEREO
[0.870s] -- looking for PCL_APPS
[0.871s] -- looking for PCL_IN_HAND_SCANNER
[0.871s] -- looking for PCL_POINT_CLOUD_EDITOR
[0.872s] -- looking for PCL_OUTOFCORE
[0.872s] -- looking for PCL_PEOPLE
[0.947s] -- Found AMD headers in: /usr/include/suitesparse
[0.947s] -- Found AMD library: /usr/lib/x86_64-linux-gnu/libamd.so
[0.947s] -- Found CAMD headers in: /usr/include/suitesparse
[0.947s] -- Found CAMD library: /usr/lib/x86_64-linux-gnu/libcamd.so
[0.947s] -- Found CCOLAMD headers in: /usr/include/suitesparse
[0.947s] -- Found CCOLAMD library: /usr/lib/x86_64-linux-gnu/libccolamd.so
[0.947s] -- Found CHOLMOD headers in: /usr/include/suitesparse
[0.947s] -- Found CHOLMOD library: /usr/lib/x86_64-linux-gnu/libcholmod.so
[0.947s] -- Found COLAMD headers in: /usr/include/suitesparse
[0.947s] -- Found COLAMD library: /usr/lib/x86_64-linux-gnu/libcolamd.so
[0.947s] -- Found SPQR headers in: /usr/include/suitesparse
[0.948s] -- Found SPQR library: /usr/lib/x86_64-linux-gnu/libspqr.so
[0.948s] -- Found Config headers in: /usr/include/suitesparse
[0.948s] -- Found Config library: /usr/lib/x86_64-linux-gnu/libsuitesparseconfig.so
[0.948s] -- Found Intel Thread Building Blocks (TBB) library (2020.1 / 11101) include location: . Assuming SuiteSparseQR was compiled with TBB.
[0.949s] -- Adding librt to SuiteSparse_config libraries (required on Linux & Unix [not OSX] if SuiteSparse is compiled with timing).
[0.952s] -- Could NOT find METIS (missing: METIS_INCLUDE_DIR METIS_LIBRARY) 
[0.954s] -- Found required Ceres dependency: Eigen version 3.3.9 in /usr/local/share/eigen3/cmake
[0.955s] -- Found required Ceres dependency: glog
[0.956s] -- Found required Ceres dependency: gflags
[0.956s] -- Found Ceres version: 2.2.0 installed in: /usr/local with components: [EigenSparse, SparseLinearAlgebraLibrary, LAPACK, SuiteSparse, SchurSpecializations]
[0.956s] -- Found ament_lint_auto: 0.9.8 (/opt/ros/foxy/share/ament_lint_auto/cmake)
[1.041s] -- Added test 'copyright' to check source files copyright and LICENSE
[1.042s] -- Added test 'cppcheck' to perform static code analysis on C / C++ code
[1.042s] -- Configured cppcheck include dirs: 
[1.042s] -- Configured cppcheck exclude dirs and/or files: 
[1.043s] -- Added test 'cpplint' to check C / C++ code against the Google style
[1.043s] -- Configured cpplint exclude dirs and/or files: 
[1.043s] -- Added test 'lint_cmake' to check CMake code style
[1.043s] -- Added test 'uncrustify' to check C / C++ code style
[1.043s] -- Configured uncrustify additional arguments: 
[1.043s] -- Added test 'xmllint' to check XML markup files
[1.045s] -- Configuring done
[1.069s] -- Generating done
[1.070s] -- Build files have been written to: /home/weiwei/Desktop/project/ObsAvoidance/build/path_planner
[1.093s] [35m[1mScanning dependencies of target path_planner[0m
[1.117s] [ 33%] [32mBuilding CXX object CMakeFiles/path_planner.dir/src/main.cpp.o[0m
[1.118s] [ 66%] [32mBuilding CXX object CMakeFiles/path_planner.dir/src/planner.cpp.o[0m
[10.546s] [100%] [32m[1mLinking CXX executable path_planner[0m
[10.881s] [100%] Built target path_planner
[10.887s] Invoked command in '/home/weiwei/Desktop/project/ObsAvoidance/build/path_planner' returned '0': AMENT_PREFIX_PATH=/home/weiwei/Desktop/project/ObsAvoidance/install/interface:${AMENT_PREFIX_PATH} CMAKE_PREFIX_PATH=/home/weiwei/Desktop/project/ObsAvoidance/install/interface:/opt/ros/foxy LD_LIBRARY_PATH=/home/weiwei/Desktop/project/ObsAvoidance/install/interface/lib:${LD_LIBRARY_PATH} PYTHONPATH=/home/weiwei/Desktop/project/ObsAvoidance/install/interface/lib/python3.8/site-packages:${PYTHONPATH} /usr/bin/cmake --build /home/weiwei/Desktop/project/ObsAvoidance/build/path_planner -- -j16 -l16
[10.912s] Invoking command in '/home/weiwei/Desktop/project/ObsAvoidance/build/path_planner': AMENT_PREFIX_PATH=/home/weiwei/Desktop/project/ObsAvoidance/install/interface:${AMENT_PREFIX_PATH} CMAKE_PREFIX_PATH=/home/weiwei/Desktop/project/ObsAvoidance/install/interface:/opt/ros/foxy LD_LIBRARY_PATH=/home/weiwei/Desktop/project/ObsAvoidance/install/interface/lib:${LD_LIBRARY_PATH} PYTHONPATH=/home/weiwei/Desktop/project/ObsAvoidance/install/interface/lib/python3.8/site-packages:${PYTHONPATH} /usr/bin/cmake --install /home/weiwei/Desktop/project/ObsAvoidance/build/path_planner
[10.921s] -- Install configuration: ""
[10.922s] -- Installing: /home/weiwei/Desktop/project/ObsAvoidance/install/path_planner/lib/path_planner/path_planner
[10.924s] -- Set runtime path of "/home/weiwei/Desktop/project/ObsAvoidance/install/path_planner/lib/path_planner/path_planner" to ""
[10.924s] -- Installing: /home/weiwei/Desktop/project/ObsAvoidance/install/path_planner/share/ament_index/resource_index/package_run_dependencies/path_planner
[10.925s] -- Up-to-date: /home/weiwei/Desktop/project/ObsAvoidance/install/path_planner/share/ament_index/resource_index/parent_prefix_path/path_planner
[10.925s] -- Up-to-date: /home/weiwei/Desktop/project/ObsAvoidance/install/path_planner/share/path_planner/environment/ament_prefix_path.sh
[10.926s] -- Installing: /home/weiwei/Desktop/project/ObsAvoidance/install/path_planner/share/path_planner/environment/ament_prefix_path.dsv
[10.926s] -- Up-to-date: /home/weiwei/Desktop/project/ObsAvoidance/install/path_planner/share/path_planner/environment/path.sh
[10.926s] -- Installing: /home/weiwei/Desktop/project/ObsAvoidance/install/path_planner/share/path_planner/environment/path.dsv
[10.926s] -- Up-to-date: /home/weiwei/Desktop/project/ObsAvoidance/install/path_planner/share/path_planner/local_setup.bash
[10.926s] -- Up-to-date: /home/weiwei/Desktop/project/ObsAvoidance/install/path_planner/share/path_planner/local_setup.sh
[10.926s] -- Up-to-date: /home/weiwei/Desktop/project/ObsAvoidance/install/path_planner/share/path_planner/local_setup.zsh
[10.926s] -- Installing: /home/weiwei/Desktop/project/ObsAvoidance/install/path_planner/share/path_planner/local_setup.dsv
[10.926s] -- Installing: /home/weiwei/Desktop/project/ObsAvoidance/install/path_planner/share/path_planner/package.dsv
[10.926s] -- Up-to-date: /home/weiwei/Desktop/project/ObsAvoidance/install/path_planner/share/ament_index/resource_index/packages/path_planner
[10.926s] -- Up-to-date: /home/weiwei/Desktop/project/ObsAvoidance/install/path_planner/share/path_planner/cmake/path_plannerConfig.cmake
[10.926s] -- Up-to-date: /home/weiwei/Desktop/project/ObsAvoidance/install/path_planner/share/path_planner/cmake/path_plannerConfig-version.cmake
[10.926s] -- Installing: /home/weiwei/Desktop/project/ObsAvoidance/install/path_planner/share/path_planner/package.xml
[10.928s] Invoked command in '/home/weiwei/Desktop/project/ObsAvoidance/build/path_planner' returned '0': AMENT_PREFIX_PATH=/home/weiwei/Desktop/project/ObsAvoidance/install/interface:${AMENT_PREFIX_PATH} CMAKE_PREFIX_PATH=/home/weiwei/Desktop/project/ObsAvoidance/install/interface:/opt/ros/foxy LD_LIBRARY_PATH=/home/weiwei/Desktop/project/ObsAvoidance/install/interface/lib:${LD_LIBRARY_PATH} PYTHONPATH=/home/weiwei/Desktop/project/ObsAvoidance/install/interface/lib/python3.8/site-packages:${PYTHONPATH} /usr/bin/cmake --install /home/weiwei/Desktop/project/ObsAvoidance/build/path_planner
