[0.085s] Invoking command in '/home/weiwei/Desktop/project/ObsAvoidance/build/interface': CMAKE_PREFIX_PATH=/opt/ros/foxy /usr/bin/cmake /home/weiwei/Desktop/project/ObsAvoidance/src/interface -DCMAKE_INSTALL_PREFIX=/home/weiwei/Desktop/project/ObsAvoidance/install/interface
[0.147s] -- The C compiler identification is GNU 9.4.0
[0.188s] -- The CXX compiler identification is GNU 9.4.0
[0.191s] -- Check for working C compiler: /usr/bin/cc
[0.237s] -- Check for working C compiler: /usr/bin/cc -- works
[0.238s] -- Detecting C compiler ABI info
[0.285s] -- Detecting C compiler ABI info - done
[0.292s] -- Detecting C compile features
[0.293s] -- Detecting C compile features - done
[0.295s] -- Check for working CXX compiler: /usr/bin/c++
[0.345s] -- Check for working CXX compiler: /usr/bin/c++ -- works
[0.345s] -- Detecting CXX compiler ABI info
[0.397s] -- Detecting CXX compiler ABI info - done
[0.405s] -- Detecting CXX compile features
[0.405s] -- Detecting CXX compile features - done
[0.407s] -- Found ament_cmake: 0.9.12 (/opt/ros/foxy/share/ament_cmake/cmake)
[0.425s] -- Found PythonInterp: /usr/bin/python3 (found suitable version "3.8.10", minimum required is "3") 
[0.425s] -- Using PYTHON_EXECUTABLE: /usr/bin/python3
[0.563s] -- Found rclcpp: 2.4.3 (/opt/ros/foxy/share/rclcpp/cmake)
[0.594s] -- Using all available rosidl_typesupport_c: rosidl_typesupport_fastrtps_c;rosidl_typesupport_introspection_c
[0.599s] -- Found rosidl_adapter: 1.3.1 (/opt/ros/foxy/share/rosidl_adapter/cmake)
[0.654s] -- Found OpenSSL: /usr/lib/x86_64-linux-gnu/libcrypto.so (found version "1.1.1f")  
[0.674s] -- Found FastRTPS: /opt/ros/foxy/include  
[0.735s] -- Using all available rosidl_typesupport_cpp: rosidl_typesupport_fastrtps_cpp;rosidl_typesupport_introspection_cpp
[0.772s] -- Found rmw_implementation_cmake: 1.0.4 (/opt/ros/foxy/share/rmw_implementation_cmake/cmake)
[0.773s] -- Using RMW implementation 'rmw_fastrtps_cpp' as default
[0.774s] -- Looking for pthread.h
[0.827s] -- Looking for pthread.h - found
[0.827s] -- Performing Test CMAKE_HAVE_LIBC_PTHREAD
[0.880s] -- Performing Test CMAKE_HAVE_LIBC_PTHREAD - Failed
[0.880s] -- Looking for pthread_create in pthreads
[0.922s] -- Looking for pthread_create in pthreads - not found
[0.922s] -- Looking for pthread_create in pthread
[0.971s] -- Looking for pthread_create in pthread - found
[0.971s] -- Found Threads: TRUE  
[1.072s] -- Found sensor_msgs: 2.0.5 (/opt/ros/foxy/share/sensor_msgs/cmake)
[1.159s] -- Found rosidl_default_generators: 1.0.1 (/opt/ros/foxy/share/rosidl_default_generators/cmake)
[1.168s] -- Found ament_lint_auto: 0.9.8 (/opt/ros/foxy/share/ament_lint_auto/cmake)
[1.230s] -- Found PythonInterp: /usr/bin/python3 (found version "3.8.10") 
[1.324s] -- Found ament_cmake_ros: 0.9.2 (/opt/ros/foxy/share/ament_cmake_ros/cmake)
[1.532s] -- Using all available rosidl_typesupport_c: rosidl_typesupport_fastrtps_c;rosidl_typesupport_introspection_c
[1.629s] -- Using all available rosidl_typesupport_cpp: rosidl_typesupport_fastrtps_cpp;rosidl_typesupport_introspection_cpp
[1.652s] -- Found PythonInterp: /usr/bin/python3 (found suitable version "3.8.10", minimum required is "3.5") 
[1.654s] -- Found python_cmake_module: 0.8.1 (/opt/ros/foxy/share/python_cmake_module/cmake)
[1.673s] -- Found PythonLibs: /usr/lib/x86_64-linux-gnu/libpython3.8.so (found suitable version "3.8.10", minimum required is "3.5") 
[1.673s] -- Using PYTHON_EXECUTABLE: /usr/bin/python3
[1.673s] -- Using PYTHON_INCLUDE_DIRS: /usr/include/python3.8
[1.673s] -- Using PYTHON_LIBRARIES: /usr/lib/x86_64-linux-gnu/libpython3.8.so
[1.689s] -- Found PythonExtra: .so  
[1.753s] -- Added test 'copyright' to check source files copyright and LICENSE
[1.754s] -- Added test 'lint_cmake' to check CMake code style
[1.755s] -- Added test 'xmllint' to check XML markup files
[1.761s] -- Configuring done
[1.804s] -- Generating done
[1.806s] -- Build files have been written to: /home/weiwei/Desktop/project/ObsAvoidance/build/interface
[1.814s] Invoked command in '/home/weiwei/Desktop/project/ObsAvoidance/build/interface' returned '0': CMAKE_PREFIX_PATH=/opt/ros/foxy /usr/bin/cmake /home/weiwei/Desktop/project/ObsAvoidance/src/interface -DCMAKE_INSTALL_PREFIX=/home/weiwei/Desktop/project/ObsAvoidance/install/interface
[1.816s] Invoking command in '/home/weiwei/Desktop/project/ObsAvoidance/build/interface': CMAKE_PREFIX_PATH=/opt/ros/foxy /usr/bin/cmake --build /home/weiwei/Desktop/project/ObsAvoidance/build/interface -- -j16 -l16
[1.843s] [35m[1mScanning dependencies of target interface__cpp[0m
[1.843s] [  3%] [34m[1mGenerating C code for ROS interfaces[0m
[1.849s] [  6%] [34m[1mGenerating C++ code for ROS interfaces[0m
[1.990s] [  6%] Built target interface__cpp
[1.994s] [35m[1mScanning dependencies of target interface__rosidl_generator_c[0m
[1.996s] [  9%] [34m[1mGenerating C++ introspection for ROS interfaces[0m
[1.997s] [ 12%] [34m[1mGenerating C++ type support dispatch for ROS interfaces[0m
[1.997s] [ 16%] [34m[1mGenerating C++ type support for eProsima Fast-RTPS[0m
[2.005s] [ 19%] [32mBuilding C object CMakeFiles/interface__rosidl_generator_c.dir/rosidl_generator_c/interface/msg/detail/slam__functions.c.o[0m
[2.040s] [ 22%] [32m[1mLinking C shared library libinterface__rosidl_generator_c.so[0m
[2.067s] [ 22%] Built target interface__rosidl_generator_c
[2.075s] [ 29%] [34m[1mGenerating C introspection for ROS interfaces[0m
[2.075s] [ 29%] [34m[1mGenerating C type support dispatch for ROS interfaces[0m
[2.131s] [35m[1mScanning dependencies of target interface__rosidl_typesupport_cpp[0m
[2.140s] [35m[1mScanning dependencies of target interface__rosidl_typesupport_introspection_cpp[0m
[2.141s] [ 32%] [32mBuilding CXX object CMakeFiles/interface__rosidl_typesupport_cpp.dir/rosidl_typesupport_cpp/interface/msg/slam__type_support.cpp.o[0m
[2.145s] [35m[1mScanning dependencies of target interface__rosidl_typesupport_fastrtps_cpp[0m
[2.150s] [ 35%] [32mBuilding CXX object CMakeFiles/interface__rosidl_typesupport_introspection_cpp.dir/rosidl_typesupport_introspection_cpp/interface/msg/detail/slam__type_support.cpp.o[0m
[2.156s] [ 38%] [32mBuilding CXX object CMakeFiles/interface__rosidl_typesupport_fastrtps_cpp.dir/rosidl_typesupport_fastrtps_cpp/interface/msg/detail/dds_fastrtps/slam__type_support.cpp.o[0m
[2.210s] [35m[1mScanning dependencies of target interface__rosidl_typesupport_c[0m
[2.225s] [ 41%] [32mBuilding CXX object CMakeFiles/interface__rosidl_typesupport_c.dir/rosidl_typesupport_c/interface/msg/slam__type_support.cpp.o[0m
[2.242s] [35m[1mScanning dependencies of target interface__rosidl_typesupport_introspection_c[0m
[2.254s] [ 48%] [32mBuilding C object CMakeFiles/interface__rosidl_typesupport_introspection_c.dir/rosidl_typesupport_introspection_c/interface/msg/detail/slam__type_support.c.o[0m
[2.254s] [ 48%] [32m[1mLinking CXX shared library libinterface__rosidl_typesupport_c.so[0m
[2.276s] [ 51%] [32m[1mLinking C shared library libinterface__rosidl_typesupport_introspection_c.so[0m
[2.281s] [ 51%] Built target interface__rosidl_typesupport_c
[2.299s] [ 51%] Built target interface__rosidl_typesupport_introspection_c
[2.336s] [ 54%] [32m[1mLinking CXX shared library libinterface__rosidl_typesupport_cpp.so[0m
[2.363s] [ 54%] Built target interface__rosidl_typesupport_cpp
[2.364s] [ 58%] [32m[1mLinking CXX shared library libinterface__rosidl_typesupport_introspection_cpp.so[0m
[2.404s] [ 58%] Built target interface__rosidl_typesupport_introspection_cpp
[2.434s] [ 61%] [32m[1mLinking CXX shared library libinterface__rosidl_typesupport_fastrtps_cpp.so[0m
[2.492s] [ 61%] Built target interface__rosidl_typesupport_fastrtps_cpp
[2.500s] [ 64%] [34m[1mGenerating C type support for eProsima Fast-RTPS[0m
[2.642s] [35m[1mScanning dependencies of target interface__rosidl_typesupport_fastrtps_c[0m
[2.654s] [ 67%] [32mBuilding CXX object CMakeFiles/interface__rosidl_typesupport_fastrtps_c.dir/rosidl_typesupport_fastrtps_c/interface/msg/detail/slam__type_support_c.cpp.o[0m
[2.861s] [ 70%] [32m[1mLinking CXX shared library libinterface__rosidl_typesupport_fastrtps_c.so[0m
[2.917s] [ 70%] Built target interface__rosidl_typesupport_fastrtps_c
[2.924s] [35m[1mScanning dependencies of target interface[0m
[2.932s] [ 70%] Built target interface
[2.939s] [35m[1mScanning dependencies of target interface__py[0m
[2.947s] [ 74%] [34m[1mGenerating Python code for ROS interfaces[0m
[3.231s] [ 74%] Built target interface__py
[3.237s] [35m[1mScanning dependencies of target interface__python[0m
[3.258s] [ 77%] [32mBuilding C object CMakeFiles/interface__python.dir/rosidl_generator_py/interface/msg/_slam_s.c.o[0m
[3.312s] [ 80%] [32m[1mLinking C shared library rosidl_generator_py/interface/libinterface__python.so[0m
[3.342s] [ 80%] Built target interface__python
[3.348s] [35m[1mScanning dependencies of target interface__rosidl_typesupport_c__pyext[0m
[3.348s] [35m[1mScanning dependencies of target interface__rosidl_typesupport_introspection_c__pyext[0m
[3.348s] [35m[1mScanning dependencies of target interface__rosidl_typesupport_fastrtps_c__pyext[0m
[3.360s] [ 83%] [32mBuilding C object CMakeFiles/interface__rosidl_typesupport_c__pyext.dir/rosidl_generator_py/interface/_interface_s.ep.rosidl_typesupport_c.c.o[0m
[3.360s] [ 87%] [32mBuilding C object CMakeFiles/interface__rosidl_typesupport_introspection_c__pyext.dir/rosidl_generator_py/interface/_interface_s.ep.rosidl_typesupport_introspection_c.c.o[0m
[3.362s] [ 90%] [32mBuilding C object CMakeFiles/interface__rosidl_typesupport_fastrtps_c__pyext.dir/rosidl_generator_py/interface/_interface_s.ep.rosidl_typesupport_fastrtps_c.c.o[0m
[3.412s] [ 93%] [32m[1mLinking C shared library rosidl_generator_py/interface/interface_s__rosidl_typesupport_introspection_c.cpython-38-x86_64-linux-gnu.so[0m
[3.413s] [ 96%] [32m[1mLinking C shared library rosidl_generator_py/interface/interface_s__rosidl_typesupport_c.cpython-38-x86_64-linux-gnu.so[0m
[3.416s] [100%] [32m[1mLinking CXX shared library rosidl_generator_py/interface/interface_s__rosidl_typesupport_fastrtps_c.cpython-38-x86_64-linux-gnu.so[0m
[3.440s] [100%] Built target interface__rosidl_typesupport_c__pyext
[3.440s] [100%] Built target interface__rosidl_typesupport_introspection_c__pyext
[3.465s] [100%] Built target interface__rosidl_typesupport_fastrtps_c__pyext
[3.472s] Invoked command in '/home/weiwei/Desktop/project/ObsAvoidance/build/interface' returned '0': CMAKE_PREFIX_PATH=/opt/ros/foxy /usr/bin/cmake --build /home/weiwei/Desktop/project/ObsAvoidance/build/interface -- -j16 -l16
[3.513s] Invoking command in '/home/weiwei/Desktop/project/ObsAvoidance/build/interface': CMAKE_PREFIX_PATH=/opt/ros/foxy /usr/bin/cmake --install /home/weiwei/Desktop/project/ObsAvoidance/build/interface
[3.519s] -- Install configuration: ""
[3.519s] -- Installing: /home/weiwei/Desktop/project/ObsAvoidance/install/interface/share/ament_index/resource_index/rosidl_interfaces/interface
[3.519s] -- Installing: /home/weiwei/Desktop/project/ObsAvoidance/install/interface/include/interface
[3.519s] -- Installing: /home/weiwei/Desktop/project/ObsAvoidance/install/interface/include/interface/msg
[3.519s] -- Installing: /home/weiwei/Desktop/project/ObsAvoidance/install/interface/include/interface/msg/detail
[3.519s] -- Installing: /home/weiwei/Desktop/project/ObsAvoidance/install/interface/include/interface/msg/detail/slam__struct.h
[3.519s] -- Installing: /home/weiwei/Desktop/project/ObsAvoidance/install/interface/include/interface/msg/detail/slam__type_support.h
[3.519s] -- Installing: /home/weiwei/Desktop/project/ObsAvoidance/install/interface/include/interface/msg/detail/slam__functions.c
[3.519s] -- Installing: /home/weiwei/Desktop/project/ObsAvoidance/install/interface/include/interface/msg/detail/slam__functions.h
[3.519s] -- Installing: /home/weiwei/Desktop/project/ObsAvoidance/install/interface/include/interface/msg/slam.h
[3.519s] -- Installing: /home/weiwei/Desktop/project/ObsAvoidance/install/interface/include/interface/msg/rosidl_generator_c__visibility_control.h
[3.519s] -- Installing: /home/weiwei/Desktop/project/ObsAvoidance/install/interface/share/interface/environment/library_path.sh
[3.519s] -- Installing: /home/weiwei/Desktop/project/ObsAvoidance/install/interface/share/interface/environment/library_path.dsv
[3.519s] -- Installing: /home/weiwei/Desktop/project/ObsAvoidance/install/interface/lib/libinterface__rosidl_generator_c.so
[3.520s] -- Set runtime path of "/home/weiwei/Desktop/project/ObsAvoidance/install/interface/lib/libinterface__rosidl_generator_c.so" to ""
[3.520s] -- Up-to-date: /home/weiwei/Desktop/project/ObsAvoidance/install/interface/include/interface
[3.520s] -- Up-to-date: /home/weiwei/Desktop/project/ObsAvoidance/install/interface/include/interface/msg
[3.520s] -- Up-to-date: /home/weiwei/Desktop/project/ObsAvoidance/install/interface/include/interface/msg/detail
[3.520s] -- Installing: /home/weiwei/Desktop/project/ObsAvoidance/install/interface/include/interface/msg/detail/slam__rosidl_typesupport_fastrtps_c.h
[3.520s] -- Installing: /home/weiwei/Desktop/project/ObsAvoidance/install/interface/include/interface/msg/rosidl_typesupport_fastrtps_c__visibility_control.h
[3.520s] -- Installing: /home/weiwei/Desktop/project/ObsAvoidance/install/interface/lib/libinterface__rosidl_typesupport_fastrtps_c.so
[3.520s] -- Set runtime path of "/home/weiwei/Desktop/project/ObsAvoidance/install/interface/lib/libinterface__rosidl_typesupport_fastrtps_c.so" to ""
[3.520s] -- Up-to-date: /home/weiwei/Desktop/project/ObsAvoidance/install/interface/include/interface
[3.520s] -- Up-to-date: /home/weiwei/Desktop/project/ObsAvoidance/install/interface/include/interface/msg
[3.520s] -- Up-to-date: /home/weiwei/Desktop/project/ObsAvoidance/install/interface/include/interface/msg/detail
[3.520s] -- Installing: /home/weiwei/Desktop/project/ObsAvoidance/install/interface/include/interface/msg/detail/slam__rosidl_typesupport_fastrtps_cpp.hpp
[3.520s] -- Installing: /home/weiwei/Desktop/project/ObsAvoidance/install/interface/include/interface/msg/detail/dds_fastrtps
[3.520s] -- Installing: /home/weiwei/Desktop/project/ObsAvoidance/install/interface/include/interface/msg/rosidl_typesupport_fastrtps_cpp__visibility_control.h
[3.520s] -- Installing: /home/weiwei/Desktop/project/ObsAvoidance/install/interface/lib/libinterface__rosidl_typesupport_fastrtps_cpp.so
[3.520s] -- Set runtime path of "/home/weiwei/Desktop/project/ObsAvoidance/install/interface/lib/libinterface__rosidl_typesupport_fastrtps_cpp.so" to ""
[3.520s] -- Up-to-date: /home/weiwei/Desktop/project/ObsAvoidance/install/interface/include/interface
[3.521s] -- Up-to-date: /home/weiwei/Desktop/project/ObsAvoidance/install/interface/include/interface/msg
[3.521s] -- Up-to-date: /home/weiwei/Desktop/project/ObsAvoidance/install/interface/include/interface/msg/detail
[3.521s] -- Installing: /home/weiwei/Desktop/project/ObsAvoidance/install/interface/include/interface/msg/detail/slam__type_support.c
[3.521s] -- Installing: /home/weiwei/Desktop/project/ObsAvoidance/install/interface/include/interface/msg/detail/slam__rosidl_typesupport_introspection_c.h
[3.521s] -- Installing: /home/weiwei/Desktop/project/ObsAvoidance/install/interface/include/interface/msg/rosidl_typesupport_introspection_c__visibility_control.h
[3.521s] -- Installing: /home/weiwei/Desktop/project/ObsAvoidance/install/interface/lib/libinterface__rosidl_typesupport_introspection_c.so
[3.521s] -- Set runtime path of "/home/weiwei/Desktop/project/ObsAvoidance/install/interface/lib/libinterface__rosidl_typesupport_introspection_c.so" to ""
[3.521s] -- Installing: /home/weiwei/Desktop/project/ObsAvoidance/install/interface/lib/libinterface__rosidl_typesupport_c.so
[3.521s] -- Set runtime path of "/home/weiwei/Desktop/project/ObsAvoidance/install/interface/lib/libinterface__rosidl_typesupport_c.so" to ""
[3.521s] -- Up-to-date: /home/weiwei/Desktop/project/ObsAvoidance/install/interface/include/interface
[3.521s] -- Up-to-date: /home/weiwei/Desktop/project/ObsAvoidance/install/interface/include/interface/msg
[3.521s] -- Up-to-date: /home/weiwei/Desktop/project/ObsAvoidance/install/interface/include/interface/msg/detail
[3.521s] -- Installing: /home/weiwei/Desktop/project/ObsAvoidance/install/interface/include/interface/msg/detail/slam__traits.hpp
[3.521s] -- Installing: /home/weiwei/Desktop/project/ObsAvoidance/install/interface/include/interface/msg/detail/slam__type_support.hpp
[3.521s] -- Installing: /home/weiwei/Desktop/project/ObsAvoidance/install/interface/include/interface/msg/detail/slam__builder.hpp
[3.521s] -- Installing: /home/weiwei/Desktop/project/ObsAvoidance/install/interface/include/interface/msg/detail/slam__struct.hpp
[3.522s] -- Installing: /home/weiwei/Desktop/project/ObsAvoidance/install/interface/include/interface/msg/slam.hpp
[3.522s] -- Installing: /home/weiwei/Desktop/project/ObsAvoidance/install/interface/include/interface/msg/rosidl_generator_cpp__visibility_control.hpp
[3.522s] -- Up-to-date: /home/weiwei/Desktop/project/ObsAvoidance/install/interface/include/interface
[3.522s] -- Up-to-date: /home/weiwei/Desktop/project/ObsAvoidance/install/interface/include/interface/msg
[3.522s] -- Up-to-date: /home/weiwei/Desktop/project/ObsAvoidance/install/interface/include/interface/msg/detail
[3.522s] -- Installing: /home/weiwei/Desktop/project/ObsAvoidance/install/interface/include/interface/msg/detail/slam__type_support.cpp
[3.522s] -- Installing: /home/weiwei/Desktop/project/ObsAvoidance/install/interface/include/interface/msg/detail/slam__rosidl_typesupport_introspection_cpp.hpp
[3.522s] -- Installing: /home/weiwei/Desktop/project/ObsAvoidance/install/interface/lib/libinterface__rosidl_typesupport_introspection_cpp.so
[3.522s] -- Set runtime path of "/home/weiwei/Desktop/project/ObsAvoidance/install/interface/lib/libinterface__rosidl_typesupport_introspection_cpp.so" to ""
[3.522s] -- Installing: /home/weiwei/Desktop/project/ObsAvoidance/install/interface/lib/libinterface__rosidl_typesupport_cpp.so
[3.522s] -- Set runtime path of "/home/weiwei/Desktop/project/ObsAvoidance/install/interface/lib/libinterface__rosidl_typesupport_cpp.so" to ""
[3.522s] -- Installing: /home/weiwei/Desktop/project/ObsAvoidance/install/interface/share/interface/environment/pythonpath.sh
[3.522s] -- Installing: /home/weiwei/Desktop/project/ObsAvoidance/install/interface/share/interface/environment/pythonpath.dsv
[3.522s] -- Installing: /home/weiwei/Desktop/project/ObsAvoidance/install/interface/lib/python3.8/site-packages/interface/__init__.py
[3.542s] Compiling '/home/weiwei/Desktop/project/ObsAvoidance/install/interface/lib/python3.8/site-packages/interface/__init__.py'...
[3.545s] -- Installing: /home/weiwei/Desktop/project/ObsAvoidance/install/interface/lib/python3.8/site-packages/interface/msg
[3.545s] -- Installing: /home/weiwei/Desktop/project/ObsAvoidance/install/interface/lib/python3.8/site-packages/interface/msg/_slam.py
[3.546s] -- Installing: /home/weiwei/Desktop/project/ObsAvoidance/install/interface/lib/python3.8/site-packages/interface/msg/_slam_s.c
[3.546s] -- Installing: /home/weiwei/Desktop/project/ObsAvoidance/install/interface/lib/python3.8/site-packages/interface/msg/__init__.py
[3.546s] -- Installing: /home/weiwei/Desktop/project/ObsAvoidance/install/interface/lib/python3.8/site-packages/interface/interface_s__rosidl_typesupport_fastrtps_c.cpython-38-x86_64-linux-gnu.so
[3.546s] -- Set runtime path of "/home/weiwei/Desktop/project/ObsAvoidance/install/interface/lib/python3.8/site-packages/interface/interface_s__rosidl_typesupport_fastrtps_c.cpython-38-x86_64-linux-gnu.so" to ""
[3.546s] -- Installing: /home/weiwei/Desktop/project/ObsAvoidance/install/interface/lib/python3.8/site-packages/interface/interface_s__rosidl_typesupport_introspection_c.cpython-38-x86_64-linux-gnu.so
[3.546s] -- Set runtime path of "/home/weiwei/Desktop/project/ObsAvoidance/install/interface/lib/python3.8/site-packages/interface/interface_s__rosidl_typesupport_introspection_c.cpython-38-x86_64-linux-gnu.so" to ""
[3.546s] -- Installing: /home/weiwei/Desktop/project/ObsAvoidance/install/interface/lib/python3.8/site-packages/interface/interface_s__rosidl_typesupport_c.cpython-38-x86_64-linux-gnu.so
[3.546s] -- Set runtime path of "/home/weiwei/Desktop/project/ObsAvoidance/install/interface/lib/python3.8/site-packages/interface/interface_s__rosidl_typesupport_c.cpython-38-x86_64-linux-gnu.so" to ""
[3.547s] -- Installing: /home/weiwei/Desktop/project/ObsAvoidance/install/interface/lib/libinterface__python.so
[3.547s] -- Set runtime path of "/home/weiwei/Desktop/project/ObsAvoidance/install/interface/lib/libinterface__python.so" to ""
[3.547s] -- Installing: /home/weiwei/Desktop/project/ObsAvoidance/install/interface/share/interface/msg/Slam.idl
[3.547s] -- Installing: /home/weiwei/Desktop/project/ObsAvoidance/install/interface/share/interface/msg/Slam.msg
[3.547s] -- Installing: /home/weiwei/Desktop/project/ObsAvoidance/install/interface/share/ament_index/resource_index/package_run_dependencies/interface
[3.547s] -- Installing: /home/weiwei/Desktop/project/ObsAvoidance/install/interface/share/ament_index/resource_index/parent_prefix_path/interface
[3.547s] -- Installing: /home/weiwei/Desktop/project/ObsAvoidance/install/interface/share/interface/environment/ament_prefix_path.sh
[3.547s] -- Installing: /home/weiwei/Desktop/project/ObsAvoidance/install/interface/share/interface/environment/ament_prefix_path.dsv
[3.547s] -- Installing: /home/weiwei/Desktop/project/ObsAvoidance/install/interface/share/interface/environment/path.sh
[3.547s] -- Installing: /home/weiwei/Desktop/project/ObsAvoidance/install/interface/share/interface/environment/path.dsv
[3.547s] -- Installing: /home/weiwei/Desktop/project/ObsAvoidance/install/interface/share/interface/local_setup.bash
[3.547s] -- Installing: /home/weiwei/Desktop/project/ObsAvoidance/install/interface/share/interface/local_setup.sh
[3.547s] -- Installing: /home/weiwei/Desktop/project/ObsAvoidance/install/interface/share/interface/local_setup.zsh
[3.547s] -- Installing: /home/weiwei/Desktop/project/ObsAvoidance/install/interface/share/interface/local_setup.dsv
[3.548s] -- Installing: /home/weiwei/Desktop/project/ObsAvoidance/install/interface/share/interface/package.dsv
[3.548s] -- Installing: /home/weiwei/Desktop/project/ObsAvoidance/install/interface/share/ament_index/resource_index/packages/interface
[3.548s] -- Installing: /home/weiwei/Desktop/project/ObsAvoidance/install/interface/share/interface/cmake/interface__rosidl_generator_cExport.cmake
[3.548s] -- Installing: /home/weiwei/Desktop/project/ObsAvoidance/install/interface/share/interface/cmake/interface__rosidl_generator_cExport-noconfig.cmake
[3.548s] -- Installing: /home/weiwei/Desktop/project/ObsAvoidance/install/interface/share/interface/cmake/interface__rosidl_typesupport_introspection_cExport.cmake
[3.548s] -- Installing: /home/weiwei/Desktop/project/ObsAvoidance/install/interface/share/interface/cmake/interface__rosidl_typesupport_introspection_cExport-noconfig.cmake
[3.548s] -- Installing: /home/weiwei/Desktop/project/ObsAvoidance/install/interface/share/interface/cmake/interface__rosidl_typesupport_cExport.cmake
[3.548s] -- Installing: /home/weiwei/Desktop/project/ObsAvoidance/install/interface/share/interface/cmake/interface__rosidl_typesupport_cExport-noconfig.cmake
[3.548s] -- Installing: /home/weiwei/Desktop/project/ObsAvoidance/install/interface/share/interface/cmake/interface__rosidl_generator_cppExport.cmake
[3.548s] -- Installing: /home/weiwei/Desktop/project/ObsAvoidance/install/interface/share/interface/cmake/interface__rosidl_typesupport_introspection_cppExport.cmake
[3.548s] -- Installing: /home/weiwei/Desktop/project/ObsAvoidance/install/interface/share/interface/cmake/interface__rosidl_typesupport_introspection_cppExport-noconfig.cmake
[3.548s] -- Installing: /home/weiwei/Desktop/project/ObsAvoidance/install/interface/share/interface/cmake/interface__rosidl_typesupport_cppExport.cmake
[3.549s] -- Installing: /home/weiwei/Desktop/project/ObsAvoidance/install/interface/share/interface/cmake/interface__rosidl_typesupport_cppExport-noconfig.cmake
[3.549s] -- Installing: /home/weiwei/Desktop/project/ObsAvoidance/install/interface/share/interface/cmake/rosidl_cmake-extras.cmake
[3.549s] -- Installing: /home/weiwei/Desktop/project/ObsAvoidance/install/interface/share/interface/cmake/ament_cmake_export_dependencies-extras.cmake
[3.549s] -- Installing: /home/weiwei/Desktop/project/ObsAvoidance/install/interface/share/interface/cmake/ament_cmake_export_libraries-extras.cmake
[3.549s] -- Installing: /home/weiwei/Desktop/project/ObsAvoidance/install/interface/share/interface/cmake/ament_cmake_export_targets-extras.cmake
[3.549s] -- Installing: /home/weiwei/Desktop/project/ObsAvoidance/install/interface/share/interface/cmake/ament_cmake_export_include_directories-extras.cmake
[3.549s] -- Installing: /home/weiwei/Desktop/project/ObsAvoidance/install/interface/share/interface/cmake/rosidl_cmake_export_typesupport_libraries-extras.cmake
[3.549s] -- Installing: /home/weiwei/Desktop/project/ObsAvoidance/install/interface/share/interface/cmake/rosidl_cmake_export_typesupport_targets-extras.cmake
[3.549s] -- Installing: /home/weiwei/Desktop/project/ObsAvoidance/install/interface/share/interface/cmake/interfaceConfig.cmake
[3.549s] -- Installing: /home/weiwei/Desktop/project/ObsAvoidance/install/interface/share/interface/cmake/interfaceConfig-version.cmake
[3.549s] -- Installing: /home/weiwei/Desktop/project/ObsAvoidance/install/interface/share/interface/package.xml
[3.551s] Invoked command in '/home/weiwei/Desktop/project/ObsAvoidance/build/interface' returned '0': CMAKE_PREFIX_PATH=/opt/ros/foxy /usr/bin/cmake --install /home/weiwei/Desktop/project/ObsAvoidance/build/interface
