[0.082s] Invoking command in '/home/weiwei/Desktop/project/ObsAvoidance/build/interface': CMAKE_PREFIX_PATH=/opt/ros/foxy /usr/bin/cmake /home/weiwei/Desktop/project/ObsAvoidance/src/interface -DCMAKE_INSTALL_PREFIX=/home/weiwei/Desktop/project/ObsAvoidance/install/interface
[0.203s] -- The C compiler identification is GNU 9.4.0
[0.275s] -- The CXX compiler identification is GNU 9.4.0
[0.280s] -- Check for working C compiler: /usr/bin/cc
[0.329s] -- Check for working C compiler: /usr/bin/cc -- works
[0.330s] -- Detecting C compiler ABI info
[0.375s] -- Detecting C compiler ABI info - done
[0.382s] -- Detecting C compile features
[0.383s] -- Detecting C compile features - done
[0.385s] -- Check for working CXX compiler: /usr/bin/c++
[0.438s] -- Check for working CXX compiler: /usr/bin/c++ -- works
[0.439s] -- Detecting CXX compiler ABI info
[0.491s] -- Detecting CXX compiler ABI info - done
[0.498s] -- Detecting CXX compile features
[0.498s] -- Detecting CXX compile features - done
[0.506s] -- Found ament_cmake: 0.9.12 (/opt/ros/foxy/share/ament_cmake/cmake)
[0.524s] -- Found PythonInterp: /usr/bin/python3 (found suitable version "3.8.10", minimum required is "3") 
[0.525s] -- Using PYTHON_EXECUTABLE: /usr/bin/python3
[0.657s] -- Found rclcpp: 2.4.3 (/opt/ros/foxy/share/rclcpp/cmake)
[0.701s] -- Using all available rosidl_typesupport_c: rosidl_typesupport_fastrtps_c;rosidl_typesupport_introspection_c
[0.707s] -- Found rosidl_adapter: 1.3.1 (/opt/ros/foxy/share/rosidl_adapter/cmake)
[0.777s] -- Found OpenSSL: /usr/lib/x86_64-linux-gnu/libcrypto.so (found version "1.1.1f")  
[0.801s] -- Found FastRTPS: /opt/ros/foxy/include  
[0.862s] -- Using all available rosidl_typesupport_cpp: rosidl_typesupport_fastrtps_cpp;rosidl_typesupport_introspection_cpp
[0.906s] -- Found rmw_implementation_cmake: 1.0.4 (/opt/ros/foxy/share/rmw_implementation_cmake/cmake)
[0.908s] -- Using RMW implementation 'rmw_fastrtps_cpp' as default
[0.909s] -- Looking for pthread.h
[0.964s] -- Looking for pthread.h - found
[0.964s] -- Performing Test CMAKE_HAVE_LIBC_PTHREAD
[1.013s] -- Performing Test CMAKE_HAVE_LIBC_PTHREAD - Failed
[1.013s] -- Looking for pthread_create in pthreads
[1.053s] -- Looking for pthread_create in pthreads - not found
[1.053s] -- Looking for pthread_create in pthread
[1.097s] -- Looking for pthread_create in pthread - found
[1.098s] -- Found Threads: TRUE  
[1.206s] -- Found sensor_msgs: 2.0.5 (/opt/ros/foxy/share/sensor_msgs/cmake)
[1.288s] -- Found rosidl_default_generators: 1.0.1 (/opt/ros/foxy/share/rosidl_default_generators/cmake)
[1.298s] -- Found ament_lint_auto: 0.9.8 (/opt/ros/foxy/share/ament_lint_auto/cmake)
[1.363s] -- Found PythonInterp: /usr/bin/python3 (found version "3.8.10") 
[1.456s] -- Found ament_cmake_ros: 0.9.2 (/opt/ros/foxy/share/ament_cmake_ros/cmake)
[1.659s] -- Using all available rosidl_typesupport_c: rosidl_typesupport_fastrtps_c;rosidl_typesupport_introspection_c
[1.757s] -- Using all available rosidl_typesupport_cpp: rosidl_typesupport_fastrtps_cpp;rosidl_typesupport_introspection_cpp
[1.774s] -- Found PythonInterp: /usr/bin/python3 (found suitable version "3.8.10", minimum required is "3.5") 
[1.776s] -- Found python_cmake_module: 0.8.1 (/opt/ros/foxy/share/python_cmake_module/cmake)
[1.796s] -- Found PythonLibs: /usr/lib/x86_64-linux-gnu/libpython3.8.so (found suitable version "3.8.10", minimum required is "3.5") 
[1.796s] -- Using PYTHON_EXECUTABLE: /usr/bin/python3
[1.796s] -- Using PYTHON_INCLUDE_DIRS: /usr/include/python3.8
[1.796s] -- Using PYTHON_LIBRARIES: /usr/lib/x86_64-linux-gnu/libpython3.8.so
[1.810s] -- Found PythonExtra: .so  
[1.873s] -- Added test 'copyright' to check source files copyright and LICENSE
[1.874s] -- Added test 'lint_cmake' to check CMake code style
[1.875s] -- Added test 'xmllint' to check XML markup files
[1.881s] -- Configuring done
[1.923s] -- Generating done
[1.925s] -- Build files have been written to: /home/weiwei/Desktop/project/ObsAvoidance/build/interface
[1.933s] Invoked command in '/home/weiwei/Desktop/project/ObsAvoidance/build/interface' returned '0': CMAKE_PREFIX_PATH=/opt/ros/foxy /usr/bin/cmake /home/weiwei/Desktop/project/ObsAvoidance/src/interface -DCMAKE_INSTALL_PREFIX=/home/weiwei/Desktop/project/ObsAvoidance/install/interface
[1.935s] Invoking command in '/home/weiwei/Desktop/project/ObsAvoidance/build/interface': CMAKE_PREFIX_PATH=/opt/ros/foxy /usr/bin/cmake --build /home/weiwei/Desktop/project/ObsAvoidance/build/interface -- -j16 -l16
[1.962s] [35m[1mScanning dependencies of target interface__cpp[0m
[1.962s] [  3%] [34m[1mGenerating C code for ROS interfaces[0m
[1.969s] [  6%] [34m[1mGenerating C++ code for ROS interfaces[0m
[2.119s] [35m[1mScanning dependencies of target interface__rosidl_generator_c[0m
[2.129s] [  6%] Built target interface__cpp
[2.131s] [  9%] [32mBuilding C object CMakeFiles/interface__rosidl_generator_c.dir/rosidl_generator_c/interface/msg/detail/slam__functions.c.o[0m
[2.136s] [ 12%] [34m[1mGenerating C++ type support dispatch for ROS interfaces[0m
[2.137s] [ 16%] [34m[1mGenerating C++ type support for eProsima Fast-RTPS[0m
[2.137s] [ 19%] [34m[1mGenerating C++ introspection for ROS interfaces[0m
[2.167s] [ 22%] [32m[1mLinking C shared library libinterface__rosidl_generator_c.so[0m
[2.204s] [ 22%] Built target interface__rosidl_generator_c
[2.211s] [ 29%] [34m[1mGenerating C type support dispatch for ROS interfaces[0m
[2.211s] [ 29%] [34m[1mGenerating C introspection for ROS interfaces[0m
[2.274s] [35m[1mScanning dependencies of target interface__rosidl_typesupport_cpp[0m
[2.276s] [35m[1mScanning dependencies of target interface__rosidl_typesupport_introspection_cpp[0m
[2.283s] [35m[1mScanning dependencies of target interface__rosidl_typesupport_fastrtps_cpp[0m
[2.284s] [ 32%] [32mBuilding CXX object CMakeFiles/interface__rosidl_typesupport_cpp.dir/rosidl_typesupport_cpp/interface/msg/slam__type_support.cpp.o[0m
[2.286s] [ 35%] [32mBuilding CXX object CMakeFiles/interface__rosidl_typesupport_introspection_cpp.dir/rosidl_typesupport_introspection_cpp/interface/msg/detail/slam__type_support.cpp.o[0m
[2.296s] [ 38%] [32mBuilding CXX object CMakeFiles/interface__rosidl_typesupport_fastrtps_cpp.dir/rosidl_typesupport_fastrtps_cpp/interface/msg/detail/dds_fastrtps/slam__type_support.cpp.o[0m
[2.352s] [35m[1mScanning dependencies of target interface__rosidl_typesupport_c[0m
[2.362s] [ 41%] [32mBuilding CXX object CMakeFiles/interface__rosidl_typesupport_c.dir/rosidl_typesupport_c/interface/msg/slam__type_support.cpp.o[0m
[2.362s] [35m[1mScanning dependencies of target interface__rosidl_typesupport_introspection_c[0m
[2.374s] [ 45%] [32mBuilding C object CMakeFiles/interface__rosidl_typesupport_introspection_c.dir/rosidl_typesupport_introspection_c/interface/msg/detail/slam__type_support.c.o[0m
[2.383s] [ 48%] [32m[1mLinking CXX shared library libinterface__rosidl_typesupport_c.so[0m
[2.398s] [ 51%] [32m[1mLinking C shared library libinterface__rosidl_typesupport_introspection_c.so[0m
[2.411s] [ 51%] Built target interface__rosidl_typesupport_c
[2.422s] [ 51%] Built target interface__rosidl_typesupport_introspection_c
[2.485s] [ 54%] [32m[1mLinking CXX shared library libinterface__rosidl_typesupport_cpp.so[0m
[2.505s] [ 58%] [32m[1mLinking CXX shared library libinterface__rosidl_typesupport_introspection_cpp.so[0m
[2.513s] [ 58%] Built target interface__rosidl_typesupport_cpp
[2.549s] [ 58%] Built target interface__rosidl_typesupport_introspection_cpp
[2.577s] [ 61%] [32m[1mLinking CXX shared library libinterface__rosidl_typesupport_fastrtps_cpp.so[0m
[2.640s] [ 61%] Built target interface__rosidl_typesupport_fastrtps_cpp
[2.647s] [ 64%] [34m[1mGenerating C type support for eProsima Fast-RTPS[0m
[2.791s] [35m[1mScanning dependencies of target interface__rosidl_typesupport_fastrtps_c[0m
[2.802s] [ 67%] [32mBuilding CXX object CMakeFiles/interface__rosidl_typesupport_fastrtps_c.dir/rosidl_typesupport_fastrtps_c/interface/msg/detail/slam__type_support_c.cpp.o[0m
[3.026s] [ 70%] [32m[1mLinking CXX shared library libinterface__rosidl_typesupport_fastrtps_c.so[0m
[3.085s] [ 70%] Built target interface__rosidl_typesupport_fastrtps_c
[3.091s] [35m[1mScanning dependencies of target interface[0m
[3.098s] [ 70%] Built target interface
[3.104s] [35m[1mScanning dependencies of target interface__py[0m
[3.111s] [ 74%] [34m[1mGenerating Python code for ROS interfaces[0m
[3.485s] [ 74%] Built target interface__py
[3.492s] [35m[1mScanning dependencies of target interface__python[0m
[3.517s] [ 77%] [32mBuilding C object CMakeFiles/interface__python.dir/rosidl_generator_py/interface/msg/_slam_s.c.o[0m
[3.583s] [ 80%] [32m[1mLinking C shared library rosidl_generator_py/interface/libinterface__python.so[0m
[3.616s] [ 80%] Built target interface__python
[3.624s] [35m[1mScanning dependencies of target interface__rosidl_typesupport_c__pyext[0m
[3.624s] [35m[1mScanning dependencies of target interface__rosidl_typesupport_fastrtps_c__pyext[0m
[3.624s] [35m[1mScanning dependencies of target interface__rosidl_typesupport_introspection_c__pyext[0m
[3.637s] [ 87%] [32mBuilding C object CMakeFiles/interface__rosidl_typesupport_introspection_c__pyext.dir/rosidl_generator_py/interface/_interface_s.ep.rosidl_typesupport_introspection_c.c.o[0m
[3.637s] [ 87%] [32mBuilding C object CMakeFiles/interface__rosidl_typesupport_fastrtps_c__pyext.dir/rosidl_generator_py/interface/_interface_s.ep.rosidl_typesupport_fastrtps_c.c.o[0m
[3.637s] [ 90%] [32mBuilding C object CMakeFiles/interface__rosidl_typesupport_c__pyext.dir/rosidl_generator_py/interface/_interface_s.ep.rosidl_typesupport_c.c.o[0m
[3.691s] [100%] [32m[1mLinking CXX shared library rosidl_generator_py/interface/interface_s__rosidl_typesupport_fastrtps_c.cpython-38-x86_64-linux-gnu.so[0m
[3.691s] [100%] [32m[1mLinking C shared library rosidl_generator_py/interface/interface_s__rosidl_typesupport_introspection_c.cpython-38-x86_64-linux-gnu.so[0m
[3.691s] [100%] [32m[1mLinking C shared library rosidl_generator_py/interface/interface_s__rosidl_typesupport_c.cpython-38-x86_64-linux-gnu.so[0m
[3.720s] [100%] Built target interface__rosidl_typesupport_introspection_c__pyext
[3.720s] [100%] Built target interface__rosidl_typesupport_c__pyext
[3.741s] [100%] Built target interface__rosidl_typesupport_fastrtps_c__pyext
[3.749s] Invoked command in '/home/weiwei/Desktop/project/ObsAvoidance/build/interface' returned '0': CMAKE_PREFIX_PATH=/opt/ros/foxy /usr/bin/cmake --build /home/weiwei/Desktop/project/ObsAvoidance/build/interface -- -j16 -l16
[3.788s] Invoking command in '/home/weiwei/Desktop/project/ObsAvoidance/build/interface': CMAKE_PREFIX_PATH=/opt/ros/foxy /usr/bin/cmake --install /home/weiwei/Desktop/project/ObsAvoidance/build/interface
[3.794s] -- Install configuration: ""
[3.794s] -- Installing: /home/weiwei/Desktop/project/ObsAvoidance/install/interface/share/ament_index/resource_index/rosidl_interfaces/interface
[3.794s] -- Installing: /home/weiwei/Desktop/project/ObsAvoidance/install/interface/include/interface
[3.794s] -- Installing: /home/weiwei/Desktop/project/ObsAvoidance/install/interface/include/interface/msg
[3.794s] -- Installing: /home/weiwei/Desktop/project/ObsAvoidance/install/interface/include/interface/msg/detail
[3.794s] -- Installing: /home/weiwei/Desktop/project/ObsAvoidance/install/interface/include/interface/msg/detail/slam__struct.h
[3.794s] -- Installing: /home/weiwei/Desktop/project/ObsAvoidance/install/interface/include/interface/msg/detail/slam__type_support.h
[3.794s] -- Installing: /home/weiwei/Desktop/project/ObsAvoidance/install/interface/include/interface/msg/detail/slam__functions.c
[3.794s] -- Installing: /home/weiwei/Desktop/project/ObsAvoidance/install/interface/include/interface/msg/detail/slam__functions.h
[3.794s] -- Installing: /home/weiwei/Desktop/project/ObsAvoidance/install/interface/include/interface/msg/slam.h
[3.795s] -- Installing: /home/weiwei/Desktop/project/ObsAvoidance/install/interface/include/interface/msg/rosidl_generator_c__visibility_control.h
[3.795s] -- Installing: /home/weiwei/Desktop/project/ObsAvoidance/install/interface/share/interface/environment/library_path.sh
[3.795s] -- Installing: /home/weiwei/Desktop/project/ObsAvoidance/install/interface/share/interface/environment/library_path.dsv
[3.795s] -- Installing: /home/weiwei/Desktop/project/ObsAvoidance/install/interface/lib/libinterface__rosidl_generator_c.so
[3.795s] -- Set runtime path of "/home/weiwei/Desktop/project/ObsAvoidance/install/interface/lib/libinterface__rosidl_generator_c.so" to ""
[3.795s] -- Up-to-date: /home/weiwei/Desktop/project/ObsAvoidance/install/interface/include/interface
[3.795s] -- Up-to-date: /home/weiwei/Desktop/project/ObsAvoidance/install/interface/include/interface/msg
[3.795s] -- Up-to-date: /home/weiwei/Desktop/project/ObsAvoidance/install/interface/include/interface/msg/detail
[3.795s] -- Installing: /home/weiwei/Desktop/project/ObsAvoidance/install/interface/include/interface/msg/detail/slam__rosidl_typesupport_fastrtps_c.h
[3.795s] -- Installing: /home/weiwei/Desktop/project/ObsAvoidance/install/interface/include/interface/msg/rosidl_typesupport_fastrtps_c__visibility_control.h
[3.795s] -- Installing: /home/weiwei/Desktop/project/ObsAvoidance/install/interface/lib/libinterface__rosidl_typesupport_fastrtps_c.so
[3.795s] -- Set runtime path of "/home/weiwei/Desktop/project/ObsAvoidance/install/interface/lib/libinterface__rosidl_typesupport_fastrtps_c.so" to ""
[3.795s] -- Up-to-date: /home/weiwei/Desktop/project/ObsAvoidance/install/interface/include/interface
[3.795s] -- Up-to-date: /home/weiwei/Desktop/project/ObsAvoidance/install/interface/include/interface/msg
[3.795s] -- Up-to-date: /home/weiwei/Desktop/project/ObsAvoidance/install/interface/include/interface/msg/detail
[3.795s] -- Installing: /home/weiwei/Desktop/project/ObsAvoidance/install/interface/include/interface/msg/detail/slam__rosidl_typesupport_fastrtps_cpp.hpp
[3.795s] -- Installing: /home/weiwei/Desktop/project/ObsAvoidance/install/interface/include/interface/msg/detail/dds_fastrtps
[3.795s] -- Installing: /home/weiwei/Desktop/project/ObsAvoidance/install/interface/include/interface/msg/rosidl_typesupport_fastrtps_cpp__visibility_control.h
[3.795s] -- Installing: /home/weiwei/Desktop/project/ObsAvoidance/install/interface/lib/libinterface__rosidl_typesupport_fastrtps_cpp.so
[3.795s] -- Set runtime path of "/home/weiwei/Desktop/project/ObsAvoidance/install/interface/lib/libinterface__rosidl_typesupport_fastrtps_cpp.so" to ""
[3.796s] -- Up-to-date: /home/weiwei/Desktop/project/ObsAvoidance/install/interface/include/interface
[3.796s] -- Up-to-date: /home/weiwei/Desktop/project/ObsAvoidance/install/interface/include/interface/msg
[3.796s] -- Up-to-date: /home/weiwei/Desktop/project/ObsAvoidance/install/interface/include/interface/msg/detail
[3.796s] -- Installing: /home/weiwei/Desktop/project/ObsAvoidance/install/interface/include/interface/msg/detail/slam__type_support.c
[3.796s] -- Installing: /home/weiwei/Desktop/project/ObsAvoidance/install/interface/include/interface/msg/detail/slam__rosidl_typesupport_introspection_c.h
[3.796s] -- Installing: /home/weiwei/Desktop/project/ObsAvoidance/install/interface/include/interface/msg/rosidl_typesupport_introspection_c__visibility_control.h
[3.796s] -- Installing: /home/weiwei/Desktop/project/ObsAvoidance/install/interface/lib/libinterface__rosidl_typesupport_introspection_c.so
[3.796s] -- Set runtime path of "/home/weiwei/Desktop/project/ObsAvoidance/install/interface/lib/libinterface__rosidl_typesupport_introspection_c.so" to ""
[3.796s] -- Installing: /home/weiwei/Desktop/project/ObsAvoidance/install/interface/lib/libinterface__rosidl_typesupport_c.so
[3.796s] -- Set runtime path of "/home/weiwei/Desktop/project/ObsAvoidance/install/interface/lib/libinterface__rosidl_typesupport_c.so" to ""
[3.796s] -- Up-to-date: /home/weiwei/Desktop/project/ObsAvoidance/install/interface/include/interface
[3.796s] -- Up-to-date: /home/weiwei/Desktop/project/ObsAvoidance/install/interface/include/interface/msg
[3.796s] -- Up-to-date: /home/weiwei/Desktop/project/ObsAvoidance/install/interface/include/interface/msg/detail
[3.796s] -- Installing: /home/weiwei/Desktop/project/ObsAvoidance/install/interface/include/interface/msg/detail/slam__traits.hpp
[3.796s] -- Installing: /home/weiwei/Desktop/project/ObsAvoidance/install/interface/include/interface/msg/detail/slam__type_support.hpp
[3.796s] -- Installing: /home/weiwei/Desktop/project/ObsAvoidance/install/interface/include/interface/msg/detail/slam__builder.hpp
[3.796s] -- Installing: /home/weiwei/Desktop/project/ObsAvoidance/install/interface/include/interface/msg/detail/slam__struct.hpp
[3.796s] -- Installing: /home/weiwei/Desktop/project/ObsAvoidance/install/interface/include/interface/msg/slam.hpp
[3.797s] -- Installing: /home/weiwei/Desktop/project/ObsAvoidance/install/interface/include/interface/msg/rosidl_generator_cpp__visibility_control.hpp
[3.797s] -- Up-to-date: /home/weiwei/Desktop/project/ObsAvoidance/install/interface/include/interface
[3.797s] -- Up-to-date: /home/weiwei/Desktop/project/ObsAvoidance/install/interface/include/interface/msg
[3.797s] -- Up-to-date: /home/weiwei/Desktop/project/ObsAvoidance/install/interface/include/interface/msg/detail
[3.797s] -- Installing: /home/weiwei/Desktop/project/ObsAvoidance/install/interface/include/interface/msg/detail/slam__type_support.cpp
[3.797s] -- Installing: /home/weiwei/Desktop/project/ObsAvoidance/install/interface/include/interface/msg/detail/slam__rosidl_typesupport_introspection_cpp.hpp
[3.797s] -- Installing: /home/weiwei/Desktop/project/ObsAvoidance/install/interface/lib/libinterface__rosidl_typesupport_introspection_cpp.so
[3.797s] -- Set runtime path of "/home/weiwei/Desktop/project/ObsAvoidance/install/interface/lib/libinterface__rosidl_typesupport_introspection_cpp.so" to ""
[3.797s] -- Installing: /home/weiwei/Desktop/project/ObsAvoidance/install/interface/lib/libinterface__rosidl_typesupport_cpp.so
[3.797s] -- Set runtime path of "/home/weiwei/Desktop/project/ObsAvoidance/install/interface/lib/libinterface__rosidl_typesupport_cpp.so" to ""
[3.797s] -- Installing: /home/weiwei/Desktop/project/ObsAvoidance/install/interface/share/interface/environment/pythonpath.sh
[3.797s] -- Installing: /home/weiwei/Desktop/project/ObsAvoidance/install/interface/share/interface/environment/pythonpath.dsv
[3.797s] -- Installing: /home/weiwei/Desktop/project/ObsAvoidance/install/interface/lib/python3.8/site-packages/interface/__init__.py
[3.818s] Compiling '/home/weiwei/Desktop/project/ObsAvoidance/install/interface/lib/python3.8/site-packages/interface/__init__.py'...
[3.822s] -- Installing: /home/weiwei/Desktop/project/ObsAvoidance/install/interface/lib/python3.8/site-packages/interface/msg
[3.822s] -- Installing: /home/weiwei/Desktop/project/ObsAvoidance/install/interface/lib/python3.8/site-packages/interface/msg/_slam.py
[3.822s] -- Installing: /home/weiwei/Desktop/project/ObsAvoidance/install/interface/lib/python3.8/site-packages/interface/msg/_slam_s.c
[3.822s] -- Installing: /home/weiwei/Desktop/project/ObsAvoidance/install/interface/lib/python3.8/site-packages/interface/msg/__init__.py
[3.822s] -- Installing: /home/weiwei/Desktop/project/ObsAvoidance/install/interface/lib/python3.8/site-packages/interface/interface_s__rosidl_typesupport_fastrtps_c.cpython-38-x86_64-linux-gnu.so
[3.822s] -- Set runtime path of "/home/weiwei/Desktop/project/ObsAvoidance/install/interface/lib/python3.8/site-packages/interface/interface_s__rosidl_typesupport_fastrtps_c.cpython-38-x86_64-linux-gnu.so" to ""
[3.822s] -- Installing: /home/weiwei/Desktop/project/ObsAvoidance/install/interface/lib/python3.8/site-packages/interface/interface_s__rosidl_typesupport_introspection_c.cpython-38-x86_64-linux-gnu.so
[3.823s] -- Set runtime path of "/home/weiwei/Desktop/project/ObsAvoidance/install/interface/lib/python3.8/site-packages/interface/interface_s__rosidl_typesupport_introspection_c.cpython-38-x86_64-linux-gnu.so" to ""
[3.823s] -- Installing: /home/weiwei/Desktop/project/ObsAvoidance/install/interface/lib/python3.8/site-packages/interface/interface_s__rosidl_typesupport_c.cpython-38-x86_64-linux-gnu.so
[3.823s] -- Set runtime path of "/home/weiwei/Desktop/project/ObsAvoidance/install/interface/lib/python3.8/site-packages/interface/interface_s__rosidl_typesupport_c.cpython-38-x86_64-linux-gnu.so" to ""
[3.823s] -- Installing: /home/weiwei/Desktop/project/ObsAvoidance/install/interface/lib/libinterface__python.so
[3.823s] -- Set runtime path of "/home/weiwei/Desktop/project/ObsAvoidance/install/interface/lib/libinterface__python.so" to ""
[3.823s] -- Installing: /home/weiwei/Desktop/project/ObsAvoidance/install/interface/share/interface/msg/Slam.idl
[3.823s] -- Installing: /home/weiwei/Desktop/project/ObsAvoidance/install/interface/share/interface/msg/Slam.msg
[3.823s] -- Installing: /home/weiwei/Desktop/project/ObsAvoidance/install/interface/share/ament_index/resource_index/package_run_dependencies/interface
[3.823s] -- Installing: /home/weiwei/Desktop/project/ObsAvoidance/install/interface/share/ament_index/resource_index/parent_prefix_path/interface
[3.824s] -- Installing: /home/weiwei/Desktop/project/ObsAvoidance/install/interface/share/interface/environment/ament_prefix_path.sh
[3.824s] -- Installing: /home/weiwei/Desktop/project/ObsAvoidance/install/interface/share/interface/environment/ament_prefix_path.dsv
[3.824s] -- Installing: /home/weiwei/Desktop/project/ObsAvoidance/install/interface/share/interface/environment/path.sh
[3.824s] -- Installing: /home/weiwei/Desktop/project/ObsAvoidance/install/interface/share/interface/environment/path.dsv
[3.824s] -- Installing: /home/weiwei/Desktop/project/ObsAvoidance/install/interface/share/interface/local_setup.bash
[3.824s] -- Installing: /home/weiwei/Desktop/project/ObsAvoidance/install/interface/share/interface/local_setup.sh
[3.824s] -- Installing: /home/weiwei/Desktop/project/ObsAvoidance/install/interface/share/interface/local_setup.zsh
[3.824s] -- Installing: /home/weiwei/Desktop/project/ObsAvoidance/install/interface/share/interface/local_setup.dsv
[3.824s] -- Installing: /home/weiwei/Desktop/project/ObsAvoidance/install/interface/share/interface/package.dsv
[3.824s] -- Installing: /home/weiwei/Desktop/project/ObsAvoidance/install/interface/share/ament_index/resource_index/packages/interface
[3.824s] -- Installing: /home/weiwei/Desktop/project/ObsAvoidance/install/interface/share/interface/cmake/interface__rosidl_generator_cExport.cmake
[3.824s] -- Installing: /home/weiwei/Desktop/project/ObsAvoidance/install/interface/share/interface/cmake/interface__rosidl_generator_cExport-noconfig.cmake
[3.824s] -- Installing: /home/weiwei/Desktop/project/ObsAvoidance/install/interface/share/interface/cmake/interface__rosidl_typesupport_introspection_cExport.cmake
[3.824s] -- Installing: /home/weiwei/Desktop/project/ObsAvoidance/install/interface/share/interface/cmake/interface__rosidl_typesupport_introspection_cExport-noconfig.cmake
[3.825s] -- Installing: /home/weiwei/Desktop/project/ObsAvoidance/install/interface/share/interface/cmake/interface__rosidl_typesupport_cExport.cmake
[3.825s] -- Installing: /home/weiwei/Desktop/project/ObsAvoidance/install/interface/share/interface/cmake/interface__rosidl_typesupport_cExport-noconfig.cmake
[3.825s] -- Installing: /home/weiwei/Desktop/project/ObsAvoidance/install/interface/share/interface/cmake/interface__rosidl_generator_cppExport.cmake
[3.825s] -- Installing: /home/weiwei/Desktop/project/ObsAvoidance/install/interface/share/interface/cmake/interface__rosidl_typesupport_introspection_cppExport.cmake
[3.825s] -- Installing: /home/weiwei/Desktop/project/ObsAvoidance/install/interface/share/interface/cmake/interface__rosidl_typesupport_introspection_cppExport-noconfig.cmake
[3.825s] -- Installing: /home/weiwei/Desktop/project/ObsAvoidance/install/interface/share/interface/cmake/interface__rosidl_typesupport_cppExport.cmake
[3.825s] -- Installing: /home/weiwei/Desktop/project/ObsAvoidance/install/interface/share/interface/cmake/interface__rosidl_typesupport_cppExport-noconfig.cmake
[3.825s] -- Installing: /home/weiwei/Desktop/project/ObsAvoidance/install/interface/share/interface/cmake/rosidl_cmake-extras.cmake
[3.825s] -- Installing: /home/weiwei/Desktop/project/ObsAvoidance/install/interface/share/interface/cmake/ament_cmake_export_dependencies-extras.cmake
[3.825s] -- Installing: /home/weiwei/Desktop/project/ObsAvoidance/install/interface/share/interface/cmake/ament_cmake_export_libraries-extras.cmake
[3.825s] -- Installing: /home/weiwei/Desktop/project/ObsAvoidance/install/interface/share/interface/cmake/ament_cmake_export_targets-extras.cmake
[3.826s] -- Installing: /home/weiwei/Desktop/project/ObsAvoidance/install/interface/share/interface/cmake/ament_cmake_export_include_directories-extras.cmake
[3.826s] -- Installing: /home/weiwei/Desktop/project/ObsAvoidance/install/interface/share/interface/cmake/rosidl_cmake_export_typesupport_libraries-extras.cmake
[3.826s] -- Installing: /home/weiwei/Desktop/project/ObsAvoidance/install/interface/share/interface/cmake/rosidl_cmake_export_typesupport_targets-extras.cmake
[3.826s] -- Installing: /home/weiwei/Desktop/project/ObsAvoidance/install/interface/share/interface/cmake/interfaceConfig.cmake
[3.826s] -- Installing: /home/weiwei/Desktop/project/ObsAvoidance/install/interface/share/interface/cmake/interfaceConfig-version.cmake
[3.826s] -- Installing: /home/weiwei/Desktop/project/ObsAvoidance/install/interface/share/interface/package.xml
[3.828s] Invoked command in '/home/weiwei/Desktop/project/ObsAvoidance/build/interface' returned '0': CMAKE_PREFIX_PATH=/opt/ros/foxy /usr/bin/cmake --install /home/weiwei/Desktop/project/ObsAvoidance/build/interface
