[0.162s] Invoking command in '/home/weiwei/Desktop/project/ObsAvoidance/build/model3': AMENT_PREFIX_PATH=/home/weiwei/Desktop/project/ObsAvoidance/install/interface:${AMENT_PREFIX_PATH} CMAKE_PREFIX_PATH=/home/weiwei/Desktop/project/ObsAvoidance/install/interface:/opt/ros/foxy LD_LIBRARY_PATH=/home/weiwei/Desktop/project/ObsAvoidance/install/interface/lib:${LD_LIBRARY_PATH} PYTHONPATH=/home/weiwei/Desktop/project/ObsAvoidance/install/interface/lib/python3.8/site-packages:${PYTHONPATH} /usr/bin/cmake --build /home/weiwei/Desktop/project/ObsAvoidance/build/model3 -- -j16 -l16
[0.184s] -- Found ament_cmake: 0.9.12 (/opt/ros/foxy/share/ament_cmake/cmake)
[0.200s] -- Using PYTHON_EXECUTABLE: /usr/bin/python3
[0.317s] -- Found rclcpp: 2.4.3 (/opt/ros/foxy/share/rclcpp/cmake)
[0.341s] -- Using all available rosidl_typesupport_c: rosidl_typesupport_fastrtps_c;rosidl_typesupport_introspection_c
[0.344s] -- Found rosidl_adapter: 1.3.1 (/opt/ros/foxy/share/rosidl_adapter/cmake)
[0.433s] -- Using all available rosidl_typesupport_cpp: rosidl_typesupport_fastrtps_cpp;rosidl_typesupport_introspection_cpp
[0.467s] -- Found rmw_implementation_cmake: 1.0.4 (/opt/ros/foxy/share/rmw_implementation_cmake/cmake)
[0.468s] -- Using RMW implementation 'rmw_fastrtps_cpp' as default
[0.575s] -- Found interface: 0.0.0 (/home/weiwei/Desktop/project/ObsAvoidance/install/interface/share/interface/cmake)
[0.741s] -- Found cv_bridge: 3.0.7 (/opt/ros/foxy/share/cv_bridge/cmake)
[0.758s] -- Found pcl_conversions: 2.2.1 (/opt/ros/foxy/share/pcl_conversions/cmake)
[0.874s] -- Found octomap_msgs: 2.0.0 (/opt/ros/foxy/share/octomap_msgs/cmake)
[0.958s] -- Eigen found (include: /usr/include/eigen3, version: 3.3.7)
[1.019s] -- The imported target "vtkParseOGLExt" references the file
[1.019s]    "/usr/bin/vtkParseOGLExt-7.1"
[1.019s] but this file does not exist.  Possible reasons include:
[1.019s] * The file was deleted, renamed, or moved to another location.
[1.019s] * An install or uninstall procedure did not complete successfully.
[1.019s] * The installation package was faulty and contained
[1.019s]    "/usr/lib/cmake/vtk-7.1/VTKTargets.cmake"
[1.019s] but not all the files it references.
[1.020s] 
[1.020s] -- The imported target "vtkRenderingPythonTkWidgets" references the file
[1.020s]    "/usr/lib/x86_64-linux-gnu/libvtkRenderingPythonTkWidgets.so"
[1.020s] but this file does not exist.  Possible reasons include:
[1.020s] * The file was deleted, renamed, or moved to another location.
[1.020s] * An install or uninstall procedure did not complete successfully.
[1.020s] * The installation package was faulty and contained
[1.020s]    "/usr/lib/cmake/vtk-7.1/VTKTargets.cmake"
[1.020s] but not all the files it references.
[1.020s] 
[1.020s] -- The imported target "vtk" references the file
[1.020s]    "/usr/bin/vtk"
[1.020s] but this file does not exist.  Possible reasons include:
[1.020s] * The file was deleted, renamed, or moved to another location.
[1.021s] * An install or uninstall procedure did not complete successfully.
[1.021s] * The installation package was faulty and contained
[1.021s]    "/usr/lib/cmake/vtk-7.1/VTKTargets.cmake"
[1.021s] but not all the files it references.
[1.021s] 
[1.021s] -- The imported target "pvtk" references the file
[1.021s]    "/usr/bin/pvtk"
[1.021s] but this file does not exist.  Possible reasons include:
[1.021s] * The file was deleted, renamed, or moved to another location.
[1.021s] * An install or uninstall procedure did not complete successfully.
[1.021s] * The installation package was faulty and contained
[1.021s]    "/usr/lib/cmake/vtk-7.1/VTKTargets.cmake"
[1.021s] but not all the files it references.
[1.021s] 
[1.041s] -- OpenNI found (include: /usr/include/ni, lib: /usr/lib/libOpenNI.so)
[1.045s] -- OpenNI2 found (include: /usr/include/openni2, lib: /usr/lib/libOpenNI2.so)
[1.045s] ** WARNING ** io features related to pcap will be disabled
[1.046s] ** WARNING ** io features related to png will be disabled
[1.054s] ** WARNING ** io features related to libusb-1.0 will be disabled
[1.058s] -- OpenNI found (include: /usr/include/ni, lib: /usr/lib/libOpenNI.so)
[1.062s] -- OpenNI2 found (include: /usr/include/openni2, lib: /usr/lib/libOpenNI2.so)
[1.071s] -- QHULL found (include: /usr/include, lib: optimized;/usr/lib/x86_64-linux-gnu/libqhull.so;debug;/usr/lib/x86_64-linux-gnu/libqhull.so)
[1.076s] -- OpenNI found (include: /usr/include/ni, lib: /usr/lib/libOpenNI.so)
[1.084s] -- looking for PCL_COMMON
[1.084s] -- looking for PCL_KDTREE
[1.084s] -- looking for PCL_OCTREE
[1.085s] -- looking for PCL_SEARCH
[1.085s] -- looking for PCL_SAMPLE_CONSENSUS
[1.085s] -- looking for PCL_FILTERS
[1.086s] -- looking for PCL_2D
[1.086s] -- looking for PCL_GEOMETRY
[1.086s] -- looking for PCL_IO
[1.087s] -- looking for PCL_FEATURES
[1.087s] -- looking for PCL_ML
[1.088s] -- looking for PCL_SEGMENTATION
[1.088s] -- looking for PCL_VISUALIZATION
[1.088s] -- looking for PCL_SURFACE
[1.089s] -- looking for PCL_REGISTRATION
[1.089s] -- looking for PCL_KEYPOINTS
[1.090s] -- looking for PCL_TRACKING
[1.090s] -- looking for PCL_RECOGNITION
[1.090s] -- looking for PCL_STEREO
[1.091s] -- looking for PCL_APPS
[1.091s] -- looking for PCL_IN_HAND_SCANNER
[1.092s] -- looking for PCL_POINT_CLOUD_EDITOR
[1.092s] -- looking for PCL_OUTOFCORE
[1.092s] -- looking for PCL_PEOPLE
[1.172s] -- Found AMD headers in: /usr/include/suitesparse
[1.172s] -- Found AMD library: /usr/lib/x86_64-linux-gnu/libamd.so
[1.172s] -- Found CAMD headers in: /usr/include/suitesparse
[1.172s] -- Found CAMD library: /usr/lib/x86_64-linux-gnu/libcamd.so
[1.172s] -- Found CCOLAMD headers in: /usr/include/suitesparse
[1.172s] -- Found CCOLAMD library: /usr/lib/x86_64-linux-gnu/libccolamd.so
[1.172s] -- Found CHOLMOD headers in: /usr/include/suitesparse
[1.172s] -- Found CHOLMOD library: /usr/lib/x86_64-linux-gnu/libcholmod.so
[1.172s] -- Found COLAMD headers in: /usr/include/suitesparse
[1.173s] -- Found COLAMD library: /usr/lib/x86_64-linux-gnu/libcolamd.so
[1.173s] -- Found SPQR headers in: /usr/include/suitesparse
[1.173s] -- Found SPQR library: /usr/lib/x86_64-linux-gnu/libspqr.so
[1.173s] -- Found Config headers in: /usr/include/suitesparse
[1.173s] -- Found Config library: /usr/lib/x86_64-linux-gnu/libsuitesparseconfig.so
[1.173s] -- Found Intel Thread Building Blocks (TBB) library (2020.1 / 11101) include location: . Assuming SuiteSparseQR was compiled with TBB.
[1.173s] -- Adding librt to SuiteSparse_config libraries (required on Linux & Unix [not OSX] if SuiteSparse is compiled with timing).
[1.177s] -- Could NOT find METIS (missing: METIS_INCLUDE_DIR METIS_LIBRARY) 
[1.179s] -- Found required Ceres dependency: Eigen version 3.3.9 in /usr/local/share/eigen3/cmake
[1.180s] -- Found required Ceres dependency: glog
[1.182s] -- Found required Ceres dependency: gflags
[1.183s] -- Found Ceres version: 2.2.0 installed in: /usr/local with components: [EigenSparse, SparseLinearAlgebraLibrary, LAPACK, SuiteSparse, SchurSpecializations]
[1.183s] -- Found ament_lint_auto: 0.9.8 (/opt/ros/foxy/share/ament_lint_auto/cmake)
[1.266s] -- Added test 'copyright' to check source files copyright and LICENSE
[1.266s] -- Added test 'cppcheck' to perform static code analysis on C / C++ code
[1.267s] -- Configured cppcheck include dirs: 
[1.267s] -- Configured cppcheck exclude dirs and/or files: 
[1.267s] -- Added test 'cpplint' to check C / C++ code against the Google style
[1.267s] -- Configured cpplint exclude dirs and/or files: 
[1.268s] -- Added test 'lint_cmake' to check CMake code style
[1.268s] -- Added test 'uncrustify' to check C / C++ code style
[1.268s] -- Configured uncrustify additional arguments: 
[1.268s] -- Added test 'xmllint' to check XML markup files
[1.270s] -- Configuring done
[1.336s] -- Generating done
[1.337s] -- Build files have been written to: /home/weiwei/Desktop/project/ObsAvoidance/build/model3
[1.365s] [35m[1mScanning dependencies of target model3[0m
[1.413s] [ 50%] [32mBuilding CXX object CMakeFiles/model3.dir/src/main.cpp.o[0m
[7.205s] [01m[K/home/weiwei/Desktop/project/ObsAvoidance/src/model3/src/main.cpp:[m[K In member function ‘[01m[Kvoid ModelNode::getBlueContour()[m[K’:
[7.205s] [01m[K/home/weiwei/Desktop/project/ObsAvoidance/src/model3/src/main.cpp:356:75:[m[K [01;35m[Kwarning: [m[Kthe address of ‘[01m[Kint close(int)[m[K’ will never be NULL [[01;35m[K-Waddress[m[K]
[7.205s]   356 |                 double length = cv::arcLength(temp_contours_blue[i], close[01;35m[K)[m[K;
[7.205s]       |                                                                           [01;35m[K^[m[K
[7.216s] [01m[K/home/weiwei/Desktop/project/ObsAvoidance/src/model3/src/main.cpp:[m[K In member function ‘[01m[Kvoid ModelNode::invProjAndSel()[m[K’:
[7.216s] [01m[K/home/weiwei/Desktop/project/ObsAvoidance/src/model3/src/main.cpp:505:23:[m[K [01;35m[Kwarning: [m[Kcomparison of integer expressions of different signedness: ‘[01m[Kint[m[K’ and ‘[01m[Kstd::vector<int>::size_type[m[K’ {aka ‘[01m[Klong unsigned int[m[K’} [[01;35m[K-Wsign-compare[m[K]
[7.216s]   505 |         for(int i=0; [01;35m[Ki<indexPointCloudBlue.size()[m[K;i++)
[7.216s]       |                      [01;35m[K~^~~~~~~~~~~~~~~~~~~~~~~~~~~[m[K
[7.216s] [01m[K/home/weiwei/Desktop/project/ObsAvoidance/src/model3/src/main.cpp:509:23:[m[K [01;35m[Kwarning: [m[Kcomparison of integer expressions of different signedness: ‘[01m[Kint[m[K’ and ‘[01m[Kstd::vector<int>::size_type[m[K’ {aka ‘[01m[Klong unsigned int[m[K’} [[01;35m[K-Wsign-compare[m[K]
[7.216s]   509 |         for(int i=0; [01;35m[Ki<indexPointCloudGreen.size()[m[K;i++)
[7.216s]       |                      [01;35m[K~^~~~~~~~~~~~~~~~~~~~~~~~~~~~[m[K
[7.216s] [01m[K/home/weiwei/Desktop/project/ObsAvoidance/src/model3/src/main.cpp:513:23:[m[K [01;35m[Kwarning: [m[Kcomparison of integer expressions of different signedness: ‘[01m[Kint[m[K’ and ‘[01m[Kstd::vector<int>::size_type[m[K’ {aka ‘[01m[Klong unsigned int[m[K’} [[01;35m[K-Wsign-compare[m[K]
[7.216s]   513 |         for(int i=0; [01;35m[Ki<indexPointCloudRed.size()[m[K;i++)
[7.216s]       |                      [01;35m[K~^~~~~~~~~~~~~~~~~~~~~~~~~~[m[K
[7.246s] [01m[K/home/weiwei/Desktop/project/ObsAvoidance/src/model3/src/main.cpp:[m[K In member function ‘[01m[Kvoid ModelNode::updateObstacle(std::vector<pcl::PointCloud<pcl::PointXYZ> >&, pcl::PointCloud<pcl::PointXYZ>&)[m[K’:
[7.246s] [01m[K/home/weiwei/Desktop/project/ObsAvoidance/src/model3/src/main.cpp:635:33:[m[K [01;35m[Kwarning: [m[Kcomparison of integer expressions of different signedness: ‘[01m[Kstd::vector<pcl::PointCloud<pcl::PointXYZ> >::size_type[m[K’ {aka ‘[01m[Klong unsigned int[m[K’} and ‘[01m[Kint[m[K’ [[01;35m[K-Wsign-compare[m[K]
[7.246s]   635 |         if ([01;35m[KobstacleList.size() > maxLengthPointCloudList[m[K) {
[7.246s]       |             [01;35m[K~~~~~~~~~~~~~~~~~~~~^~~~~~~~~~~~~~~~~~~~~~~~~[m[K
[7.248s] [01m[K/home/weiwei/Desktop/project/ObsAvoidance/src/model3/src/main.cpp:[m[K In member function ‘[01m[Kvoid ModelNode::optimizeParam(int, std::vector<Eigen::Matrix<double, 4, 1> >&, Eigen::Vector3d&, bool&, int)[m[K’:
[7.248s] [01m[K/home/weiwei/Desktop/project/ObsAvoidance/src/model3/src/main.cpp:664:30:[m[K [01;35m[Kwarning: [m[Kcomparison of integer expressions of different signedness: ‘[01m[Kstd::vector<Eigen::Matrix<double, 4, 1> >::size_type[m[K’ {aka ‘[01m[Klong unsigned int[m[K’} and ‘[01m[Kint[m[K’ [[01;35m[K-Wsign-compare[m[K]
[7.248s]   664 |         if ([01;35m[KparamList.size() == threshToOpt[m[K) {
[7.248s]       |             [01;35m[K~~~~~~~~~~~~~~~~~^~~~~~~~~~~~~~[m[K
[7.256s] [01m[K/home/weiwei/Desktop/project/ObsAvoidance/src/model3/src/main.cpp:689:30:[m[K [01;35m[Kwarning: [m[Kcomparison of integer expressions of different signedness: ‘[01m[Kint[m[K’ and ‘[01m[Kstd::vector<Eigen::Matrix<double, 4, 1> >::size_type[m[K’ {aka ‘[01m[Klong unsigned int[m[K’} [[01;35m[K-Wsign-compare[m[K]
[7.256s]   689 |                 for(int n=0;[01;35m[Kn<paramList.size()[m[K;n++) {
[7.256s]       |                             [01;35m[K~^~~~~~~~~~~~~~~~~[m[K
[7.258s] [01m[K/home/weiwei/Desktop/project/ObsAvoidance/src/model3/src/main.cpp:[m[K In member function ‘[01m[Kvoid ModelNode::octoTreeCurPub()[m[K’:
[7.258s] [01m[K/home/weiwei/Desktop/project/ObsAvoidance/src/model3/src/main.cpp:712:23:[m[K [01;35m[Kwarning: [m[Kcomparison of integer expressions of different signedness: ‘[01m[Kint[m[K’ and ‘[01m[Kstd::vector<pcl::PointCloud<pcl::PointXYZ> >::size_type[m[K’ {aka ‘[01m[Klong unsigned int[m[K’} [[01;35m[K-Wsign-compare[m[K]
[7.258s]   712 |         for (int i=0;[01;35m[Ki<obstacleBlueList.size()[m[K;i++) {
[7.258s]       |                      [01;35m[K~^~~~~~~~~~~~~~~~~~~~~~~~[m[K
[7.258s] [01m[K/home/weiwei/Desktop/project/ObsAvoidance/src/model3/src/main.cpp:716:23:[m[K [01;35m[Kwarning: [m[Kcomparison of integer expressions of different signedness: ‘[01m[Kint[m[K’ and ‘[01m[Kstd::vector<pcl::PointCloud<pcl::PointXYZ> >::size_type[m[K’ {aka ‘[01m[Klong unsigned int[m[K’} [[01;35m[K-Wsign-compare[m[K]
[7.258s]   716 |         for (int i=0;[01;35m[Ki<obstacleGreenList.size()[m[K;i++) {
[7.258s]       |                      [01;35m[K~^~~~~~~~~~~~~~~~~~~~~~~~~[m[K
[7.258s] [01m[K/home/weiwei/Desktop/project/ObsAvoidance/src/model3/src/main.cpp:720:23:[m[K [01;35m[Kwarning: [m[Kcomparison of integer expressions of different signedness: ‘[01m[Kint[m[K’ and ‘[01m[Kstd::vector<pcl::PointCloud<pcl::PointXYZ> >::size_type[m[K’ {aka ‘[01m[Klong unsigned int[m[K’} [[01;35m[K-Wsign-compare[m[K]
[7.258s]   720 |         for (int i=0;[01;35m[Ki<obstacleRedList.size()[m[K;i++) {
[7.258s]       |                      [01;35m[K~^~~~~~~~~~~~~~~~~~~~~~~[m[K
[7.266s] [01m[K/home/weiwei/Desktop/project/ObsAvoidance/src/model3/src/main.cpp:[m[K In member function ‘[01m[Kvoid ModelNode::Model()[m[K’:
[7.266s] [01m[K/home/weiwei/Desktop/project/ObsAvoidance/src/model3/src/main.cpp:760:46:[m[K [01;35m[Kwarning: [m[Kcomparison of integer expressions of different signedness: ‘[01m[Kstd::size_t[m[K’ {aka ‘[01m[Klong unsigned int[m[K’} and ‘[01m[Kint[m[K’ [[01;35m[K-Wsign-compare[m[K]
[7.266s]   760 |         if ([01;35m[KpointCloudInCamFrame_blue.size() > minNumBlueKeyPoint[m[K) {
[7.266s]       |             [01;35m[K~~~~~~~~~~~~~~~~~~~~~~~~~~~~~~~~~^~~~~~~~~~~~~~~~~~~~[m[K
[7.266s] [01m[K/home/weiwei/Desktop/project/ObsAvoidance/src/model3/src/main.cpp:767:46:[m[K [01;35m[Kwarning: [m[Kcomparison of integer expressions of different signedness: ‘[01m[Kstd::size_t[m[K’ {aka ‘[01m[Klong unsigned int[m[K’} and ‘[01m[Kint[m[K’ [[01;35m[K-Wsign-compare[m[K]
[7.266s]   767 |         if([01;35m[KpointCloudInCamFrame_green.size() > minNumGreenKeyPoint[m[K){
[7.266s]       |            [01;35m[K~~~~~~~~~~~~~~~~~~~~~~~~~~~~~~~~~~^~~~~~~~~~~~~~~~~~~~~[m[K
[7.266s] [01m[K/home/weiwei/Desktop/project/ObsAvoidance/src/model3/src/main.cpp:773:45:[m[K [01;35m[Kwarning: [m[Kcomparison of integer expressions of different signedness: ‘[01m[Kstd::size_t[m[K’ {aka ‘[01m[Klong unsigned int[m[K’} and ‘[01m[Kint[m[K’ [[01;35m[K-Wsign-compare[m[K]
[7.266s]   773 |         if ([01;35m[KpointCloudInCamFrame_red.size() > minNumRedKeyPoint[m[K){
[7.266s]       |             [01;35m[K~~~~~~~~~~~~~~~~~~~~~~~~~~~~~~~~^~~~~~~~~~~~~~~~~~~[m[K
[14.239s] [100%] [32m[1mLinking CXX executable model3[0m
[15.982s] [100%] Built target model3
[15.990s] Invoked command in '/home/weiwei/Desktop/project/ObsAvoidance/build/model3' returned '0': AMENT_PREFIX_PATH=/home/weiwei/Desktop/project/ObsAvoidance/install/interface:${AMENT_PREFIX_PATH} CMAKE_PREFIX_PATH=/home/weiwei/Desktop/project/ObsAvoidance/install/interface:/opt/ros/foxy LD_LIBRARY_PATH=/home/weiwei/Desktop/project/ObsAvoidance/install/interface/lib:${LD_LIBRARY_PATH} PYTHONPATH=/home/weiwei/Desktop/project/ObsAvoidance/install/interface/lib/python3.8/site-packages:${PYTHONPATH} /usr/bin/cmake --build /home/weiwei/Desktop/project/ObsAvoidance/build/model3 -- -j16 -l16
[16.009s] Invoking command in '/home/weiwei/Desktop/project/ObsAvoidance/build/model3': AMENT_PREFIX_PATH=/home/weiwei/Desktop/project/ObsAvoidance/install/interface:${AMENT_PREFIX_PATH} CMAKE_PREFIX_PATH=/home/weiwei/Desktop/project/ObsAvoidance/install/interface:/opt/ros/foxy LD_LIBRARY_PATH=/home/weiwei/Desktop/project/ObsAvoidance/install/interface/lib:${LD_LIBRARY_PATH} PYTHONPATH=/home/weiwei/Desktop/project/ObsAvoidance/install/interface/lib/python3.8/site-packages:${PYTHONPATH} /usr/bin/cmake --install /home/weiwei/Desktop/project/ObsAvoidance/build/model3
[16.014s] -- Install configuration: ""
[16.014s] -- Installing: /home/weiwei/Desktop/project/ObsAvoidance/install/model3/lib/model3/model3
[16.020s] -- Set runtime path of "/home/weiwei/Desktop/project/ObsAvoidance/install/model3/lib/model3/model3" to ""
[16.020s] -- Up-to-date: /home/weiwei/Desktop/project/ObsAvoidance/install/model3/share/ament_index/resource_index/package_run_dependencies/model3
[16.020s] -- Up-to-date: /home/weiwei/Desktop/project/ObsAvoidance/install/model3/share/ament_index/resource_index/parent_prefix_path/model3
[16.020s] -- Installing: /home/weiwei/Desktop/project/ObsAvoidance/install/model3/share/model3/environment/ament_prefix_path.sh
[16.020s] -- Installing: /home/weiwei/Desktop/project/ObsAvoidance/install/model3/share/model3/environment/ament_prefix_path.dsv
[16.020s] -- Installing: /home/weiwei/Desktop/project/ObsAvoidance/install/model3/share/model3/environment/path.sh
[16.020s] -- Installing: /home/weiwei/Desktop/project/ObsAvoidance/install/model3/share/model3/environment/path.dsv
[16.020s] -- Up-to-date: /home/weiwei/Desktop/project/ObsAvoidance/install/model3/share/model3/local_setup.bash
[16.020s] -- Up-to-date: /home/weiwei/Desktop/project/ObsAvoidance/install/model3/share/model3/local_setup.sh
[16.020s] -- Up-to-date: /home/weiwei/Desktop/project/ObsAvoidance/install/model3/share/model3/local_setup.zsh
[16.020s] -- Installing: /home/weiwei/Desktop/project/ObsAvoidance/install/model3/share/model3/local_setup.dsv
[16.020s] -- Installing: /home/weiwei/Desktop/project/ObsAvoidance/install/model3/share/model3/package.dsv
[16.020s] -- Up-to-date: /home/weiwei/Desktop/project/ObsAvoidance/install/model3/share/ament_index/resource_index/packages/model3
[16.020s] -- Up-to-date: /home/weiwei/Desktop/project/ObsAvoidance/install/model3/share/model3/cmake/model3Config.cmake
[16.020s] -- Up-to-date: /home/weiwei/Desktop/project/ObsAvoidance/install/model3/share/model3/cmake/model3Config-version.cmake
[16.020s] -- Up-to-date: /home/weiwei/Desktop/project/ObsAvoidance/install/model3/share/model3/package.xml
[16.021s] Invoked command in '/home/weiwei/Desktop/project/ObsAvoidance/build/model3' returned '0': AMENT_PREFIX_PATH=/home/weiwei/Desktop/project/ObsAvoidance/install/interface:${AMENT_PREFIX_PATH} CMAKE_PREFIX_PATH=/home/weiwei/Desktop/project/ObsAvoidance/install/interface:/opt/ros/foxy LD_LIBRARY_PATH=/home/weiwei/Desktop/project/ObsAvoidance/install/interface/lib:${LD_LIBRARY_PATH} PYTHONPATH=/home/weiwei/Desktop/project/ObsAvoidance/install/interface/lib/python3.8/site-packages:${PYTHONPATH} /usr/bin/cmake --install /home/weiwei/Desktop/project/ObsAvoidance/build/model3
