[0.097s] Invoking command in '/home/weiwei/Desktop/project/ObsAvoidance/build/path_planner': CMAKE_PREFIX_PATH=/home/weiwei/Desktop/project/ObsAvoidance/install/interface:/home/weiwei/Desktop/project/ObsAvoidance/install/path_planner:/home/weiwei/Desktop/project/ObsAvoidance/install/orbslam:/home/weiwei/Desktop/project/ObsAvoidance/install/model:/home/weiwei/Desktop/project/ObsAvoidance/install/media:/opt/ros/foxy /usr/bin/cmake --build /home/weiwei/Desktop/project/ObsAvoidance/build/path_planner -- -j16 -l16
[0.114s] -- Found ament_cmake: 0.9.12 (/opt/ros/foxy/share/ament_cmake/cmake)
[0.132s] -- Using PYTHON_EXECUTABLE: /usr/bin/python3
[0.239s] -- Found rclcpp: 2.4.3 (/opt/ros/foxy/share/rclcpp/cmake)
[0.262s] -- Using all available rosidl_typesupport_c: rosidl_typesupport_fastrtps_c;rosidl_typesupport_introspection_c
[0.264s] -- Found rosidl_adapter: 1.3.1 (/opt/ros/foxy/share/rosidl_adapter/cmake)
[0.345s] -- Using all available rosidl_typesupport_cpp: rosidl_typesupport_fastrtps_cpp;rosidl_typesupport_introspection_cpp
[0.374s] -- Found rmw_implementation_cmake: 1.0.4 (/opt/ros/foxy/share/rmw_implementation_cmake/cmake)
[0.375s] -- Using RMW implementation 'rmw_fastrtps_cpp' as default
[0.462s] -- Found interface: 0.0.0 (/home/weiwei/Desktop/project/ObsAvoidance/install/interface/share/interface/cmake)
[0.611s] -- Found cv_bridge: 3.0.7 (/opt/ros/foxy/share/cv_bridge/cmake)
[0.626s] -- Found pcl_conversions: 2.2.1 (/opt/ros/foxy/share/pcl_conversions/cmake)
[0.729s] -- Found octomap_msgs: 2.0.0 (/opt/ros/foxy/share/octomap_msgs/cmake)
[0.777s] -- Eigen found (include: /usr/include/eigen3, version: 3.3.7)
[0.831s] -- The imported target "vtkParseOGLExt" references the file
[0.831s]    "/usr/bin/vtkParseOGLExt-7.1"
[0.831s] but this file does not exist.  Possible reasons include:
[0.832s] * The file was deleted, renamed, or moved to another location.
[0.832s] * An install or uninstall procedure did not complete successfully.
[0.832s] * The installation package was faulty and contained
[0.832s]    "/usr/lib/cmake/vtk-7.1/VTKTargets.cmake"
[0.832s] but not all the files it references.
[0.832s] 
[0.832s] -- The imported target "vtkRenderingPythonTkWidgets" references the file
[0.832s]    "/usr/lib/x86_64-linux-gnu/libvtkRenderingPythonTkWidgets.so"
[0.832s] but this file does not exist.  Possible reasons include:
[0.832s] * The file was deleted, renamed, or moved to another location.
[0.832s] * An install or uninstall procedure did not complete successfully.
[0.832s] * The installation package was faulty and contained
[0.832s]    "/usr/lib/cmake/vtk-7.1/VTKTargets.cmake"
[0.832s] but not all the files it references.
[0.832s] 
[0.832s] -- The imported target "vtk" references the file
[0.832s]    "/usr/bin/vtk"
[0.832s] but this file does not exist.  Possible reasons include:
[0.832s] * The file was deleted, renamed, or moved to another location.
[0.832s] * An install or uninstall procedure did not complete successfully.
[0.833s] * The installation package was faulty and contained
[0.833s]    "/usr/lib/cmake/vtk-7.1/VTKTargets.cmake"
[0.833s] but not all the files it references.
[0.833s] 
[0.833s] -- The imported target "pvtk" references the file
[0.833s]    "/usr/bin/pvtk"
[0.833s] but this file does not exist.  Possible reasons include:
[0.833s] * The file was deleted, renamed, or moved to another location.
[0.833s] * An install or uninstall procedure did not complete successfully.
[0.833s] * The installation package was faulty and contained
[0.833s]    "/usr/lib/cmake/vtk-7.1/VTKTargets.cmake"
[0.833s] but not all the files it references.
[0.833s] 
[0.845s] -- OpenNI found (include: /usr/include/ni, lib: /usr/lib/libOpenNI.so)
[0.849s] -- OpenNI2 found (include: /usr/include/openni2, lib: /usr/lib/libOpenNI2.so)
[0.849s] ** WARNING ** io features related to pcap will be disabled
[0.849s] ** WARNING ** io features related to png will be disabled
[0.857s] ** WARNING ** io features related to libusb-1.0 will be disabled
[0.860s] -- OpenNI found (include: /usr/include/ni, lib: /usr/lib/libOpenNI.so)
[0.864s] -- OpenNI2 found (include: /usr/include/openni2, lib: /usr/lib/libOpenNI2.so)
[0.872s] -- QHULL found (include: /usr/include, lib: optimized;/usr/lib/x86_64-linux-gnu/libqhull.so;debug;/usr/lib/x86_64-linux-gnu/libqhull.so)
[0.876s] -- OpenNI found (include: /usr/include/ni, lib: /usr/lib/libOpenNI.so)
[0.883s] -- looking for PCL_COMMON
[0.883s] -- looking for PCL_KDTREE
[0.884s] -- looking for PCL_OCTREE
[0.884s] -- looking for PCL_SEARCH
[0.884s] -- looking for PCL_SAMPLE_CONSENSUS
[0.885s] -- looking for PCL_FILTERS
[0.885s] -- looking for PCL_2D
[0.885s] -- looking for PCL_GEOMETRY
[0.886s] -- looking for PCL_IO
[0.886s] -- looking for PCL_FEATURES
[0.886s] -- looking for PCL_ML
[0.887s] -- looking for PCL_SEGMENTATION
[0.887s] -- looking for PCL_VISUALIZATION
[0.887s] -- looking for PCL_SURFACE
[0.888s] -- looking for PCL_REGISTRATION
[0.888s] -- looking for PCL_KEYPOINTS
[0.888s] -- looking for PCL_TRACKING
[0.889s] -- looking for PCL_RECOGNITION
[0.889s] -- looking for PCL_STEREO
[0.890s] -- looking for PCL_APPS
[0.890s] -- looking for PCL_IN_HAND_SCANNER
[0.890s] -- looking for PCL_POINT_CLOUD_EDITOR
[0.891s] -- looking for PCL_OUTOFCORE
[0.891s] -- looking for PCL_PEOPLE
[0.963s] -- Found AMD headers in: /usr/include/suitesparse
[0.963s] -- Found AMD library: /usr/lib/x86_64-linux-gnu/libamd.so
[0.964s] -- Found CAMD headers in: /usr/include/suitesparse
[0.964s] -- Found CAMD library: /usr/lib/x86_64-linux-gnu/libcamd.so
[0.964s] -- Found CCOLAMD headers in: /usr/include/suitesparse
[0.964s] -- Found CCOLAMD library: /usr/lib/x86_64-linux-gnu/libccolamd.so
[0.964s] -- Found CHOLMOD headers in: /usr/include/suitesparse
[0.964s] -- Found CHOLMOD library: /usr/lib/x86_64-linux-gnu/libcholmod.so
[0.964s] -- Found COLAMD headers in: /usr/include/suitesparse
[0.964s] -- Found COLAMD library: /usr/lib/x86_64-linux-gnu/libcolamd.so
[0.964s] -- Found SPQR headers in: /usr/include/suitesparse
[0.964s] -- Found SPQR library: /usr/lib/x86_64-linux-gnu/libspqr.so
[0.964s] -- Found Config headers in: /usr/include/suitesparse
[0.964s] -- Found Config library: /usr/lib/x86_64-linux-gnu/libsuitesparseconfig.so
[0.964s] -- Found Intel Thread Building Blocks (TBB) library (2020.1 / 11101) include location: . Assuming SuiteSparseQR was compiled with TBB.
[0.964s] -- Adding librt to SuiteSparse_config libraries (required on Linux & Unix [not OSX] if SuiteSparse is compiled with timing).
[0.967s] -- Could NOT find METIS (missing: METIS_INCLUDE_DIR METIS_LIBRARY) 
[0.969s] -- Found required Ceres dependency: Eigen version 3.3.9 in /usr/local/share/eigen3/cmake
[0.970s] -- Found required Ceres dependency: glog
[0.971s] -- Found required Ceres dependency: gflags
[0.971s] -- Found Ceres version: 2.2.0 installed in: /usr/local with components: [EigenSparse, SparseLinearAlgebraLibrary, LAPACK, SuiteSparse, SchurSpecializations]
[0.971s] -- Found ament_lint_auto: 0.9.8 (/opt/ros/foxy/share/ament_lint_auto/cmake)
[1.050s] -- Added test 'copyright' to check source files copyright and LICENSE
[1.050s] -- Added test 'cppcheck' to perform static code analysis on C / C++ code
[1.050s] -- Configured cppcheck include dirs: 
[1.050s] -- Configured cppcheck exclude dirs and/or files: 
[1.051s] -- Added test 'cpplint' to check C / C++ code against the Google style
[1.051s] -- Configured cpplint exclude dirs and/or files: 
[1.051s] -- Added test 'lint_cmake' to check CMake code style
[1.051s] -- Added test 'uncrustify' to check C / C++ code style
[1.051s] -- Configured uncrustify additional arguments: 
[1.051s] -- Added test 'xmllint' to check XML markup files
[1.053s] -- Configuring done
[1.069s] -- Generating done
[1.070s] -- Build files have been written to: /home/weiwei/Desktop/project/ObsAvoidance/build/path_planner
[1.107s] [100%] Built target path_planner
[1.118s] Invoked command in '/home/weiwei/Desktop/project/ObsAvoidance/build/path_planner' returned '0': CMAKE_PREFIX_PATH=/home/weiwei/Desktop/project/ObsAvoidance/install/interface:/home/weiwei/Desktop/project/ObsAvoidance/install/path_planner:/home/weiwei/Desktop/project/ObsAvoidance/install/orbslam:/home/weiwei/Desktop/project/ObsAvoidance/install/model:/home/weiwei/Desktop/project/ObsAvoidance/install/media:/opt/ros/foxy /usr/bin/cmake --build /home/weiwei/Desktop/project/ObsAvoidance/build/path_planner -- -j16 -l16
[1.141s] Invoking command in '/home/weiwei/Desktop/project/ObsAvoidance/build/path_planner': CMAKE_PREFIX_PATH=/home/weiwei/Desktop/project/ObsAvoidance/install/interface:/home/weiwei/Desktop/project/ObsAvoidance/install/path_planner:/home/weiwei/Desktop/project/ObsAvoidance/install/orbslam:/home/weiwei/Desktop/project/ObsAvoidance/install/model:/home/weiwei/Desktop/project/ObsAvoidance/install/media:/opt/ros/foxy /usr/bin/cmake --install /home/weiwei/Desktop/project/ObsAvoidance/build/path_planner
[1.147s] -- Install configuration: ""
[1.147s] -- Up-to-date: /home/weiwei/Desktop/project/ObsAvoidance/install/path_planner/lib/path_planner/path_planner
[1.147s] -- Up-to-date: /home/weiwei/Desktop/project/ObsAvoidance/install/path_planner/share/ament_index/resource_index/package_run_dependencies/path_planner
[1.147s] -- Up-to-date: /home/weiwei/Desktop/project/ObsAvoidance/install/path_planner/share/ament_index/resource_index/parent_prefix_path/path_planner
[1.147s] -- Up-to-date: /home/weiwei/Desktop/project/ObsAvoidance/install/path_planner/share/path_planner/environment/ament_prefix_path.sh
[1.147s] -- Installing: /home/weiwei/Desktop/project/ObsAvoidance/install/path_planner/share/path_planner/environment/ament_prefix_path.dsv
[1.147s] -- Up-to-date: /home/weiwei/Desktop/project/ObsAvoidance/install/path_planner/share/path_planner/environment/path.sh
[1.148s] -- Installing: /home/weiwei/Desktop/project/ObsAvoidance/install/path_planner/share/path_planner/environment/path.dsv
[1.148s] -- Up-to-date: /home/weiwei/Desktop/project/ObsAvoidance/install/path_planner/share/path_planner/local_setup.bash
[1.148s] -- Up-to-date: /home/weiwei/Desktop/project/ObsAvoidance/install/path_planner/share/path_planner/local_setup.sh
[1.148s] -- Up-to-date: /home/weiwei/Desktop/project/ObsAvoidance/install/path_planner/share/path_planner/local_setup.zsh
[1.148s] -- Installing: /home/weiwei/Desktop/project/ObsAvoidance/install/path_planner/share/path_planner/local_setup.dsv
[1.148s] -- Installing: /home/weiwei/Desktop/project/ObsAvoidance/install/path_planner/share/path_planner/package.dsv
[1.148s] -- Up-to-date: /home/weiwei/Desktop/project/ObsAvoidance/install/path_planner/share/ament_index/resource_index/packages/path_planner
[1.148s] -- Up-to-date: /home/weiwei/Desktop/project/ObsAvoidance/install/path_planner/share/path_planner/cmake/path_plannerConfig.cmake
[1.148s] -- Up-to-date: /home/weiwei/Desktop/project/ObsAvoidance/install/path_planner/share/path_planner/cmake/path_plannerConfig-version.cmake
[1.148s] -- Installing: /home/weiwei/Desktop/project/ObsAvoidance/install/path_planner/share/path_planner/package.xml
[1.149s] Invoked command in '/home/weiwei/Desktop/project/ObsAvoidance/build/path_planner' returned '0': CMAKE_PREFIX_PATH=/home/weiwei/Desktop/project/ObsAvoidance/install/interface:/home/weiwei/Desktop/project/ObsAvoidance/install/path_planner:/home/weiwei/Desktop/project/ObsAvoidance/install/orbslam:/home/weiwei/Desktop/project/ObsAvoidance/install/model:/home/weiwei/Desktop/project/ObsAvoidance/install/media:/opt/ros/foxy /usr/bin/cmake --install /home/weiwei/Desktop/project/ObsAvoidance/build/path_planner
