[0.108s] Invoking command in '/home/weiwei/Desktop/project/ObsAvoidance/build/media': CMAKE_PREFIX_PATH=/home/weiwei/Desktop/project/ObsAvoidance/install/interface:/home/weiwei/Desktop/project/ObsAvoidance/install/orbslam:/home/weiwei/Desktop/project/ObsAvoidance/install/model:/home/weiwei/Desktop/project/ObsAvoidance/install/media:/opt/ros/foxy /usr/bin/cmake --build /home/weiwei/Desktop/project/ObsAvoidance/build/media -- -j16 -l16
[0.134s] -- Found ament_cmake: 0.9.12 (/opt/ros/foxy/share/ament_cmake/cmake)
[0.149s] -- Using PYTHON_EXECUTABLE: /usr/bin/python3
[0.271s] -- Found rclcpp: 2.4.3 (/opt/ros/foxy/share/rclcpp/cmake)
[0.302s] -- Using all available rosidl_typesupport_c: rosidl_typesupport_fastrtps_c;rosidl_typesupport_introspection_c
[0.306s] -- Found rosidl_adapter: 1.3.1 (/opt/ros/foxy/share/rosidl_adapter/cmake)
[0.398s] -- Using all available rosidl_typesupport_cpp: rosidl_typesupport_fastrtps_cpp;rosidl_typesupport_introspection_cpp
[0.437s] -- Found rmw_implementation_cmake: 1.0.4 (/opt/ros/foxy/share/rmw_implementation_cmake/cmake)
[0.438s] -- Using RMW implementation 'rmw_fastrtps_cpp' as default
[0.537s] -- Found interface: 0.0.0 (/home/weiwei/Desktop/project/ObsAvoidance/install/interface/share/interface/cmake)
[0.688s] -- Found cv_bridge: 3.0.7 (/opt/ros/foxy/share/cv_bridge/cmake)
[0.705s] -- Found message_filters: 3.2.7 (/opt/ros/foxy/share/message_filters/cmake)
[0.707s] -- Found pcl_conversions: 2.2.1 (/opt/ros/foxy/share/pcl_conversions/cmake)
[0.816s] -- Eigen found (include: /usr/include/eigen3, version: 3.3.7)
[0.901s] -- The imported target "vtkParseOGLExt" references the file
[0.902s]    "/usr/bin/vtkParseOGLExt-7.1"
[0.902s] but this file does not exist.  Possible reasons include:
[0.902s] * The file was deleted, renamed, or moved to another location.
[0.902s] * An install or uninstall procedure did not complete successfully.
[0.902s] * The installation package was faulty and contained
[0.902s]    "/usr/lib/cmake/vtk-7.1/VTKTargets.cmake"
[0.902s] but not all the files it references.
[0.902s] 
[0.902s] -- The imported target "vtkRenderingPythonTkWidgets" references the file
[0.902s]    "/usr/lib/x86_64-linux-gnu/libvtkRenderingPythonTkWidgets.so"
[0.902s] but this file does not exist.  Possible reasons include:
[0.902s] * The file was deleted, renamed, or moved to another location.
[0.902s] * An install or uninstall procedure did not complete successfully.
[0.902s] * The installation package was faulty and contained
[0.902s]    "/usr/lib/cmake/vtk-7.1/VTKTargets.cmake"
[0.902s] but not all the files it references.
[0.902s] 
[0.903s] -- The imported target "vtk" references the file
[0.903s]    "/usr/bin/vtk"
[0.903s] but this file does not exist.  Possible reasons include:
[0.903s] * The file was deleted, renamed, or moved to another location.
[0.903s] * An install or uninstall procedure did not complete successfully.
[0.903s] * The installation package was faulty and contained
[0.903s]    "/usr/lib/cmake/vtk-7.1/VTKTargets.cmake"
[0.903s] but not all the files it references.
[0.903s] 
[0.903s] -- The imported target "pvtk" references the file
[0.903s]    "/usr/bin/pvtk"
[0.903s] but this file does not exist.  Possible reasons include:
[0.903s] * The file was deleted, renamed, or moved to another location.
[0.903s] * An install or uninstall procedure did not complete successfully.
[0.903s] * The installation package was faulty and contained
[0.903s]    "/usr/lib/cmake/vtk-7.1/VTKTargets.cmake"
[0.903s] but not all the files it references.
[0.903s] 
[0.923s] -- OpenNI found (include: /usr/include/ni, lib: /usr/lib/libOpenNI.so)
[0.929s] -- OpenNI2 found (include: /usr/include/openni2, lib: /usr/lib/libOpenNI2.so)
[0.929s] ** WARNING ** io features related to pcap will be disabled
[0.929s] ** WARNING ** io features related to png will be disabled
[0.937s] ** WARNING ** io features related to libusb-1.0 will be disabled
[0.941s] -- OpenNI found (include: /usr/include/ni, lib: /usr/lib/libOpenNI.so)
[0.945s] -- OpenNI2 found (include: /usr/include/openni2, lib: /usr/lib/libOpenNI2.so)
[0.953s] -- QHULL found (include: /usr/include, lib: optimized;/usr/lib/x86_64-linux-gnu/libqhull.so;debug;/usr/lib/x86_64-linux-gnu/libqhull.so)
[0.957s] -- OpenNI found (include: /usr/include/ni, lib: /usr/lib/libOpenNI.so)
[0.964s] -- looking for PCL_COMMON
[0.965s] -- looking for PCL_KDTREE
[0.965s] -- looking for PCL_OCTREE
[0.965s] -- looking for PCL_SEARCH
[0.966s] -- looking for PCL_SAMPLE_CONSENSUS
[0.966s] -- looking for PCL_FILTERS
[0.966s] -- looking for PCL_2D
[0.966s] -- looking for PCL_GEOMETRY
[0.967s] -- looking for PCL_IO
[0.967s] -- looking for PCL_FEATURES
[0.968s] -- looking for PCL_ML
[0.968s] -- looking for PCL_SEGMENTATION
[0.968s] -- looking for PCL_VISUALIZATION
[0.969s] -- looking for PCL_SURFACE
[0.969s] -- looking for PCL_REGISTRATION
[0.969s] -- looking for PCL_KEYPOINTS
[0.970s] -- looking for PCL_TRACKING
[0.970s] -- looking for PCL_RECOGNITION
[0.970s] -- looking for PCL_STEREO
[0.971s] -- looking for PCL_APPS
[0.972s] -- looking for PCL_IN_HAND_SCANNER
[0.972s] -- looking for PCL_POINT_CLOUD_EDITOR
[0.972s] -- looking for PCL_OUTOFCORE
[0.972s] -- looking for PCL_PEOPLE
[1.049s] -- Found AMD headers in: /usr/include/suitesparse
[1.049s] -- Found AMD library: /usr/lib/x86_64-linux-gnu/libamd.so
[1.049s] -- Found CAMD headers in: /usr/include/suitesparse
[1.049s] -- Found CAMD library: /usr/lib/x86_64-linux-gnu/libcamd.so
[1.049s] -- Found CCOLAMD headers in: /usr/include/suitesparse
[1.049s] -- Found CCOLAMD library: /usr/lib/x86_64-linux-gnu/libccolamd.so
[1.049s] -- Found CHOLMOD headers in: /usr/include/suitesparse
[1.049s] -- Found CHOLMOD library: /usr/lib/x86_64-linux-gnu/libcholmod.so
[1.049s] -- Found COLAMD headers in: /usr/include/suitesparse
[1.050s] -- Found COLAMD library: /usr/lib/x86_64-linux-gnu/libcolamd.so
[1.050s] -- Found SPQR headers in: /usr/include/suitesparse
[1.050s] -- Found SPQR library: /usr/lib/x86_64-linux-gnu/libspqr.so
[1.050s] -- Found Config headers in: /usr/include/suitesparse
[1.050s] -- Found Config library: /usr/lib/x86_64-linux-gnu/libsuitesparseconfig.so
[1.050s] -- Found Intel Thread Building Blocks (TBB) library (2020.1 / 11101) include location: . Assuming SuiteSparseQR was compiled with TBB.
[1.050s] -- Adding librt to SuiteSparse_config libraries (required on Linux & Unix [not OSX] if SuiteSparse is compiled with timing).
[1.053s] -- Could NOT find METIS (missing: METIS_INCLUDE_DIR METIS_LIBRARY) 
[1.056s] -- Found required Ceres dependency: Eigen version 3.3.9 in /usr/local/share/eigen3/cmake
[1.057s] -- Found required Ceres dependency: glog
[1.058s] -- Found required Ceres dependency: gflags
[1.059s] -- Found Ceres version: 2.2.0 installed in: /usr/local with components: [EigenSparse, SparseLinearAlgebraLibrary, LAPACK, SuiteSparse, SchurSpecializations]
[1.059s] -- Found ament_lint_auto: 0.9.8 (/opt/ros/foxy/share/ament_lint_auto/cmake)
[1.138s] -- Added test 'copyright' to check source files copyright and LICENSE
[1.139s] -- Added test 'cppcheck' to perform static code analysis on C / C++ code
[1.139s] -- Configured cppcheck include dirs: 
[1.139s] -- Configured cppcheck exclude dirs and/or files: 
[1.140s] -- Added test 'cpplint' to check C / C++ code against the Google style
[1.140s] -- Configured cpplint exclude dirs and/or files: 
[1.140s] -- Added test 'lint_cmake' to check CMake code style
[1.141s] -- Added test 'uncrustify' to check C / C++ code style
[1.141s] -- Configured uncrustify additional arguments: 
[1.141s] -- Added test 'xmllint' to check XML markup files
[1.143s] -- Configuring done
[1.187s] -- Generating done
[1.188s] -- Build files have been written to: /home/weiwei/Desktop/project/ObsAvoidance/build/media
[1.214s] [35m[1mScanning dependencies of target media[0m
[1.264s] [ 66%] [32mBuilding CXX object CMakeFiles/media.dir/src/media.cpp.o[0m
[1.264s] [ 66%] [32mBuilding CXX object CMakeFiles/media.dir/src/main.cpp.o[0m
[5.495s] [01m[K/home/weiwei/Desktop/project/ObsAvoidance/src/media/src/media.cpp:[m[K In member function ‘[01m[Kvoid mediaNode::getScaleSlamToWorld(const ConstSharedPtr&, const ConstSharedPtr&)[m[K’:
[5.495s] [01m[K/home/weiwei/Desktop/project/ObsAvoidance/src/media/src/media.cpp:194:23:[m[K [01;35m[Kwarning: [m[Kcomparison of integer expressions of different signedness: ‘[01m[Kstd::vector<cv::Vec<float, 3> >::size_type[m[K’ {aka ‘[01m[Klong unsigned int[m[K’} and ‘[01m[Kint[m[K’ [[01;35m[K-Wsign-compare[m[K]
[5.495s]   194 |   if ([01;35m[Kcircles_.size() < circle_size_thresh[m[K)
[5.495s]       |       [01;35m[K~~~~~~~~~~~~~~~~^~~~~~~~~~~~~~~~~~~~[m[K
[5.495s] [01m[K/home/weiwei/Desktop/project/ObsAvoidance/src/media/src/media.cpp:198:17:[m[K [01;35m[Kwarning: [m[Kcomparison of integer expressions of different signedness: ‘[01m[Kint[m[K’ and ‘[01m[Kstd::vector<cv::Vec<float, 3> >::size_type[m[K’ {aka ‘[01m[Klong unsigned int[m[K’} [[01;35m[K-Wsign-compare[m[K]
[5.495s]   198 |   for (int i=0;[01;35m[Ki<circles_.size()[m[K;i++) {
[5.495s]       |                [01;35m[K~^~~~~~~~~~~~~~~~[m[K
[5.495s] [01m[K/home/weiwei/Desktop/project/ObsAvoidance/src/media/src/media.cpp:207:28:[m[K [01;35m[Kwarning: [m[Kcomparison of integer expressions of different signedness: ‘[01m[Kstd::vector<double, std::allocator<double> >::size_type[m[K’ {aka ‘[01m[Klong unsigned int[m[K’} and ‘[01m[Kint[m[K’ [[01;35m[K-Wsign-compare[m[K]
[5.495s]   207 |   if ([01;35m[KscaleFactList_.size()<scaleFactList_size_thresh[m[K)
[5.495s]       |       [01;35m[K~~~~~~~~~~~~~~~~~~~~~^~~~~~~~~~~~~~~~~~~~~~~~~~[m[K
[5.506s] [01m[K/home/weiwei/Desktop/project/ObsAvoidance/src/media/src/media.cpp:[m[K In member function ‘[01m[Kbool mediaNode::detectPoseCorrect(cv::Mat, interface::msg::Slam_<std::allocator<void> >::ConstSharedPtr, double&, cv::Vec3f)[m[K’:
[5.506s] [01m[K/home/weiwei/Desktop/project/ObsAvoidance/src/media/src/media.cpp:260:67:[m[K [01;35m[Kwarning: [m[Kcomparison of constant ‘[01m[K255[m[K’ with boolean expression is always true [[01;35m[K-Wbool-compare[m[K]
[5.506s]   260 |     if ([01;35m[Kimg_dilate.at<bool>((int)pixelPoint.x, (int)pixelPoint.y) != 255[m[K)
[5.506s]       |         [01;35m[K~~~~~~~~~~~~~~~~~~~~~~~~~~~~~~~~~~~~~~~~~~~~~~~~~~~~~~~~~~^~~~~~[m[K
[5.520s] [01m[K/home/weiwei/Desktop/project/ObsAvoidance/src/media/src/media.cpp:[m[K In member function ‘[01m[Kvoid mediaNode::ransacScaleFact()[m[K’:
[5.520s] [01m[K/home/weiwei/Desktop/project/ObsAvoidance/src/media/src/media.cpp:351:21:[m[K [01;35m[Kwarning: [m[Kcomparison of integer expressions of different signedness: ‘[01m[Kint[m[K’ and ‘[01m[Kstd::vector<double, std::allocator<double> >::size_type[m[K’ {aka ‘[01m[Klong unsigned int[m[K’} [[01;35m[K-Wsign-compare[m[K]
[5.520s]   351 |     for (int j = 0;[01;35m[Kj<scaleFactList_.size()[m[K;j++)
[5.520s]       |                    [01;35m[K~^~~~~~~~~~~~~~~~~~~~~~[m[K
[14.614s] [100%] [32m[1mLinking CXX executable media[0m
[15.923s] [100%] Built target media
[15.934s] Invoked command in '/home/weiwei/Desktop/project/ObsAvoidance/build/media' returned '0': CMAKE_PREFIX_PATH=/home/weiwei/Desktop/project/ObsAvoidance/install/interface:/home/weiwei/Desktop/project/ObsAvoidance/install/orbslam:/home/weiwei/Desktop/project/ObsAvoidance/install/model:/home/weiwei/Desktop/project/ObsAvoidance/install/media:/opt/ros/foxy /usr/bin/cmake --build /home/weiwei/Desktop/project/ObsAvoidance/build/media -- -j16 -l16
[15.956s] Invoking command in '/home/weiwei/Desktop/project/ObsAvoidance/build/media': CMAKE_PREFIX_PATH=/home/weiwei/Desktop/project/ObsAvoidance/install/interface:/home/weiwei/Desktop/project/ObsAvoidance/install/orbslam:/home/weiwei/Desktop/project/ObsAvoidance/install/model:/home/weiwei/Desktop/project/ObsAvoidance/install/media:/opt/ros/foxy /usr/bin/cmake --install /home/weiwei/Desktop/project/ObsAvoidance/build/media
[15.962s] -- Install configuration: ""
[15.962s] -- Installing: /home/weiwei/Desktop/project/ObsAvoidance/install/media/lib/media/media
[15.965s] -- Set runtime path of "/home/weiwei/Desktop/project/ObsAvoidance/install/media/lib/media/media" to ""
[15.965s] -- Up-to-date: /home/weiwei/Desktop/project/ObsAvoidance/install/media/share/ament_index/resource_index/package_run_dependencies/media
[15.965s] -- Up-to-date: /home/weiwei/Desktop/project/ObsAvoidance/install/media/share/ament_index/resource_index/parent_prefix_path/media
[15.965s] -- Installing: /home/weiwei/Desktop/project/ObsAvoidance/install/media/share/media/environment/ament_prefix_path.sh
[15.965s] -- Installing: /home/weiwei/Desktop/project/ObsAvoidance/install/media/share/media/environment/ament_prefix_path.dsv
[15.966s] -- Installing: /home/weiwei/Desktop/project/ObsAvoidance/install/media/share/media/environment/path.sh
[15.966s] -- Installing: /home/weiwei/Desktop/project/ObsAvoidance/install/media/share/media/environment/path.dsv
[15.966s] -- Up-to-date: /home/weiwei/Desktop/project/ObsAvoidance/install/media/share/media/local_setup.bash
[15.966s] -- Up-to-date: /home/weiwei/Desktop/project/ObsAvoidance/install/media/share/media/local_setup.sh
[15.966s] -- Up-to-date: /home/weiwei/Desktop/project/ObsAvoidance/install/media/share/media/local_setup.zsh
[15.966s] -- Installing: /home/weiwei/Desktop/project/ObsAvoidance/install/media/share/media/local_setup.dsv
[15.966s] -- Installing: /home/weiwei/Desktop/project/ObsAvoidance/install/media/share/media/package.dsv
[15.966s] -- Up-to-date: /home/weiwei/Desktop/project/ObsAvoidance/install/media/share/ament_index/resource_index/packages/media
[15.966s] -- Up-to-date: /home/weiwei/Desktop/project/ObsAvoidance/install/media/share/media/cmake/mediaConfig.cmake
[15.966s] -- Up-to-date: /home/weiwei/Desktop/project/ObsAvoidance/install/media/share/media/cmake/mediaConfig-version.cmake
[15.966s] -- Up-to-date: /home/weiwei/Desktop/project/ObsAvoidance/install/media/share/media/package.xml
[15.968s] Invoked command in '/home/weiwei/Desktop/project/ObsAvoidance/build/media' returned '0': CMAKE_PREFIX_PATH=/home/weiwei/Desktop/project/ObsAvoidance/install/interface:/home/weiwei/Desktop/project/ObsAvoidance/install/orbslam:/home/weiwei/Desktop/project/ObsAvoidance/install/model:/home/weiwei/Desktop/project/ObsAvoidance/install/media:/opt/ros/foxy /usr/bin/cmake --install /home/weiwei/Desktop/project/ObsAvoidance/build/media
