[0.081s] Invoking command in '/home/weiwei/Desktop/project/ObsAvoidance/build/path_planner': AMENT_PREFIX_PATH=/home/weiwei/Desktop/project/ObsAvoidance/install/interface:${AMENT_PREFIX_PATH} CMAKE_PREFIX_PATH=/home/weiwei/Desktop/project/ObsAvoidance/install/interface:/opt/ros/foxy LD_LIBRARY_PATH=/home/weiwei/Desktop/project/ObsAvoidance/install/interface/lib:${LD_LIBRARY_PATH} PYTHONPATH=/home/weiwei/Desktop/project/ObsAvoidance/install/interface/lib/python3.8/site-packages:${PYTHONPATH} /usr/bin/cmake --build /home/weiwei/Desktop/project/ObsAvoidance/build/path_planner -- -j16 -l16
[0.099s] -- Found ament_cmake: 0.9.12 (/opt/ros/foxy/share/ament_cmake/cmake)
[0.113s] -- Using PYTHON_EXECUTABLE: /usr/bin/python3
[0.227s] -- Found rclcpp: 2.4.3 (/opt/ros/foxy/share/rclcpp/cmake)
[0.250s] -- Using all available rosidl_typesupport_c: rosidl_typesupport_fastrtps_c;rosidl_typesupport_introspection_c
[0.252s] -- Found rosidl_adapter: 1.3.1 (/opt/ros/foxy/share/rosidl_adapter/cmake)
[0.339s] -- Using all available rosidl_typesupport_cpp: rosidl_typesupport_fastrtps_cpp;rosidl_typesupport_introspection_cpp
[0.368s] -- Found rmw_implementation_cmake: 1.0.4 (/opt/ros/foxy/share/rmw_implementation_cmake/cmake)
[0.369s] -- Using RMW implementation 'rmw_fastrtps_cpp' as default
[0.454s] -- Found interface: 0.0.0 (/home/weiwei/Desktop/project/ObsAvoidance/install/interface/share/interface/cmake)
[0.600s] -- Found cv_bridge: 3.0.7 (/opt/ros/foxy/share/cv_bridge/cmake)
[0.616s] -- Found pcl_conversions: 2.2.1 (/opt/ros/foxy/share/pcl_conversions/cmake)
[0.717s] -- Found octomap_msgs: 2.0.0 (/opt/ros/foxy/share/octomap_msgs/cmake)
[0.764s] -- Eigen found (include: /usr/include/eigen3, version: 3.3.7)
[0.817s] -- The imported target "vtkParseOGLExt" references the file
[0.817s]    "/usr/bin/vtkParseOGLExt-7.1"
[0.817s] but this file does not exist.  Possible reasons include:
[0.817s] * The file was deleted, renamed, or moved to another location.
[0.817s] * An install or uninstall procedure did not complete successfully.
[0.817s] * The installation package was faulty and contained
[0.817s]    "/usr/lib/cmake/vtk-7.1/VTKTargets.cmake"
[0.817s] but not all the files it references.
[0.817s] 
[0.818s] -- The imported target "vtkRenderingPythonTkWidgets" references the file
[0.818s]    "/usr/lib/x86_64-linux-gnu/libvtkRenderingPythonTkWidgets.so"
[0.818s] but this file does not exist.  Possible reasons include:
[0.818s] * The file was deleted, renamed, or moved to another location.
[0.818s] * An install or uninstall procedure did not complete successfully.
[0.818s] * The installation package was faulty and contained
[0.818s]    "/usr/lib/cmake/vtk-7.1/VTKTargets.cmake"
[0.818s] but not all the files it references.
[0.818s] 
[0.818s] -- The imported target "vtk" references the file
[0.818s]    "/usr/bin/vtk"
[0.818s] but this file does not exist.  Possible reasons include:
[0.818s] * The file was deleted, renamed, or moved to another location.
[0.818s] * An install or uninstall procedure did not complete successfully.
[0.818s] * The installation package was faulty and contained
[0.819s]    "/usr/lib/cmake/vtk-7.1/VTKTargets.cmake"
[0.819s] but not all the files it references.
[0.819s] 
[0.819s] -- The imported target "pvtk" references the file
[0.819s]    "/usr/bin/pvtk"
[0.819s] but this file does not exist.  Possible reasons include:
[0.819s] * The file was deleted, renamed, or moved to another location.
[0.819s] * An install or uninstall procedure did not complete successfully.
[0.819s] * The installation package was faulty and contained
[0.819s]    "/usr/lib/cmake/vtk-7.1/VTKTargets.cmake"
[0.819s] but not all the files it references.
[0.819s] 
[0.831s] -- OpenNI found (include: /usr/include/ni, lib: /usr/lib/libOpenNI.so)
[0.835s] -- OpenNI2 found (include: /usr/include/openni2, lib: /usr/lib/libOpenNI2.so)
[0.835s] ** WARNING ** io features related to pcap will be disabled
[0.835s] ** WARNING ** io features related to png will be disabled
[0.842s] ** WARNING ** io features related to libusb-1.0 will be disabled
[0.846s] -- OpenNI found (include: /usr/include/ni, lib: /usr/lib/libOpenNI.so)
[0.850s] -- OpenNI2 found (include: /usr/include/openni2, lib: /usr/lib/libOpenNI2.so)
[0.857s] -- QHULL found (include: /usr/include, lib: optimized;/usr/lib/x86_64-linux-gnu/libqhull.so;debug;/usr/lib/x86_64-linux-gnu/libqhull.so)
[0.861s] -- OpenNI found (include: /usr/include/ni, lib: /usr/lib/libOpenNI.so)
[0.868s] -- looking for PCL_COMMON
[0.868s] -- looking for PCL_KDTREE
[0.869s] -- looking for PCL_OCTREE
[0.869s] -- looking for PCL_SEARCH
[0.869s] -- looking for PCL_SAMPLE_CONSENSUS
[0.869s] -- looking for PCL_FILTERS
[0.870s] -- looking for PCL_2D
[0.870s] -- looking for PCL_GEOMETRY
[0.870s] -- looking for PCL_IO
[0.871s] -- looking for PCL_FEATURES
[0.871s] -- looking for PCL_ML
[0.871s] -- looking for PCL_SEGMENTATION
[0.872s] -- looking for PCL_VISUALIZATION
[0.872s] -- looking for PCL_SURFACE
[0.873s] -- looking for PCL_REGISTRATION
[0.873s] -- looking for PCL_KEYPOINTS
[0.873s] -- looking for PCL_TRACKING
[0.874s] -- looking for PCL_RECOGNITION
[0.874s] -- looking for PCL_STEREO
[0.875s] -- looking for PCL_APPS
[0.875s] -- looking for PCL_IN_HAND_SCANNER
[0.875s] -- looking for PCL_POINT_CLOUD_EDITOR
[0.876s] -- looking for PCL_OUTOFCORE
[0.876s] -- looking for PCL_PEOPLE
[0.947s] -- Found AMD headers in: /usr/include/suitesparse
[0.947s] -- Found AMD library: /usr/lib/x86_64-linux-gnu/libamd.so
[0.947s] -- Found CAMD headers in: /usr/include/suitesparse
[0.947s] -- Found CAMD library: /usr/lib/x86_64-linux-gnu/libcamd.so
[0.947s] -- Found CCOLAMD headers in: /usr/include/suitesparse
[0.947s] -- Found CCOLAMD library: /usr/lib/x86_64-linux-gnu/libccolamd.so
[0.947s] -- Found CHOLMOD headers in: /usr/include/suitesparse
[0.948s] -- Found CHOLMOD library: /usr/lib/x86_64-linux-gnu/libcholmod.so
[0.948s] -- Found COLAMD headers in: /usr/include/suitesparse
[0.948s] -- Found COLAMD library: /usr/lib/x86_64-linux-gnu/libcolamd.so
[0.948s] -- Found SPQR headers in: /usr/include/suitesparse
[0.948s] -- Found SPQR library: /usr/lib/x86_64-linux-gnu/libspqr.so
[0.948s] -- Found Config headers in: /usr/include/suitesparse
[0.948s] -- Found Config library: /usr/lib/x86_64-linux-gnu/libsuitesparseconfig.so
[0.948s] -- Found Intel Thread Building Blocks (TBB) library (2020.1 / 11101) include location: . Assuming SuiteSparseQR was compiled with TBB.
[0.948s] -- Adding librt to SuiteSparse_config libraries (required on Linux & Unix [not OSX] if SuiteSparse is compiled with timing).
[0.950s] -- Could NOT find METIS (missing: METIS_INCLUDE_DIR METIS_LIBRARY) 
[0.952s] -- Found required Ceres dependency: Eigen version 3.3.9 in /usr/local/share/eigen3/cmake
[0.953s] -- Found required Ceres dependency: glog
[0.954s] -- Found required Ceres dependency: gflags
[0.955s] -- Found Ceres version: 2.2.0 installed in: /usr/local with components: [EigenSparse, SparseLinearAlgebraLibrary, LAPACK, SuiteSparse, SchurSpecializations]
[0.955s] -- Found ament_lint_auto: 0.9.8 (/opt/ros/foxy/share/ament_lint_auto/cmake)
[1.048s] CMake Error at CMakeLists.txt:50 (target_link_libraries):
[1.048s]   Cannot specify link libraries for target "model" which is not built by this
[1.048s]   project.
[1.048s] 
[1.048s] 
[1.049s] -- Configuring incomplete, errors occurred!
[1.049s] See also "/home/weiwei/Desktop/project/ObsAvoidance/build/path_planner/CMakeFiles/CMakeOutput.log".
[1.049s] See also "/home/weiwei/Desktop/project/ObsAvoidance/build/path_planner/CMakeFiles/CMakeError.log".
[1.057s] make: *** [Makefile:296：cmake_check_build_system] 错误 1
[1.059s] Invoked command in '/home/weiwei/Desktop/project/ObsAvoidance/build/path_planner' returned '2': AMENT_PREFIX_PATH=/home/weiwei/Desktop/project/ObsAvoidance/install/interface:${AMENT_PREFIX_PATH} CMAKE_PREFIX_PATH=/home/weiwei/Desktop/project/ObsAvoidance/install/interface:/opt/ros/foxy LD_LIBRARY_PATH=/home/weiwei/Desktop/project/ObsAvoidance/install/interface/lib:${LD_LIBRARY_PATH} PYTHONPATH=/home/weiwei/Desktop/project/ObsAvoidance/install/interface/lib/python3.8/site-packages:${PYTHONPATH} /usr/bin/cmake --build /home/weiwei/Desktop/project/ObsAvoidance/build/path_planner -- -j16 -l16
