[0.102s] Invoking command in '/home/weiwei/Desktop/project/ObsAvoidance/build/path_planner': CMAKE_PREFIX_PATH=/home/weiwei/Desktop/project/ObsAvoidance/install/interface:/home/weiwei/Desktop/project/ObsAvoidance/install/path_planner:/home/weiwei/Desktop/project/ObsAvoidance/install/orbslam:/home/weiwei/Desktop/project/ObsAvoidance/install/model:/home/weiwei/Desktop/project/ObsAvoidance/install/media:/opt/ros/foxy /usr/bin/cmake --build /home/weiwei/Desktop/project/ObsAvoidance/build/path_planner -- -j16 -l16
[0.120s] -- Found ament_cmake: 0.9.12 (/opt/ros/foxy/share/ament_cmake/cmake)
[0.133s] -- Using PYTHON_EXECUTABLE: /usr/bin/python3
[0.238s] -- Found rclcpp: 2.4.3 (/opt/ros/foxy/share/rclcpp/cmake)
[0.258s] -- Using all available rosidl_typesupport_c: rosidl_typesupport_fastrtps_c;rosidl_typesupport_introspection_c
[0.260s] -- Found rosidl_adapter: 1.3.1 (/opt/ros/foxy/share/rosidl_adapter/cmake)
[0.341s] -- Using all available rosidl_typesupport_cpp: rosidl_typesupport_fastrtps_cpp;rosidl_typesupport_introspection_cpp
[0.370s] -- Found rmw_implementation_cmake: 1.0.4 (/opt/ros/foxy/share/rmw_implementation_cmake/cmake)
[0.371s] -- Using RMW implementation 'rmw_fastrtps_cpp' as default
[0.457s] -- Found interface: 0.0.0 (/home/weiwei/Desktop/project/ObsAvoidance/install/interface/share/interface/cmake)
[0.606s] -- Found cv_bridge: 3.0.7 (/opt/ros/foxy/share/cv_bridge/cmake)
[0.622s] -- Found pcl_conversions: 2.2.1 (/opt/ros/foxy/share/pcl_conversions/cmake)
[0.725s] -- Found octomap_msgs: 2.0.0 (/opt/ros/foxy/share/octomap_msgs/cmake)
[0.771s] -- Found ament_lint_auto: 0.9.8 (/opt/ros/foxy/share/ament_lint_auto/cmake)
[0.814s] CMake Error at /opt/ros/foxy/share/ament_cmake_target_dependencies/cmake/ament_target_dependencies.cmake:77 (message):
[0.814s]   ament_target_dependencies() the passed package name 'Eigen3' was not found
[0.814s]   before
[0.814s] Call Stack (most recent call first):
[0.814s]   CMakeLists.txt:49 (ament_target_dependencies)
[0.814s] 
[0.814s] 
[0.815s] -- Configuring incomplete, errors occurred!
[0.815s] See also "/home/weiwei/Desktop/project/ObsAvoidance/build/path_planner/CMakeFiles/CMakeOutput.log".
[0.815s] See also "/home/weiwei/Desktop/project/ObsAvoidance/build/path_planner/CMakeFiles/CMakeError.log".
[0.822s] make: *** [Makefile:296：cmake_check_build_system] 错误 1
[0.824s] Invoked command in '/home/weiwei/Desktop/project/ObsAvoidance/build/path_planner' returned '2': CMAKE_PREFIX_PATH=/home/weiwei/Desktop/project/ObsAvoidance/install/interface:/home/weiwei/Desktop/project/ObsAvoidance/install/path_planner:/home/weiwei/Desktop/project/ObsAvoidance/install/orbslam:/home/weiwei/Desktop/project/ObsAvoidance/install/model:/home/weiwei/Desktop/project/ObsAvoidance/install/media:/opt/ros/foxy /usr/bin/cmake --build /home/weiwei/Desktop/project/ObsAvoidance/build/path_planner -- -j16 -l16
