[0.076s] Invoking command in '/home/weiwei/Desktop/project/ObsAvoidance/build/path_planner': AMENT_PREFIX_PATH=/home/weiwei/Desktop/project/ObsAvoidance/install/interface:${AMENT_PREFIX_PATH} CMAKE_PREFIX_PATH=/home/weiwei/Desktop/project/ObsAvoidance/install/interface:/opt/ros/foxy LD_LIBRARY_PATH=/home/weiwei/Desktop/project/ObsAvoidance/install/interface/lib:${LD_LIBRARY_PATH} PYTHONPATH=/home/weiwei/Desktop/project/ObsAvoidance/install/interface/lib/python3.8/site-packages:${PYTHONPATH} /usr/bin/cmake --build /home/weiwei/Desktop/project/ObsAvoidance/build/path_planner -- -j16 -l16
[0.093s] -- Found ament_cmake: 0.9.12 (/opt/ros/foxy/share/ament_cmake/cmake)
[0.106s] -- Using PYTHON_EXECUTABLE: /usr/bin/python3
[0.220s] -- Found rclcpp: 2.4.3 (/opt/ros/foxy/share/rclcpp/cmake)
[0.243s] -- Using all available rosidl_typesupport_c: rosidl_typesupport_fastrtps_c;rosidl_typesupport_introspection_c
[0.245s] -- Found rosidl_adapter: 1.3.1 (/opt/ros/foxy/share/rosidl_adapter/cmake)
[0.329s] -- Using all available rosidl_typesupport_cpp: rosidl_typesupport_fastrtps_cpp;rosidl_typesupport_introspection_cpp
[0.358s] -- Found rmw_implementation_cmake: 1.0.4 (/opt/ros/foxy/share/rmw_implementation_cmake/cmake)
[0.359s] -- Using RMW implementation 'rmw_fastrtps_cpp' as default
[0.446s] -- Found interface: 0.0.0 (/home/weiwei/Desktop/project/ObsAvoidance/install/interface/share/interface/cmake)
[0.601s] -- Found cv_bridge: 3.0.7 (/opt/ros/foxy/share/cv_bridge/cmake)
[0.617s] -- Found pcl_conversions: 2.2.1 (/opt/ros/foxy/share/pcl_conversions/cmake)
[0.720s] -- Found octomap_msgs: 2.0.0 (/opt/ros/foxy/share/octomap_msgs/cmake)
[0.769s] -- Eigen found (include: /usr/include/eigen3, version: 3.3.7)
[0.824s] -- The imported target "vtkParseOGLExt" references the file
[0.825s]    "/usr/bin/vtkParseOGLExt-7.1"
[0.825s] but this file does not exist.  Possible reasons include:
[0.825s] * The file was deleted, renamed, or moved to another location.
[0.825s] * An install or uninstall procedure did not complete successfully.
[0.825s] * The installation package was faulty and contained
[0.825s]    "/usr/lib/cmake/vtk-7.1/VTKTargets.cmake"
[0.825s] but not all the files it references.
[0.825s] 
[0.825s] -- The imported target "vtkRenderingPythonTkWidgets" references the file
[0.825s]    "/usr/lib/x86_64-linux-gnu/libvtkRenderingPythonTkWidgets.so"
[0.825s] but this file does not exist.  Possible reasons include:
[0.825s] * The file was deleted, renamed, or moved to another location.
[0.825s] * An install or uninstall procedure did not complete successfully.
[0.825s] * The installation package was faulty and contained
[0.825s]    "/usr/lib/cmake/vtk-7.1/VTKTargets.cmake"
[0.825s] but not all the files it references.
[0.825s] 
[0.825s] -- The imported target "vtk" references the file
[0.826s]    "/usr/bin/vtk"
[0.826s] but this file does not exist.  Possible reasons include:
[0.826s] * The file was deleted, renamed, or moved to another location.
[0.826s] * An install or uninstall procedure did not complete successfully.
[0.826s] * The installation package was faulty and contained
[0.826s]    "/usr/lib/cmake/vtk-7.1/VTKTargets.cmake"
[0.826s] but not all the files it references.
[0.826s] 
[0.826s] -- The imported target "pvtk" references the file
[0.826s]    "/usr/bin/pvtk"
[0.826s] but this file does not exist.  Possible reasons include:
[0.826s] * The file was deleted, renamed, or moved to another location.
[0.826s] * An install or uninstall procedure did not complete successfully.
[0.826s] * The installation package was faulty and contained
[0.826s]    "/usr/lib/cmake/vtk-7.1/VTKTargets.cmake"
[0.826s] but not all the files it references.
[0.826s] 
[0.838s] -- OpenNI found (include: /usr/include/ni, lib: /usr/lib/libOpenNI.so)
[0.842s] -- OpenNI2 found (include: /usr/include/openni2, lib: /usr/lib/libOpenNI2.so)
[0.842s] ** WARNING ** io features related to pcap will be disabled
[0.842s] ** WARNING ** io features related to png will be disabled
[0.850s] ** WARNING ** io features related to libusb-1.0 will be disabled
[0.853s] -- OpenNI found (include: /usr/include/ni, lib: /usr/lib/libOpenNI.so)
[0.857s] -- OpenNI2 found (include: /usr/include/openni2, lib: /usr/lib/libOpenNI2.so)
[0.865s] -- QHULL found (include: /usr/include, lib: optimized;/usr/lib/x86_64-linux-gnu/libqhull.so;debug;/usr/lib/x86_64-linux-gnu/libqhull.so)
[0.868s] -- OpenNI found (include: /usr/include/ni, lib: /usr/lib/libOpenNI.so)
[0.876s] -- looking for PCL_COMMON
[0.876s] -- looking for PCL_KDTREE
[0.876s] -- looking for PCL_OCTREE
[0.877s] -- looking for PCL_SEARCH
[0.877s] -- looking for PCL_SAMPLE_CONSENSUS
[0.878s] -- looking for PCL_FILTERS
[0.878s] -- looking for PCL_2D
[0.878s] -- looking for PCL_GEOMETRY
[0.878s] -- looking for PCL_IO
[0.879s] -- looking for PCL_FEATURES
[0.879s] -- looking for PCL_ML
[0.879s] -- looking for PCL_SEGMENTATION
[0.880s] -- looking for PCL_VISUALIZATION
[0.880s] -- looking for PCL_SURFACE
[0.880s] -- looking for PCL_REGISTRATION
[0.881s] -- looking for PCL_KEYPOINTS
[0.881s] -- looking for PCL_TRACKING
[0.882s] -- looking for PCL_RECOGNITION
[0.882s] -- looking for PCL_STEREO
[0.882s] -- looking for PCL_APPS
[0.883s] -- looking for PCL_IN_HAND_SCANNER
[0.883s] -- looking for PCL_POINT_CLOUD_EDITOR
[0.884s] -- looking for PCL_OUTOFCORE
[0.884s] -- looking for PCL_PEOPLE
[0.956s] -- Found AMD headers in: /usr/include/suitesparse
[0.957s] -- Found AMD library: /usr/lib/x86_64-linux-gnu/libamd.so
[0.957s] -- Found CAMD headers in: /usr/include/suitesparse
[0.957s] -- Found CAMD library: /usr/lib/x86_64-linux-gnu/libcamd.so
[0.957s] -- Found CCOLAMD headers in: /usr/include/suitesparse
[0.957s] -- Found CCOLAMD library: /usr/lib/x86_64-linux-gnu/libccolamd.so
[0.957s] -- Found CHOLMOD headers in: /usr/include/suitesparse
[0.957s] -- Found CHOLMOD library: /usr/lib/x86_64-linux-gnu/libcholmod.so
[0.957s] -- Found COLAMD headers in: /usr/include/suitesparse
[0.957s] -- Found COLAMD library: /usr/lib/x86_64-linux-gnu/libcolamd.so
[0.957s] -- Found SPQR headers in: /usr/include/suitesparse
[0.957s] -- Found SPQR library: /usr/lib/x86_64-linux-gnu/libspqr.so
[0.957s] -- Found Config headers in: /usr/include/suitesparse
[0.957s] -- Found Config library: /usr/lib/x86_64-linux-gnu/libsuitesparseconfig.so
[0.957s] -- Found Intel Thread Building Blocks (TBB) library (2020.1 / 11101) include location: . Assuming SuiteSparseQR was compiled with TBB.
[0.958s] -- Adding librt to SuiteSparse_config libraries (required on Linux & Unix [not OSX] if SuiteSparse is compiled with timing).
[0.960s] -- Could NOT find METIS (missing: METIS_INCLUDE_DIR METIS_LIBRARY) 
[0.962s] -- Found required Ceres dependency: Eigen version 3.3.9 in /usr/local/share/eigen3/cmake
[0.963s] -- Found required Ceres dependency: glog
[0.964s] -- Found required Ceres dependency: gflags
[0.965s] -- Found Ceres version: 2.2.0 installed in: /usr/local with components: [EigenSparse, SparseLinearAlgebraLibrary, LAPACK, SuiteSparse, SchurSpecializations]
[0.965s] -- Found ament_lint_auto: 0.9.8 (/opt/ros/foxy/share/ament_lint_auto/cmake)
[1.061s] -- Added test 'copyright' to check source files copyright and LICENSE
[1.062s] -- Added test 'cppcheck' to perform static code analysis on C / C++ code
[1.062s] -- Configured cppcheck include dirs: 
[1.062s] -- Configured cppcheck exclude dirs and/or files: 
[1.062s] -- Added test 'cpplint' to check C / C++ code against the Google style
[1.062s] -- Configured cpplint exclude dirs and/or files: 
[1.063s] -- Added test 'lint_cmake' to check CMake code style
[1.063s] -- Added test 'uncrustify' to check C / C++ code style
[1.063s] -- Configured uncrustify additional arguments: 
[1.063s] -- Added test 'xmllint' to check XML markup files
[1.065s] -- Configuring done
[1.110s] -- Generating done
[1.111s] -- Build files have been written to: /home/weiwei/Desktop/project/ObsAvoidance/build/path_planner
[1.131s] [35m[1mScanning dependencies of target path_planner[0m
[1.226s] [ 66%] [32mBuilding CXX object CMakeFiles/path_planner.dir/src/main.cpp.o[0m
[1.226s] [ 66%] [32mBuilding CXX object CMakeFiles/path_planner.dir/src/planner.cpp.o[0m
[2.735s] [01m[K/home/weiwei/Desktop/project/ObsAvoidance/src/path_planner/src/main.cpp:[m[K In function ‘[01m[Kint main(int, char**)[m[K’:
[2.735s] [01m[K/home/weiwei/Desktop/project/ObsAvoidance/src/path_planner/src/main.cpp:3:14:[m[K [01;35m[Kwarning: [m[Kunused parameter ‘[01m[Kargc[m[K’ [[01;35m[K-Wunused-parameter[m[K]
[2.735s]     3 | int main([01;35m[Kint argc[m[K, char** argv)
[2.735s]       |          [01;35m[K~~~~^~~~[m[K
[2.736s] [01m[K/home/weiwei/Desktop/project/ObsAvoidance/src/path_planner/src/main.cpp:3:27:[m[K [01;35m[Kwarning: [m[Kunused parameter ‘[01m[Kargv[m[K’ [[01;35m[K-Wunused-parameter[m[K]
[2.736s]     3 | int main(int argc, [01;35m[Kchar** argv[m[K)
[2.736s]       |                    [01;35m[K~~~~~~~^~~~[m[K
[3.010s] [100%] [32m[1mLinking CXX executable path_planner[0m
[3.330s] [100%] Built target path_planner
[3.338s] Invoked command in '/home/weiwei/Desktop/project/ObsAvoidance/build/path_planner' returned '0': AMENT_PREFIX_PATH=/home/weiwei/Desktop/project/ObsAvoidance/install/interface:${AMENT_PREFIX_PATH} CMAKE_PREFIX_PATH=/home/weiwei/Desktop/project/ObsAvoidance/install/interface:/opt/ros/foxy LD_LIBRARY_PATH=/home/weiwei/Desktop/project/ObsAvoidance/install/interface/lib:${LD_LIBRARY_PATH} PYTHONPATH=/home/weiwei/Desktop/project/ObsAvoidance/install/interface/lib/python3.8/site-packages:${PYTHONPATH} /usr/bin/cmake --build /home/weiwei/Desktop/project/ObsAvoidance/build/path_planner -- -j16 -l16
[3.363s] Invoking command in '/home/weiwei/Desktop/project/ObsAvoidance/build/path_planner': AMENT_PREFIX_PATH=/home/weiwei/Desktop/project/ObsAvoidance/install/interface:${AMENT_PREFIX_PATH} CMAKE_PREFIX_PATH=/home/weiwei/Desktop/project/ObsAvoidance/install/interface:/opt/ros/foxy LD_LIBRARY_PATH=/home/weiwei/Desktop/project/ObsAvoidance/install/interface/lib:${LD_LIBRARY_PATH} PYTHONPATH=/home/weiwei/Desktop/project/ObsAvoidance/install/interface/lib/python3.8/site-packages:${PYTHONPATH} /usr/bin/cmake --install /home/weiwei/Desktop/project/ObsAvoidance/build/path_planner
[3.368s] -- Install configuration: ""
[3.368s] -- Installing: /home/weiwei/Desktop/project/ObsAvoidance/install/path_planner/lib/path_planner/path_planner
[3.369s] -- Set runtime path of "/home/weiwei/Desktop/project/ObsAvoidance/install/path_planner/lib/path_planner/path_planner" to ""
[3.369s] -- Up-to-date: /home/weiwei/Desktop/project/ObsAvoidance/install/path_planner/share/ament_index/resource_index/package_run_dependencies/path_planner
[3.369s] -- Up-to-date: /home/weiwei/Desktop/project/ObsAvoidance/install/path_planner/share/ament_index/resource_index/parent_prefix_path/path_planner
[3.369s] -- Up-to-date: /home/weiwei/Desktop/project/ObsAvoidance/install/path_planner/share/path_planner/environment/ament_prefix_path.sh
[3.369s] -- Installing: /home/weiwei/Desktop/project/ObsAvoidance/install/path_planner/share/path_planner/environment/ament_prefix_path.dsv
[3.369s] -- Up-to-date: /home/weiwei/Desktop/project/ObsAvoidance/install/path_planner/share/path_planner/environment/path.sh
[3.369s] -- Installing: /home/weiwei/Desktop/project/ObsAvoidance/install/path_planner/share/path_planner/environment/path.dsv
[3.369s] -- Up-to-date: /home/weiwei/Desktop/project/ObsAvoidance/install/path_planner/share/path_planner/local_setup.bash
[3.369s] -- Up-to-date: /home/weiwei/Desktop/project/ObsAvoidance/install/path_planner/share/path_planner/local_setup.sh
[3.370s] -- Up-to-date: /home/weiwei/Desktop/project/ObsAvoidance/install/path_planner/share/path_planner/local_setup.zsh
[3.370s] -- Installing: /home/weiwei/Desktop/project/ObsAvoidance/install/path_planner/share/path_planner/local_setup.dsv
[3.370s] -- Installing: /home/weiwei/Desktop/project/ObsAvoidance/install/path_planner/share/path_planner/package.dsv
[3.370s] -- Up-to-date: /home/weiwei/Desktop/project/ObsAvoidance/install/path_planner/share/ament_index/resource_index/packages/path_planner
[3.370s] -- Up-to-date: /home/weiwei/Desktop/project/ObsAvoidance/install/path_planner/share/path_planner/cmake/path_plannerConfig.cmake
[3.370s] -- Up-to-date: /home/weiwei/Desktop/project/ObsAvoidance/install/path_planner/share/path_planner/cmake/path_plannerConfig-version.cmake
[3.370s] -- Up-to-date: /home/weiwei/Desktop/project/ObsAvoidance/install/path_planner/share/path_planner/package.xml
[3.371s] Invoked command in '/home/weiwei/Desktop/project/ObsAvoidance/build/path_planner' returned '0': AMENT_PREFIX_PATH=/home/weiwei/Desktop/project/ObsAvoidance/install/interface:${AMENT_PREFIX_PATH} CMAKE_PREFIX_PATH=/home/weiwei/Desktop/project/ObsAvoidance/install/interface:/opt/ros/foxy LD_LIBRARY_PATH=/home/weiwei/Desktop/project/ObsAvoidance/install/interface/lib:${LD_LIBRARY_PATH} PYTHONPATH=/home/weiwei/Desktop/project/ObsAvoidance/install/interface/lib/python3.8/site-packages:${PYTHONPATH} /usr/bin/cmake --install /home/weiwei/Desktop/project/ObsAvoidance/build/path_planner
