[0.210s] Invoking command in '/home/weiwei/Desktop/project/ObsAvoidance/build/path_follow': AMENT_PREFIX_PATH=/home/weiwei/Desktop/project/ObsAvoidance/install/interface:${AMENT_PREFIX_PATH} CMAKE_PREFIX_PATH=/home/weiwei/Desktop/project/ObsAvoidance/install/interface:/opt/ros/foxy LD_LIBRARY_PATH=/home/weiwei/Desktop/project/ObsAvoidance/install/interface/lib:${LD_LIBRARY_PATH} PYTHONPATH=/home/weiwei/Desktop/project/ObsAvoidance/install/interface/lib/python3.8/site-packages:${PYTHONPATH} /usr/bin/cmake --build /home/weiwei/Desktop/project/ObsAvoidance/build/path_follow -- -j16 -l16
[0.256s] -- Found ament_cmake: 0.9.12 (/opt/ros/foxy/share/ament_cmake/cmake)
[0.273s] -- Using PYTHON_EXECUTABLE: /usr/bin/python3
[0.409s] -- Found rclcpp: 2.4.3 (/opt/ros/foxy/share/rclcpp/cmake)
[0.442s] -- Using all available rosidl_typesupport_c: rosidl_typesupport_fastrtps_c;rosidl_typesupport_introspection_c
[0.445s] -- Found rosidl_adapter: 1.3.1 (/opt/ros/foxy/share/rosidl_adapter/cmake)
[0.546s] -- Using all available rosidl_typesupport_cpp: rosidl_typesupport_fastrtps_cpp;rosidl_typesupport_introspection_cpp
[0.588s] -- Found rmw_implementation_cmake: 1.0.4 (/opt/ros/foxy/share/rmw_implementation_cmake/cmake)
[0.589s] -- Using RMW implementation 'rmw_fastrtps_cpp' as default
[0.700s] -- Found rclcpp_components: 2.4.3 (/opt/ros/foxy/share/rclcpp_components/cmake)
[0.742s] -- Found geometry_msgs: 2.0.5 (/opt/ros/foxy/share/geometry_msgs/cmake)
[0.766s] -- Found visualization_msgs: 2.0.5 (/opt/ros/foxy/share/visualization_msgs/cmake)
[0.816s] -- Found cv_bridge: 3.0.7 (/opt/ros/foxy/share/cv_bridge/cmake)
[0.965s] -- Found AMD headers in: /usr/include/suitesparse
[0.965s] -- Found AMD library: /usr/lib/x86_64-linux-gnu/libamd.so
[0.965s] -- Found CAMD headers in: /usr/include/suitesparse
[0.965s] -- Found CAMD library: /usr/lib/x86_64-linux-gnu/libcamd.so
[0.966s] -- Found CCOLAMD headers in: /usr/include/suitesparse
[0.966s] -- Found CCOLAMD library: /usr/lib/x86_64-linux-gnu/libccolamd.so
[0.966s] -- Found CHOLMOD headers in: /usr/include/suitesparse
[0.966s] -- Found CHOLMOD library: /usr/lib/x86_64-linux-gnu/libcholmod.so
[0.966s] -- Found COLAMD headers in: /usr/include/suitesparse
[0.966s] -- Found COLAMD library: /usr/lib/x86_64-linux-gnu/libcolamd.so
[0.966s] -- Found SPQR headers in: /usr/include/suitesparse
[0.966s] -- Found SPQR library: /usr/lib/x86_64-linux-gnu/libspqr.so
[0.966s] -- Found Config headers in: /usr/include/suitesparse
[0.966s] -- Found Config library: /usr/lib/x86_64-linux-gnu/libsuitesparseconfig.so
[0.967s] -- Found Intel Thread Building Blocks (TBB) library (2020.1 / 11101) include location: . Assuming SuiteSparseQR was compiled with TBB.
[0.967s] -- Adding librt to SuiteSparse_config libraries (required on Linux & Unix [not OSX] if SuiteSparse is compiled with timing).
[0.972s] -- Could NOT find METIS (missing: METIS_INCLUDE_DIR METIS_LIBRARY) 
[0.974s] -- Found required Ceres dependency: Eigen version 3.3.9 in /usr/local/share/eigen3/cmake
[0.975s] -- Found required Ceres dependency: glog
[0.977s] -- Found required Ceres dependency: gflags
[0.978s] -- Found Ceres version: 2.2.0 installed in: /usr/local with components: [EigenSparse, SparseLinearAlgebraLibrary, LAPACK, SuiteSparse, SchurSpecializations]
[0.979s] -- Found interface: 0.0.0 (/home/weiwei/Desktop/project/ObsAvoidance/install/interface/share/interface/cmake)
[1.056s] -- Found ament_lint_auto: 0.9.8 (/opt/ros/foxy/share/ament_lint_auto/cmake)
[1.110s] -- Added test 'copyright' to check source files copyright and LICENSE
[1.111s] -- Added test 'cppcheck' to perform static code analysis on C / C++ code
[1.111s] -- Configured cppcheck include dirs: 
[1.111s] -- Configured cppcheck exclude dirs and/or files: 
[1.111s] -- Added test 'cpplint' to check C / C++ code against the Google style
[1.111s] -- Configured cpplint exclude dirs and/or files: 
[1.112s] -- Added test 'lint_cmake' to check CMake code style
[1.113s] -- Added test 'uncrustify' to check C / C++ code style
[1.113s] -- Configured uncrustify additional arguments: 
[1.113s] -- Added test 'xmllint' to check XML markup files
[1.116s] -- Configuring done
[1.147s] -- Generating done
[1.148s] -- Build files have been written to: /home/weiwei/Desktop/project/ObsAvoidance/build/path_follow
[1.173s] [35m[1mScanning dependencies of target path_follow[0m
[1.213s] [ 66%] [32mBuilding CXX object CMakeFiles/path_follow.dir/src/path_follow.cpp.o[0m
[1.213s] [ 66%] [32mBuilding CXX object CMakeFiles/path_follow.dir/src/main.cpp.o[0m
[4.153s] In file included from [01m[K/home/weiwei/Desktop/project/ObsAvoidance/src/path_follow/src/path_follow.cpp:1[m[K:
[4.153s] [01m[K/home/weiwei/Desktop/project/ObsAvoidance/src/path_follow/src/path_follow.hpp:[m[K In constructor ‘[01m[KPathFollow::position_residual::position_residual(double, double, double, double, Eigen::Vector3d)[m[K’:
[4.153s] [01m[K/home/weiwei/Desktop/project/ObsAvoidance/src/path_follow/src/path_follow.hpp:112:25:[m[K [01;35m[Kwarning: [m[K‘[01m[KPathFollow::position_residual::position_[m[K’ will be initialized after [[01;35m[K-Wreorder[m[K]
[4.153s]   112 |   const Eigen::Vector3d [01;35m[Kposition_[m[K;
[4.153s]       |                         [01;35m[K^~~~~~~~~[m[K
[4.153s] [01m[K/home/weiwei/Desktop/project/ObsAvoidance/src/path_follow/src/path_follow.hpp:110:16:[m[K [01;35m[Kwarning: [m[K  ‘[01m[Kconst double PathFollow::position_residual::weight_position_[m[K’ [[01;35m[K-Wreorder[m[K]
[4.153s]   110 |   const double [01;35m[Kweight_position_[m[K;
[4.153s]       |                [01;35m[K^~~~~~~~~~~~~~~~[m[K
[4.153s] [01m[K/home/weiwei/Desktop/project/ObsAvoidance/src/path_follow/src/path_follow.hpp:92:3:[m[K [01;35m[Kwarning: [m[K  when initialized here [[01;35m[K-Wreorder[m[K]
[4.153s]    92 |   [01;35m[Kposition_residual[m[K(double weight_position,
[4.153s]       |   [01;35m[K^~~~~~~~~~~~~~~~~[m[K
[4.153s] [01m[K/home/weiwei/Desktop/project/ObsAvoidance/src/path_follow/src/path_follow.hpp:[m[K In constructor ‘[01m[KPathFollow::angle_residual::angle_residual(double, double, double, double, Eigen::Vector3d)[m[K’:
[4.154s] [01m[K/home/weiwei/Desktop/project/ObsAvoidance/src/path_follow/src/path_follow.hpp:135:25:[m[K [01;35m[Kwarning: [m[K‘[01m[KPathFollow::angle_residual::tangent_vector_[m[K’ will be initialized after [[01;35m[K-Wreorder[m[K]
[4.154s]   135 |   const Eigen::Vector3d [01;35m[Ktangent_vector_[m[K;
[4.154s]       |                         [01;35m[K^~~~~~~~~~~~~~~[m[K
[4.154s] [01m[K/home/weiwei/Desktop/project/ObsAvoidance/src/path_follow/src/path_follow.hpp:133:16:[m[K [01;35m[Kwarning: [m[K  ‘[01m[Kconst double PathFollow::angle_residual::weight_direction_[m[K’ [[01;35m[K-Wreorder[m[K]
[4.154s]   133 |   const double [01;35m[Kweight_direction_[m[K;
[4.154s]       |                [01;35m[K^~~~~~~~~~~~~~~~~[m[K
[4.154s] [01m[K/home/weiwei/Desktop/project/ObsAvoidance/src/path_follow/src/path_follow.hpp:116:3:[m[K [01;35m[Kwarning: [m[K  when initialized here [[01;35m[K-Wreorder[m[K]
[4.154s]   116 |   [01;35m[Kangle_residual[m[K(double weight_direction,
[4.154s]       |   [01;35m[K^~~~~~~~~~~~~~[m[K
[4.157s] In file included from [01m[K/home/weiwei/Desktop/project/ObsAvoidance/src/path_follow/src/main.cpp:1[m[K:
[4.157s] [01m[K/home/weiwei/Desktop/project/ObsAvoidance/src/path_follow/src/path_follow.hpp:[m[K In constructor ‘[01m[KPathFollow::position_residual::position_residual(double, double, double, double, Eigen::Vector3d)[m[K’:
[4.157s] [01m[K/home/weiwei/Desktop/project/ObsAvoidance/src/path_follow/src/path_follow.hpp:112:25:[m[K [01;35m[Kwarning: [m[K‘[01m[KPathFollow::position_residual::position_[m[K’ will be initialized after [[01;35m[K-Wreorder[m[K]
[4.157s]   112 |   const Eigen::Vector3d [01;35m[Kposition_[m[K;
[4.157s]       |                         [01;35m[K^~~~~~~~~[m[K
[4.157s] [01m[K/home/weiwei/Desktop/project/ObsAvoidance/src/path_follow/src/path_follow.hpp:110:16:[m[K [01;35m[Kwarning: [m[K  ‘[01m[Kconst double PathFollow::position_residual::weight_position_[m[K’ [[01;35m[K-Wreorder[m[K]
[4.157s]   110 |   const double [01;35m[Kweight_position_[m[K;
[4.157s]       |                [01;35m[K^~~~~~~~~~~~~~~~[m[K
[4.157s] [01m[K/home/weiwei/Desktop/project/ObsAvoidance/src/path_follow/src/path_follow.hpp:92:3:[m[K [01;35m[Kwarning: [m[K  when initialized here [[01;35m[K-Wreorder[m[K]
[4.157s]    92 |   [01;35m[Kposition_residual[m[K(double weight_position,
[4.158s]       |   [01;35m[K^~~~~~~~~~~~~~~~~[m[K
[4.158s] [01m[K/home/weiwei/Desktop/project/ObsAvoidance/src/path_follow/src/path_follow.hpp:[m[K In constructor ‘[01m[KPathFollow::angle_residual::angle_residual(double, double, double, double, Eigen::Vector3d)[m[K’:
[4.158s] [01m[K/home/weiwei/Desktop/project/ObsAvoidance/src/path_follow/src/path_follow.hpp:135:25:[m[K [01;35m[Kwarning: [m[K‘[01m[KPathFollow::angle_residual::tangent_vector_[m[K’ will be initialized after [[01;35m[K-Wreorder[m[K]
[4.158s]   135 |   const Eigen::Vector3d [01;35m[Ktangent_vector_[m[K;
[4.158s]       |                         [01;35m[K^~~~~~~~~~~~~~~[m[K
[4.158s] [01m[K/home/weiwei/Desktop/project/ObsAvoidance/src/path_follow/src/path_follow.hpp:133:16:[m[K [01;35m[Kwarning: [m[K  ‘[01m[Kconst double PathFollow::angle_residual::weight_direction_[m[K’ [[01;35m[K-Wreorder[m[K]
[4.158s]   133 |   const double [01;35m[Kweight_direction_[m[K;
[4.158s]       |                [01;35m[K^~~~~~~~~~~~~~~~~[m[K
[4.158s] [01m[K/home/weiwei/Desktop/project/ObsAvoidance/src/path_follow/src/path_follow.hpp:116:3:[m[K [01;35m[Kwarning: [m[K  when initialized here [[01;35m[K-Wreorder[m[K]
[4.158s]   116 |   [01;35m[Kangle_residual[m[K(double weight_direction,
[4.158s]       |   [01;35m[K^~~~~~~~~~~~~~[m[K
[4.170s] [01m[K/home/weiwei/Desktop/project/ObsAvoidance/src/path_follow/src/path_follow.hpp:[m[K In member function ‘[01m[KEigen::Matrix4d PathFollow::calFrame(const std::vector<Eigen::Matrix<double, 3, 1> >&)[m[K’:
[4.170s] [01m[K/home/weiwei/Desktop/project/ObsAvoidance/src/path_follow/src/path_follow.hpp:173:2:[m[K [01;35m[Kwarning: [m[Kno return statement in function returning non-void [[01;35m[K-Wreturn-type[m[K]
[4.170s]   173 |  [01;35m[K}[m[K
[4.170s]       |  [01;35m[K^[m[K
[4.173s] [01m[K/home/weiwei/Desktop/project/ObsAvoidance/src/path_follow/src/path_follow.hpp:[m[K In member function ‘[01m[KEigen::Matrix4d PathFollow::calFrame(const std::vector<Eigen::Matrix<double, 3, 1> >&)[m[K’:
[4.173s] [01m[K/home/weiwei/Desktop/project/ObsAvoidance/src/path_follow/src/path_follow.hpp:173:2:[m[K [01;35m[Kwarning: [m[Kno return statement in function returning non-void [[01;35m[K-Wreturn-type[m[K]
[4.173s]   173 |  [01;35m[K}[m[K
[4.173s]       |  [01;35m[K^[m[K
[4.309s] [01m[K/home/weiwei/Desktop/project/ObsAvoidance/src/path_follow/src/path_follow.cpp:[m[K In member function ‘[01m[Kvoid PathFollow::fitPathCallback(interface::srv::BaseJointMotorValue_Request_<std::allocator<void> >::SharedPtr, interface::srv::BaseJointMotorValue_Response_<std::allocator<void> >::SharedPtr)[m[K’:
[4.309s] [01m[K/home/weiwei/Desktop/project/ObsAvoidance/src/path_follow/src/path_follow.cpp:182:34:[m[K [01;35m[Kwarning: [m[Kcomparison of integer expressions of different signedness: ‘[01m[Kint[m[K’ and ‘[01m[Kstd::vector<Eigen::Matrix<double, 3, 1> >::size_type[m[K’ {aka ‘[01m[Klong unsigned int[m[K’} [[01;35m[K-Wsign-compare[m[K]
[4.309s]   182 |         if ([01;35m[Ktarget_path_point_id >= path_points.size()-1[m[K)
[4.309s]       |             [01;35m[K~~~~~~~~~~~~~~~~~~~~~^~~~~~~~~~~~~~~~~~~~~~~[m[K
[4.364s] [01m[K/home/weiwei/Desktop/project/ObsAvoidance/src/path_follow/src/path_follow.cpp:270:28:[m[K [01;35m[Kwarning: [m[Kcomparison of integer expressions of different signedness: ‘[01m[Kint[m[K’ and ‘[01m[Kstd::vector<Eigen::Matrix<double, 3, 1> >::size_type[m[K’ {aka ‘[01m[Klong unsigned int[m[K’} [[01;35m[K-Wsign-compare[m[K]
[4.364s]   270 |     if ([01;35m[Kend_closed_path_id >= path_points.size()-5[m[K)
[4.364s]       |         [01;35m[K~~~~~~~~~~~~~~~~~~~^~~~~~~~~~~~~~~~~~~~~~~[m[K
[4.370s] [01m[K/home/weiwei/Desktop/project/ObsAvoidance/src/path_follow/src/path_follow.cpp:173:12:[m[K [01;35m[Kwarning: [m[Kunused variable ‘[01m[Ktemp_theta[m[K’ [[01;35m[K-Wunused-variable[m[K]
[4.370s]   173 |     double [01;35m[Ktemp_theta[m[K = 1e-4, temp_alpha = 1e-4;
[4.370s]       |            [01;35m[K^~~~~~~~~~[m[K
[4.370s] [01m[K/home/weiwei/Desktop/project/ObsAvoidance/src/path_follow/src/path_follow.cpp:173:31:[m[K [01;35m[Kwarning: [m[Kunused variable ‘[01m[Ktemp_alpha[m[K’ [[01;35m[K-Wunused-variable[m[K]
[4.370s]   173 |     double temp_theta = 1e-4, [01;35m[Ktemp_alpha[m[K = 1e-4;
[4.370s]       |                               [01;35m[K^~~~~~~~~~[m[K
[4.370s] [01m[K/home/weiwei/Desktop/project/ObsAvoidance/src/path_follow/src/path_follow.cpp:139:96:[m[K [01;35m[Kwarning: [m[Kunused parameter ‘[01m[Krequest[m[K’ [[01;35m[K-Wunused-parameter[m[K]
[4.370s]   139 | void PathFollow::fitPathCallback([01;35m[Kconst interface::srv::BaseJointMotorValue::Request::SharedPtr request[m[K,
[4.370s]       |                                  [01;35m[K~~~~~~~~~~~~~~~~~~~~~~~~~~~~~~~~~~~~~~~~~~~~~~~~~~~~~~~~~~~~~~^~~~~~~[m[K
[4.371s] [01m[K/home/weiwei/Desktop/project/ObsAvoidance/src/path_follow/src/path_follow.cpp:[m[K In member function ‘[01m[Kvoid PathFollow::find_closed_path_point(const int&, const Vector3d&, int&)[m[K’:
[4.371s] [01m[K/home/weiwei/Desktop/project/ObsAvoidance/src/path_follow/src/path_follow.cpp:321:54:[m[K [01;35m[Kwarning: [m[Kcomparison of integer expressions of different signedness: ‘[01m[Kint[m[K’ and ‘[01m[Kstd::vector<Eigen::Matrix<double, 3, 1> >::size_type[m[K’ {aka ‘[01m[Klong unsigned int[m[K’} [[01;35m[K-Wsign-compare[m[K]
[4.371s]   321 |         }while(temp_dot_value>0 && [01;35m[Ktemp_path_point_id<path_points.size()-2[m[K);
[4.371s]       |                                    [01;35m[K~~~~~~~~~~~~~~~~~~^~~~~~~~~~~~~~~~~~~~~[m[K
[10.207s] [100%] [32m[1mLinking CXX executable path_follow[0m
[10.933s] /usr/bin/ld: CMakeFiles/path_follow.dir/src/path_follow.cpp.o: in function `PathFollow::PathFollow()':
[10.933s] path_follow.cpp:(.text+0xa51): undefined reference to `Joint::Joint(double const&, double const&, double const&, int const&)'
[10.933s] /usr/bin/ld: CMakeFiles/path_follow.dir/src/path_follow.cpp.o: in function `PathFollow::fitPathCallback(std::shared_ptr<interface::srv::BaseJointMotorValue_Request_<std::allocator<void> > >, std::shared_ptr<interface::srv::BaseJointMotorValue_Response_<std::allocator<void> > >)':
[10.933s] path_follow.cpp:(.text+0x34b3): undefined reference to `Joint::getTransform()'
[10.933s] /usr/bin/ld: path_follow.cpp:(.text+0x3977): undefined reference to `Joint::calCableLength(int const&)'
[10.933s] collect2: error: ld returned 1 exit status
[10.934s] make[2]: *** [CMakeFiles/path_follow.dir/build.make:264：path_follow] 错误 1
[10.934s] make[1]: *** [CMakeFiles/Makefile2:78：CMakeFiles/path_follow.dir/all] 错误 2
[10.935s] make: *** [Makefile:141：all] 错误 2
[10.937s] Invoked command in '/home/weiwei/Desktop/project/ObsAvoidance/build/path_follow' returned '2': AMENT_PREFIX_PATH=/home/weiwei/Desktop/project/ObsAvoidance/install/interface:${AMENT_PREFIX_PATH} CMAKE_PREFIX_PATH=/home/weiwei/Desktop/project/ObsAvoidance/install/interface:/opt/ros/foxy LD_LIBRARY_PATH=/home/weiwei/Desktop/project/ObsAvoidance/install/interface/lib:${LD_LIBRARY_PATH} PYTHONPATH=/home/weiwei/Desktop/project/ObsAvoidance/install/interface/lib/python3.8/site-packages:${PYTHONPATH} /usr/bin/cmake --build /home/weiwei/Desktop/project/ObsAvoidance/build/path_follow -- -j16 -l16
