[01m[K/home/weiwei/Desktop/project/ObsAvoidance/src/model/src/model.cpp:[m[K In constructor ‘[01m[KModelNode::ModelNode()[m[K’:
[01m[K/home/weiwei/Desktop/project/ObsAvoidance/src/model/src/model.cpp:92:9:[m[K [01;35m[Kwarning: [m[Kunused variable ‘[01m[Kopen_blue_kernel_size[m[K’ [[01;35m[K-Wunused-variable[m[K]
   92 |     int [01;35m[Kopen_blue_kernel_size[m[K = fileRead["open_blue_kernel_size"];
      |         [01;35m[K^~~~~~~~~~~~~~~~~~~~~[m[K
[01m[K/home/weiwei/Desktop/project/ObsAvoidance/src/model/src/model.cpp:93:9:[m[K [01;35m[Kwarning: [m[Kunused variable ‘[01m[Kclose_blue_kernel_size[m[K’ [[01;35m[K-Wunused-variable[m[K]
   93 |     int [01;35m[Kclose_blue_kernel_size[m[K = fileRead["close_blue_kernel_size"];
      |         [01;35m[K^~~~~~~~~~~~~~~~~~~~~~[m[K
[01m[K/home/weiwei/Desktop/project/ObsAvoidance/src/model/src/model.cpp:94:9:[m[K [01;35m[Kwarning: [m[Kunused variable ‘[01m[Kopen_green_kernel_size[m[K’ [[01;35m[K-Wunused-variable[m[K]
   94 |     int [01;35m[Kopen_green_kernel_size[m[K = fileRead["open_green_kernel_size"];
      |         [01;35m[K^~~~~~~~~~~~~~~~~~~~~~[m[K
[01m[K/home/weiwei/Desktop/project/ObsAvoidance/src/model/src/model.cpp:95:9:[m[K [01;35m[Kwarning: [m[Kunused variable ‘[01m[Kclose_green_kernel_size[m[K’ [[01;35m[K-Wunused-variable[m[K]
   95 |     int [01;35m[Kclose_green_kernel_size[m[K = fileRead["close_green_kernel_size"];
      |         [01;35m[K^~~~~~~~~~~~~~~~~~~~~~~[m[K
[01m[K/home/weiwei/Desktop/project/ObsAvoidance/src/model/src/model.cpp:96:9:[m[K [01;35m[Kwarning: [m[Kunused variable ‘[01m[Kopen_red_kernel_size[m[K’ [[01;35m[K-Wunused-variable[m[K]
   96 |     int [01;35m[Kopen_red_kernel_size[m[K = fileRead["open_red_kernel_size"];
      |         [01;35m[K^~~~~~~~~~~~~~~~~~~~[m[K
[01m[K/home/weiwei/Desktop/project/ObsAvoidance/src/model/src/model.cpp:97:9:[m[K [01;35m[Kwarning: [m[Kunused variable ‘[01m[Kclose_red_kernel_size[m[K’ [[01;35m[K-Wunused-variable[m[K]
   97 |     int [01;35m[Kclose_red_kernel_size[m[K = fileRead["close_red_kernel_size"];
      |         [01;35m[K^~~~~~~~~~~~~~~~~~~~~[m[K
[01m[K/home/weiwei/Desktop/project/ObsAvoidance/src/model/src/model.cpp:[m[K In member function ‘[01m[Kbool ModelNode::Model()[m[K’:
[01m[K/home/weiwei/Desktop/project/ObsAvoidance/src/model/src/model.cpp:228:19:[m[K [01;35m[Kwarning: [m[Kcomparison of integer expressions of different signedness: ‘[01m[Kint[m[K’ and ‘[01m[Kstd::vector<cv::Vec<int, 4> >::size_type[m[K’ {aka ‘[01m[Klong unsigned int[m[K’} [[01;35m[K-Wsign-compare[m[K]
  228 |     for (int i=0;[01;35m[Ki<tempLines.size()[m[K;i++)
      |                  [01;35m[K~^~~~~~~~~~~~~~~~~[m[K
[01m[K/home/weiwei/Desktop/project/ObsAvoidance/src/model/src/model.cpp:232:45:[m[K [01;35m[Kwarning: [m[Kcomparison of constant ‘[01m[K255[m[K’ with boolean expression is always true [[01;35m[K-Wbool-compare[m[K]
  232 |         if ([01;35m[Kmask_dilate.at<bool>(x1_i, y1_i)!=255[m[K || mask_dilate.at<bool>(x2_i, y2_i)!=255)
      |             [01;35m[K~~~~~~~~~~~~~~~~~~~~~~~~~~~~~~~~^~~~~[m[K
[01m[K/home/weiwei/Desktop/project/ObsAvoidance/src/model/src/model.cpp:232:86:[m[K [01;35m[Kwarning: [m[Kcomparison of constant ‘[01m[K255[m[K’ with boolean expression is always true [[01;35m[K-Wbool-compare[m[K]
  232 |         if (mask_dilate.at<bool>(x1_i, y1_i)!=255 || [01;35m[Kmask_dilate.at<bool>(x2_i, y2_i)!=255[m[K)
      |                                                      [01;35m[K~~~~~~~~~~~~~~~~~~~~~~~~~~~~~~~~^~~~~[m[K
[01m[K/home/weiwei/Desktop/project/ObsAvoidance/src/model/src/model.cpp:248:69:[m[K [01;35m[Kwarning: [m[Kcomparison of constant ‘[01m[K255[m[K’ with boolean expression is always false [[01;35m[K-Wbool-compare[m[K]
  248 |         if ([01;35m[Kmask.at<bool>((int)flag_point.x(), (int)flag_point.y()) == 255[m[K)
      |             [01;35m[K~~~~~~~~~~~~~~~~~~~~~~~~~~~~~~~~~~~~~~~~~~~~~~~~~~~~~~~~^~~~~~[m[K
[01m[K/home/weiwei/Desktop/project/ObsAvoidance/src/model/src/model.cpp:304:20:[m[K [01;35m[Kwarning: [m[Kcomparison of integer expressions of different signedness: ‘[01m[Kint[m[K’ and ‘[01m[Kstd::vector<cv::Vec<float, 3> >::size_type[m[K’ {aka ‘[01m[Klong unsigned int[m[K’} [[01;35m[K-Wsign-compare[m[K]
  304 |     if ([01;35m[KtempSizeSum!=circles_.size()*4[m[K||tempSizeSum!=vecs_norm.size()*4||tempSizeSum!=vecs_direction.size()*4||tempSizeSum!=transforms_curToInit.size()*4)
      |         [01;35m[K~~~~~~~~~~~^~~~~~~~~~~~~~~~~~~[m[K
[01m[K/home/weiwei/Desktop/project/ObsAvoidance/src/model/src/model.cpp:304:52:[m[K [01;35m[Kwarning: [m[Kcomparison of integer expressions of different signedness: ‘[01m[Kint[m[K’ and ‘[01m[Kstd::vector<Eigen::Matrix<double, 3, 1> >::size_type[m[K’ {aka ‘[01m[Klong unsigned int[m[K’} [[01;35m[K-Wsign-compare[m[K]
  304 |     if (tempSizeSum!=circles_.size()*4||[01;35m[KtempSizeSum!=vecs_norm.size()*4[m[K||tempSizeSum!=vecs_direction.size()*4||tempSizeSum!=transforms_curToInit.size()*4)
      |                                         [01;35m[K~~~~~~~~~~~^~~~~~~~~~~~~~~~~~~~[m[K
[01m[K/home/weiwei/Desktop/project/ObsAvoidance/src/model/src/model.cpp:304:85:[m[K [01;35m[Kwarning: [m[Kcomparison of integer expressions of different signedness: ‘[01m[Kint[m[K’ and ‘[01m[Kstd::vector<Eigen::Matrix<double, 3, 1> >::size_type[m[K’ {aka ‘[01m[Klong unsigned int[m[K’} [[01;35m[K-Wsign-compare[m[K]
  304 |     if (tempSizeSum!=circles_.size()*4||tempSizeSum!=vecs_norm.size()*4||[01;35m[KtempSizeSum!=vecs_direction.size()*4[m[K||tempSizeSum!=transforms_curToInit.size()*4)
      |                                                                          [01;35m[K~~~~~~~~~~~^~~~~~~~~~~~~~~~~~~~~~~~~[m[K
[01m[K/home/weiwei/Desktop/project/ObsAvoidance/src/model/src/model.cpp:304:123:[m[K [01;35m[Kwarning: [m[Kcomparison of integer expressions of different signedness: ‘[01m[Kint[m[K’ and ‘[01m[Kstd::vector<Eigen::Matrix<double, 4, 4> >::size_type[m[K’ {aka ‘[01m[Klong unsigned int[m[K’} [[01;35m[K-Wsign-compare[m[K]
  304 |     if (tempSizeSum!=circles_.size()*4||tempSizeSum!=vecs_norm.size()*4||tempSizeSum!=vecs_direction.size()*4||[01;35m[KtempSizeSum!=transforms_curToInit.size()*4[m[K)
      |                                                                                                                [01;35m[K~~~~~~~~~~~^~~~~~~~~~~~~~~~~~~~~~~~~~~~~~~[m[K
[01m[K/home/weiwei/Desktop/project/ObsAvoidance/src/model/src/model.cpp:309:25:[m[K [01;35m[Kwarning: [m[Kcomparison of integer expressions of different signedness: ‘[01m[Kstd::vector<cv::Vec<float, 3> >::size_type[m[K’ {aka ‘[01m[Klong unsigned int[m[K’} and ‘[01m[Kint[m[K’ [[01;35m[K-Wsign-compare[m[K]
  309 |     if ([01;35m[Kcircles_.size() < circle_size_thresh[m[K)
      |         [01;35m[K~~~~~~~~~~~~~~~~^~~~~~~~~~~~~~~~~~~~[m[K
[01m[K/home/weiwei/Desktop/project/ObsAvoidance/src/model/src/model.cpp:314:19:[m[K [01;35m[Kwarning: [m[Kcomparison of integer expressions of different signedness: ‘[01m[Kint[m[K’ and ‘[01m[Kstd::vector<cv::Vec<float, 3> >::size_type[m[K’ {aka ‘[01m[Klong unsigned int[m[K’} [[01;35m[K-Wsign-compare[m[K]
  314 |     for (int i=0;[01;35m[Ki<circles_.size()[m[K;i++)
      |                  [01;35m[K~^~~~~~~~~~~~~~~~[m[K
[01m[K/home/weiwei/Desktop/project/ObsAvoidance/src/model/src/model.cpp:328:37:[m[K [01;35m[Kwarning: [m[Kcomparison of integer expressions of different signedness: ‘[01m[Kstd::vector<Eigen::Matrix<double, 3, 1> >::size_type[m[K’ {aka ‘[01m[Klong unsigned int[m[K’} and ‘[01m[Kint[m[K’ [[01;35m[K-Wsign-compare[m[K]
  328 |     if ([01;35m[Kglobal_centrePostions.size()<modelThresh[m[K)
      |         [01;35m[K~~~~~~~~~~~~~~~~~~~~~~~~~~~~^~~~~~~~~~~~[m[K
[01m[K/home/weiwei/Desktop/project/ObsAvoidance/src/model/src/model.cpp:[m[K In member function ‘[01m[Kvoid ModelNode::ransacModelParam()[m[K’:
[01m[K/home/weiwei/Desktop/project/ObsAvoidance/src/model/src/model.cpp:407:18:[m[K [01;35m[Kwarning: [m[Kcomparison of integer expressions of different signedness: ‘[01m[Kint[m[K’ and ‘[01m[Kstd::vector<Eigen::Matrix<double, 3, 1> >::size_type[m[K’ {aka ‘[01m[Klong unsigned int[m[K’} [[01;35m[K-Wsign-compare[m[K]
  407 |     for(int n=0;[01;35m[Kn<global_vecs_direction.size()[m[K;n++) {
      |                 [01;35m[K~^~~~~~~~~~~~~~~~~~~~~~~~~~~~~[m[K
[01m[K/home/weiwei/Desktop/project/ObsAvoidance/src/model/src/model.cpp:[m[K In member function ‘[01m[Kbool ModelNode::detectPoseCorrect(Eigen::Vector4d&, cv::Vec3f, cv::Mat&)[m[K’:
[01m[K/home/weiwei/Desktop/project/ObsAvoidance/src/model/src/model.cpp:527:67:[m[K [01;35m[Kwarning: [m[Kcomparison of constant ‘[01m[K255[m[K’ with boolean expression is always true [[01;35m[K-Wbool-compare[m[K]
  527 |     if ([01;35m[Kimg_dilate.at<bool>((int)pixelPoint.x, (int)pixelPoint.y) != 255[m[K)
      |         [01;35m[K~~~~~~~~~~~~~~~~~~~~~~~~~~~~~~~~~~~~~~~~~~~~~~~~~~~~~~~~~~^~~~~~[m[K
