-- Found ament_cmake: 0.9.12 (/opt/ros/foxy/share/ament_cmake/cmake)
-- Using PYTHON_EXECUTABLE: /usr/bin/python3
-- Found rclcpp: 2.4.3 (/opt/ros/foxy/share/rclcpp/cmake)
-- Using all available rosidl_typesupport_c: rosidl_typesupport_fastrtps_c;rosidl_typesupport_introspection_c
-- Found rosidl_adapter: 1.3.1 (/opt/ros/foxy/share/rosidl_adapter/cmake)
-- Using all available rosidl_typesupport_cpp: rosidl_typesupport_fastrtps_cpp;rosidl_typesupport_introspection_cpp
-- Found rmw_implementation_cmake: 1.0.4 (/opt/ros/foxy/share/rmw_implementation_cmake/cmake)
-- Using RMW implementation 'rmw_fastrtps_cpp' as default
-- Found interface: 0.0.0 (/home/weiwei/Desktop/project/ObsAvoidance/install/interface/share/interface/cmake)
-- Found cv_bridge: 3.0.7 (/opt/ros/foxy/share/cv_bridge/cmake)
-- Found pcl_conversions: 2.2.1 (/opt/ros/foxy/share/pcl_conversions/cmake)
-- Found octomap_msgs: 2.0.0 (/opt/ros/foxy/share/octomap_msgs/cmake)
-- Eigen found (include: /usr/include/eigen3, version: 3.3.7)
-- The imported target "vtkParseOGLExt" references the file
   "/usr/bin/vtkParseOGLExt-7.1"
but this file does not exist.  Possible reasons include:
* The file was deleted, renamed, or moved to another location.
* An install or uninstall procedure did not complete successfully.
* The installation package was faulty and contained
   "/usr/lib/cmake/vtk-7.1/VTKTargets.cmake"
but not all the files it references.

-- The imported target "vtkRenderingPythonTkWidgets" references the file
   "/usr/lib/x86_64-linux-gnu/libvtkRenderingPythonTkWidgets.so"
but this file does not exist.  Possible reasons include:
* The file was deleted, renamed, or moved to another location.
* An install or uninstall procedure did not complete successfully.
* The installation package was faulty and contained
   "/usr/lib/cmake/vtk-7.1/VTKTargets.cmake"
but not all the files it references.

-- The imported target "vtk" references the file
   "/usr/bin/vtk"
but this file does not exist.  Possible reasons include:
* The file was deleted, renamed, or moved to another location.
* An install or uninstall procedure did not complete successfully.
* The installation package was faulty and contained
   "/usr/lib/cmake/vtk-7.1/VTKTargets.cmake"
but not all the files it references.

-- The imported target "pvtk" references the file
   "/usr/bin/pvtk"
but this file does not exist.  Possible reasons include:
* The file was deleted, renamed, or moved to another location.
* An install or uninstall procedure did not complete successfully.
* The installation package was faulty and contained
   "/usr/lib/cmake/vtk-7.1/VTKTargets.cmake"
but not all the files it references.

-- OpenNI found (include: /usr/include/ni, lib: /usr/lib/libOpenNI.so)
-- OpenNI2 found (include: /usr/include/openni2, lib: /usr/lib/libOpenNI2.so)
** WARNING ** io features related to pcap will be disabled
** WARNING ** io features related to png will be disabled
** WARNING ** io features related to libusb-1.0 will be disabled
-- OpenNI found (include: /usr/include/ni, lib: /usr/lib/libOpenNI.so)
-- OpenNI2 found (include: /usr/include/openni2, lib: /usr/lib/libOpenNI2.so)
-- QHULL found (include: /usr/include, lib: optimized;/usr/lib/x86_64-linux-gnu/libqhull.so;debug;/usr/lib/x86_64-linux-gnu/libqhull.so)
-- OpenNI found (include: /usr/include/ni, lib: /usr/lib/libOpenNI.so)
-- looking for PCL_COMMON
-- looking for PCL_KDTREE
-- looking for PCL_OCTREE
-- looking for PCL_SEARCH
-- looking for PCL_SAMPLE_CONSENSUS
-- looking for PCL_FILTERS
-- looking for PCL_2D
-- looking for PCL_GEOMETRY
-- looking for PCL_IO
-- looking for PCL_FEATURES
-- looking for PCL_ML
-- looking for PCL_SEGMENTATION
-- looking for PCL_VISUALIZATION
-- looking for PCL_SURFACE
-- looking for PCL_REGISTRATION
-- looking for PCL_KEYPOINTS
-- looking for PCL_TRACKING
-- looking for PCL_RECOGNITION
-- looking for PCL_STEREO
-- looking for PCL_APPS
-- looking for PCL_IN_HAND_SCANNER
-- looking for PCL_POINT_CLOUD_EDITOR
-- looking for PCL_OUTOFCORE
-- looking for PCL_PEOPLE
-- Found AMD headers in: /usr/include/suitesparse
-- Found AMD library: /usr/lib/x86_64-linux-gnu/libamd.so
-- Found CAMD headers in: /usr/include/suitesparse
-- Found CAMD library: /usr/lib/x86_64-linux-gnu/libcamd.so
-- Found CCOLAMD headers in: /usr/include/suitesparse
-- Found CCOLAMD library: /usr/lib/x86_64-linux-gnu/libccolamd.so
-- Found CHOLMOD headers in: /usr/include/suitesparse
-- Found CHOLMOD library: /usr/lib/x86_64-linux-gnu/libcholmod.so
-- Found COLAMD headers in: /usr/include/suitesparse
-- Found COLAMD library: /usr/lib/x86_64-linux-gnu/libcolamd.so
-- Found SPQR headers in: /usr/include/suitesparse
-- Found SPQR library: /usr/lib/x86_64-linux-gnu/libspqr.so
-- Found Config headers in: /usr/include/suitesparse
-- Found Config library: /usr/lib/x86_64-linux-gnu/libsuitesparseconfig.so
-- Found Intel Thread Building Blocks (TBB) library (2020.1 / 11101) include location: . Assuming SuiteSparseQR was compiled with TBB.
-- Adding librt to SuiteSparse_config libraries (required on Linux & Unix [not OSX] if SuiteSparse is compiled with timing).
-- Could NOT find METIS (missing: METIS_INCLUDE_DIR METIS_LIBRARY) 
-- Found required Ceres dependency: Eigen version 3.3.9 in /usr/local/share/eigen3/cmake
-- Found required Ceres dependency: glog
-- Found required Ceres dependency: gflags
-- Found Ceres version: 2.2.0 installed in: /usr/local with components: [EigenSparse, SparseLinearAlgebraLibrary, LAPACK, SuiteSparse, SchurSpecializations]
-- Found ament_lint_auto: 0.9.8 (/opt/ros/foxy/share/ament_lint_auto/cmake)
-- Added test 'copyright' to check source files copyright and LICENSE
-- Added test 'cppcheck' to perform static code analysis on C / C++ code
-- Configured cppcheck include dirs: 
-- Configured cppcheck exclude dirs and/or files: 
-- Added test 'cpplint' to check C / C++ code against the Google style
-- Configured cpplint exclude dirs and/or files: 
-- Added test 'lint_cmake' to check CMake code style
-- Added test 'uncrustify' to check C / C++ code style
-- Configured uncrustify additional arguments: 
-- Added test 'xmllint' to check XML markup files
-- Configuring done
-- Generating done
-- Build files have been written to: /home/weiwei/Desktop/project/ObsAvoidance/build/model
[35m[1mScanning dependencies of target model[0m
[ 50%] [32mBuilding CXX object CMakeFiles/model.dir/src/main.cpp.o[0m
[01m[K/home/weiwei/Desktop/project/ObsAvoidance/src/model/src/main.cpp:[m[K In member function ‘[01m[Kvoid ModelNode::getBlueContour()[m[K’:
[01m[K/home/weiwei/Desktop/project/ObsAvoidance/src/model/src/main.cpp:364:75:[m[K [01;35m[Kwarning: [m[Kthe address of ‘[01m[Kint close(int)[m[K’ will never be NULL [[01;35m[K-Waddress[m[K]
  364 |                 double length = cv::arcLength(temp_contours_blue[i], close[01;35m[K)[m[K;
      |                                                                           [01;35m[K^[m[K
[01m[K/home/weiwei/Desktop/project/ObsAvoidance/src/model/src/main.cpp:[m[K In member function ‘[01m[Kvoid ModelNode::invProjAndSel()[m[K’:
[01m[K/home/weiwei/Desktop/project/ObsAvoidance/src/model/src/main.cpp:513:23:[m[K [01;35m[Kwarning: [m[Kcomparison of integer expressions of different signedness: ‘[01m[Kint[m[K’ and ‘[01m[Kstd::vector<int>::size_type[m[K’ {aka ‘[01m[Klong unsigned int[m[K’} [[01;35m[K-Wsign-compare[m[K]
  513 |         for(int i=0; [01;35m[Ki<indexPointCloudBlue.size()[m[K;i++)
      |                      [01;35m[K~^~~~~~~~~~~~~~~~~~~~~~~~~~~[m[K
[01m[K/home/weiwei/Desktop/project/ObsAvoidance/src/model/src/main.cpp:517:23:[m[K [01;35m[Kwarning: [m[Kcomparison of integer expressions of different signedness: ‘[01m[Kint[m[K’ and ‘[01m[Kstd::vector<int>::size_type[m[K’ {aka ‘[01m[Klong unsigned int[m[K’} [[01;35m[K-Wsign-compare[m[K]
  517 |         for(int i=0; [01;35m[Ki<indexPointCloudGreen.size()[m[K;i++)
      |                      [01;35m[K~^~~~~~~~~~~~~~~~~~~~~~~~~~~~[m[K
[01m[K/home/weiwei/Desktop/project/ObsAvoidance/src/model/src/main.cpp:521:23:[m[K [01;35m[Kwarning: [m[Kcomparison of integer expressions of different signedness: ‘[01m[Kint[m[K’ and ‘[01m[Kstd::vector<int>::size_type[m[K’ {aka ‘[01m[Klong unsigned int[m[K’} [[01;35m[K-Wsign-compare[m[K]
  521 |         for(int i=0; [01;35m[Ki<indexPointCloudRed.size()[m[K;i++)
      |                      [01;35m[K~^~~~~~~~~~~~~~~~~~~~~~~~~~[m[K
[01m[K/home/weiwei/Desktop/project/ObsAvoidance/src/model/src/main.cpp:[m[K In member function ‘[01m[Kvoid ModelNode::updateObstacle(std::vector<pcl::PointCloud<pcl::PointXYZ> >&, pcl::PointCloud<pcl::PointXYZ>&)[m[K’:
[01m[K/home/weiwei/Desktop/project/ObsAvoidance/src/model/src/main.cpp:643:33:[m[K [01;35m[Kwarning: [m[Kcomparison of integer expressions of different signedness: ‘[01m[Kstd::vector<pcl::PointCloud<pcl::PointXYZ> >::size_type[m[K’ {aka ‘[01m[Klong unsigned int[m[K’} and ‘[01m[Kint[m[K’ [[01;35m[K-Wsign-compare[m[K]
  643 |         if ([01;35m[KobstacleList.size() > maxLengthPointCloudList[m[K) {
      |             [01;35m[K~~~~~~~~~~~~~~~~~~~~^~~~~~~~~~~~~~~~~~~~~~~~~[m[K
[01m[K/home/weiwei/Desktop/project/ObsAvoidance/src/model/src/main.cpp:[m[K In member function ‘[01m[Kvoid ModelNode::optimizeParam(int, std::vector<Eigen::Matrix<double, 4, 1> >&, Eigen::Vector3d&, bool&, int)[m[K’:
[01m[K/home/weiwei/Desktop/project/ObsAvoidance/src/model/src/main.cpp:672:30:[m[K [01;35m[Kwarning: [m[Kcomparison of integer expressions of different signedness: ‘[01m[Kstd::vector<Eigen::Matrix<double, 4, 1> >::size_type[m[K’ {aka ‘[01m[Klong unsigned int[m[K’} and ‘[01m[Kint[m[K’ [[01;35m[K-Wsign-compare[m[K]
  672 |         if ([01;35m[KparamList.size() == threshToOpt[m[K) {
      |             [01;35m[K~~~~~~~~~~~~~~~~~^~~~~~~~~~~~~~[m[K
[01m[K/home/weiwei/Desktop/project/ObsAvoidance/src/model/src/main.cpp:697:30:[m[K [01;35m[Kwarning: [m[Kcomparison of integer expressions of different signedness: ‘[01m[Kint[m[K’ and ‘[01m[Kstd::vector<Eigen::Matrix<double, 4, 1> >::size_type[m[K’ {aka ‘[01m[Klong unsigned int[m[K’} [[01;35m[K-Wsign-compare[m[K]
  697 |                 for(int n=0;[01;35m[Kn<paramList.size()[m[K;n++) {
      |                             [01;35m[K~^~~~~~~~~~~~~~~~~[m[K
[01m[K/home/weiwei/Desktop/project/ObsAvoidance/src/model/src/main.cpp:[m[K In member function ‘[01m[Kvoid ModelNode::octoTreeCurPub()[m[K’:
[01m[K/home/weiwei/Desktop/project/ObsAvoidance/src/model/src/main.cpp:720:23:[m[K [01;35m[Kwarning: [m[Kcomparison of integer expressions of different signedness: ‘[01m[Kint[m[K’ and ‘[01m[Kstd::vector<pcl::PointCloud<pcl::PointXYZ> >::size_type[m[K’ {aka ‘[01m[Klong unsigned int[m[K’} [[01;35m[K-Wsign-compare[m[K]
  720 |         for (int i=0;[01;35m[Ki<obstacleBlueList.size()[m[K;i++) {
      |                      [01;35m[K~^~~~~~~~~~~~~~~~~~~~~~~~[m[K
[01m[K/home/weiwei/Desktop/project/ObsAvoidance/src/model/src/main.cpp:724:23:[m[K [01;35m[Kwarning: [m[Kcomparison of integer expressions of different signedness: ‘[01m[Kint[m[K’ and ‘[01m[Kstd::vector<pcl::PointCloud<pcl::PointXYZ> >::size_type[m[K’ {aka ‘[01m[Klong unsigned int[m[K’} [[01;35m[K-Wsign-compare[m[K]
  724 |         for (int i=0;[01;35m[Ki<obstacleGreenList.size()[m[K;i++) {
      |                      [01;35m[K~^~~~~~~~~~~~~~~~~~~~~~~~~[m[K
[01m[K/home/weiwei/Desktop/project/ObsAvoidance/src/model/src/main.cpp:728:23:[m[K [01;35m[Kwarning: [m[Kcomparison of integer expressions of different signedness: ‘[01m[Kint[m[K’ and ‘[01m[Kstd::vector<pcl::PointCloud<pcl::PointXYZ> >::size_type[m[K’ {aka ‘[01m[Klong unsigned int[m[K’} [[01;35m[K-Wsign-compare[m[K]
  728 |         for (int i=0;[01;35m[Ki<obstacleRedList.size()[m[K;i++) {
      |                      [01;35m[K~^~~~~~~~~~~~~~~~~~~~~~~[m[K
[01m[K/home/weiwei/Desktop/project/ObsAvoidance/src/model/src/main.cpp:[m[K In member function ‘[01m[Kvoid ModelNode::Model()[m[K’:
[01m[K/home/weiwei/Desktop/project/ObsAvoidance/src/model/src/main.cpp:768:46:[m[K [01;35m[Kwarning: [m[Kcomparison of integer expressions of different signedness: ‘[01m[Kstd::size_t[m[K’ {aka ‘[01m[Klong unsigned int[m[K’} and ‘[01m[Kint[m[K’ [[01;35m[K-Wsign-compare[m[K]
  768 |         if ([01;35m[KpointCloudInCamFrame_blue.size() > minNumBlueKeyPoint[m[K) {
      |             [01;35m[K~~~~~~~~~~~~~~~~~~~~~~~~~~~~~~~~~^~~~~~~~~~~~~~~~~~~~[m[K
[01m[K/home/weiwei/Desktop/project/ObsAvoidance/src/model/src/main.cpp:775:46:[m[K [01;35m[Kwarning: [m[Kcomparison of integer expressions of different signedness: ‘[01m[Kstd::size_t[m[K’ {aka ‘[01m[Klong unsigned int[m[K’} and ‘[01m[Kint[m[K’ [[01;35m[K-Wsign-compare[m[K]
  775 |         if([01;35m[KpointCloudInCamFrame_green.size() > minNumGreenKeyPoint[m[K){
      |            [01;35m[K~~~~~~~~~~~~~~~~~~~~~~~~~~~~~~~~~~^~~~~~~~~~~~~~~~~~~~~[m[K
[01m[K/home/weiwei/Desktop/project/ObsAvoidance/src/model/src/main.cpp:781:45:[m[K [01;35m[Kwarning: [m[Kcomparison of integer expressions of different signedness: ‘[01m[Kstd::size_t[m[K’ {aka ‘[01m[Klong unsigned int[m[K’} and ‘[01m[Kint[m[K’ [[01;35m[K-Wsign-compare[m[K]
  781 |         if ([01;35m[KpointCloudInCamFrame_red.size() > minNumRedKeyPoint[m[K){
      |             [01;35m[K~~~~~~~~~~~~~~~~~~~~~~~~~~~~~~~~^~~~~~~~~~~~~~~~~~~[m[K
[100%] [32m[1mLinking CXX executable model[0m
[100%] Built target model
-- Install configuration: ""
-- Installing: /home/weiwei/Desktop/project/ObsAvoidance/install/model/lib/model/model
-- Set runtime path of "/home/weiwei/Desktop/project/ObsAvoidance/install/model/lib/model/model" to ""
-- Up-to-date: /home/weiwei/Desktop/project/ObsAvoidance/install/model/share/ament_index/resource_index/package_run_dependencies/model
-- Up-to-date: /home/weiwei/Desktop/project/ObsAvoidance/install/model/share/ament_index/resource_index/parent_prefix_path/model
-- Up-to-date: /home/weiwei/Desktop/project/ObsAvoidance/install/model/share/model/environment/ament_prefix_path.sh
-- Installing: /home/weiwei/Desktop/project/ObsAvoidance/install/model/share/model/environment/ament_prefix_path.dsv
-- Up-to-date: /home/weiwei/Desktop/project/ObsAvoidance/install/model/share/model/environment/path.sh
-- Installing: /home/weiwei/Desktop/project/ObsAvoidance/install/model/share/model/environment/path.dsv
-- Up-to-date: /home/weiwei/Desktop/project/ObsAvoidance/install/model/share/model/local_setup.bash
-- Up-to-date: /home/weiwei/Desktop/project/ObsAvoidance/install/model/share/model/local_setup.sh
-- Up-to-date: /home/weiwei/Desktop/project/ObsAvoidance/install/model/share/model/local_setup.zsh
-- Installing: /home/weiwei/Desktop/project/ObsAvoidance/install/model/share/model/local_setup.dsv
-- Installing: /home/weiwei/Desktop/project/ObsAvoidance/install/model/share/model/package.dsv
-- Up-to-date: /home/weiwei/Desktop/project/ObsAvoidance/install/model/share/ament_index/resource_index/packages/model
-- Up-to-date: /home/weiwei/Desktop/project/ObsAvoidance/install/model/share/model/cmake/modelConfig.cmake
-- Up-to-date: /home/weiwei/Desktop/project/ObsAvoidance/install/model/share/model/cmake/modelConfig-version.cmake
-- Up-to-date: /home/weiwei/Desktop/project/ObsAvoidance/install/model/share/model/package.xml
