-- The C compiler identification is GNU 9.4.0
-- The CXX compiler identification is GNU 9.4.0
-- Check for working C compiler: /usr/bin/cc
-- Check for working C compiler: /usr/bin/cc -- works
-- Detecting C compiler ABI info
-- Detecting C compiler ABI info - done
-- Detecting C compile features
-- Detecting C compile features - done
-- Check for working CXX compiler: /usr/bin/c++
-- Check for working CXX compiler: /usr/bin/c++ -- works
-- Detecting CXX compiler ABI info
-- Detecting CXX compiler ABI info - done
-- Detecting CXX compile features
-- Detecting CXX compile features - done
-- Found ament_cmake: 0.9.12 (/opt/ros/foxy/share/ament_cmake/cmake)
-- Found PythonInterp: /usr/bin/python3 (found suitable version "3.8.10", minimum required is "3") 
-- Using PYTHON_EXECUTABLE: /usr/bin/python3
-- Found rclcpp: 2.4.3 (/opt/ros/foxy/share/rclcpp/cmake)
-- Using all available rosidl_typesupport_c: rosidl_typesupport_fastrtps_c;rosidl_typesupport_introspection_c
-- Found rosidl_adapter: 1.3.1 (/opt/ros/foxy/share/rosidl_adapter/cmake)
-- Found OpenSSL: /usr/lib/x86_64-linux-gnu/libcrypto.so (found version "1.1.1f")  
-- Found FastRTPS: /opt/ros/foxy/include  
-- Using all available rosidl_typesupport_cpp: rosidl_typesupport_fastrtps_cpp;rosidl_typesupport_introspection_cpp
-- Found rmw_implementation_cmake: 1.0.4 (/opt/ros/foxy/share/rmw_implementation_cmake/cmake)
-- Using RMW implementation 'rmw_fastrtps_cpp' as default
-- Looking for pthread.h
-- Looking for pthread.h - found
-- Performing Test CMAKE_HAVE_LIBC_PTHREAD
-- Performing Test CMAKE_HAVE_LIBC_PTHREAD - Failed
-- Looking for pthread_create in pthreads
-- Looking for pthread_create in pthreads - not found
-- Looking for pthread_create in pthread
-- Looking for pthread_create in pthread - found
-- Found Threads: TRUE  
-- Found sensor_msgs: 2.0.5 (/opt/ros/foxy/share/sensor_msgs/cmake)
-- Found rosidl_default_generators: 1.0.1 (/opt/ros/foxy/share/rosidl_default_generators/cmake)
-- Found ament_lint_auto: 0.9.8 (/opt/ros/foxy/share/ament_lint_auto/cmake)
-- Found PythonInterp: /usr/bin/python3 (found version "3.8.10") 
-- Found ament_cmake_ros: 0.9.2 (/opt/ros/foxy/share/ament_cmake_ros/cmake)
-- Using all available rosidl_typesupport_c: rosidl_typesupport_fastrtps_c;rosidl_typesupport_introspection_c
-- Using all available rosidl_typesupport_cpp: rosidl_typesupport_fastrtps_cpp;rosidl_typesupport_introspection_cpp
-- Found PythonInterp: /usr/bin/python3 (found suitable version "3.8.10", minimum required is "3.5") 
-- Found python_cmake_module: 0.8.1 (/opt/ros/foxy/share/python_cmake_module/cmake)
-- Found PythonLibs: /usr/lib/x86_64-linux-gnu/libpython3.8.so (found suitable version "3.8.10", minimum required is "3.5") 
-- Using PYTHON_EXECUTABLE: /usr/bin/python3
-- Using PYTHON_INCLUDE_DIRS: /usr/include/python3.8
-- Using PYTHON_LIBRARIES: /usr/lib/x86_64-linux-gnu/libpython3.8.so
-- Found PythonExtra: .so  
-- Added test 'copyright' to check source files copyright and LICENSE
-- Added test 'lint_cmake' to check CMake code style
-- Added test 'xmllint' to check XML markup files
-- Configuring done
-- Generating done
-- Build files have been written to: /home/weiwei/Desktop/project/ObsAvoidance/build/interface
[35m[1mScanning dependencies of target interface__cpp[0m
[  2%] [34m[1mGenerating C code for ROS interfaces[0m
[  4%] [34m[1mGenerating C++ code for ROS interfaces[0m
[  4%] Built target interface__cpp
[  8%] [34m[1mGenerating C++ type support dispatch for ROS interfaces[0m
[  8%] [34m[1mGenerating C++ type support for eProsima Fast-RTPS[0m
[ 10%] [34m[1mGenerating C++ introspection for ROS interfaces[0m
[35m[1mScanning dependencies of target interface__rosidl_generator_c[0m
[ 17%] [32mBuilding C object CMakeFiles/interface__rosidl_generator_c.dir/rosidl_generator_c/interface/srv/detail/cam_pose__functions.c.o[0m
[ 17%] [32mBuilding C object CMakeFiles/interface__rosidl_generator_c.dir/rosidl_generator_c/interface/msg/detail/slam__functions.c.o[0m
[ 17%] [32mBuilding C object CMakeFiles/interface__rosidl_generator_c.dir/rosidl_generator_c/interface/srv/detail/map_point__functions.c.o[0m
[ 19%] [32m[1mLinking C shared library libinterface__rosidl_generator_c.so[0m
[ 19%] Built target interface__rosidl_generator_c
[ 21%] [34m[1mGenerating C type support dispatch for ROS interfaces[0m
[ 23%] [34m[1mGenerating C introspection for ROS interfaces[0m
[35m[1mScanning dependencies of target interface__rosidl_typesupport_cpp[0m
[ 27%] [32mBuilding CXX object CMakeFiles/interface__rosidl_typesupport_cpp.dir/rosidl_typesupport_cpp/interface/srv/map_point__type_support.cpp.o[0m
[ 27%] [32mBuilding CXX object CMakeFiles/interface__rosidl_typesupport_cpp.dir/rosidl_typesupport_cpp/interface/msg/slam__type_support.cpp.o[0m
[ 29%] [32mBuilding CXX object CMakeFiles/interface__rosidl_typesupport_cpp.dir/rosidl_typesupport_cpp/interface/srv/cam_pose__type_support.cpp.o[0m
[35m[1mScanning dependencies of target interface__rosidl_typesupport_introspection_cpp[0m
[ 31%] [32mBuilding CXX object CMakeFiles/interface__rosidl_typesupport_introspection_cpp.dir/rosidl_typesupport_introspection_cpp/interface/msg/detail/slam__type_support.cpp.o[0m
[ 36%] [32mBuilding CXX object CMakeFiles/interface__rosidl_typesupport_introspection_cpp.dir/rosidl_typesupport_introspection_cpp/interface/srv/detail/map_point__type_support.cpp.o[0m
[ 36%] [32mBuilding CXX object CMakeFiles/interface__rosidl_typesupport_introspection_cpp.dir/rosidl_typesupport_introspection_cpp/interface/srv/detail/cam_pose__type_support.cpp.o[0m
[35m[1mScanning dependencies of target interface__rosidl_typesupport_fastrtps_cpp[0m
[ 40%] [32mBuilding CXX object CMakeFiles/interface__rosidl_typesupport_fastrtps_cpp.dir/rosidl_typesupport_fastrtps_cpp/interface/msg/detail/dds_fastrtps/slam__type_support.cpp.o[0m
[ 40%] [32mBuilding CXX object CMakeFiles/interface__rosidl_typesupport_fastrtps_cpp.dir/rosidl_typesupport_fastrtps_cpp/interface/srv/detail/dds_fastrtps/map_point__type_support.cpp.o[0m
[ 42%] [32mBuilding CXX object CMakeFiles/interface__rosidl_typesupport_fastrtps_cpp.dir/rosidl_typesupport_fastrtps_cpp/interface/srv/detail/dds_fastrtps/cam_pose__type_support.cpp.o[0m
[35m[1mScanning dependencies of target interface__rosidl_typesupport_c[0m
[ 44%] [32mBuilding CXX object CMakeFiles/interface__rosidl_typesupport_c.dir/rosidl_typesupport_c/interface/srv/map_point__type_support.cpp.o[0m
[ 46%] [32mBuilding CXX object CMakeFiles/interface__rosidl_typesupport_c.dir/rosidl_typesupport_c/interface/msg/slam__type_support.cpp.o[0m
[ 48%] [32mBuilding CXX object CMakeFiles/interface__rosidl_typesupport_c.dir/rosidl_typesupport_c/interface/srv/cam_pose__type_support.cpp.o[0m
[ 51%] [32m[1mLinking CXX shared library libinterface__rosidl_typesupport_c.so[0m
[35m[1mScanning dependencies of target interface__rosidl_typesupport_introspection_c[0m
[ 51%] Built target interface__rosidl_typesupport_c
[ 53%] [32mBuilding C object CMakeFiles/interface__rosidl_typesupport_introspection_c.dir/rosidl_typesupport_introspection_c/interface/srv/detail/map_point__type_support.c.o[0m
[ 57%] [32mBuilding C object CMakeFiles/interface__rosidl_typesupport_introspection_c.dir/rosidl_typesupport_introspection_c/interface/msg/detail/slam__type_support.c.o[0m
[ 57%] [32mBuilding C object CMakeFiles/interface__rosidl_typesupport_introspection_c.dir/rosidl_typesupport_introspection_c/interface/srv/detail/cam_pose__type_support.c.o[0m
[ 59%] [32m[1mLinking C shared library libinterface__rosidl_typesupport_introspection_c.so[0m
[ 59%] Built target interface__rosidl_typesupport_introspection_c
[ 61%] [32m[1mLinking CXX shared library libinterface__rosidl_typesupport_cpp.so[0m
[ 61%] Built target interface__rosidl_typesupport_cpp
[ 63%] [32m[1mLinking CXX shared library libinterface__rosidl_typesupport_introspection_cpp.so[0m
[ 63%] Built target interface__rosidl_typesupport_introspection_cpp
[ 65%] [32m[1mLinking CXX shared library libinterface__rosidl_typesupport_fastrtps_cpp.so[0m
[ 65%] Built target interface__rosidl_typesupport_fastrtps_cpp
[ 68%] [34m[1mGenerating C type support for eProsima Fast-RTPS[0m
[35m[1mScanning dependencies of target interface__rosidl_typesupport_fastrtps_c[0m
[ 70%] [32mBuilding CXX object CMakeFiles/interface__rosidl_typesupport_fastrtps_c.dir/rosidl_typesupport_fastrtps_c/interface/msg/detail/slam__type_support_c.cpp.o[0m
[ 72%] [32mBuilding CXX object CMakeFiles/interface__rosidl_typesupport_fastrtps_c.dir/rosidl_typesupport_fastrtps_c/interface/srv/detail/map_point__type_support_c.cpp.o[0m
[ 74%] [32mBuilding CXX object CMakeFiles/interface__rosidl_typesupport_fastrtps_c.dir/rosidl_typesupport_fastrtps_c/interface/srv/detail/cam_pose__type_support_c.cpp.o[0m
[ 76%] [32m[1mLinking CXX shared library libinterface__rosidl_typesupport_fastrtps_c.so[0m
[ 76%] Built target interface__rosidl_typesupport_fastrtps_c
[35m[1mScanning dependencies of target interface[0m
[ 76%] Built target interface
[35m[1mScanning dependencies of target interface__py[0m
[ 78%] [34m[1mGenerating Python code for ROS interfaces[0m
[ 78%] Built target interface__py
[35m[1mScanning dependencies of target interface__python[0m
[ 85%] [32mBuilding C object CMakeFiles/interface__python.dir/rosidl_generator_py/interface/srv/_map_point_s.c.o[0m
[ 85%] [32mBuilding C object CMakeFiles/interface__python.dir/rosidl_generator_py/interface/msg/_slam_s.c.o[0m
[ 85%] [32mBuilding C object CMakeFiles/interface__python.dir/rosidl_generator_py/interface/srv/_cam_pose_s.c.o[0m
[ 87%] [32m[1mLinking C shared library rosidl_generator_py/interface/libinterface__python.so[0m
[ 87%] Built target interface__python
[35m[1mScanning dependencies of target interface__rosidl_typesupport_c__pyext[0m
[35m[1mScanning dependencies of target interface__rosidl_typesupport_introspection_c__pyext[0m
[35m[1mScanning dependencies of target interface__rosidl_typesupport_fastrtps_c__pyext[0m
[ 89%] [32mBuilding C object CMakeFiles/interface__rosidl_typesupport_introspection_c__pyext.dir/rosidl_generator_py/interface/_interface_s.ep.rosidl_typesupport_introspection_c.c.o[0m
[ 91%] [32mBuilding C object CMakeFiles/interface__rosidl_typesupport_c__pyext.dir/rosidl_generator_py/interface/_interface_s.ep.rosidl_typesupport_c.c.o[0m
[ 93%] [32mBuilding C object CMakeFiles/interface__rosidl_typesupport_fastrtps_c__pyext.dir/rosidl_generator_py/interface/_interface_s.ep.rosidl_typesupport_fastrtps_c.c.o[0m
[100%] [32m[1mLinking C shared library rosidl_generator_py/interface/interface_s__rosidl_typesupport_c.cpython-38-x86_64-linux-gnu.so[0m
[100%] [32m[1mLinking CXX shared library rosidl_generator_py/interface/interface_s__rosidl_typesupport_fastrtps_c.cpython-38-x86_64-linux-gnu.so[0m
[100%] [32m[1mLinking C shared library rosidl_generator_py/interface/interface_s__rosidl_typesupport_introspection_c.cpython-38-x86_64-linux-gnu.so[0m
[100%] Built target interface__rosidl_typesupport_introspection_c__pyext
[100%] Built target interface__rosidl_typesupport_c__pyext
[100%] Built target interface__rosidl_typesupport_fastrtps_c__pyext
-- Install configuration: ""
-- Installing: /home/weiwei/Desktop/project/ObsAvoidance/install/interface/share/ament_index/resource_index/rosidl_interfaces/interface
-- Installing: /home/weiwei/Desktop/project/ObsAvoidance/install/interface/include/interface
-- Installing: /home/weiwei/Desktop/project/ObsAvoidance/install/interface/include/interface/srv
-- Installing: /home/weiwei/Desktop/project/ObsAvoidance/install/interface/include/interface/srv/detail
-- Installing: /home/weiwei/Desktop/project/ObsAvoidance/install/interface/include/interface/srv/detail/cam_pose__struct.h
-- Installing: /home/weiwei/Desktop/project/ObsAvoidance/install/interface/include/interface/srv/detail/map_point__functions.h
-- Installing: /home/weiwei/Desktop/project/ObsAvoidance/install/interface/include/interface/srv/detail/map_point__functions.c
-- Installing: /home/weiwei/Desktop/project/ObsAvoidance/install/interface/include/interface/srv/detail/cam_pose__functions.c
-- Installing: /home/weiwei/Desktop/project/ObsAvoidance/install/interface/include/interface/srv/detail/cam_pose__type_support.h
-- Installing: /home/weiwei/Desktop/project/ObsAvoidance/install/interface/include/interface/srv/detail/map_point__type_support.h
-- Installing: /home/weiwei/Desktop/project/ObsAvoidance/install/interface/include/interface/srv/detail/cam_pose__functions.h
-- Installing: /home/weiwei/Desktop/project/ObsAvoidance/install/interface/include/interface/srv/detail/map_point__struct.h
-- Installing: /home/weiwei/Desktop/project/ObsAvoidance/install/interface/include/interface/srv/cam_pose.h
-- Installing: /home/weiwei/Desktop/project/ObsAvoidance/install/interface/include/interface/srv/map_point.h
-- Installing: /home/weiwei/Desktop/project/ObsAvoidance/install/interface/include/interface/msg
-- Installing: /home/weiwei/Desktop/project/ObsAvoidance/install/interface/include/interface/msg/detail
-- Installing: /home/weiwei/Desktop/project/ObsAvoidance/install/interface/include/interface/msg/detail/slam__struct.h
-- Installing: /home/weiwei/Desktop/project/ObsAvoidance/install/interface/include/interface/msg/detail/slam__type_support.h
-- Installing: /home/weiwei/Desktop/project/ObsAvoidance/install/interface/include/interface/msg/detail/slam__functions.c
-- Installing: /home/weiwei/Desktop/project/ObsAvoidance/install/interface/include/interface/msg/detail/slam__functions.h
-- Installing: /home/weiwei/Desktop/project/ObsAvoidance/install/interface/include/interface/msg/slam.h
-- Installing: /home/weiwei/Desktop/project/ObsAvoidance/install/interface/include/interface/msg/rosidl_generator_c__visibility_control.h
-- Installing: /home/weiwei/Desktop/project/ObsAvoidance/install/interface/share/interface/environment/library_path.sh
-- Installing: /home/weiwei/Desktop/project/ObsAvoidance/install/interface/share/interface/environment/library_path.dsv
-- Installing: /home/weiwei/Desktop/project/ObsAvoidance/install/interface/lib/libinterface__rosidl_generator_c.so
-- Set runtime path of "/home/weiwei/Desktop/project/ObsAvoidance/install/interface/lib/libinterface__rosidl_generator_c.so" to ""
-- Up-to-date: /home/weiwei/Desktop/project/ObsAvoidance/install/interface/include/interface
-- Up-to-date: /home/weiwei/Desktop/project/ObsAvoidance/install/interface/include/interface/srv
-- Up-to-date: /home/weiwei/Desktop/project/ObsAvoidance/install/interface/include/interface/srv/detail
-- Installing: /home/weiwei/Desktop/project/ObsAvoidance/install/interface/include/interface/srv/detail/cam_pose__rosidl_typesupport_fastrtps_c.h
-- Installing: /home/weiwei/Desktop/project/ObsAvoidance/install/interface/include/interface/srv/detail/map_point__rosidl_typesupport_fastrtps_c.h
-- Up-to-date: /home/weiwei/Desktop/project/ObsAvoidance/install/interface/include/interface/msg
-- Up-to-date: /home/weiwei/Desktop/project/ObsAvoidance/install/interface/include/interface/msg/detail
-- Installing: /home/weiwei/Desktop/project/ObsAvoidance/install/interface/include/interface/msg/detail/slam__rosidl_typesupport_fastrtps_c.h
-- Installing: /home/weiwei/Desktop/project/ObsAvoidance/install/interface/include/interface/msg/rosidl_typesupport_fastrtps_c__visibility_control.h
-- Installing: /home/weiwei/Desktop/project/ObsAvoidance/install/interface/lib/libinterface__rosidl_typesupport_fastrtps_c.so
-- Set runtime path of "/home/weiwei/Desktop/project/ObsAvoidance/install/interface/lib/libinterface__rosidl_typesupport_fastrtps_c.so" to ""
-- Up-to-date: /home/weiwei/Desktop/project/ObsAvoidance/install/interface/include/interface
-- Up-to-date: /home/weiwei/Desktop/project/ObsAvoidance/install/interface/include/interface/srv
-- Up-to-date: /home/weiwei/Desktop/project/ObsAvoidance/install/interface/include/interface/srv/detail
-- Installing: /home/weiwei/Desktop/project/ObsAvoidance/install/interface/include/interface/srv/detail/dds_fastrtps
-- Installing: /home/weiwei/Desktop/project/ObsAvoidance/install/interface/include/interface/srv/detail/cam_pose__rosidl_typesupport_fastrtps_cpp.hpp
-- Installing: /home/weiwei/Desktop/project/ObsAvoidance/install/interface/include/interface/srv/detail/map_point__rosidl_typesupport_fastrtps_cpp.hpp
-- Up-to-date: /home/weiwei/Desktop/project/ObsAvoidance/install/interface/include/interface/msg
-- Up-to-date: /home/weiwei/Desktop/project/ObsAvoidance/install/interface/include/interface/msg/detail
-- Installing: /home/weiwei/Desktop/project/ObsAvoidance/install/interface/include/interface/msg/detail/slam__rosidl_typesupport_fastrtps_cpp.hpp
-- Installing: /home/weiwei/Desktop/project/ObsAvoidance/install/interface/include/interface/msg/detail/dds_fastrtps
-- Installing: /home/weiwei/Desktop/project/ObsAvoidance/install/interface/include/interface/msg/rosidl_typesupport_fastrtps_cpp__visibility_control.h
-- Installing: /home/weiwei/Desktop/project/ObsAvoidance/install/interface/lib/libinterface__rosidl_typesupport_fastrtps_cpp.so
-- Set runtime path of "/home/weiwei/Desktop/project/ObsAvoidance/install/interface/lib/libinterface__rosidl_typesupport_fastrtps_cpp.so" to ""
-- Up-to-date: /home/weiwei/Desktop/project/ObsAvoidance/install/interface/include/interface
-- Up-to-date: /home/weiwei/Desktop/project/ObsAvoidance/install/interface/include/interface/srv
-- Up-to-date: /home/weiwei/Desktop/project/ObsAvoidance/install/interface/include/interface/srv/detail
-- Installing: /home/weiwei/Desktop/project/ObsAvoidance/install/interface/include/interface/srv/detail/map_point__rosidl_typesupport_introspection_c.h
-- Installing: /home/weiwei/Desktop/project/ObsAvoidance/install/interface/include/interface/srv/detail/cam_pose__type_support.c
-- Installing: /home/weiwei/Desktop/project/ObsAvoidance/install/interface/include/interface/srv/detail/map_point__type_support.c
-- Installing: /home/weiwei/Desktop/project/ObsAvoidance/install/interface/include/interface/srv/detail/cam_pose__rosidl_typesupport_introspection_c.h
-- Up-to-date: /home/weiwei/Desktop/project/ObsAvoidance/install/interface/include/interface/msg
-- Up-to-date: /home/weiwei/Desktop/project/ObsAvoidance/install/interface/include/interface/msg/detail
-- Installing: /home/weiwei/Desktop/project/ObsAvoidance/install/interface/include/interface/msg/detail/slam__type_support.c
-- Installing: /home/weiwei/Desktop/project/ObsAvoidance/install/interface/include/interface/msg/detail/slam__rosidl_typesupport_introspection_c.h
-- Installing: /home/weiwei/Desktop/project/ObsAvoidance/install/interface/include/interface/msg/rosidl_typesupport_introspection_c__visibility_control.h
-- Installing: /home/weiwei/Desktop/project/ObsAvoidance/install/interface/lib/libinterface__rosidl_typesupport_introspection_c.so
-- Set runtime path of "/home/weiwei/Desktop/project/ObsAvoidance/install/interface/lib/libinterface__rosidl_typesupport_introspection_c.so" to ""
-- Installing: /home/weiwei/Desktop/project/ObsAvoidance/install/interface/lib/libinterface__rosidl_typesupport_c.so
-- Set runtime path of "/home/weiwei/Desktop/project/ObsAvoidance/install/interface/lib/libinterface__rosidl_typesupport_c.so" to ""
-- Up-to-date: /home/weiwei/Desktop/project/ObsAvoidance/install/interface/include/interface
-- Up-to-date: /home/weiwei/Desktop/project/ObsAvoidance/install/interface/include/interface/srv
-- Up-to-date: /home/weiwei/Desktop/project/ObsAvoidance/install/interface/include/interface/srv/detail
-- Installing: /home/weiwei/Desktop/project/ObsAvoidance/install/interface/include/interface/srv/detail/cam_pose__builder.hpp
-- Installing: /home/weiwei/Desktop/project/ObsAvoidance/install/interface/include/interface/srv/detail/cam_pose__type_support.hpp
-- Installing: /home/weiwei/Desktop/project/ObsAvoidance/install/interface/include/interface/srv/detail/map_point__builder.hpp
-- Installing: /home/weiwei/Desktop/project/ObsAvoidance/install/interface/include/interface/srv/detail/cam_pose__struct.hpp
-- Installing: /home/weiwei/Desktop/project/ObsAvoidance/install/interface/include/interface/srv/detail/map_point__traits.hpp
-- Installing: /home/weiwei/Desktop/project/ObsAvoidance/install/interface/include/interface/srv/detail/cam_pose__traits.hpp
-- Installing: /home/weiwei/Desktop/project/ObsAvoidance/install/interface/include/interface/srv/detail/map_point__struct.hpp
-- Installing: /home/weiwei/Desktop/project/ObsAvoidance/install/interface/include/interface/srv/detail/map_point__type_support.hpp
-- Installing: /home/weiwei/Desktop/project/ObsAvoidance/install/interface/include/interface/srv/cam_pose.hpp
-- Installing: /home/weiwei/Desktop/project/ObsAvoidance/install/interface/include/interface/srv/map_point.hpp
-- Up-to-date: /home/weiwei/Desktop/project/ObsAvoidance/install/interface/include/interface/msg
-- Up-to-date: /home/weiwei/Desktop/project/ObsAvoidance/install/interface/include/interface/msg/detail
-- Installing: /home/weiwei/Desktop/project/ObsAvoidance/install/interface/include/interface/msg/detail/slam__traits.hpp
-- Installing: /home/weiwei/Desktop/project/ObsAvoidance/install/interface/include/interface/msg/detail/slam__type_support.hpp
-- Installing: /home/weiwei/Desktop/project/ObsAvoidance/install/interface/include/interface/msg/detail/slam__builder.hpp
-- Installing: /home/weiwei/Desktop/project/ObsAvoidance/install/interface/include/interface/msg/detail/slam__struct.hpp
-- Installing: /home/weiwei/Desktop/project/ObsAvoidance/install/interface/include/interface/msg/slam.hpp
-- Installing: /home/weiwei/Desktop/project/ObsAvoidance/install/interface/include/interface/msg/rosidl_generator_cpp__visibility_control.hpp
-- Up-to-date: /home/weiwei/Desktop/project/ObsAvoidance/install/interface/include/interface
-- Up-to-date: /home/weiwei/Desktop/project/ObsAvoidance/install/interface/include/interface/srv
-- Up-to-date: /home/weiwei/Desktop/project/ObsAvoidance/install/interface/include/interface/srv/detail
-- Installing: /home/weiwei/Desktop/project/ObsAvoidance/install/interface/include/interface/srv/detail/cam_pose__type_support.cpp
-- Installing: /home/weiwei/Desktop/project/ObsAvoidance/install/interface/include/interface/srv/detail/cam_pose__rosidl_typesupport_introspection_cpp.hpp
-- Installing: /home/weiwei/Desktop/project/ObsAvoidance/install/interface/include/interface/srv/detail/map_point__rosidl_typesupport_introspection_cpp.hpp
-- Installing: /home/weiwei/Desktop/project/ObsAvoidance/install/interface/include/interface/srv/detail/map_point__type_support.cpp
-- Up-to-date: /home/weiwei/Desktop/project/ObsAvoidance/install/interface/include/interface/msg
-- Up-to-date: /home/weiwei/Desktop/project/ObsAvoidance/install/interface/include/interface/msg/detail
-- Installing: /home/weiwei/Desktop/project/ObsAvoidance/install/interface/include/interface/msg/detail/slam__type_support.cpp
-- Installing: /home/weiwei/Desktop/project/ObsAvoidance/install/interface/include/interface/msg/detail/slam__rosidl_typesupport_introspection_cpp.hpp
-- Installing: /home/weiwei/Desktop/project/ObsAvoidance/install/interface/lib/libinterface__rosidl_typesupport_introspection_cpp.so
-- Set runtime path of "/home/weiwei/Desktop/project/ObsAvoidance/install/interface/lib/libinterface__rosidl_typesupport_introspection_cpp.so" to ""
-- Installing: /home/weiwei/Desktop/project/ObsAvoidance/install/interface/lib/libinterface__rosidl_typesupport_cpp.so
-- Set runtime path of "/home/weiwei/Desktop/project/ObsAvoidance/install/interface/lib/libinterface__rosidl_typesupport_cpp.so" to ""
-- Installing: /home/weiwei/Desktop/project/ObsAvoidance/install/interface/share/interface/environment/pythonpath.sh
-- Installing: /home/weiwei/Desktop/project/ObsAvoidance/install/interface/share/interface/environment/pythonpath.dsv
-- Installing: /home/weiwei/Desktop/project/ObsAvoidance/install/interface/lib/python3.8/site-packages/interface/__init__.py
Compiling '/home/weiwei/Desktop/project/ObsAvoidance/install/interface/lib/python3.8/site-packages/interface/__init__.py'...
-- Installing: /home/weiwei/Desktop/project/ObsAvoidance/install/interface/lib/python3.8/site-packages/interface/msg
-- Installing: /home/weiwei/Desktop/project/ObsAvoidance/install/interface/lib/python3.8/site-packages/interface/msg/_slam.py
-- Installing: /home/weiwei/Desktop/project/ObsAvoidance/install/interface/lib/python3.8/site-packages/interface/msg/_slam_s.c
-- Installing: /home/weiwei/Desktop/project/ObsAvoidance/install/interface/lib/python3.8/site-packages/interface/msg/__init__.py
-- Installing: /home/weiwei/Desktop/project/ObsAvoidance/install/interface/lib/python3.8/site-packages/interface/srv
-- Installing: /home/weiwei/Desktop/project/ObsAvoidance/install/interface/lib/python3.8/site-packages/interface/srv/_map_point_s.c
-- Installing: /home/weiwei/Desktop/project/ObsAvoidance/install/interface/lib/python3.8/site-packages/interface/srv/_cam_pose.py
-- Installing: /home/weiwei/Desktop/project/ObsAvoidance/install/interface/lib/python3.8/site-packages/interface/srv/_cam_pose_s.c
-- Installing: /home/weiwei/Desktop/project/ObsAvoidance/install/interface/lib/python3.8/site-packages/interface/srv/_map_point.py
-- Installing: /home/weiwei/Desktop/project/ObsAvoidance/install/interface/lib/python3.8/site-packages/interface/srv/__init__.py
-- Installing: /home/weiwei/Desktop/project/ObsAvoidance/install/interface/lib/python3.8/site-packages/interface/interface_s__rosidl_typesupport_fastrtps_c.cpython-38-x86_64-linux-gnu.so
-- Set runtime path of "/home/weiwei/Desktop/project/ObsAvoidance/install/interface/lib/python3.8/site-packages/interface/interface_s__rosidl_typesupport_fastrtps_c.cpython-38-x86_64-linux-gnu.so" to ""
-- Installing: /home/weiwei/Desktop/project/ObsAvoidance/install/interface/lib/python3.8/site-packages/interface/interface_s__rosidl_typesupport_introspection_c.cpython-38-x86_64-linux-gnu.so
-- Set runtime path of "/home/weiwei/Desktop/project/ObsAvoidance/install/interface/lib/python3.8/site-packages/interface/interface_s__rosidl_typesupport_introspection_c.cpython-38-x86_64-linux-gnu.so" to ""
-- Installing: /home/weiwei/Desktop/project/ObsAvoidance/install/interface/lib/python3.8/site-packages/interface/interface_s__rosidl_typesupport_c.cpython-38-x86_64-linux-gnu.so
-- Set runtime path of "/home/weiwei/Desktop/project/ObsAvoidance/install/interface/lib/python3.8/site-packages/interface/interface_s__rosidl_typesupport_c.cpython-38-x86_64-linux-gnu.so" to ""
-- Installing: /home/weiwei/Desktop/project/ObsAvoidance/install/interface/lib/libinterface__python.so
-- Set runtime path of "/home/weiwei/Desktop/project/ObsAvoidance/install/interface/lib/libinterface__python.so" to ""
-- Installing: /home/weiwei/Desktop/project/ObsAvoidance/install/interface/share/interface/msg/Slam.idl
-- Installing: /home/weiwei/Desktop/project/ObsAvoidance/install/interface/share/interface/srv/MapPoint.idl
-- Installing: /home/weiwei/Desktop/project/ObsAvoidance/install/interface/share/interface/srv/CamPose.idl
-- Installing: /home/weiwei/Desktop/project/ObsAvoidance/install/interface/share/interface/msg/Slam.msg
-- Installing: /home/weiwei/Desktop/project/ObsAvoidance/install/interface/share/interface/srv/MapPoint.srv
-- Installing: /home/weiwei/Desktop/project/ObsAvoidance/install/interface/share/interface/srv/MapPoint_Request.msg
-- Installing: /home/weiwei/Desktop/project/ObsAvoidance/install/interface/share/interface/srv/MapPoint_Response.msg
-- Installing: /home/weiwei/Desktop/project/ObsAvoidance/install/interface/share/interface/srv/CamPose.srv
-- Installing: /home/weiwei/Desktop/project/ObsAvoidance/install/interface/share/interface/srv/CamPose_Request.msg
-- Installing: /home/weiwei/Desktop/project/ObsAvoidance/install/interface/share/interface/srv/CamPose_Response.msg
-- Installing: /home/weiwei/Desktop/project/ObsAvoidance/install/interface/share/ament_index/resource_index/package_run_dependencies/interface
-- Installing: /home/weiwei/Desktop/project/ObsAvoidance/install/interface/share/ament_index/resource_index/parent_prefix_path/interface
-- Installing: /home/weiwei/Desktop/project/ObsAvoidance/install/interface/share/interface/environment/ament_prefix_path.sh
-- Installing: /home/weiwei/Desktop/project/ObsAvoidance/install/interface/share/interface/environment/ament_prefix_path.dsv
-- Installing: /home/weiwei/Desktop/project/ObsAvoidance/install/interface/share/interface/environment/path.sh
-- Installing: /home/weiwei/Desktop/project/ObsAvoidance/install/interface/share/interface/environment/path.dsv
-- Installing: /home/weiwei/Desktop/project/ObsAvoidance/install/interface/share/interface/local_setup.bash
-- Installing: /home/weiwei/Desktop/project/ObsAvoidance/install/interface/share/interface/local_setup.sh
-- Installing: /home/weiwei/Desktop/project/ObsAvoidance/install/interface/share/interface/local_setup.zsh
-- Installing: /home/weiwei/Desktop/project/ObsAvoidance/install/interface/share/interface/local_setup.dsv
-- Installing: /home/weiwei/Desktop/project/ObsAvoidance/install/interface/share/interface/package.dsv
-- Installing: /home/weiwei/Desktop/project/ObsAvoidance/install/interface/share/ament_index/resource_index/packages/interface
-- Installing: /home/weiwei/Desktop/project/ObsAvoidance/install/interface/share/interface/cmake/interface__rosidl_generator_cExport.cmake
-- Installing: /home/weiwei/Desktop/project/ObsAvoidance/install/interface/share/interface/cmake/interface__rosidl_generator_cExport-noconfig.cmake
-- Installing: /home/weiwei/Desktop/project/ObsAvoidance/install/interface/share/interface/cmake/interface__rosidl_typesupport_introspection_cExport.cmake
-- Installing: /home/weiwei/Desktop/project/ObsAvoidance/install/interface/share/interface/cmake/interface__rosidl_typesupport_introspection_cExport-noconfig.cmake
-- Installing: /home/weiwei/Desktop/project/ObsAvoidance/install/interface/share/interface/cmake/interface__rosidl_typesupport_cExport.cmake
-- Installing: /home/weiwei/Desktop/project/ObsAvoidance/install/interface/share/interface/cmake/interface__rosidl_typesupport_cExport-noconfig.cmake
-- Installing: /home/weiwei/Desktop/project/ObsAvoidance/install/interface/share/interface/cmake/interface__rosidl_generator_cppExport.cmake
-- Installing: /home/weiwei/Desktop/project/ObsAvoidance/install/interface/share/interface/cmake/interface__rosidl_typesupport_introspection_cppExport.cmake
-- Installing: /home/weiwei/Desktop/project/ObsAvoidance/install/interface/share/interface/cmake/interface__rosidl_typesupport_introspection_cppExport-noconfig.cmake
-- Installing: /home/weiwei/Desktop/project/ObsAvoidance/install/interface/share/interface/cmake/interface__rosidl_typesupport_cppExport.cmake
-- Installing: /home/weiwei/Desktop/project/ObsAvoidance/install/interface/share/interface/cmake/interface__rosidl_typesupport_cppExport-noconfig.cmake
-- Installing: /home/weiwei/Desktop/project/ObsAvoidance/install/interface/share/interface/cmake/rosidl_cmake-extras.cmake
-- Installing: /home/weiwei/Desktop/project/ObsAvoidance/install/interface/share/interface/cmake/ament_cmake_export_dependencies-extras.cmake
-- Installing: /home/weiwei/Desktop/project/ObsAvoidance/install/interface/share/interface/cmake/ament_cmake_export_libraries-extras.cmake
-- Installing: /home/weiwei/Desktop/project/ObsAvoidance/install/interface/share/interface/cmake/ament_cmake_export_targets-extras.cmake
-- Installing: /home/weiwei/Desktop/project/ObsAvoidance/install/interface/share/interface/cmake/ament_cmake_export_include_directories-extras.cmake
-- Installing: /home/weiwei/Desktop/project/ObsAvoidance/install/interface/share/interface/cmake/rosidl_cmake_export_typesupport_libraries-extras.cmake
-- Installing: /home/weiwei/Desktop/project/ObsAvoidance/install/interface/share/interface/cmake/rosidl_cmake_export_typesupport_targets-extras.cmake
-- Installing: /home/weiwei/Desktop/project/ObsAvoidance/install/interface/share/interface/cmake/interfaceConfig.cmake
-- Installing: /home/weiwei/Desktop/project/ObsAvoidance/install/interface/share/interface/cmake/interfaceConfig-version.cmake
-- Installing: /home/weiwei/Desktop/project/ObsAvoidance/install/interface/share/interface/package.xml
