[0.102s] Invoking command in '/home/weiwei/Desktop/project/ObsAvoidance/build/model': CMAKE_PREFIX_PATH=/home/weiwei/Desktop/project/ObsAvoidance/install/interface:/home/weiwei/Desktop/project/ObsAvoidance/install/orbslam:/home/weiwei/Desktop/project/ObsAvoidance/install/model:/home/weiwei/Desktop/project/ObsAvoidance/install/media:/opt/ros/foxy /usr/bin/cmake --build /home/weiwei/Desktop/project/ObsAvoidance/build/model -- -j16 -l16
[0.122s] -- Found ament_cmake: 0.9.12 (/opt/ros/foxy/share/ament_cmake/cmake)
[0.136s] -- Using PYTHON_EXECUTABLE: /usr/bin/python3
[0.254s] -- Found rclcpp: 2.4.3 (/opt/ros/foxy/share/rclcpp/cmake)
[0.277s] -- Using all available rosidl_typesupport_c: rosidl_typesupport_fastrtps_c;rosidl_typesupport_introspection_c
[0.279s] -- Found rosidl_adapter: 1.3.1 (/opt/ros/foxy/share/rosidl_adapter/cmake)
[0.366s] -- Using all available rosidl_typesupport_cpp: rosidl_typesupport_fastrtps_cpp;rosidl_typesupport_introspection_cpp
[0.397s] -- Found rmw_implementation_cmake: 1.0.4 (/opt/ros/foxy/share/rmw_implementation_cmake/cmake)
[0.398s] -- Using RMW implementation 'rmw_fastrtps_cpp' as default
[0.491s] -- Found interface: 0.0.0 (/home/weiwei/Desktop/project/ObsAvoidance/install/interface/share/interface/cmake)
[0.658s] -- Found cv_bridge: 3.0.7 (/opt/ros/foxy/share/cv_bridge/cmake)
[0.675s] -- Found pcl_conversions: 2.2.1 (/opt/ros/foxy/share/pcl_conversions/cmake)
[0.796s] -- Found octomap_msgs: 2.0.0 (/opt/ros/foxy/share/octomap_msgs/cmake)
[0.849s] -- Eigen found (include: /usr/include/eigen3, version: 3.3.7)
[0.908s] -- The imported target "vtkParseOGLExt" references the file
[0.909s]    "/usr/bin/vtkParseOGLExt-7.1"
[0.909s] but this file does not exist.  Possible reasons include:
[0.909s] * The file was deleted, renamed, or moved to another location.
[0.909s] * An install or uninstall procedure did not complete successfully.
[0.909s] * The installation package was faulty and contained
[0.909s]    "/usr/lib/cmake/vtk-7.1/VTKTargets.cmake"
[0.909s] but not all the files it references.
[0.909s] 
[0.909s] -- The imported target "vtkRenderingPythonTkWidgets" references the file
[0.909s]    "/usr/lib/x86_64-linux-gnu/libvtkRenderingPythonTkWidgets.so"
[0.909s] but this file does not exist.  Possible reasons include:
[0.909s] * The file was deleted, renamed, or moved to another location.
[0.909s] * An install or uninstall procedure did not complete successfully.
[0.910s] * The installation package was faulty and contained
[0.910s]    "/usr/lib/cmake/vtk-7.1/VTKTargets.cmake"
[0.910s] but not all the files it references.
[0.910s] 
[0.910s] -- The imported target "vtk" references the file
[0.910s]    "/usr/bin/vtk"
[0.910s] but this file does not exist.  Possible reasons include:
[0.910s] * The file was deleted, renamed, or moved to another location.
[0.910s] * An install or uninstall procedure did not complete successfully.
[0.910s] * The installation package was faulty and contained
[0.910s]    "/usr/lib/cmake/vtk-7.1/VTKTargets.cmake"
[0.910s] but not all the files it references.
[0.911s] 
[0.911s] -- The imported target "pvtk" references the file
[0.911s]    "/usr/bin/pvtk"
[0.911s] but this file does not exist.  Possible reasons include:
[0.911s] * The file was deleted, renamed, or moved to another location.
[0.911s] * An install or uninstall procedure did not complete successfully.
[0.911s] * The installation package was faulty and contained
[0.911s]    "/usr/lib/cmake/vtk-7.1/VTKTargets.cmake"
[0.911s] but not all the files it references.
[0.911s] 
[0.927s] -- OpenNI found (include: /usr/include/ni, lib: /usr/lib/libOpenNI.so)
[0.931s] -- OpenNI2 found (include: /usr/include/openni2, lib: /usr/lib/libOpenNI2.so)
[0.932s] ** WARNING ** io features related to pcap will be disabled
[0.932s] ** WARNING ** io features related to png will be disabled
[0.940s] ** WARNING ** io features related to libusb-1.0 will be disabled
[0.944s] -- OpenNI found (include: /usr/include/ni, lib: /usr/lib/libOpenNI.so)
[0.949s] -- OpenNI2 found (include: /usr/include/openni2, lib: /usr/lib/libOpenNI2.so)
[0.958s] -- QHULL found (include: /usr/include, lib: optimized;/usr/lib/x86_64-linux-gnu/libqhull.so;debug;/usr/lib/x86_64-linux-gnu/libqhull.so)
[0.963s] -- OpenNI found (include: /usr/include/ni, lib: /usr/lib/libOpenNI.so)
[0.971s] -- looking for PCL_COMMON
[0.972s] -- looking for PCL_KDTREE
[0.972s] -- looking for PCL_OCTREE
[0.972s] -- looking for PCL_SEARCH
[0.973s] -- looking for PCL_SAMPLE_CONSENSUS
[0.973s] -- looking for PCL_FILTERS
[0.973s] -- looking for PCL_2D
[0.974s] -- looking for PCL_GEOMETRY
[0.974s] -- looking for PCL_IO
[0.974s] -- looking for PCL_FEATURES
[0.975s] -- looking for PCL_ML
[0.975s] -- looking for PCL_SEGMENTATION
[0.975s] -- looking for PCL_VISUALIZATION
[0.976s] -- looking for PCL_SURFACE
[0.976s] -- looking for PCL_REGISTRATION
[0.977s] -- looking for PCL_KEYPOINTS
[0.977s] -- looking for PCL_TRACKING
[0.977s] -- looking for PCL_RECOGNITION
[0.978s] -- looking for PCL_STEREO
[0.978s] -- looking for PCL_APPS
[0.979s] -- looking for PCL_IN_HAND_SCANNER
[0.979s] -- looking for PCL_POINT_CLOUD_EDITOR
[0.980s] -- looking for PCL_OUTOFCORE
[0.980s] -- looking for PCL_PEOPLE
[1.057s] -- Found AMD headers in: /usr/include/suitesparse
[1.057s] -- Found AMD library: /usr/lib/x86_64-linux-gnu/libamd.so
[1.057s] -- Found CAMD headers in: /usr/include/suitesparse
[1.057s] -- Found CAMD library: /usr/lib/x86_64-linux-gnu/libcamd.so
[1.057s] -- Found CCOLAMD headers in: /usr/include/suitesparse
[1.057s] -- Found CCOLAMD library: /usr/lib/x86_64-linux-gnu/libccolamd.so
[1.057s] -- Found CHOLMOD headers in: /usr/include/suitesparse
[1.057s] -- Found CHOLMOD library: /usr/lib/x86_64-linux-gnu/libcholmod.so
[1.057s] -- Found COLAMD headers in: /usr/include/suitesparse
[1.057s] -- Found COLAMD library: /usr/lib/x86_64-linux-gnu/libcolamd.so
[1.057s] -- Found SPQR headers in: /usr/include/suitesparse
[1.057s] -- Found SPQR library: /usr/lib/x86_64-linux-gnu/libspqr.so
[1.057s] -- Found Config headers in: /usr/include/suitesparse
[1.057s] -- Found Config library: /usr/lib/x86_64-linux-gnu/libsuitesparseconfig.so
[1.058s] -- Found Intel Thread Building Blocks (TBB) library (2020.1 / 11101) include location: . Assuming SuiteSparseQR was compiled with TBB.
[1.058s] -- Adding librt to SuiteSparse_config libraries (required on Linux & Unix [not OSX] if SuiteSparse is compiled with timing).
[1.061s] -- Could NOT find METIS (missing: METIS_INCLUDE_DIR METIS_LIBRARY) 
[1.064s] -- Found required Ceres dependency: Eigen version 3.3.9 in /usr/local/share/eigen3/cmake
[1.065s] -- Found required Ceres dependency: glog
[1.066s] -- Found required Ceres dependency: gflags
[1.066s] -- Found Ceres version: 2.2.0 installed in: /usr/local with components: [EigenSparse, SparseLinearAlgebraLibrary, LAPACK, SuiteSparse, SchurSpecializations]
[1.066s] -- Found ament_lint_auto: 0.9.8 (/opt/ros/foxy/share/ament_lint_auto/cmake)
[1.148s] -- Added test 'copyright' to check source files copyright and LICENSE
[1.149s] -- Added test 'cppcheck' to perform static code analysis on C / C++ code
[1.149s] -- Configured cppcheck include dirs: 
[1.149s] -- Configured cppcheck exclude dirs and/or files: 
[1.149s] -- Added test 'cpplint' to check C / C++ code against the Google style
[1.150s] -- Configured cpplint exclude dirs and/or files: 
[1.150s] -- Added test 'lint_cmake' to check CMake code style
[1.150s] -- Added test 'uncrustify' to check C / C++ code style
[1.150s] -- Configured uncrustify additional arguments: 
[1.150s] -- Added test 'xmllint' to check XML markup files
[1.152s] -- Configuring done
[1.197s] -- Generating done
[1.198s] -- Build files have been written to: /home/weiwei/Desktop/project/ObsAvoidance/build/model
[1.227s] [35m[1mScanning dependencies of target model[0m
[1.273s] [ 50%] [32mBuilding CXX object CMakeFiles/model.dir/src/main.cpp.o[0m
[6.628s] [01m[K/home/weiwei/Desktop/project/ObsAvoidance/src/model/src/main.cpp:[m[K In member function ‘[01m[Kvoid ModelNode::getBlueContour()[m[K’:
[6.628s] [01m[K/home/weiwei/Desktop/project/ObsAvoidance/src/model/src/main.cpp:364:75:[m[K [01;35m[Kwarning: [m[Kthe address of ‘[01m[Kint close(int)[m[K’ will never be NULL [[01;35m[K-Waddress[m[K]
[6.628s]   364 | le length = cv::arcLength(temp_contours_blue[i], close[01;35m[K)[m[K;
[6.628s]       |                                                       [01;35m[K^[m[K
[6.628s] 
[6.639s] [01m[K/home/weiwei/Desktop/project/ObsAvoidance/src/model/src/main.cpp:[m[K In member function ‘[01m[Kvoid ModelNode::invProjAndSel()[m[K’:
[6.639s] [01m[K/home/weiwei/Desktop/project/ObsAvoidance/src/model/src/main.cpp:513:23:[m[K [01;35m[Kwarning: [m[Kcomparison of integer expressions of different signedness: ‘[01m[Kint[m[K’ and ‘[01m[Kstd::vector<int>::size_type[m[K’ {aka ‘[01m[Klong unsigned int[m[K’} [[01;35m[K-Wsign-compare[m[K]
[6.639s]   513 |         for(int i=0; [01;35m[Ki<indexPointCloudBlue.size()[m[K;i++)
[6.639s]       |                      [01;35m[K~^~~~~~~~~~~~~~~~~~~~~~~~~~~[m[K
[6.639s] [01m[K/home/weiwei/Desktop/project/ObsAvoidance/src/model/src/main.cpp:517:23:[m[K [01;35m[Kwarning: [m[Kcomparison of integer expressions of different signedness: ‘[01m[Kint[m[K’ and ‘[01m[Kstd::vector<int>::size_type[m[K’ {aka ‘[01m[Klong unsigned int[m[K’} [[01;35m[K-Wsign-compare[m[K]
[6.639s]   517 |         for(int i=0; [01;35m[Ki<indexPointCloudGreen.size()[m[K;i++)
[6.639s]       |                      [01;35m[K~^~~~~~~~~~~~~~~~~~~~~~~~~~~~[m[K
[6.639s] [01m[K/home/weiwei/Desktop/project/ObsAvoidance/src/model/src/main.cpp:521:23:[m[K [01;35m[Kwarning: [m[Kcomparison of integer expressions of different signedness: ‘[01m[Kint[m[K’ and ‘[01m[Kstd::vector<int>::size_type[m[K’ {aka ‘[01m[Klong unsigned int[m[K’} [[01;35m[K-Wsign-compare[m[K]
[6.639s]   521 |         for(int i=0; [01;35m[Ki<indexPointCloudRed.size()[m[K;i++)
[6.639s]       |                      [01;35m[K~^~~~~~~~~~~~~~~~~~~~~~~~~~[m[K
[6.667s] [01m[K/home/weiwei/Desktop/project/ObsAvoidance/src/model/src/main.cpp:[m[K In member function ‘[01m[Kvoid ModelNode::updateObstacle(std::vector<pcl::PointCloud<pcl::PointXYZ> >&, pcl::PointCloud<pcl::PointXYZ>&)[m[K’:
[6.667s] [01m[K/home/weiwei/Desktop/project/ObsAvoidance/src/model/src/main.cpp:643:33:[m[K [01;35m[Kwarning: [m[Kcomparison of integer expressions of different signedness: ‘[01m[Kstd::vector<pcl::PointCloud<pcl::PointXYZ> >::size_type[m[K’ {aka ‘[01m[Klong unsigned int[m[K’} and ‘[01m[Kint[m[K’ [[01;35m[K-Wsign-compare[m[K]
[6.667s]   643 |         if ([01;35m[KobstacleList.size() > maxLengthPointCloudList[m[K) {
[6.667s]       |             [01;35m[K~~~~~~~~~~~~~~~~~~~~^~~~~~~~~~~~~~~~~~~~~~~~~[m[K
[6.668s] [01m[K/home/weiwei/Desktop/project/ObsAvoidance/src/model/src/main.cpp:[m[K In member function ‘[01m[Kvoid ModelNode::optimizeParam(int, std::vector<Eigen::Matrix<double, 4, 1> >&, Eigen::Vector3d&, bool&, int)[m[K’:
[6.668s] [01m[K/home/weiwei/Desktop/project/ObsAvoidance/src/model/src/main.cpp:672:30:[m[K [01;35m[Kwarning: [m[Kcomparison of integer expressions of different signedness: ‘[01m[Kstd::vector<Eigen::Matrix<double, 4, 1> >::size_type[m[K’ {aka ‘[01m[Klong unsigned int[m[K’} and ‘[01m[Kint[m[K’ [[01;35m[K-Wsign-compare[m[K]
[6.668s]   672 |         if ([01;35m[KparamList.size() == threshToOpt[m[K) {
[6.668s]       |             [01;35m[K~~~~~~~~~~~~~~~~~^~~~~~~~~~~~~~[m[K
[6.676s] [01m[K/home/weiwei/Desktop/project/ObsAvoidance/src/model/src/main.cpp:697:30:[m[K [01;35m[Kwarning: [m[Kcomparison of integer expressions of different signedness: ‘[01m[Kint[m[K’ and ‘[01m[Kstd::vector<Eigen::Matrix<double, 4, 1> >::size_type[m[K’ {aka ‘[01m[Klong unsigned int[m[K’} [[01;35m[K-Wsign-compare[m[K]
[6.676s]   697 |                 for(int n=0;[01;35m[Kn<paramList.size()[m[K;n++) {
[6.676s]       |                             [01;35m[K~^~~~~~~~~~~~~~~~~[m[K
[6.677s] [01m[K/home/weiwei/Desktop/project/ObsAvoidance/src/model/src/main.cpp:[m[K In member function ‘[01m[Kvoid ModelNode::octoTreeCurPub()[m[K’:
[6.677s] [01m[K/home/weiwei/Desktop/project/ObsAvoidance/src/model/src/main.cpp:720:23:[m[K [01;35m[Kwarning: [m[Kcomparison of integer expressions of different signedness: ‘[01m[Kint[m[K’ and ‘[01m[Kstd::vector<pcl::PointCloud<pcl::PointXYZ> >::size_type[m[K’ {aka ‘[01m[Klong unsigned int[m[K’} [[01;35m[K-Wsign-compare[m[K]
[6.677s]   720 |         for (int i=0;[01;35m[Ki<obstacleBlueList.size()[m[K;i++) {
[6.677s]       |                      [01;35m[K~^~~~~~~~~~~~~~~~~~~~~~~~[m[K
[6.677s] [01m[K/home/weiwei/Desktop/project/ObsAvoidance/src/model/src/main.cpp:724:23:[m[K [01;35m[Kwarning: [m[Kcomparison of integer expressions of different signedness: ‘[01m[Kint[m[K’ and ‘[01m[Kstd::vector<pcl::PointCloud<pcl::PointXYZ> >::size_type[m[K’ {aka ‘[01m[Klong unsigned int[m[K’} [[01;35m[K-Wsign-compare[m[K]
[6.678s]   724 |         for (int i=0;[01;35m[Ki<obstacleGreenList.size()[m[K;i++) {
[6.678s]       |                      [01;35m[K~^~~~~~~~~~~~~~~~~~~~~~~~~[m[K
[6.678s] [01m[K/home/weiwei/Desktop/project/ObsAvoidance/src/model/src/main.cpp:728:23:[m[K [01;35m[Kwarning: [m[Kcomparison of integer expressions of different signedness: ‘[01m[Kint[m[K’ and ‘[01m[Kstd::vector<pcl::PointCloud<pcl::PointXYZ> >::size_type[m[K’ {aka ‘[01m[Klong unsigned int[m[K’} [[01;35m[K-Wsign-compare[m[K]
[6.678s]   728 |         for (int i=0;[01;35m[Ki<obstacleRedList.size()[m[K;i++) {
[6.678s]       |                      [01;35m[K~^~~~~~~~~~~~~~~~~~~~~~~[m[K
[6.684s] [01m[K/home/weiwei/Desktop/project/ObsAvoidance/src/model/src/main.cpp:[m[K In member function ‘[01m[Kvoid ModelNode::Model()[m[K’:
[6.684s] [01m[K/home/weiwei/Desktop/project/ObsAvoidance/src/model/src/main.cpp:768:46:[m[K [01;35m[Kwarning: [m[Kcomparison of integer expressions of different signedness: ‘[01m[Kstd::size_t[m[K’ {aka ‘[01m[Klong unsigned int[m[K’} and ‘[01m[Kint[m[K’ [[01;35m[K-Wsign-compare[m[K]
[6.684s]   768 |         if ([01;35m[KpointCloudInCamFrame_blue.size() > minNumBlueKeyPoint[m[K) {
[6.684s]       |             [01;35m[K~~~~~~~~~~~~~~~~~~~~~~~~~~~~~~~~~^~~~~~~~~~~~~~~~~~~~[m[K
[6.684s] [01m[K/home/weiwei/Desktop/project/ObsAvoidance/src/model/src/main.cpp:775:46:[m[K [01;35m[Kwarning: [m[Kcomparison of integer expressions of different signedness: ‘[01m[Kstd::size_t[m[K’ {aka ‘[01m[Klong unsigned int[m[K’} and ‘[01m[Kint[m[K’ [[01;35m[K-Wsign-compare[m[K]
[6.684s]   775 |         if([01;35m[KpointCloudInCamFrame_green.size() > minNumGreenKeyPoint[m[K){
[6.684s]       |            [01;35m[K~~~~~~~~~~~~~~~~~~~~~~~~~~~~~~~~~~^~~~~~~~~~~~~~~~~~~~~[m[K
[6.684s] [01m[K/home/weiwei/Desktop/project/ObsAvoidance/src/model/src/main.cpp:781:45:[m[K [01;35m[Kwarning: [m[Kcomparison of integer expressions of different signedness: ‘[01m[Kstd::size_t[m[K’ {aka ‘[01m[Klong unsigned int[m[K’} and ‘[01m[Kint[m[K’ [[01;35m[K-Wsign-compare[m[K]
[6.684s]   781 |         if ([01;35m[KpointCloudInCamFrame_red.size() > minNumRedKeyPoint[m[K){
[6.684s]       |             [01;35m[K~~~~~~~~~~~~~~~~~~~~~~~~~~~~~~~~^~~~~~~~~~~~~~~~~~~[m[K
[16.382s] [100%] [32m[1mLinking CXX executable model[0m
[18.087s] [100%] Built target model
[18.097s] Invoked command in '/home/weiwei/Desktop/project/ObsAvoidance/build/model' returned '0': CMAKE_PREFIX_PATH=/home/weiwei/Desktop/project/ObsAvoidance/install/interface:/home/weiwei/Desktop/project/ObsAvoidance/install/orbslam:/home/weiwei/Desktop/project/ObsAvoidance/install/model:/home/weiwei/Desktop/project/ObsAvoidance/install/media:/opt/ros/foxy /usr/bin/cmake --build /home/weiwei/Desktop/project/ObsAvoidance/build/model -- -j16 -l16
[18.121s] Invoking command in '/home/weiwei/Desktop/project/ObsAvoidance/build/model': CMAKE_PREFIX_PATH=/home/weiwei/Desktop/project/ObsAvoidance/install/interface:/home/weiwei/Desktop/project/ObsAvoidance/install/orbslam:/home/weiwei/Desktop/project/ObsAvoidance/install/model:/home/weiwei/Desktop/project/ObsAvoidance/install/media:/opt/ros/foxy /usr/bin/cmake --install /home/weiwei/Desktop/project/ObsAvoidance/build/model
[18.126s] -- Install configuration: ""
[18.126s] -- Installing: /home/weiwei/Desktop/project/ObsAvoidance/install/model/lib/model/model
[18.133s] -- Set runtime path of "/home/weiwei/Desktop/project/ObsAvoidance/install/model/lib/model/model" to ""
[18.134s] -- Installing: /home/weiwei/Desktop/project/ObsAvoidance/install/model/share/ament_index/resource_index/package_run_dependencies/model
[18.134s] -- Installing: /home/weiwei/Desktop/project/ObsAvoidance/install/model/share/ament_index/resource_index/parent_prefix_path/model
[18.134s] -- Installing: /home/weiwei/Desktop/project/ObsAvoidance/install/model/share/model/environment/ament_prefix_path.sh
[18.134s] -- Installing: /home/weiwei/Desktop/project/ObsAvoidance/install/model/share/model/environment/ament_prefix_path.dsv
[18.134s] -- Installing: /home/weiwei/Desktop/project/ObsAvoidance/install/model/share/model/environment/path.sh
[18.134s] -- Installing: /home/weiwei/Desktop/project/ObsAvoidance/install/model/share/model/environment/path.dsv
[18.134s] -- Up-to-date: /home/weiwei/Desktop/project/ObsAvoidance/install/model/share/model/local_setup.bash
[18.134s] -- Up-to-date: /home/weiwei/Desktop/project/ObsAvoidance/install/model/share/model/local_setup.sh
[18.134s] -- Up-to-date: /home/weiwei/Desktop/project/ObsAvoidance/install/model/share/model/local_setup.zsh
[18.134s] -- Installing: /home/weiwei/Desktop/project/ObsAvoidance/install/model/share/model/local_setup.dsv
[18.134s] -- Installing: /home/weiwei/Desktop/project/ObsAvoidance/install/model/share/model/package.dsv
[18.134s] -- Installing: /home/weiwei/Desktop/project/ObsAvoidance/install/model/share/ament_index/resource_index/packages/model
[18.134s] -- Up-to-date: /home/weiwei/Desktop/project/ObsAvoidance/install/model/share/model/cmake/modelConfig.cmake
[18.135s] -- Up-to-date: /home/weiwei/Desktop/project/ObsAvoidance/install/model/share/model/cmake/modelConfig-version.cmake
[18.135s] -- Installing: /home/weiwei/Desktop/project/ObsAvoidance/install/model/share/model/package.xml
[18.136s] Invoked command in '/home/weiwei/Desktop/project/ObsAvoidance/build/model' returned '0': CMAKE_PREFIX_PATH=/home/weiwei/Desktop/project/ObsAvoidance/install/interface:/home/weiwei/Desktop/project/ObsAvoidance/install/orbslam:/home/weiwei/Desktop/project/ObsAvoidance/install/model:/home/weiwei/Desktop/project/ObsAvoidance/install/media:/opt/ros/foxy /usr/bin/cmake --install /home/weiwei/Desktop/project/ObsAvoidance/build/model
