[0.112s] Invoking command in '/home/weiwei/Desktop/project/ObsAvoidance/build/model': CMAKE_PREFIX_PATH=/home/weiwei/Desktop/project/ObsAvoidance/install/interface:/home/weiwei/Desktop/project/ObsAvoidance/install/orbslam:/home/weiwei/Desktop/project/ObsAvoidance/install/model:/home/weiwei/Desktop/project/ObsAvoidance/install/media:/opt/ros/foxy /usr/bin/cmake --build /home/weiwei/Desktop/project/ObsAvoidance/build/model -- -j16 -l16
[0.153s] [35m[1mScanning dependencies of target model[0m
[0.209s] [ 33%] [32mBuilding CXX object CMakeFiles/model.dir/src/model.cpp.o[0m
[5.494s] [01m[K/home/weiwei/Desktop/project/ObsAvoidance/src/model/src/model.cpp:[m[K In constructor ‘[01m[KModelNode::ModelNode()[m[K’:
[5.494s] [01m[K/home/weiwei/Desktop/project/ObsAvoidance/src/model/src/model.cpp:92:9:[m[K [01;35m[Kwarning: [m[Kunused variable ‘[01m[Kopen_blue_kernel_size[m[K’ [[01;35m[K-Wunused-variable[m[K]
[5.495s]    92 |     int [01;35m[Kopen_blue_kernel_size[m[K = fileRead["open_blue_kernel_size"];
[5.495s]       |         [01;35m[K^~~~~~~~~~~~~~~~~~~~~[m[K
[5.495s] [01m[K/home/weiwei/Desktop/project/ObsAvoidance/src/model/src/model.cpp:93:9:[m[K [01;35m[Kwarning: [m[Kunused variable ‘[01m[Kclose_blue_kernel_size[m[K’ [[01;35m[K-Wunused-variable[m[K]
[5.495s]    93 |     int [01;35m[Kclose_blue_kernel_size[m[K = fileRead["close_blue_kernel_size"];
[5.495s]       |         [01;35m[K^~~~~~~~~~~~~~~~~~~~~~[m[K
[5.495s] [01m[K/home/weiwei/Desktop/project/ObsAvoidance/src/model/src/model.cpp:94:9:[m[K [01;35m[Kwarning: [m[Kunused variable ‘[01m[Kopen_green_kernel_size[m[K’ [[01;35m[K-Wunused-variable[m[K]
[5.495s]    94 |     int [01;35m[Kopen_green_kernel_size[m[K = fileRead["open_green_kernel_size"];
[5.495s]       |         [01;35m[K^~~~~~~~~~~~~~~~~~~~~~[m[K
[5.495s] [01m[K/home/weiwei/Desktop/project/ObsAvoidance/src/model/src/model.cpp:95:9:[m[K [01;35m[Kwarning: [m[Kunused variable ‘[01m[Kclose_green_kernel_size[m[K’ [[01;35m[K-Wunused-variable[m[K]
[5.495s]    95 |     int [01;35m[Kclose_green_kernel_size[m[K = fileRead["close_green_kernel_size"];
[5.495s]       |         [01;35m[K^~~~~~~~~~~~~~~~~~~~~~~[m[K
[5.495s] [01m[K/home/weiwei/Desktop/project/ObsAvoidance/src/model/src/model.cpp:96:9:[m[K [01;35m[Kwarning: [m[Kunused variable ‘[01m[Kopen_red_kernel_size[m[K’ [[01;35m[K-Wunused-variable[m[K]
[5.495s]    96 |     int [01;35m[Kopen_red_kernel_size[m[K = fileRead["open_red_kernel_size"];
[5.495s]       |         [01;35m[K^~~~~~~~~~~~~~~~~~~~[m[K
[5.495s] [01m[K/home/weiwei/Desktop/project/ObsAvoidance/src/model/src/model.cpp:97:9:[m[K [01;35m[Kwarning: [m[Kunused variable ‘[01m[Kclose_red_kernel_size[m[K’ [[01;35m[K-Wunused-variable[m[K]
[5.495s]    97 |     int [01;35m[Kclose_red_kernel_size[m[K = fileRead["close_red_kernel_size"];
[5.495s]       |         [01;35m[K^~~~~~~~~~~~~~~~~~~~~[m[K
[5.507s] [01m[K/home/weiwei/Desktop/project/ObsAvoidance/src/model/src/model.cpp:[m[K In member function ‘[01m[Kbool ModelNode::Model()[m[K’:
[5.507s] [01m[K/home/weiwei/Desktop/project/ObsAvoidance/src/model/src/model.cpp:232:19:[m[K [01;35m[Kwarning: [m[Kcomparison of integer expressions of different signedness: ‘[01m[Kint[m[K’ and ‘[01m[Kstd::vector<cv::Vec<int, 4> >::size_type[m[K’ {aka ‘[01m[Klong unsigned int[m[K’} [[01;35m[K-Wsign-compare[m[K]
[5.507s]   232 |     for (int i=0;[01;35m[Ki<tempLines.size()[m[K;i++)
[5.507s]       |                  [01;35m[K~^~~~~~~~~~~~~~~~~[m[K
[5.507s] [01m[K/home/weiwei/Desktop/project/ObsAvoidance/src/model/src/model.cpp:236:45:[m[K [01;35m[Kwarning: [m[Kcomparison of constant ‘[01m[K255[m[K’ with boolean expression is always true [[01;35m[K-Wbool-compare[m[K]
[5.507s]   236 |         if ([01;35m[Kmask_dilate.at<bool>(x1_i, y1_i)!=255[m[K || mask_dilate.at<bool>(x2_i, y2_i)!=255)
[5.507s]       |             [01;35m[K~~~~~~~~~~~~~~~~~~~~~~~~~~~~~~~~^~~~~[m[K
[5.507s] [01m[K/home/weiwei/Desktop/project/ObsAvoidance/src/model/src/model.cpp:236:86:[m[K [01;35m[Kwarning: [m[Kcomparison of constant ‘[01m[K255[m[K’ with boolean expression is always true [[01;35m[K-Wbool-compare[m[K]
[5.507s]   236 |         if (mask_dilate.at<bool>(x1_i, y1_i)!=255 || [01;35m[Kmask_dilate.at<bool>(x2_i, y2_i)!=255[m[K)
[5.507s]       |                                                      [01;35m[K~~~~~~~~~~~~~~~~~~~~~~~~~~~~~~~~^~~~~[m[K
[5.514s] [01m[K/home/weiwei/Desktop/project/ObsAvoidance/src/model/src/model.cpp:252:69:[m[K [01;35m[Kwarning: [m[Kcomparison of constant ‘[01m[K255[m[K’ with boolean expression is always false [[01;35m[K-Wbool-compare[m[K]
[5.514s]   252 |         if ([01;35m[Kmask.at<bool>((int)flag_point.x(), (int)flag_point.y()) == 255[m[K)
[5.514s]       |             [01;35m[K~~~~~~~~~~~~~~~~~~~~~~~~~~~~~~~~~~~~~~~~~~~~~~~~~~~~~~~~^~~~~~[m[K
[5.520s] [01m[K/home/weiwei/Desktop/project/ObsAvoidance/src/model/src/model.cpp:308:20:[m[K [01;35m[Kwarning: [m[Kcomparison of integer expressions of different signedness: ‘[01m[Kint[m[K’ and ‘[01m[Kstd::vector<cv::Vec<float, 3> >::size_type[m[K’ {aka ‘[01m[Klong unsigned int[m[K’} [[01;35m[K-Wsign-compare[m[K]
[5.520s]   308 |     if ([01;35m[KtempSizeSum!=circles_.size()*4[m[K||tempSizeSum!=vecs_norm.size()*4||tempSizeSum!=vecs_direction.size()*4||tempSizeSum!=transforms_curToInit.size()*4)
[5.520s]       |         [01;35m[K~~~~~~~~~~~^~~~~~~~~~~~~~~~~~~[m[K
[5.521s] [01m[K/home/weiwei/Desktop/project/ObsAvoidance/src/model/src/model.cpp:308:52:[m[K [01;35m[Kwarning: [m[Kcomparison of integer expressions of different signedness: ‘[01m[Kint[m[K’ and ‘[01m[Kstd::vector<Eigen::Matrix<double, 3, 1> >::size_type[m[K’ {aka ‘[01m[Klong unsigned int[m[K’} [[01;35m[K-Wsign-compare[m[K]
[5.521s]   308 |     if (tempSizeSum!=circles_.size()*4||[01;35m[KtempSizeSum!=vecs_norm.size()*4[m[K||tempSizeSum!=vecs_direction.size()*4||tempSizeSum!=transforms_curToInit.size()*4)
[5.521s]       |                                         [01;35m[K~~~~~~~~~~~^~~~~~~~~~~~~~~~~~~~[m[K
[5.521s] [01m[K/home/weiwei/Desktop/project/ObsAvoidance/src/model/src/model.cpp:308:85:[m[K [01;35m[Kwarning: [m[Kcomparison of integer expressions of different signedness: ‘[01m[Kint[m[K’ and ‘[01m[Kstd::vector<Eigen::Matrix<double, 3, 1> >::size_type[m[K’ {aka ‘[01m[Klong unsigned int[m[K’} [[01;35m[K-Wsign-compare[m[K]
[5.521s]   308 |     if (tempSizeSum!=circles_.size()*4||tempSizeSum!=vecs_norm.size()*4||[01;35m[KtempSizeSum!=vecs_direction.size()*4[m[K||tempSizeSum!=transforms_curToInit.size()*4)
[5.521s]       |                                                                          [01;35m[K~~~~~~~~~~~^~~~~~~~~~~~~~~~~~~~~~~~~[m[K
[5.521s] [01m[K/home/weiwei/Desktop/project/ObsAvoidance/src/model/src/model.cpp:308:123:[m[K [01;35m[Kwarning: [m[Kcomparison of integer expressions of different signedness: ‘[01m[Kint[m[K’ and ‘[01m[Kstd::vector<Eigen::Matrix<double, 4, 4> >::size_type[m[K’ {aka ‘[01m[Klong unsigned int[m[K’} [[01;35m[K-Wsign-compare[m[K]
[5.521s]   308 |     if (tempSizeSum!=circles_.size()*4||tempSizeSum!=vecs_norm.size()*4||tempSizeSum!=vecs_direction.size()*4||[01;35m[KtempSizeSum!=transforms_curToInit.size()*4[m[K)
[5.521s]       |                                                                                                                [01;35m[K~~~~~~~~~~~^~~~~~~~~~~~~~~~~~~~~~~~~~~~~~~[m[K
[5.521s] [01m[K/home/weiwei/Desktop/project/ObsAvoidance/src/model/src/model.cpp:313:25:[m[K [01;35m[Kwarning: [m[Kcomparison of integer expressions of different signedness: ‘[01m[Kstd::vector<cv::Vec<float, 3> >::size_type[m[K’ {aka ‘[01m[Klong unsigned int[m[K’} and ‘[01m[Kint[m[K’ [[01;35m[K-Wsign-compare[m[K]
[5.521s]   313 |     if ([01;35m[Kcircles_.size() < circle_size_thresh[m[K)
[5.521s]       |         [01;35m[K~~~~~~~~~~~~~~~~^~~~~~~~~~~~~~~~~~~~[m[K
[5.521s] [01m[K/home/weiwei/Desktop/project/ObsAvoidance/src/model/src/model.cpp:318:19:[m[K [01;35m[Kwarning: [m[Kcomparison of integer expressions of different signedness: ‘[01m[Kint[m[K’ and ‘[01m[Kstd::vector<cv::Vec<float, 3> >::size_type[m[K’ {aka ‘[01m[Klong unsigned int[m[K’} [[01;35m[K-Wsign-compare[m[K]
[5.521s]   318 |     for (int i=0;[01;35m[Ki<circles_.size()[m[K;i++)
[5.521s]       |                  [01;35m[K~^~~~~~~~~~~~~~~~[m[K
[5.540s] [01m[K/home/weiwei/Desktop/project/ObsAvoidance/src/model/src/model.cpp:332:37:[m[K [01;35m[Kwarning: [m[Kcomparison of integer expressions of different signedness: ‘[01m[Kstd::vector<Eigen::Matrix<double, 3, 1> >::size_type[m[K’ {aka ‘[01m[Klong unsigned int[m[K’} and ‘[01m[Kint[m[K’ [[01;35m[K-Wsign-compare[m[K]
[5.540s]   332 |     if ([01;35m[Kglobal_centrePostions.size()<modelThresh[m[K)
[5.540s]       |         [01;35m[K~~~~~~~~~~~~~~~~~~~~~~~~~~~~^~~~~~~~~~~~[m[K
[5.549s] [01m[K/home/weiwei/Desktop/project/ObsAvoidance/src/model/src/model.cpp:[m[K In member function ‘[01m[Kvoid ModelNode::ransacModelParam()[m[K’:
[5.549s] [01m[K/home/weiwei/Desktop/project/ObsAvoidance/src/model/src/model.cpp:411:18:[m[K [01;35m[Kwarning: [m[Kcomparison of integer expressions of different signedness: ‘[01m[Kint[m[K’ and ‘[01m[Kstd::vector<Eigen::Matrix<double, 3, 1> >::size_type[m[K’ {aka ‘[01m[Klong unsigned int[m[K’} [[01;35m[K-Wsign-compare[m[K]
[5.549s]   411 |     for(int n=0;[01;35m[Kn<global_vecs_direction.size()[m[K;n++) {
[5.549s]       |                 [01;35m[K~^~~~~~~~~~~~~~~~~~~~~~~~~~~~~[m[K
[5.587s] [01m[K/home/weiwei/Desktop/project/ObsAvoidance/src/model/src/model.cpp:[m[K In member function ‘[01m[Kbool ModelNode::detectPoseCorrect(Eigen::Vector4d&, cv::Vec3f, cv::Mat&)[m[K’:
[5.587s] [01m[K/home/weiwei/Desktop/project/ObsAvoidance/src/model/src/model.cpp:531:67:[m[K [01;35m[Kwarning: [m[Kcomparison of constant ‘[01m[K255[m[K’ with boolean expression is always true [[01;35m[K-Wbool-compare[m[K]
[5.587s]   531 |     if ([01;35m[Kimg_dilate.at<bool>((int)pixelPoint.x, (int)pixelPoint.y) != 255[m[K)
[5.587s]       |         [01;35m[K~~~~~~~~~~~~~~~~~~~~~~~~~~~~~~~~~~~~~~~~~~~~~~~~~~~~~~~~~~^~~~~~[m[K
[15.187s] [ 66%] [32m[1mLinking CXX executable model[0m
[16.800s] [100%] Built target model
[16.810s] Invoked command in '/home/weiwei/Desktop/project/ObsAvoidance/build/model' returned '0': CMAKE_PREFIX_PATH=/home/weiwei/Desktop/project/ObsAvoidance/install/interface:/home/weiwei/Desktop/project/ObsAvoidance/install/orbslam:/home/weiwei/Desktop/project/ObsAvoidance/install/model:/home/weiwei/Desktop/project/ObsAvoidance/install/media:/opt/ros/foxy /usr/bin/cmake --build /home/weiwei/Desktop/project/ObsAvoidance/build/model -- -j16 -l16
[16.833s] Invoking command in '/home/weiwei/Desktop/project/ObsAvoidance/build/model': CMAKE_PREFIX_PATH=/home/weiwei/Desktop/project/ObsAvoidance/install/interface:/home/weiwei/Desktop/project/ObsAvoidance/install/orbslam:/home/weiwei/Desktop/project/ObsAvoidance/install/model:/home/weiwei/Desktop/project/ObsAvoidance/install/media:/opt/ros/foxy /usr/bin/cmake --install /home/weiwei/Desktop/project/ObsAvoidance/build/model
[16.839s] -- Install configuration: ""
[16.839s] -- Installing: /home/weiwei/Desktop/project/ObsAvoidance/install/model/lib/model/model
[16.846s] -- Set runtime path of "/home/weiwei/Desktop/project/ObsAvoidance/install/model/lib/model/model" to ""
[16.846s] -- Up-to-date: /home/weiwei/Desktop/project/ObsAvoidance/install/model/share/ament_index/resource_index/package_run_dependencies/model
[16.846s] -- Up-to-date: /home/weiwei/Desktop/project/ObsAvoidance/install/model/share/ament_index/resource_index/parent_prefix_path/model
[16.846s] -- Up-to-date: /home/weiwei/Desktop/project/ObsAvoidance/install/model/share/model/environment/ament_prefix_path.sh
[16.846s] -- Up-to-date: /home/weiwei/Desktop/project/ObsAvoidance/install/model/share/model/environment/ament_prefix_path.dsv
[16.846s] -- Up-to-date: /home/weiwei/Desktop/project/ObsAvoidance/install/model/share/model/environment/path.sh
[16.846s] -- Up-to-date: /home/weiwei/Desktop/project/ObsAvoidance/install/model/share/model/environment/path.dsv
[16.846s] -- Up-to-date: /home/weiwei/Desktop/project/ObsAvoidance/install/model/share/model/local_setup.bash
[16.846s] -- Up-to-date: /home/weiwei/Desktop/project/ObsAvoidance/install/model/share/model/local_setup.sh
[16.846s] -- Up-to-date: /home/weiwei/Desktop/project/ObsAvoidance/install/model/share/model/local_setup.zsh
[16.846s] -- Up-to-date: /home/weiwei/Desktop/project/ObsAvoidance/install/model/share/model/local_setup.dsv
[16.846s] -- Installing: /home/weiwei/Desktop/project/ObsAvoidance/install/model/share/model/package.dsv
[16.847s] -- Up-to-date: /home/weiwei/Desktop/project/ObsAvoidance/install/model/share/ament_index/resource_index/packages/model
[16.847s] -- Up-to-date: /home/weiwei/Desktop/project/ObsAvoidance/install/model/share/model/cmake/modelConfig.cmake
[16.847s] -- Up-to-date: /home/weiwei/Desktop/project/ObsAvoidance/install/model/share/model/cmake/modelConfig-version.cmake
[16.847s] -- Up-to-date: /home/weiwei/Desktop/project/ObsAvoidance/install/model/share/model/package.xml
[16.848s] Invoked command in '/home/weiwei/Desktop/project/ObsAvoidance/build/model' returned '0': CMAKE_PREFIX_PATH=/home/weiwei/Desktop/project/ObsAvoidance/install/interface:/home/weiwei/Desktop/project/ObsAvoidance/install/orbslam:/home/weiwei/Desktop/project/ObsAvoidance/install/model:/home/weiwei/Desktop/project/ObsAvoidance/install/media:/opt/ros/foxy /usr/bin/cmake --install /home/weiwei/Desktop/project/ObsAvoidance/build/model
