[0.090s] Invoking command in '/home/weiwei/Desktop/project/ObsAvoidance/build/path_planner': AMENT_PREFIX_PATH=/home/weiwei/Desktop/project/ObsAvoidance/install/interface:${AMENT_PREFIX_PATH} CMAKE_PREFIX_PATH=/home/weiwei/Desktop/project/ObsAvoidance/install/interface:/opt/ros/foxy LD_LIBRARY_PATH=/home/weiwei/Desktop/project/ObsAvoidance/install/interface/lib:${LD_LIBRARY_PATH} PYTHONPATH=/home/weiwei/Desktop/project/ObsAvoidance/install/interface/lib/python3.8/site-packages:${PYTHONPATH} /usr/bin/cmake --build /home/weiwei/Desktop/project/ObsAvoidance/build/path_planner -- -j16 -l16
[0.106s] -- Found ament_cmake: 0.9.12 (/opt/ros/foxy/share/ament_cmake/cmake)
[0.120s] -- Using PYTHON_EXECUTABLE: /usr/bin/python3
[0.239s] -- Found rclcpp: 2.4.3 (/opt/ros/foxy/share/rclcpp/cmake)
[0.262s] -- Using all available rosidl_typesupport_c: rosidl_typesupport_fastrtps_c;rosidl_typesupport_introspection_c
[0.264s] -- Found rosidl_adapter: 1.3.1 (/opt/ros/foxy/share/rosidl_adapter/cmake)
[0.349s] -- Using all available rosidl_typesupport_cpp: rosidl_typesupport_fastrtps_cpp;rosidl_typesupport_introspection_cpp
[0.382s] -- Found rmw_implementation_cmake: 1.0.4 (/opt/ros/foxy/share/rmw_implementation_cmake/cmake)
[0.383s] -- Using RMW implementation 'rmw_fastrtps_cpp' as default
[0.479s] -- Found interface: 0.0.0 (/home/weiwei/Desktop/project/ObsAvoidance/install/interface/share/interface/cmake)
[0.642s] -- Found cv_bridge: 3.0.7 (/opt/ros/foxy/share/cv_bridge/cmake)
[0.659s] -- Found pcl_conversions: 2.2.1 (/opt/ros/foxy/share/pcl_conversions/cmake)
[0.796s] -- Found octomap_msgs: 2.0.0 (/opt/ros/foxy/share/octomap_msgs/cmake)
[0.853s] -- Eigen found (include: /usr/include/eigen3, version: 3.3.7)
[0.916s] -- The imported target "vtkParseOGLExt" references the file
[0.916s]    "/usr/bin/vtkParseOGLExt-7.1"
[0.916s] but this file does not exist.  Possible reasons include:
[0.916s] * The file was deleted, renamed, or moved to another location.
[0.916s] * An install or uninstall procedure did not complete successfully.
[0.916s] * The installation package was faulty and contained
[0.916s]    "/usr/lib/cmake/vtk-7.1/VTKTargets.cmake"
[0.916s] but not all the files it references.
[0.916s] 
[0.916s] -- The imported target "vtkRenderingPythonTkWidgets" references the file
[0.916s]    "/usr/lib/x86_64-linux-gnu/libvtkRenderingPythonTkWidgets.so"
[0.916s] but this file does not exist.  Possible reasons include:
[0.917s] * The file was deleted, renamed, or moved to another location.
[0.917s] * An install or uninstall procedure did not complete successfully.
[0.917s] * The installation package was faulty and contained
[0.917s]    "/usr/lib/cmake/vtk-7.1/VTKTargets.cmake"
[0.917s] but not all the files it references.
[0.917s] 
[0.917s] -- The imported target "vtk" references the file
[0.917s]    "/usr/bin/vtk"
[0.917s] but this file does not exist.  Possible reasons include:
[0.917s] * The file was deleted, renamed, or moved to another location.
[0.917s] * An install or uninstall procedure did not complete successfully.
[0.917s] * The installation package was faulty and contained
[0.917s]    "/usr/lib/cmake/vtk-7.1/VTKTargets.cmake"
[0.917s] but not all the files it references.
[0.917s] 
[0.918s] -- The imported target "pvtk" references the file
[0.918s]    "/usr/bin/pvtk"
[0.918s] but this file does not exist.  Possible reasons include:
[0.918s] * The file was deleted, renamed, or moved to another location.
[0.918s] * An install or uninstall procedure did not complete successfully.
[0.918s] * The installation package was faulty and contained
[0.918s]    "/usr/lib/cmake/vtk-7.1/VTKTargets.cmake"
[0.918s] but not all the files it references.
[0.918s] 
[0.932s] -- OpenNI found (include: /usr/include/ni, lib: /usr/lib/libOpenNI.so)
[0.936s] -- OpenNI2 found (include: /usr/include/openni2, lib: /usr/lib/libOpenNI2.so)
[0.936s] ** WARNING ** io features related to pcap will be disabled
[0.936s] ** WARNING ** io features related to png will be disabled
[0.945s] ** WARNING ** io features related to libusb-1.0 will be disabled
[0.950s] -- OpenNI found (include: /usr/include/ni, lib: /usr/lib/libOpenNI.so)
[0.954s] -- OpenNI2 found (include: /usr/include/openni2, lib: /usr/lib/libOpenNI2.so)
[0.964s] -- QHULL found (include: /usr/include, lib: optimized;/usr/lib/x86_64-linux-gnu/libqhull.so;debug;/usr/lib/x86_64-linux-gnu/libqhull.so)
[0.969s] -- OpenNI found (include: /usr/include/ni, lib: /usr/lib/libOpenNI.so)
[0.978s] -- looking for PCL_COMMON
[0.978s] -- looking for PCL_KDTREE
[0.978s] -- looking for PCL_OCTREE
[0.979s] -- looking for PCL_SEARCH
[0.979s] -- looking for PCL_SAMPLE_CONSENSUS
[0.979s] -- looking for PCL_FILTERS
[0.980s] -- looking for PCL_2D
[0.980s] -- looking for PCL_GEOMETRY
[0.980s] -- looking for PCL_IO
[0.981s] -- looking for PCL_FEATURES
[0.981s] -- looking for PCL_ML
[0.981s] -- looking for PCL_SEGMENTATION
[0.982s] -- looking for PCL_VISUALIZATION
[0.982s] -- looking for PCL_SURFACE
[0.983s] -- looking for PCL_REGISTRATION
[0.983s] -- looking for PCL_KEYPOINTS
[0.984s] -- looking for PCL_TRACKING
[0.984s] -- looking for PCL_RECOGNITION
[0.986s] -- looking for PCL_STEREO
[0.986s] -- looking for PCL_APPS
[0.986s] -- looking for PCL_IN_HAND_SCANNER
[0.986s] -- looking for PCL_POINT_CLOUD_EDITOR
[0.987s] -- looking for PCL_OUTOFCORE
[0.987s] -- looking for PCL_PEOPLE
[1.077s] -- Found AMD headers in: /usr/include/suitesparse
[1.078s] -- Found AMD library: /usr/lib/x86_64-linux-gnu/libamd.so
[1.078s] -- Found CAMD headers in: /usr/include/suitesparse
[1.078s] -- Found CAMD library: /usr/lib/x86_64-linux-gnu/libcamd.so
[1.078s] -- Found CCOLAMD headers in: /usr/include/suitesparse
[1.078s] -- Found CCOLAMD library: /usr/lib/x86_64-linux-gnu/libccolamd.so
[1.078s] -- Found CHOLMOD headers in: /usr/include/suitesparse
[1.078s] -- Found CHOLMOD library: /usr/lib/x86_64-linux-gnu/libcholmod.so
[1.078s] -- Found COLAMD headers in: /usr/include/suitesparse
[1.078s] -- Found COLAMD library: /usr/lib/x86_64-linux-gnu/libcolamd.so
[1.078s] -- Found SPQR headers in: /usr/include/suitesparse
[1.078s] -- Found SPQR library: /usr/lib/x86_64-linux-gnu/libspqr.so
[1.078s] -- Found Config headers in: /usr/include/suitesparse
[1.078s] -- Found Config library: /usr/lib/x86_64-linux-gnu/libsuitesparseconfig.so
[1.079s] -- Found Intel Thread Building Blocks (TBB) library (2020.1 / 11101) include location: . Assuming SuiteSparseQR was compiled with TBB.
[1.079s] -- Adding librt to SuiteSparse_config libraries (required on Linux & Unix [not OSX] if SuiteSparse is compiled with timing).
[1.083s] -- Could NOT find METIS (missing: METIS_INCLUDE_DIR METIS_LIBRARY) 
[1.086s] -- Found required Ceres dependency: Eigen version 3.3.9 in /usr/local/share/eigen3/cmake
[1.087s] -- Found required Ceres dependency: glog
[1.088s] -- Found required Ceres dependency: gflags
[1.089s] -- Found Ceres version: 2.2.0 installed in: /usr/local with components: [EigenSparse, SparseLinearAlgebraLibrary, LAPACK, SuiteSparse, SchurSpecializations]
[1.090s] -- Found ament_lint_auto: 0.9.8 (/opt/ros/foxy/share/ament_lint_auto/cmake)
[1.200s] -- Added test 'copyright' to check source files copyright and LICENSE
[1.201s] -- Added test 'cppcheck' to perform static code analysis on C / C++ code
[1.202s] -- Configured cppcheck include dirs: 
[1.202s] -- Configured cppcheck exclude dirs and/or files: 
[1.203s] -- Added test 'cpplint' to check C / C++ code against the Google style
[1.203s] -- Configured cpplint exclude dirs and/or files: 
[1.203s] -- Added test 'lint_cmake' to check CMake code style
[1.204s] -- Added test 'uncrustify' to check C / C++ code style
[1.204s] -- Configured uncrustify additional arguments: 
[1.204s] -- Added test 'xmllint' to check XML markup files
[1.208s] -- Configuring done
[1.249s] -- Generating done
[1.251s] -- Build files have been written to: /home/weiwei/Desktop/project/ObsAvoidance/build/path_planner
[1.311s] [100%] Built target path_planner
[1.319s] Invoked command in '/home/weiwei/Desktop/project/ObsAvoidance/build/path_planner' returned '0': AMENT_PREFIX_PATH=/home/weiwei/Desktop/project/ObsAvoidance/install/interface:${AMENT_PREFIX_PATH} CMAKE_PREFIX_PATH=/home/weiwei/Desktop/project/ObsAvoidance/install/interface:/opt/ros/foxy LD_LIBRARY_PATH=/home/weiwei/Desktop/project/ObsAvoidance/install/interface/lib:${LD_LIBRARY_PATH} PYTHONPATH=/home/weiwei/Desktop/project/ObsAvoidance/install/interface/lib/python3.8/site-packages:${PYTHONPATH} /usr/bin/cmake --build /home/weiwei/Desktop/project/ObsAvoidance/build/path_planner -- -j16 -l16
[1.339s] Invoking command in '/home/weiwei/Desktop/project/ObsAvoidance/build/path_planner': AMENT_PREFIX_PATH=/home/weiwei/Desktop/project/ObsAvoidance/install/interface:${AMENT_PREFIX_PATH} CMAKE_PREFIX_PATH=/home/weiwei/Desktop/project/ObsAvoidance/install/interface:/opt/ros/foxy LD_LIBRARY_PATH=/home/weiwei/Desktop/project/ObsAvoidance/install/interface/lib:${LD_LIBRARY_PATH} PYTHONPATH=/home/weiwei/Desktop/project/ObsAvoidance/install/interface/lib/python3.8/site-packages:${PYTHONPATH} /usr/bin/cmake --install /home/weiwei/Desktop/project/ObsAvoidance/build/path_planner
[1.345s] -- Install configuration: ""
[1.345s] -- Up-to-date: /home/weiwei/Desktop/project/ObsAvoidance/install/path_planner/lib/path_planner/path_planner
[1.345s] -- Up-to-date: /home/weiwei/Desktop/project/ObsAvoidance/install/path_planner/share/ament_index/resource_index/package_run_dependencies/path_planner
[1.345s] -- Up-to-date: /home/weiwei/Desktop/project/ObsAvoidance/install/path_planner/share/ament_index/resource_index/parent_prefix_path/path_planner
[1.345s] -- Up-to-date: /home/weiwei/Desktop/project/ObsAvoidance/install/path_planner/share/path_planner/environment/ament_prefix_path.sh
[1.345s] -- Installing: /home/weiwei/Desktop/project/ObsAvoidance/install/path_planner/share/path_planner/environment/ament_prefix_path.dsv
[1.345s] -- Up-to-date: /home/weiwei/Desktop/project/ObsAvoidance/install/path_planner/share/path_planner/environment/path.sh
[1.345s] -- Installing: /home/weiwei/Desktop/project/ObsAvoidance/install/path_planner/share/path_planner/environment/path.dsv
[1.345s] -- Up-to-date: /home/weiwei/Desktop/project/ObsAvoidance/install/path_planner/share/path_planner/local_setup.bash
[1.346s] -- Up-to-date: /home/weiwei/Desktop/project/ObsAvoidance/install/path_planner/share/path_planner/local_setup.sh
[1.346s] -- Up-to-date: /home/weiwei/Desktop/project/ObsAvoidance/install/path_planner/share/path_planner/local_setup.zsh
[1.346s] -- Installing: /home/weiwei/Desktop/project/ObsAvoidance/install/path_planner/share/path_planner/local_setup.dsv
[1.346s] -- Installing: /home/weiwei/Desktop/project/ObsAvoidance/install/path_planner/share/path_planner/package.dsv
[1.346s] -- Up-to-date: /home/weiwei/Desktop/project/ObsAvoidance/install/path_planner/share/ament_index/resource_index/packages/path_planner
[1.346s] -- Up-to-date: /home/weiwei/Desktop/project/ObsAvoidance/install/path_planner/share/path_planner/cmake/path_plannerConfig.cmake
[1.346s] -- Up-to-date: /home/weiwei/Desktop/project/ObsAvoidance/install/path_planner/share/path_planner/cmake/path_plannerConfig-version.cmake
[1.346s] -- Up-to-date: /home/weiwei/Desktop/project/ObsAvoidance/install/path_planner/share/path_planner/package.xml
[1.347s] Invoked command in '/home/weiwei/Desktop/project/ObsAvoidance/build/path_planner' returned '0': AMENT_PREFIX_PATH=/home/weiwei/Desktop/project/ObsAvoidance/install/interface:${AMENT_PREFIX_PATH} CMAKE_PREFIX_PATH=/home/weiwei/Desktop/project/ObsAvoidance/install/interface:/opt/ros/foxy LD_LIBRARY_PATH=/home/weiwei/Desktop/project/ObsAvoidance/install/interface/lib:${LD_LIBRARY_PATH} PYTHONPATH=/home/weiwei/Desktop/project/ObsAvoidance/install/interface/lib/python3.8/site-packages:${PYTHONPATH} /usr/bin/cmake --install /home/weiwei/Desktop/project/ObsAvoidance/build/path_planner
