[0.314s] Invoking command in '/home/weiwei/Desktop/project/ObsAvoidance/build/media': AMENT_PREFIX_PATH=/home/weiwei/Desktop/project/ObsAvoidance/install/interface:${AMENT_PREFIX_PATH} CMAKE_PREFIX_PATH=/home/weiwei/Desktop/project/ObsAvoidance/install/interface:/opt/ros/foxy LD_LIBRARY_PATH=/home/weiwei/Desktop/project/ObsAvoidance/install/interface/lib:${LD_LIBRARY_PATH} PYTHONPATH=/home/weiwei/Desktop/project/ObsAvoidance/install/interface/lib/python3.8/site-packages:${PYTHONPATH} /usr/bin/cmake --build /home/weiwei/Desktop/project/ObsAvoidance/build/media -- -j16 -l16
[0.379s] [100%] Built target media
[0.386s] Invoked command in '/home/weiwei/Desktop/project/ObsAvoidance/build/media' returned '0': AMENT_PREFIX_PATH=/home/weiwei/Desktop/project/ObsAvoidance/install/interface:${AMENT_PREFIX_PATH} CMAKE_PREFIX_PATH=/home/weiwei/Desktop/project/ObsAvoidance/install/interface:/opt/ros/foxy LD_LIBRARY_PATH=/home/weiwei/Desktop/project/ObsAvoidance/install/interface/lib:${LD_LIBRARY_PATH} PYTHONPATH=/home/weiwei/Desktop/project/ObsAvoidance/install/interface/lib/python3.8/site-packages:${PYTHONPATH} /usr/bin/cmake --build /home/weiwei/Desktop/project/ObsAvoidance/build/media -- -j16 -l16
[0.403s] Invoking command in '/home/weiwei/Desktop/project/ObsAvoidance/build/media': AMENT_PREFIX_PATH=/home/weiwei/Desktop/project/ObsAvoidance/install/interface:${AMENT_PREFIX_PATH} CMAKE_PREFIX_PATH=/home/weiwei/Desktop/project/ObsAvoidance/install/interface:/opt/ros/foxy LD_LIBRARY_PATH=/home/weiwei/Desktop/project/ObsAvoidance/install/interface/lib:${LD_LIBRARY_PATH} PYTHONPATH=/home/weiwei/Desktop/project/ObsAvoidance/install/interface/lib/python3.8/site-packages:${PYTHONPATH} /usr/bin/cmake --install /home/weiwei/Desktop/project/ObsAvoidance/build/media
[0.411s] -- Install configuration: ""
[0.411s] -- Installing: /home/weiwei/Desktop/project/ObsAvoidance/install/media/lib/media/media
[0.413s] -- Set runtime path of "/home/weiwei/Desktop/project/ObsAvoidance/install/media/lib/media/media" to ""
[0.413s] -- Installing: /home/weiwei/Desktop/project/ObsAvoidance/install/media/share/ament_index/resource_index/package_run_dependencies/media
[0.413s] -- Installing: /home/weiwei/Desktop/project/ObsAvoidance/install/media/share/ament_index/resource_index/parent_prefix_path/media
[0.414s] -- Installing: /home/weiwei/Desktop/project/ObsAvoidance/install/media/share/media/environment/ament_prefix_path.sh
[0.414s] -- Installing: /home/weiwei/Desktop/project/ObsAvoidance/install/media/share/media/environment/ament_prefix_path.dsv
[0.414s] -- Installing: /home/weiwei/Desktop/project/ObsAvoidance/install/media/share/media/environment/path.sh
[0.414s] -- Installing: /home/weiwei/Desktop/project/ObsAvoidance/install/media/share/media/environment/path.dsv
[0.415s] -- Installing: /home/weiwei/Desktop/project/ObsAvoidance/install/media/share/media/local_setup.bash
[0.416s] -- Installing: /home/weiwei/Desktop/project/ObsAvoidance/install/media/share/media/local_setup.sh
[0.417s] -- Installing: /home/weiwei/Desktop/project/ObsAvoidance/install/media/share/media/local_setup.zsh
[0.417s] -- Installing: /home/weiwei/Desktop/project/ObsAvoidance/install/media/share/media/local_setup.dsv
[0.418s] -- Installing: /home/weiwei/Desktop/project/ObsAvoidance/install/media/share/media/package.dsv
[0.418s] -- Installing: /home/weiwei/Desktop/project/ObsAvoidance/install/media/share/ament_index/resource_index/packages/media
[0.418s] -- Installing: /home/weiwei/Desktop/project/ObsAvoidance/install/media/share/media/cmake/mediaConfig.cmake
[0.418s] -- Installing: /home/weiwei/Desktop/project/ObsAvoidance/install/media/share/media/cmake/mediaConfig-version.cmake
[0.418s] -- Installing: /home/weiwei/Desktop/project/ObsAvoidance/install/media/share/media/package.xml
[0.492s] Invoked command in '/home/weiwei/Desktop/project/ObsAvoidance/build/media' returned '0': AMENT_PREFIX_PATH=/home/weiwei/Desktop/project/ObsAvoidance/install/interface:${AMENT_PREFIX_PATH} CMAKE_PREFIX_PATH=/home/weiwei/Desktop/project/ObsAvoidance/install/interface:/opt/ros/foxy LD_LIBRARY_PATH=/home/weiwei/Desktop/project/ObsAvoidance/install/interface/lib:${LD_LIBRARY_PATH} PYTHONPATH=/home/weiwei/Desktop/project/ObsAvoidance/install/interface/lib/python3.8/site-packages:${PYTHONPATH} /usr/bin/cmake --install /home/weiwei/Desktop/project/ObsAvoidance/build/media
